[2023-12-05T17:44:55.834+0000] {processor.py:157} INFO - Started process (PID=8821) to work on /usr/local/lib/python3.10/dist-packages/airflow/example_dags/example_task_group.py
[2023-12-05T17:44:55.842+0000] {processor.py:829} INFO - Processing file /usr/local/lib/python3.10/dist-packages/airflow/example_dags/example_task_group.py for tasks to queue
[2023-12-05T17:44:55.845+0000] {logging_mixin.py:154} INFO - [2023-12-05T17:44:55.842+0000] {dagbag.py:536} INFO - Filling up the DagBag from /usr/local/lib/python3.10/dist-packages/airflow/example_dags/example_task_group.py
[2023-12-05T17:44:55.886+0000] {processor.py:839} INFO - DAG(s) dict_keys(['example_task_group']) retrieved from /usr/local/lib/python3.10/dist-packages/airflow/example_dags/example_task_group.py
[2023-12-05T17:44:56.035+0000] {logging_mixin.py:154} INFO - [2023-12-05T17:44:56.034+0000] {manager.py:499} INFO - Created Permission View: %s
[2023-12-05T17:44:56.051+0000] {logging_mixin.py:154} INFO - [2023-12-05T17:44:56.051+0000] {manager.py:499} INFO - Created Permission View: %s
[2023-12-05T17:44:56.067+0000] {logging_mixin.py:154} INFO - [2023-12-05T17:44:56.067+0000] {manager.py:499} INFO - Created Permission View: %s
[2023-12-05T17:44:56.068+0000] {logging_mixin.py:154} INFO - [2023-12-05T17:44:56.068+0000] {dag.py:2941} INFO - Sync 1 DAGs
[2023-12-05T17:44:56.083+0000] {logging_mixin.py:154} INFO - [2023-12-05T17:44:56.083+0000] {dag.py:2963} INFO - Creating ORM DAG for example_task_group
[2023-12-05T17:44:56.097+0000] {logging_mixin.py:154} INFO - [2023-12-05T17:44:56.097+0000] {dag.py:3722} INFO - Setting next_dagrun for example_task_group to 2023-12-04T17:44:56.096950+00:00, run_after=2023-12-05T17:44:56.096950+00:00
[2023-12-05T17:44:56.133+0000] {processor.py:179} INFO - Processing /usr/local/lib/python3.10/dist-packages/airflow/example_dags/example_task_group.py took 0.302 seconds
[2023-12-05T17:46:09.879+0000] {processor.py:157} INFO - Started process (PID=9183) to work on /usr/local/lib/python3.10/dist-packages/airflow/example_dags/example_task_group.py
[2023-12-05T17:46:09.880+0000] {processor.py:829} INFO - Processing file /usr/local/lib/python3.10/dist-packages/airflow/example_dags/example_task_group.py for tasks to queue
[2023-12-05T17:46:09.881+0000] {logging_mixin.py:154} INFO - [2023-12-05T17:46:09.881+0000] {dagbag.py:536} INFO - Filling up the DagBag from /usr/local/lib/python3.10/dist-packages/airflow/example_dags/example_task_group.py
[2023-12-05T17:46:09.894+0000] {processor.py:839} INFO - DAG(s) dict_keys(['example_task_group']) retrieved from /usr/local/lib/python3.10/dist-packages/airflow/example_dags/example_task_group.py
[2023-12-05T17:46:09.905+0000] {logging_mixin.py:154} INFO - [2023-12-05T17:46:09.904+0000] {dag.py:2941} INFO - Sync 1 DAGs
[2023-12-05T17:46:09.930+0000] {logging_mixin.py:154} INFO - [2023-12-05T17:46:09.929+0000] {dag.py:3722} INFO - Setting next_dagrun for example_task_group to 2023-12-04T17:46:09.928967+00:00, run_after=2023-12-05T17:46:09.928967+00:00
[2023-12-05T17:46:09.962+0000] {processor.py:179} INFO - Processing /usr/local/lib/python3.10/dist-packages/airflow/example_dags/example_task_group.py took 0.088 seconds
[2023-12-05T17:46:59.290+0000] {processor.py:157} INFO - Started process (PID=9293) to work on /usr/local/lib/python3.10/dist-packages/airflow/example_dags/example_task_group.py
[2023-12-05T17:46:59.295+0000] {processor.py:829} INFO - Processing file /usr/local/lib/python3.10/dist-packages/airflow/example_dags/example_task_group.py for tasks to queue
[2023-12-05T17:46:59.296+0000] {logging_mixin.py:154} INFO - [2023-12-05T17:46:59.295+0000] {dagbag.py:536} INFO - Filling up the DagBag from /usr/local/lib/python3.10/dist-packages/airflow/example_dags/example_task_group.py
[2023-12-05T17:46:59.313+0000] {processor.py:839} INFO - DAG(s) dict_keys(['example_task_group']) retrieved from /usr/local/lib/python3.10/dist-packages/airflow/example_dags/example_task_group.py
[2023-12-05T17:46:59.341+0000] {logging_mixin.py:154} INFO - [2023-12-05T17:46:59.341+0000] {dag.py:2941} INFO - Sync 1 DAGs
[2023-12-05T17:46:59.365+0000] {logging_mixin.py:154} INFO - [2023-12-05T17:46:59.364+0000] {dag.py:3722} INFO - Setting next_dagrun for example_task_group to 2023-12-04T17:46:59.364707+00:00, run_after=2023-12-05T17:46:59.364707+00:00
[2023-12-05T17:46:59.389+0000] {processor.py:179} INFO - Processing /usr/local/lib/python3.10/dist-packages/airflow/example_dags/example_task_group.py took 0.106 seconds
[2023-12-05T17:47:36.806+0000] {processor.py:157} INFO - Started process (PID=9395) to work on /usr/local/lib/python3.10/dist-packages/airflow/example_dags/example_task_group.py
[2023-12-05T17:47:36.808+0000] {processor.py:829} INFO - Processing file /usr/local/lib/python3.10/dist-packages/airflow/example_dags/example_task_group.py for tasks to queue
[2023-12-05T17:47:36.809+0000] {logging_mixin.py:154} INFO - [2023-12-05T17:47:36.808+0000] {dagbag.py:536} INFO - Filling up the DagBag from /usr/local/lib/python3.10/dist-packages/airflow/example_dags/example_task_group.py
[2023-12-05T17:47:36.820+0000] {processor.py:839} INFO - DAG(s) dict_keys(['example_task_group']) retrieved from /usr/local/lib/python3.10/dist-packages/airflow/example_dags/example_task_group.py
[2023-12-05T17:47:36.856+0000] {logging_mixin.py:154} INFO - [2023-12-05T17:47:36.855+0000] {dag.py:2941} INFO - Sync 1 DAGs
[2023-12-05T17:47:36.881+0000] {logging_mixin.py:154} INFO - [2023-12-05T17:47:36.881+0000] {dag.py:3722} INFO - Setting next_dagrun for example_task_group to 2023-12-04T17:47:36.880882+00:00, run_after=2023-12-05T17:47:36.880882+00:00
[2023-12-05T17:47:36.909+0000] {processor.py:179} INFO - Processing /usr/local/lib/python3.10/dist-packages/airflow/example_dags/example_task_group.py took 0.106 seconds
[2023-12-05T17:48:12.961+0000] {processor.py:157} INFO - Started process (PID=9552) to work on /usr/local/lib/python3.10/dist-packages/airflow/example_dags/example_task_group.py
[2023-12-05T17:48:12.963+0000] {processor.py:829} INFO - Processing file /usr/local/lib/python3.10/dist-packages/airflow/example_dags/example_task_group.py for tasks to queue
[2023-12-05T17:48:12.966+0000] {logging_mixin.py:154} INFO - [2023-12-05T17:48:12.965+0000] {dagbag.py:536} INFO - Filling up the DagBag from /usr/local/lib/python3.10/dist-packages/airflow/example_dags/example_task_group.py
[2023-12-05T17:48:12.987+0000] {processor.py:839} INFO - DAG(s) dict_keys(['example_task_group']) retrieved from /usr/local/lib/python3.10/dist-packages/airflow/example_dags/example_task_group.py
[2023-12-05T17:48:13.005+0000] {logging_mixin.py:154} INFO - [2023-12-05T17:48:13.005+0000] {dag.py:2941} INFO - Sync 1 DAGs
[2023-12-05T17:48:13.037+0000] {logging_mixin.py:154} INFO - [2023-12-05T17:48:13.037+0000] {dag.py:3722} INFO - Setting next_dagrun for example_task_group to 2023-12-04T17:48:13.036870+00:00, run_after=2023-12-05T17:48:13.036870+00:00
[2023-12-05T17:48:13.064+0000] {processor.py:179} INFO - Processing /usr/local/lib/python3.10/dist-packages/airflow/example_dags/example_task_group.py took 0.114 seconds
[2023-12-05T17:48:49.718+0000] {processor.py:157} INFO - Started process (PID=9592) to work on /usr/local/lib/python3.10/dist-packages/airflow/example_dags/example_task_group.py
[2023-12-05T17:48:49.719+0000] {processor.py:829} INFO - Processing file /usr/local/lib/python3.10/dist-packages/airflow/example_dags/example_task_group.py for tasks to queue
[2023-12-05T17:48:49.720+0000] {logging_mixin.py:154} INFO - [2023-12-05T17:48:49.720+0000] {dagbag.py:536} INFO - Filling up the DagBag from /usr/local/lib/python3.10/dist-packages/airflow/example_dags/example_task_group.py
[2023-12-05T17:48:49.729+0000] {processor.py:839} INFO - DAG(s) dict_keys(['example_task_group']) retrieved from /usr/local/lib/python3.10/dist-packages/airflow/example_dags/example_task_group.py
[2023-12-05T17:48:49.749+0000] {logging_mixin.py:154} INFO - [2023-12-05T17:48:49.749+0000] {dag.py:2941} INFO - Sync 1 DAGs
[2023-12-05T17:48:49.775+0000] {logging_mixin.py:154} INFO - [2023-12-05T17:48:49.775+0000] {dag.py:3722} INFO - Setting next_dagrun for example_task_group to 2023-12-04T17:48:49.775144+00:00, run_after=2023-12-05T17:48:49.775144+00:00
[2023-12-05T17:48:49.806+0000] {processor.py:179} INFO - Processing /usr/local/lib/python3.10/dist-packages/airflow/example_dags/example_task_group.py took 0.092 seconds
[2023-12-05T17:49:26.026+0000] {processor.py:157} INFO - Started process (PID=9691) to work on /usr/local/lib/python3.10/dist-packages/airflow/example_dags/example_task_group.py
[2023-12-05T17:49:26.027+0000] {processor.py:829} INFO - Processing file /usr/local/lib/python3.10/dist-packages/airflow/example_dags/example_task_group.py for tasks to queue
[2023-12-05T17:49:26.028+0000] {logging_mixin.py:154} INFO - [2023-12-05T17:49:26.028+0000] {dagbag.py:536} INFO - Filling up the DagBag from /usr/local/lib/python3.10/dist-packages/airflow/example_dags/example_task_group.py
[2023-12-05T17:49:26.036+0000] {processor.py:839} INFO - DAG(s) dict_keys(['example_task_group']) retrieved from /usr/local/lib/python3.10/dist-packages/airflow/example_dags/example_task_group.py
[2023-12-05T17:49:26.054+0000] {logging_mixin.py:154} INFO - [2023-12-05T17:49:26.054+0000] {dag.py:2941} INFO - Sync 1 DAGs
[2023-12-05T17:49:26.076+0000] {logging_mixin.py:154} INFO - [2023-12-05T17:49:26.075+0000] {dag.py:3722} INFO - Setting next_dagrun for example_task_group to 2023-12-04T17:49:26.075708+00:00, run_after=2023-12-05T17:49:26.075708+00:00
[2023-12-05T17:49:26.099+0000] {processor.py:179} INFO - Processing /usr/local/lib/python3.10/dist-packages/airflow/example_dags/example_task_group.py took 0.077 seconds
[2023-12-05T17:50:01.722+0000] {processor.py:157} INFO - Started process (PID=9731) to work on /usr/local/lib/python3.10/dist-packages/airflow/example_dags/example_task_group.py
[2023-12-05T17:50:01.724+0000] {processor.py:829} INFO - Processing file /usr/local/lib/python3.10/dist-packages/airflow/example_dags/example_task_group.py for tasks to queue
[2023-12-05T17:50:01.728+0000] {logging_mixin.py:154} INFO - [2023-12-05T17:50:01.727+0000] {dagbag.py:536} INFO - Filling up the DagBag from /usr/local/lib/python3.10/dist-packages/airflow/example_dags/example_task_group.py
[2023-12-05T17:50:01.752+0000] {processor.py:839} INFO - DAG(s) dict_keys(['example_task_group']) retrieved from /usr/local/lib/python3.10/dist-packages/airflow/example_dags/example_task_group.py
[2023-12-05T17:50:01.774+0000] {logging_mixin.py:154} INFO - [2023-12-05T17:50:01.774+0000] {dag.py:2941} INFO - Sync 1 DAGs
[2023-12-05T17:50:01.801+0000] {logging_mixin.py:154} INFO - [2023-12-05T17:50:01.796+0000] {dag.py:3722} INFO - Setting next_dagrun for example_task_group to 2023-12-04T17:50:01.795952+00:00, run_after=2023-12-05T17:50:01.795952+00:00
[2023-12-05T17:50:01.835+0000] {processor.py:179} INFO - Processing /usr/local/lib/python3.10/dist-packages/airflow/example_dags/example_task_group.py took 0.121 seconds
[2023-12-05T17:50:37.110+0000] {processor.py:157} INFO - Started process (PID=9834) to work on /usr/local/lib/python3.10/dist-packages/airflow/example_dags/example_task_group.py
[2023-12-05T17:50:37.112+0000] {processor.py:829} INFO - Processing file /usr/local/lib/python3.10/dist-packages/airflow/example_dags/example_task_group.py for tasks to queue
[2023-12-05T17:50:37.113+0000] {logging_mixin.py:154} INFO - [2023-12-05T17:50:37.112+0000] {dagbag.py:536} INFO - Filling up the DagBag from /usr/local/lib/python3.10/dist-packages/airflow/example_dags/example_task_group.py
[2023-12-05T17:50:37.123+0000] {processor.py:839} INFO - DAG(s) dict_keys(['example_task_group']) retrieved from /usr/local/lib/python3.10/dist-packages/airflow/example_dags/example_task_group.py
[2023-12-05T17:50:37.145+0000] {logging_mixin.py:154} INFO - [2023-12-05T17:50:37.144+0000] {dag.py:2941} INFO - Sync 1 DAGs
[2023-12-05T17:50:37.166+0000] {logging_mixin.py:154} INFO - [2023-12-05T17:50:37.166+0000] {dag.py:3722} INFO - Setting next_dagrun for example_task_group to 2023-12-04T17:50:37.166519+00:00, run_after=2023-12-05T17:50:37.166519+00:00
[2023-12-05T17:50:37.194+0000] {processor.py:179} INFO - Processing /usr/local/lib/python3.10/dist-packages/airflow/example_dags/example_task_group.py took 0.088 seconds
[2023-12-05T17:51:24.949+0000] {processor.py:157} INFO - Started process (PID=10004) to work on /usr/local/lib/python3.10/dist-packages/airflow/example_dags/example_task_group.py
[2023-12-05T17:51:24.951+0000] {processor.py:829} INFO - Processing file /usr/local/lib/python3.10/dist-packages/airflow/example_dags/example_task_group.py for tasks to queue
[2023-12-05T17:51:24.953+0000] {logging_mixin.py:154} INFO - [2023-12-05T17:51:24.952+0000] {dagbag.py:536} INFO - Filling up the DagBag from /usr/local/lib/python3.10/dist-packages/airflow/example_dags/example_task_group.py
[2023-12-05T17:51:24.962+0000] {processor.py:839} INFO - DAG(s) dict_keys(['example_task_group']) retrieved from /usr/local/lib/python3.10/dist-packages/airflow/example_dags/example_task_group.py
[2023-12-05T17:51:24.981+0000] {logging_mixin.py:154} INFO - [2023-12-05T17:51:24.981+0000] {dag.py:2941} INFO - Sync 1 DAGs
[2023-12-05T17:51:25.006+0000] {logging_mixin.py:154} INFO - [2023-12-05T17:51:25.006+0000] {dag.py:3722} INFO - Setting next_dagrun for example_task_group to 2023-12-04T17:51:25.006428+00:00, run_after=2023-12-05T17:51:25.006428+00:00
[2023-12-05T17:51:25.033+0000] {processor.py:179} INFO - Processing /usr/local/lib/python3.10/dist-packages/airflow/example_dags/example_task_group.py took 0.088 seconds
[2023-12-05T17:52:01.352+0000] {processor.py:157} INFO - Started process (PID=10045) to work on /usr/local/lib/python3.10/dist-packages/airflow/example_dags/example_task_group.py
[2023-12-05T17:52:01.355+0000] {processor.py:829} INFO - Processing file /usr/local/lib/python3.10/dist-packages/airflow/example_dags/example_task_group.py for tasks to queue
[2023-12-05T17:52:01.357+0000] {logging_mixin.py:154} INFO - [2023-12-05T17:52:01.357+0000] {dagbag.py:536} INFO - Filling up the DagBag from /usr/local/lib/python3.10/dist-packages/airflow/example_dags/example_task_group.py
[2023-12-05T17:52:01.369+0000] {processor.py:839} INFO - DAG(s) dict_keys(['example_task_group']) retrieved from /usr/local/lib/python3.10/dist-packages/airflow/example_dags/example_task_group.py
[2023-12-05T17:52:01.402+0000] {logging_mixin.py:154} INFO - [2023-12-05T17:52:01.402+0000] {dag.py:2941} INFO - Sync 1 DAGs
[2023-12-05T17:52:01.434+0000] {logging_mixin.py:154} INFO - [2023-12-05T17:52:01.433+0000] {dag.py:3722} INFO - Setting next_dagrun for example_task_group to 2023-12-04T17:52:01.433339+00:00, run_after=2023-12-05T17:52:01.433339+00:00
[2023-12-05T17:52:01.494+0000] {processor.py:179} INFO - Processing /usr/local/lib/python3.10/dist-packages/airflow/example_dags/example_task_group.py took 0.147 seconds
[2023-12-05T17:52:33.363+0000] {processor.py:157} INFO - Started process (PID=10142) to work on /usr/local/lib/python3.10/dist-packages/airflow/example_dags/example_task_group.py
[2023-12-05T17:52:33.364+0000] {processor.py:829} INFO - Processing file /usr/local/lib/python3.10/dist-packages/airflow/example_dags/example_task_group.py for tasks to queue
[2023-12-05T17:52:33.365+0000] {logging_mixin.py:154} INFO - [2023-12-05T17:52:33.365+0000] {dagbag.py:536} INFO - Filling up the DagBag from /usr/local/lib/python3.10/dist-packages/airflow/example_dags/example_task_group.py
[2023-12-05T17:52:33.374+0000] {processor.py:839} INFO - DAG(s) dict_keys(['example_task_group']) retrieved from /usr/local/lib/python3.10/dist-packages/airflow/example_dags/example_task_group.py
[2023-12-05T17:52:33.393+0000] {logging_mixin.py:154} INFO - [2023-12-05T17:52:33.392+0000] {dag.py:2941} INFO - Sync 1 DAGs
[2023-12-05T17:52:33.422+0000] {logging_mixin.py:154} INFO - [2023-12-05T17:52:33.422+0000] {dag.py:3722} INFO - Setting next_dagrun for example_task_group to 2023-12-04T17:52:33.421646+00:00, run_after=2023-12-05T17:52:33.421646+00:00
[2023-12-05T17:52:33.455+0000] {processor.py:179} INFO - Processing /usr/local/lib/python3.10/dist-packages/airflow/example_dags/example_task_group.py took 0.095 seconds
[2023-12-05T17:53:08.932+0000] {processor.py:157} INFO - Started process (PID=10245) to work on /usr/local/lib/python3.10/dist-packages/airflow/example_dags/example_task_group.py
[2023-12-05T17:53:08.935+0000] {processor.py:829} INFO - Processing file /usr/local/lib/python3.10/dist-packages/airflow/example_dags/example_task_group.py for tasks to queue
[2023-12-05T17:53:08.936+0000] {logging_mixin.py:154} INFO - [2023-12-05T17:53:08.936+0000] {dagbag.py:536} INFO - Filling up the DagBag from /usr/local/lib/python3.10/dist-packages/airflow/example_dags/example_task_group.py
[2023-12-05T17:53:08.949+0000] {processor.py:839} INFO - DAG(s) dict_keys(['example_task_group']) retrieved from /usr/local/lib/python3.10/dist-packages/airflow/example_dags/example_task_group.py
[2023-12-05T17:53:08.999+0000] {logging_mixin.py:154} INFO - [2023-12-05T17:53:08.999+0000] {dag.py:2941} INFO - Sync 1 DAGs
[2023-12-05T17:53:09.046+0000] {logging_mixin.py:154} INFO - [2023-12-05T17:53:09.045+0000] {dag.py:3722} INFO - Setting next_dagrun for example_task_group to 2023-12-04T17:53:09.045236+00:00, run_after=2023-12-05T17:53:09.045236+00:00
[2023-12-05T17:53:09.086+0000] {processor.py:179} INFO - Processing /usr/local/lib/python3.10/dist-packages/airflow/example_dags/example_task_group.py took 0.162 seconds
[2023-12-05T17:53:42.330+0000] {processor.py:157} INFO - Started process (PID=10341) to work on /usr/local/lib/python3.10/dist-packages/airflow/example_dags/example_task_group.py
[2023-12-05T17:53:42.331+0000] {processor.py:829} INFO - Processing file /usr/local/lib/python3.10/dist-packages/airflow/example_dags/example_task_group.py for tasks to queue
[2023-12-05T17:53:42.332+0000] {logging_mixin.py:154} INFO - [2023-12-05T17:53:42.331+0000] {dagbag.py:536} INFO - Filling up the DagBag from /usr/local/lib/python3.10/dist-packages/airflow/example_dags/example_task_group.py
[2023-12-05T17:53:42.340+0000] {processor.py:839} INFO - DAG(s) dict_keys(['example_task_group']) retrieved from /usr/local/lib/python3.10/dist-packages/airflow/example_dags/example_task_group.py
[2023-12-05T17:53:42.360+0000] {logging_mixin.py:154} INFO - [2023-12-05T17:53:42.360+0000] {dag.py:2941} INFO - Sync 1 DAGs
[2023-12-05T17:53:42.383+0000] {logging_mixin.py:154} INFO - [2023-12-05T17:53:42.383+0000] {dag.py:3722} INFO - Setting next_dagrun for example_task_group to 2023-12-04T17:53:42.383275+00:00, run_after=2023-12-05T17:53:42.383275+00:00
[2023-12-05T17:53:42.408+0000] {processor.py:179} INFO - Processing /usr/local/lib/python3.10/dist-packages/airflow/example_dags/example_task_group.py took 0.088 seconds
[2023-12-05T17:54:15.378+0000] {processor.py:157} INFO - Started process (PID=10440) to work on /usr/local/lib/python3.10/dist-packages/airflow/example_dags/example_task_group.py
[2023-12-05T17:54:15.379+0000] {processor.py:829} INFO - Processing file /usr/local/lib/python3.10/dist-packages/airflow/example_dags/example_task_group.py for tasks to queue
[2023-12-05T17:54:15.380+0000] {logging_mixin.py:154} INFO - [2023-12-05T17:54:15.380+0000] {dagbag.py:536} INFO - Filling up the DagBag from /usr/local/lib/python3.10/dist-packages/airflow/example_dags/example_task_group.py
[2023-12-05T17:54:15.388+0000] {processor.py:839} INFO - DAG(s) dict_keys(['example_task_group']) retrieved from /usr/local/lib/python3.10/dist-packages/airflow/example_dags/example_task_group.py
[2023-12-05T17:54:15.407+0000] {logging_mixin.py:154} INFO - [2023-12-05T17:54:15.406+0000] {dag.py:2941} INFO - Sync 1 DAGs
[2023-12-05T17:54:15.427+0000] {logging_mixin.py:154} INFO - [2023-12-05T17:54:15.427+0000] {dag.py:3722} INFO - Setting next_dagrun for example_task_group to 2023-12-04T17:54:15.427477+00:00, run_after=2023-12-05T17:54:15.427477+00:00
[2023-12-05T17:54:15.451+0000] {processor.py:179} INFO - Processing /usr/local/lib/python3.10/dist-packages/airflow/example_dags/example_task_group.py took 0.076 seconds
[2023-12-05T17:54:51.469+0000] {processor.py:157} INFO - Started process (PID=10480) to work on /usr/local/lib/python3.10/dist-packages/airflow/example_dags/example_task_group.py
[2023-12-05T17:54:51.471+0000] {processor.py:829} INFO - Processing file /usr/local/lib/python3.10/dist-packages/airflow/example_dags/example_task_group.py for tasks to queue
[2023-12-05T17:54:51.472+0000] {logging_mixin.py:154} INFO - [2023-12-05T17:54:51.472+0000] {dagbag.py:536} INFO - Filling up the DagBag from /usr/local/lib/python3.10/dist-packages/airflow/example_dags/example_task_group.py
[2023-12-05T17:54:51.480+0000] {processor.py:839} INFO - DAG(s) dict_keys(['example_task_group']) retrieved from /usr/local/lib/python3.10/dist-packages/airflow/example_dags/example_task_group.py
[2023-12-05T17:54:51.498+0000] {logging_mixin.py:154} INFO - [2023-12-05T17:54:51.497+0000] {dag.py:2941} INFO - Sync 1 DAGs
[2023-12-05T17:54:51.525+0000] {logging_mixin.py:154} INFO - [2023-12-05T17:54:51.524+0000] {dag.py:3722} INFO - Setting next_dagrun for example_task_group to 2023-12-04T17:54:51.524630+00:00, run_after=2023-12-05T17:54:51.524630+00:00
[2023-12-05T17:54:51.554+0000] {processor.py:179} INFO - Processing /usr/local/lib/python3.10/dist-packages/airflow/example_dags/example_task_group.py took 0.092 seconds
[2023-12-05T17:55:26.963+0000] {processor.py:157} INFO - Started process (PID=10580) to work on /usr/local/lib/python3.10/dist-packages/airflow/example_dags/example_task_group.py
[2023-12-05T17:55:26.964+0000] {processor.py:829} INFO - Processing file /usr/local/lib/python3.10/dist-packages/airflow/example_dags/example_task_group.py for tasks to queue
[2023-12-05T17:55:26.965+0000] {logging_mixin.py:154} INFO - [2023-12-05T17:55:26.965+0000] {dagbag.py:536} INFO - Filling up the DagBag from /usr/local/lib/python3.10/dist-packages/airflow/example_dags/example_task_group.py
[2023-12-05T17:55:26.972+0000] {processor.py:839} INFO - DAG(s) dict_keys(['example_task_group']) retrieved from /usr/local/lib/python3.10/dist-packages/airflow/example_dags/example_task_group.py
[2023-12-05T17:55:26.988+0000] {logging_mixin.py:154} INFO - [2023-12-05T17:55:26.988+0000] {dag.py:2941} INFO - Sync 1 DAGs
[2023-12-05T17:55:27.010+0000] {logging_mixin.py:154} INFO - [2023-12-05T17:55:27.010+0000] {dag.py:3722} INFO - Setting next_dagrun for example_task_group to 2023-12-04T17:55:27.009848+00:00, run_after=2023-12-05T17:55:27.009848+00:00
[2023-12-05T17:55:27.040+0000] {processor.py:179} INFO - Processing /usr/local/lib/python3.10/dist-packages/airflow/example_dags/example_task_group.py took 0.080 seconds
[2023-12-05T17:56:01.930+0000] {processor.py:157} INFO - Started process (PID=10620) to work on /usr/local/lib/python3.10/dist-packages/airflow/example_dags/example_task_group.py
[2023-12-05T17:56:01.932+0000] {processor.py:829} INFO - Processing file /usr/local/lib/python3.10/dist-packages/airflow/example_dags/example_task_group.py for tasks to queue
[2023-12-05T17:56:01.933+0000] {logging_mixin.py:154} INFO - [2023-12-05T17:56:01.933+0000] {dagbag.py:536} INFO - Filling up the DagBag from /usr/local/lib/python3.10/dist-packages/airflow/example_dags/example_task_group.py
[2023-12-05T17:56:01.944+0000] {processor.py:839} INFO - DAG(s) dict_keys(['example_task_group']) retrieved from /usr/local/lib/python3.10/dist-packages/airflow/example_dags/example_task_group.py
[2023-12-05T17:56:01.986+0000] {logging_mixin.py:154} INFO - [2023-12-05T17:56:01.986+0000] {dag.py:2941} INFO - Sync 1 DAGs
[2023-12-05T17:56:02.030+0000] {logging_mixin.py:154} INFO - [2023-12-05T17:56:02.029+0000] {dag.py:3722} INFO - Setting next_dagrun for example_task_group to 2023-12-04T17:56:02.029630+00:00, run_after=2023-12-05T17:56:02.029630+00:00
[2023-12-05T17:56:02.076+0000] {processor.py:179} INFO - Processing /usr/local/lib/python3.10/dist-packages/airflow/example_dags/example_task_group.py took 0.150 seconds
[2023-12-05T17:56:50.986+0000] {processor.py:157} INFO - Started process (PID=10800) to work on /usr/local/lib/python3.10/dist-packages/airflow/example_dags/example_task_group.py
[2023-12-05T17:56:50.989+0000] {processor.py:829} INFO - Processing file /usr/local/lib/python3.10/dist-packages/airflow/example_dags/example_task_group.py for tasks to queue
[2023-12-05T17:56:50.990+0000] {logging_mixin.py:154} INFO - [2023-12-05T17:56:50.990+0000] {dagbag.py:536} INFO - Filling up the DagBag from /usr/local/lib/python3.10/dist-packages/airflow/example_dags/example_task_group.py
[2023-12-05T17:56:50.998+0000] {processor.py:839} INFO - DAG(s) dict_keys(['example_task_group']) retrieved from /usr/local/lib/python3.10/dist-packages/airflow/example_dags/example_task_group.py
[2023-12-05T17:56:51.018+0000] {logging_mixin.py:154} INFO - [2023-12-05T17:56:51.018+0000] {dag.py:2941} INFO - Sync 1 DAGs
[2023-12-05T17:56:51.039+0000] {logging_mixin.py:154} INFO - [2023-12-05T17:56:51.039+0000] {dag.py:3722} INFO - Setting next_dagrun for example_task_group to 2023-12-04T17:56:51.039434+00:00, run_after=2023-12-05T17:56:51.039434+00:00
[2023-12-05T17:56:51.066+0000] {processor.py:179} INFO - Processing /usr/local/lib/python3.10/dist-packages/airflow/example_dags/example_task_group.py took 0.085 seconds
[2023-12-05T17:57:28.534+0000] {processor.py:157} INFO - Started process (PID=10899) to work on /usr/local/lib/python3.10/dist-packages/airflow/example_dags/example_task_group.py
[2023-12-05T17:57:28.539+0000] {processor.py:829} INFO - Processing file /usr/local/lib/python3.10/dist-packages/airflow/example_dags/example_task_group.py for tasks to queue
[2023-12-05T17:57:28.541+0000] {logging_mixin.py:154} INFO - [2023-12-05T17:57:28.541+0000] {dagbag.py:536} INFO - Filling up the DagBag from /usr/local/lib/python3.10/dist-packages/airflow/example_dags/example_task_group.py
[2023-12-05T17:57:28.562+0000] {processor.py:839} INFO - DAG(s) dict_keys(['example_task_group']) retrieved from /usr/local/lib/python3.10/dist-packages/airflow/example_dags/example_task_group.py
[2023-12-05T17:57:28.614+0000] {logging_mixin.py:154} INFO - [2023-12-05T17:57:28.614+0000] {dag.py:2941} INFO - Sync 1 DAGs
[2023-12-05T17:57:28.645+0000] {logging_mixin.py:154} INFO - [2023-12-05T17:57:28.645+0000] {dag.py:3722} INFO - Setting next_dagrun for example_task_group to 2023-12-04T17:57:28.645259+00:00, run_after=2023-12-05T17:57:28.645259+00:00
[2023-12-05T17:57:28.683+0000] {processor.py:179} INFO - Processing /usr/local/lib/python3.10/dist-packages/airflow/example_dags/example_task_group.py took 0.154 seconds
[2023-12-05T17:58:06.747+0000] {processor.py:157} INFO - Started process (PID=11003) to work on /usr/local/lib/python3.10/dist-packages/airflow/example_dags/example_task_group.py
[2023-12-05T17:58:06.749+0000] {processor.py:829} INFO - Processing file /usr/local/lib/python3.10/dist-packages/airflow/example_dags/example_task_group.py for tasks to queue
[2023-12-05T17:58:06.750+0000] {logging_mixin.py:154} INFO - [2023-12-05T17:58:06.750+0000] {dagbag.py:536} INFO - Filling up the DagBag from /usr/local/lib/python3.10/dist-packages/airflow/example_dags/example_task_group.py
[2023-12-05T17:58:06.768+0000] {processor.py:839} INFO - DAG(s) dict_keys(['example_task_group']) retrieved from /usr/local/lib/python3.10/dist-packages/airflow/example_dags/example_task_group.py
[2023-12-05T17:58:06.796+0000] {logging_mixin.py:154} INFO - [2023-12-05T17:58:06.796+0000] {dag.py:2941} INFO - Sync 1 DAGs
[2023-12-05T17:58:06.827+0000] {logging_mixin.py:154} INFO - [2023-12-05T17:58:06.827+0000] {dag.py:3722} INFO - Setting next_dagrun for example_task_group to 2023-12-04T17:58:06.827217+00:00, run_after=2023-12-05T17:58:06.827217+00:00
[2023-12-05T17:58:06.857+0000] {processor.py:179} INFO - Processing /usr/local/lib/python3.10/dist-packages/airflow/example_dags/example_task_group.py took 0.114 seconds
[2023-12-05T17:58:43.066+0000] {processor.py:157} INFO - Started process (PID=11049) to work on /usr/local/lib/python3.10/dist-packages/airflow/example_dags/example_task_group.py
[2023-12-05T17:58:43.068+0000] {processor.py:829} INFO - Processing file /usr/local/lib/python3.10/dist-packages/airflow/example_dags/example_task_group.py for tasks to queue
[2023-12-05T17:58:43.069+0000] {logging_mixin.py:154} INFO - [2023-12-05T17:58:43.068+0000] {dagbag.py:536} INFO - Filling up the DagBag from /usr/local/lib/python3.10/dist-packages/airflow/example_dags/example_task_group.py
[2023-12-05T17:58:43.076+0000] {processor.py:839} INFO - DAG(s) dict_keys(['example_task_group']) retrieved from /usr/local/lib/python3.10/dist-packages/airflow/example_dags/example_task_group.py
[2023-12-05T17:58:43.094+0000] {logging_mixin.py:154} INFO - [2023-12-05T17:58:43.093+0000] {dag.py:2941} INFO - Sync 1 DAGs
[2023-12-05T17:58:43.112+0000] {logging_mixin.py:154} INFO - [2023-12-05T17:58:43.112+0000] {dag.py:3722} INFO - Setting next_dagrun for example_task_group to 2023-12-04T17:58:43.112229+00:00, run_after=2023-12-05T17:58:43.112229+00:00
[2023-12-05T17:58:43.139+0000] {processor.py:179} INFO - Processing /usr/local/lib/python3.10/dist-packages/airflow/example_dags/example_task_group.py took 0.076 seconds
[2023-12-05T17:59:15.059+0000] {processor.py:157} INFO - Started process (PID=11149) to work on /usr/local/lib/python3.10/dist-packages/airflow/example_dags/example_task_group.py
[2023-12-05T17:59:15.066+0000] {processor.py:829} INFO - Processing file /usr/local/lib/python3.10/dist-packages/airflow/example_dags/example_task_group.py for tasks to queue
[2023-12-05T17:59:15.069+0000] {logging_mixin.py:154} INFO - [2023-12-05T17:59:15.068+0000] {dagbag.py:536} INFO - Filling up the DagBag from /usr/local/lib/python3.10/dist-packages/airflow/example_dags/example_task_group.py
[2023-12-05T17:59:15.081+0000] {processor.py:839} INFO - DAG(s) dict_keys(['example_task_group']) retrieved from /usr/local/lib/python3.10/dist-packages/airflow/example_dags/example_task_group.py
[2023-12-05T17:59:15.105+0000] {logging_mixin.py:154} INFO - [2023-12-05T17:59:15.104+0000] {dag.py:2941} INFO - Sync 1 DAGs
[2023-12-05T17:59:15.133+0000] {logging_mixin.py:154} INFO - [2023-12-05T17:59:15.133+0000] {dag.py:3722} INFO - Setting next_dagrun for example_task_group to 2023-12-04T17:59:15.132872+00:00, run_after=2023-12-05T17:59:15.132872+00:00
[2023-12-05T17:59:15.165+0000] {processor.py:179} INFO - Processing /usr/local/lib/python3.10/dist-packages/airflow/example_dags/example_task_group.py took 0.114 seconds
[2023-12-05T17:59:50.704+0000] {processor.py:157} INFO - Started process (PID=11186) to work on /usr/local/lib/python3.10/dist-packages/airflow/example_dags/example_task_group.py
[2023-12-05T17:59:50.706+0000] {processor.py:829} INFO - Processing file /usr/local/lib/python3.10/dist-packages/airflow/example_dags/example_task_group.py for tasks to queue
[2023-12-05T17:59:50.707+0000] {logging_mixin.py:154} INFO - [2023-12-05T17:59:50.707+0000] {dagbag.py:536} INFO - Filling up the DagBag from /usr/local/lib/python3.10/dist-packages/airflow/example_dags/example_task_group.py
[2023-12-05T17:59:50.715+0000] {processor.py:839} INFO - DAG(s) dict_keys(['example_task_group']) retrieved from /usr/local/lib/python3.10/dist-packages/airflow/example_dags/example_task_group.py
[2023-12-05T17:59:50.733+0000] {logging_mixin.py:154} INFO - [2023-12-05T17:59:50.733+0000] {dag.py:2941} INFO - Sync 1 DAGs
[2023-12-05T17:59:50.754+0000] {logging_mixin.py:154} INFO - [2023-12-05T17:59:50.754+0000] {dag.py:3722} INFO - Setting next_dagrun for example_task_group to 2023-12-04T17:59:50.754404+00:00, run_after=2023-12-05T17:59:50.754404+00:00
[2023-12-05T17:59:50.778+0000] {processor.py:179} INFO - Processing /usr/local/lib/python3.10/dist-packages/airflow/example_dags/example_task_group.py took 0.077 seconds
[2023-12-05T18:00:25.989+0000] {processor.py:157} INFO - Started process (PID=11287) to work on /usr/local/lib/python3.10/dist-packages/airflow/example_dags/example_task_group.py
[2023-12-05T18:00:25.990+0000] {processor.py:829} INFO - Processing file /usr/local/lib/python3.10/dist-packages/airflow/example_dags/example_task_group.py for tasks to queue
[2023-12-05T18:00:25.991+0000] {logging_mixin.py:154} INFO - [2023-12-05T18:00:25.990+0000] {dagbag.py:536} INFO - Filling up the DagBag from /usr/local/lib/python3.10/dist-packages/airflow/example_dags/example_task_group.py
[2023-12-05T18:00:25.999+0000] {processor.py:839} INFO - DAG(s) dict_keys(['example_task_group']) retrieved from /usr/local/lib/python3.10/dist-packages/airflow/example_dags/example_task_group.py
[2023-12-05T18:00:26.018+0000] {logging_mixin.py:154} INFO - [2023-12-05T18:00:26.018+0000] {dag.py:2941} INFO - Sync 1 DAGs
[2023-12-05T18:00:26.041+0000] {logging_mixin.py:154} INFO - [2023-12-05T18:00:26.041+0000] {dag.py:3722} INFO - Setting next_dagrun for example_task_group to 2023-12-04T18:00:26.041138+00:00, run_after=2023-12-05T18:00:26.041138+00:00
[2023-12-05T18:00:26.064+0000] {processor.py:179} INFO - Processing /usr/local/lib/python3.10/dist-packages/airflow/example_dags/example_task_group.py took 0.080 seconds
[2023-12-05T18:00:59.712+0000] {processor.py:157} INFO - Started process (PID=11324) to work on /usr/local/lib/python3.10/dist-packages/airflow/example_dags/example_task_group.py
[2023-12-05T18:00:59.713+0000] {processor.py:829} INFO - Processing file /usr/local/lib/python3.10/dist-packages/airflow/example_dags/example_task_group.py for tasks to queue
[2023-12-05T18:00:59.714+0000] {logging_mixin.py:154} INFO - [2023-12-05T18:00:59.714+0000] {dagbag.py:536} INFO - Filling up the DagBag from /usr/local/lib/python3.10/dist-packages/airflow/example_dags/example_task_group.py
[2023-12-05T18:00:59.721+0000] {processor.py:839} INFO - DAG(s) dict_keys(['example_task_group']) retrieved from /usr/local/lib/python3.10/dist-packages/airflow/example_dags/example_task_group.py
[2023-12-05T18:00:59.737+0000] {logging_mixin.py:154} INFO - [2023-12-05T18:00:59.737+0000] {dag.py:2941} INFO - Sync 1 DAGs
[2023-12-05T18:00:59.756+0000] {logging_mixin.py:154} INFO - [2023-12-05T18:00:59.756+0000] {dag.py:3722} INFO - Setting next_dagrun for example_task_group to 2023-12-04T18:00:59.756030+00:00, run_after=2023-12-05T18:00:59.756030+00:00
[2023-12-05T18:00:59.778+0000] {processor.py:179} INFO - Processing /usr/local/lib/python3.10/dist-packages/airflow/example_dags/example_task_group.py took 0.069 seconds
[2023-12-05T18:01:45.885+0000] {processor.py:157} INFO - Started process (PID=11500) to work on /usr/local/lib/python3.10/dist-packages/airflow/example_dags/example_task_group.py
[2023-12-05T18:01:45.887+0000] {processor.py:829} INFO - Processing file /usr/local/lib/python3.10/dist-packages/airflow/example_dags/example_task_group.py for tasks to queue
[2023-12-05T18:01:45.888+0000] {logging_mixin.py:154} INFO - [2023-12-05T18:01:45.888+0000] {dagbag.py:536} INFO - Filling up the DagBag from /usr/local/lib/python3.10/dist-packages/airflow/example_dags/example_task_group.py
[2023-12-05T18:01:45.898+0000] {processor.py:839} INFO - DAG(s) dict_keys(['example_task_group']) retrieved from /usr/local/lib/python3.10/dist-packages/airflow/example_dags/example_task_group.py
[2023-12-05T18:01:45.922+0000] {logging_mixin.py:154} INFO - [2023-12-05T18:01:45.922+0000] {dag.py:2941} INFO - Sync 1 DAGs
[2023-12-05T18:01:45.944+0000] {logging_mixin.py:154} INFO - [2023-12-05T18:01:45.944+0000] {dag.py:3722} INFO - Setting next_dagrun for example_task_group to 2023-12-04T18:01:45.944015+00:00, run_after=2023-12-05T18:01:45.944015+00:00
[2023-12-05T18:01:45.966+0000] {processor.py:179} INFO - Processing /usr/local/lib/python3.10/dist-packages/airflow/example_dags/example_task_group.py took 0.085 seconds
[2023-12-05T18:02:18.518+0000] {processor.py:157} INFO - Started process (PID=11598) to work on /usr/local/lib/python3.10/dist-packages/airflow/example_dags/example_task_group.py
[2023-12-05T18:02:18.520+0000] {processor.py:829} INFO - Processing file /usr/local/lib/python3.10/dist-packages/airflow/example_dags/example_task_group.py for tasks to queue
[2023-12-05T18:02:18.522+0000] {logging_mixin.py:154} INFO - [2023-12-05T18:02:18.521+0000] {dagbag.py:536} INFO - Filling up the DagBag from /usr/local/lib/python3.10/dist-packages/airflow/example_dags/example_task_group.py
[2023-12-05T18:02:18.552+0000] {processor.py:839} INFO - DAG(s) dict_keys(['example_task_group']) retrieved from /usr/local/lib/python3.10/dist-packages/airflow/example_dags/example_task_group.py
[2023-12-05T18:02:18.583+0000] {logging_mixin.py:154} INFO - [2023-12-05T18:02:18.582+0000] {dag.py:2941} INFO - Sync 1 DAGs
[2023-12-05T18:02:18.610+0000] {logging_mixin.py:154} INFO - [2023-12-05T18:02:18.609+0000] {dag.py:3722} INFO - Setting next_dagrun for example_task_group to 2023-12-04T18:02:18.609636+00:00, run_after=2023-12-05T18:02:18.609636+00:00
[2023-12-05T18:02:18.635+0000] {processor.py:179} INFO - Processing /usr/local/lib/python3.10/dist-packages/airflow/example_dags/example_task_group.py took 0.125 seconds
[2023-12-05T18:02:54.064+0000] {processor.py:157} INFO - Started process (PID=11639) to work on /usr/local/lib/python3.10/dist-packages/airflow/example_dags/example_task_group.py
[2023-12-05T18:02:54.065+0000] {processor.py:829} INFO - Processing file /usr/local/lib/python3.10/dist-packages/airflow/example_dags/example_task_group.py for tasks to queue
[2023-12-05T18:02:54.066+0000] {logging_mixin.py:154} INFO - [2023-12-05T18:02:54.065+0000] {dagbag.py:536} INFO - Filling up the DagBag from /usr/local/lib/python3.10/dist-packages/airflow/example_dags/example_task_group.py
[2023-12-05T18:02:54.074+0000] {processor.py:839} INFO - DAG(s) dict_keys(['example_task_group']) retrieved from /usr/local/lib/python3.10/dist-packages/airflow/example_dags/example_task_group.py
[2023-12-05T18:02:54.093+0000] {logging_mixin.py:154} INFO - [2023-12-05T18:02:54.093+0000] {dag.py:2941} INFO - Sync 1 DAGs
[2023-12-05T18:02:54.114+0000] {logging_mixin.py:154} INFO - [2023-12-05T18:02:54.114+0000] {dag.py:3722} INFO - Setting next_dagrun for example_task_group to 2023-12-04T18:02:54.113810+00:00, run_after=2023-12-05T18:02:54.113810+00:00
[2023-12-05T18:02:54.138+0000] {processor.py:179} INFO - Processing /usr/local/lib/python3.10/dist-packages/airflow/example_dags/example_task_group.py took 0.077 seconds
[2023-12-05T18:03:28.310+0000] {processor.py:157} INFO - Started process (PID=11738) to work on /usr/local/lib/python3.10/dist-packages/airflow/example_dags/example_task_group.py
[2023-12-05T18:03:28.311+0000] {processor.py:829} INFO - Processing file /usr/local/lib/python3.10/dist-packages/airflow/example_dags/example_task_group.py for tasks to queue
[2023-12-05T18:03:28.312+0000] {logging_mixin.py:154} INFO - [2023-12-05T18:03:28.312+0000] {dagbag.py:536} INFO - Filling up the DagBag from /usr/local/lib/python3.10/dist-packages/airflow/example_dags/example_task_group.py
[2023-12-05T18:03:28.321+0000] {processor.py:839} INFO - DAG(s) dict_keys(['example_task_group']) retrieved from /usr/local/lib/python3.10/dist-packages/airflow/example_dags/example_task_group.py
[2023-12-05T18:03:28.342+0000] {logging_mixin.py:154} INFO - [2023-12-05T18:03:28.342+0000] {dag.py:2941} INFO - Sync 1 DAGs
[2023-12-05T18:03:28.363+0000] {logging_mixin.py:154} INFO - [2023-12-05T18:03:28.363+0000] {dag.py:3722} INFO - Setting next_dagrun for example_task_group to 2023-12-04T18:03:28.363286+00:00, run_after=2023-12-05T18:03:28.363286+00:00
[2023-12-05T18:03:28.389+0000] {processor.py:179} INFO - Processing /usr/local/lib/python3.10/dist-packages/airflow/example_dags/example_task_group.py took 0.084 seconds
[2023-12-05T18:04:01.784+0000] {processor.py:157} INFO - Started process (PID=11777) to work on /usr/local/lib/python3.10/dist-packages/airflow/example_dags/example_task_group.py
[2023-12-05T18:04:01.785+0000] {processor.py:829} INFO - Processing file /usr/local/lib/python3.10/dist-packages/airflow/example_dags/example_task_group.py for tasks to queue
[2023-12-05T18:04:01.786+0000] {logging_mixin.py:154} INFO - [2023-12-05T18:04:01.786+0000] {dagbag.py:536} INFO - Filling up the DagBag from /usr/local/lib/python3.10/dist-packages/airflow/example_dags/example_task_group.py
[2023-12-05T18:04:01.795+0000] {processor.py:839} INFO - DAG(s) dict_keys(['example_task_group']) retrieved from /usr/local/lib/python3.10/dist-packages/airflow/example_dags/example_task_group.py
[2023-12-05T18:04:01.814+0000] {logging_mixin.py:154} INFO - [2023-12-05T18:04:01.814+0000] {dag.py:2941} INFO - Sync 1 DAGs
[2023-12-05T18:04:01.836+0000] {logging_mixin.py:154} INFO - [2023-12-05T18:04:01.836+0000] {dag.py:3722} INFO - Setting next_dagrun for example_task_group to 2023-12-04T18:04:01.836092+00:00, run_after=2023-12-05T18:04:01.836092+00:00
[2023-12-05T18:04:01.860+0000] {processor.py:179} INFO - Processing /usr/local/lib/python3.10/dist-packages/airflow/example_dags/example_task_group.py took 0.080 seconds
[2023-12-05T18:04:51.121+0000] {processor.py:157} INFO - Started process (PID=12190) to work on /usr/local/lib/python3.10/dist-packages/airflow/example_dags/example_task_group.py
[2023-12-05T18:04:51.122+0000] {processor.py:829} INFO - Processing file /usr/local/lib/python3.10/dist-packages/airflow/example_dags/example_task_group.py for tasks to queue
[2023-12-05T18:04:51.124+0000] {logging_mixin.py:154} INFO - [2023-12-05T18:04:51.123+0000] {dagbag.py:536} INFO - Filling up the DagBag from /usr/local/lib/python3.10/dist-packages/airflow/example_dags/example_task_group.py
[2023-12-05T18:04:51.134+0000] {processor.py:839} INFO - DAG(s) dict_keys(['example_task_group']) retrieved from /usr/local/lib/python3.10/dist-packages/airflow/example_dags/example_task_group.py
[2023-12-05T18:04:51.158+0000] {logging_mixin.py:154} INFO - [2023-12-05T18:04:51.158+0000] {dag.py:2941} INFO - Sync 1 DAGs
[2023-12-05T18:04:51.185+0000] {logging_mixin.py:154} INFO - [2023-12-05T18:04:51.185+0000] {dag.py:3722} INFO - Setting next_dagrun for example_task_group to 2023-12-04T18:04:51.185036+00:00, run_after=2023-12-05T18:04:51.185036+00:00
[2023-12-05T18:04:51.212+0000] {processor.py:179} INFO - Processing /usr/local/lib/python3.10/dist-packages/airflow/example_dags/example_task_group.py took 0.096 seconds
[2023-12-05T18:05:26.690+0000] {processor.py:157} INFO - Started process (PID=12449) to work on /usr/local/lib/python3.10/dist-packages/airflow/example_dags/example_task_group.py
[2023-12-05T18:05:26.692+0000] {processor.py:829} INFO - Processing file /usr/local/lib/python3.10/dist-packages/airflow/example_dags/example_task_group.py for tasks to queue
[2023-12-05T18:05:26.693+0000] {logging_mixin.py:154} INFO - [2023-12-05T18:05:26.692+0000] {dagbag.py:536} INFO - Filling up the DagBag from /usr/local/lib/python3.10/dist-packages/airflow/example_dags/example_task_group.py
[2023-12-05T18:05:26.705+0000] {processor.py:839} INFO - DAG(s) dict_keys(['example_task_group']) retrieved from /usr/local/lib/python3.10/dist-packages/airflow/example_dags/example_task_group.py
[2023-12-05T18:05:26.727+0000] {logging_mixin.py:154} INFO - [2023-12-05T18:05:26.727+0000] {dag.py:2941} INFO - Sync 1 DAGs
[2023-12-05T18:05:26.746+0000] {logging_mixin.py:154} INFO - [2023-12-05T18:05:26.746+0000] {dag.py:3722} INFO - Setting next_dagrun for example_task_group to 2023-12-04T18:05:26.746310+00:00, run_after=2023-12-05T18:05:26.746310+00:00
[2023-12-05T18:05:26.768+0000] {processor.py:179} INFO - Processing /usr/local/lib/python3.10/dist-packages/airflow/example_dags/example_task_group.py took 0.083 seconds
[2023-12-05T18:06:00.574+0000] {processor.py:157} INFO - Started process (PID=12603) to work on /usr/local/lib/python3.10/dist-packages/airflow/example_dags/example_task_group.py
[2023-12-05T18:06:00.575+0000] {processor.py:829} INFO - Processing file /usr/local/lib/python3.10/dist-packages/airflow/example_dags/example_task_group.py for tasks to queue
[2023-12-05T18:06:00.576+0000] {logging_mixin.py:154} INFO - [2023-12-05T18:06:00.576+0000] {dagbag.py:536} INFO - Filling up the DagBag from /usr/local/lib/python3.10/dist-packages/airflow/example_dags/example_task_group.py
[2023-12-05T18:06:00.588+0000] {processor.py:839} INFO - DAG(s) dict_keys(['example_task_group']) retrieved from /usr/local/lib/python3.10/dist-packages/airflow/example_dags/example_task_group.py
[2023-12-05T18:06:00.611+0000] {logging_mixin.py:154} INFO - [2023-12-05T18:06:00.611+0000] {dag.py:2941} INFO - Sync 1 DAGs
[2023-12-05T18:06:00.643+0000] {logging_mixin.py:154} INFO - [2023-12-05T18:06:00.643+0000] {dag.py:3722} INFO - Setting next_dagrun for example_task_group to 2023-12-04T18:06:00.643357+00:00, run_after=2023-12-05T18:06:00.643357+00:00
[2023-12-05T18:06:00.676+0000] {processor.py:179} INFO - Processing /usr/local/lib/python3.10/dist-packages/airflow/example_dags/example_task_group.py took 0.106 seconds
[2023-12-05T18:06:34.520+0000] {processor.py:157} INFO - Started process (PID=12768) to work on /usr/local/lib/python3.10/dist-packages/airflow/example_dags/example_task_group.py
[2023-12-05T18:06:34.521+0000] {processor.py:829} INFO - Processing file /usr/local/lib/python3.10/dist-packages/airflow/example_dags/example_task_group.py for tasks to queue
[2023-12-05T18:06:34.522+0000] {logging_mixin.py:154} INFO - [2023-12-05T18:06:34.522+0000] {dagbag.py:536} INFO - Filling up the DagBag from /usr/local/lib/python3.10/dist-packages/airflow/example_dags/example_task_group.py
[2023-12-05T18:06:34.532+0000] {processor.py:839} INFO - DAG(s) dict_keys(['example_task_group']) retrieved from /usr/local/lib/python3.10/dist-packages/airflow/example_dags/example_task_group.py
[2023-12-05T18:06:34.551+0000] {logging_mixin.py:154} INFO - [2023-12-05T18:06:34.551+0000] {dag.py:2941} INFO - Sync 1 DAGs
[2023-12-05T18:06:34.582+0000] {logging_mixin.py:154} INFO - [2023-12-05T18:06:34.582+0000] {dag.py:3722} INFO - Setting next_dagrun for example_task_group to 2023-12-04T18:06:34.582328+00:00, run_after=2023-12-05T18:06:34.582328+00:00
[2023-12-05T18:06:34.608+0000] {processor.py:179} INFO - Processing /usr/local/lib/python3.10/dist-packages/airflow/example_dags/example_task_group.py took 0.091 seconds
[2023-12-05T18:07:10.889+0000] {processor.py:157} INFO - Started process (PID=13047) to work on /usr/local/lib/python3.10/dist-packages/airflow/example_dags/example_task_group.py
[2023-12-05T18:07:10.890+0000] {processor.py:829} INFO - Processing file /usr/local/lib/python3.10/dist-packages/airflow/example_dags/example_task_group.py for tasks to queue
[2023-12-05T18:07:10.891+0000] {logging_mixin.py:154} INFO - [2023-12-05T18:07:10.891+0000] {dagbag.py:536} INFO - Filling up the DagBag from /usr/local/lib/python3.10/dist-packages/airflow/example_dags/example_task_group.py
[2023-12-05T18:07:10.913+0000] {processor.py:839} INFO - DAG(s) dict_keys(['example_task_group']) retrieved from /usr/local/lib/python3.10/dist-packages/airflow/example_dags/example_task_group.py
[2023-12-05T18:07:10.963+0000] {logging_mixin.py:154} INFO - [2023-12-05T18:07:10.963+0000] {dag.py:2941} INFO - Sync 1 DAGs
[2023-12-05T18:07:10.983+0000] {logging_mixin.py:154} INFO - [2023-12-05T18:07:10.982+0000] {dag.py:3722} INFO - Setting next_dagrun for example_task_group to 2023-12-04T18:07:10.982711+00:00, run_after=2023-12-05T18:07:10.982711+00:00
[2023-12-05T18:07:11.005+0000] {processor.py:179} INFO - Processing /usr/local/lib/python3.10/dist-packages/airflow/example_dags/example_task_group.py took 0.119 seconds
[2023-12-05T18:07:47.636+0000] {processor.py:157} INFO - Started process (PID=13092) to work on /usr/local/lib/python3.10/dist-packages/airflow/example_dags/example_task_group.py
[2023-12-05T18:07:47.639+0000] {processor.py:829} INFO - Processing file /usr/local/lib/python3.10/dist-packages/airflow/example_dags/example_task_group.py for tasks to queue
[2023-12-05T18:07:47.640+0000] {logging_mixin.py:154} INFO - [2023-12-05T18:07:47.639+0000] {dagbag.py:536} INFO - Filling up the DagBag from /usr/local/lib/python3.10/dist-packages/airflow/example_dags/example_task_group.py
[2023-12-05T18:07:47.649+0000] {processor.py:839} INFO - DAG(s) dict_keys(['example_task_group']) retrieved from /usr/local/lib/python3.10/dist-packages/airflow/example_dags/example_task_group.py
[2023-12-05T18:07:47.676+0000] {logging_mixin.py:154} INFO - [2023-12-05T18:07:47.673+0000] {dag.py:2941} INFO - Sync 1 DAGs
[2023-12-05T18:07:47.712+0000] {logging_mixin.py:154} INFO - [2023-12-05T18:07:47.712+0000] {dag.py:3722} INFO - Setting next_dagrun for example_task_group to 2023-12-04T18:07:47.711785+00:00, run_after=2023-12-05T18:07:47.711785+00:00
[2023-12-05T18:07:47.743+0000] {processor.py:179} INFO - Processing /usr/local/lib/python3.10/dist-packages/airflow/example_dags/example_task_group.py took 0.110 seconds
[2023-12-05T18:08:31.166+0000] {processor.py:157} INFO - Started process (PID=13202) to work on /usr/local/lib/python3.10/dist-packages/airflow/example_dags/example_task_group.py
[2023-12-05T18:08:31.168+0000] {processor.py:829} INFO - Processing file /usr/local/lib/python3.10/dist-packages/airflow/example_dags/example_task_group.py for tasks to queue
[2023-12-05T18:08:31.169+0000] {logging_mixin.py:154} INFO - [2023-12-05T18:08:31.169+0000] {dagbag.py:536} INFO - Filling up the DagBag from /usr/local/lib/python3.10/dist-packages/airflow/example_dags/example_task_group.py
[2023-12-05T18:08:31.178+0000] {processor.py:839} INFO - DAG(s) dict_keys(['example_task_group']) retrieved from /usr/local/lib/python3.10/dist-packages/airflow/example_dags/example_task_group.py
[2023-12-05T18:08:31.197+0000] {logging_mixin.py:154} INFO - [2023-12-05T18:08:31.196+0000] {dag.py:2941} INFO - Sync 1 DAGs
[2023-12-05T18:08:31.221+0000] {logging_mixin.py:154} INFO - [2023-12-05T18:08:31.221+0000] {dag.py:3722} INFO - Setting next_dagrun for example_task_group to 2023-12-04T18:08:31.221138+00:00, run_after=2023-12-05T18:08:31.221138+00:00
[2023-12-05T18:08:31.245+0000] {processor.py:179} INFO - Processing /usr/local/lib/python3.10/dist-packages/airflow/example_dags/example_task_group.py took 0.083 seconds
[2023-12-05T18:09:04.785+0000] {processor.py:157} INFO - Started process (PID=13547) to work on /usr/local/lib/python3.10/dist-packages/airflow/example_dags/example_task_group.py
[2023-12-05T18:09:04.786+0000] {processor.py:829} INFO - Processing file /usr/local/lib/python3.10/dist-packages/airflow/example_dags/example_task_group.py for tasks to queue
[2023-12-05T18:09:04.786+0000] {logging_mixin.py:154} INFO - [2023-12-05T18:09:04.786+0000] {dagbag.py:536} INFO - Filling up the DagBag from /usr/local/lib/python3.10/dist-packages/airflow/example_dags/example_task_group.py
[2023-12-05T18:09:04.800+0000] {processor.py:839} INFO - DAG(s) dict_keys(['example_task_group']) retrieved from /usr/local/lib/python3.10/dist-packages/airflow/example_dags/example_task_group.py
[2023-12-05T18:09:04.835+0000] {logging_mixin.py:154} INFO - [2023-12-05T18:09:04.835+0000] {dag.py:2941} INFO - Sync 1 DAGs
[2023-12-05T18:09:04.858+0000] {logging_mixin.py:154} INFO - [2023-12-05T18:09:04.858+0000] {dag.py:3722} INFO - Setting next_dagrun for example_task_group to 2023-12-04T18:09:04.858195+00:00, run_after=2023-12-05T18:09:04.858195+00:00
[2023-12-05T18:09:04.889+0000] {processor.py:179} INFO - Processing /usr/local/lib/python3.10/dist-packages/airflow/example_dags/example_task_group.py took 0.109 seconds
[2023-12-05T18:09:38.914+0000] {processor.py:157} INFO - Started process (PID=13645) to work on /usr/local/lib/python3.10/dist-packages/airflow/example_dags/example_task_group.py
[2023-12-05T18:09:38.916+0000] {processor.py:829} INFO - Processing file /usr/local/lib/python3.10/dist-packages/airflow/example_dags/example_task_group.py for tasks to queue
[2023-12-05T18:09:38.917+0000] {logging_mixin.py:154} INFO - [2023-12-05T18:09:38.917+0000] {dagbag.py:536} INFO - Filling up the DagBag from /usr/local/lib/python3.10/dist-packages/airflow/example_dags/example_task_group.py
[2023-12-05T18:09:38.929+0000] {processor.py:839} INFO - DAG(s) dict_keys(['example_task_group']) retrieved from /usr/local/lib/python3.10/dist-packages/airflow/example_dags/example_task_group.py
[2023-12-05T18:09:38.948+0000] {logging_mixin.py:154} INFO - [2023-12-05T18:09:38.948+0000] {dag.py:2941} INFO - Sync 1 DAGs
[2023-12-05T18:09:38.981+0000] {logging_mixin.py:154} INFO - [2023-12-05T18:09:38.981+0000] {dag.py:3722} INFO - Setting next_dagrun for example_task_group to 2023-12-04T18:09:38.981314+00:00, run_after=2023-12-05T18:09:38.981314+00:00
[2023-12-05T18:09:39.019+0000] {processor.py:179} INFO - Processing /usr/local/lib/python3.10/dist-packages/airflow/example_dags/example_task_group.py took 0.110 seconds
[2023-12-05T18:10:27.922+0000] {processor.py:157} INFO - Started process (PID=13762) to work on /usr/local/lib/python3.10/dist-packages/airflow/example_dags/example_task_group.py
[2023-12-05T18:10:27.924+0000] {processor.py:829} INFO - Processing file /usr/local/lib/python3.10/dist-packages/airflow/example_dags/example_task_group.py for tasks to queue
[2023-12-05T18:10:27.925+0000] {logging_mixin.py:154} INFO - [2023-12-05T18:10:27.924+0000] {dagbag.py:536} INFO - Filling up the DagBag from /usr/local/lib/python3.10/dist-packages/airflow/example_dags/example_task_group.py
[2023-12-05T18:10:27.936+0000] {processor.py:839} INFO - DAG(s) dict_keys(['example_task_group']) retrieved from /usr/local/lib/python3.10/dist-packages/airflow/example_dags/example_task_group.py
[2023-12-05T18:10:27.959+0000] {logging_mixin.py:154} INFO - [2023-12-05T18:10:27.958+0000] {dag.py:2941} INFO - Sync 1 DAGs
[2023-12-05T18:10:27.986+0000] {logging_mixin.py:154} INFO - [2023-12-05T18:10:27.986+0000] {dag.py:3722} INFO - Setting next_dagrun for example_task_group to 2023-12-04T18:10:27.985766+00:00, run_after=2023-12-05T18:10:27.985766+00:00
[2023-12-05T18:10:28.033+0000] {processor.py:179} INFO - Processing /usr/local/lib/python3.10/dist-packages/airflow/example_dags/example_task_group.py took 0.115 seconds
