[2023-12-05T17:46:39.680+0000] {processor.py:157} INFO - Started process (PID=9273) to work on /usr/local/lib/python3.10/dist-packages/airflow/example_dags/example_dynamic_task_mapping.py
[2023-12-05T17:46:39.685+0000] {processor.py:829} INFO - Processing file /usr/local/lib/python3.10/dist-packages/airflow/example_dags/example_dynamic_task_mapping.py for tasks to queue
[2023-12-05T17:46:39.688+0000] {logging_mixin.py:154} INFO - [2023-12-05T17:46:39.687+0000] {dagbag.py:536} INFO - Filling up the DagBag from /usr/local/lib/python3.10/dist-packages/airflow/example_dags/example_dynamic_task_mapping.py
[2023-12-05T17:46:39.708+0000] {processor.py:839} INFO - DAG(s) dict_keys(['example_dynamic_task_mapping']) retrieved from /usr/local/lib/python3.10/dist-packages/airflow/example_dags/example_dynamic_task_mapping.py
[2023-12-05T17:46:39.730+0000] {logging_mixin.py:154} INFO - [2023-12-05T17:46:39.729+0000] {dag.py:2941} INFO - Sync 1 DAGs
[2023-12-05T17:46:39.758+0000] {logging_mixin.py:154} INFO - [2023-12-05T17:46:39.757+0000] {dag.py:3722} INFO - Setting next_dagrun for example_dynamic_task_mapping to 2022-03-04T00:00:00+00:00, run_after=2022-03-05T00:00:00+00:00
[2023-12-05T17:46:39.801+0000] {processor.py:179} INFO - Processing /usr/local/lib/python3.10/dist-packages/airflow/example_dags/example_dynamic_task_mapping.py took 0.133 seconds
[2023-12-05T17:47:28.784+0000] {processor.py:157} INFO - Started process (PID=9385) to work on /usr/local/lib/python3.10/dist-packages/airflow/example_dags/example_dynamic_task_mapping.py
[2023-12-05T17:47:28.785+0000] {processor.py:829} INFO - Processing file /usr/local/lib/python3.10/dist-packages/airflow/example_dags/example_dynamic_task_mapping.py for tasks to queue
[2023-12-05T17:47:28.786+0000] {logging_mixin.py:154} INFO - [2023-12-05T17:47:28.786+0000] {dagbag.py:536} INFO - Filling up the DagBag from /usr/local/lib/python3.10/dist-packages/airflow/example_dags/example_dynamic_task_mapping.py
[2023-12-05T17:47:28.794+0000] {processor.py:839} INFO - DAG(s) dict_keys(['example_dynamic_task_mapping']) retrieved from /usr/local/lib/python3.10/dist-packages/airflow/example_dags/example_dynamic_task_mapping.py
[2023-12-05T17:47:28.812+0000] {logging_mixin.py:154} INFO - [2023-12-05T17:47:28.812+0000] {dag.py:2941} INFO - Sync 1 DAGs
[2023-12-05T17:47:28.833+0000] {logging_mixin.py:154} INFO - [2023-12-05T17:47:28.833+0000] {dag.py:3722} INFO - Setting next_dagrun for example_dynamic_task_mapping to 2022-03-04T00:00:00+00:00, run_after=2022-03-05T00:00:00+00:00
[2023-12-05T17:47:28.859+0000] {processor.py:179} INFO - Processing /usr/local/lib/python3.10/dist-packages/airflow/example_dags/example_dynamic_task_mapping.py took 0.078 seconds
[2023-12-05T17:48:22.976+0000] {processor.py:157} INFO - Started process (PID=9564) to work on /usr/local/lib/python3.10/dist-packages/airflow/example_dags/example_dynamic_task_mapping.py
[2023-12-05T17:48:22.977+0000] {processor.py:829} INFO - Processing file /usr/local/lib/python3.10/dist-packages/airflow/example_dags/example_dynamic_task_mapping.py for tasks to queue
[2023-12-05T17:48:22.979+0000] {logging_mixin.py:154} INFO - [2023-12-05T17:48:22.978+0000] {dagbag.py:536} INFO - Filling up the DagBag from /usr/local/lib/python3.10/dist-packages/airflow/example_dags/example_dynamic_task_mapping.py
[2023-12-05T17:48:22.988+0000] {processor.py:839} INFO - DAG(s) dict_keys(['example_dynamic_task_mapping']) retrieved from /usr/local/lib/python3.10/dist-packages/airflow/example_dags/example_dynamic_task_mapping.py
[2023-12-05T17:48:23.010+0000] {logging_mixin.py:154} INFO - [2023-12-05T17:48:23.010+0000] {dag.py:2941} INFO - Sync 1 DAGs
[2023-12-05T17:48:23.034+0000] {logging_mixin.py:154} INFO - [2023-12-05T17:48:23.033+0000] {dag.py:3722} INFO - Setting next_dagrun for example_dynamic_task_mapping to 2022-03-04T00:00:00+00:00, run_after=2022-03-05T00:00:00+00:00
[2023-12-05T17:48:23.057+0000] {processor.py:179} INFO - Processing /usr/local/lib/python3.10/dist-packages/airflow/example_dags/example_dynamic_task_mapping.py took 0.087 seconds
[2023-12-05T17:49:17.654+0000] {processor.py:157} INFO - Started process (PID=9683) to work on /usr/local/lib/python3.10/dist-packages/airflow/example_dags/example_dynamic_task_mapping.py
[2023-12-05T17:49:17.656+0000] {processor.py:829} INFO - Processing file /usr/local/lib/python3.10/dist-packages/airflow/example_dags/example_dynamic_task_mapping.py for tasks to queue
[2023-12-05T17:49:17.657+0000] {logging_mixin.py:154} INFO - [2023-12-05T17:49:17.657+0000] {dagbag.py:536} INFO - Filling up the DagBag from /usr/local/lib/python3.10/dist-packages/airflow/example_dags/example_dynamic_task_mapping.py
[2023-12-05T17:49:17.665+0000] {processor.py:839} INFO - DAG(s) dict_keys(['example_dynamic_task_mapping']) retrieved from /usr/local/lib/python3.10/dist-packages/airflow/example_dags/example_dynamic_task_mapping.py
[2023-12-05T17:49:17.680+0000] {logging_mixin.py:154} INFO - [2023-12-05T17:49:17.680+0000] {dag.py:2941} INFO - Sync 1 DAGs
[2023-12-05T17:49:17.700+0000] {logging_mixin.py:154} INFO - [2023-12-05T17:49:17.700+0000] {dag.py:3722} INFO - Setting next_dagrun for example_dynamic_task_mapping to 2022-03-04T00:00:00+00:00, run_after=2022-03-05T00:00:00+00:00
[2023-12-05T17:49:17.725+0000] {processor.py:179} INFO - Processing /usr/local/lib/python3.10/dist-packages/airflow/example_dags/example_dynamic_task_mapping.py took 0.079 seconds
[2023-12-05T17:50:10.700+0000] {processor.py:157} INFO - Started process (PID=9804) to work on /usr/local/lib/python3.10/dist-packages/airflow/example_dags/example_dynamic_task_mapping.py
[2023-12-05T17:50:10.702+0000] {processor.py:829} INFO - Processing file /usr/local/lib/python3.10/dist-packages/airflow/example_dags/example_dynamic_task_mapping.py for tasks to queue
[2023-12-05T17:50:10.702+0000] {logging_mixin.py:154} INFO - [2023-12-05T17:50:10.702+0000] {dagbag.py:536} INFO - Filling up the DagBag from /usr/local/lib/python3.10/dist-packages/airflow/example_dags/example_dynamic_task_mapping.py
[2023-12-05T17:50:10.710+0000] {processor.py:839} INFO - DAG(s) dict_keys(['example_dynamic_task_mapping']) retrieved from /usr/local/lib/python3.10/dist-packages/airflow/example_dags/example_dynamic_task_mapping.py
[2023-12-05T17:50:10.725+0000] {logging_mixin.py:154} INFO - [2023-12-05T17:50:10.725+0000] {dag.py:2941} INFO - Sync 1 DAGs
[2023-12-05T17:50:10.744+0000] {logging_mixin.py:154} INFO - [2023-12-05T17:50:10.744+0000] {dag.py:3722} INFO - Setting next_dagrun for example_dynamic_task_mapping to 2022-03-04T00:00:00+00:00, run_after=2022-03-05T00:00:00+00:00
[2023-12-05T17:50:10.765+0000] {processor.py:179} INFO - Processing /usr/local/lib/python3.10/dist-packages/airflow/example_dags/example_dynamic_task_mapping.py took 0.068 seconds
[2023-12-05T17:51:03.744+0000] {processor.py:157} INFO - Started process (PID=9861) to work on /usr/local/lib/python3.10/dist-packages/airflow/example_dags/example_dynamic_task_mapping.py
[2023-12-05T17:51:03.746+0000] {processor.py:829} INFO - Processing file /usr/local/lib/python3.10/dist-packages/airflow/example_dags/example_dynamic_task_mapping.py for tasks to queue
[2023-12-05T17:51:03.747+0000] {logging_mixin.py:154} INFO - [2023-12-05T17:51:03.746+0000] {dagbag.py:536} INFO - Filling up the DagBag from /usr/local/lib/python3.10/dist-packages/airflow/example_dags/example_dynamic_task_mapping.py
[2023-12-05T17:51:03.755+0000] {processor.py:839} INFO - DAG(s) dict_keys(['example_dynamic_task_mapping']) retrieved from /usr/local/lib/python3.10/dist-packages/airflow/example_dags/example_dynamic_task_mapping.py
[2023-12-05T17:51:03.772+0000] {logging_mixin.py:154} INFO - [2023-12-05T17:51:03.772+0000] {dag.py:2941} INFO - Sync 1 DAGs
[2023-12-05T17:51:03.793+0000] {logging_mixin.py:154} INFO - [2023-12-05T17:51:03.793+0000] {dag.py:3722} INFO - Setting next_dagrun for example_dynamic_task_mapping to 2022-03-04T00:00:00+00:00, run_after=2022-03-05T00:00:00+00:00
[2023-12-05T17:51:03.817+0000] {processor.py:179} INFO - Processing /usr/local/lib/python3.10/dist-packages/airflow/example_dags/example_dynamic_task_mapping.py took 0.076 seconds
[2023-12-05T17:51:56.901+0000] {processor.py:157} INFO - Started process (PID=10041) to work on /usr/local/lib/python3.10/dist-packages/airflow/example_dags/example_dynamic_task_mapping.py
[2023-12-05T17:51:56.902+0000] {processor.py:829} INFO - Processing file /usr/local/lib/python3.10/dist-packages/airflow/example_dags/example_dynamic_task_mapping.py for tasks to queue
[2023-12-05T17:51:56.903+0000] {logging_mixin.py:154} INFO - [2023-12-05T17:51:56.903+0000] {dagbag.py:536} INFO - Filling up the DagBag from /usr/local/lib/python3.10/dist-packages/airflow/example_dags/example_dynamic_task_mapping.py
[2023-12-05T17:51:56.914+0000] {processor.py:839} INFO - DAG(s) dict_keys(['example_dynamic_task_mapping']) retrieved from /usr/local/lib/python3.10/dist-packages/airflow/example_dags/example_dynamic_task_mapping.py
[2023-12-05T17:51:56.934+0000] {logging_mixin.py:154} INFO - [2023-12-05T17:51:56.934+0000] {dag.py:2941} INFO - Sync 1 DAGs
[2023-12-05T17:51:56.955+0000] {logging_mixin.py:154} INFO - [2023-12-05T17:51:56.955+0000] {dag.py:3722} INFO - Setting next_dagrun for example_dynamic_task_mapping to 2022-03-04T00:00:00+00:00, run_after=2022-03-05T00:00:00+00:00
[2023-12-05T17:51:56.978+0000] {processor.py:179} INFO - Processing /usr/local/lib/python3.10/dist-packages/airflow/example_dags/example_dynamic_task_mapping.py took 0.081 seconds
[2023-12-05T17:52:47.018+0000] {processor.py:157} INFO - Started process (PID=10157) to work on /usr/local/lib/python3.10/dist-packages/airflow/example_dags/example_dynamic_task_mapping.py
[2023-12-05T17:52:47.020+0000] {processor.py:829} INFO - Processing file /usr/local/lib/python3.10/dist-packages/airflow/example_dags/example_dynamic_task_mapping.py for tasks to queue
[2023-12-05T17:52:47.020+0000] {logging_mixin.py:154} INFO - [2023-12-05T17:52:47.020+0000] {dagbag.py:536} INFO - Filling up the DagBag from /usr/local/lib/python3.10/dist-packages/airflow/example_dags/example_dynamic_task_mapping.py
[2023-12-05T17:52:47.028+0000] {processor.py:839} INFO - DAG(s) dict_keys(['example_dynamic_task_mapping']) retrieved from /usr/local/lib/python3.10/dist-packages/airflow/example_dags/example_dynamic_task_mapping.py
[2023-12-05T17:52:47.043+0000] {logging_mixin.py:154} INFO - [2023-12-05T17:52:47.043+0000] {dag.py:2941} INFO - Sync 1 DAGs
[2023-12-05T17:52:47.062+0000] {logging_mixin.py:154} INFO - [2023-12-05T17:52:47.062+0000] {dag.py:3722} INFO - Setting next_dagrun for example_dynamic_task_mapping to 2022-03-04T00:00:00+00:00, run_after=2022-03-05T00:00:00+00:00
[2023-12-05T17:52:47.086+0000] {processor.py:179} INFO - Processing /usr/local/lib/python3.10/dist-packages/airflow/example_dags/example_dynamic_task_mapping.py took 0.071 seconds
[2023-12-05T17:53:39.119+0000] {processor.py:157} INFO - Started process (PID=10337) to work on /usr/local/lib/python3.10/dist-packages/airflow/example_dags/example_dynamic_task_mapping.py
[2023-12-05T17:53:39.120+0000] {processor.py:829} INFO - Processing file /usr/local/lib/python3.10/dist-packages/airflow/example_dags/example_dynamic_task_mapping.py for tasks to queue
[2023-12-05T17:53:39.121+0000] {logging_mixin.py:154} INFO - [2023-12-05T17:53:39.121+0000] {dagbag.py:536} INFO - Filling up the DagBag from /usr/local/lib/python3.10/dist-packages/airflow/example_dags/example_dynamic_task_mapping.py
[2023-12-05T17:53:39.129+0000] {processor.py:839} INFO - DAG(s) dict_keys(['example_dynamic_task_mapping']) retrieved from /usr/local/lib/python3.10/dist-packages/airflow/example_dags/example_dynamic_task_mapping.py
[2023-12-05T17:53:39.144+0000] {logging_mixin.py:154} INFO - [2023-12-05T17:53:39.144+0000] {dag.py:2941} INFO - Sync 1 DAGs
[2023-12-05T17:53:39.162+0000] {logging_mixin.py:154} INFO - [2023-12-05T17:53:39.162+0000] {dag.py:3722} INFO - Setting next_dagrun for example_dynamic_task_mapping to 2022-03-04T00:00:00+00:00, run_after=2022-03-05T00:00:00+00:00
[2023-12-05T17:53:39.183+0000] {processor.py:179} INFO - Processing /usr/local/lib/python3.10/dist-packages/airflow/example_dags/example_dynamic_task_mapping.py took 0.068 seconds
[2023-12-05T17:54:27.172+0000] {processor.py:157} INFO - Started process (PID=10456) to work on /usr/local/lib/python3.10/dist-packages/airflow/example_dags/example_dynamic_task_mapping.py
[2023-12-05T17:54:27.174+0000] {processor.py:829} INFO - Processing file /usr/local/lib/python3.10/dist-packages/airflow/example_dags/example_dynamic_task_mapping.py for tasks to queue
[2023-12-05T17:54:27.176+0000] {logging_mixin.py:154} INFO - [2023-12-05T17:54:27.175+0000] {dagbag.py:536} INFO - Filling up the DagBag from /usr/local/lib/python3.10/dist-packages/airflow/example_dags/example_dynamic_task_mapping.py
[2023-12-05T17:54:27.189+0000] {processor.py:839} INFO - DAG(s) dict_keys(['example_dynamic_task_mapping']) retrieved from /usr/local/lib/python3.10/dist-packages/airflow/example_dags/example_dynamic_task_mapping.py
[2023-12-05T17:54:27.212+0000] {logging_mixin.py:154} INFO - [2023-12-05T17:54:27.211+0000] {dag.py:2941} INFO - Sync 1 DAGs
[2023-12-05T17:54:27.240+0000] {logging_mixin.py:154} INFO - [2023-12-05T17:54:27.239+0000] {dag.py:3722} INFO - Setting next_dagrun for example_dynamic_task_mapping to 2022-03-04T00:00:00+00:00, run_after=2022-03-05T00:00:00+00:00
[2023-12-05T17:54:27.267+0000] {processor.py:179} INFO - Processing /usr/local/lib/python3.10/dist-packages/airflow/example_dags/example_dynamic_task_mapping.py took 0.100 seconds
[2023-12-05T17:55:21.208+0000] {processor.py:157} INFO - Started process (PID=10572) to work on /usr/local/lib/python3.10/dist-packages/airflow/example_dags/example_dynamic_task_mapping.py
[2023-12-05T17:55:21.209+0000] {processor.py:829} INFO - Processing file /usr/local/lib/python3.10/dist-packages/airflow/example_dags/example_dynamic_task_mapping.py for tasks to queue
[2023-12-05T17:55:21.211+0000] {logging_mixin.py:154} INFO - [2023-12-05T17:55:21.210+0000] {dagbag.py:536} INFO - Filling up the DagBag from /usr/local/lib/python3.10/dist-packages/airflow/example_dags/example_dynamic_task_mapping.py
[2023-12-05T17:55:21.220+0000] {processor.py:839} INFO - DAG(s) dict_keys(['example_dynamic_task_mapping']) retrieved from /usr/local/lib/python3.10/dist-packages/airflow/example_dags/example_dynamic_task_mapping.py
[2023-12-05T17:55:21.238+0000] {logging_mixin.py:154} INFO - [2023-12-05T17:55:21.238+0000] {dag.py:2941} INFO - Sync 1 DAGs
[2023-12-05T17:55:21.262+0000] {logging_mixin.py:154} INFO - [2023-12-05T17:55:21.262+0000] {dag.py:3722} INFO - Setting next_dagrun for example_dynamic_task_mapping to 2022-03-04T00:00:00+00:00, run_after=2022-03-05T00:00:00+00:00
[2023-12-05T17:55:21.290+0000] {processor.py:179} INFO - Processing /usr/local/lib/python3.10/dist-packages/airflow/example_dags/example_dynamic_task_mapping.py took 0.088 seconds
[2023-12-05T17:56:11.403+0000] {processor.py:157} INFO - Started process (PID=10754) to work on /usr/local/lib/python3.10/dist-packages/airflow/example_dags/example_dynamic_task_mapping.py
[2023-12-05T17:56:11.405+0000] {processor.py:829} INFO - Processing file /usr/local/lib/python3.10/dist-packages/airflow/example_dags/example_dynamic_task_mapping.py for tasks to queue
[2023-12-05T17:56:11.408+0000] {logging_mixin.py:154} INFO - [2023-12-05T17:56:11.407+0000] {dagbag.py:536} INFO - Filling up the DagBag from /usr/local/lib/python3.10/dist-packages/airflow/example_dags/example_dynamic_task_mapping.py
[2023-12-05T17:56:11.423+0000] {processor.py:839} INFO - DAG(s) dict_keys(['example_dynamic_task_mapping']) retrieved from /usr/local/lib/python3.10/dist-packages/airflow/example_dags/example_dynamic_task_mapping.py
[2023-12-05T17:56:11.445+0000] {logging_mixin.py:154} INFO - [2023-12-05T17:56:11.445+0000] {dag.py:2941} INFO - Sync 1 DAGs
[2023-12-05T17:56:11.470+0000] {logging_mixin.py:154} INFO - [2023-12-05T17:56:11.469+0000] {dag.py:3722} INFO - Setting next_dagrun for example_dynamic_task_mapping to 2022-03-04T00:00:00+00:00, run_after=2022-03-05T00:00:00+00:00
[2023-12-05T17:56:11.496+0000] {processor.py:179} INFO - Processing /usr/local/lib/python3.10/dist-packages/airflow/example_dags/example_dynamic_task_mapping.py took 0.098 seconds
[2023-12-05T17:57:04.347+0000] {processor.py:157} INFO - Started process (PID=10814) to work on /usr/local/lib/python3.10/dist-packages/airflow/example_dags/example_dynamic_task_mapping.py
[2023-12-05T17:57:04.349+0000] {processor.py:829} INFO - Processing file /usr/local/lib/python3.10/dist-packages/airflow/example_dags/example_dynamic_task_mapping.py for tasks to queue
[2023-12-05T17:57:04.350+0000] {logging_mixin.py:154} INFO - [2023-12-05T17:57:04.349+0000] {dagbag.py:536} INFO - Filling up the DagBag from /usr/local/lib/python3.10/dist-packages/airflow/example_dags/example_dynamic_task_mapping.py
[2023-12-05T17:57:04.359+0000] {processor.py:839} INFO - DAG(s) dict_keys(['example_dynamic_task_mapping']) retrieved from /usr/local/lib/python3.10/dist-packages/airflow/example_dags/example_dynamic_task_mapping.py
[2023-12-05T17:57:04.389+0000] {logging_mixin.py:154} INFO - [2023-12-05T17:57:04.388+0000] {dag.py:2941} INFO - Sync 1 DAGs
[2023-12-05T17:57:04.435+0000] {logging_mixin.py:154} INFO - [2023-12-05T17:57:04.435+0000] {dag.py:3722} INFO - Setting next_dagrun for example_dynamic_task_mapping to 2022-03-04T00:00:00+00:00, run_after=2022-03-05T00:00:00+00:00
[2023-12-05T17:57:04.470+0000] {processor.py:179} INFO - Processing /usr/local/lib/python3.10/dist-packages/airflow/example_dags/example_dynamic_task_mapping.py took 0.126 seconds
[2023-12-05T17:58:01.448+0000] {processor.py:157} INFO - Started process (PID=10938) to work on /usr/local/lib/python3.10/dist-packages/airflow/example_dags/example_dynamic_task_mapping.py
[2023-12-05T17:58:01.452+0000] {processor.py:829} INFO - Processing file /usr/local/lib/python3.10/dist-packages/airflow/example_dags/example_dynamic_task_mapping.py for tasks to queue
[2023-12-05T17:58:01.453+0000] {logging_mixin.py:154} INFO - [2023-12-05T17:58:01.453+0000] {dagbag.py:536} INFO - Filling up the DagBag from /usr/local/lib/python3.10/dist-packages/airflow/example_dags/example_dynamic_task_mapping.py
[2023-12-05T17:58:01.470+0000] {processor.py:839} INFO - DAG(s) dict_keys(['example_dynamic_task_mapping']) retrieved from /usr/local/lib/python3.10/dist-packages/airflow/example_dags/example_dynamic_task_mapping.py
[2023-12-05T17:58:01.512+0000] {logging_mixin.py:154} INFO - [2023-12-05T17:58:01.511+0000] {dag.py:2941} INFO - Sync 1 DAGs
[2023-12-05T17:58:01.540+0000] {logging_mixin.py:154} INFO - [2023-12-05T17:58:01.539+0000] {dag.py:3722} INFO - Setting next_dagrun for example_dynamic_task_mapping to 2022-03-04T00:00:00+00:00, run_after=2022-03-05T00:00:00+00:00
[2023-12-05T17:58:01.570+0000] {processor.py:179} INFO - Processing /usr/local/lib/python3.10/dist-packages/airflow/example_dags/example_dynamic_task_mapping.py took 0.128 seconds
[2023-12-05T17:58:53.610+0000] {processor.py:157} INFO - Started process (PID=11060) to work on /usr/local/lib/python3.10/dist-packages/airflow/example_dags/example_dynamic_task_mapping.py
[2023-12-05T17:58:53.612+0000] {processor.py:829} INFO - Processing file /usr/local/lib/python3.10/dist-packages/airflow/example_dags/example_dynamic_task_mapping.py for tasks to queue
[2023-12-05T17:58:53.613+0000] {logging_mixin.py:154} INFO - [2023-12-05T17:58:53.612+0000] {dagbag.py:536} INFO - Filling up the DagBag from /usr/local/lib/python3.10/dist-packages/airflow/example_dags/example_dynamic_task_mapping.py
[2023-12-05T17:58:53.622+0000] {processor.py:839} INFO - DAG(s) dict_keys(['example_dynamic_task_mapping']) retrieved from /usr/local/lib/python3.10/dist-packages/airflow/example_dags/example_dynamic_task_mapping.py
[2023-12-05T17:58:53.641+0000] {logging_mixin.py:154} INFO - [2023-12-05T17:58:53.640+0000] {dag.py:2941} INFO - Sync 1 DAGs
[2023-12-05T17:58:53.662+0000] {logging_mixin.py:154} INFO - [2023-12-05T17:58:53.662+0000] {dag.py:3722} INFO - Setting next_dagrun for example_dynamic_task_mapping to 2022-03-04T00:00:00+00:00, run_after=2022-03-05T00:00:00+00:00
[2023-12-05T17:58:53.696+0000] {processor.py:179} INFO - Processing /usr/local/lib/python3.10/dist-packages/airflow/example_dags/example_dynamic_task_mapping.py took 0.091 seconds
[2023-12-05T17:59:45.695+0000] {processor.py:157} INFO - Started process (PID=11181) to work on /usr/local/lib/python3.10/dist-packages/airflow/example_dags/example_dynamic_task_mapping.py
[2023-12-05T17:59:45.697+0000] {processor.py:829} INFO - Processing file /usr/local/lib/python3.10/dist-packages/airflow/example_dags/example_dynamic_task_mapping.py for tasks to queue
[2023-12-05T17:59:45.698+0000] {logging_mixin.py:154} INFO - [2023-12-05T17:59:45.698+0000] {dagbag.py:536} INFO - Filling up the DagBag from /usr/local/lib/python3.10/dist-packages/airflow/example_dags/example_dynamic_task_mapping.py
[2023-12-05T17:59:45.706+0000] {processor.py:839} INFO - DAG(s) dict_keys(['example_dynamic_task_mapping']) retrieved from /usr/local/lib/python3.10/dist-packages/airflow/example_dags/example_dynamic_task_mapping.py
[2023-12-05T17:59:45.722+0000] {logging_mixin.py:154} INFO - [2023-12-05T17:59:45.722+0000] {dag.py:2941} INFO - Sync 1 DAGs
[2023-12-05T17:59:45.753+0000] {logging_mixin.py:154} INFO - [2023-12-05T17:59:45.753+0000] {dag.py:3722} INFO - Setting next_dagrun for example_dynamic_task_mapping to 2022-03-04T00:00:00+00:00, run_after=2022-03-05T00:00:00+00:00
[2023-12-05T17:59:45.777+0000] {processor.py:179} INFO - Processing /usr/local/lib/python3.10/dist-packages/airflow/example_dags/example_dynamic_task_mapping.py took 0.086 seconds
[2023-12-05T18:00:37.456+0000] {processor.py:157} INFO - Started process (PID=11300) to work on /usr/local/lib/python3.10/dist-packages/airflow/example_dags/example_dynamic_task_mapping.py
[2023-12-05T18:00:37.458+0000] {processor.py:829} INFO - Processing file /usr/local/lib/python3.10/dist-packages/airflow/example_dags/example_dynamic_task_mapping.py for tasks to queue
[2023-12-05T18:00:37.459+0000] {logging_mixin.py:154} INFO - [2023-12-05T18:00:37.458+0000] {dagbag.py:536} INFO - Filling up the DagBag from /usr/local/lib/python3.10/dist-packages/airflow/example_dags/example_dynamic_task_mapping.py
[2023-12-05T18:00:37.466+0000] {processor.py:839} INFO - DAG(s) dict_keys(['example_dynamic_task_mapping']) retrieved from /usr/local/lib/python3.10/dist-packages/airflow/example_dags/example_dynamic_task_mapping.py
[2023-12-05T18:00:37.482+0000] {logging_mixin.py:154} INFO - [2023-12-05T18:00:37.482+0000] {dag.py:2941} INFO - Sync 1 DAGs
[2023-12-05T18:00:37.503+0000] {logging_mixin.py:154} INFO - [2023-12-05T18:00:37.503+0000] {dag.py:3722} INFO - Setting next_dagrun for example_dynamic_task_mapping to 2022-03-04T00:00:00+00:00, run_after=2022-03-05T00:00:00+00:00
[2023-12-05T18:00:37.526+0000] {processor.py:179} INFO - Processing /usr/local/lib/python3.10/dist-packages/airflow/example_dags/example_dynamic_task_mapping.py took 0.073 seconds
[2023-12-05T18:01:25.478+0000] {processor.py:157} INFO - Started process (PID=11473) to work on /usr/local/lib/python3.10/dist-packages/airflow/example_dags/example_dynamic_task_mapping.py
[2023-12-05T18:01:25.479+0000] {processor.py:829} INFO - Processing file /usr/local/lib/python3.10/dist-packages/airflow/example_dags/example_dynamic_task_mapping.py for tasks to queue
[2023-12-05T18:01:25.480+0000] {logging_mixin.py:154} INFO - [2023-12-05T18:01:25.480+0000] {dagbag.py:536} INFO - Filling up the DagBag from /usr/local/lib/python3.10/dist-packages/airflow/example_dags/example_dynamic_task_mapping.py
[2023-12-05T18:01:25.489+0000] {processor.py:839} INFO - DAG(s) dict_keys(['example_dynamic_task_mapping']) retrieved from /usr/local/lib/python3.10/dist-packages/airflow/example_dags/example_dynamic_task_mapping.py
[2023-12-05T18:01:25.509+0000] {logging_mixin.py:154} INFO - [2023-12-05T18:01:25.509+0000] {dag.py:2941} INFO - Sync 1 DAGs
[2023-12-05T18:01:25.536+0000] {logging_mixin.py:154} INFO - [2023-12-05T18:01:25.536+0000] {dag.py:3722} INFO - Setting next_dagrun for example_dynamic_task_mapping to 2022-03-04T00:00:00+00:00, run_after=2022-03-05T00:00:00+00:00
[2023-12-05T18:01:25.565+0000] {processor.py:179} INFO - Processing /usr/local/lib/python3.10/dist-packages/airflow/example_dags/example_dynamic_task_mapping.py took 0.092 seconds
[2023-12-05T18:02:13.264+0000] {processor.py:157} INFO - Started process (PID=11593) to work on /usr/local/lib/python3.10/dist-packages/airflow/example_dags/example_dynamic_task_mapping.py
[2023-12-05T18:02:13.267+0000] {processor.py:829} INFO - Processing file /usr/local/lib/python3.10/dist-packages/airflow/example_dags/example_dynamic_task_mapping.py for tasks to queue
[2023-12-05T18:02:13.270+0000] {logging_mixin.py:154} INFO - [2023-12-05T18:02:13.268+0000] {dagbag.py:536} INFO - Filling up the DagBag from /usr/local/lib/python3.10/dist-packages/airflow/example_dags/example_dynamic_task_mapping.py
[2023-12-05T18:02:13.282+0000] {processor.py:839} INFO - DAG(s) dict_keys(['example_dynamic_task_mapping']) retrieved from /usr/local/lib/python3.10/dist-packages/airflow/example_dags/example_dynamic_task_mapping.py
[2023-12-05T18:02:13.317+0000] {logging_mixin.py:154} INFO - [2023-12-05T18:02:13.317+0000] {dag.py:2941} INFO - Sync 1 DAGs
[2023-12-05T18:02:13.337+0000] {logging_mixin.py:154} INFO - [2023-12-05T18:02:13.337+0000] {dag.py:3722} INFO - Setting next_dagrun for example_dynamic_task_mapping to 2022-03-04T00:00:00+00:00, run_after=2022-03-05T00:00:00+00:00
[2023-12-05T18:02:13.361+0000] {processor.py:179} INFO - Processing /usr/local/lib/python3.10/dist-packages/airflow/example_dags/example_dynamic_task_mapping.py took 0.109 seconds
[2023-12-05T18:03:06.550+0000] {processor.py:157} INFO - Started process (PID=11716) to work on /usr/local/lib/python3.10/dist-packages/airflow/example_dags/example_dynamic_task_mapping.py
[2023-12-05T18:03:06.555+0000] {processor.py:829} INFO - Processing file /usr/local/lib/python3.10/dist-packages/airflow/example_dags/example_dynamic_task_mapping.py for tasks to queue
[2023-12-05T18:03:06.556+0000] {logging_mixin.py:154} INFO - [2023-12-05T18:03:06.556+0000] {dagbag.py:536} INFO - Filling up the DagBag from /usr/local/lib/python3.10/dist-packages/airflow/example_dags/example_dynamic_task_mapping.py
[2023-12-05T18:03:06.566+0000] {processor.py:839} INFO - DAG(s) dict_keys(['example_dynamic_task_mapping']) retrieved from /usr/local/lib/python3.10/dist-packages/airflow/example_dags/example_dynamic_task_mapping.py
[2023-12-05T18:03:06.590+0000] {logging_mixin.py:154} INFO - [2023-12-05T18:03:06.590+0000] {dag.py:2941} INFO - Sync 1 DAGs
[2023-12-05T18:03:06.621+0000] {logging_mixin.py:154} INFO - [2023-12-05T18:03:06.621+0000] {dag.py:3722} INFO - Setting next_dagrun for example_dynamic_task_mapping to 2022-03-04T00:00:00+00:00, run_after=2022-03-05T00:00:00+00:00
[2023-12-05T18:03:06.648+0000] {processor.py:179} INFO - Processing /usr/local/lib/python3.10/dist-packages/airflow/example_dags/example_dynamic_task_mapping.py took 0.104 seconds
[2023-12-05T18:03:56.615+0000] {processor.py:157} INFO - Started process (PID=11771) to work on /usr/local/lib/python3.10/dist-packages/airflow/example_dags/example_dynamic_task_mapping.py
[2023-12-05T18:03:56.618+0000] {processor.py:829} INFO - Processing file /usr/local/lib/python3.10/dist-packages/airflow/example_dags/example_dynamic_task_mapping.py for tasks to queue
[2023-12-05T18:03:56.622+0000] {logging_mixin.py:154} INFO - [2023-12-05T18:03:56.622+0000] {dagbag.py:536} INFO - Filling up the DagBag from /usr/local/lib/python3.10/dist-packages/airflow/example_dags/example_dynamic_task_mapping.py
[2023-12-05T18:03:56.637+0000] {processor.py:839} INFO - DAG(s) dict_keys(['example_dynamic_task_mapping']) retrieved from /usr/local/lib/python3.10/dist-packages/airflow/example_dags/example_dynamic_task_mapping.py
[2023-12-05T18:03:56.653+0000] {logging_mixin.py:154} INFO - [2023-12-05T18:03:56.653+0000] {dag.py:2941} INFO - Sync 1 DAGs
[2023-12-05T18:03:56.676+0000] {logging_mixin.py:154} INFO - [2023-12-05T18:03:56.676+0000] {dag.py:3722} INFO - Setting next_dagrun for example_dynamic_task_mapping to 2022-03-04T00:00:00+00:00, run_after=2022-03-05T00:00:00+00:00
[2023-12-05T18:03:56.698+0000] {processor.py:179} INFO - Processing /usr/local/lib/python3.10/dist-packages/airflow/example_dags/example_dynamic_task_mapping.py took 0.086 seconds
[2023-12-05T18:04:45.865+0000] {processor.py:157} INFO - Started process (PID=12019) to work on /usr/local/lib/python3.10/dist-packages/airflow/example_dags/example_dynamic_task_mapping.py
[2023-12-05T18:04:45.866+0000] {processor.py:829} INFO - Processing file /usr/local/lib/python3.10/dist-packages/airflow/example_dags/example_dynamic_task_mapping.py for tasks to queue
[2023-12-05T18:04:45.868+0000] {logging_mixin.py:154} INFO - [2023-12-05T18:04:45.867+0000] {dagbag.py:536} INFO - Filling up the DagBag from /usr/local/lib/python3.10/dist-packages/airflow/example_dags/example_dynamic_task_mapping.py
[2023-12-05T18:04:45.878+0000] {processor.py:839} INFO - DAG(s) dict_keys(['example_dynamic_task_mapping']) retrieved from /usr/local/lib/python3.10/dist-packages/airflow/example_dags/example_dynamic_task_mapping.py
[2023-12-05T18:04:45.910+0000] {logging_mixin.py:154} INFO - [2023-12-05T18:04:45.910+0000] {dag.py:2941} INFO - Sync 1 DAGs
[2023-12-05T18:04:45.933+0000] {logging_mixin.py:154} INFO - [2023-12-05T18:04:45.933+0000] {dag.py:3722} INFO - Setting next_dagrun for example_dynamic_task_mapping to 2022-03-04T00:00:00+00:00, run_after=2022-03-05T00:00:00+00:00
[2023-12-05T18:04:45.958+0000] {processor.py:179} INFO - Processing /usr/local/lib/python3.10/dist-packages/airflow/example_dags/example_dynamic_task_mapping.py took 0.098 seconds
[2023-12-05T18:05:37.537+0000] {processor.py:157} INFO - Started process (PID=12521) to work on /usr/local/lib/python3.10/dist-packages/airflow/example_dags/example_dynamic_task_mapping.py
[2023-12-05T18:05:37.538+0000] {processor.py:829} INFO - Processing file /usr/local/lib/python3.10/dist-packages/airflow/example_dags/example_dynamic_task_mapping.py for tasks to queue
[2023-12-05T18:05:37.540+0000] {logging_mixin.py:154} INFO - [2023-12-05T18:05:37.539+0000] {dagbag.py:536} INFO - Filling up the DagBag from /usr/local/lib/python3.10/dist-packages/airflow/example_dags/example_dynamic_task_mapping.py
[2023-12-05T18:05:37.546+0000] {processor.py:839} INFO - DAG(s) dict_keys(['example_dynamic_task_mapping']) retrieved from /usr/local/lib/python3.10/dist-packages/airflow/example_dags/example_dynamic_task_mapping.py
[2023-12-05T18:05:37.564+0000] {logging_mixin.py:154} INFO - [2023-12-05T18:05:37.563+0000] {dag.py:2941} INFO - Sync 1 DAGs
[2023-12-05T18:05:37.584+0000] {logging_mixin.py:154} INFO - [2023-12-05T18:05:37.583+0000] {dag.py:3722} INFO - Setting next_dagrun for example_dynamic_task_mapping to 2022-03-04T00:00:00+00:00, run_after=2022-03-05T00:00:00+00:00
[2023-12-05T18:05:37.606+0000] {processor.py:179} INFO - Processing /usr/local/lib/python3.10/dist-packages/airflow/example_dags/example_dynamic_task_mapping.py took 0.074 seconds
[2023-12-05T18:06:29.263+0000] {processor.py:157} INFO - Started process (PID=12755) to work on /usr/local/lib/python3.10/dist-packages/airflow/example_dags/example_dynamic_task_mapping.py
[2023-12-05T18:06:29.265+0000] {processor.py:829} INFO - Processing file /usr/local/lib/python3.10/dist-packages/airflow/example_dags/example_dynamic_task_mapping.py for tasks to queue
[2023-12-05T18:06:29.266+0000] {logging_mixin.py:154} INFO - [2023-12-05T18:06:29.265+0000] {dagbag.py:536} INFO - Filling up the DagBag from /usr/local/lib/python3.10/dist-packages/airflow/example_dags/example_dynamic_task_mapping.py
[2023-12-05T18:06:29.274+0000] {processor.py:839} INFO - DAG(s) dict_keys(['example_dynamic_task_mapping']) retrieved from /usr/local/lib/python3.10/dist-packages/airflow/example_dags/example_dynamic_task_mapping.py
[2023-12-05T18:06:29.298+0000] {logging_mixin.py:154} INFO - [2023-12-05T18:06:29.298+0000] {dag.py:2941} INFO - Sync 1 DAGs
[2023-12-05T18:06:29.323+0000] {logging_mixin.py:154} INFO - [2023-12-05T18:06:29.322+0000] {dag.py:3722} INFO - Setting next_dagrun for example_dynamic_task_mapping to 2022-03-04T00:00:00+00:00, run_after=2022-03-05T00:00:00+00:00
[2023-12-05T18:06:29.358+0000] {processor.py:179} INFO - Processing /usr/local/lib/python3.10/dist-packages/airflow/example_dags/example_dynamic_task_mapping.py took 0.098 seconds
[2023-12-05T18:07:24.900+0000] {processor.py:157} INFO - Started process (PID=13060) to work on /usr/local/lib/python3.10/dist-packages/airflow/example_dags/example_dynamic_task_mapping.py
[2023-12-05T18:07:24.901+0000] {processor.py:829} INFO - Processing file /usr/local/lib/python3.10/dist-packages/airflow/example_dags/example_dynamic_task_mapping.py for tasks to queue
[2023-12-05T18:07:24.902+0000] {logging_mixin.py:154} INFO - [2023-12-05T18:07:24.902+0000] {dagbag.py:536} INFO - Filling up the DagBag from /usr/local/lib/python3.10/dist-packages/airflow/example_dags/example_dynamic_task_mapping.py
[2023-12-05T18:07:24.911+0000] {processor.py:839} INFO - DAG(s) dict_keys(['example_dynamic_task_mapping']) retrieved from /usr/local/lib/python3.10/dist-packages/airflow/example_dags/example_dynamic_task_mapping.py
[2023-12-05T18:07:24.940+0000] {logging_mixin.py:154} INFO - [2023-12-05T18:07:24.940+0000] {dag.py:2941} INFO - Sync 1 DAGs
[2023-12-05T18:07:24.969+0000] {logging_mixin.py:154} INFO - [2023-12-05T18:07:24.968+0000] {dag.py:3722} INFO - Setting next_dagrun for example_dynamic_task_mapping to 2022-03-04T00:00:00+00:00, run_after=2022-03-05T00:00:00+00:00
[2023-12-05T18:07:24.992+0000] {processor.py:179} INFO - Processing /usr/local/lib/python3.10/dist-packages/airflow/example_dags/example_dynamic_task_mapping.py took 0.096 seconds
[2023-12-05T18:08:12.888+0000] {processor.py:157} INFO - Started process (PID=13184) to work on /usr/local/lib/python3.10/dist-packages/airflow/example_dags/example_dynamic_task_mapping.py
[2023-12-05T18:08:12.892+0000] {processor.py:829} INFO - Processing file /usr/local/lib/python3.10/dist-packages/airflow/example_dags/example_dynamic_task_mapping.py for tasks to queue
[2023-12-05T18:08:12.893+0000] {logging_mixin.py:154} INFO - [2023-12-05T18:08:12.893+0000] {dagbag.py:536} INFO - Filling up the DagBag from /usr/local/lib/python3.10/dist-packages/airflow/example_dags/example_dynamic_task_mapping.py
[2023-12-05T18:08:12.903+0000] {processor.py:839} INFO - DAG(s) dict_keys(['example_dynamic_task_mapping']) retrieved from /usr/local/lib/python3.10/dist-packages/airflow/example_dags/example_dynamic_task_mapping.py
[2023-12-05T18:08:12.931+0000] {logging_mixin.py:154} INFO - [2023-12-05T18:08:12.931+0000] {dag.py:2941} INFO - Sync 1 DAGs
[2023-12-05T18:08:12.977+0000] {logging_mixin.py:154} INFO - [2023-12-05T18:08:12.976+0000] {dag.py:3722} INFO - Setting next_dagrun for example_dynamic_task_mapping to 2022-03-04T00:00:00+00:00, run_after=2022-03-05T00:00:00+00:00
[2023-12-05T18:08:13.023+0000] {processor.py:179} INFO - Processing /usr/local/lib/python3.10/dist-packages/airflow/example_dags/example_dynamic_task_mapping.py took 0.142 seconds
[2023-12-05T18:09:00.032+0000] {processor.py:157} INFO - Started process (PID=13540) to work on /usr/local/lib/python3.10/dist-packages/airflow/example_dags/example_dynamic_task_mapping.py
[2023-12-05T18:09:00.034+0000] {processor.py:829} INFO - Processing file /usr/local/lib/python3.10/dist-packages/airflow/example_dags/example_dynamic_task_mapping.py for tasks to queue
[2023-12-05T18:09:00.036+0000] {logging_mixin.py:154} INFO - [2023-12-05T18:09:00.035+0000] {dagbag.py:536} INFO - Filling up the DagBag from /usr/local/lib/python3.10/dist-packages/airflow/example_dags/example_dynamic_task_mapping.py
[2023-12-05T18:09:00.044+0000] {processor.py:839} INFO - DAG(s) dict_keys(['example_dynamic_task_mapping']) retrieved from /usr/local/lib/python3.10/dist-packages/airflow/example_dags/example_dynamic_task_mapping.py
[2023-12-05T18:09:00.075+0000] {logging_mixin.py:154} INFO - [2023-12-05T18:09:00.075+0000] {dag.py:2941} INFO - Sync 1 DAGs
[2023-12-05T18:09:00.120+0000] {logging_mixin.py:154} INFO - [2023-12-05T18:09:00.119+0000] {dag.py:3722} INFO - Setting next_dagrun for example_dynamic_task_mapping to 2022-03-04T00:00:00+00:00, run_after=2022-03-05T00:00:00+00:00
[2023-12-05T18:09:00.173+0000] {processor.py:179} INFO - Processing /usr/local/lib/python3.10/dist-packages/airflow/example_dags/example_dynamic_task_mapping.py took 0.149 seconds
[2023-12-05T18:09:51.342+0000] {processor.py:157} INFO - Started process (PID=13660) to work on /usr/local/lib/python3.10/dist-packages/airflow/example_dags/example_dynamic_task_mapping.py
[2023-12-05T18:09:51.344+0000] {processor.py:829} INFO - Processing file /usr/local/lib/python3.10/dist-packages/airflow/example_dags/example_dynamic_task_mapping.py for tasks to queue
[2023-12-05T18:09:51.345+0000] {logging_mixin.py:154} INFO - [2023-12-05T18:09:51.344+0000] {dagbag.py:536} INFO - Filling up the DagBag from /usr/local/lib/python3.10/dist-packages/airflow/example_dags/example_dynamic_task_mapping.py
[2023-12-05T18:09:51.353+0000] {processor.py:839} INFO - DAG(s) dict_keys(['example_dynamic_task_mapping']) retrieved from /usr/local/lib/python3.10/dist-packages/airflow/example_dags/example_dynamic_task_mapping.py
[2023-12-05T18:09:51.380+0000] {logging_mixin.py:154} INFO - [2023-12-05T18:09:51.379+0000] {dag.py:2941} INFO - Sync 1 DAGs
[2023-12-05T18:09:51.409+0000] {logging_mixin.py:154} INFO - [2023-12-05T18:09:51.408+0000] {dag.py:3722} INFO - Setting next_dagrun for example_dynamic_task_mapping to 2022-03-04T00:00:00+00:00, run_after=2022-03-05T00:00:00+00:00
[2023-12-05T18:09:51.437+0000] {processor.py:179} INFO - Processing /usr/local/lib/python3.10/dist-packages/airflow/example_dags/example_dynamic_task_mapping.py took 0.098 seconds
[2023-12-05T18:10:41.154+0000] {processor.py:157} INFO - Started process (PID=13959) to work on /usr/local/lib/python3.10/dist-packages/airflow/example_dags/example_dynamic_task_mapping.py
[2023-12-05T18:10:41.156+0000] {processor.py:829} INFO - Processing file /usr/local/lib/python3.10/dist-packages/airflow/example_dags/example_dynamic_task_mapping.py for tasks to queue
[2023-12-05T18:10:41.157+0000] {logging_mixin.py:154} INFO - [2023-12-05T18:10:41.156+0000] {dagbag.py:536} INFO - Filling up the DagBag from /usr/local/lib/python3.10/dist-packages/airflow/example_dags/example_dynamic_task_mapping.py
[2023-12-05T18:10:41.165+0000] {processor.py:839} INFO - DAG(s) dict_keys(['example_dynamic_task_mapping']) retrieved from /usr/local/lib/python3.10/dist-packages/airflow/example_dags/example_dynamic_task_mapping.py
[2023-12-05T18:10:41.180+0000] {logging_mixin.py:154} INFO - [2023-12-05T18:10:41.180+0000] {dag.py:2941} INFO - Sync 1 DAGs
[2023-12-05T18:10:41.201+0000] {logging_mixin.py:154} INFO - [2023-12-05T18:10:41.201+0000] {dag.py:3722} INFO - Setting next_dagrun for example_dynamic_task_mapping to 2022-03-04T00:00:00+00:00, run_after=2022-03-05T00:00:00+00:00
[2023-12-05T18:10:41.223+0000] {processor.py:179} INFO - Processing /usr/local/lib/python3.10/dist-packages/airflow/example_dags/example_dynamic_task_mapping.py took 0.072 seconds
