[2023-12-05T17:46:22.621+0000] {processor.py:157} INFO - Started process (PID=9256) to work on /usr/local/lib/python3.10/dist-packages/airflow/example_dags/example_setup_teardown_taskflow.py
[2023-12-05T17:46:22.622+0000] {processor.py:829} INFO - Processing file /usr/local/lib/python3.10/dist-packages/airflow/example_dags/example_setup_teardown_taskflow.py for tasks to queue
[2023-12-05T17:46:22.623+0000] {logging_mixin.py:154} INFO - [2023-12-05T17:46:22.623+0000] {dagbag.py:536} INFO - Filling up the DagBag from /usr/local/lib/python3.10/dist-packages/airflow/example_dags/example_setup_teardown_taskflow.py
[2023-12-05T17:46:22.637+0000] {processor.py:839} INFO - DAG(s) dict_keys(['example_setup_teardown_taskflow']) retrieved from /usr/local/lib/python3.10/dist-packages/airflow/example_dags/example_setup_teardown_taskflow.py
[2023-12-05T17:46:22.645+0000] {logging_mixin.py:154} INFO - [2023-12-05T17:46:22.645+0000] {dag.py:2941} INFO - Sync 1 DAGs
[2023-12-05T17:46:22.678+0000] {logging_mixin.py:154} INFO - [2023-12-05T17:46:22.678+0000] {dag.py:3722} INFO - Setting next_dagrun for example_setup_teardown_taskflow to 2023-12-04T17:46:22.678201+00:00, run_after=2023-12-05T17:46:22.678201+00:00
[2023-12-05T17:46:22.706+0000] {processor.py:179} INFO - Processing /usr/local/lib/python3.10/dist-packages/airflow/example_dags/example_setup_teardown_taskflow.py took 0.088 seconds
[2023-12-05T17:47:12.171+0000] {processor.py:157} INFO - Started process (PID=9367) to work on /usr/local/lib/python3.10/dist-packages/airflow/example_dags/example_setup_teardown_taskflow.py
[2023-12-05T17:47:12.173+0000] {processor.py:829} INFO - Processing file /usr/local/lib/python3.10/dist-packages/airflow/example_dags/example_setup_teardown_taskflow.py for tasks to queue
[2023-12-05T17:47:12.174+0000] {logging_mixin.py:154} INFO - [2023-12-05T17:47:12.173+0000] {dagbag.py:536} INFO - Filling up the DagBag from /usr/local/lib/python3.10/dist-packages/airflow/example_dags/example_setup_teardown_taskflow.py
[2023-12-05T17:47:12.191+0000] {processor.py:839} INFO - DAG(s) dict_keys(['example_setup_teardown_taskflow']) retrieved from /usr/local/lib/python3.10/dist-packages/airflow/example_dags/example_setup_teardown_taskflow.py
[2023-12-05T17:47:12.213+0000] {logging_mixin.py:154} INFO - [2023-12-05T17:47:12.213+0000] {dag.py:2941} INFO - Sync 1 DAGs
[2023-12-05T17:47:12.241+0000] {logging_mixin.py:154} INFO - [2023-12-05T17:47:12.241+0000] {dag.py:3722} INFO - Setting next_dagrun for example_setup_teardown_taskflow to 2023-12-04T17:47:12.241218+00:00, run_after=2023-12-05T17:47:12.241218+00:00
[2023-12-05T17:47:12.274+0000] {processor.py:179} INFO - Processing /usr/local/lib/python3.10/dist-packages/airflow/example_dags/example_setup_teardown_taskflow.py took 0.107 seconds
[2023-12-05T17:48:01.238+0000] {processor.py:157} INFO - Started process (PID=9420) to work on /usr/local/lib/python3.10/dist-packages/airflow/example_dags/example_setup_teardown_taskflow.py
[2023-12-05T17:48:01.242+0000] {processor.py:829} INFO - Processing file /usr/local/lib/python3.10/dist-packages/airflow/example_dags/example_setup_teardown_taskflow.py for tasks to queue
[2023-12-05T17:48:01.244+0000] {logging_mixin.py:154} INFO - [2023-12-05T17:48:01.244+0000] {dagbag.py:536} INFO - Filling up the DagBag from /usr/local/lib/python3.10/dist-packages/airflow/example_dags/example_setup_teardown_taskflow.py
[2023-12-05T17:48:01.264+0000] {processor.py:839} INFO - DAG(s) dict_keys(['example_setup_teardown_taskflow']) retrieved from /usr/local/lib/python3.10/dist-packages/airflow/example_dags/example_setup_teardown_taskflow.py
[2023-12-05T17:48:01.285+0000] {logging_mixin.py:154} INFO - [2023-12-05T17:48:01.285+0000] {dag.py:2941} INFO - Sync 1 DAGs
[2023-12-05T17:48:01.305+0000] {logging_mixin.py:154} INFO - [2023-12-05T17:48:01.304+0000] {dag.py:3722} INFO - Setting next_dagrun for example_setup_teardown_taskflow to 2023-12-04T17:48:01.304738+00:00, run_after=2023-12-05T17:48:01.304738+00:00
[2023-12-05T17:48:01.331+0000] {processor.py:179} INFO - Processing /usr/local/lib/python3.10/dist-packages/airflow/example_dags/example_setup_teardown_taskflow.py took 0.102 seconds
[2023-12-05T17:48:54.646+0000] {processor.py:157} INFO - Started process (PID=9597) to work on /usr/local/lib/python3.10/dist-packages/airflow/example_dags/example_setup_teardown_taskflow.py
[2023-12-05T17:48:54.648+0000] {processor.py:829} INFO - Processing file /usr/local/lib/python3.10/dist-packages/airflow/example_dags/example_setup_teardown_taskflow.py for tasks to queue
[2023-12-05T17:48:54.649+0000] {logging_mixin.py:154} INFO - [2023-12-05T17:48:54.648+0000] {dagbag.py:536} INFO - Filling up the DagBag from /usr/local/lib/python3.10/dist-packages/airflow/example_dags/example_setup_teardown_taskflow.py
[2023-12-05T17:48:54.664+0000] {processor.py:839} INFO - DAG(s) dict_keys(['example_setup_teardown_taskflow']) retrieved from /usr/local/lib/python3.10/dist-packages/airflow/example_dags/example_setup_teardown_taskflow.py
[2023-12-05T17:48:54.687+0000] {logging_mixin.py:154} INFO - [2023-12-05T17:48:54.686+0000] {dag.py:2941} INFO - Sync 1 DAGs
[2023-12-05T17:48:54.711+0000] {logging_mixin.py:154} INFO - [2023-12-05T17:48:54.711+0000] {dag.py:3722} INFO - Setting next_dagrun for example_setup_teardown_taskflow to 2023-12-04T17:48:54.711241+00:00, run_after=2023-12-05T17:48:54.711241+00:00
[2023-12-05T17:48:54.738+0000] {processor.py:179} INFO - Processing /usr/local/lib/python3.10/dist-packages/airflow/example_dags/example_setup_teardown_taskflow.py took 0.095 seconds
[2023-12-05T17:49:46.835+0000] {processor.py:157} INFO - Started process (PID=9715) to work on /usr/local/lib/python3.10/dist-packages/airflow/example_dags/example_setup_teardown_taskflow.py
[2023-12-05T17:49:46.837+0000] {processor.py:829} INFO - Processing file /usr/local/lib/python3.10/dist-packages/airflow/example_dags/example_setup_teardown_taskflow.py for tasks to queue
[2023-12-05T17:49:46.838+0000] {logging_mixin.py:154} INFO - [2023-12-05T17:49:46.837+0000] {dagbag.py:536} INFO - Filling up the DagBag from /usr/local/lib/python3.10/dist-packages/airflow/example_dags/example_setup_teardown_taskflow.py
[2023-12-05T17:49:46.850+0000] {processor.py:839} INFO - DAG(s) dict_keys(['example_setup_teardown_taskflow']) retrieved from /usr/local/lib/python3.10/dist-packages/airflow/example_dags/example_setup_teardown_taskflow.py
[2023-12-05T17:49:46.870+0000] {logging_mixin.py:154} INFO - [2023-12-05T17:49:46.870+0000] {dag.py:2941} INFO - Sync 1 DAGs
[2023-12-05T17:49:46.897+0000] {logging_mixin.py:154} INFO - [2023-12-05T17:49:46.896+0000] {dag.py:3722} INFO - Setting next_dagrun for example_setup_teardown_taskflow to 2023-12-04T17:49:46.896683+00:00, run_after=2023-12-05T17:49:46.896683+00:00
[2023-12-05T17:49:46.924+0000] {processor.py:179} INFO - Processing /usr/local/lib/python3.10/dist-packages/airflow/example_dags/example_setup_teardown_taskflow.py took 0.094 seconds
[2023-12-05T17:50:40.011+0000] {processor.py:157} INFO - Started process (PID=9837) to work on /usr/local/lib/python3.10/dist-packages/airflow/example_dags/example_setup_teardown_taskflow.py
[2023-12-05T17:50:40.012+0000] {processor.py:829} INFO - Processing file /usr/local/lib/python3.10/dist-packages/airflow/example_dags/example_setup_teardown_taskflow.py for tasks to queue
[2023-12-05T17:50:40.013+0000] {logging_mixin.py:154} INFO - [2023-12-05T17:50:40.013+0000] {dagbag.py:536} INFO - Filling up the DagBag from /usr/local/lib/python3.10/dist-packages/airflow/example_dags/example_setup_teardown_taskflow.py
[2023-12-05T17:50:40.025+0000] {processor.py:839} INFO - DAG(s) dict_keys(['example_setup_teardown_taskflow']) retrieved from /usr/local/lib/python3.10/dist-packages/airflow/example_dags/example_setup_teardown_taskflow.py
[2023-12-05T17:50:40.046+0000] {logging_mixin.py:154} INFO - [2023-12-05T17:50:40.045+0000] {dag.py:2941} INFO - Sync 1 DAGs
[2023-12-05T17:50:40.068+0000] {logging_mixin.py:154} INFO - [2023-12-05T17:50:40.068+0000] {dag.py:3722} INFO - Setting next_dagrun for example_setup_teardown_taskflow to 2023-12-04T17:50:40.067709+00:00, run_after=2023-12-05T17:50:40.067709+00:00
[2023-12-05T17:50:40.096+0000] {processor.py:179} INFO - Processing /usr/local/lib/python3.10/dist-packages/airflow/example_dags/example_setup_teardown_taskflow.py took 0.089 seconds
[2023-12-05T17:51:33.435+0000] {processor.py:157} INFO - Started process (PID=10014) to work on /usr/local/lib/python3.10/dist-packages/airflow/example_dags/example_setup_teardown_taskflow.py
[2023-12-05T17:51:33.437+0000] {processor.py:829} INFO - Processing file /usr/local/lib/python3.10/dist-packages/airflow/example_dags/example_setup_teardown_taskflow.py for tasks to queue
[2023-12-05T17:51:33.438+0000] {logging_mixin.py:154} INFO - [2023-12-05T17:51:33.437+0000] {dagbag.py:536} INFO - Filling up the DagBag from /usr/local/lib/python3.10/dist-packages/airflow/example_dags/example_setup_teardown_taskflow.py
[2023-12-05T17:51:33.457+0000] {processor.py:839} INFO - DAG(s) dict_keys(['example_setup_teardown_taskflow']) retrieved from /usr/local/lib/python3.10/dist-packages/airflow/example_dags/example_setup_teardown_taskflow.py
[2023-12-05T17:51:33.487+0000] {logging_mixin.py:154} INFO - [2023-12-05T17:51:33.486+0000] {dag.py:2941} INFO - Sync 1 DAGs
[2023-12-05T17:51:33.518+0000] {logging_mixin.py:154} INFO - [2023-12-05T17:51:33.518+0000] {dag.py:3722} INFO - Setting next_dagrun for example_setup_teardown_taskflow to 2023-12-04T17:51:33.518400+00:00, run_after=2023-12-05T17:51:33.518400+00:00
[2023-12-05T17:51:33.543+0000] {processor.py:179} INFO - Processing /usr/local/lib/python3.10/dist-packages/airflow/example_dags/example_setup_teardown_taskflow.py took 0.115 seconds
[2023-12-05T17:52:22.917+0000] {processor.py:157} INFO - Started process (PID=10131) to work on /usr/local/lib/python3.10/dist-packages/airflow/example_dags/example_setup_teardown_taskflow.py
[2023-12-05T17:52:22.919+0000] {processor.py:829} INFO - Processing file /usr/local/lib/python3.10/dist-packages/airflow/example_dags/example_setup_teardown_taskflow.py for tasks to queue
[2023-12-05T17:52:22.920+0000] {logging_mixin.py:154} INFO - [2023-12-05T17:52:22.919+0000] {dagbag.py:536} INFO - Filling up the DagBag from /usr/local/lib/python3.10/dist-packages/airflow/example_dags/example_setup_teardown_taskflow.py
[2023-12-05T17:52:22.933+0000] {processor.py:839} INFO - DAG(s) dict_keys(['example_setup_teardown_taskflow']) retrieved from /usr/local/lib/python3.10/dist-packages/airflow/example_dags/example_setup_teardown_taskflow.py
[2023-12-05T17:52:22.952+0000] {logging_mixin.py:154} INFO - [2023-12-05T17:52:22.952+0000] {dag.py:2941} INFO - Sync 1 DAGs
[2023-12-05T17:52:22.974+0000] {logging_mixin.py:154} INFO - [2023-12-05T17:52:22.974+0000] {dag.py:3722} INFO - Setting next_dagrun for example_setup_teardown_taskflow to 2023-12-04T17:52:22.973773+00:00, run_after=2023-12-05T17:52:22.973773+00:00
[2023-12-05T17:52:22.997+0000] {processor.py:179} INFO - Processing /usr/local/lib/python3.10/dist-packages/airflow/example_dags/example_setup_teardown_taskflow.py took 0.084 seconds
[2023-12-05T17:53:14.520+0000] {processor.py:157} INFO - Started process (PID=10312) to work on /usr/local/lib/python3.10/dist-packages/airflow/example_dags/example_setup_teardown_taskflow.py
[2023-12-05T17:53:14.524+0000] {processor.py:829} INFO - Processing file /usr/local/lib/python3.10/dist-packages/airflow/example_dags/example_setup_teardown_taskflow.py for tasks to queue
[2023-12-05T17:53:14.525+0000] {logging_mixin.py:154} INFO - [2023-12-05T17:53:14.524+0000] {dagbag.py:536} INFO - Filling up the DagBag from /usr/local/lib/python3.10/dist-packages/airflow/example_dags/example_setup_teardown_taskflow.py
[2023-12-05T17:53:14.551+0000] {processor.py:839} INFO - DAG(s) dict_keys(['example_setup_teardown_taskflow']) retrieved from /usr/local/lib/python3.10/dist-packages/airflow/example_dags/example_setup_teardown_taskflow.py
[2023-12-05T17:53:14.574+0000] {logging_mixin.py:154} INFO - [2023-12-05T17:53:14.573+0000] {dag.py:2941} INFO - Sync 1 DAGs
[2023-12-05T17:53:14.594+0000] {logging_mixin.py:154} INFO - [2023-12-05T17:53:14.594+0000] {dag.py:3722} INFO - Setting next_dagrun for example_setup_teardown_taskflow to 2023-12-04T17:53:14.594185+00:00, run_after=2023-12-05T17:53:14.594185+00:00
[2023-12-05T17:53:14.617+0000] {processor.py:179} INFO - Processing /usr/local/lib/python3.10/dist-packages/airflow/example_dags/example_setup_teardown_taskflow.py took 0.106 seconds
[2023-12-05T17:54:04.856+0000] {processor.py:157} INFO - Started process (PID=10394) to work on /usr/local/lib/python3.10/dist-packages/airflow/example_dags/example_setup_teardown_taskflow.py
[2023-12-05T17:54:04.857+0000] {processor.py:829} INFO - Processing file /usr/local/lib/python3.10/dist-packages/airflow/example_dags/example_setup_teardown_taskflow.py for tasks to queue
[2023-12-05T17:54:04.858+0000] {logging_mixin.py:154} INFO - [2023-12-05T17:54:04.858+0000] {dagbag.py:536} INFO - Filling up the DagBag from /usr/local/lib/python3.10/dist-packages/airflow/example_dags/example_setup_teardown_taskflow.py
[2023-12-05T17:54:04.869+0000] {processor.py:839} INFO - DAG(s) dict_keys(['example_setup_teardown_taskflow']) retrieved from /usr/local/lib/python3.10/dist-packages/airflow/example_dags/example_setup_teardown_taskflow.py
[2023-12-05T17:54:04.888+0000] {logging_mixin.py:154} INFO - [2023-12-05T17:54:04.888+0000] {dag.py:2941} INFO - Sync 1 DAGs
[2023-12-05T17:54:04.912+0000] {logging_mixin.py:154} INFO - [2023-12-05T17:54:04.912+0000] {dag.py:3722} INFO - Setting next_dagrun for example_setup_teardown_taskflow to 2023-12-04T17:54:04.908575+00:00, run_after=2023-12-05T17:54:04.908575+00:00
[2023-12-05T17:54:04.942+0000] {processor.py:179} INFO - Processing /usr/local/lib/python3.10/dist-packages/airflow/example_dags/example_setup_teardown_taskflow.py took 0.090 seconds
[2023-12-05T17:54:57.607+0000] {processor.py:157} INFO - Started process (PID=10487) to work on /usr/local/lib/python3.10/dist-packages/airflow/example_dags/example_setup_teardown_taskflow.py
[2023-12-05T17:54:57.608+0000] {processor.py:829} INFO - Processing file /usr/local/lib/python3.10/dist-packages/airflow/example_dags/example_setup_teardown_taskflow.py for tasks to queue
[2023-12-05T17:54:57.609+0000] {logging_mixin.py:154} INFO - [2023-12-05T17:54:57.609+0000] {dagbag.py:536} INFO - Filling up the DagBag from /usr/local/lib/python3.10/dist-packages/airflow/example_dags/example_setup_teardown_taskflow.py
[2023-12-05T17:54:57.624+0000] {processor.py:839} INFO - DAG(s) dict_keys(['example_setup_teardown_taskflow']) retrieved from /usr/local/lib/python3.10/dist-packages/airflow/example_dags/example_setup_teardown_taskflow.py
[2023-12-05T17:54:57.655+0000] {logging_mixin.py:154} INFO - [2023-12-05T17:54:57.655+0000] {dag.py:2941} INFO - Sync 1 DAGs
[2023-12-05T17:54:57.677+0000] {logging_mixin.py:154} INFO - [2023-12-05T17:54:57.676+0000] {dag.py:3722} INFO - Setting next_dagrun for example_setup_teardown_taskflow to 2023-12-04T17:54:57.676550+00:00, run_after=2023-12-05T17:54:57.676550+00:00
[2023-12-05T17:54:57.724+0000] {processor.py:179} INFO - Processing /usr/local/lib/python3.10/dist-packages/airflow/example_dags/example_setup_teardown_taskflow.py took 0.122 seconds
[2023-12-05T17:55:49.797+0000] {processor.py:157} INFO - Started process (PID=10607) to work on /usr/local/lib/python3.10/dist-packages/airflow/example_dags/example_setup_teardown_taskflow.py
[2023-12-05T17:55:49.799+0000] {processor.py:829} INFO - Processing file /usr/local/lib/python3.10/dist-packages/airflow/example_dags/example_setup_teardown_taskflow.py for tasks to queue
[2023-12-05T17:55:49.800+0000] {logging_mixin.py:154} INFO - [2023-12-05T17:55:49.799+0000] {dagbag.py:536} INFO - Filling up the DagBag from /usr/local/lib/python3.10/dist-packages/airflow/example_dags/example_setup_teardown_taskflow.py
[2023-12-05T17:55:49.812+0000] {processor.py:839} INFO - DAG(s) dict_keys(['example_setup_teardown_taskflow']) retrieved from /usr/local/lib/python3.10/dist-packages/airflow/example_dags/example_setup_teardown_taskflow.py
[2023-12-05T17:55:49.831+0000] {logging_mixin.py:154} INFO - [2023-12-05T17:55:49.831+0000] {dag.py:2941} INFO - Sync 1 DAGs
[2023-12-05T17:55:49.852+0000] {logging_mixin.py:154} INFO - [2023-12-05T17:55:49.851+0000] {dag.py:3722} INFO - Setting next_dagrun for example_setup_teardown_taskflow to 2023-12-04T17:55:49.851755+00:00, run_after=2023-12-05T17:55:49.851755+00:00
[2023-12-05T17:55:49.902+0000] {processor.py:179} INFO - Processing /usr/local/lib/python3.10/dist-packages/airflow/example_dags/example_setup_teardown_taskflow.py took 0.109 seconds
[2023-12-05T17:56:39.295+0000] {processor.py:157} INFO - Started process (PID=10785) to work on /usr/local/lib/python3.10/dist-packages/airflow/example_dags/example_setup_teardown_taskflow.py
[2023-12-05T17:56:39.297+0000] {processor.py:829} INFO - Processing file /usr/local/lib/python3.10/dist-packages/airflow/example_dags/example_setup_teardown_taskflow.py for tasks to queue
[2023-12-05T17:56:39.298+0000] {logging_mixin.py:154} INFO - [2023-12-05T17:56:39.297+0000] {dagbag.py:536} INFO - Filling up the DagBag from /usr/local/lib/python3.10/dist-packages/airflow/example_dags/example_setup_teardown_taskflow.py
[2023-12-05T17:56:39.309+0000] {processor.py:839} INFO - DAG(s) dict_keys(['example_setup_teardown_taskflow']) retrieved from /usr/local/lib/python3.10/dist-packages/airflow/example_dags/example_setup_teardown_taskflow.py
[2023-12-05T17:56:39.331+0000] {logging_mixin.py:154} INFO - [2023-12-05T17:56:39.331+0000] {dag.py:2941} INFO - Sync 1 DAGs
[2023-12-05T17:56:39.361+0000] {logging_mixin.py:154} INFO - [2023-12-05T17:56:39.361+0000] {dag.py:3722} INFO - Setting next_dagrun for example_setup_teardown_taskflow to 2023-12-04T17:56:39.360957+00:00, run_after=2023-12-05T17:56:39.360957+00:00
[2023-12-05T17:56:39.386+0000] {processor.py:179} INFO - Processing /usr/local/lib/python3.10/dist-packages/airflow/example_dags/example_setup_teardown_taskflow.py took 0.094 seconds
[2023-12-05T17:57:36.564+0000] {processor.py:157} INFO - Started process (PID=10907) to work on /usr/local/lib/python3.10/dist-packages/airflow/example_dags/example_setup_teardown_taskflow.py
[2023-12-05T17:57:36.566+0000] {processor.py:829} INFO - Processing file /usr/local/lib/python3.10/dist-packages/airflow/example_dags/example_setup_teardown_taskflow.py for tasks to queue
[2023-12-05T17:57:36.567+0000] {logging_mixin.py:154} INFO - [2023-12-05T17:57:36.567+0000] {dagbag.py:536} INFO - Filling up the DagBag from /usr/local/lib/python3.10/dist-packages/airflow/example_dags/example_setup_teardown_taskflow.py
[2023-12-05T17:57:36.580+0000] {processor.py:839} INFO - DAG(s) dict_keys(['example_setup_teardown_taskflow']) retrieved from /usr/local/lib/python3.10/dist-packages/airflow/example_dags/example_setup_teardown_taskflow.py
[2023-12-05T17:57:36.601+0000] {logging_mixin.py:154} INFO - [2023-12-05T17:57:36.600+0000] {dag.py:2941} INFO - Sync 1 DAGs
[2023-12-05T17:57:36.652+0000] {logging_mixin.py:154} INFO - [2023-12-05T17:57:36.649+0000] {dag.py:3722} INFO - Setting next_dagrun for example_setup_teardown_taskflow to 2023-12-04T17:57:36.649468+00:00, run_after=2023-12-05T17:57:36.649468+00:00
[2023-12-05T17:57:36.706+0000] {processor.py:179} INFO - Processing /usr/local/lib/python3.10/dist-packages/airflow/example_dags/example_setup_teardown_taskflow.py took 0.148 seconds
[2023-12-05T17:58:31.567+0000] {processor.py:157} INFO - Started process (PID=11035) to work on /usr/local/lib/python3.10/dist-packages/airflow/example_dags/example_setup_teardown_taskflow.py
[2023-12-05T17:58:31.570+0000] {processor.py:829} INFO - Processing file /usr/local/lib/python3.10/dist-packages/airflow/example_dags/example_setup_teardown_taskflow.py for tasks to queue
[2023-12-05T17:58:31.572+0000] {logging_mixin.py:154} INFO - [2023-12-05T17:58:31.571+0000] {dagbag.py:536} INFO - Filling up the DagBag from /usr/local/lib/python3.10/dist-packages/airflow/example_dags/example_setup_teardown_taskflow.py
[2023-12-05T17:58:31.589+0000] {processor.py:839} INFO - DAG(s) dict_keys(['example_setup_teardown_taskflow']) retrieved from /usr/local/lib/python3.10/dist-packages/airflow/example_dags/example_setup_teardown_taskflow.py
[2023-12-05T17:58:31.609+0000] {logging_mixin.py:154} INFO - [2023-12-05T17:58:31.608+0000] {dag.py:2941} INFO - Sync 1 DAGs
[2023-12-05T17:58:31.630+0000] {logging_mixin.py:154} INFO - [2023-12-05T17:58:31.629+0000] {dag.py:3722} INFO - Setting next_dagrun for example_setup_teardown_taskflow to 2023-12-04T17:58:31.629644+00:00, run_after=2023-12-05T17:58:31.629644+00:00
[2023-12-05T17:58:31.654+0000] {processor.py:179} INFO - Processing /usr/local/lib/python3.10/dist-packages/airflow/example_dags/example_setup_teardown_taskflow.py took 0.090 seconds
[2023-12-05T17:59:21.362+0000] {processor.py:157} INFO - Started process (PID=11156) to work on /usr/local/lib/python3.10/dist-packages/airflow/example_dags/example_setup_teardown_taskflow.py
[2023-12-05T17:59:21.364+0000] {processor.py:829} INFO - Processing file /usr/local/lib/python3.10/dist-packages/airflow/example_dags/example_setup_teardown_taskflow.py for tasks to queue
[2023-12-05T17:59:21.366+0000] {logging_mixin.py:154} INFO - [2023-12-05T17:59:21.365+0000] {dagbag.py:536} INFO - Filling up the DagBag from /usr/local/lib/python3.10/dist-packages/airflow/example_dags/example_setup_teardown_taskflow.py
[2023-12-05T17:59:21.379+0000] {processor.py:839} INFO - DAG(s) dict_keys(['example_setup_teardown_taskflow']) retrieved from /usr/local/lib/python3.10/dist-packages/airflow/example_dags/example_setup_teardown_taskflow.py
[2023-12-05T17:59:21.400+0000] {logging_mixin.py:154} INFO - [2023-12-05T17:59:21.400+0000] {dag.py:2941} INFO - Sync 1 DAGs
[2023-12-05T17:59:21.426+0000] {logging_mixin.py:154} INFO - [2023-12-05T17:59:21.425+0000] {dag.py:3722} INFO - Setting next_dagrun for example_setup_teardown_taskflow to 2023-12-04T17:59:21.425447+00:00, run_after=2023-12-05T17:59:21.425447+00:00
[2023-12-05T17:59:21.455+0000] {processor.py:179} INFO - Processing /usr/local/lib/python3.10/dist-packages/airflow/example_dags/example_setup_teardown_taskflow.py took 0.101 seconds
[2023-12-05T18:00:14.396+0000] {processor.py:157} INFO - Started process (PID=11271) to work on /usr/local/lib/python3.10/dist-packages/airflow/example_dags/example_setup_teardown_taskflow.py
[2023-12-05T18:00:14.397+0000] {processor.py:829} INFO - Processing file /usr/local/lib/python3.10/dist-packages/airflow/example_dags/example_setup_teardown_taskflow.py for tasks to queue
[2023-12-05T18:00:14.398+0000] {logging_mixin.py:154} INFO - [2023-12-05T18:00:14.398+0000] {dagbag.py:536} INFO - Filling up the DagBag from /usr/local/lib/python3.10/dist-packages/airflow/example_dags/example_setup_teardown_taskflow.py
[2023-12-05T18:00:14.411+0000] {processor.py:839} INFO - DAG(s) dict_keys(['example_setup_teardown_taskflow']) retrieved from /usr/local/lib/python3.10/dist-packages/airflow/example_dags/example_setup_teardown_taskflow.py
[2023-12-05T18:00:14.448+0000] {logging_mixin.py:154} INFO - [2023-12-05T18:00:14.447+0000] {dag.py:2941} INFO - Sync 1 DAGs
[2023-12-05T18:00:14.473+0000] {logging_mixin.py:154} INFO - [2023-12-05T18:00:14.473+0000] {dag.py:3722} INFO - Setting next_dagrun for example_setup_teardown_taskflow to 2023-12-04T18:00:14.473367+00:00, run_after=2023-12-05T18:00:14.473367+00:00
[2023-12-05T18:00:14.500+0000] {processor.py:179} INFO - Processing /usr/local/lib/python3.10/dist-packages/airflow/example_dags/example_setup_teardown_taskflow.py took 0.111 seconds
[2023-12-05T18:01:04.053+0000] {processor.py:157} INFO - Started process (PID=11330) to work on /usr/local/lib/python3.10/dist-packages/airflow/example_dags/example_setup_teardown_taskflow.py
[2023-12-05T18:01:04.055+0000] {processor.py:829} INFO - Processing file /usr/local/lib/python3.10/dist-packages/airflow/example_dags/example_setup_teardown_taskflow.py for tasks to queue
[2023-12-05T18:01:04.056+0000] {logging_mixin.py:154} INFO - [2023-12-05T18:01:04.055+0000] {dagbag.py:536} INFO - Filling up the DagBag from /usr/local/lib/python3.10/dist-packages/airflow/example_dags/example_setup_teardown_taskflow.py
[2023-12-05T18:01:04.067+0000] {processor.py:839} INFO - DAG(s) dict_keys(['example_setup_teardown_taskflow']) retrieved from /usr/local/lib/python3.10/dist-packages/airflow/example_dags/example_setup_teardown_taskflow.py
[2023-12-05T18:01:04.087+0000] {logging_mixin.py:154} INFO - [2023-12-05T18:01:04.087+0000] {dag.py:2941} INFO - Sync 1 DAGs
[2023-12-05T18:01:04.110+0000] {logging_mixin.py:154} INFO - [2023-12-05T18:01:04.110+0000] {dag.py:3722} INFO - Setting next_dagrun for example_setup_teardown_taskflow to 2023-12-04T18:01:04.110108+00:00, run_after=2023-12-05T18:01:04.110108+00:00
[2023-12-05T18:01:04.135+0000] {processor.py:179} INFO - Processing /usr/local/lib/python3.10/dist-packages/airflow/example_dags/example_setup_teardown_taskflow.py took 0.085 seconds
[2023-12-05T18:01:51.686+0000] {processor.py:157} INFO - Started process (PID=11506) to work on /usr/local/lib/python3.10/dist-packages/airflow/example_dags/example_setup_teardown_taskflow.py
[2023-12-05T18:01:51.688+0000] {processor.py:829} INFO - Processing file /usr/local/lib/python3.10/dist-packages/airflow/example_dags/example_setup_teardown_taskflow.py for tasks to queue
[2023-12-05T18:01:51.689+0000] {logging_mixin.py:154} INFO - [2023-12-05T18:01:51.688+0000] {dagbag.py:536} INFO - Filling up the DagBag from /usr/local/lib/python3.10/dist-packages/airflow/example_dags/example_setup_teardown_taskflow.py
[2023-12-05T18:01:51.702+0000] {processor.py:839} INFO - DAG(s) dict_keys(['example_setup_teardown_taskflow']) retrieved from /usr/local/lib/python3.10/dist-packages/airflow/example_dags/example_setup_teardown_taskflow.py
[2023-12-05T18:01:51.725+0000] {logging_mixin.py:154} INFO - [2023-12-05T18:01:51.725+0000] {dag.py:2941} INFO - Sync 1 DAGs
[2023-12-05T18:01:51.748+0000] {logging_mixin.py:154} INFO - [2023-12-05T18:01:51.748+0000] {dag.py:3722} INFO - Setting next_dagrun for example_setup_teardown_taskflow to 2023-12-04T18:01:51.748275+00:00, run_after=2023-12-05T18:01:51.748275+00:00
[2023-12-05T18:01:51.777+0000] {processor.py:179} INFO - Processing /usr/local/lib/python3.10/dist-packages/airflow/example_dags/example_setup_teardown_taskflow.py took 0.095 seconds
[2023-12-05T18:02:42.640+0000] {processor.py:157} INFO - Started process (PID=11626) to work on /usr/local/lib/python3.10/dist-packages/airflow/example_dags/example_setup_teardown_taskflow.py
[2023-12-05T18:02:42.642+0000] {processor.py:829} INFO - Processing file /usr/local/lib/python3.10/dist-packages/airflow/example_dags/example_setup_teardown_taskflow.py for tasks to queue
[2023-12-05T18:02:42.643+0000] {logging_mixin.py:154} INFO - [2023-12-05T18:02:42.643+0000] {dagbag.py:536} INFO - Filling up the DagBag from /usr/local/lib/python3.10/dist-packages/airflow/example_dags/example_setup_teardown_taskflow.py
[2023-12-05T18:02:42.659+0000] {processor.py:839} INFO - DAG(s) dict_keys(['example_setup_teardown_taskflow']) retrieved from /usr/local/lib/python3.10/dist-packages/airflow/example_dags/example_setup_teardown_taskflow.py
[2023-12-05T18:02:42.681+0000] {logging_mixin.py:154} INFO - [2023-12-05T18:02:42.680+0000] {dag.py:2941} INFO - Sync 1 DAGs
[2023-12-05T18:02:42.706+0000] {logging_mixin.py:154} INFO - [2023-12-05T18:02:42.705+0000] {dag.py:3722} INFO - Setting next_dagrun for example_setup_teardown_taskflow to 2023-12-04T18:02:42.705115+00:00, run_after=2023-12-05T18:02:42.705115+00:00
[2023-12-05T18:02:42.734+0000] {processor.py:179} INFO - Processing /usr/local/lib/python3.10/dist-packages/airflow/example_dags/example_setup_teardown_taskflow.py took 0.099 seconds
[2023-12-05T18:03:33.733+0000] {processor.py:157} INFO - Started process (PID=11744) to work on /usr/local/lib/python3.10/dist-packages/airflow/example_dags/example_setup_teardown_taskflow.py
[2023-12-05T18:03:33.735+0000] {processor.py:829} INFO - Processing file /usr/local/lib/python3.10/dist-packages/airflow/example_dags/example_setup_teardown_taskflow.py for tasks to queue
[2023-12-05T18:03:33.736+0000] {logging_mixin.py:154} INFO - [2023-12-05T18:03:33.735+0000] {dagbag.py:536} INFO - Filling up the DagBag from /usr/local/lib/python3.10/dist-packages/airflow/example_dags/example_setup_teardown_taskflow.py
[2023-12-05T18:03:33.748+0000] {processor.py:839} INFO - DAG(s) dict_keys(['example_setup_teardown_taskflow']) retrieved from /usr/local/lib/python3.10/dist-packages/airflow/example_dags/example_setup_teardown_taskflow.py
[2023-12-05T18:03:33.768+0000] {logging_mixin.py:154} INFO - [2023-12-05T18:03:33.767+0000] {dag.py:2941} INFO - Sync 1 DAGs
[2023-12-05T18:03:33.791+0000] {logging_mixin.py:154} INFO - [2023-12-05T18:03:33.790+0000] {dag.py:3722} INFO - Setting next_dagrun for example_setup_teardown_taskflow to 2023-12-04T18:03:33.790723+00:00, run_after=2023-12-05T18:03:33.790723+00:00
[2023-12-05T18:03:33.816+0000] {processor.py:179} INFO - Processing /usr/local/lib/python3.10/dist-packages/airflow/example_dags/example_setup_teardown_taskflow.py took 0.086 seconds
[2023-12-05T18:04:22.620+0000] {processor.py:157} INFO - Started process (PID=11861) to work on /usr/local/lib/python3.10/dist-packages/airflow/example_dags/example_setup_teardown_taskflow.py
[2023-12-05T18:04:22.622+0000] {processor.py:829} INFO - Processing file /usr/local/lib/python3.10/dist-packages/airflow/example_dags/example_setup_teardown_taskflow.py for tasks to queue
[2023-12-05T18:04:22.622+0000] {logging_mixin.py:154} INFO - [2023-12-05T18:04:22.622+0000] {dagbag.py:536} INFO - Filling up the DagBag from /usr/local/lib/python3.10/dist-packages/airflow/example_dags/example_setup_teardown_taskflow.py
[2023-12-05T18:04:22.632+0000] {processor.py:839} INFO - DAG(s) dict_keys(['example_setup_teardown_taskflow']) retrieved from /usr/local/lib/python3.10/dist-packages/airflow/example_dags/example_setup_teardown_taskflow.py
[2023-12-05T18:04:22.648+0000] {logging_mixin.py:154} INFO - [2023-12-05T18:04:22.648+0000] {dag.py:2941} INFO - Sync 1 DAGs
[2023-12-05T18:04:22.667+0000] {logging_mixin.py:154} INFO - [2023-12-05T18:04:22.666+0000] {dag.py:3722} INFO - Setting next_dagrun for example_setup_teardown_taskflow to 2023-12-04T18:04:22.666718+00:00, run_after=2023-12-05T18:04:22.666718+00:00
[2023-12-05T18:04:22.693+0000] {processor.py:179} INFO - Processing /usr/local/lib/python3.10/dist-packages/airflow/example_dags/example_setup_teardown_taskflow.py took 0.076 seconds
[2023-12-05T18:05:15.293+0000] {processor.py:157} INFO - Started process (PID=12433) to work on /usr/local/lib/python3.10/dist-packages/airflow/example_dags/example_setup_teardown_taskflow.py
[2023-12-05T18:05:15.295+0000] {processor.py:829} INFO - Processing file /usr/local/lib/python3.10/dist-packages/airflow/example_dags/example_setup_teardown_taskflow.py for tasks to queue
[2023-12-05T18:05:15.297+0000] {logging_mixin.py:154} INFO - [2023-12-05T18:05:15.296+0000] {dagbag.py:536} INFO - Filling up the DagBag from /usr/local/lib/python3.10/dist-packages/airflow/example_dags/example_setup_teardown_taskflow.py
[2023-12-05T18:05:15.315+0000] {processor.py:839} INFO - DAG(s) dict_keys(['example_setup_teardown_taskflow']) retrieved from /usr/local/lib/python3.10/dist-packages/airflow/example_dags/example_setup_teardown_taskflow.py
[2023-12-05T18:05:15.339+0000] {logging_mixin.py:154} INFO - [2023-12-05T18:05:15.339+0000] {dag.py:2941} INFO - Sync 1 DAGs
[2023-12-05T18:05:15.368+0000] {logging_mixin.py:154} INFO - [2023-12-05T18:05:15.367+0000] {dag.py:3722} INFO - Setting next_dagrun for example_setup_teardown_taskflow to 2023-12-04T18:05:15.367532+00:00, run_after=2023-12-05T18:05:15.367532+00:00
[2023-12-05T18:05:15.408+0000] {processor.py:179} INFO - Processing /usr/local/lib/python3.10/dist-packages/airflow/example_dags/example_setup_teardown_taskflow.py took 0.119 seconds
[2023-12-05T18:06:06.014+0000] {processor.py:157} INFO - Started process (PID=12669) to work on /usr/local/lib/python3.10/dist-packages/airflow/example_dags/example_setup_teardown_taskflow.py
[2023-12-05T18:06:06.016+0000] {processor.py:829} INFO - Processing file /usr/local/lib/python3.10/dist-packages/airflow/example_dags/example_setup_teardown_taskflow.py for tasks to queue
[2023-12-05T18:06:06.017+0000] {logging_mixin.py:154} INFO - [2023-12-05T18:06:06.017+0000] {dagbag.py:536} INFO - Filling up the DagBag from /usr/local/lib/python3.10/dist-packages/airflow/example_dags/example_setup_teardown_taskflow.py
[2023-12-05T18:06:06.028+0000] {processor.py:839} INFO - DAG(s) dict_keys(['example_setup_teardown_taskflow']) retrieved from /usr/local/lib/python3.10/dist-packages/airflow/example_dags/example_setup_teardown_taskflow.py
[2023-12-05T18:06:06.046+0000] {logging_mixin.py:154} INFO - [2023-12-05T18:06:06.045+0000] {dag.py:2941} INFO - Sync 1 DAGs
[2023-12-05T18:06:06.073+0000] {logging_mixin.py:154} INFO - [2023-12-05T18:06:06.073+0000] {dag.py:3722} INFO - Setting next_dagrun for example_setup_teardown_taskflow to 2023-12-04T18:06:06.072899+00:00, run_after=2023-12-05T18:06:06.072899+00:00
[2023-12-05T18:06:06.098+0000] {processor.py:179} INFO - Processing /usr/local/lib/python3.10/dist-packages/airflow/example_dags/example_setup_teardown_taskflow.py took 0.087 seconds
[2023-12-05T18:06:59.252+0000] {processor.py:157} INFO - Started process (PID=12914) to work on /usr/local/lib/python3.10/dist-packages/airflow/example_dags/example_setup_teardown_taskflow.py
[2023-12-05T18:06:59.253+0000] {processor.py:829} INFO - Processing file /usr/local/lib/python3.10/dist-packages/airflow/example_dags/example_setup_teardown_taskflow.py for tasks to queue
[2023-12-05T18:06:59.254+0000] {logging_mixin.py:154} INFO - [2023-12-05T18:06:59.254+0000] {dagbag.py:536} INFO - Filling up the DagBag from /usr/local/lib/python3.10/dist-packages/airflow/example_dags/example_setup_teardown_taskflow.py
[2023-12-05T18:06:59.264+0000] {processor.py:839} INFO - DAG(s) dict_keys(['example_setup_teardown_taskflow']) retrieved from /usr/local/lib/python3.10/dist-packages/airflow/example_dags/example_setup_teardown_taskflow.py
[2023-12-05T18:06:59.282+0000] {logging_mixin.py:154} INFO - [2023-12-05T18:06:59.282+0000] {dag.py:2941} INFO - Sync 1 DAGs
[2023-12-05T18:06:59.303+0000] {logging_mixin.py:154} INFO - [2023-12-05T18:06:59.303+0000] {dag.py:3722} INFO - Setting next_dagrun for example_setup_teardown_taskflow to 2023-12-04T18:06:59.303344+00:00, run_after=2023-12-05T18:06:59.303344+00:00
[2023-12-05T18:06:59.326+0000] {processor.py:179} INFO - Processing /usr/local/lib/python3.10/dist-packages/airflow/example_dags/example_setup_teardown_taskflow.py took 0.078 seconds
[2023-12-05T18:07:53.756+0000] {processor.py:157} INFO - Started process (PID=13102) to work on /usr/local/lib/python3.10/dist-packages/airflow/example_dags/example_setup_teardown_taskflow.py
[2023-12-05T18:07:53.757+0000] {processor.py:829} INFO - Processing file /usr/local/lib/python3.10/dist-packages/airflow/example_dags/example_setup_teardown_taskflow.py for tasks to queue
[2023-12-05T18:07:53.759+0000] {logging_mixin.py:154} INFO - [2023-12-05T18:07:53.758+0000] {dagbag.py:536} INFO - Filling up the DagBag from /usr/local/lib/python3.10/dist-packages/airflow/example_dags/example_setup_teardown_taskflow.py
[2023-12-05T18:07:53.775+0000] {processor.py:839} INFO - DAG(s) dict_keys(['example_setup_teardown_taskflow']) retrieved from /usr/local/lib/python3.10/dist-packages/airflow/example_dags/example_setup_teardown_taskflow.py
[2023-12-05T18:07:53.804+0000] {logging_mixin.py:154} INFO - [2023-12-05T18:07:53.804+0000] {dag.py:2941} INFO - Sync 1 DAGs
[2023-12-05T18:07:53.839+0000] {logging_mixin.py:154} INFO - [2023-12-05T18:07:53.839+0000] {dag.py:3722} INFO - Setting next_dagrun for example_setup_teardown_taskflow to 2023-12-04T18:07:53.838786+00:00, run_after=2023-12-05T18:07:53.838786+00:00
[2023-12-05T18:07:53.863+0000] {processor.py:179} INFO - Processing /usr/local/lib/python3.10/dist-packages/airflow/example_dags/example_setup_teardown_taskflow.py took 0.117 seconds
[2023-12-05T18:08:37.961+0000] {processor.py:157} INFO - Started process (PID=13269) to work on /usr/local/lib/python3.10/dist-packages/airflow/example_dags/example_setup_teardown_taskflow.py
[2023-12-05T18:08:37.963+0000] {processor.py:829} INFO - Processing file /usr/local/lib/python3.10/dist-packages/airflow/example_dags/example_setup_teardown_taskflow.py for tasks to queue
[2023-12-05T18:08:37.964+0000] {logging_mixin.py:154} INFO - [2023-12-05T18:08:37.964+0000] {dagbag.py:536} INFO - Filling up the DagBag from /usr/local/lib/python3.10/dist-packages/airflow/example_dags/example_setup_teardown_taskflow.py
[2023-12-05T18:08:37.990+0000] {processor.py:839} INFO - DAG(s) dict_keys(['example_setup_teardown_taskflow']) retrieved from /usr/local/lib/python3.10/dist-packages/airflow/example_dags/example_setup_teardown_taskflow.py
[2023-12-05T18:08:38.039+0000] {logging_mixin.py:154} INFO - [2023-12-05T18:08:38.039+0000] {dag.py:2941} INFO - Sync 1 DAGs
[2023-12-05T18:08:38.071+0000] {logging_mixin.py:154} INFO - [2023-12-05T18:08:38.070+0000] {dag.py:3722} INFO - Setting next_dagrun for example_setup_teardown_taskflow to 2023-12-04T18:08:38.070668+00:00, run_after=2023-12-05T18:08:38.070668+00:00
[2023-12-05T18:08:38.105+0000] {processor.py:179} INFO - Processing /usr/local/lib/python3.10/dist-packages/airflow/example_dags/example_setup_teardown_taskflow.py took 0.149 seconds
[2023-12-05T18:09:29.757+0000] {processor.py:157} INFO - Started process (PID=13635) to work on /usr/local/lib/python3.10/dist-packages/airflow/example_dags/example_setup_teardown_taskflow.py
[2023-12-05T18:09:29.758+0000] {processor.py:829} INFO - Processing file /usr/local/lib/python3.10/dist-packages/airflow/example_dags/example_setup_teardown_taskflow.py for tasks to queue
[2023-12-05T18:09:29.759+0000] {logging_mixin.py:154} INFO - [2023-12-05T18:09:29.759+0000] {dagbag.py:536} INFO - Filling up the DagBag from /usr/local/lib/python3.10/dist-packages/airflow/example_dags/example_setup_teardown_taskflow.py
[2023-12-05T18:09:29.769+0000] {processor.py:839} INFO - DAG(s) dict_keys(['example_setup_teardown_taskflow']) retrieved from /usr/local/lib/python3.10/dist-packages/airflow/example_dags/example_setup_teardown_taskflow.py
[2023-12-05T18:09:29.787+0000] {logging_mixin.py:154} INFO - [2023-12-05T18:09:29.787+0000] {dag.py:2941} INFO - Sync 1 DAGs
[2023-12-05T18:09:29.807+0000] {logging_mixin.py:154} INFO - [2023-12-05T18:09:29.807+0000] {dag.py:3722} INFO - Setting next_dagrun for example_setup_teardown_taskflow to 2023-12-04T18:09:29.806747+00:00, run_after=2023-12-05T18:09:29.806747+00:00
[2023-12-05T18:09:29.849+0000] {processor.py:179} INFO - Processing /usr/local/lib/python3.10/dist-packages/airflow/example_dags/example_setup_teardown_taskflow.py took 0.095 seconds
[2023-12-05T18:10:16.723+0000] {processor.py:157} INFO - Started process (PID=13752) to work on /usr/local/lib/python3.10/dist-packages/airflow/example_dags/example_setup_teardown_taskflow.py
[2023-12-05T18:10:16.727+0000] {processor.py:829} INFO - Processing file /usr/local/lib/python3.10/dist-packages/airflow/example_dags/example_setup_teardown_taskflow.py for tasks to queue
[2023-12-05T18:10:16.728+0000] {logging_mixin.py:154} INFO - [2023-12-05T18:10:16.727+0000] {dagbag.py:536} INFO - Filling up the DagBag from /usr/local/lib/python3.10/dist-packages/airflow/example_dags/example_setup_teardown_taskflow.py
[2023-12-05T18:10:16.750+0000] {processor.py:839} INFO - DAG(s) dict_keys(['example_setup_teardown_taskflow']) retrieved from /usr/local/lib/python3.10/dist-packages/airflow/example_dags/example_setup_teardown_taskflow.py
[2023-12-05T18:10:16.767+0000] {logging_mixin.py:154} INFO - [2023-12-05T18:10:16.767+0000] {dag.py:2941} INFO - Sync 1 DAGs
[2023-12-05T18:10:16.788+0000] {logging_mixin.py:154} INFO - [2023-12-05T18:10:16.788+0000] {dag.py:3722} INFO - Setting next_dagrun for example_setup_teardown_taskflow to 2023-12-04T18:10:16.787738+00:00, run_after=2023-12-05T18:10:16.787738+00:00
[2023-12-05T18:10:16.812+0000] {processor.py:179} INFO - Processing /usr/local/lib/python3.10/dist-packages/airflow/example_dags/example_setup_teardown_taskflow.py took 0.094 seconds
