[2023-12-05T17:46:37.235+0000] {processor.py:157} INFO - Started process (PID=9271) to work on /usr/local/lib/python3.10/dist-packages/airflow/example_dags/example_latest_only.py
[2023-12-05T17:46:37.236+0000] {processor.py:829} INFO - Processing file /usr/local/lib/python3.10/dist-packages/airflow/example_dags/example_latest_only.py for tasks to queue
[2023-12-05T17:46:37.237+0000] {logging_mixin.py:154} INFO - [2023-12-05T17:46:37.236+0000] {dagbag.py:536} INFO - Filling up the DagBag from /usr/local/lib/python3.10/dist-packages/airflow/example_dags/example_latest_only.py
[2023-12-05T17:46:37.243+0000] {processor.py:839} INFO - DAG(s) dict_keys(['latest_only']) retrieved from /usr/local/lib/python3.10/dist-packages/airflow/example_dags/example_latest_only.py
[2023-12-05T17:46:37.266+0000] {logging_mixin.py:154} INFO - [2023-12-05T17:46:37.266+0000] {dag.py:2941} INFO - Sync 1 DAGs
[2023-12-05T17:46:37.291+0000] {logging_mixin.py:154} INFO - [2023-12-05T17:46:37.291+0000] {dag.py:3722} INFO - Setting next_dagrun for latest_only to 2023-12-05T13:46:37.291263+00:00, run_after=2023-12-05T17:46:37.291263+00:00
[2023-12-05T17:46:37.319+0000] {processor.py:179} INFO - Processing /usr/local/lib/python3.10/dist-packages/airflow/example_dags/example_latest_only.py took 0.088 seconds
[2023-12-05T17:47:26.485+0000] {processor.py:157} INFO - Started process (PID=9381) to work on /usr/local/lib/python3.10/dist-packages/airflow/example_dags/example_latest_only.py
[2023-12-05T17:47:26.486+0000] {processor.py:829} INFO - Processing file /usr/local/lib/python3.10/dist-packages/airflow/example_dags/example_latest_only.py for tasks to queue
[2023-12-05T17:47:26.487+0000] {logging_mixin.py:154} INFO - [2023-12-05T17:47:26.487+0000] {dagbag.py:536} INFO - Filling up the DagBag from /usr/local/lib/python3.10/dist-packages/airflow/example_dags/example_latest_only.py
[2023-12-05T17:47:26.493+0000] {processor.py:839} INFO - DAG(s) dict_keys(['latest_only']) retrieved from /usr/local/lib/python3.10/dist-packages/airflow/example_dags/example_latest_only.py
[2023-12-05T17:47:26.511+0000] {logging_mixin.py:154} INFO - [2023-12-05T17:47:26.511+0000] {dag.py:2941} INFO - Sync 1 DAGs
[2023-12-05T17:47:26.537+0000] {logging_mixin.py:154} INFO - [2023-12-05T17:47:26.536+0000] {dag.py:3722} INFO - Setting next_dagrun for latest_only to 2023-12-05T13:47:26.536532+00:00, run_after=2023-12-05T17:47:26.536532+00:00
[2023-12-05T17:47:26.568+0000] {processor.py:179} INFO - Processing /usr/local/lib/python3.10/dist-packages/airflow/example_dags/example_latest_only.py took 0.088 seconds
[2023-12-05T17:48:20.572+0000] {processor.py:157} INFO - Started process (PID=9561) to work on /usr/local/lib/python3.10/dist-packages/airflow/example_dags/example_latest_only.py
[2023-12-05T17:48:20.574+0000] {processor.py:829} INFO - Processing file /usr/local/lib/python3.10/dist-packages/airflow/example_dags/example_latest_only.py for tasks to queue
[2023-12-05T17:48:20.575+0000] {logging_mixin.py:154} INFO - [2023-12-05T17:48:20.574+0000] {dagbag.py:536} INFO - Filling up the DagBag from /usr/local/lib/python3.10/dist-packages/airflow/example_dags/example_latest_only.py
[2023-12-05T17:48:20.580+0000] {processor.py:839} INFO - DAG(s) dict_keys(['latest_only']) retrieved from /usr/local/lib/python3.10/dist-packages/airflow/example_dags/example_latest_only.py
[2023-12-05T17:48:20.599+0000] {logging_mixin.py:154} INFO - [2023-12-05T17:48:20.599+0000] {dag.py:2941} INFO - Sync 1 DAGs
[2023-12-05T17:48:20.619+0000] {logging_mixin.py:154} INFO - [2023-12-05T17:48:20.619+0000] {dag.py:3722} INFO - Setting next_dagrun for latest_only to 2023-12-05T13:48:20.618658+00:00, run_after=2023-12-05T17:48:20.618658+00:00
[2023-12-05T17:48:20.643+0000] {processor.py:179} INFO - Processing /usr/local/lib/python3.10/dist-packages/airflow/example_dags/example_latest_only.py took 0.074 seconds
[2023-12-05T17:49:15.685+0000] {processor.py:157} INFO - Started process (PID=9681) to work on /usr/local/lib/python3.10/dist-packages/airflow/example_dags/example_latest_only.py
[2023-12-05T17:49:15.687+0000] {processor.py:829} INFO - Processing file /usr/local/lib/python3.10/dist-packages/airflow/example_dags/example_latest_only.py for tasks to queue
[2023-12-05T17:49:15.688+0000] {logging_mixin.py:154} INFO - [2023-12-05T17:49:15.687+0000] {dagbag.py:536} INFO - Filling up the DagBag from /usr/local/lib/python3.10/dist-packages/airflow/example_dags/example_latest_only.py
[2023-12-05T17:49:15.693+0000] {processor.py:839} INFO - DAG(s) dict_keys(['latest_only']) retrieved from /usr/local/lib/python3.10/dist-packages/airflow/example_dags/example_latest_only.py
[2023-12-05T17:49:15.713+0000] {logging_mixin.py:154} INFO - [2023-12-05T17:49:15.712+0000] {dag.py:2941} INFO - Sync 1 DAGs
[2023-12-05T17:49:15.734+0000] {logging_mixin.py:154} INFO - [2023-12-05T17:49:15.733+0000] {dag.py:3722} INFO - Setting next_dagrun for latest_only to 2023-12-05T13:49:15.732833+00:00, run_after=2023-12-05T17:49:15.732833+00:00
[2023-12-05T17:49:15.761+0000] {processor.py:179} INFO - Processing /usr/local/lib/python3.10/dist-packages/airflow/example_dags/example_latest_only.py took 0.079 seconds
[2023-12-05T17:50:08.307+0000] {processor.py:157} INFO - Started process (PID=9802) to work on /usr/local/lib/python3.10/dist-packages/airflow/example_dags/example_latest_only.py
[2023-12-05T17:50:08.312+0000] {processor.py:829} INFO - Processing file /usr/local/lib/python3.10/dist-packages/airflow/example_dags/example_latest_only.py for tasks to queue
[2023-12-05T17:50:08.313+0000] {logging_mixin.py:154} INFO - [2023-12-05T17:50:08.313+0000] {dagbag.py:536} INFO - Filling up the DagBag from /usr/local/lib/python3.10/dist-packages/airflow/example_dags/example_latest_only.py
[2023-12-05T17:50:08.323+0000] {processor.py:839} INFO - DAG(s) dict_keys(['latest_only']) retrieved from /usr/local/lib/python3.10/dist-packages/airflow/example_dags/example_latest_only.py
[2023-12-05T17:50:08.343+0000] {logging_mixin.py:154} INFO - [2023-12-05T17:50:08.343+0000] {dag.py:2941} INFO - Sync 1 DAGs
[2023-12-05T17:50:08.367+0000] {logging_mixin.py:154} INFO - [2023-12-05T17:50:08.366+0000] {dag.py:3722} INFO - Setting next_dagrun for latest_only to 2023-12-05T13:50:08.366637+00:00, run_after=2023-12-05T17:50:08.366637+00:00
[2023-12-05T17:50:08.393+0000] {processor.py:179} INFO - Processing /usr/local/lib/python3.10/dist-packages/airflow/example_dags/example_latest_only.py took 0.093 seconds
[2023-12-05T17:51:02.017+0000] {processor.py:157} INFO - Started process (PID=9859) to work on /usr/local/lib/python3.10/dist-packages/airflow/example_dags/example_latest_only.py
[2023-12-05T17:51:02.019+0000] {processor.py:829} INFO - Processing file /usr/local/lib/python3.10/dist-packages/airflow/example_dags/example_latest_only.py for tasks to queue
[2023-12-05T17:51:02.020+0000] {logging_mixin.py:154} INFO - [2023-12-05T17:51:02.020+0000] {dagbag.py:536} INFO - Filling up the DagBag from /usr/local/lib/python3.10/dist-packages/airflow/example_dags/example_latest_only.py
[2023-12-05T17:51:02.035+0000] {processor.py:839} INFO - DAG(s) dict_keys(['latest_only']) retrieved from /usr/local/lib/python3.10/dist-packages/airflow/example_dags/example_latest_only.py
[2023-12-05T17:51:02.060+0000] {logging_mixin.py:154} INFO - [2023-12-05T17:51:02.060+0000] {dag.py:2941} INFO - Sync 1 DAGs
[2023-12-05T17:51:02.092+0000] {logging_mixin.py:154} INFO - [2023-12-05T17:51:02.092+0000] {dag.py:3722} INFO - Setting next_dagrun for latest_only to 2023-12-05T13:51:02.091784+00:00, run_after=2023-12-05T17:51:02.091784+00:00
[2023-12-05T17:51:02.148+0000] {processor.py:179} INFO - Processing /usr/local/lib/python3.10/dist-packages/airflow/example_dags/example_latest_only.py took 0.136 seconds
[2023-12-05T17:51:55.308+0000] {processor.py:157} INFO - Started process (PID=10039) to work on /usr/local/lib/python3.10/dist-packages/airflow/example_dags/example_latest_only.py
[2023-12-05T17:51:55.311+0000] {processor.py:829} INFO - Processing file /usr/local/lib/python3.10/dist-packages/airflow/example_dags/example_latest_only.py for tasks to queue
[2023-12-05T17:51:55.312+0000] {logging_mixin.py:154} INFO - [2023-12-05T17:51:55.311+0000] {dagbag.py:536} INFO - Filling up the DagBag from /usr/local/lib/python3.10/dist-packages/airflow/example_dags/example_latest_only.py
[2023-12-05T17:51:55.317+0000] {processor.py:839} INFO - DAG(s) dict_keys(['latest_only']) retrieved from /usr/local/lib/python3.10/dist-packages/airflow/example_dags/example_latest_only.py
[2023-12-05T17:51:55.333+0000] {logging_mixin.py:154} INFO - [2023-12-05T17:51:55.333+0000] {dag.py:2941} INFO - Sync 1 DAGs
[2023-12-05T17:51:55.351+0000] {logging_mixin.py:154} INFO - [2023-12-05T17:51:55.351+0000] {dag.py:3722} INFO - Setting next_dagrun for latest_only to 2023-12-05T13:51:55.350934+00:00, run_after=2023-12-05T17:51:55.350934+00:00
[2023-12-05T17:51:55.373+0000] {processor.py:179} INFO - Processing /usr/local/lib/python3.10/dist-packages/airflow/example_dags/example_latest_only.py took 0.068 seconds
[2023-12-05T17:52:44.628+0000] {processor.py:157} INFO - Started process (PID=10154) to work on /usr/local/lib/python3.10/dist-packages/airflow/example_dags/example_latest_only.py
[2023-12-05T17:52:44.630+0000] {processor.py:829} INFO - Processing file /usr/local/lib/python3.10/dist-packages/airflow/example_dags/example_latest_only.py for tasks to queue
[2023-12-05T17:52:44.631+0000] {logging_mixin.py:154} INFO - [2023-12-05T17:52:44.631+0000] {dagbag.py:536} INFO - Filling up the DagBag from /usr/local/lib/python3.10/dist-packages/airflow/example_dags/example_latest_only.py
[2023-12-05T17:52:44.642+0000] {processor.py:839} INFO - DAG(s) dict_keys(['latest_only']) retrieved from /usr/local/lib/python3.10/dist-packages/airflow/example_dags/example_latest_only.py
[2023-12-05T17:52:44.675+0000] {logging_mixin.py:154} INFO - [2023-12-05T17:52:44.674+0000] {dag.py:2941} INFO - Sync 1 DAGs
[2023-12-05T17:52:44.697+0000] {logging_mixin.py:154} INFO - [2023-12-05T17:52:44.697+0000] {dag.py:3722} INFO - Setting next_dagrun for latest_only to 2023-12-05T13:52:44.697223+00:00, run_after=2023-12-05T17:52:44.697223+00:00
[2023-12-05T17:52:44.727+0000] {processor.py:179} INFO - Processing /usr/local/lib/python3.10/dist-packages/airflow/example_dags/example_latest_only.py took 0.103 seconds
[2023-12-05T17:53:36.730+0000] {processor.py:157} INFO - Started process (PID=10335) to work on /usr/local/lib/python3.10/dist-packages/airflow/example_dags/example_latest_only.py
[2023-12-05T17:53:36.731+0000] {processor.py:829} INFO - Processing file /usr/local/lib/python3.10/dist-packages/airflow/example_dags/example_latest_only.py for tasks to queue
[2023-12-05T17:53:36.733+0000] {logging_mixin.py:154} INFO - [2023-12-05T17:53:36.732+0000] {dagbag.py:536} INFO - Filling up the DagBag from /usr/local/lib/python3.10/dist-packages/airflow/example_dags/example_latest_only.py
[2023-12-05T17:53:36.741+0000] {processor.py:839} INFO - DAG(s) dict_keys(['latest_only']) retrieved from /usr/local/lib/python3.10/dist-packages/airflow/example_dags/example_latest_only.py
[2023-12-05T17:53:36.762+0000] {logging_mixin.py:154} INFO - [2023-12-05T17:53:36.762+0000] {dag.py:2941} INFO - Sync 1 DAGs
[2023-12-05T17:53:36.783+0000] {logging_mixin.py:154} INFO - [2023-12-05T17:53:36.782+0000] {dag.py:3722} INFO - Setting next_dagrun for latest_only to 2023-12-05T13:53:36.782579+00:00, run_after=2023-12-05T17:53:36.782579+00:00
[2023-12-05T17:53:36.809+0000] {processor.py:179} INFO - Processing /usr/local/lib/python3.10/dist-packages/airflow/example_dags/example_latest_only.py took 0.085 seconds
[2023-12-05T17:54:24.816+0000] {processor.py:157} INFO - Started process (PID=10454) to work on /usr/local/lib/python3.10/dist-packages/airflow/example_dags/example_latest_only.py
[2023-12-05T17:54:24.818+0000] {processor.py:829} INFO - Processing file /usr/local/lib/python3.10/dist-packages/airflow/example_dags/example_latest_only.py for tasks to queue
[2023-12-05T17:54:24.820+0000] {logging_mixin.py:154} INFO - [2023-12-05T17:54:24.818+0000] {dagbag.py:536} INFO - Filling up the DagBag from /usr/local/lib/python3.10/dist-packages/airflow/example_dags/example_latest_only.py
[2023-12-05T17:54:24.831+0000] {processor.py:839} INFO - DAG(s) dict_keys(['latest_only']) retrieved from /usr/local/lib/python3.10/dist-packages/airflow/example_dags/example_latest_only.py
[2023-12-05T17:54:24.866+0000] {logging_mixin.py:154} INFO - [2023-12-05T17:54:24.866+0000] {dag.py:2941} INFO - Sync 1 DAGs
[2023-12-05T17:54:24.920+0000] {logging_mixin.py:154} INFO - [2023-12-05T17:54:24.920+0000] {dag.py:3722} INFO - Setting next_dagrun for latest_only to 2023-12-05T13:54:24.918920+00:00, run_after=2023-12-05T17:54:24.918920+00:00
[2023-12-05T17:54:24.955+0000] {processor.py:179} INFO - Processing /usr/local/lib/python3.10/dist-packages/airflow/example_dags/example_latest_only.py took 0.144 seconds
[2023-12-05T17:55:18.784+0000] {processor.py:157} INFO - Started process (PID=10570) to work on /usr/local/lib/python3.10/dist-packages/airflow/example_dags/example_latest_only.py
[2023-12-05T17:55:18.789+0000] {processor.py:829} INFO - Processing file /usr/local/lib/python3.10/dist-packages/airflow/example_dags/example_latest_only.py for tasks to queue
[2023-12-05T17:55:18.797+0000] {logging_mixin.py:154} INFO - [2023-12-05T17:55:18.794+0000] {dagbag.py:536} INFO - Filling up the DagBag from /usr/local/lib/python3.10/dist-packages/airflow/example_dags/example_latest_only.py
[2023-12-05T17:55:18.806+0000] {processor.py:839} INFO - DAG(s) dict_keys(['latest_only']) retrieved from /usr/local/lib/python3.10/dist-packages/airflow/example_dags/example_latest_only.py
[2023-12-05T17:55:18.832+0000] {logging_mixin.py:154} INFO - [2023-12-05T17:55:18.832+0000] {dag.py:2941} INFO - Sync 1 DAGs
[2023-12-05T17:55:18.863+0000] {logging_mixin.py:154} INFO - [2023-12-05T17:55:18.863+0000] {dag.py:3722} INFO - Setting next_dagrun for latest_only to 2023-12-05T13:55:18.862953+00:00, run_after=2023-12-05T17:55:18.862953+00:00
[2023-12-05T17:55:18.887+0000] {processor.py:179} INFO - Processing /usr/local/lib/python3.10/dist-packages/airflow/example_dags/example_latest_only.py took 0.106 seconds
[2023-12-05T17:56:10.788+0000] {processor.py:157} INFO - Started process (PID=10750) to work on /usr/local/lib/python3.10/dist-packages/airflow/example_dags/example_latest_only.py
[2023-12-05T17:56:10.789+0000] {processor.py:829} INFO - Processing file /usr/local/lib/python3.10/dist-packages/airflow/example_dags/example_latest_only.py for tasks to queue
[2023-12-05T17:56:10.790+0000] {logging_mixin.py:154} INFO - [2023-12-05T17:56:10.790+0000] {dagbag.py:536} INFO - Filling up the DagBag from /usr/local/lib/python3.10/dist-packages/airflow/example_dags/example_latest_only.py
[2023-12-05T17:56:10.796+0000] {processor.py:839} INFO - DAG(s) dict_keys(['latest_only']) retrieved from /usr/local/lib/python3.10/dist-packages/airflow/example_dags/example_latest_only.py
[2023-12-05T17:56:10.812+0000] {logging_mixin.py:154} INFO - [2023-12-05T17:56:10.812+0000] {dag.py:2941} INFO - Sync 1 DAGs
[2023-12-05T17:56:10.831+0000] {logging_mixin.py:154} INFO - [2023-12-05T17:56:10.831+0000] {dag.py:3722} INFO - Setting next_dagrun for latest_only to 2023-12-05T13:56:10.830769+00:00, run_after=2023-12-05T17:56:10.830769+00:00
[2023-12-05T17:56:10.873+0000] {processor.py:179} INFO - Processing /usr/local/lib/python3.10/dist-packages/airflow/example_dags/example_latest_only.py took 0.088 seconds
[2023-12-05T17:57:02.737+0000] {processor.py:157} INFO - Started process (PID=10812) to work on /usr/local/lib/python3.10/dist-packages/airflow/example_dags/example_latest_only.py
[2023-12-05T17:57:02.739+0000] {processor.py:829} INFO - Processing file /usr/local/lib/python3.10/dist-packages/airflow/example_dags/example_latest_only.py for tasks to queue
[2023-12-05T17:57:02.739+0000] {logging_mixin.py:154} INFO - [2023-12-05T17:57:02.739+0000] {dagbag.py:536} INFO - Filling up the DagBag from /usr/local/lib/python3.10/dist-packages/airflow/example_dags/example_latest_only.py
[2023-12-05T17:57:02.745+0000] {processor.py:839} INFO - DAG(s) dict_keys(['latest_only']) retrieved from /usr/local/lib/python3.10/dist-packages/airflow/example_dags/example_latest_only.py
[2023-12-05T17:57:02.767+0000] {logging_mixin.py:154} INFO - [2023-12-05T17:57:02.767+0000] {dag.py:2941} INFO - Sync 1 DAGs
[2023-12-05T17:57:02.790+0000] {logging_mixin.py:154} INFO - [2023-12-05T17:57:02.790+0000] {dag.py:3722} INFO - Setting next_dagrun for latest_only to 2023-12-05T13:57:02.790271+00:00, run_after=2023-12-05T17:57:02.790271+00:00
[2023-12-05T17:57:02.823+0000] {processor.py:179} INFO - Processing /usr/local/lib/python3.10/dist-packages/airflow/example_dags/example_latest_only.py took 0.090 seconds
[2023-12-05T17:57:58.932+0000] {processor.py:157} INFO - Started process (PID=10934) to work on /usr/local/lib/python3.10/dist-packages/airflow/example_dags/example_latest_only.py
[2023-12-05T17:57:58.934+0000] {processor.py:829} INFO - Processing file /usr/local/lib/python3.10/dist-packages/airflow/example_dags/example_latest_only.py for tasks to queue
[2023-12-05T17:57:58.935+0000] {logging_mixin.py:154} INFO - [2023-12-05T17:57:58.934+0000] {dagbag.py:536} INFO - Filling up the DagBag from /usr/local/lib/python3.10/dist-packages/airflow/example_dags/example_latest_only.py
[2023-12-05T17:57:58.940+0000] {processor.py:839} INFO - DAG(s) dict_keys(['latest_only']) retrieved from /usr/local/lib/python3.10/dist-packages/airflow/example_dags/example_latest_only.py
[2023-12-05T17:57:58.956+0000] {logging_mixin.py:154} INFO - [2023-12-05T17:57:58.956+0000] {dag.py:2941} INFO - Sync 1 DAGs
[2023-12-05T17:57:58.984+0000] {logging_mixin.py:154} INFO - [2023-12-05T17:57:58.984+0000] {dag.py:3722} INFO - Setting next_dagrun for latest_only to 2023-12-05T13:57:58.984440+00:00, run_after=2023-12-05T17:57:58.984440+00:00
[2023-12-05T17:57:59.030+0000] {processor.py:179} INFO - Processing /usr/local/lib/python3.10/dist-packages/airflow/example_dags/example_latest_only.py took 0.100 seconds
[2023-12-05T17:58:51.984+0000] {processor.py:157} INFO - Started process (PID=11058) to work on /usr/local/lib/python3.10/dist-packages/airflow/example_dags/example_latest_only.py
[2023-12-05T17:58:51.986+0000] {processor.py:829} INFO - Processing file /usr/local/lib/python3.10/dist-packages/airflow/example_dags/example_latest_only.py for tasks to queue
[2023-12-05T17:58:51.987+0000] {logging_mixin.py:154} INFO - [2023-12-05T17:58:51.986+0000] {dagbag.py:536} INFO - Filling up the DagBag from /usr/local/lib/python3.10/dist-packages/airflow/example_dags/example_latest_only.py
[2023-12-05T17:58:51.997+0000] {processor.py:839} INFO - DAG(s) dict_keys(['latest_only']) retrieved from /usr/local/lib/python3.10/dist-packages/airflow/example_dags/example_latest_only.py
[2023-12-05T17:58:52.019+0000] {logging_mixin.py:154} INFO - [2023-12-05T17:58:52.019+0000] {dag.py:2941} INFO - Sync 1 DAGs
[2023-12-05T17:58:52.043+0000] {logging_mixin.py:154} INFO - [2023-12-05T17:58:52.042+0000] {dag.py:3722} INFO - Setting next_dagrun for latest_only to 2023-12-05T13:58:52.042623+00:00, run_after=2023-12-05T17:58:52.042623+00:00
[2023-12-05T17:58:52.073+0000] {processor.py:179} INFO - Processing /usr/local/lib/python3.10/dist-packages/airflow/example_dags/example_latest_only.py took 0.092 seconds
[2023-12-05T17:59:44.093+0000] {processor.py:157} INFO - Started process (PID=11179) to work on /usr/local/lib/python3.10/dist-packages/airflow/example_dags/example_latest_only.py
[2023-12-05T17:59:44.095+0000] {processor.py:829} INFO - Processing file /usr/local/lib/python3.10/dist-packages/airflow/example_dags/example_latest_only.py for tasks to queue
[2023-12-05T17:59:44.096+0000] {logging_mixin.py:154} INFO - [2023-12-05T17:59:44.095+0000] {dagbag.py:536} INFO - Filling up the DagBag from /usr/local/lib/python3.10/dist-packages/airflow/example_dags/example_latest_only.py
[2023-12-05T17:59:44.102+0000] {processor.py:839} INFO - DAG(s) dict_keys(['latest_only']) retrieved from /usr/local/lib/python3.10/dist-packages/airflow/example_dags/example_latest_only.py
[2023-12-05T17:59:44.119+0000] {logging_mixin.py:154} INFO - [2023-12-05T17:59:44.118+0000] {dag.py:2941} INFO - Sync 1 DAGs
[2023-12-05T17:59:44.139+0000] {logging_mixin.py:154} INFO - [2023-12-05T17:59:44.138+0000] {dag.py:3722} INFO - Setting next_dagrun for latest_only to 2023-12-05T13:59:44.138711+00:00, run_after=2023-12-05T17:59:44.138711+00:00
[2023-12-05T17:59:44.161+0000] {processor.py:179} INFO - Processing /usr/local/lib/python3.10/dist-packages/airflow/example_dags/example_latest_only.py took 0.071 seconds
[2023-12-05T18:00:35.985+0000] {processor.py:157} INFO - Started process (PID=11298) to work on /usr/local/lib/python3.10/dist-packages/airflow/example_dags/example_latest_only.py
[2023-12-05T18:00:35.988+0000] {processor.py:829} INFO - Processing file /usr/local/lib/python3.10/dist-packages/airflow/example_dags/example_latest_only.py for tasks to queue
[2023-12-05T18:00:35.989+0000] {logging_mixin.py:154} INFO - [2023-12-05T18:00:35.988+0000] {dagbag.py:536} INFO - Filling up the DagBag from /usr/local/lib/python3.10/dist-packages/airflow/example_dags/example_latest_only.py
[2023-12-05T18:00:35.996+0000] {processor.py:839} INFO - DAG(s) dict_keys(['latest_only']) retrieved from /usr/local/lib/python3.10/dist-packages/airflow/example_dags/example_latest_only.py
[2023-12-05T18:00:36.031+0000] {logging_mixin.py:154} INFO - [2023-12-05T18:00:36.030+0000] {dag.py:2941} INFO - Sync 1 DAGs
[2023-12-05T18:00:36.061+0000] {logging_mixin.py:154} INFO - [2023-12-05T18:00:36.060+0000] {dag.py:3722} INFO - Setting next_dagrun for latest_only to 2023-12-05T14:00:36.060683+00:00, run_after=2023-12-05T18:00:36.060683+00:00
[2023-12-05T18:00:36.100+0000] {processor.py:179} INFO - Processing /usr/local/lib/python3.10/dist-packages/airflow/example_dags/example_latest_only.py took 0.120 seconds
[2023-12-05T18:01:23.055+0000] {processor.py:157} INFO - Started process (PID=11471) to work on /usr/local/lib/python3.10/dist-packages/airflow/example_dags/example_latest_only.py
[2023-12-05T18:01:23.056+0000] {processor.py:829} INFO - Processing file /usr/local/lib/python3.10/dist-packages/airflow/example_dags/example_latest_only.py for tasks to queue
[2023-12-05T18:01:23.057+0000] {logging_mixin.py:154} INFO - [2023-12-05T18:01:23.057+0000] {dagbag.py:536} INFO - Filling up the DagBag from /usr/local/lib/python3.10/dist-packages/airflow/example_dags/example_latest_only.py
[2023-12-05T18:01:23.069+0000] {processor.py:839} INFO - DAG(s) dict_keys(['latest_only']) retrieved from /usr/local/lib/python3.10/dist-packages/airflow/example_dags/example_latest_only.py
[2023-12-05T18:01:23.106+0000] {logging_mixin.py:154} INFO - [2023-12-05T18:01:23.106+0000] {dag.py:2941} INFO - Sync 1 DAGs
[2023-12-05T18:01:23.152+0000] {logging_mixin.py:154} INFO - [2023-12-05T18:01:23.151+0000] {dag.py:3722} INFO - Setting next_dagrun for latest_only to 2023-12-05T14:01:23.150896+00:00, run_after=2023-12-05T18:01:23.150896+00:00
[2023-12-05T18:01:23.188+0000] {processor.py:179} INFO - Processing /usr/local/lib/python3.10/dist-packages/airflow/example_dags/example_latest_only.py took 0.137 seconds
[2023-12-05T18:02:11.144+0000] {processor.py:157} INFO - Started process (PID=11591) to work on /usr/local/lib/python3.10/dist-packages/airflow/example_dags/example_latest_only.py
[2023-12-05T18:02:11.146+0000] {processor.py:829} INFO - Processing file /usr/local/lib/python3.10/dist-packages/airflow/example_dags/example_latest_only.py for tasks to queue
[2023-12-05T18:02:11.146+0000] {logging_mixin.py:154} INFO - [2023-12-05T18:02:11.146+0000] {dagbag.py:536} INFO - Filling up the DagBag from /usr/local/lib/python3.10/dist-packages/airflow/example_dags/example_latest_only.py
[2023-12-05T18:02:11.152+0000] {processor.py:839} INFO - DAG(s) dict_keys(['latest_only']) retrieved from /usr/local/lib/python3.10/dist-packages/airflow/example_dags/example_latest_only.py
[2023-12-05T18:02:11.170+0000] {logging_mixin.py:154} INFO - [2023-12-05T18:02:11.169+0000] {dag.py:2941} INFO - Sync 1 DAGs
[2023-12-05T18:02:11.190+0000] {logging_mixin.py:154} INFO - [2023-12-05T18:02:11.189+0000] {dag.py:3722} INFO - Setting next_dagrun for latest_only to 2023-12-05T14:02:11.189565+00:00, run_after=2023-12-05T18:02:11.189565+00:00
[2023-12-05T18:02:11.213+0000] {processor.py:179} INFO - Processing /usr/local/lib/python3.10/dist-packages/airflow/example_dags/example_latest_only.py took 0.073 seconds
[2023-12-05T18:03:04.347+0000] {processor.py:157} INFO - Started process (PID=11654) to work on /usr/local/lib/python3.10/dist-packages/airflow/example_dags/example_latest_only.py
[2023-12-05T18:03:04.348+0000] {processor.py:829} INFO - Processing file /usr/local/lib/python3.10/dist-packages/airflow/example_dags/example_latest_only.py for tasks to queue
[2023-12-05T18:03:04.349+0000] {logging_mixin.py:154} INFO - [2023-12-05T18:03:04.349+0000] {dagbag.py:536} INFO - Filling up the DagBag from /usr/local/lib/python3.10/dist-packages/airflow/example_dags/example_latest_only.py
[2023-12-05T18:03:04.355+0000] {processor.py:839} INFO - DAG(s) dict_keys(['latest_only']) retrieved from /usr/local/lib/python3.10/dist-packages/airflow/example_dags/example_latest_only.py
[2023-12-05T18:03:04.394+0000] {logging_mixin.py:154} INFO - [2023-12-05T18:03:04.394+0000] {dag.py:2941} INFO - Sync 1 DAGs
[2023-12-05T18:03:04.423+0000] {logging_mixin.py:154} INFO - [2023-12-05T18:03:04.422+0000] {dag.py:3722} INFO - Setting next_dagrun for latest_only to 2023-12-05T14:03:04.422295+00:00, run_after=2023-12-05T18:03:04.422295+00:00
[2023-12-05T18:03:04.458+0000] {processor.py:179} INFO - Processing /usr/local/lib/python3.10/dist-packages/airflow/example_dags/example_latest_only.py took 0.114 seconds
[2023-12-05T18:03:54.197+0000] {processor.py:157} INFO - Started process (PID=11769) to work on /usr/local/lib/python3.10/dist-packages/airflow/example_dags/example_latest_only.py
[2023-12-05T18:03:54.199+0000] {processor.py:829} INFO - Processing file /usr/local/lib/python3.10/dist-packages/airflow/example_dags/example_latest_only.py for tasks to queue
[2023-12-05T18:03:54.200+0000] {logging_mixin.py:154} INFO - [2023-12-05T18:03:54.200+0000] {dagbag.py:536} INFO - Filling up the DagBag from /usr/local/lib/python3.10/dist-packages/airflow/example_dags/example_latest_only.py
[2023-12-05T18:03:54.206+0000] {processor.py:839} INFO - DAG(s) dict_keys(['latest_only']) retrieved from /usr/local/lib/python3.10/dist-packages/airflow/example_dags/example_latest_only.py
[2023-12-05T18:03:54.225+0000] {logging_mixin.py:154} INFO - [2023-12-05T18:03:54.225+0000] {dag.py:2941} INFO - Sync 1 DAGs
[2023-12-05T18:03:54.277+0000] {logging_mixin.py:154} INFO - [2023-12-05T18:03:54.277+0000] {dag.py:3722} INFO - Setting next_dagrun for latest_only to 2023-12-05T14:03:54.276907+00:00, run_after=2023-12-05T18:03:54.276907+00:00
[2023-12-05T18:03:54.308+0000] {processor.py:179} INFO - Processing /usr/local/lib/python3.10/dist-packages/airflow/example_dags/example_latest_only.py took 0.114 seconds
[2023-12-05T18:04:43.369+0000] {processor.py:157} INFO - Started process (PID=11890) to work on /usr/local/lib/python3.10/dist-packages/airflow/example_dags/example_latest_only.py
[2023-12-05T18:04:43.370+0000] {processor.py:829} INFO - Processing file /usr/local/lib/python3.10/dist-packages/airflow/example_dags/example_latest_only.py for tasks to queue
[2023-12-05T18:04:43.371+0000] {logging_mixin.py:154} INFO - [2023-12-05T18:04:43.371+0000] {dagbag.py:536} INFO - Filling up the DagBag from /usr/local/lib/python3.10/dist-packages/airflow/example_dags/example_latest_only.py
[2023-12-05T18:04:43.378+0000] {processor.py:839} INFO - DAG(s) dict_keys(['latest_only']) retrieved from /usr/local/lib/python3.10/dist-packages/airflow/example_dags/example_latest_only.py
[2023-12-05T18:04:43.409+0000] {logging_mixin.py:154} INFO - [2023-12-05T18:04:43.408+0000] {dag.py:2941} INFO - Sync 1 DAGs
[2023-12-05T18:04:43.442+0000] {logging_mixin.py:154} INFO - [2023-12-05T18:04:43.441+0000] {dag.py:3722} INFO - Setting next_dagrun for latest_only to 2023-12-05T14:04:43.441708+00:00, run_after=2023-12-05T18:04:43.441708+00:00
[2023-12-05T18:04:43.468+0000] {processor.py:179} INFO - Processing /usr/local/lib/python3.10/dist-packages/airflow/example_dags/example_latest_only.py took 0.104 seconds
[2023-12-05T18:05:35.559+0000] {processor.py:157} INFO - Started process (PID=12519) to work on /usr/local/lib/python3.10/dist-packages/airflow/example_dags/example_latest_only.py
[2023-12-05T18:05:35.560+0000] {processor.py:829} INFO - Processing file /usr/local/lib/python3.10/dist-packages/airflow/example_dags/example_latest_only.py for tasks to queue
[2023-12-05T18:05:35.561+0000] {logging_mixin.py:154} INFO - [2023-12-05T18:05:35.561+0000] {dagbag.py:536} INFO - Filling up the DagBag from /usr/local/lib/python3.10/dist-packages/airflow/example_dags/example_latest_only.py
[2023-12-05T18:05:35.567+0000] {processor.py:839} INFO - DAG(s) dict_keys(['latest_only']) retrieved from /usr/local/lib/python3.10/dist-packages/airflow/example_dags/example_latest_only.py
[2023-12-05T18:05:35.585+0000] {logging_mixin.py:154} INFO - [2023-12-05T18:05:35.585+0000] {dag.py:2941} INFO - Sync 1 DAGs
[2023-12-05T18:05:35.609+0000] {logging_mixin.py:154} INFO - [2023-12-05T18:05:35.609+0000] {dag.py:3722} INFO - Setting next_dagrun for latest_only to 2023-12-05T14:05:35.609470+00:00, run_after=2023-12-05T18:05:35.609470+00:00
[2023-12-05T18:05:35.634+0000] {processor.py:179} INFO - Processing /usr/local/lib/python3.10/dist-packages/airflow/example_dags/example_latest_only.py took 0.079 seconds
[2023-12-05T18:06:27.547+0000] {processor.py:157} INFO - Started process (PID=12753) to work on /usr/local/lib/python3.10/dist-packages/airflow/example_dags/example_latest_only.py
[2023-12-05T18:06:27.548+0000] {processor.py:829} INFO - Processing file /usr/local/lib/python3.10/dist-packages/airflow/example_dags/example_latest_only.py for tasks to queue
[2023-12-05T18:06:27.549+0000] {logging_mixin.py:154} INFO - [2023-12-05T18:06:27.549+0000] {dagbag.py:536} INFO - Filling up the DagBag from /usr/local/lib/python3.10/dist-packages/airflow/example_dags/example_latest_only.py
[2023-12-05T18:06:27.555+0000] {processor.py:839} INFO - DAG(s) dict_keys(['latest_only']) retrieved from /usr/local/lib/python3.10/dist-packages/airflow/example_dags/example_latest_only.py
[2023-12-05T18:06:27.570+0000] {logging_mixin.py:154} INFO - [2023-12-05T18:06:27.570+0000] {dag.py:2941} INFO - Sync 1 DAGs
[2023-12-05T18:06:27.592+0000] {logging_mixin.py:154} INFO - [2023-12-05T18:06:27.592+0000] {dag.py:3722} INFO - Setting next_dagrun for latest_only to 2023-12-05T14:06:27.592099+00:00, run_after=2023-12-05T18:06:27.592099+00:00
[2023-12-05T18:06:27.616+0000] {processor.py:179} INFO - Processing /usr/local/lib/python3.10/dist-packages/airflow/example_dags/example_latest_only.py took 0.072 seconds
[2023-12-05T18:07:22.502+0000] {processor.py:157} INFO - Started process (PID=13058) to work on /usr/local/lib/python3.10/dist-packages/airflow/example_dags/example_latest_only.py
[2023-12-05T18:07:22.504+0000] {processor.py:829} INFO - Processing file /usr/local/lib/python3.10/dist-packages/airflow/example_dags/example_latest_only.py for tasks to queue
[2023-12-05T18:07:22.505+0000] {logging_mixin.py:154} INFO - [2023-12-05T18:07:22.504+0000] {dagbag.py:536} INFO - Filling up the DagBag from /usr/local/lib/python3.10/dist-packages/airflow/example_dags/example_latest_only.py
[2023-12-05T18:07:22.521+0000] {processor.py:839} INFO - DAG(s) dict_keys(['latest_only']) retrieved from /usr/local/lib/python3.10/dist-packages/airflow/example_dags/example_latest_only.py
[2023-12-05T18:07:22.552+0000] {logging_mixin.py:154} INFO - [2023-12-05T18:07:22.552+0000] {dag.py:2941} INFO - Sync 1 DAGs
[2023-12-05T18:07:22.576+0000] {logging_mixin.py:154} INFO - [2023-12-05T18:07:22.576+0000] {dag.py:3722} INFO - Setting next_dagrun for latest_only to 2023-12-05T14:07:22.575982+00:00, run_after=2023-12-05T18:07:22.575982+00:00
[2023-12-05T18:07:22.602+0000] {processor.py:179} INFO - Processing /usr/local/lib/python3.10/dist-packages/airflow/example_dags/example_latest_only.py took 0.104 seconds
[2023-12-05T18:08:10.579+0000] {processor.py:157} INFO - Started process (PID=13182) to work on /usr/local/lib/python3.10/dist-packages/airflow/example_dags/example_latest_only.py
[2023-12-05T18:08:10.580+0000] {processor.py:829} INFO - Processing file /usr/local/lib/python3.10/dist-packages/airflow/example_dags/example_latest_only.py for tasks to queue
[2023-12-05T18:08:10.581+0000] {logging_mixin.py:154} INFO - [2023-12-05T18:08:10.580+0000] {dagbag.py:536} INFO - Filling up the DagBag from /usr/local/lib/python3.10/dist-packages/airflow/example_dags/example_latest_only.py
[2023-12-05T18:08:10.586+0000] {processor.py:839} INFO - DAG(s) dict_keys(['latest_only']) retrieved from /usr/local/lib/python3.10/dist-packages/airflow/example_dags/example_latest_only.py
[2023-12-05T18:08:10.601+0000] {logging_mixin.py:154} INFO - [2023-12-05T18:08:10.601+0000] {dag.py:2941} INFO - Sync 1 DAGs
[2023-12-05T18:08:10.619+0000] {logging_mixin.py:154} INFO - [2023-12-05T18:08:10.619+0000] {dag.py:3722} INFO - Setting next_dagrun for latest_only to 2023-12-05T14:08:10.618831+00:00, run_after=2023-12-05T18:08:10.618831+00:00
[2023-12-05T18:08:10.647+0000] {processor.py:179} INFO - Processing /usr/local/lib/python3.10/dist-packages/airflow/example_dags/example_latest_only.py took 0.071 seconds
[2023-12-05T18:08:58.628+0000] {processor.py:157} INFO - Started process (PID=13538) to work on /usr/local/lib/python3.10/dist-packages/airflow/example_dags/example_latest_only.py
[2023-12-05T18:08:58.630+0000] {processor.py:829} INFO - Processing file /usr/local/lib/python3.10/dist-packages/airflow/example_dags/example_latest_only.py for tasks to queue
[2023-12-05T18:08:58.631+0000] {logging_mixin.py:154} INFO - [2023-12-05T18:08:58.631+0000] {dagbag.py:536} INFO - Filling up the DagBag from /usr/local/lib/python3.10/dist-packages/airflow/example_dags/example_latest_only.py
[2023-12-05T18:08:58.637+0000] {processor.py:839} INFO - DAG(s) dict_keys(['latest_only']) retrieved from /usr/local/lib/python3.10/dist-packages/airflow/example_dags/example_latest_only.py
[2023-12-05T18:08:58.655+0000] {logging_mixin.py:154} INFO - [2023-12-05T18:08:58.655+0000] {dag.py:2941} INFO - Sync 1 DAGs
[2023-12-05T18:08:58.680+0000] {logging_mixin.py:154} INFO - [2023-12-05T18:08:58.680+0000] {dag.py:3722} INFO - Setting next_dagrun for latest_only to 2023-12-05T14:08:58.679665+00:00, run_after=2023-12-05T18:08:58.679665+00:00
[2023-12-05T18:08:58.704+0000] {processor.py:179} INFO - Processing /usr/local/lib/python3.10/dist-packages/airflow/example_dags/example_latest_only.py took 0.082 seconds
[2023-12-05T18:09:49.230+0000] {processor.py:157} INFO - Started process (PID=13658) to work on /usr/local/lib/python3.10/dist-packages/airflow/example_dags/example_latest_only.py
[2023-12-05T18:09:49.231+0000] {processor.py:829} INFO - Processing file /usr/local/lib/python3.10/dist-packages/airflow/example_dags/example_latest_only.py for tasks to queue
[2023-12-05T18:09:49.232+0000] {logging_mixin.py:154} INFO - [2023-12-05T18:09:49.232+0000] {dagbag.py:536} INFO - Filling up the DagBag from /usr/local/lib/python3.10/dist-packages/airflow/example_dags/example_latest_only.py
[2023-12-05T18:09:49.238+0000] {processor.py:839} INFO - DAG(s) dict_keys(['latest_only']) retrieved from /usr/local/lib/python3.10/dist-packages/airflow/example_dags/example_latest_only.py
[2023-12-05T18:09:49.257+0000] {logging_mixin.py:154} INFO - [2023-12-05T18:09:49.257+0000] {dag.py:2941} INFO - Sync 1 DAGs
[2023-12-05T18:09:49.284+0000] {logging_mixin.py:154} INFO - [2023-12-05T18:09:49.284+0000] {dag.py:3722} INFO - Setting next_dagrun for latest_only to 2023-12-05T14:09:49.283662+00:00, run_after=2023-12-05T18:09:49.283662+00:00
[2023-12-05T18:09:49.314+0000] {processor.py:179} INFO - Processing /usr/local/lib/python3.10/dist-packages/airflow/example_dags/example_latest_only.py took 0.088 seconds
[2023-12-05T18:10:39.487+0000] {processor.py:157} INFO - Started process (PID=13895) to work on /usr/local/lib/python3.10/dist-packages/airflow/example_dags/example_latest_only.py
[2023-12-05T18:10:39.489+0000] {processor.py:829} INFO - Processing file /usr/local/lib/python3.10/dist-packages/airflow/example_dags/example_latest_only.py for tasks to queue
[2023-12-05T18:10:39.490+0000] {logging_mixin.py:154} INFO - [2023-12-05T18:10:39.490+0000] {dagbag.py:536} INFO - Filling up the DagBag from /usr/local/lib/python3.10/dist-packages/airflow/example_dags/example_latest_only.py
[2023-12-05T18:10:39.508+0000] {processor.py:839} INFO - DAG(s) dict_keys(['latest_only']) retrieved from /usr/local/lib/python3.10/dist-packages/airflow/example_dags/example_latest_only.py
[2023-12-05T18:10:39.541+0000] {logging_mixin.py:154} INFO - [2023-12-05T18:10:39.541+0000] {dag.py:2941} INFO - Sync 1 DAGs
[2023-12-05T18:10:39.590+0000] {logging_mixin.py:154} INFO - [2023-12-05T18:10:39.590+0000] {dag.py:3722} INFO - Setting next_dagrun for latest_only to 2023-12-05T14:10:39.589941+00:00, run_after=2023-12-05T18:10:39.589941+00:00
[2023-12-05T18:10:39.632+0000] {processor.py:179} INFO - Processing /usr/local/lib/python3.10/dist-packages/airflow/example_dags/example_latest_only.py took 0.150 seconds
