[2023-12-05T17:44:47.872+0000] {processor.py:157} INFO - Started process (PID=8760) to work on /usr/local/lib/python3.10/dist-packages/airflow/example_dags/example_trigger_target_dag.py
[2023-12-05T17:44:47.873+0000] {processor.py:829} INFO - Processing file /usr/local/lib/python3.10/dist-packages/airflow/example_dags/example_trigger_target_dag.py for tasks to queue
[2023-12-05T17:44:47.874+0000] {logging_mixin.py:154} INFO - [2023-12-05T17:44:47.874+0000] {dagbag.py:536} INFO - Filling up the DagBag from /usr/local/lib/python3.10/dist-packages/airflow/example_dags/example_trigger_target_dag.py
[2023-12-05T17:44:47.886+0000] {processor.py:839} INFO - DAG(s) dict_keys(['example_trigger_target_dag']) retrieved from /usr/local/lib/python3.10/dist-packages/airflow/example_dags/example_trigger_target_dag.py
[2023-12-05T17:44:48.047+0000] {logging_mixin.py:154} INFO - [2023-12-05T17:44:48.046+0000] {manager.py:499} INFO - Created Permission View: %s
[2023-12-05T17:44:48.067+0000] {logging_mixin.py:154} INFO - [2023-12-05T17:44:48.066+0000] {manager.py:499} INFO - Created Permission View: %s
[2023-12-05T17:44:48.082+0000] {logging_mixin.py:154} INFO - [2023-12-05T17:44:48.082+0000] {manager.py:499} INFO - Created Permission View: %s
[2023-12-05T17:44:48.083+0000] {logging_mixin.py:154} INFO - [2023-12-05T17:44:48.083+0000] {dag.py:2941} INFO - Sync 1 DAGs
[2023-12-05T17:44:48.099+0000] {logging_mixin.py:154} INFO - [2023-12-05T17:44:48.098+0000] {dag.py:2963} INFO - Creating ORM DAG for example_trigger_target_dag
[2023-12-05T17:44:48.100+0000] {logging_mixin.py:154} INFO - [2023-12-05T17:44:48.100+0000] {dag.py:3722} INFO - Setting next_dagrun for example_trigger_target_dag to None, run_after=None
[2023-12-05T17:44:48.142+0000] {processor.py:179} INFO - Processing /usr/local/lib/python3.10/dist-packages/airflow/example_dags/example_trigger_target_dag.py took 0.274 seconds
[2023-12-05T17:46:03.872+0000] {processor.py:157} INFO - Started process (PID=9125) to work on /usr/local/lib/python3.10/dist-packages/airflow/example_dags/example_trigger_target_dag.py
[2023-12-05T17:46:03.873+0000] {processor.py:829} INFO - Processing file /usr/local/lib/python3.10/dist-packages/airflow/example_dags/example_trigger_target_dag.py for tasks to queue
[2023-12-05T17:46:03.874+0000] {logging_mixin.py:154} INFO - [2023-12-05T17:46:03.874+0000] {dagbag.py:536} INFO - Filling up the DagBag from /usr/local/lib/python3.10/dist-packages/airflow/example_dags/example_trigger_target_dag.py
[2023-12-05T17:46:03.890+0000] {processor.py:839} INFO - DAG(s) dict_keys(['example_trigger_target_dag']) retrieved from /usr/local/lib/python3.10/dist-packages/airflow/example_dags/example_trigger_target_dag.py
[2023-12-05T17:46:03.902+0000] {logging_mixin.py:154} INFO - [2023-12-05T17:46:03.902+0000] {dag.py:2941} INFO - Sync 1 DAGs
[2023-12-05T17:46:03.926+0000] {logging_mixin.py:154} INFO - [2023-12-05T17:46:03.925+0000] {dag.py:3722} INFO - Setting next_dagrun for example_trigger_target_dag to None, run_after=None
[2023-12-05T17:46:03.961+0000] {processor.py:179} INFO - Processing /usr/local/lib/python3.10/dist-packages/airflow/example_dags/example_trigger_target_dag.py took 0.095 seconds
[2023-12-05T17:46:53.983+0000] {processor.py:157} INFO - Started process (PID=9288) to work on /usr/local/lib/python3.10/dist-packages/airflow/example_dags/example_trigger_target_dag.py
[2023-12-05T17:46:53.985+0000] {processor.py:829} INFO - Processing file /usr/local/lib/python3.10/dist-packages/airflow/example_dags/example_trigger_target_dag.py for tasks to queue
[2023-12-05T17:46:53.986+0000] {logging_mixin.py:154} INFO - [2023-12-05T17:46:53.986+0000] {dagbag.py:536} INFO - Filling up the DagBag from /usr/local/lib/python3.10/dist-packages/airflow/example_dags/example_trigger_target_dag.py
[2023-12-05T17:46:53.994+0000] {processor.py:839} INFO - DAG(s) dict_keys(['example_trigger_target_dag']) retrieved from /usr/local/lib/python3.10/dist-packages/airflow/example_dags/example_trigger_target_dag.py
[2023-12-05T17:46:54.015+0000] {logging_mixin.py:154} INFO - [2023-12-05T17:46:54.015+0000] {dag.py:2941} INFO - Sync 1 DAGs
[2023-12-05T17:46:54.035+0000] {logging_mixin.py:154} INFO - [2023-12-05T17:46:54.035+0000] {dag.py:3722} INFO - Setting next_dagrun for example_trigger_target_dag to None, run_after=None
[2023-12-05T17:46:54.072+0000] {processor.py:179} INFO - Processing /usr/local/lib/python3.10/dist-packages/airflow/example_dags/example_trigger_target_dag.py took 0.092 seconds
[2023-12-05T17:47:31.644+0000] {processor.py:157} INFO - Started process (PID=9388) to work on /usr/local/lib/python3.10/dist-packages/airflow/example_dags/example_trigger_target_dag.py
[2023-12-05T17:47:31.646+0000] {processor.py:829} INFO - Processing file /usr/local/lib/python3.10/dist-packages/airflow/example_dags/example_trigger_target_dag.py for tasks to queue
[2023-12-05T17:47:31.646+0000] {logging_mixin.py:154} INFO - [2023-12-05T17:47:31.646+0000] {dagbag.py:536} INFO - Filling up the DagBag from /usr/local/lib/python3.10/dist-packages/airflow/example_dags/example_trigger_target_dag.py
[2023-12-05T17:47:31.654+0000] {processor.py:839} INFO - DAG(s) dict_keys(['example_trigger_target_dag']) retrieved from /usr/local/lib/python3.10/dist-packages/airflow/example_dags/example_trigger_target_dag.py
[2023-12-05T17:47:31.671+0000] {logging_mixin.py:154} INFO - [2023-12-05T17:47:31.671+0000] {dag.py:2941} INFO - Sync 1 DAGs
[2023-12-05T17:47:31.682+0000] {logging_mixin.py:154} INFO - [2023-12-05T17:47:31.682+0000] {dag.py:3722} INFO - Setting next_dagrun for example_trigger_target_dag to None, run_after=None
[2023-12-05T17:47:31.708+0000] {processor.py:179} INFO - Processing /usr/local/lib/python3.10/dist-packages/airflow/example_dags/example_trigger_target_dag.py took 0.068 seconds
[2023-12-05T17:48:07.500+0000] {processor.py:157} INFO - Started process (PID=9487) to work on /usr/local/lib/python3.10/dist-packages/airflow/example_dags/example_trigger_target_dag.py
[2023-12-05T17:48:07.501+0000] {processor.py:829} INFO - Processing file /usr/local/lib/python3.10/dist-packages/airflow/example_dags/example_trigger_target_dag.py for tasks to queue
[2023-12-05T17:48:07.502+0000] {logging_mixin.py:154} INFO - [2023-12-05T17:48:07.502+0000] {dagbag.py:536} INFO - Filling up the DagBag from /usr/local/lib/python3.10/dist-packages/airflow/example_dags/example_trigger_target_dag.py
[2023-12-05T17:48:07.510+0000] {processor.py:839} INFO - DAG(s) dict_keys(['example_trigger_target_dag']) retrieved from /usr/local/lib/python3.10/dist-packages/airflow/example_dags/example_trigger_target_dag.py
[2023-12-05T17:48:07.531+0000] {logging_mixin.py:154} INFO - [2023-12-05T17:48:07.531+0000] {dag.py:2941} INFO - Sync 1 DAGs
[2023-12-05T17:48:07.544+0000] {logging_mixin.py:154} INFO - [2023-12-05T17:48:07.544+0000] {dag.py:3722} INFO - Setting next_dagrun for example_trigger_target_dag to None, run_after=None
[2023-12-05T17:48:07.573+0000] {processor.py:179} INFO - Processing /usr/local/lib/python3.10/dist-packages/airflow/example_dags/example_trigger_target_dag.py took 0.077 seconds
[2023-12-05T17:48:45.723+0000] {processor.py:157} INFO - Started process (PID=9587) to work on /usr/local/lib/python3.10/dist-packages/airflow/example_dags/example_trigger_target_dag.py
[2023-12-05T17:48:45.725+0000] {processor.py:829} INFO - Processing file /usr/local/lib/python3.10/dist-packages/airflow/example_dags/example_trigger_target_dag.py for tasks to queue
[2023-12-05T17:48:45.725+0000] {logging_mixin.py:154} INFO - [2023-12-05T17:48:45.725+0000] {dagbag.py:536} INFO - Filling up the DagBag from /usr/local/lib/python3.10/dist-packages/airflow/example_dags/example_trigger_target_dag.py
[2023-12-05T17:48:45.732+0000] {processor.py:839} INFO - DAG(s) dict_keys(['example_trigger_target_dag']) retrieved from /usr/local/lib/python3.10/dist-packages/airflow/example_dags/example_trigger_target_dag.py
[2023-12-05T17:48:45.748+0000] {logging_mixin.py:154} INFO - [2023-12-05T17:48:45.748+0000] {dag.py:2941} INFO - Sync 1 DAGs
[2023-12-05T17:48:45.759+0000] {logging_mixin.py:154} INFO - [2023-12-05T17:48:45.759+0000] {dag.py:3722} INFO - Setting next_dagrun for example_trigger_target_dag to None, run_after=None
[2023-12-05T17:48:45.786+0000] {processor.py:179} INFO - Processing /usr/local/lib/python3.10/dist-packages/airflow/example_dags/example_trigger_target_dag.py took 0.070 seconds
[2023-12-05T17:49:20.869+0000] {processor.py:157} INFO - Started process (PID=9686) to work on /usr/local/lib/python3.10/dist-packages/airflow/example_dags/example_trigger_target_dag.py
[2023-12-05T17:49:20.870+0000] {processor.py:829} INFO - Processing file /usr/local/lib/python3.10/dist-packages/airflow/example_dags/example_trigger_target_dag.py for tasks to queue
[2023-12-05T17:49:20.871+0000] {logging_mixin.py:154} INFO - [2023-12-05T17:49:20.871+0000] {dagbag.py:536} INFO - Filling up the DagBag from /usr/local/lib/python3.10/dist-packages/airflow/example_dags/example_trigger_target_dag.py
[2023-12-05T17:49:20.878+0000] {processor.py:839} INFO - DAG(s) dict_keys(['example_trigger_target_dag']) retrieved from /usr/local/lib/python3.10/dist-packages/airflow/example_dags/example_trigger_target_dag.py
[2023-12-05T17:49:20.897+0000] {logging_mixin.py:154} INFO - [2023-12-05T17:49:20.897+0000] {dag.py:2941} INFO - Sync 1 DAGs
[2023-12-05T17:49:20.912+0000] {logging_mixin.py:154} INFO - [2023-12-05T17:49:20.911+0000] {dag.py:3722} INFO - Setting next_dagrun for example_trigger_target_dag to None, run_after=None
[2023-12-05T17:49:20.939+0000] {processor.py:179} INFO - Processing /usr/local/lib/python3.10/dist-packages/airflow/example_dags/example_trigger_target_dag.py took 0.073 seconds
[2023-12-05T17:49:56.816+0000] {processor.py:157} INFO - Started process (PID=9724) to work on /usr/local/lib/python3.10/dist-packages/airflow/example_dags/example_trigger_target_dag.py
[2023-12-05T17:49:56.817+0000] {processor.py:829} INFO - Processing file /usr/local/lib/python3.10/dist-packages/airflow/example_dags/example_trigger_target_dag.py for tasks to queue
[2023-12-05T17:49:56.818+0000] {logging_mixin.py:154} INFO - [2023-12-05T17:49:56.817+0000] {dagbag.py:536} INFO - Filling up the DagBag from /usr/local/lib/python3.10/dist-packages/airflow/example_dags/example_trigger_target_dag.py
[2023-12-05T17:49:56.824+0000] {processor.py:839} INFO - DAG(s) dict_keys(['example_trigger_target_dag']) retrieved from /usr/local/lib/python3.10/dist-packages/airflow/example_dags/example_trigger_target_dag.py
[2023-12-05T17:49:56.838+0000] {logging_mixin.py:154} INFO - [2023-12-05T17:49:56.838+0000] {dag.py:2941} INFO - Sync 1 DAGs
[2023-12-05T17:49:56.848+0000] {logging_mixin.py:154} INFO - [2023-12-05T17:49:56.848+0000] {dag.py:3722} INFO - Setting next_dagrun for example_trigger_target_dag to None, run_after=None
[2023-12-05T17:49:56.871+0000] {processor.py:179} INFO - Processing /usr/local/lib/python3.10/dist-packages/airflow/example_dags/example_trigger_target_dag.py took 0.059 seconds
[2023-12-05T17:50:32.231+0000] {processor.py:157} INFO - Started process (PID=9828) to work on /usr/local/lib/python3.10/dist-packages/airflow/example_dags/example_trigger_target_dag.py
[2023-12-05T17:50:32.234+0000] {processor.py:829} INFO - Processing file /usr/local/lib/python3.10/dist-packages/airflow/example_dags/example_trigger_target_dag.py for tasks to queue
[2023-12-05T17:50:32.237+0000] {logging_mixin.py:154} INFO - [2023-12-05T17:50:32.236+0000] {dagbag.py:536} INFO - Filling up the DagBag from /usr/local/lib/python3.10/dist-packages/airflow/example_dags/example_trigger_target_dag.py
[2023-12-05T17:50:32.244+0000] {processor.py:839} INFO - DAG(s) dict_keys(['example_trigger_target_dag']) retrieved from /usr/local/lib/python3.10/dist-packages/airflow/example_dags/example_trigger_target_dag.py
[2023-12-05T17:50:32.272+0000] {logging_mixin.py:154} INFO - [2023-12-05T17:50:32.272+0000] {dag.py:2941} INFO - Sync 1 DAGs
[2023-12-05T17:50:32.298+0000] {logging_mixin.py:154} INFO - [2023-12-05T17:50:32.298+0000] {dag.py:3722} INFO - Setting next_dagrun for example_trigger_target_dag to None, run_after=None
[2023-12-05T17:50:32.341+0000] {processor.py:179} INFO - Processing /usr/local/lib/python3.10/dist-packages/airflow/example_dags/example_trigger_target_dag.py took 0.116 seconds
[2023-12-05T17:51:06.002+0000] {processor.py:157} INFO - Started process (PID=9924) to work on /usr/local/lib/python3.10/dist-packages/airflow/example_dags/example_trigger_target_dag.py
[2023-12-05T17:51:06.009+0000] {processor.py:829} INFO - Processing file /usr/local/lib/python3.10/dist-packages/airflow/example_dags/example_trigger_target_dag.py for tasks to queue
[2023-12-05T17:51:06.010+0000] {logging_mixin.py:154} INFO - [2023-12-05T17:51:06.009+0000] {dagbag.py:536} INFO - Filling up the DagBag from /usr/local/lib/python3.10/dist-packages/airflow/example_dags/example_trigger_target_dag.py
[2023-12-05T17:51:06.017+0000] {processor.py:839} INFO - DAG(s) dict_keys(['example_trigger_target_dag']) retrieved from /usr/local/lib/python3.10/dist-packages/airflow/example_dags/example_trigger_target_dag.py
[2023-12-05T17:51:06.036+0000] {logging_mixin.py:154} INFO - [2023-12-05T17:51:06.036+0000] {dag.py:2941} INFO - Sync 1 DAGs
[2023-12-05T17:51:06.047+0000] {logging_mixin.py:154} INFO - [2023-12-05T17:51:06.047+0000] {dag.py:3722} INFO - Setting next_dagrun for example_trigger_target_dag to None, run_after=None
[2023-12-05T17:51:06.068+0000] {processor.py:179} INFO - Processing /usr/local/lib/python3.10/dist-packages/airflow/example_dags/example_trigger_target_dag.py took 0.070 seconds
[2023-12-05T17:51:41.434+0000] {processor.py:157} INFO - Started process (PID=10023) to work on /usr/local/lib/python3.10/dist-packages/airflow/example_dags/example_trigger_target_dag.py
[2023-12-05T17:51:41.435+0000] {processor.py:829} INFO - Processing file /usr/local/lib/python3.10/dist-packages/airflow/example_dags/example_trigger_target_dag.py for tasks to queue
[2023-12-05T17:51:41.436+0000] {logging_mixin.py:154} INFO - [2023-12-05T17:51:41.436+0000] {dagbag.py:536} INFO - Filling up the DagBag from /usr/local/lib/python3.10/dist-packages/airflow/example_dags/example_trigger_target_dag.py
[2023-12-05T17:51:41.443+0000] {processor.py:839} INFO - DAG(s) dict_keys(['example_trigger_target_dag']) retrieved from /usr/local/lib/python3.10/dist-packages/airflow/example_dags/example_trigger_target_dag.py
[2023-12-05T17:51:41.460+0000] {logging_mixin.py:154} INFO - [2023-12-05T17:51:41.460+0000] {dag.py:2941} INFO - Sync 1 DAGs
[2023-12-05T17:51:41.472+0000] {logging_mixin.py:154} INFO - [2023-12-05T17:51:41.472+0000] {dag.py:3722} INFO - Setting next_dagrun for example_trigger_target_dag to None, run_after=None
[2023-12-05T17:51:41.501+0000] {processor.py:179} INFO - Processing /usr/local/lib/python3.10/dist-packages/airflow/example_dags/example_trigger_target_dag.py took 0.071 seconds
[2023-12-05T17:52:16.289+0000] {processor.py:157} INFO - Started process (PID=10122) to work on /usr/local/lib/python3.10/dist-packages/airflow/example_dags/example_trigger_target_dag.py
[2023-12-05T17:52:16.290+0000] {processor.py:829} INFO - Processing file /usr/local/lib/python3.10/dist-packages/airflow/example_dags/example_trigger_target_dag.py for tasks to queue
[2023-12-05T17:52:16.291+0000] {logging_mixin.py:154} INFO - [2023-12-05T17:52:16.291+0000] {dagbag.py:536} INFO - Filling up the DagBag from /usr/local/lib/python3.10/dist-packages/airflow/example_dags/example_trigger_target_dag.py
[2023-12-05T17:52:16.298+0000] {processor.py:839} INFO - DAG(s) dict_keys(['example_trigger_target_dag']) retrieved from /usr/local/lib/python3.10/dist-packages/airflow/example_dags/example_trigger_target_dag.py
[2023-12-05T17:52:16.317+0000] {logging_mixin.py:154} INFO - [2023-12-05T17:52:16.317+0000] {dag.py:2941} INFO - Sync 1 DAGs
[2023-12-05T17:52:16.328+0000] {logging_mixin.py:154} INFO - [2023-12-05T17:52:16.328+0000] {dag.py:3722} INFO - Setting next_dagrun for example_trigger_target_dag to None, run_after=None
[2023-12-05T17:52:16.353+0000] {processor.py:179} INFO - Processing /usr/local/lib/python3.10/dist-packages/airflow/example_dags/example_trigger_target_dag.py took 0.067 seconds
[2023-12-05T17:52:49.885+0000] {processor.py:157} INFO - Started process (PID=10160) to work on /usr/local/lib/python3.10/dist-packages/airflow/example_dags/example_trigger_target_dag.py
[2023-12-05T17:52:49.887+0000] {processor.py:829} INFO - Processing file /usr/local/lib/python3.10/dist-packages/airflow/example_dags/example_trigger_target_dag.py for tasks to queue
[2023-12-05T17:52:49.888+0000] {logging_mixin.py:154} INFO - [2023-12-05T17:52:49.887+0000] {dagbag.py:536} INFO - Filling up the DagBag from /usr/local/lib/python3.10/dist-packages/airflow/example_dags/example_trigger_target_dag.py
[2023-12-05T17:52:49.896+0000] {processor.py:839} INFO - DAG(s) dict_keys(['example_trigger_target_dag']) retrieved from /usr/local/lib/python3.10/dist-packages/airflow/example_dags/example_trigger_target_dag.py
[2023-12-05T17:52:49.914+0000] {logging_mixin.py:154} INFO - [2023-12-05T17:52:49.913+0000] {dag.py:2941} INFO - Sync 1 DAGs
[2023-12-05T17:52:49.927+0000] {logging_mixin.py:154} INFO - [2023-12-05T17:52:49.927+0000] {dag.py:3722} INFO - Setting next_dagrun for example_trigger_target_dag to None, run_after=None
[2023-12-05T17:52:49.952+0000] {processor.py:179} INFO - Processing /usr/local/lib/python3.10/dist-packages/airflow/example_dags/example_trigger_target_dag.py took 0.071 seconds
[2023-12-05T17:53:24.189+0000] {processor.py:157} INFO - Started process (PID=10321) to work on /usr/local/lib/python3.10/dist-packages/airflow/example_dags/example_trigger_target_dag.py
[2023-12-05T17:53:24.190+0000] {processor.py:829} INFO - Processing file /usr/local/lib/python3.10/dist-packages/airflow/example_dags/example_trigger_target_dag.py for tasks to queue
[2023-12-05T17:53:24.191+0000] {logging_mixin.py:154} INFO - [2023-12-05T17:53:24.191+0000] {dagbag.py:536} INFO - Filling up the DagBag from /usr/local/lib/python3.10/dist-packages/airflow/example_dags/example_trigger_target_dag.py
[2023-12-05T17:53:24.199+0000] {processor.py:839} INFO - DAG(s) dict_keys(['example_trigger_target_dag']) retrieved from /usr/local/lib/python3.10/dist-packages/airflow/example_dags/example_trigger_target_dag.py
[2023-12-05T17:53:24.228+0000] {logging_mixin.py:154} INFO - [2023-12-05T17:53:24.228+0000] {dag.py:2941} INFO - Sync 1 DAGs
[2023-12-05T17:53:24.242+0000] {logging_mixin.py:154} INFO - [2023-12-05T17:53:24.241+0000] {dag.py:3722} INFO - Setting next_dagrun for example_trigger_target_dag to None, run_after=None
[2023-12-05T17:53:24.272+0000] {processor.py:179} INFO - Processing /usr/local/lib/python3.10/dist-packages/airflow/example_dags/example_trigger_target_dag.py took 0.092 seconds
[2023-12-05T17:53:58.436+0000] {processor.py:157} INFO - Started process (PID=10359) to work on /usr/local/lib/python3.10/dist-packages/airflow/example_dags/example_trigger_target_dag.py
[2023-12-05T17:53:58.437+0000] {processor.py:829} INFO - Processing file /usr/local/lib/python3.10/dist-packages/airflow/example_dags/example_trigger_target_dag.py for tasks to queue
[2023-12-05T17:53:58.438+0000] {logging_mixin.py:154} INFO - [2023-12-05T17:53:58.438+0000] {dagbag.py:536} INFO - Filling up the DagBag from /usr/local/lib/python3.10/dist-packages/airflow/example_dags/example_trigger_target_dag.py
[2023-12-05T17:53:58.450+0000] {processor.py:839} INFO - DAG(s) dict_keys(['example_trigger_target_dag']) retrieved from /usr/local/lib/python3.10/dist-packages/airflow/example_dags/example_trigger_target_dag.py
[2023-12-05T17:53:58.480+0000] {logging_mixin.py:154} INFO - [2023-12-05T17:53:58.480+0000] {dag.py:2941} INFO - Sync 1 DAGs
[2023-12-05T17:53:58.495+0000] {logging_mixin.py:154} INFO - [2023-12-05T17:53:58.495+0000] {dag.py:3722} INFO - Setting next_dagrun for example_trigger_target_dag to None, run_after=None
[2023-12-05T17:53:58.520+0000] {processor.py:179} INFO - Processing /usr/local/lib/python3.10/dist-packages/airflow/example_dags/example_trigger_target_dag.py took 0.088 seconds
[2023-12-05T17:54:30.895+0000] {processor.py:157} INFO - Started process (PID=10459) to work on /usr/local/lib/python3.10/dist-packages/airflow/example_dags/example_trigger_target_dag.py
[2023-12-05T17:54:30.896+0000] {processor.py:829} INFO - Processing file /usr/local/lib/python3.10/dist-packages/airflow/example_dags/example_trigger_target_dag.py for tasks to queue
[2023-12-05T17:54:30.898+0000] {logging_mixin.py:154} INFO - [2023-12-05T17:54:30.897+0000] {dagbag.py:536} INFO - Filling up the DagBag from /usr/local/lib/python3.10/dist-packages/airflow/example_dags/example_trigger_target_dag.py
[2023-12-05T17:54:30.906+0000] {processor.py:839} INFO - DAG(s) dict_keys(['example_trigger_target_dag']) retrieved from /usr/local/lib/python3.10/dist-packages/airflow/example_dags/example_trigger_target_dag.py
[2023-12-05T17:54:30.927+0000] {logging_mixin.py:154} INFO - [2023-12-05T17:54:30.927+0000] {dag.py:2941} INFO - Sync 1 DAGs
[2023-12-05T17:54:30.941+0000] {logging_mixin.py:154} INFO - [2023-12-05T17:54:30.941+0000] {dag.py:3722} INFO - Setting next_dagrun for example_trigger_target_dag to None, run_after=None
[2023-12-05T17:54:30.971+0000] {processor.py:179} INFO - Processing /usr/local/lib/python3.10/dist-packages/airflow/example_dags/example_trigger_target_dag.py took 0.089 seconds
[2023-12-05T17:55:06.237+0000] {processor.py:157} INFO - Started process (PID=10556) to work on /usr/local/lib/python3.10/dist-packages/airflow/example_dags/example_trigger_target_dag.py
[2023-12-05T17:55:06.239+0000] {processor.py:829} INFO - Processing file /usr/local/lib/python3.10/dist-packages/airflow/example_dags/example_trigger_target_dag.py for tasks to queue
[2023-12-05T17:55:06.240+0000] {logging_mixin.py:154} INFO - [2023-12-05T17:55:06.240+0000] {dagbag.py:536} INFO - Filling up the DagBag from /usr/local/lib/python3.10/dist-packages/airflow/example_dags/example_trigger_target_dag.py
[2023-12-05T17:55:06.248+0000] {processor.py:839} INFO - DAG(s) dict_keys(['example_trigger_target_dag']) retrieved from /usr/local/lib/python3.10/dist-packages/airflow/example_dags/example_trigger_target_dag.py
[2023-12-05T17:55:06.268+0000] {logging_mixin.py:154} INFO - [2023-12-05T17:55:06.268+0000] {dag.py:2941} INFO - Sync 1 DAGs
[2023-12-05T17:55:06.284+0000] {logging_mixin.py:154} INFO - [2023-12-05T17:55:06.283+0000] {dag.py:3722} INFO - Setting next_dagrun for example_trigger_target_dag to None, run_after=None
[2023-12-05T17:55:06.314+0000] {processor.py:179} INFO - Processing /usr/local/lib/python3.10/dist-packages/airflow/example_dags/example_trigger_target_dag.py took 0.080 seconds
[2023-12-05T17:55:40.979+0000] {processor.py:157} INFO - Started process (PID=10597) to work on /usr/local/lib/python3.10/dist-packages/airflow/example_dags/example_trigger_target_dag.py
[2023-12-05T17:55:40.984+0000] {processor.py:829} INFO - Processing file /usr/local/lib/python3.10/dist-packages/airflow/example_dags/example_trigger_target_dag.py for tasks to queue
[2023-12-05T17:55:40.986+0000] {logging_mixin.py:154} INFO - [2023-12-05T17:55:40.986+0000] {dagbag.py:536} INFO - Filling up the DagBag from /usr/local/lib/python3.10/dist-packages/airflow/example_dags/example_trigger_target_dag.py
[2023-12-05T17:55:41.002+0000] {processor.py:839} INFO - DAG(s) dict_keys(['example_trigger_target_dag']) retrieved from /usr/local/lib/python3.10/dist-packages/airflow/example_dags/example_trigger_target_dag.py
[2023-12-05T17:55:41.029+0000] {logging_mixin.py:154} INFO - [2023-12-05T17:55:41.029+0000] {dag.py:2941} INFO - Sync 1 DAGs
[2023-12-05T17:55:41.042+0000] {logging_mixin.py:154} INFO - [2023-12-05T17:55:41.042+0000] {dag.py:3722} INFO - Setting next_dagrun for example_trigger_target_dag to None, run_after=None
[2023-12-05T17:55:41.070+0000] {processor.py:179} INFO - Processing /usr/local/lib/python3.10/dist-packages/airflow/example_dags/example_trigger_target_dag.py took 0.099 seconds
[2023-12-05T17:56:15.046+0000] {processor.py:157} INFO - Started process (PID=10757) to work on /usr/local/lib/python3.10/dist-packages/airflow/example_dags/example_trigger_target_dag.py
[2023-12-05T17:56:15.047+0000] {processor.py:829} INFO - Processing file /usr/local/lib/python3.10/dist-packages/airflow/example_dags/example_trigger_target_dag.py for tasks to queue
[2023-12-05T17:56:15.048+0000] {logging_mixin.py:154} INFO - [2023-12-05T17:56:15.048+0000] {dagbag.py:536} INFO - Filling up the DagBag from /usr/local/lib/python3.10/dist-packages/airflow/example_dags/example_trigger_target_dag.py
[2023-12-05T17:56:15.054+0000] {processor.py:839} INFO - DAG(s) dict_keys(['example_trigger_target_dag']) retrieved from /usr/local/lib/python3.10/dist-packages/airflow/example_dags/example_trigger_target_dag.py
[2023-12-05T17:56:15.070+0000] {logging_mixin.py:154} INFO - [2023-12-05T17:56:15.070+0000] {dag.py:2941} INFO - Sync 1 DAGs
[2023-12-05T17:56:15.082+0000] {logging_mixin.py:154} INFO - [2023-12-05T17:56:15.082+0000] {dag.py:3722} INFO - Setting next_dagrun for example_trigger_target_dag to None, run_after=None
[2023-12-05T17:56:15.107+0000] {processor.py:179} INFO - Processing /usr/local/lib/python3.10/dist-packages/airflow/example_dags/example_trigger_target_dag.py took 0.065 seconds
[2023-12-05T17:56:48.699+0000] {processor.py:157} INFO - Started process (PID=10796) to work on /usr/local/lib/python3.10/dist-packages/airflow/example_dags/example_trigger_target_dag.py
[2023-12-05T17:56:48.701+0000] {processor.py:829} INFO - Processing file /usr/local/lib/python3.10/dist-packages/airflow/example_dags/example_trigger_target_dag.py for tasks to queue
[2023-12-05T17:56:48.702+0000] {logging_mixin.py:154} INFO - [2023-12-05T17:56:48.701+0000] {dagbag.py:536} INFO - Filling up the DagBag from /usr/local/lib/python3.10/dist-packages/airflow/example_dags/example_trigger_target_dag.py
[2023-12-05T17:56:48.708+0000] {processor.py:839} INFO - DAG(s) dict_keys(['example_trigger_target_dag']) retrieved from /usr/local/lib/python3.10/dist-packages/airflow/example_dags/example_trigger_target_dag.py
[2023-12-05T17:56:48.724+0000] {logging_mixin.py:154} INFO - [2023-12-05T17:56:48.724+0000] {dag.py:2941} INFO - Sync 1 DAGs
[2023-12-05T17:56:48.736+0000] {logging_mixin.py:154} INFO - [2023-12-05T17:56:48.736+0000] {dag.py:3722} INFO - Setting next_dagrun for example_trigger_target_dag to None, run_after=None
[2023-12-05T17:56:48.761+0000] {processor.py:179} INFO - Processing /usr/local/lib/python3.10/dist-packages/airflow/example_dags/example_trigger_target_dag.py took 0.065 seconds
[2023-12-05T17:57:26.844+0000] {processor.py:157} INFO - Started process (PID=10897) to work on /usr/local/lib/python3.10/dist-packages/airflow/example_dags/example_trigger_target_dag.py
[2023-12-05T17:57:26.846+0000] {processor.py:829} INFO - Processing file /usr/local/lib/python3.10/dist-packages/airflow/example_dags/example_trigger_target_dag.py for tasks to queue
[2023-12-05T17:57:26.846+0000] {logging_mixin.py:154} INFO - [2023-12-05T17:57:26.846+0000] {dagbag.py:536} INFO - Filling up the DagBag from /usr/local/lib/python3.10/dist-packages/airflow/example_dags/example_trigger_target_dag.py
[2023-12-05T17:57:26.852+0000] {processor.py:839} INFO - DAG(s) dict_keys(['example_trigger_target_dag']) retrieved from /usr/local/lib/python3.10/dist-packages/airflow/example_dags/example_trigger_target_dag.py
[2023-12-05T17:57:26.867+0000] {logging_mixin.py:154} INFO - [2023-12-05T17:57:26.867+0000] {dag.py:2941} INFO - Sync 1 DAGs
[2023-12-05T17:57:26.878+0000] {logging_mixin.py:154} INFO - [2023-12-05T17:57:26.877+0000] {dag.py:3722} INFO - Setting next_dagrun for example_trigger_target_dag to None, run_after=None
[2023-12-05T17:57:26.905+0000] {processor.py:179} INFO - Processing /usr/local/lib/python3.10/dist-packages/airflow/example_dags/example_trigger_target_dag.py took 0.064 seconds
[2023-12-05T17:58:05.152+0000] {processor.py:157} INFO - Started process (PID=10966) to work on /usr/local/lib/python3.10/dist-packages/airflow/example_dags/example_trigger_target_dag.py
[2023-12-05T17:58:05.156+0000] {processor.py:829} INFO - Processing file /usr/local/lib/python3.10/dist-packages/airflow/example_dags/example_trigger_target_dag.py for tasks to queue
[2023-12-05T17:58:05.157+0000] {logging_mixin.py:154} INFO - [2023-12-05T17:58:05.156+0000] {dagbag.py:536} INFO - Filling up the DagBag from /usr/local/lib/python3.10/dist-packages/airflow/example_dags/example_trigger_target_dag.py
[2023-12-05T17:58:05.185+0000] {processor.py:839} INFO - DAG(s) dict_keys(['example_trigger_target_dag']) retrieved from /usr/local/lib/python3.10/dist-packages/airflow/example_dags/example_trigger_target_dag.py
[2023-12-05T17:58:05.225+0000] {logging_mixin.py:154} INFO - [2023-12-05T17:58:05.225+0000] {dag.py:2941} INFO - Sync 1 DAGs
[2023-12-05T17:58:05.246+0000] {logging_mixin.py:154} INFO - [2023-12-05T17:58:05.246+0000] {dag.py:3722} INFO - Setting next_dagrun for example_trigger_target_dag to None, run_after=None
[2023-12-05T17:58:05.296+0000] {processor.py:179} INFO - Processing /usr/local/lib/python3.10/dist-packages/airflow/example_dags/example_trigger_target_dag.py took 0.157 seconds
[2023-12-05T17:58:40.656+0000] {processor.py:157} INFO - Started process (PID=11047) to work on /usr/local/lib/python3.10/dist-packages/airflow/example_dags/example_trigger_target_dag.py
[2023-12-05T17:58:40.658+0000] {processor.py:829} INFO - Processing file /usr/local/lib/python3.10/dist-packages/airflow/example_dags/example_trigger_target_dag.py for tasks to queue
[2023-12-05T17:58:40.659+0000] {logging_mixin.py:154} INFO - [2023-12-05T17:58:40.658+0000] {dagbag.py:536} INFO - Filling up the DagBag from /usr/local/lib/python3.10/dist-packages/airflow/example_dags/example_trigger_target_dag.py
[2023-12-05T17:58:40.670+0000] {processor.py:839} INFO - DAG(s) dict_keys(['example_trigger_target_dag']) retrieved from /usr/local/lib/python3.10/dist-packages/airflow/example_dags/example_trigger_target_dag.py
[2023-12-05T17:58:40.688+0000] {logging_mixin.py:154} INFO - [2023-12-05T17:58:40.687+0000] {dag.py:2941} INFO - Sync 1 DAGs
[2023-12-05T17:58:40.699+0000] {logging_mixin.py:154} INFO - [2023-12-05T17:58:40.699+0000] {dag.py:3722} INFO - Setting next_dagrun for example_trigger_target_dag to None, run_after=None
[2023-12-05T17:58:40.721+0000] {processor.py:179} INFO - Processing /usr/local/lib/python3.10/dist-packages/airflow/example_dags/example_trigger_target_dag.py took 0.073 seconds
[2023-12-05T17:59:13.295+0000] {processor.py:157} INFO - Started process (PID=11147) to work on /usr/local/lib/python3.10/dist-packages/airflow/example_dags/example_trigger_target_dag.py
[2023-12-05T17:59:13.298+0000] {processor.py:829} INFO - Processing file /usr/local/lib/python3.10/dist-packages/airflow/example_dags/example_trigger_target_dag.py for tasks to queue
[2023-12-05T17:59:13.299+0000] {logging_mixin.py:154} INFO - [2023-12-05T17:59:13.298+0000] {dagbag.py:536} INFO - Filling up the DagBag from /usr/local/lib/python3.10/dist-packages/airflow/example_dags/example_trigger_target_dag.py
[2023-12-05T17:59:13.310+0000] {processor.py:839} INFO - DAG(s) dict_keys(['example_trigger_target_dag']) retrieved from /usr/local/lib/python3.10/dist-packages/airflow/example_dags/example_trigger_target_dag.py
[2023-12-05T17:59:13.333+0000] {logging_mixin.py:154} INFO - [2023-12-05T17:59:13.333+0000] {dag.py:2941} INFO - Sync 1 DAGs
[2023-12-05T17:59:13.354+0000] {logging_mixin.py:154} INFO - [2023-12-05T17:59:13.353+0000] {dag.py:3722} INFO - Setting next_dagrun for example_trigger_target_dag to None, run_after=None
[2023-12-05T17:59:13.387+0000] {processor.py:179} INFO - Processing /usr/local/lib/python3.10/dist-packages/airflow/example_dags/example_trigger_target_dag.py took 0.108 seconds
[2023-12-05T17:59:49.231+0000] {processor.py:157} INFO - Started process (PID=11184) to work on /usr/local/lib/python3.10/dist-packages/airflow/example_dags/example_trigger_target_dag.py
[2023-12-05T17:59:49.233+0000] {processor.py:829} INFO - Processing file /usr/local/lib/python3.10/dist-packages/airflow/example_dags/example_trigger_target_dag.py for tasks to queue
[2023-12-05T17:59:49.234+0000] {logging_mixin.py:154} INFO - [2023-12-05T17:59:49.234+0000] {dagbag.py:536} INFO - Filling up the DagBag from /usr/local/lib/python3.10/dist-packages/airflow/example_dags/example_trigger_target_dag.py
[2023-12-05T17:59:49.242+0000] {processor.py:839} INFO - DAG(s) dict_keys(['example_trigger_target_dag']) retrieved from /usr/local/lib/python3.10/dist-packages/airflow/example_dags/example_trigger_target_dag.py
[2023-12-05T17:59:49.259+0000] {logging_mixin.py:154} INFO - [2023-12-05T17:59:49.259+0000] {dag.py:2941} INFO - Sync 1 DAGs
[2023-12-05T17:59:49.273+0000] {logging_mixin.py:154} INFO - [2023-12-05T17:59:49.272+0000] {dag.py:3722} INFO - Setting next_dagrun for example_trigger_target_dag to None, run_after=None
[2023-12-05T17:59:49.297+0000] {processor.py:179} INFO - Processing /usr/local/lib/python3.10/dist-packages/airflow/example_dags/example_trigger_target_dag.py took 0.069 seconds
[2023-12-05T18:00:24.403+0000] {processor.py:157} INFO - Started process (PID=11285) to work on /usr/local/lib/python3.10/dist-packages/airflow/example_dags/example_trigger_target_dag.py
[2023-12-05T18:00:24.406+0000] {processor.py:829} INFO - Processing file /usr/local/lib/python3.10/dist-packages/airflow/example_dags/example_trigger_target_dag.py for tasks to queue
[2023-12-05T18:00:24.408+0000] {logging_mixin.py:154} INFO - [2023-12-05T18:00:24.407+0000] {dagbag.py:536} INFO - Filling up the DagBag from /usr/local/lib/python3.10/dist-packages/airflow/example_dags/example_trigger_target_dag.py
[2023-12-05T18:00:24.417+0000] {processor.py:839} INFO - DAG(s) dict_keys(['example_trigger_target_dag']) retrieved from /usr/local/lib/python3.10/dist-packages/airflow/example_dags/example_trigger_target_dag.py
[2023-12-05T18:00:24.450+0000] {logging_mixin.py:154} INFO - [2023-12-05T18:00:24.450+0000] {dag.py:2941} INFO - Sync 1 DAGs
[2023-12-05T18:00:24.473+0000] {logging_mixin.py:154} INFO - [2023-12-05T18:00:24.472+0000] {dag.py:3722} INFO - Setting next_dagrun for example_trigger_target_dag to None, run_after=None
[2023-12-05T18:00:24.522+0000] {processor.py:179} INFO - Processing /usr/local/lib/python3.10/dist-packages/airflow/example_dags/example_trigger_target_dag.py took 0.124 seconds
[2023-12-05T18:00:57.370+0000] {processor.py:157} INFO - Started process (PID=11322) to work on /usr/local/lib/python3.10/dist-packages/airflow/example_dags/example_trigger_target_dag.py
[2023-12-05T18:00:57.371+0000] {processor.py:829} INFO - Processing file /usr/local/lib/python3.10/dist-packages/airflow/example_dags/example_trigger_target_dag.py for tasks to queue
[2023-12-05T18:00:57.373+0000] {logging_mixin.py:154} INFO - [2023-12-05T18:00:57.373+0000] {dagbag.py:536} INFO - Filling up the DagBag from /usr/local/lib/python3.10/dist-packages/airflow/example_dags/example_trigger_target_dag.py
[2023-12-05T18:00:57.384+0000] {processor.py:839} INFO - DAG(s) dict_keys(['example_trigger_target_dag']) retrieved from /usr/local/lib/python3.10/dist-packages/airflow/example_dags/example_trigger_target_dag.py
[2023-12-05T18:00:57.399+0000] {logging_mixin.py:154} INFO - [2023-12-05T18:00:57.399+0000] {dag.py:2941} INFO - Sync 1 DAGs
[2023-12-05T18:00:57.409+0000] {logging_mixin.py:154} INFO - [2023-12-05T18:00:57.409+0000] {dag.py:3722} INFO - Setting next_dagrun for example_trigger_target_dag to None, run_after=None
[2023-12-05T18:00:57.433+0000] {processor.py:179} INFO - Processing /usr/local/lib/python3.10/dist-packages/airflow/example_dags/example_trigger_target_dag.py took 0.068 seconds
[2023-12-05T18:01:28.320+0000] {processor.py:157} INFO - Started process (PID=11477) to work on /usr/local/lib/python3.10/dist-packages/airflow/example_dags/example_trigger_target_dag.py
[2023-12-05T18:01:28.321+0000] {processor.py:829} INFO - Processing file /usr/local/lib/python3.10/dist-packages/airflow/example_dags/example_trigger_target_dag.py for tasks to queue
[2023-12-05T18:01:28.322+0000] {logging_mixin.py:154} INFO - [2023-12-05T18:01:28.322+0000] {dagbag.py:536} INFO - Filling up the DagBag from /usr/local/lib/python3.10/dist-packages/airflow/example_dags/example_trigger_target_dag.py
[2023-12-05T18:01:28.330+0000] {processor.py:839} INFO - DAG(s) dict_keys(['example_trigger_target_dag']) retrieved from /usr/local/lib/python3.10/dist-packages/airflow/example_dags/example_trigger_target_dag.py
[2023-12-05T18:01:28.351+0000] {logging_mixin.py:154} INFO - [2023-12-05T18:01:28.350+0000] {dag.py:2941} INFO - Sync 1 DAGs
[2023-12-05T18:01:28.362+0000] {logging_mixin.py:154} INFO - [2023-12-05T18:01:28.362+0000] {dag.py:3722} INFO - Setting next_dagrun for example_trigger_target_dag to None, run_after=None
[2023-12-05T18:01:28.387+0000] {processor.py:179} INFO - Processing /usr/local/lib/python3.10/dist-packages/airflow/example_dags/example_trigger_target_dag.py took 0.071 seconds
[2023-12-05T18:02:00.730+0000] {processor.py:157} INFO - Started process (PID=11518) to work on /usr/local/lib/python3.10/dist-packages/airflow/example_dags/example_trigger_target_dag.py
[2023-12-05T18:02:00.732+0000] {processor.py:829} INFO - Processing file /usr/local/lib/python3.10/dist-packages/airflow/example_dags/example_trigger_target_dag.py for tasks to queue
[2023-12-05T18:02:00.733+0000] {logging_mixin.py:154} INFO - [2023-12-05T18:02:00.732+0000] {dagbag.py:536} INFO - Filling up the DagBag from /usr/local/lib/python3.10/dist-packages/airflow/example_dags/example_trigger_target_dag.py
[2023-12-05T18:02:00.741+0000] {processor.py:839} INFO - DAG(s) dict_keys(['example_trigger_target_dag']) retrieved from /usr/local/lib/python3.10/dist-packages/airflow/example_dags/example_trigger_target_dag.py
[2023-12-05T18:02:00.757+0000] {logging_mixin.py:154} INFO - [2023-12-05T18:02:00.756+0000] {dag.py:2941} INFO - Sync 1 DAGs
[2023-12-05T18:02:00.768+0000] {logging_mixin.py:154} INFO - [2023-12-05T18:02:00.768+0000] {dag.py:3722} INFO - Setting next_dagrun for example_trigger_target_dag to None, run_after=None
[2023-12-05T18:02:00.793+0000] {processor.py:179} INFO - Processing /usr/local/lib/python3.10/dist-packages/airflow/example_dags/example_trigger_target_dag.py took 0.068 seconds
[2023-12-05T18:02:33.631+0000] {processor.py:157} INFO - Started process (PID=11615) to work on /usr/local/lib/python3.10/dist-packages/airflow/example_dags/example_trigger_target_dag.py
[2023-12-05T18:02:33.632+0000] {processor.py:829} INFO - Processing file /usr/local/lib/python3.10/dist-packages/airflow/example_dags/example_trigger_target_dag.py for tasks to queue
[2023-12-05T18:02:33.633+0000] {logging_mixin.py:154} INFO - [2023-12-05T18:02:33.633+0000] {dagbag.py:536} INFO - Filling up the DagBag from /usr/local/lib/python3.10/dist-packages/airflow/example_dags/example_trigger_target_dag.py
[2023-12-05T18:02:33.640+0000] {processor.py:839} INFO - DAG(s) dict_keys(['example_trigger_target_dag']) retrieved from /usr/local/lib/python3.10/dist-packages/airflow/example_dags/example_trigger_target_dag.py
[2023-12-05T18:02:33.657+0000] {logging_mixin.py:154} INFO - [2023-12-05T18:02:33.657+0000] {dag.py:2941} INFO - Sync 1 DAGs
[2023-12-05T18:02:33.673+0000] {logging_mixin.py:154} INFO - [2023-12-05T18:02:33.673+0000] {dag.py:3722} INFO - Setting next_dagrun for example_trigger_target_dag to None, run_after=None
[2023-12-05T18:02:33.699+0000] {processor.py:179} INFO - Processing /usr/local/lib/python3.10/dist-packages/airflow/example_dags/example_trigger_target_dag.py took 0.071 seconds
[2023-12-05T18:03:09.966+0000] {processor.py:157} INFO - Started process (PID=11719) to work on /usr/local/lib/python3.10/dist-packages/airflow/example_dags/example_trigger_target_dag.py
[2023-12-05T18:03:09.968+0000] {processor.py:829} INFO - Processing file /usr/local/lib/python3.10/dist-packages/airflow/example_dags/example_trigger_target_dag.py for tasks to queue
[2023-12-05T18:03:09.969+0000] {logging_mixin.py:154} INFO - [2023-12-05T18:03:09.969+0000] {dagbag.py:536} INFO - Filling up the DagBag from /usr/local/lib/python3.10/dist-packages/airflow/example_dags/example_trigger_target_dag.py
[2023-12-05T18:03:09.976+0000] {processor.py:839} INFO - DAG(s) dict_keys(['example_trigger_target_dag']) retrieved from /usr/local/lib/python3.10/dist-packages/airflow/example_dags/example_trigger_target_dag.py
[2023-12-05T18:03:09.998+0000] {logging_mixin.py:154} INFO - [2023-12-05T18:03:09.998+0000] {dag.py:2941} INFO - Sync 1 DAGs
[2023-12-05T18:03:10.012+0000] {logging_mixin.py:154} INFO - [2023-12-05T18:03:10.011+0000] {dag.py:3722} INFO - Setting next_dagrun for example_trigger_target_dag to None, run_after=None
[2023-12-05T18:03:10.035+0000] {processor.py:179} INFO - Processing /usr/local/lib/python3.10/dist-packages/airflow/example_dags/example_trigger_target_dag.py took 0.072 seconds
[2023-12-05T18:03:43.398+0000] {processor.py:157} INFO - Started process (PID=11753) to work on /usr/local/lib/python3.10/dist-packages/airflow/example_dags/example_trigger_target_dag.py
[2023-12-05T18:03:43.400+0000] {processor.py:829} INFO - Processing file /usr/local/lib/python3.10/dist-packages/airflow/example_dags/example_trigger_target_dag.py for tasks to queue
[2023-12-05T18:03:43.401+0000] {logging_mixin.py:154} INFO - [2023-12-05T18:03:43.400+0000] {dagbag.py:536} INFO - Filling up the DagBag from /usr/local/lib/python3.10/dist-packages/airflow/example_dags/example_trigger_target_dag.py
[2023-12-05T18:03:43.409+0000] {processor.py:839} INFO - DAG(s) dict_keys(['example_trigger_target_dag']) retrieved from /usr/local/lib/python3.10/dist-packages/airflow/example_dags/example_trigger_target_dag.py
[2023-12-05T18:03:43.431+0000] {logging_mixin.py:154} INFO - [2023-12-05T18:03:43.430+0000] {dag.py:2941} INFO - Sync 1 DAGs
[2023-12-05T18:03:43.445+0000] {logging_mixin.py:154} INFO - [2023-12-05T18:03:43.445+0000] {dag.py:3722} INFO - Setting next_dagrun for example_trigger_target_dag to None, run_after=None
[2023-12-05T18:03:43.478+0000] {processor.py:179} INFO - Processing /usr/local/lib/python3.10/dist-packages/airflow/example_dags/example_trigger_target_dag.py took 0.084 seconds
[2023-12-05T18:04:15.053+0000] {processor.py:157} INFO - Started process (PID=11854) to work on /usr/local/lib/python3.10/dist-packages/airflow/example_dags/example_trigger_target_dag.py
[2023-12-05T18:04:15.055+0000] {processor.py:829} INFO - Processing file /usr/local/lib/python3.10/dist-packages/airflow/example_dags/example_trigger_target_dag.py for tasks to queue
[2023-12-05T18:04:15.056+0000] {logging_mixin.py:154} INFO - [2023-12-05T18:04:15.055+0000] {dagbag.py:536} INFO - Filling up the DagBag from /usr/local/lib/python3.10/dist-packages/airflow/example_dags/example_trigger_target_dag.py
[2023-12-05T18:04:15.066+0000] {processor.py:839} INFO - DAG(s) dict_keys(['example_trigger_target_dag']) retrieved from /usr/local/lib/python3.10/dist-packages/airflow/example_dags/example_trigger_target_dag.py
[2023-12-05T18:04:15.082+0000] {logging_mixin.py:154} INFO - [2023-12-05T18:04:15.081+0000] {dag.py:2941} INFO - Sync 1 DAGs
[2023-12-05T18:04:15.096+0000] {logging_mixin.py:154} INFO - [2023-12-05T18:04:15.095+0000] {dag.py:3722} INFO - Setting next_dagrun for example_trigger_target_dag to None, run_after=None
[2023-12-05T18:04:15.118+0000] {processor.py:179} INFO - Processing /usr/local/lib/python3.10/dist-packages/airflow/example_dags/example_trigger_target_dag.py took 0.075 seconds
[2023-12-05T18:04:48.878+0000] {processor.py:157} INFO - Started process (PID=12162) to work on /usr/local/lib/python3.10/dist-packages/airflow/example_dags/example_trigger_target_dag.py
[2023-12-05T18:04:48.880+0000] {processor.py:829} INFO - Processing file /usr/local/lib/python3.10/dist-packages/airflow/example_dags/example_trigger_target_dag.py for tasks to queue
[2023-12-05T18:04:48.881+0000] {logging_mixin.py:154} INFO - [2023-12-05T18:04:48.881+0000] {dagbag.py:536} INFO - Filling up the DagBag from /usr/local/lib/python3.10/dist-packages/airflow/example_dags/example_trigger_target_dag.py
[2023-12-05T18:04:48.889+0000] {processor.py:839} INFO - DAG(s) dict_keys(['example_trigger_target_dag']) retrieved from /usr/local/lib/python3.10/dist-packages/airflow/example_dags/example_trigger_target_dag.py
[2023-12-05T18:04:48.909+0000] {logging_mixin.py:154} INFO - [2023-12-05T18:04:48.909+0000] {dag.py:2941} INFO - Sync 1 DAGs
[2023-12-05T18:04:48.923+0000] {logging_mixin.py:154} INFO - [2023-12-05T18:04:48.923+0000] {dag.py:3722} INFO - Setting next_dagrun for example_trigger_target_dag to None, run_after=None
[2023-12-05T18:04:48.951+0000] {processor.py:179} INFO - Processing /usr/local/lib/python3.10/dist-packages/airflow/example_dags/example_trigger_target_dag.py took 0.077 seconds
[2023-12-05T18:05:24.436+0000] {processor.py:157} INFO - Started process (PID=12447) to work on /usr/local/lib/python3.10/dist-packages/airflow/example_dags/example_trigger_target_dag.py
[2023-12-05T18:05:24.438+0000] {processor.py:829} INFO - Processing file /usr/local/lib/python3.10/dist-packages/airflow/example_dags/example_trigger_target_dag.py for tasks to queue
[2023-12-05T18:05:24.439+0000] {logging_mixin.py:154} INFO - [2023-12-05T18:05:24.438+0000] {dagbag.py:536} INFO - Filling up the DagBag from /usr/local/lib/python3.10/dist-packages/airflow/example_dags/example_trigger_target_dag.py
[2023-12-05T18:05:24.445+0000] {processor.py:839} INFO - DAG(s) dict_keys(['example_trigger_target_dag']) retrieved from /usr/local/lib/python3.10/dist-packages/airflow/example_dags/example_trigger_target_dag.py
[2023-12-05T18:05:24.463+0000] {logging_mixin.py:154} INFO - [2023-12-05T18:05:24.463+0000] {dag.py:2941} INFO - Sync 1 DAGs
[2023-12-05T18:05:24.476+0000] {logging_mixin.py:154} INFO - [2023-12-05T18:05:24.476+0000] {dag.py:3722} INFO - Setting next_dagrun for example_trigger_target_dag to None, run_after=None
[2023-12-05T18:05:24.503+0000] {processor.py:179} INFO - Processing /usr/local/lib/python3.10/dist-packages/airflow/example_dags/example_trigger_target_dag.py took 0.070 seconds
[2023-12-05T18:05:58.271+0000] {processor.py:157} INFO - Started process (PID=12566) to work on /usr/local/lib/python3.10/dist-packages/airflow/example_dags/example_trigger_target_dag.py
[2023-12-05T18:05:58.273+0000] {processor.py:829} INFO - Processing file /usr/local/lib/python3.10/dist-packages/airflow/example_dags/example_trigger_target_dag.py for tasks to queue
[2023-12-05T18:05:58.274+0000] {logging_mixin.py:154} INFO - [2023-12-05T18:05:58.273+0000] {dagbag.py:536} INFO - Filling up the DagBag from /usr/local/lib/python3.10/dist-packages/airflow/example_dags/example_trigger_target_dag.py
[2023-12-05T18:05:58.281+0000] {processor.py:839} INFO - DAG(s) dict_keys(['example_trigger_target_dag']) retrieved from /usr/local/lib/python3.10/dist-packages/airflow/example_dags/example_trigger_target_dag.py
[2023-12-05T18:05:58.311+0000] {logging_mixin.py:154} INFO - [2023-12-05T18:05:58.310+0000] {dag.py:2941} INFO - Sync 1 DAGs
[2023-12-05T18:05:58.321+0000] {logging_mixin.py:154} INFO - [2023-12-05T18:05:58.321+0000] {dag.py:3722} INFO - Setting next_dagrun for example_trigger_target_dag to None, run_after=None
[2023-12-05T18:05:58.343+0000] {processor.py:179} INFO - Processing /usr/local/lib/python3.10/dist-packages/airflow/example_dags/example_trigger_target_dag.py took 0.078 seconds
[2023-12-05T18:06:32.901+0000] {processor.py:157} INFO - Started process (PID=12762) to work on /usr/local/lib/python3.10/dist-packages/airflow/example_dags/example_trigger_target_dag.py
[2023-12-05T18:06:32.902+0000] {processor.py:829} INFO - Processing file /usr/local/lib/python3.10/dist-packages/airflow/example_dags/example_trigger_target_dag.py for tasks to queue
[2023-12-05T18:06:32.903+0000] {logging_mixin.py:154} INFO - [2023-12-05T18:06:32.903+0000] {dagbag.py:536} INFO - Filling up the DagBag from /usr/local/lib/python3.10/dist-packages/airflow/example_dags/example_trigger_target_dag.py
[2023-12-05T18:06:32.909+0000] {processor.py:839} INFO - DAG(s) dict_keys(['example_trigger_target_dag']) retrieved from /usr/local/lib/python3.10/dist-packages/airflow/example_dags/example_trigger_target_dag.py
[2023-12-05T18:06:32.924+0000] {logging_mixin.py:154} INFO - [2023-12-05T18:06:32.923+0000] {dag.py:2941} INFO - Sync 1 DAGs
[2023-12-05T18:06:32.934+0000] {logging_mixin.py:154} INFO - [2023-12-05T18:06:32.934+0000] {dag.py:3722} INFO - Setting next_dagrun for example_trigger_target_dag to None, run_after=None
[2023-12-05T18:06:32.955+0000] {processor.py:179} INFO - Processing /usr/local/lib/python3.10/dist-packages/airflow/example_dags/example_trigger_target_dag.py took 0.057 seconds
[2023-12-05T18:07:08.584+0000] {processor.py:157} INFO - Started process (PID=13045) to work on /usr/local/lib/python3.10/dist-packages/airflow/example_dags/example_trigger_target_dag.py
[2023-12-05T18:07:08.585+0000] {processor.py:829} INFO - Processing file /usr/local/lib/python3.10/dist-packages/airflow/example_dags/example_trigger_target_dag.py for tasks to queue
[2023-12-05T18:07:08.586+0000] {logging_mixin.py:154} INFO - [2023-12-05T18:07:08.585+0000] {dagbag.py:536} INFO - Filling up the DagBag from /usr/local/lib/python3.10/dist-packages/airflow/example_dags/example_trigger_target_dag.py
[2023-12-05T18:07:08.593+0000] {processor.py:839} INFO - DAG(s) dict_keys(['example_trigger_target_dag']) retrieved from /usr/local/lib/python3.10/dist-packages/airflow/example_dags/example_trigger_target_dag.py
[2023-12-05T18:07:08.609+0000] {logging_mixin.py:154} INFO - [2023-12-05T18:07:08.608+0000] {dag.py:2941} INFO - Sync 1 DAGs
[2023-12-05T18:07:08.621+0000] {logging_mixin.py:154} INFO - [2023-12-05T18:07:08.621+0000] {dag.py:3722} INFO - Setting next_dagrun for example_trigger_target_dag to None, run_after=None
[2023-12-05T18:07:08.644+0000] {processor.py:179} INFO - Processing /usr/local/lib/python3.10/dist-packages/airflow/example_dags/example_trigger_target_dag.py took 0.064 seconds
[2023-12-05T18:07:46.978+0000] {processor.py:157} INFO - Started process (PID=13089) to work on /usr/local/lib/python3.10/dist-packages/airflow/example_dags/example_trigger_target_dag.py
[2023-12-05T18:07:46.980+0000] {processor.py:829} INFO - Processing file /usr/local/lib/python3.10/dist-packages/airflow/example_dags/example_trigger_target_dag.py for tasks to queue
[2023-12-05T18:07:46.981+0000] {logging_mixin.py:154} INFO - [2023-12-05T18:07:46.981+0000] {dagbag.py:536} INFO - Filling up the DagBag from /usr/local/lib/python3.10/dist-packages/airflow/example_dags/example_trigger_target_dag.py
[2023-12-05T18:07:46.987+0000] {processor.py:839} INFO - DAG(s) dict_keys(['example_trigger_target_dag']) retrieved from /usr/local/lib/python3.10/dist-packages/airflow/example_dags/example_trigger_target_dag.py
[2023-12-05T18:07:47.003+0000] {logging_mixin.py:154} INFO - [2023-12-05T18:07:47.003+0000] {dag.py:2941} INFO - Sync 1 DAGs
[2023-12-05T18:07:47.015+0000] {logging_mixin.py:154} INFO - [2023-12-05T18:07:47.015+0000] {dag.py:3722} INFO - Setting next_dagrun for example_trigger_target_dag to None, run_after=None
[2023-12-05T18:07:47.043+0000] {processor.py:179} INFO - Processing /usr/local/lib/python3.10/dist-packages/airflow/example_dags/example_trigger_target_dag.py took 0.068 seconds
[2023-12-05T18:08:28.852+0000] {processor.py:157} INFO - Started process (PID=13200) to work on /usr/local/lib/python3.10/dist-packages/airflow/example_dags/example_trigger_target_dag.py
[2023-12-05T18:08:28.854+0000] {processor.py:829} INFO - Processing file /usr/local/lib/python3.10/dist-packages/airflow/example_dags/example_trigger_target_dag.py for tasks to queue
[2023-12-05T18:08:28.855+0000] {logging_mixin.py:154} INFO - [2023-12-05T18:08:28.854+0000] {dagbag.py:536} INFO - Filling up the DagBag from /usr/local/lib/python3.10/dist-packages/airflow/example_dags/example_trigger_target_dag.py
[2023-12-05T18:08:28.864+0000] {processor.py:839} INFO - DAG(s) dict_keys(['example_trigger_target_dag']) retrieved from /usr/local/lib/python3.10/dist-packages/airflow/example_dags/example_trigger_target_dag.py
[2023-12-05T18:08:28.884+0000] {logging_mixin.py:154} INFO - [2023-12-05T18:08:28.884+0000] {dag.py:2941} INFO - Sync 1 DAGs
[2023-12-05T18:08:28.896+0000] {logging_mixin.py:154} INFO - [2023-12-05T18:08:28.896+0000] {dag.py:3722} INFO - Setting next_dagrun for example_trigger_target_dag to None, run_after=None
[2023-12-05T18:08:28.932+0000] {processor.py:179} INFO - Processing /usr/local/lib/python3.10/dist-packages/airflow/example_dags/example_trigger_target_dag.py took 0.083 seconds
[2023-12-05T18:09:02.498+0000] {processor.py:157} INFO - Started process (PID=13544) to work on /usr/local/lib/python3.10/dist-packages/airflow/example_dags/example_trigger_target_dag.py
[2023-12-05T18:09:02.500+0000] {processor.py:829} INFO - Processing file /usr/local/lib/python3.10/dist-packages/airflow/example_dags/example_trigger_target_dag.py for tasks to queue
[2023-12-05T18:09:02.501+0000] {logging_mixin.py:154} INFO - [2023-12-05T18:09:02.500+0000] {dagbag.py:536} INFO - Filling up the DagBag from /usr/local/lib/python3.10/dist-packages/airflow/example_dags/example_trigger_target_dag.py
[2023-12-05T18:09:02.509+0000] {processor.py:839} INFO - DAG(s) dict_keys(['example_trigger_target_dag']) retrieved from /usr/local/lib/python3.10/dist-packages/airflow/example_dags/example_trigger_target_dag.py
[2023-12-05T18:09:02.531+0000] {logging_mixin.py:154} INFO - [2023-12-05T18:09:02.531+0000] {dag.py:2941} INFO - Sync 1 DAGs
[2023-12-05T18:09:02.547+0000] {logging_mixin.py:154} INFO - [2023-12-05T18:09:02.547+0000] {dag.py:3722} INFO - Setting next_dagrun for example_trigger_target_dag to None, run_after=None
[2023-12-05T18:09:02.574+0000] {processor.py:179} INFO - Processing /usr/local/lib/python3.10/dist-packages/airflow/example_dags/example_trigger_target_dag.py took 0.082 seconds
[2023-12-05T18:09:36.488+0000] {processor.py:157} INFO - Started process (PID=13643) to work on /usr/local/lib/python3.10/dist-packages/airflow/example_dags/example_trigger_target_dag.py
[2023-12-05T18:09:36.490+0000] {processor.py:829} INFO - Processing file /usr/local/lib/python3.10/dist-packages/airflow/example_dags/example_trigger_target_dag.py for tasks to queue
[2023-12-05T18:09:36.491+0000] {logging_mixin.py:154} INFO - [2023-12-05T18:09:36.490+0000] {dagbag.py:536} INFO - Filling up the DagBag from /usr/local/lib/python3.10/dist-packages/airflow/example_dags/example_trigger_target_dag.py
[2023-12-05T18:09:36.499+0000] {processor.py:839} INFO - DAG(s) dict_keys(['example_trigger_target_dag']) retrieved from /usr/local/lib/python3.10/dist-packages/airflow/example_dags/example_trigger_target_dag.py
[2023-12-05T18:09:36.517+0000] {logging_mixin.py:154} INFO - [2023-12-05T18:09:36.517+0000] {dag.py:2941} INFO - Sync 1 DAGs
[2023-12-05T18:09:36.529+0000] {logging_mixin.py:154} INFO - [2023-12-05T18:09:36.529+0000] {dag.py:3722} INFO - Setting next_dagrun for example_trigger_target_dag to None, run_after=None
[2023-12-05T18:09:36.554+0000] {processor.py:179} INFO - Processing /usr/local/lib/python3.10/dist-packages/airflow/example_dags/example_trigger_target_dag.py took 0.070 seconds
[2023-12-05T18:10:07.875+0000] {processor.py:157} INFO - Started process (PID=13741) to work on /usr/local/lib/python3.10/dist-packages/airflow/example_dags/example_trigger_target_dag.py
[2023-12-05T18:10:07.876+0000] {processor.py:829} INFO - Processing file /usr/local/lib/python3.10/dist-packages/airflow/example_dags/example_trigger_target_dag.py for tasks to queue
[2023-12-05T18:10:07.878+0000] {logging_mixin.py:154} INFO - [2023-12-05T18:10:07.877+0000] {dagbag.py:536} INFO - Filling up the DagBag from /usr/local/lib/python3.10/dist-packages/airflow/example_dags/example_trigger_target_dag.py
[2023-12-05T18:10:07.885+0000] {processor.py:839} INFO - DAG(s) dict_keys(['example_trigger_target_dag']) retrieved from /usr/local/lib/python3.10/dist-packages/airflow/example_dags/example_trigger_target_dag.py
[2023-12-05T18:10:07.903+0000] {logging_mixin.py:154} INFO - [2023-12-05T18:10:07.903+0000] {dag.py:2941} INFO - Sync 1 DAGs
[2023-12-05T18:10:07.916+0000] {logging_mixin.py:154} INFO - [2023-12-05T18:10:07.916+0000] {dag.py:3722} INFO - Setting next_dagrun for example_trigger_target_dag to None, run_after=None
[2023-12-05T18:10:07.942+0000] {processor.py:179} INFO - Processing /usr/local/lib/python3.10/dist-packages/airflow/example_dags/example_trigger_target_dag.py took 0.072 seconds
[2023-12-05T18:10:43.462+0000] {processor.py:157} INFO - Started process (PID=13961) to work on /usr/local/lib/python3.10/dist-packages/airflow/example_dags/example_trigger_target_dag.py
[2023-12-05T18:10:43.465+0000] {processor.py:829} INFO - Processing file /usr/local/lib/python3.10/dist-packages/airflow/example_dags/example_trigger_target_dag.py for tasks to queue
[2023-12-05T18:10:43.469+0000] {logging_mixin.py:154} INFO - [2023-12-05T18:10:43.468+0000] {dagbag.py:536} INFO - Filling up the DagBag from /usr/local/lib/python3.10/dist-packages/airflow/example_dags/example_trigger_target_dag.py
[2023-12-05T18:10:43.480+0000] {processor.py:839} INFO - DAG(s) dict_keys(['example_trigger_target_dag']) retrieved from /usr/local/lib/python3.10/dist-packages/airflow/example_dags/example_trigger_target_dag.py
[2023-12-05T18:10:43.505+0000] {logging_mixin.py:154} INFO - [2023-12-05T18:10:43.504+0000] {dag.py:2941} INFO - Sync 1 DAGs
[2023-12-05T18:10:43.517+0000] {logging_mixin.py:154} INFO - [2023-12-05T18:10:43.517+0000] {dag.py:3722} INFO - Setting next_dagrun for example_trigger_target_dag to None, run_after=None
[2023-12-05T18:10:43.543+0000] {processor.py:179} INFO - Processing /usr/local/lib/python3.10/dist-packages/airflow/example_dags/example_trigger_target_dag.py took 0.089 seconds
