[2023-12-05T17:46:23.890+0000] {processor.py:157} INFO - Started process (PID=9257) to work on /usr/local/lib/python3.10/dist-packages/airflow/example_dags/example_nested_branch_dag.py
[2023-12-05T17:46:23.891+0000] {processor.py:829} INFO - Processing file /usr/local/lib/python3.10/dist-packages/airflow/example_dags/example_nested_branch_dag.py for tasks to queue
[2023-12-05T17:46:23.892+0000] {logging_mixin.py:154} INFO - [2023-12-05T17:46:23.892+0000] {dagbag.py:536} INFO - Filling up the DagBag from /usr/local/lib/python3.10/dist-packages/airflow/example_dags/example_nested_branch_dag.py
[2023-12-05T17:46:23.903+0000] {processor.py:839} INFO - DAG(s) dict_keys(['example_nested_branch_dag']) retrieved from /usr/local/lib/python3.10/dist-packages/airflow/example_dags/example_nested_branch_dag.py
[2023-12-05T17:46:23.913+0000] {logging_mixin.py:154} INFO - [2023-12-05T17:46:23.912+0000] {dag.py:2941} INFO - Sync 1 DAGs
[2023-12-05T17:46:23.937+0000] {logging_mixin.py:154} INFO - [2023-12-05T17:46:23.937+0000] {dag.py:3722} INFO - Setting next_dagrun for example_nested_branch_dag to 2023-12-04T00:00:00+00:00, run_after=2023-12-05T00:00:00+00:00
[2023-12-05T17:46:23.961+0000] {processor.py:179} INFO - Processing /usr/local/lib/python3.10/dist-packages/airflow/example_dags/example_nested_branch_dag.py took 0.077 seconds
[2023-12-05T17:47:13.419+0000] {processor.py:157} INFO - Started process (PID=9368) to work on /usr/local/lib/python3.10/dist-packages/airflow/example_dags/example_nested_branch_dag.py
[2023-12-05T17:47:13.421+0000] {processor.py:829} INFO - Processing file /usr/local/lib/python3.10/dist-packages/airflow/example_dags/example_nested_branch_dag.py for tasks to queue
[2023-12-05T17:47:13.422+0000] {logging_mixin.py:154} INFO - [2023-12-05T17:47:13.421+0000] {dagbag.py:536} INFO - Filling up the DagBag from /usr/local/lib/python3.10/dist-packages/airflow/example_dags/example_nested_branch_dag.py
[2023-12-05T17:47:13.441+0000] {processor.py:839} INFO - DAG(s) dict_keys(['example_nested_branch_dag']) retrieved from /usr/local/lib/python3.10/dist-packages/airflow/example_dags/example_nested_branch_dag.py
[2023-12-05T17:47:13.467+0000] {logging_mixin.py:154} INFO - [2023-12-05T17:47:13.467+0000] {dag.py:2941} INFO - Sync 1 DAGs
[2023-12-05T17:47:13.503+0000] {logging_mixin.py:154} INFO - [2023-12-05T17:47:13.503+0000] {dag.py:3722} INFO - Setting next_dagrun for example_nested_branch_dag to 2023-12-04T00:00:00+00:00, run_after=2023-12-05T00:00:00+00:00
[2023-12-05T17:47:13.540+0000] {processor.py:179} INFO - Processing /usr/local/lib/python3.10/dist-packages/airflow/example_dags/example_nested_branch_dag.py took 0.126 seconds
[2023-12-05T17:48:02.492+0000] {processor.py:157} INFO - Started process (PID=9421) to work on /usr/local/lib/python3.10/dist-packages/airflow/example_dags/example_nested_branch_dag.py
[2023-12-05T17:48:02.493+0000] {processor.py:829} INFO - Processing file /usr/local/lib/python3.10/dist-packages/airflow/example_dags/example_nested_branch_dag.py for tasks to queue
[2023-12-05T17:48:02.494+0000] {logging_mixin.py:154} INFO - [2023-12-05T17:48:02.494+0000] {dagbag.py:536} INFO - Filling up the DagBag from /usr/local/lib/python3.10/dist-packages/airflow/example_dags/example_nested_branch_dag.py
[2023-12-05T17:48:02.521+0000] {processor.py:839} INFO - DAG(s) dict_keys(['example_nested_branch_dag']) retrieved from /usr/local/lib/python3.10/dist-packages/airflow/example_dags/example_nested_branch_dag.py
[2023-12-05T17:48:02.544+0000] {logging_mixin.py:154} INFO - [2023-12-05T17:48:02.544+0000] {dag.py:2941} INFO - Sync 1 DAGs
[2023-12-05T17:48:02.579+0000] {logging_mixin.py:154} INFO - [2023-12-05T17:48:02.579+0000] {dag.py:3722} INFO - Setting next_dagrun for example_nested_branch_dag to 2023-12-04T00:00:00+00:00, run_after=2023-12-05T00:00:00+00:00
[2023-12-05T17:48:02.611+0000] {processor.py:179} INFO - Processing /usr/local/lib/python3.10/dist-packages/airflow/example_dags/example_nested_branch_dag.py took 0.129 seconds
[2023-12-05T17:48:54.895+0000] {processor.py:157} INFO - Started process (PID=9598) to work on /usr/local/lib/python3.10/dist-packages/airflow/example_dags/example_nested_branch_dag.py
[2023-12-05T17:48:54.896+0000] {processor.py:829} INFO - Processing file /usr/local/lib/python3.10/dist-packages/airflow/example_dags/example_nested_branch_dag.py for tasks to queue
[2023-12-05T17:48:54.897+0000] {logging_mixin.py:154} INFO - [2023-12-05T17:48:54.897+0000] {dagbag.py:536} INFO - Filling up the DagBag from /usr/local/lib/python3.10/dist-packages/airflow/example_dags/example_nested_branch_dag.py
[2023-12-05T17:48:54.912+0000] {processor.py:839} INFO - DAG(s) dict_keys(['example_nested_branch_dag']) retrieved from /usr/local/lib/python3.10/dist-packages/airflow/example_dags/example_nested_branch_dag.py
[2023-12-05T17:48:54.946+0000] {logging_mixin.py:154} INFO - [2023-12-05T17:48:54.946+0000] {dag.py:2941} INFO - Sync 1 DAGs
[2023-12-05T17:48:54.977+0000] {logging_mixin.py:154} INFO - [2023-12-05T17:48:54.977+0000] {dag.py:3722} INFO - Setting next_dagrun for example_nested_branch_dag to 2023-12-04T00:00:00+00:00, run_after=2023-12-05T00:00:00+00:00
[2023-12-05T17:48:55.006+0000] {processor.py:179} INFO - Processing /usr/local/lib/python3.10/dist-packages/airflow/example_dags/example_nested_branch_dag.py took 0.115 seconds
[2023-12-05T17:49:48.011+0000] {processor.py:157} INFO - Started process (PID=9716) to work on /usr/local/lib/python3.10/dist-packages/airflow/example_dags/example_nested_branch_dag.py
[2023-12-05T17:49:48.013+0000] {processor.py:829} INFO - Processing file /usr/local/lib/python3.10/dist-packages/airflow/example_dags/example_nested_branch_dag.py for tasks to queue
[2023-12-05T17:49:48.014+0000] {logging_mixin.py:154} INFO - [2023-12-05T17:49:48.013+0000] {dagbag.py:536} INFO - Filling up the DagBag from /usr/local/lib/python3.10/dist-packages/airflow/example_dags/example_nested_branch_dag.py
[2023-12-05T17:49:48.025+0000] {processor.py:839} INFO - DAG(s) dict_keys(['example_nested_branch_dag']) retrieved from /usr/local/lib/python3.10/dist-packages/airflow/example_dags/example_nested_branch_dag.py
[2023-12-05T17:49:48.047+0000] {logging_mixin.py:154} INFO - [2023-12-05T17:49:48.046+0000] {dag.py:2941} INFO - Sync 1 DAGs
[2023-12-05T17:49:48.071+0000] {logging_mixin.py:154} INFO - [2023-12-05T17:49:48.070+0000] {dag.py:3722} INFO - Setting next_dagrun for example_nested_branch_dag to 2023-12-04T00:00:00+00:00, run_after=2023-12-05T00:00:00+00:00
[2023-12-05T17:49:48.094+0000] {processor.py:179} INFO - Processing /usr/local/lib/python3.10/dist-packages/airflow/example_dags/example_nested_branch_dag.py took 0.087 seconds
[2023-12-05T17:50:41.163+0000] {processor.py:157} INFO - Started process (PID=9838) to work on /usr/local/lib/python3.10/dist-packages/airflow/example_dags/example_nested_branch_dag.py
[2023-12-05T17:50:41.166+0000] {processor.py:829} INFO - Processing file /usr/local/lib/python3.10/dist-packages/airflow/example_dags/example_nested_branch_dag.py for tasks to queue
[2023-12-05T17:50:41.167+0000] {logging_mixin.py:154} INFO - [2023-12-05T17:50:41.166+0000] {dagbag.py:536} INFO - Filling up the DagBag from /usr/local/lib/python3.10/dist-packages/airflow/example_dags/example_nested_branch_dag.py
[2023-12-05T17:50:41.178+0000] {processor.py:839} INFO - DAG(s) dict_keys(['example_nested_branch_dag']) retrieved from /usr/local/lib/python3.10/dist-packages/airflow/example_dags/example_nested_branch_dag.py
[2023-12-05T17:50:41.197+0000] {logging_mixin.py:154} INFO - [2023-12-05T17:50:41.197+0000] {dag.py:2941} INFO - Sync 1 DAGs
[2023-12-05T17:50:41.225+0000] {logging_mixin.py:154} INFO - [2023-12-05T17:50:41.225+0000] {dag.py:3722} INFO - Setting next_dagrun for example_nested_branch_dag to 2023-12-04T00:00:00+00:00, run_after=2023-12-05T00:00:00+00:00
[2023-12-05T17:50:41.255+0000] {processor.py:179} INFO - Processing /usr/local/lib/python3.10/dist-packages/airflow/example_dags/example_nested_branch_dag.py took 0.095 seconds
[2023-12-05T17:51:34.683+0000] {processor.py:157} INFO - Started process (PID=10015) to work on /usr/local/lib/python3.10/dist-packages/airflow/example_dags/example_nested_branch_dag.py
[2023-12-05T17:51:34.685+0000] {processor.py:829} INFO - Processing file /usr/local/lib/python3.10/dist-packages/airflow/example_dags/example_nested_branch_dag.py for tasks to queue
[2023-12-05T17:51:34.686+0000] {logging_mixin.py:154} INFO - [2023-12-05T17:51:34.685+0000] {dagbag.py:536} INFO - Filling up the DagBag from /usr/local/lib/python3.10/dist-packages/airflow/example_dags/example_nested_branch_dag.py
[2023-12-05T17:51:34.697+0000] {processor.py:839} INFO - DAG(s) dict_keys(['example_nested_branch_dag']) retrieved from /usr/local/lib/python3.10/dist-packages/airflow/example_dags/example_nested_branch_dag.py
[2023-12-05T17:51:34.719+0000] {logging_mixin.py:154} INFO - [2023-12-05T17:51:34.718+0000] {dag.py:2941} INFO - Sync 1 DAGs
[2023-12-05T17:51:34.743+0000] {logging_mixin.py:154} INFO - [2023-12-05T17:51:34.742+0000] {dag.py:3722} INFO - Setting next_dagrun for example_nested_branch_dag to 2023-12-04T00:00:00+00:00, run_after=2023-12-05T00:00:00+00:00
[2023-12-05T17:51:34.766+0000] {processor.py:179} INFO - Processing /usr/local/lib/python3.10/dist-packages/airflow/example_dags/example_nested_branch_dag.py took 0.087 seconds
[2023-12-05T17:52:23.330+0000] {processor.py:157} INFO - Started process (PID=10132) to work on /usr/local/lib/python3.10/dist-packages/airflow/example_dags/example_nested_branch_dag.py
[2023-12-05T17:52:23.332+0000] {processor.py:829} INFO - Processing file /usr/local/lib/python3.10/dist-packages/airflow/example_dags/example_nested_branch_dag.py for tasks to queue
[2023-12-05T17:52:23.336+0000] {logging_mixin.py:154} INFO - [2023-12-05T17:52:23.336+0000] {dagbag.py:536} INFO - Filling up the DagBag from /usr/local/lib/python3.10/dist-packages/airflow/example_dags/example_nested_branch_dag.py
[2023-12-05T17:52:23.368+0000] {processor.py:839} INFO - DAG(s) dict_keys(['example_nested_branch_dag']) retrieved from /usr/local/lib/python3.10/dist-packages/airflow/example_dags/example_nested_branch_dag.py
[2023-12-05T17:52:23.395+0000] {logging_mixin.py:154} INFO - [2023-12-05T17:52:23.394+0000] {dag.py:2941} INFO - Sync 1 DAGs
[2023-12-05T17:52:23.436+0000] {logging_mixin.py:154} INFO - [2023-12-05T17:52:23.434+0000] {dag.py:3722} INFO - Setting next_dagrun for example_nested_branch_dag to 2023-12-04T00:00:00+00:00, run_after=2023-12-05T00:00:00+00:00
[2023-12-05T17:52:23.472+0000] {processor.py:179} INFO - Processing /usr/local/lib/python3.10/dist-packages/airflow/example_dags/example_nested_branch_dag.py took 0.161 seconds
[2023-12-05T17:53:15.778+0000] {processor.py:157} INFO - Started process (PID=10313) to work on /usr/local/lib/python3.10/dist-packages/airflow/example_dags/example_nested_branch_dag.py
[2023-12-05T17:53:15.780+0000] {processor.py:829} INFO - Processing file /usr/local/lib/python3.10/dist-packages/airflow/example_dags/example_nested_branch_dag.py for tasks to queue
[2023-12-05T17:53:15.781+0000] {logging_mixin.py:154} INFO - [2023-12-05T17:53:15.780+0000] {dagbag.py:536} INFO - Filling up the DagBag from /usr/local/lib/python3.10/dist-packages/airflow/example_dags/example_nested_branch_dag.py
[2023-12-05T17:53:15.790+0000] {processor.py:839} INFO - DAG(s) dict_keys(['example_nested_branch_dag']) retrieved from /usr/local/lib/python3.10/dist-packages/airflow/example_dags/example_nested_branch_dag.py
[2023-12-05T17:53:15.809+0000] {logging_mixin.py:154} INFO - [2023-12-05T17:53:15.809+0000] {dag.py:2941} INFO - Sync 1 DAGs
[2023-12-05T17:53:15.830+0000] {logging_mixin.py:154} INFO - [2023-12-05T17:53:15.830+0000] {dag.py:3722} INFO - Setting next_dagrun for example_nested_branch_dag to 2023-12-04T00:00:00+00:00, run_after=2023-12-05T00:00:00+00:00
[2023-12-05T17:53:15.853+0000] {processor.py:179} INFO - Processing /usr/local/lib/python3.10/dist-packages/airflow/example_dags/example_nested_branch_dag.py took 0.078 seconds
[2023-12-05T17:54:06.005+0000] {processor.py:157} INFO - Started process (PID=10430) to work on /usr/local/lib/python3.10/dist-packages/airflow/example_dags/example_nested_branch_dag.py
[2023-12-05T17:54:06.007+0000] {processor.py:829} INFO - Processing file /usr/local/lib/python3.10/dist-packages/airflow/example_dags/example_nested_branch_dag.py for tasks to queue
[2023-12-05T17:54:06.008+0000] {logging_mixin.py:154} INFO - [2023-12-05T17:54:06.007+0000] {dagbag.py:536} INFO - Filling up the DagBag from /usr/local/lib/python3.10/dist-packages/airflow/example_dags/example_nested_branch_dag.py
[2023-12-05T17:54:06.021+0000] {processor.py:839} INFO - DAG(s) dict_keys(['example_nested_branch_dag']) retrieved from /usr/local/lib/python3.10/dist-packages/airflow/example_dags/example_nested_branch_dag.py
[2023-12-05T17:54:06.054+0000] {logging_mixin.py:154} INFO - [2023-12-05T17:54:06.053+0000] {dag.py:2941} INFO - Sync 1 DAGs
[2023-12-05T17:54:06.094+0000] {logging_mixin.py:154} INFO - [2023-12-05T17:54:06.094+0000] {dag.py:3722} INFO - Setting next_dagrun for example_nested_branch_dag to 2023-12-04T00:00:00+00:00, run_after=2023-12-05T00:00:00+00:00
[2023-12-05T17:54:06.138+0000] {processor.py:179} INFO - Processing /usr/local/lib/python3.10/dist-packages/airflow/example_dags/example_nested_branch_dag.py took 0.137 seconds
[2023-12-05T17:54:58.247+0000] {processor.py:157} INFO - Started process (PID=10488) to work on /usr/local/lib/python3.10/dist-packages/airflow/example_dags/example_nested_branch_dag.py
[2023-12-05T17:54:58.249+0000] {processor.py:829} INFO - Processing file /usr/local/lib/python3.10/dist-packages/airflow/example_dags/example_nested_branch_dag.py for tasks to queue
[2023-12-05T17:54:58.250+0000] {logging_mixin.py:154} INFO - [2023-12-05T17:54:58.249+0000] {dagbag.py:536} INFO - Filling up the DagBag from /usr/local/lib/python3.10/dist-packages/airflow/example_dags/example_nested_branch_dag.py
[2023-12-05T17:54:58.261+0000] {processor.py:839} INFO - DAG(s) dict_keys(['example_nested_branch_dag']) retrieved from /usr/local/lib/python3.10/dist-packages/airflow/example_dags/example_nested_branch_dag.py
[2023-12-05T17:54:58.280+0000] {logging_mixin.py:154} INFO - [2023-12-05T17:54:58.279+0000] {dag.py:2941} INFO - Sync 1 DAGs
[2023-12-05T17:54:58.306+0000] {logging_mixin.py:154} INFO - [2023-12-05T17:54:58.305+0000] {dag.py:3722} INFO - Setting next_dagrun for example_nested_branch_dag to 2023-12-04T00:00:00+00:00, run_after=2023-12-05T00:00:00+00:00
[2023-12-05T17:54:58.330+0000] {processor.py:179} INFO - Processing /usr/local/lib/python3.10/dist-packages/airflow/example_dags/example_nested_branch_dag.py took 0.087 seconds
[2023-12-05T17:55:50.262+0000] {processor.py:157} INFO - Started process (PID=10608) to work on /usr/local/lib/python3.10/dist-packages/airflow/example_dags/example_nested_branch_dag.py
[2023-12-05T17:55:50.264+0000] {processor.py:829} INFO - Processing file /usr/local/lib/python3.10/dist-packages/airflow/example_dags/example_nested_branch_dag.py for tasks to queue
[2023-12-05T17:55:50.265+0000] {logging_mixin.py:154} INFO - [2023-12-05T17:55:50.265+0000] {dagbag.py:536} INFO - Filling up the DagBag from /usr/local/lib/python3.10/dist-packages/airflow/example_dags/example_nested_branch_dag.py
[2023-12-05T17:55:50.296+0000] {processor.py:839} INFO - DAG(s) dict_keys(['example_nested_branch_dag']) retrieved from /usr/local/lib/python3.10/dist-packages/airflow/example_dags/example_nested_branch_dag.py
[2023-12-05T17:55:50.322+0000] {logging_mixin.py:154} INFO - [2023-12-05T17:55:50.321+0000] {dag.py:2941} INFO - Sync 1 DAGs
[2023-12-05T17:55:50.352+0000] {logging_mixin.py:154} INFO - [2023-12-05T17:55:50.352+0000] {dag.py:3722} INFO - Setting next_dagrun for example_nested_branch_dag to 2023-12-04T00:00:00+00:00, run_after=2023-12-05T00:00:00+00:00
[2023-12-05T17:55:50.387+0000] {processor.py:179} INFO - Processing /usr/local/lib/python3.10/dist-packages/airflow/example_dags/example_nested_branch_dag.py took 0.135 seconds
[2023-12-05T17:56:40.440+0000] {processor.py:157} INFO - Started process (PID=10786) to work on /usr/local/lib/python3.10/dist-packages/airflow/example_dags/example_nested_branch_dag.py
[2023-12-05T17:56:40.442+0000] {processor.py:829} INFO - Processing file /usr/local/lib/python3.10/dist-packages/airflow/example_dags/example_nested_branch_dag.py for tasks to queue
[2023-12-05T17:56:40.446+0000] {logging_mixin.py:154} INFO - [2023-12-05T17:56:40.442+0000] {dagbag.py:536} INFO - Filling up the DagBag from /usr/local/lib/python3.10/dist-packages/airflow/example_dags/example_nested_branch_dag.py
[2023-12-05T17:56:40.459+0000] {processor.py:839} INFO - DAG(s) dict_keys(['example_nested_branch_dag']) retrieved from /usr/local/lib/python3.10/dist-packages/airflow/example_dags/example_nested_branch_dag.py
[2023-12-05T17:56:40.486+0000] {logging_mixin.py:154} INFO - [2023-12-05T17:56:40.486+0000] {dag.py:2941} INFO - Sync 1 DAGs
[2023-12-05T17:56:40.513+0000] {logging_mixin.py:154} INFO - [2023-12-05T17:56:40.513+0000] {dag.py:3722} INFO - Setting next_dagrun for example_nested_branch_dag to 2023-12-04T00:00:00+00:00, run_after=2023-12-05T00:00:00+00:00
[2023-12-05T17:56:40.540+0000] {processor.py:179} INFO - Processing /usr/local/lib/python3.10/dist-packages/airflow/example_dags/example_nested_branch_dag.py took 0.103 seconds
[2023-12-05T17:57:36.993+0000] {processor.py:157} INFO - Started process (PID=10908) to work on /usr/local/lib/python3.10/dist-packages/airflow/example_dags/example_nested_branch_dag.py
[2023-12-05T17:57:36.994+0000] {processor.py:829} INFO - Processing file /usr/local/lib/python3.10/dist-packages/airflow/example_dags/example_nested_branch_dag.py for tasks to queue
[2023-12-05T17:57:36.995+0000] {logging_mixin.py:154} INFO - [2023-12-05T17:57:36.995+0000] {dagbag.py:536} INFO - Filling up the DagBag from /usr/local/lib/python3.10/dist-packages/airflow/example_dags/example_nested_branch_dag.py
[2023-12-05T17:57:37.008+0000] {processor.py:839} INFO - DAG(s) dict_keys(['example_nested_branch_dag']) retrieved from /usr/local/lib/python3.10/dist-packages/airflow/example_dags/example_nested_branch_dag.py
[2023-12-05T17:57:37.025+0000] {logging_mixin.py:154} INFO - [2023-12-05T17:57:37.025+0000] {dag.py:2941} INFO - Sync 1 DAGs
[2023-12-05T17:57:37.049+0000] {logging_mixin.py:154} INFO - [2023-12-05T17:57:37.049+0000] {dag.py:3722} INFO - Setting next_dagrun for example_nested_branch_dag to 2023-12-04T00:00:00+00:00, run_after=2023-12-05T00:00:00+00:00
[2023-12-05T17:57:37.074+0000] {processor.py:179} INFO - Processing /usr/local/lib/python3.10/dist-packages/airflow/example_dags/example_nested_branch_dag.py took 0.085 seconds
[2023-12-05T17:58:32.759+0000] {processor.py:157} INFO - Started process (PID=11038) to work on /usr/local/lib/python3.10/dist-packages/airflow/example_dags/example_nested_branch_dag.py
[2023-12-05T17:58:32.761+0000] {processor.py:829} INFO - Processing file /usr/local/lib/python3.10/dist-packages/airflow/example_dags/example_nested_branch_dag.py for tasks to queue
[2023-12-05T17:58:32.761+0000] {logging_mixin.py:154} INFO - [2023-12-05T17:58:32.761+0000] {dagbag.py:536} INFO - Filling up the DagBag from /usr/local/lib/python3.10/dist-packages/airflow/example_dags/example_nested_branch_dag.py
[2023-12-05T17:58:32.772+0000] {processor.py:839} INFO - DAG(s) dict_keys(['example_nested_branch_dag']) retrieved from /usr/local/lib/python3.10/dist-packages/airflow/example_dags/example_nested_branch_dag.py
[2023-12-05T17:58:32.792+0000] {logging_mixin.py:154} INFO - [2023-12-05T17:58:32.792+0000] {dag.py:2941} INFO - Sync 1 DAGs
[2023-12-05T17:58:32.814+0000] {logging_mixin.py:154} INFO - [2023-12-05T17:58:32.814+0000] {dag.py:3722} INFO - Setting next_dagrun for example_nested_branch_dag to 2023-12-04T00:00:00+00:00, run_after=2023-12-05T00:00:00+00:00
[2023-12-05T17:58:32.838+0000] {processor.py:179} INFO - Processing /usr/local/lib/python3.10/dist-packages/airflow/example_dags/example_nested_branch_dag.py took 0.082 seconds
[2023-12-05T17:59:22.602+0000] {processor.py:157} INFO - Started process (PID=11157) to work on /usr/local/lib/python3.10/dist-packages/airflow/example_dags/example_nested_branch_dag.py
[2023-12-05T17:59:22.603+0000] {processor.py:829} INFO - Processing file /usr/local/lib/python3.10/dist-packages/airflow/example_dags/example_nested_branch_dag.py for tasks to queue
[2023-12-05T17:59:22.604+0000] {logging_mixin.py:154} INFO - [2023-12-05T17:59:22.603+0000] {dagbag.py:536} INFO - Filling up the DagBag from /usr/local/lib/python3.10/dist-packages/airflow/example_dags/example_nested_branch_dag.py
[2023-12-05T17:59:22.617+0000] {processor.py:839} INFO - DAG(s) dict_keys(['example_nested_branch_dag']) retrieved from /usr/local/lib/python3.10/dist-packages/airflow/example_dags/example_nested_branch_dag.py
[2023-12-05T17:59:22.638+0000] {logging_mixin.py:154} INFO - [2023-12-05T17:59:22.638+0000] {dag.py:2941} INFO - Sync 1 DAGs
[2023-12-05T17:59:22.663+0000] {logging_mixin.py:154} INFO - [2023-12-05T17:59:22.662+0000] {dag.py:3722} INFO - Setting next_dagrun for example_nested_branch_dag to 2023-12-04T00:00:00+00:00, run_after=2023-12-05T00:00:00+00:00
[2023-12-05T17:59:22.689+0000] {processor.py:179} INFO - Processing /usr/local/lib/python3.10/dist-packages/airflow/example_dags/example_nested_branch_dag.py took 0.091 seconds
[2023-12-05T18:00:15.419+0000] {processor.py:157} INFO - Started process (PID=11272) to work on /usr/local/lib/python3.10/dist-packages/airflow/example_dags/example_nested_branch_dag.py
[2023-12-05T18:00:15.426+0000] {processor.py:829} INFO - Processing file /usr/local/lib/python3.10/dist-packages/airflow/example_dags/example_nested_branch_dag.py for tasks to queue
[2023-12-05T18:00:15.427+0000] {logging_mixin.py:154} INFO - [2023-12-05T18:00:15.426+0000] {dagbag.py:536} INFO - Filling up the DagBag from /usr/local/lib/python3.10/dist-packages/airflow/example_dags/example_nested_branch_dag.py
[2023-12-05T18:00:15.448+0000] {processor.py:839} INFO - DAG(s) dict_keys(['example_nested_branch_dag']) retrieved from /usr/local/lib/python3.10/dist-packages/airflow/example_dags/example_nested_branch_dag.py
[2023-12-05T18:00:15.466+0000] {logging_mixin.py:154} INFO - [2023-12-05T18:00:15.466+0000] {dag.py:2941} INFO - Sync 1 DAGs
[2023-12-05T18:00:15.486+0000] {logging_mixin.py:154} INFO - [2023-12-05T18:00:15.485+0000] {dag.py:3722} INFO - Setting next_dagrun for example_nested_branch_dag to 2023-12-04T00:00:00+00:00, run_after=2023-12-05T00:00:00+00:00
[2023-12-05T18:00:15.511+0000] {processor.py:179} INFO - Processing /usr/local/lib/python3.10/dist-packages/airflow/example_dags/example_nested_branch_dag.py took 0.097 seconds
[2023-12-05T18:01:05.249+0000] {processor.py:157} INFO - Started process (PID=11357) to work on /usr/local/lib/python3.10/dist-packages/airflow/example_dags/example_nested_branch_dag.py
[2023-12-05T18:01:05.251+0000] {processor.py:829} INFO - Processing file /usr/local/lib/python3.10/dist-packages/airflow/example_dags/example_nested_branch_dag.py for tasks to queue
[2023-12-05T18:01:05.252+0000] {logging_mixin.py:154} INFO - [2023-12-05T18:01:05.251+0000] {dagbag.py:536} INFO - Filling up the DagBag from /usr/local/lib/python3.10/dist-packages/airflow/example_dags/example_nested_branch_dag.py
[2023-12-05T18:01:05.265+0000] {processor.py:839} INFO - DAG(s) dict_keys(['example_nested_branch_dag']) retrieved from /usr/local/lib/python3.10/dist-packages/airflow/example_dags/example_nested_branch_dag.py
[2023-12-05T18:01:05.290+0000] {logging_mixin.py:154} INFO - [2023-12-05T18:01:05.290+0000] {dag.py:2941} INFO - Sync 1 DAGs
[2023-12-05T18:01:05.321+0000] {logging_mixin.py:154} INFO - [2023-12-05T18:01:05.321+0000] {dag.py:3722} INFO - Setting next_dagrun for example_nested_branch_dag to 2023-12-04T00:00:00+00:00, run_after=2023-12-05T00:00:00+00:00
[2023-12-05T18:01:05.346+0000] {processor.py:179} INFO - Processing /usr/local/lib/python3.10/dist-packages/airflow/example_dags/example_nested_branch_dag.py took 0.102 seconds
[2023-12-05T18:01:52.842+0000] {processor.py:157} INFO - Started process (PID=11509) to work on /usr/local/lib/python3.10/dist-packages/airflow/example_dags/example_nested_branch_dag.py
[2023-12-05T18:01:52.843+0000] {processor.py:829} INFO - Processing file /usr/local/lib/python3.10/dist-packages/airflow/example_dags/example_nested_branch_dag.py for tasks to queue
[2023-12-05T18:01:52.844+0000] {logging_mixin.py:154} INFO - [2023-12-05T18:01:52.844+0000] {dagbag.py:536} INFO - Filling up the DagBag from /usr/local/lib/python3.10/dist-packages/airflow/example_dags/example_nested_branch_dag.py
[2023-12-05T18:01:52.856+0000] {processor.py:839} INFO - DAG(s) dict_keys(['example_nested_branch_dag']) retrieved from /usr/local/lib/python3.10/dist-packages/airflow/example_dags/example_nested_branch_dag.py
[2023-12-05T18:01:52.878+0000] {logging_mixin.py:154} INFO - [2023-12-05T18:01:52.878+0000] {dag.py:2941} INFO - Sync 1 DAGs
[2023-12-05T18:01:52.904+0000] {logging_mixin.py:154} INFO - [2023-12-05T18:01:52.904+0000] {dag.py:3722} INFO - Setting next_dagrun for example_nested_branch_dag to 2023-12-04T00:00:00+00:00, run_after=2023-12-05T00:00:00+00:00
[2023-12-05T18:01:52.928+0000] {processor.py:179} INFO - Processing /usr/local/lib/python3.10/dist-packages/airflow/example_dags/example_nested_branch_dag.py took 0.090 seconds
[2023-12-05T18:02:43.905+0000] {processor.py:157} INFO - Started process (PID=11627) to work on /usr/local/lib/python3.10/dist-packages/airflow/example_dags/example_nested_branch_dag.py
[2023-12-05T18:02:43.906+0000] {processor.py:829} INFO - Processing file /usr/local/lib/python3.10/dist-packages/airflow/example_dags/example_nested_branch_dag.py for tasks to queue
[2023-12-05T18:02:43.907+0000] {logging_mixin.py:154} INFO - [2023-12-05T18:02:43.907+0000] {dagbag.py:536} INFO - Filling up the DagBag from /usr/local/lib/python3.10/dist-packages/airflow/example_dags/example_nested_branch_dag.py
[2023-12-05T18:02:43.918+0000] {processor.py:839} INFO - DAG(s) dict_keys(['example_nested_branch_dag']) retrieved from /usr/local/lib/python3.10/dist-packages/airflow/example_dags/example_nested_branch_dag.py
[2023-12-05T18:02:43.936+0000] {logging_mixin.py:154} INFO - [2023-12-05T18:02:43.936+0000] {dag.py:2941} INFO - Sync 1 DAGs
[2023-12-05T18:02:43.959+0000] {logging_mixin.py:154} INFO - [2023-12-05T18:02:43.959+0000] {dag.py:3722} INFO - Setting next_dagrun for example_nested_branch_dag to 2023-12-04T00:00:00+00:00, run_after=2023-12-05T00:00:00+00:00
[2023-12-05T18:02:43.984+0000] {processor.py:179} INFO - Processing /usr/local/lib/python3.10/dist-packages/airflow/example_dags/example_nested_branch_dag.py took 0.083 seconds
[2023-12-05T18:03:34.876+0000] {processor.py:157} INFO - Started process (PID=11745) to work on /usr/local/lib/python3.10/dist-packages/airflow/example_dags/example_nested_branch_dag.py
[2023-12-05T18:03:34.877+0000] {processor.py:829} INFO - Processing file /usr/local/lib/python3.10/dist-packages/airflow/example_dags/example_nested_branch_dag.py for tasks to queue
[2023-12-05T18:03:34.879+0000] {logging_mixin.py:154} INFO - [2023-12-05T18:03:34.878+0000] {dagbag.py:536} INFO - Filling up the DagBag from /usr/local/lib/python3.10/dist-packages/airflow/example_dags/example_nested_branch_dag.py
[2023-12-05T18:03:34.889+0000] {processor.py:839} INFO - DAG(s) dict_keys(['example_nested_branch_dag']) retrieved from /usr/local/lib/python3.10/dist-packages/airflow/example_dags/example_nested_branch_dag.py
[2023-12-05T18:03:34.906+0000] {logging_mixin.py:154} INFO - [2023-12-05T18:03:34.906+0000] {dag.py:2941} INFO - Sync 1 DAGs
[2023-12-05T18:03:34.928+0000] {logging_mixin.py:154} INFO - [2023-12-05T18:03:34.927+0000] {dag.py:3722} INFO - Setting next_dagrun for example_nested_branch_dag to 2023-12-04T00:00:00+00:00, run_after=2023-12-05T00:00:00+00:00
[2023-12-05T18:03:34.950+0000] {processor.py:179} INFO - Processing /usr/local/lib/python3.10/dist-packages/airflow/example_dags/example_nested_branch_dag.py took 0.077 seconds
[2023-12-05T18:04:23.769+0000] {processor.py:157} INFO - Started process (PID=11862) to work on /usr/local/lib/python3.10/dist-packages/airflow/example_dags/example_nested_branch_dag.py
[2023-12-05T18:04:23.771+0000] {processor.py:829} INFO - Processing file /usr/local/lib/python3.10/dist-packages/airflow/example_dags/example_nested_branch_dag.py for tasks to queue
[2023-12-05T18:04:23.773+0000] {logging_mixin.py:154} INFO - [2023-12-05T18:04:23.772+0000] {dagbag.py:536} INFO - Filling up the DagBag from /usr/local/lib/python3.10/dist-packages/airflow/example_dags/example_nested_branch_dag.py
[2023-12-05T18:04:23.787+0000] {processor.py:839} INFO - DAG(s) dict_keys(['example_nested_branch_dag']) retrieved from /usr/local/lib/python3.10/dist-packages/airflow/example_dags/example_nested_branch_dag.py
[2023-12-05T18:04:23.811+0000] {logging_mixin.py:154} INFO - [2023-12-05T18:04:23.811+0000] {dag.py:2941} INFO - Sync 1 DAGs
[2023-12-05T18:04:23.840+0000] {logging_mixin.py:154} INFO - [2023-12-05T18:04:23.840+0000] {dag.py:3722} INFO - Setting next_dagrun for example_nested_branch_dag to 2023-12-04T00:00:00+00:00, run_after=2023-12-05T00:00:00+00:00
[2023-12-05T18:04:23.866+0000] {processor.py:179} INFO - Processing /usr/local/lib/python3.10/dist-packages/airflow/example_dags/example_nested_branch_dag.py took 0.101 seconds
[2023-12-05T18:05:16.546+0000] {processor.py:157} INFO - Started process (PID=12436) to work on /usr/local/lib/python3.10/dist-packages/airflow/example_dags/example_nested_branch_dag.py
[2023-12-05T18:05:16.547+0000] {processor.py:829} INFO - Processing file /usr/local/lib/python3.10/dist-packages/airflow/example_dags/example_nested_branch_dag.py for tasks to queue
[2023-12-05T18:05:16.548+0000] {logging_mixin.py:154} INFO - [2023-12-05T18:05:16.548+0000] {dagbag.py:536} INFO - Filling up the DagBag from /usr/local/lib/python3.10/dist-packages/airflow/example_dags/example_nested_branch_dag.py
[2023-12-05T18:05:16.558+0000] {processor.py:839} INFO - DAG(s) dict_keys(['example_nested_branch_dag']) retrieved from /usr/local/lib/python3.10/dist-packages/airflow/example_dags/example_nested_branch_dag.py
[2023-12-05T18:05:16.578+0000] {logging_mixin.py:154} INFO - [2023-12-05T18:05:16.578+0000] {dag.py:2941} INFO - Sync 1 DAGs
[2023-12-05T18:05:16.604+0000] {logging_mixin.py:154} INFO - [2023-12-05T18:05:16.603+0000] {dag.py:3722} INFO - Setting next_dagrun for example_nested_branch_dag to 2023-12-04T00:00:00+00:00, run_after=2023-12-05T00:00:00+00:00
[2023-12-05T18:05:16.632+0000] {processor.py:179} INFO - Processing /usr/local/lib/python3.10/dist-packages/airflow/example_dags/example_nested_branch_dag.py took 0.090 seconds
[2023-12-05T18:06:07.162+0000] {processor.py:157} INFO - Started process (PID=12670) to work on /usr/local/lib/python3.10/dist-packages/airflow/example_dags/example_nested_branch_dag.py
[2023-12-05T18:06:07.164+0000] {processor.py:829} INFO - Processing file /usr/local/lib/python3.10/dist-packages/airflow/example_dags/example_nested_branch_dag.py for tasks to queue
[2023-12-05T18:06:07.165+0000] {logging_mixin.py:154} INFO - [2023-12-05T18:06:07.165+0000] {dagbag.py:536} INFO - Filling up the DagBag from /usr/local/lib/python3.10/dist-packages/airflow/example_dags/example_nested_branch_dag.py
[2023-12-05T18:06:07.176+0000] {processor.py:839} INFO - DAG(s) dict_keys(['example_nested_branch_dag']) retrieved from /usr/local/lib/python3.10/dist-packages/airflow/example_dags/example_nested_branch_dag.py
[2023-12-05T18:06:07.195+0000] {logging_mixin.py:154} INFO - [2023-12-05T18:06:07.194+0000] {dag.py:2941} INFO - Sync 1 DAGs
[2023-12-05T18:06:07.222+0000] {logging_mixin.py:154} INFO - [2023-12-05T18:06:07.222+0000] {dag.py:3722} INFO - Setting next_dagrun for example_nested_branch_dag to 2023-12-04T00:00:00+00:00, run_after=2023-12-05T00:00:00+00:00
[2023-12-05T18:06:07.250+0000] {processor.py:179} INFO - Processing /usr/local/lib/python3.10/dist-packages/airflow/example_dags/example_nested_branch_dag.py took 0.093 seconds
[2023-12-05T18:07:00.361+0000] {processor.py:157} INFO - Started process (PID=12915) to work on /usr/local/lib/python3.10/dist-packages/airflow/example_dags/example_nested_branch_dag.py
[2023-12-05T18:07:00.362+0000] {processor.py:829} INFO - Processing file /usr/local/lib/python3.10/dist-packages/airflow/example_dags/example_nested_branch_dag.py for tasks to queue
[2023-12-05T18:07:00.363+0000] {logging_mixin.py:154} INFO - [2023-12-05T18:07:00.363+0000] {dagbag.py:536} INFO - Filling up the DagBag from /usr/local/lib/python3.10/dist-packages/airflow/example_dags/example_nested_branch_dag.py
[2023-12-05T18:07:00.374+0000] {processor.py:839} INFO - DAG(s) dict_keys(['example_nested_branch_dag']) retrieved from /usr/local/lib/python3.10/dist-packages/airflow/example_dags/example_nested_branch_dag.py
[2023-12-05T18:07:00.394+0000] {logging_mixin.py:154} INFO - [2023-12-05T18:07:00.394+0000] {dag.py:2941} INFO - Sync 1 DAGs
[2023-12-05T18:07:00.432+0000] {logging_mixin.py:154} INFO - [2023-12-05T18:07:00.431+0000] {dag.py:3722} INFO - Setting next_dagrun for example_nested_branch_dag to 2023-12-04T00:00:00+00:00, run_after=2023-12-05T00:00:00+00:00
[2023-12-05T18:07:00.471+0000] {processor.py:179} INFO - Processing /usr/local/lib/python3.10/dist-packages/airflow/example_dags/example_nested_branch_dag.py took 0.113 seconds
[2023-12-05T18:07:55.034+0000] {processor.py:157} INFO - Started process (PID=13103) to work on /usr/local/lib/python3.10/dist-packages/airflow/example_dags/example_nested_branch_dag.py
[2023-12-05T18:07:55.037+0000] {processor.py:829} INFO - Processing file /usr/local/lib/python3.10/dist-packages/airflow/example_dags/example_nested_branch_dag.py for tasks to queue
[2023-12-05T18:07:55.040+0000] {logging_mixin.py:154} INFO - [2023-12-05T18:07:55.038+0000] {dagbag.py:536} INFO - Filling up the DagBag from /usr/local/lib/python3.10/dist-packages/airflow/example_dags/example_nested_branch_dag.py
[2023-12-05T18:07:55.072+0000] {processor.py:839} INFO - DAG(s) dict_keys(['example_nested_branch_dag']) retrieved from /usr/local/lib/python3.10/dist-packages/airflow/example_dags/example_nested_branch_dag.py
[2023-12-05T18:07:55.098+0000] {logging_mixin.py:154} INFO - [2023-12-05T18:07:55.097+0000] {dag.py:2941} INFO - Sync 1 DAGs
[2023-12-05T18:07:55.127+0000] {logging_mixin.py:154} INFO - [2023-12-05T18:07:55.126+0000] {dag.py:3722} INFO - Setting next_dagrun for example_nested_branch_dag to 2023-12-04T00:00:00+00:00, run_after=2023-12-05T00:00:00+00:00
[2023-12-05T18:07:55.153+0000] {processor.py:179} INFO - Processing /usr/local/lib/python3.10/dist-packages/airflow/example_dags/example_nested_branch_dag.py took 0.140 seconds
[2023-12-05T18:08:38.491+0000] {processor.py:157} INFO - Started process (PID=13297) to work on /usr/local/lib/python3.10/dist-packages/airflow/example_dags/example_nested_branch_dag.py
[2023-12-05T18:08:38.493+0000] {processor.py:829} INFO - Processing file /usr/local/lib/python3.10/dist-packages/airflow/example_dags/example_nested_branch_dag.py for tasks to queue
[2023-12-05T18:08:38.494+0000] {logging_mixin.py:154} INFO - [2023-12-05T18:08:38.493+0000] {dagbag.py:536} INFO - Filling up the DagBag from /usr/local/lib/python3.10/dist-packages/airflow/example_dags/example_nested_branch_dag.py
[2023-12-05T18:08:38.506+0000] {processor.py:839} INFO - DAG(s) dict_keys(['example_nested_branch_dag']) retrieved from /usr/local/lib/python3.10/dist-packages/airflow/example_dags/example_nested_branch_dag.py
[2023-12-05T18:08:38.533+0000] {logging_mixin.py:154} INFO - [2023-12-05T18:08:38.533+0000] {dag.py:2941} INFO - Sync 1 DAGs
[2023-12-05T18:08:38.568+0000] {logging_mixin.py:154} INFO - [2023-12-05T18:08:38.568+0000] {dag.py:3722} INFO - Setting next_dagrun for example_nested_branch_dag to 2023-12-04T00:00:00+00:00, run_after=2023-12-05T00:00:00+00:00
[2023-12-05T18:08:38.592+0000] {processor.py:179} INFO - Processing /usr/local/lib/python3.10/dist-packages/airflow/example_dags/example_nested_branch_dag.py took 0.104 seconds
[2023-12-05T18:09:30.913+0000] {processor.py:157} INFO - Started process (PID=13636) to work on /usr/local/lib/python3.10/dist-packages/airflow/example_dags/example_nested_branch_dag.py
[2023-12-05T18:09:30.914+0000] {processor.py:829} INFO - Processing file /usr/local/lib/python3.10/dist-packages/airflow/example_dags/example_nested_branch_dag.py for tasks to queue
[2023-12-05T18:09:30.915+0000] {logging_mixin.py:154} INFO - [2023-12-05T18:09:30.915+0000] {dagbag.py:536} INFO - Filling up the DagBag from /usr/local/lib/python3.10/dist-packages/airflow/example_dags/example_nested_branch_dag.py
[2023-12-05T18:09:30.929+0000] {processor.py:839} INFO - DAG(s) dict_keys(['example_nested_branch_dag']) retrieved from /usr/local/lib/python3.10/dist-packages/airflow/example_dags/example_nested_branch_dag.py
[2023-12-05T18:09:30.949+0000] {logging_mixin.py:154} INFO - [2023-12-05T18:09:30.948+0000] {dag.py:2941} INFO - Sync 1 DAGs
[2023-12-05T18:09:30.973+0000] {logging_mixin.py:154} INFO - [2023-12-05T18:09:30.973+0000] {dag.py:3722} INFO - Setting next_dagrun for example_nested_branch_dag to 2023-12-04T00:00:00+00:00, run_after=2023-12-05T00:00:00+00:00
[2023-12-05T18:09:31.013+0000] {processor.py:179} INFO - Processing /usr/local/lib/python3.10/dist-packages/airflow/example_dags/example_nested_branch_dag.py took 0.103 seconds
[2023-12-05T18:10:17.864+0000] {processor.py:157} INFO - Started process (PID=13753) to work on /usr/local/lib/python3.10/dist-packages/airflow/example_dags/example_nested_branch_dag.py
[2023-12-05T18:10:17.866+0000] {processor.py:829} INFO - Processing file /usr/local/lib/python3.10/dist-packages/airflow/example_dags/example_nested_branch_dag.py for tasks to queue
[2023-12-05T18:10:17.867+0000] {logging_mixin.py:154} INFO - [2023-12-05T18:10:17.866+0000] {dagbag.py:536} INFO - Filling up the DagBag from /usr/local/lib/python3.10/dist-packages/airflow/example_dags/example_nested_branch_dag.py
[2023-12-05T18:10:17.879+0000] {processor.py:839} INFO - DAG(s) dict_keys(['example_nested_branch_dag']) retrieved from /usr/local/lib/python3.10/dist-packages/airflow/example_dags/example_nested_branch_dag.py
[2023-12-05T18:10:17.899+0000] {logging_mixin.py:154} INFO - [2023-12-05T18:10:17.899+0000] {dag.py:2941} INFO - Sync 1 DAGs
[2023-12-05T18:10:17.925+0000] {logging_mixin.py:154} INFO - [2023-12-05T18:10:17.925+0000] {dag.py:3722} INFO - Setting next_dagrun for example_nested_branch_dag to 2023-12-04T00:00:00+00:00, run_after=2023-12-05T00:00:00+00:00
[2023-12-05T18:10:17.956+0000] {processor.py:179} INFO - Processing /usr/local/lib/python3.10/dist-packages/airflow/example_dags/example_nested_branch_dag.py took 0.095 seconds
