[2023-12-05T17:46:50.129+0000] {processor.py:157} INFO - Started process (PID=9285) to work on /usr/local/lib/python3.10/dist-packages/airflow/example_dags/example_branch_operator.py
[2023-12-05T17:46:50.130+0000] {processor.py:829} INFO - Processing file /usr/local/lib/python3.10/dist-packages/airflow/example_dags/example_branch_operator.py for tasks to queue
[2023-12-05T17:46:50.132+0000] {logging_mixin.py:154} INFO - [2023-12-05T17:46:50.131+0000] {dagbag.py:536} INFO - Filling up the DagBag from /usr/local/lib/python3.10/dist-packages/airflow/example_dags/example_branch_operator.py
[2023-12-05T17:46:50.164+0000] {processor.py:839} INFO - DAG(s) dict_keys(['example_branch_operator']) retrieved from /usr/local/lib/python3.10/dist-packages/airflow/example_dags/example_branch_operator.py
[2023-12-05T17:46:50.201+0000] {logging_mixin.py:154} INFO - [2023-12-05T17:46:50.200+0000] {dag.py:2941} INFO - Sync 1 DAGs
[2023-12-05T17:46:50.247+0000] {logging_mixin.py:154} INFO - [2023-12-05T17:46:50.247+0000] {dag.py:3722} INFO - Setting next_dagrun for example_branch_operator to 2023-12-04T00:00:00+00:00, run_after=2023-12-05T00:00:00+00:00
[2023-12-05T17:46:50.322+0000] {processor.py:179} INFO - Processing /usr/local/lib/python3.10/dist-packages/airflow/example_dags/example_branch_operator.py took 0.196 seconds
[2023-12-05T17:47:47.083+0000] {processor.py:157} INFO - Started process (PID=9404) to work on /usr/local/lib/python3.10/dist-packages/airflow/example_dags/example_branch_operator.py
[2023-12-05T17:47:47.085+0000] {processor.py:829} INFO - Processing file /usr/local/lib/python3.10/dist-packages/airflow/example_dags/example_branch_operator.py for tasks to queue
[2023-12-05T17:47:47.086+0000] {logging_mixin.py:154} INFO - [2023-12-05T17:47:47.085+0000] {dagbag.py:536} INFO - Filling up the DagBag from /usr/local/lib/python3.10/dist-packages/airflow/example_dags/example_branch_operator.py
[2023-12-05T17:47:47.095+0000] {processor.py:839} INFO - DAG(s) dict_keys(['example_branch_operator']) retrieved from /usr/local/lib/python3.10/dist-packages/airflow/example_dags/example_branch_operator.py
[2023-12-05T17:47:47.113+0000] {logging_mixin.py:154} INFO - [2023-12-05T17:47:47.113+0000] {dag.py:2941} INFO - Sync 1 DAGs
[2023-12-05T17:47:47.133+0000] {logging_mixin.py:154} INFO - [2023-12-05T17:47:47.133+0000] {dag.py:3722} INFO - Setting next_dagrun for example_branch_operator to 2023-12-04T00:00:00+00:00, run_after=2023-12-05T00:00:00+00:00
[2023-12-05T17:47:47.179+0000] {processor.py:179} INFO - Processing /usr/local/lib/python3.10/dist-packages/airflow/example_dags/example_branch_operator.py took 0.103 seconds
[2023-12-05T17:48:41.918+0000] {processor.py:157} INFO - Started process (PID=9584) to work on /usr/local/lib/python3.10/dist-packages/airflow/example_dags/example_branch_operator.py
[2023-12-05T17:48:41.921+0000] {processor.py:829} INFO - Processing file /usr/local/lib/python3.10/dist-packages/airflow/example_dags/example_branch_operator.py for tasks to queue
[2023-12-05T17:48:41.922+0000] {logging_mixin.py:154} INFO - [2023-12-05T17:48:41.922+0000] {dagbag.py:536} INFO - Filling up the DagBag from /usr/local/lib/python3.10/dist-packages/airflow/example_dags/example_branch_operator.py
[2023-12-05T17:48:41.947+0000] {processor.py:839} INFO - DAG(s) dict_keys(['example_branch_operator']) retrieved from /usr/local/lib/python3.10/dist-packages/airflow/example_dags/example_branch_operator.py
[2023-12-05T17:48:41.980+0000] {logging_mixin.py:154} INFO - [2023-12-05T17:48:41.979+0000] {dag.py:2941} INFO - Sync 1 DAGs
[2023-12-05T17:48:42.035+0000] {logging_mixin.py:154} INFO - [2023-12-05T17:48:42.035+0000] {dag.py:3722} INFO - Setting next_dagrun for example_branch_operator to 2023-12-04T00:00:00+00:00, run_after=2023-12-05T00:00:00+00:00
[2023-12-05T17:48:42.071+0000] {processor.py:179} INFO - Processing /usr/local/lib/python3.10/dist-packages/airflow/example_dags/example_branch_operator.py took 0.157 seconds
[2023-12-05T17:49:36.193+0000] {processor.py:157} INFO - Started process (PID=9701) to work on /usr/local/lib/python3.10/dist-packages/airflow/example_dags/example_branch_operator.py
[2023-12-05T17:49:36.195+0000] {processor.py:829} INFO - Processing file /usr/local/lib/python3.10/dist-packages/airflow/example_dags/example_branch_operator.py for tasks to queue
[2023-12-05T17:49:36.195+0000] {logging_mixin.py:154} INFO - [2023-12-05T17:49:36.195+0000] {dagbag.py:536} INFO - Filling up the DagBag from /usr/local/lib/python3.10/dist-packages/airflow/example_dags/example_branch_operator.py
[2023-12-05T17:49:36.206+0000] {processor.py:839} INFO - DAG(s) dict_keys(['example_branch_operator']) retrieved from /usr/local/lib/python3.10/dist-packages/airflow/example_dags/example_branch_operator.py
[2023-12-05T17:49:36.225+0000] {logging_mixin.py:154} INFO - [2023-12-05T17:49:36.224+0000] {dag.py:2941} INFO - Sync 1 DAGs
[2023-12-05T17:49:36.246+0000] {logging_mixin.py:154} INFO - [2023-12-05T17:49:36.246+0000] {dag.py:3722} INFO - Setting next_dagrun for example_branch_operator to 2023-12-04T00:00:00+00:00, run_after=2023-12-05T00:00:00+00:00
[2023-12-05T17:49:36.270+0000] {processor.py:179} INFO - Processing /usr/local/lib/python3.10/dist-packages/airflow/example_dags/example_branch_operator.py took 0.081 seconds
[2023-12-05T17:50:28.535+0000] {processor.py:157} INFO - Started process (PID=9825) to work on /usr/local/lib/python3.10/dist-packages/airflow/example_dags/example_branch_operator.py
[2023-12-05T17:50:28.538+0000] {processor.py:829} INFO - Processing file /usr/local/lib/python3.10/dist-packages/airflow/example_dags/example_branch_operator.py for tasks to queue
[2023-12-05T17:50:28.539+0000] {logging_mixin.py:154} INFO - [2023-12-05T17:50:28.538+0000] {dagbag.py:536} INFO - Filling up the DagBag from /usr/local/lib/python3.10/dist-packages/airflow/example_dags/example_branch_operator.py
[2023-12-05T17:50:28.556+0000] {processor.py:839} INFO - DAG(s) dict_keys(['example_branch_operator']) retrieved from /usr/local/lib/python3.10/dist-packages/airflow/example_dags/example_branch_operator.py
[2023-12-05T17:50:28.584+0000] {logging_mixin.py:154} INFO - [2023-12-05T17:50:28.584+0000] {dag.py:2941} INFO - Sync 1 DAGs
[2023-12-05T17:50:28.610+0000] {logging_mixin.py:154} INFO - [2023-12-05T17:50:28.610+0000] {dag.py:3722} INFO - Setting next_dagrun for example_branch_operator to 2023-12-04T00:00:00+00:00, run_after=2023-12-05T00:00:00+00:00
[2023-12-05T17:50:28.642+0000] {processor.py:179} INFO - Processing /usr/local/lib/python3.10/dist-packages/airflow/example_dags/example_branch_operator.py took 0.110 seconds
[2023-12-05T17:51:20.663+0000] {processor.py:157} INFO - Started process (PID=10000) to work on /usr/local/lib/python3.10/dist-packages/airflow/example_dags/example_branch_operator.py
[2023-12-05T17:51:20.665+0000] {processor.py:829} INFO - Processing file /usr/local/lib/python3.10/dist-packages/airflow/example_dags/example_branch_operator.py for tasks to queue
[2023-12-05T17:51:20.666+0000] {logging_mixin.py:154} INFO - [2023-12-05T17:51:20.665+0000] {dagbag.py:536} INFO - Filling up the DagBag from /usr/local/lib/python3.10/dist-packages/airflow/example_dags/example_branch_operator.py
[2023-12-05T17:51:20.675+0000] {processor.py:839} INFO - DAG(s) dict_keys(['example_branch_operator']) retrieved from /usr/local/lib/python3.10/dist-packages/airflow/example_dags/example_branch_operator.py
[2023-12-05T17:51:20.696+0000] {logging_mixin.py:154} INFO - [2023-12-05T17:51:20.695+0000] {dag.py:2941} INFO - Sync 1 DAGs
[2023-12-05T17:51:20.720+0000] {logging_mixin.py:154} INFO - [2023-12-05T17:51:20.720+0000] {dag.py:3722} INFO - Setting next_dagrun for example_branch_operator to 2023-12-04T00:00:00+00:00, run_after=2023-12-05T00:00:00+00:00
[2023-12-05T17:51:20.747+0000] {processor.py:179} INFO - Processing /usr/local/lib/python3.10/dist-packages/airflow/example_dags/example_branch_operator.py took 0.088 seconds
[2023-12-05T17:52:12.500+0000] {processor.py:157} INFO - Started process (PID=10117) to work on /usr/local/lib/python3.10/dist-packages/airflow/example_dags/example_branch_operator.py
[2023-12-05T17:52:12.502+0000] {processor.py:829} INFO - Processing file /usr/local/lib/python3.10/dist-packages/airflow/example_dags/example_branch_operator.py for tasks to queue
[2023-12-05T17:52:12.502+0000] {logging_mixin.py:154} INFO - [2023-12-05T17:52:12.502+0000] {dagbag.py:536} INFO - Filling up the DagBag from /usr/local/lib/python3.10/dist-packages/airflow/example_dags/example_branch_operator.py
[2023-12-05T17:52:12.524+0000] {processor.py:839} INFO - DAG(s) dict_keys(['example_branch_operator']) retrieved from /usr/local/lib/python3.10/dist-packages/airflow/example_dags/example_branch_operator.py
[2023-12-05T17:52:12.546+0000] {logging_mixin.py:154} INFO - [2023-12-05T17:52:12.546+0000] {dag.py:2941} INFO - Sync 1 DAGs
[2023-12-05T17:52:12.573+0000] {logging_mixin.py:154} INFO - [2023-12-05T17:52:12.573+0000] {dag.py:3722} INFO - Setting next_dagrun for example_branch_operator to 2023-12-04T00:00:00+00:00, run_after=2023-12-05T00:00:00+00:00
[2023-12-05T17:52:12.597+0000] {processor.py:179} INFO - Processing /usr/local/lib/python3.10/dist-packages/airflow/example_dags/example_branch_operator.py took 0.101 seconds
[2023-12-05T17:53:04.587+0000] {processor.py:157} INFO - Started process (PID=10205) to work on /usr/local/lib/python3.10/dist-packages/airflow/example_dags/example_branch_operator.py
[2023-12-05T17:53:04.589+0000] {processor.py:829} INFO - Processing file /usr/local/lib/python3.10/dist-packages/airflow/example_dags/example_branch_operator.py for tasks to queue
[2023-12-05T17:53:04.590+0000] {logging_mixin.py:154} INFO - [2023-12-05T17:53:04.590+0000] {dagbag.py:536} INFO - Filling up the DagBag from /usr/local/lib/python3.10/dist-packages/airflow/example_dags/example_branch_operator.py
[2023-12-05T17:53:04.602+0000] {processor.py:839} INFO - DAG(s) dict_keys(['example_branch_operator']) retrieved from /usr/local/lib/python3.10/dist-packages/airflow/example_dags/example_branch_operator.py
[2023-12-05T17:53:04.627+0000] {logging_mixin.py:154} INFO - [2023-12-05T17:53:04.627+0000] {dag.py:2941} INFO - Sync 1 DAGs
[2023-12-05T17:53:04.664+0000] {logging_mixin.py:154} INFO - [2023-12-05T17:53:04.664+0000] {dag.py:3722} INFO - Setting next_dagrun for example_branch_operator to 2023-12-04T00:00:00+00:00, run_after=2023-12-05T00:00:00+00:00
[2023-12-05T17:53:04.690+0000] {processor.py:179} INFO - Processing /usr/local/lib/python3.10/dist-packages/airflow/example_dags/example_branch_operator.py took 0.110 seconds
[2023-12-05T17:53:55.660+0000] {processor.py:157} INFO - Started process (PID=10356) to work on /usr/local/lib/python3.10/dist-packages/airflow/example_dags/example_branch_operator.py
[2023-12-05T17:53:55.661+0000] {processor.py:829} INFO - Processing file /usr/local/lib/python3.10/dist-packages/airflow/example_dags/example_branch_operator.py for tasks to queue
[2023-12-05T17:53:55.663+0000] {logging_mixin.py:154} INFO - [2023-12-05T17:53:55.662+0000] {dagbag.py:536} INFO - Filling up the DagBag from /usr/local/lib/python3.10/dist-packages/airflow/example_dags/example_branch_operator.py
[2023-12-05T17:53:55.681+0000] {processor.py:839} INFO - DAG(s) dict_keys(['example_branch_operator']) retrieved from /usr/local/lib/python3.10/dist-packages/airflow/example_dags/example_branch_operator.py
[2023-12-05T17:53:55.719+0000] {logging_mixin.py:154} INFO - [2023-12-05T17:53:55.718+0000] {dag.py:2941} INFO - Sync 1 DAGs
[2023-12-05T17:53:55.758+0000] {logging_mixin.py:154} INFO - [2023-12-05T17:53:55.758+0000] {dag.py:3722} INFO - Setting next_dagrun for example_branch_operator to 2023-12-04T00:00:00+00:00, run_after=2023-12-05T00:00:00+00:00
[2023-12-05T17:53:55.799+0000] {processor.py:179} INFO - Processing /usr/local/lib/python3.10/dist-packages/airflow/example_dags/example_branch_operator.py took 0.143 seconds
[2023-12-05T17:54:44.678+0000] {processor.py:157} INFO - Started process (PID=10474) to work on /usr/local/lib/python3.10/dist-packages/airflow/example_dags/example_branch_operator.py
[2023-12-05T17:54:44.679+0000] {processor.py:829} INFO - Processing file /usr/local/lib/python3.10/dist-packages/airflow/example_dags/example_branch_operator.py for tasks to queue
[2023-12-05T17:54:44.680+0000] {logging_mixin.py:154} INFO - [2023-12-05T17:54:44.680+0000] {dagbag.py:536} INFO - Filling up the DagBag from /usr/local/lib/python3.10/dist-packages/airflow/example_dags/example_branch_operator.py
[2023-12-05T17:54:44.690+0000] {processor.py:839} INFO - DAG(s) dict_keys(['example_branch_operator']) retrieved from /usr/local/lib/python3.10/dist-packages/airflow/example_dags/example_branch_operator.py
[2023-12-05T17:54:44.710+0000] {logging_mixin.py:154} INFO - [2023-12-05T17:54:44.709+0000] {dag.py:2941} INFO - Sync 1 DAGs
[2023-12-05T17:54:44.734+0000] {logging_mixin.py:154} INFO - [2023-12-05T17:54:44.733+0000] {dag.py:3722} INFO - Setting next_dagrun for example_branch_operator to 2023-12-04T00:00:00+00:00, run_after=2023-12-05T00:00:00+00:00
[2023-12-05T17:54:44.771+0000] {processor.py:179} INFO - Processing /usr/local/lib/python3.10/dist-packages/airflow/example_dags/example_branch_operator.py took 0.097 seconds
[2023-12-05T17:55:38.339+0000] {processor.py:157} INFO - Started process (PID=10594) to work on /usr/local/lib/python3.10/dist-packages/airflow/example_dags/example_branch_operator.py
[2023-12-05T17:55:38.341+0000] {processor.py:829} INFO - Processing file /usr/local/lib/python3.10/dist-packages/airflow/example_dags/example_branch_operator.py for tasks to queue
[2023-12-05T17:55:38.341+0000] {logging_mixin.py:154} INFO - [2023-12-05T17:55:38.341+0000] {dagbag.py:536} INFO - Filling up the DagBag from /usr/local/lib/python3.10/dist-packages/airflow/example_dags/example_branch_operator.py
[2023-12-05T17:55:38.354+0000] {processor.py:839} INFO - DAG(s) dict_keys(['example_branch_operator']) retrieved from /usr/local/lib/python3.10/dist-packages/airflow/example_dags/example_branch_operator.py
[2023-12-05T17:55:38.387+0000] {logging_mixin.py:154} INFO - [2023-12-05T17:55:38.386+0000] {dag.py:2941} INFO - Sync 1 DAGs
[2023-12-05T17:55:38.410+0000] {logging_mixin.py:154} INFO - [2023-12-05T17:55:38.410+0000] {dag.py:3722} INFO - Setting next_dagrun for example_branch_operator to 2023-12-04T00:00:00+00:00, run_after=2023-12-05T00:00:00+00:00
[2023-12-05T17:55:38.438+0000] {processor.py:179} INFO - Processing /usr/local/lib/python3.10/dist-packages/airflow/example_dags/example_branch_operator.py took 0.104 seconds
[2023-12-05T17:56:28.974+0000] {processor.py:157} INFO - Started process (PID=10772) to work on /usr/local/lib/python3.10/dist-packages/airflow/example_dags/example_branch_operator.py
[2023-12-05T17:56:28.976+0000] {processor.py:829} INFO - Processing file /usr/local/lib/python3.10/dist-packages/airflow/example_dags/example_branch_operator.py for tasks to queue
[2023-12-05T17:56:28.977+0000] {logging_mixin.py:154} INFO - [2023-12-05T17:56:28.977+0000] {dagbag.py:536} INFO - Filling up the DagBag from /usr/local/lib/python3.10/dist-packages/airflow/example_dags/example_branch_operator.py
[2023-12-05T17:56:28.994+0000] {processor.py:839} INFO - DAG(s) dict_keys(['example_branch_operator']) retrieved from /usr/local/lib/python3.10/dist-packages/airflow/example_dags/example_branch_operator.py
[2023-12-05T17:56:29.024+0000] {logging_mixin.py:154} INFO - [2023-12-05T17:56:29.024+0000] {dag.py:2941} INFO - Sync 1 DAGs
[2023-12-05T17:56:29.047+0000] {logging_mixin.py:154} INFO - [2023-12-05T17:56:29.047+0000] {dag.py:3722} INFO - Setting next_dagrun for example_branch_operator to 2023-12-04T00:00:00+00:00, run_after=2023-12-05T00:00:00+00:00
[2023-12-05T17:56:29.071+0000] {processor.py:179} INFO - Processing /usr/local/lib/python3.10/dist-packages/airflow/example_dags/example_branch_operator.py took 0.103 seconds
[2023-12-05T17:57:23.732+0000] {processor.py:157} INFO - Started process (PID=10894) to work on /usr/local/lib/python3.10/dist-packages/airflow/example_dags/example_branch_operator.py
[2023-12-05T17:57:23.734+0000] {processor.py:829} INFO - Processing file /usr/local/lib/python3.10/dist-packages/airflow/example_dags/example_branch_operator.py for tasks to queue
[2023-12-05T17:57:23.735+0000] {logging_mixin.py:154} INFO - [2023-12-05T17:57:23.735+0000] {dagbag.py:536} INFO - Filling up the DagBag from /usr/local/lib/python3.10/dist-packages/airflow/example_dags/example_branch_operator.py
[2023-12-05T17:57:23.746+0000] {processor.py:839} INFO - DAG(s) dict_keys(['example_branch_operator']) retrieved from /usr/local/lib/python3.10/dist-packages/airflow/example_dags/example_branch_operator.py
[2023-12-05T17:57:23.777+0000] {logging_mixin.py:154} INFO - [2023-12-05T17:57:23.776+0000] {dag.py:2941} INFO - Sync 1 DAGs
[2023-12-05T17:57:23.803+0000] {logging_mixin.py:154} INFO - [2023-12-05T17:57:23.803+0000] {dag.py:3722} INFO - Setting next_dagrun for example_branch_operator to 2023-12-04T00:00:00+00:00, run_after=2023-12-05T00:00:00+00:00
[2023-12-05T17:57:23.828+0000] {processor.py:179} INFO - Processing /usr/local/lib/python3.10/dist-packages/airflow/example_dags/example_branch_operator.py took 0.099 seconds
[2023-12-05T17:58:20.269+0000] {processor.py:157} INFO - Started process (PID=11021) to work on /usr/local/lib/python3.10/dist-packages/airflow/example_dags/example_branch_operator.py
[2023-12-05T17:58:20.272+0000] {processor.py:829} INFO - Processing file /usr/local/lib/python3.10/dist-packages/airflow/example_dags/example_branch_operator.py for tasks to queue
[2023-12-05T17:58:20.275+0000] {logging_mixin.py:154} INFO - [2023-12-05T17:58:20.274+0000] {dagbag.py:536} INFO - Filling up the DagBag from /usr/local/lib/python3.10/dist-packages/airflow/example_dags/example_branch_operator.py
[2023-12-05T17:58:20.295+0000] {processor.py:839} INFO - DAG(s) dict_keys(['example_branch_operator']) retrieved from /usr/local/lib/python3.10/dist-packages/airflow/example_dags/example_branch_operator.py
[2023-12-05T17:58:20.327+0000] {logging_mixin.py:154} INFO - [2023-12-05T17:58:20.326+0000] {dag.py:2941} INFO - Sync 1 DAGs
[2023-12-05T17:58:20.354+0000] {logging_mixin.py:154} INFO - [2023-12-05T17:58:20.354+0000] {dag.py:3722} INFO - Setting next_dagrun for example_branch_operator to 2023-12-04T00:00:00+00:00, run_after=2023-12-05T00:00:00+00:00
[2023-12-05T17:58:20.382+0000] {processor.py:179} INFO - Processing /usr/local/lib/python3.10/dist-packages/airflow/example_dags/example_branch_operator.py took 0.134 seconds
[2023-12-05T17:59:10.058+0000] {processor.py:157} INFO - Started process (PID=11142) to work on /usr/local/lib/python3.10/dist-packages/airflow/example_dags/example_branch_operator.py
[2023-12-05T17:59:10.060+0000] {processor.py:829} INFO - Processing file /usr/local/lib/python3.10/dist-packages/airflow/example_dags/example_branch_operator.py for tasks to queue
[2023-12-05T17:59:10.061+0000] {logging_mixin.py:154} INFO - [2023-12-05T17:59:10.060+0000] {dagbag.py:536} INFO - Filling up the DagBag from /usr/local/lib/python3.10/dist-packages/airflow/example_dags/example_branch_operator.py
[2023-12-05T17:59:10.075+0000] {processor.py:839} INFO - DAG(s) dict_keys(['example_branch_operator']) retrieved from /usr/local/lib/python3.10/dist-packages/airflow/example_dags/example_branch_operator.py
[2023-12-05T17:59:10.105+0000] {logging_mixin.py:154} INFO - [2023-12-05T17:59:10.105+0000] {dag.py:2941} INFO - Sync 1 DAGs
[2023-12-05T17:59:10.131+0000] {logging_mixin.py:154} INFO - [2023-12-05T17:59:10.131+0000] {dag.py:3722} INFO - Setting next_dagrun for example_branch_operator to 2023-12-04T00:00:00+00:00, run_after=2023-12-05T00:00:00+00:00
[2023-12-05T17:59:10.157+0000] {processor.py:179} INFO - Processing /usr/local/lib/python3.10/dist-packages/airflow/example_dags/example_branch_operator.py took 0.103 seconds
[2023-12-05T18:00:04.907+0000] {processor.py:157} INFO - Started process (PID=11226) to work on /usr/local/lib/python3.10/dist-packages/airflow/example_dags/example_branch_operator.py
[2023-12-05T18:00:04.909+0000] {processor.py:829} INFO - Processing file /usr/local/lib/python3.10/dist-packages/airflow/example_dags/example_branch_operator.py for tasks to queue
[2023-12-05T18:00:04.910+0000] {logging_mixin.py:154} INFO - [2023-12-05T18:00:04.909+0000] {dagbag.py:536} INFO - Filling up the DagBag from /usr/local/lib/python3.10/dist-packages/airflow/example_dags/example_branch_operator.py
[2023-12-05T18:00:04.921+0000] {processor.py:839} INFO - DAG(s) dict_keys(['example_branch_operator']) retrieved from /usr/local/lib/python3.10/dist-packages/airflow/example_dags/example_branch_operator.py
[2023-12-05T18:00:04.952+0000] {logging_mixin.py:154} INFO - [2023-12-05T18:00:04.952+0000] {dag.py:2941} INFO - Sync 1 DAGs
[2023-12-05T18:00:05.007+0000] {logging_mixin.py:154} INFO - [2023-12-05T18:00:05.007+0000] {dag.py:3722} INFO - Setting next_dagrun for example_branch_operator to 2023-12-04T00:00:00+00:00, run_after=2023-12-05T00:00:00+00:00
[2023-12-05T18:00:05.057+0000] {processor.py:179} INFO - Processing /usr/local/lib/python3.10/dist-packages/airflow/example_dags/example_branch_operator.py took 0.156 seconds
[2023-12-05T18:00:54.522+0000] {processor.py:157} INFO - Started process (PID=11319) to work on /usr/local/lib/python3.10/dist-packages/airflow/example_dags/example_branch_operator.py
[2023-12-05T18:00:54.524+0000] {processor.py:829} INFO - Processing file /usr/local/lib/python3.10/dist-packages/airflow/example_dags/example_branch_operator.py for tasks to queue
[2023-12-05T18:00:54.525+0000] {logging_mixin.py:154} INFO - [2023-12-05T18:00:54.525+0000] {dagbag.py:536} INFO - Filling up the DagBag from /usr/local/lib/python3.10/dist-packages/airflow/example_dags/example_branch_operator.py
[2023-12-05T18:00:54.538+0000] {processor.py:839} INFO - DAG(s) dict_keys(['example_branch_operator']) retrieved from /usr/local/lib/python3.10/dist-packages/airflow/example_dags/example_branch_operator.py
[2023-12-05T18:00:54.568+0000] {logging_mixin.py:154} INFO - [2023-12-05T18:00:54.568+0000] {dag.py:2941} INFO - Sync 1 DAGs
[2023-12-05T18:00:54.592+0000] {logging_mixin.py:154} INFO - [2023-12-05T18:00:54.592+0000] {dag.py:3722} INFO - Setting next_dagrun for example_branch_operator to 2023-12-04T00:00:00+00:00, run_after=2023-12-05T00:00:00+00:00
[2023-12-05T18:00:54.631+0000] {processor.py:179} INFO - Processing /usr/local/lib/python3.10/dist-packages/airflow/example_dags/example_branch_operator.py took 0.119 seconds
[2023-12-05T18:01:41.040+0000] {processor.py:157} INFO - Started process (PID=11495) to work on /usr/local/lib/python3.10/dist-packages/airflow/example_dags/example_branch_operator.py
[2023-12-05T18:01:41.042+0000] {processor.py:829} INFO - Processing file /usr/local/lib/python3.10/dist-packages/airflow/example_dags/example_branch_operator.py for tasks to queue
[2023-12-05T18:01:41.043+0000] {logging_mixin.py:154} INFO - [2023-12-05T18:01:41.042+0000] {dagbag.py:536} INFO - Filling up the DagBag from /usr/local/lib/python3.10/dist-packages/airflow/example_dags/example_branch_operator.py
[2023-12-05T18:01:41.062+0000] {processor.py:839} INFO - DAG(s) dict_keys(['example_branch_operator']) retrieved from /usr/local/lib/python3.10/dist-packages/airflow/example_dags/example_branch_operator.py
[2023-12-05T18:01:41.097+0000] {logging_mixin.py:154} INFO - [2023-12-05T18:01:41.097+0000] {dag.py:2941} INFO - Sync 1 DAGs
[2023-12-05T18:01:41.127+0000] {logging_mixin.py:154} INFO - [2023-12-05T18:01:41.127+0000] {dag.py:3722} INFO - Setting next_dagrun for example_branch_operator to 2023-12-04T00:00:00+00:00, run_after=2023-12-05T00:00:00+00:00
[2023-12-05T18:01:41.165+0000] {processor.py:179} INFO - Processing /usr/local/lib/python3.10/dist-packages/airflow/example_dags/example_branch_operator.py took 0.130 seconds
[2023-12-05T18:02:30.768+0000] {processor.py:157} INFO - Started process (PID=11612) to work on /usr/local/lib/python3.10/dist-packages/airflow/example_dags/example_branch_operator.py
[2023-12-05T18:02:30.770+0000] {processor.py:829} INFO - Processing file /usr/local/lib/python3.10/dist-packages/airflow/example_dags/example_branch_operator.py for tasks to queue
[2023-12-05T18:02:30.772+0000] {logging_mixin.py:154} INFO - [2023-12-05T18:02:30.771+0000] {dagbag.py:536} INFO - Filling up the DagBag from /usr/local/lib/python3.10/dist-packages/airflow/example_dags/example_branch_operator.py
[2023-12-05T18:02:30.790+0000] {processor.py:839} INFO - DAG(s) dict_keys(['example_branch_operator']) retrieved from /usr/local/lib/python3.10/dist-packages/airflow/example_dags/example_branch_operator.py
[2023-12-05T18:02:30.821+0000] {logging_mixin.py:154} INFO - [2023-12-05T18:02:30.820+0000] {dag.py:2941} INFO - Sync 1 DAGs
[2023-12-05T18:02:30.861+0000] {logging_mixin.py:154} INFO - [2023-12-05T18:02:30.861+0000] {dag.py:3722} INFO - Setting next_dagrun for example_branch_operator to 2023-12-04T00:00:00+00:00, run_after=2023-12-05T00:00:00+00:00
[2023-12-05T18:02:30.893+0000] {processor.py:179} INFO - Processing /usr/local/lib/python3.10/dist-packages/airflow/example_dags/example_branch_operator.py took 0.129 seconds
[2023-12-05T18:03:23.490+0000] {processor.py:157} INFO - Started process (PID=11733) to work on /usr/local/lib/python3.10/dist-packages/airflow/example_dags/example_branch_operator.py
[2023-12-05T18:03:23.492+0000] {processor.py:829} INFO - Processing file /usr/local/lib/python3.10/dist-packages/airflow/example_dags/example_branch_operator.py for tasks to queue
[2023-12-05T18:03:23.500+0000] {logging_mixin.py:154} INFO - [2023-12-05T18:03:23.492+0000] {dagbag.py:536} INFO - Filling up the DagBag from /usr/local/lib/python3.10/dist-packages/airflow/example_dags/example_branch_operator.py
[2023-12-05T18:03:23.534+0000] {processor.py:839} INFO - DAG(s) dict_keys(['example_branch_operator']) retrieved from /usr/local/lib/python3.10/dist-packages/airflow/example_dags/example_branch_operator.py
[2023-12-05T18:03:23.567+0000] {logging_mixin.py:154} INFO - [2023-12-05T18:03:23.567+0000] {dag.py:2941} INFO - Sync 1 DAGs
[2023-12-05T18:03:23.610+0000] {logging_mixin.py:154} INFO - [2023-12-05T18:03:23.610+0000] {dag.py:3722} INFO - Setting next_dagrun for example_branch_operator to 2023-12-04T00:00:00+00:00, run_after=2023-12-05T00:00:00+00:00
[2023-12-05T18:03:23.637+0000] {processor.py:179} INFO - Processing /usr/local/lib/python3.10/dist-packages/airflow/example_dags/example_branch_operator.py took 0.151 seconds
[2023-12-05T18:04:12.296+0000] {processor.py:157} INFO - Started process (PID=11851) to work on /usr/local/lib/python3.10/dist-packages/airflow/example_dags/example_branch_operator.py
[2023-12-05T18:04:12.298+0000] {processor.py:829} INFO - Processing file /usr/local/lib/python3.10/dist-packages/airflow/example_dags/example_branch_operator.py for tasks to queue
[2023-12-05T18:04:12.298+0000] {logging_mixin.py:154} INFO - [2023-12-05T18:04:12.298+0000] {dagbag.py:536} INFO - Filling up the DagBag from /usr/local/lib/python3.10/dist-packages/airflow/example_dags/example_branch_operator.py
[2023-12-05T18:04:12.309+0000] {processor.py:839} INFO - DAG(s) dict_keys(['example_branch_operator']) retrieved from /usr/local/lib/python3.10/dist-packages/airflow/example_dags/example_branch_operator.py
[2023-12-05T18:04:12.327+0000] {logging_mixin.py:154} INFO - [2023-12-05T18:04:12.326+0000] {dag.py:2941} INFO - Sync 1 DAGs
[2023-12-05T18:04:12.351+0000] {logging_mixin.py:154} INFO - [2023-12-05T18:04:12.350+0000] {dag.py:3722} INFO - Setting next_dagrun for example_branch_operator to 2023-12-04T00:00:00+00:00, run_after=2023-12-05T00:00:00+00:00
[2023-12-05T18:04:12.376+0000] {processor.py:179} INFO - Processing /usr/local/lib/python3.10/dist-packages/airflow/example_dags/example_branch_operator.py took 0.084 seconds
[2023-12-05T18:05:04.130+0000] {processor.py:157} INFO - Started process (PID=12361) to work on /usr/local/lib/python3.10/dist-packages/airflow/example_dags/example_branch_operator.py
[2023-12-05T18:05:04.132+0000] {processor.py:829} INFO - Processing file /usr/local/lib/python3.10/dist-packages/airflow/example_dags/example_branch_operator.py for tasks to queue
[2023-12-05T18:05:04.133+0000] {logging_mixin.py:154} INFO - [2023-12-05T18:05:04.133+0000] {dagbag.py:536} INFO - Filling up the DagBag from /usr/local/lib/python3.10/dist-packages/airflow/example_dags/example_branch_operator.py
[2023-12-05T18:05:04.145+0000] {processor.py:839} INFO - DAG(s) dict_keys(['example_branch_operator']) retrieved from /usr/local/lib/python3.10/dist-packages/airflow/example_dags/example_branch_operator.py
[2023-12-05T18:05:04.186+0000] {logging_mixin.py:154} INFO - [2023-12-05T18:05:04.185+0000] {dag.py:2941} INFO - Sync 1 DAGs
[2023-12-05T18:05:04.233+0000] {logging_mixin.py:154} INFO - [2023-12-05T18:05:04.232+0000] {dag.py:3722} INFO - Setting next_dagrun for example_branch_operator to 2023-12-04T00:00:00+00:00, run_after=2023-12-05T00:00:00+00:00
[2023-12-05T18:05:04.276+0000] {processor.py:179} INFO - Processing /usr/local/lib/python3.10/dist-packages/airflow/example_dags/example_branch_operator.py took 0.149 seconds
[2023-12-05T18:05:55.430+0000] {processor.py:157} INFO - Started process (PID=12538) to work on /usr/local/lib/python3.10/dist-packages/airflow/example_dags/example_branch_operator.py
[2023-12-05T18:05:55.432+0000] {processor.py:829} INFO - Processing file /usr/local/lib/python3.10/dist-packages/airflow/example_dags/example_branch_operator.py for tasks to queue
[2023-12-05T18:05:55.433+0000] {logging_mixin.py:154} INFO - [2023-12-05T18:05:55.432+0000] {dagbag.py:536} INFO - Filling up the DagBag from /usr/local/lib/python3.10/dist-packages/airflow/example_dags/example_branch_operator.py
[2023-12-05T18:05:55.442+0000] {processor.py:839} INFO - DAG(s) dict_keys(['example_branch_operator']) retrieved from /usr/local/lib/python3.10/dist-packages/airflow/example_dags/example_branch_operator.py
[2023-12-05T18:05:55.461+0000] {logging_mixin.py:154} INFO - [2023-12-05T18:05:55.461+0000] {dag.py:2941} INFO - Sync 1 DAGs
[2023-12-05T18:05:55.481+0000] {logging_mixin.py:154} INFO - [2023-12-05T18:05:55.481+0000] {dag.py:3722} INFO - Setting next_dagrun for example_branch_operator to 2023-12-04T00:00:00+00:00, run_after=2023-12-05T00:00:00+00:00
[2023-12-05T18:05:55.506+0000] {processor.py:179} INFO - Processing /usr/local/lib/python3.10/dist-packages/airflow/example_dags/example_branch_operator.py took 0.079 seconds
[2023-12-05T18:06:46.694+0000] {processor.py:157} INFO - Started process (PID=12781) to work on /usr/local/lib/python3.10/dist-packages/airflow/example_dags/example_branch_operator.py
[2023-12-05T18:06:46.695+0000] {processor.py:829} INFO - Processing file /usr/local/lib/python3.10/dist-packages/airflow/example_dags/example_branch_operator.py for tasks to queue
[2023-12-05T18:06:46.697+0000] {logging_mixin.py:154} INFO - [2023-12-05T18:06:46.696+0000] {dagbag.py:536} INFO - Filling up the DagBag from /usr/local/lib/python3.10/dist-packages/airflow/example_dags/example_branch_operator.py
[2023-12-05T18:06:46.711+0000] {processor.py:839} INFO - DAG(s) dict_keys(['example_branch_operator']) retrieved from /usr/local/lib/python3.10/dist-packages/airflow/example_dags/example_branch_operator.py
[2023-12-05T18:06:46.736+0000] {logging_mixin.py:154} INFO - [2023-12-05T18:06:46.735+0000] {dag.py:2941} INFO - Sync 1 DAGs
[2023-12-05T18:06:46.760+0000] {logging_mixin.py:154} INFO - [2023-12-05T18:06:46.760+0000] {dag.py:3722} INFO - Setting next_dagrun for example_branch_operator to 2023-12-04T00:00:00+00:00, run_after=2023-12-05T00:00:00+00:00
[2023-12-05T18:06:46.783+0000] {processor.py:179} INFO - Processing /usr/local/lib/python3.10/dist-packages/airflow/example_dags/example_branch_operator.py took 0.092 seconds
[2023-12-05T18:07:43.338+0000] {processor.py:157} INFO - Started process (PID=13084) to work on /usr/local/lib/python3.10/dist-packages/airflow/example_dags/example_branch_operator.py
[2023-12-05T18:07:43.340+0000] {processor.py:829} INFO - Processing file /usr/local/lib/python3.10/dist-packages/airflow/example_dags/example_branch_operator.py for tasks to queue
[2023-12-05T18:07:43.341+0000] {logging_mixin.py:154} INFO - [2023-12-05T18:07:43.341+0000] {dagbag.py:536} INFO - Filling up the DagBag from /usr/local/lib/python3.10/dist-packages/airflow/example_dags/example_branch_operator.py
[2023-12-05T18:07:43.361+0000] {processor.py:839} INFO - DAG(s) dict_keys(['example_branch_operator']) retrieved from /usr/local/lib/python3.10/dist-packages/airflow/example_dags/example_branch_operator.py
[2023-12-05T18:07:43.385+0000] {logging_mixin.py:154} INFO - [2023-12-05T18:07:43.385+0000] {dag.py:2941} INFO - Sync 1 DAGs
[2023-12-05T18:07:43.407+0000] {logging_mixin.py:154} INFO - [2023-12-05T18:07:43.407+0000] {dag.py:3722} INFO - Setting next_dagrun for example_branch_operator to 2023-12-04T00:00:00+00:00, run_after=2023-12-05T00:00:00+00:00
[2023-12-05T18:07:43.442+0000] {processor.py:179} INFO - Processing /usr/local/lib/python3.10/dist-packages/airflow/example_dags/example_branch_operator.py took 0.109 seconds
[2023-12-05T18:08:27.358+0000] {processor.py:157} INFO - Started process (PID=13198) to work on /usr/local/lib/python3.10/dist-packages/airflow/example_dags/example_branch_operator.py
[2023-12-05T18:08:27.361+0000] {processor.py:829} INFO - Processing file /usr/local/lib/python3.10/dist-packages/airflow/example_dags/example_branch_operator.py for tasks to queue
[2023-12-05T18:08:27.363+0000] {logging_mixin.py:154} INFO - [2023-12-05T18:08:27.362+0000] {dagbag.py:536} INFO - Filling up the DagBag from /usr/local/lib/python3.10/dist-packages/airflow/example_dags/example_branch_operator.py
[2023-12-05T18:08:27.375+0000] {processor.py:839} INFO - DAG(s) dict_keys(['example_branch_operator']) retrieved from /usr/local/lib/python3.10/dist-packages/airflow/example_dags/example_branch_operator.py
[2023-12-05T18:08:27.408+0000] {logging_mixin.py:154} INFO - [2023-12-05T18:08:27.408+0000] {dag.py:2941} INFO - Sync 1 DAGs
[2023-12-05T18:08:27.457+0000] {logging_mixin.py:154} INFO - [2023-12-05T18:08:27.457+0000] {dag.py:3722} INFO - Setting next_dagrun for example_branch_operator to 2023-12-04T00:00:00+00:00, run_after=2023-12-05T00:00:00+00:00
[2023-12-05T18:08:27.493+0000] {processor.py:179} INFO - Processing /usr/local/lib/python3.10/dist-packages/airflow/example_dags/example_branch_operator.py took 0.140 seconds
[2023-12-05T18:09:18.256+0000] {processor.py:157} INFO - Started process (PID=13622) to work on /usr/local/lib/python3.10/dist-packages/airflow/example_dags/example_branch_operator.py
[2023-12-05T18:09:18.258+0000] {processor.py:829} INFO - Processing file /usr/local/lib/python3.10/dist-packages/airflow/example_dags/example_branch_operator.py for tasks to queue
[2023-12-05T18:09:18.259+0000] {logging_mixin.py:154} INFO - [2023-12-05T18:09:18.258+0000] {dagbag.py:536} INFO - Filling up the DagBag from /usr/local/lib/python3.10/dist-packages/airflow/example_dags/example_branch_operator.py
[2023-12-05T18:09:18.275+0000] {processor.py:839} INFO - DAG(s) dict_keys(['example_branch_operator']) retrieved from /usr/local/lib/python3.10/dist-packages/airflow/example_dags/example_branch_operator.py
[2023-12-05T18:09:18.322+0000] {logging_mixin.py:154} INFO - [2023-12-05T18:09:18.322+0000] {dag.py:2941} INFO - Sync 1 DAGs
[2023-12-05T18:09:18.350+0000] {logging_mixin.py:154} INFO - [2023-12-05T18:09:18.350+0000] {dag.py:3722} INFO - Setting next_dagrun for example_branch_operator to 2023-12-04T00:00:00+00:00, run_after=2023-12-05T00:00:00+00:00
[2023-12-05T18:09:18.379+0000] {processor.py:179} INFO - Processing /usr/local/lib/python3.10/dist-packages/airflow/example_dags/example_branch_operator.py took 0.128 seconds
[2023-12-05T18:10:06.610+0000] {processor.py:157} INFO - Started process (PID=13739) to work on /usr/local/lib/python3.10/dist-packages/airflow/example_dags/example_branch_operator.py
[2023-12-05T18:10:06.611+0000] {processor.py:829} INFO - Processing file /usr/local/lib/python3.10/dist-packages/airflow/example_dags/example_branch_operator.py for tasks to queue
[2023-12-05T18:10:06.612+0000] {logging_mixin.py:154} INFO - [2023-12-05T18:10:06.612+0000] {dagbag.py:536} INFO - Filling up the DagBag from /usr/local/lib/python3.10/dist-packages/airflow/example_dags/example_branch_operator.py
[2023-12-05T18:10:06.624+0000] {processor.py:839} INFO - DAG(s) dict_keys(['example_branch_operator']) retrieved from /usr/local/lib/python3.10/dist-packages/airflow/example_dags/example_branch_operator.py
[2023-12-05T18:10:06.652+0000] {logging_mixin.py:154} INFO - [2023-12-05T18:10:06.652+0000] {dag.py:2941} INFO - Sync 1 DAGs
[2023-12-05T18:10:06.681+0000] {logging_mixin.py:154} INFO - [2023-12-05T18:10:06.680+0000] {dag.py:3722} INFO - Setting next_dagrun for example_branch_operator to 2023-12-04T00:00:00+00:00, run_after=2023-12-05T00:00:00+00:00
[2023-12-05T18:10:06.712+0000] {processor.py:179} INFO - Processing /usr/local/lib/python3.10/dist-packages/airflow/example_dags/example_branch_operator.py took 0.106 seconds
