[2023-12-05T17:46:30.723+0000] {processor.py:157} INFO - Started process (PID=9265) to work on /usr/local/lib/python3.10/dist-packages/airflow/example_dags/example_params_ui_tutorial.py
[2023-12-05T17:46:30.724+0000] {processor.py:829} INFO - Processing file /usr/local/lib/python3.10/dist-packages/airflow/example_dags/example_params_ui_tutorial.py for tasks to queue
[2023-12-05T17:46:30.725+0000] {logging_mixin.py:154} INFO - [2023-12-05T17:46:30.725+0000] {dagbag.py:536} INFO - Filling up the DagBag from /usr/local/lib/python3.10/dist-packages/airflow/example_dags/example_params_ui_tutorial.py
[2023-12-05T17:46:30.758+0000] {processor.py:839} INFO - DAG(s) dict_keys(['example_params_ui_tutorial']) retrieved from /usr/local/lib/python3.10/dist-packages/airflow/example_dags/example_params_ui_tutorial.py
[2023-12-05T17:46:30.806+0000] {logging_mixin.py:154} INFO - [2023-12-05T17:46:30.806+0000] {dag.py:2941} INFO - Sync 1 DAGs
[2023-12-05T17:46:30.819+0000] {logging_mixin.py:154} INFO - [2023-12-05T17:46:30.818+0000] {dag.py:3722} INFO - Setting next_dagrun for example_params_ui_tutorial to None, run_after=None
[2023-12-05T17:46:30.843+0000] {processor.py:179} INFO - Processing /usr/local/lib/python3.10/dist-packages/airflow/example_dags/example_params_ui_tutorial.py took 0.124 seconds
[2023-12-05T17:47:20.897+0000] {processor.py:157} INFO - Started process (PID=9375) to work on /usr/local/lib/python3.10/dist-packages/airflow/example_dags/example_params_ui_tutorial.py
[2023-12-05T17:47:20.898+0000] {processor.py:829} INFO - Processing file /usr/local/lib/python3.10/dist-packages/airflow/example_dags/example_params_ui_tutorial.py for tasks to queue
[2023-12-05T17:47:20.899+0000] {logging_mixin.py:154} INFO - [2023-12-05T17:47:20.899+0000] {dagbag.py:536} INFO - Filling up the DagBag from /usr/local/lib/python3.10/dist-packages/airflow/example_dags/example_params_ui_tutorial.py
[2023-12-05T17:47:20.934+0000] {processor.py:839} INFO - DAG(s) dict_keys(['example_params_ui_tutorial']) retrieved from /usr/local/lib/python3.10/dist-packages/airflow/example_dags/example_params_ui_tutorial.py
[2023-12-05T17:47:20.992+0000] {logging_mixin.py:154} INFO - [2023-12-05T17:47:20.991+0000] {dag.py:2941} INFO - Sync 1 DAGs
[2023-12-05T17:47:21.011+0000] {logging_mixin.py:154} INFO - [2023-12-05T17:47:21.011+0000] {dag.py:3722} INFO - Setting next_dagrun for example_params_ui_tutorial to None, run_after=None
[2023-12-05T17:47:21.046+0000] {processor.py:179} INFO - Processing /usr/local/lib/python3.10/dist-packages/airflow/example_dags/example_params_ui_tutorial.py took 0.153 seconds
[2023-12-05T17:48:14.521+0000] {processor.py:157} INFO - Started process (PID=9554) to work on /usr/local/lib/python3.10/dist-packages/airflow/example_dags/example_params_ui_tutorial.py
[2023-12-05T17:48:14.523+0000] {processor.py:829} INFO - Processing file /usr/local/lib/python3.10/dist-packages/airflow/example_dags/example_params_ui_tutorial.py for tasks to queue
[2023-12-05T17:48:14.524+0000] {logging_mixin.py:154} INFO - [2023-12-05T17:48:14.523+0000] {dagbag.py:536} INFO - Filling up the DagBag from /usr/local/lib/python3.10/dist-packages/airflow/example_dags/example_params_ui_tutorial.py
[2023-12-05T17:48:14.556+0000] {processor.py:839} INFO - DAG(s) dict_keys(['example_params_ui_tutorial']) retrieved from /usr/local/lib/python3.10/dist-packages/airflow/example_dags/example_params_ui_tutorial.py
[2023-12-05T17:48:14.602+0000] {logging_mixin.py:154} INFO - [2023-12-05T17:48:14.602+0000] {dag.py:2941} INFO - Sync 1 DAGs
[2023-12-05T17:48:14.624+0000] {logging_mixin.py:154} INFO - [2023-12-05T17:48:14.624+0000] {dag.py:3722} INFO - Setting next_dagrun for example_params_ui_tutorial to None, run_after=None
[2023-12-05T17:48:14.662+0000] {processor.py:179} INFO - Processing /usr/local/lib/python3.10/dist-packages/airflow/example_dags/example_params_ui_tutorial.py took 0.144 seconds
[2023-12-05T17:49:02.538+0000] {processor.py:157} INFO - Started process (PID=9605) to work on /usr/local/lib/python3.10/dist-packages/airflow/example_dags/example_params_ui_tutorial.py
[2023-12-05T17:49:02.540+0000] {processor.py:829} INFO - Processing file /usr/local/lib/python3.10/dist-packages/airflow/example_dags/example_params_ui_tutorial.py for tasks to queue
[2023-12-05T17:49:02.542+0000] {logging_mixin.py:154} INFO - [2023-12-05T17:49:02.541+0000] {dagbag.py:536} INFO - Filling up the DagBag from /usr/local/lib/python3.10/dist-packages/airflow/example_dags/example_params_ui_tutorial.py
[2023-12-05T17:49:02.580+0000] {processor.py:839} INFO - DAG(s) dict_keys(['example_params_ui_tutorial']) retrieved from /usr/local/lib/python3.10/dist-packages/airflow/example_dags/example_params_ui_tutorial.py
[2023-12-05T17:49:02.630+0000] {logging_mixin.py:154} INFO - [2023-12-05T17:49:02.630+0000] {dag.py:2941} INFO - Sync 1 DAGs
[2023-12-05T17:49:02.641+0000] {logging_mixin.py:154} INFO - [2023-12-05T17:49:02.641+0000] {dag.py:3722} INFO - Setting next_dagrun for example_params_ui_tutorial to None, run_after=None
[2023-12-05T17:49:02.668+0000] {processor.py:179} INFO - Processing /usr/local/lib/python3.10/dist-packages/airflow/example_dags/example_params_ui_tutorial.py took 0.140 seconds
[2023-12-05T17:49:55.556+0000] {processor.py:157} INFO - Started process (PID=9723) to work on /usr/local/lib/python3.10/dist-packages/airflow/example_dags/example_params_ui_tutorial.py
[2023-12-05T17:49:55.557+0000] {processor.py:829} INFO - Processing file /usr/local/lib/python3.10/dist-packages/airflow/example_dags/example_params_ui_tutorial.py for tasks to queue
[2023-12-05T17:49:55.558+0000] {logging_mixin.py:154} INFO - [2023-12-05T17:49:55.557+0000] {dagbag.py:536} INFO - Filling up the DagBag from /usr/local/lib/python3.10/dist-packages/airflow/example_dags/example_params_ui_tutorial.py
[2023-12-05T17:49:55.585+0000] {processor.py:839} INFO - DAG(s) dict_keys(['example_params_ui_tutorial']) retrieved from /usr/local/lib/python3.10/dist-packages/airflow/example_dags/example_params_ui_tutorial.py
[2023-12-05T17:49:55.634+0000] {logging_mixin.py:154} INFO - [2023-12-05T17:49:55.633+0000] {dag.py:2941} INFO - Sync 1 DAGs
[2023-12-05T17:49:55.647+0000] {logging_mixin.py:154} INFO - [2023-12-05T17:49:55.647+0000] {dag.py:3722} INFO - Setting next_dagrun for example_params_ui_tutorial to None, run_after=None
[2023-12-05T17:49:55.673+0000] {processor.py:179} INFO - Processing /usr/local/lib/python3.10/dist-packages/airflow/example_dags/example_params_ui_tutorial.py took 0.120 seconds
[2023-12-05T17:50:48.836+0000] {processor.py:157} INFO - Started process (PID=9845) to work on /usr/local/lib/python3.10/dist-packages/airflow/example_dags/example_params_ui_tutorial.py
[2023-12-05T17:50:48.837+0000] {processor.py:829} INFO - Processing file /usr/local/lib/python3.10/dist-packages/airflow/example_dags/example_params_ui_tutorial.py for tasks to queue
[2023-12-05T17:50:48.838+0000] {logging_mixin.py:154} INFO - [2023-12-05T17:50:48.838+0000] {dagbag.py:536} INFO - Filling up the DagBag from /usr/local/lib/python3.10/dist-packages/airflow/example_dags/example_params_ui_tutorial.py
[2023-12-05T17:50:48.871+0000] {processor.py:839} INFO - DAG(s) dict_keys(['example_params_ui_tutorial']) retrieved from /usr/local/lib/python3.10/dist-packages/airflow/example_dags/example_params_ui_tutorial.py
[2023-12-05T17:50:48.924+0000] {logging_mixin.py:154} INFO - [2023-12-05T17:50:48.924+0000] {dag.py:2941} INFO - Sync 1 DAGs
[2023-12-05T17:50:48.937+0000] {logging_mixin.py:154} INFO - [2023-12-05T17:50:48.937+0000] {dag.py:3722} INFO - Setting next_dagrun for example_params_ui_tutorial to None, run_after=None
[2023-12-05T17:50:48.978+0000] {processor.py:179} INFO - Processing /usr/local/lib/python3.10/dist-packages/airflow/example_dags/example_params_ui_tutorial.py took 0.146 seconds
[2023-12-05T17:51:40.923+0000] {processor.py:157} INFO - Started process (PID=10022) to work on /usr/local/lib/python3.10/dist-packages/airflow/example_dags/example_params_ui_tutorial.py
[2023-12-05T17:51:40.924+0000] {processor.py:829} INFO - Processing file /usr/local/lib/python3.10/dist-packages/airflow/example_dags/example_params_ui_tutorial.py for tasks to queue
[2023-12-05T17:51:40.925+0000] {logging_mixin.py:154} INFO - [2023-12-05T17:51:40.925+0000] {dagbag.py:536} INFO - Filling up the DagBag from /usr/local/lib/python3.10/dist-packages/airflow/example_dags/example_params_ui_tutorial.py
[2023-12-05T17:51:40.961+0000] {processor.py:839} INFO - DAG(s) dict_keys(['example_params_ui_tutorial']) retrieved from /usr/local/lib/python3.10/dist-packages/airflow/example_dags/example_params_ui_tutorial.py
[2023-12-05T17:51:41.026+0000] {logging_mixin.py:154} INFO - [2023-12-05T17:51:41.026+0000] {dag.py:2941} INFO - Sync 1 DAGs
[2023-12-05T17:51:41.039+0000] {logging_mixin.py:154} INFO - [2023-12-05T17:51:41.038+0000] {dag.py:3722} INFO - Setting next_dagrun for example_params_ui_tutorial to None, run_after=None
[2023-12-05T17:51:41.066+0000] {processor.py:179} INFO - Processing /usr/local/lib/python3.10/dist-packages/airflow/example_dags/example_params_ui_tutorial.py took 0.147 seconds
[2023-12-05T17:52:30.898+0000] {processor.py:157} INFO - Started process (PID=10140) to work on /usr/local/lib/python3.10/dist-packages/airflow/example_dags/example_params_ui_tutorial.py
[2023-12-05T17:52:30.900+0000] {processor.py:829} INFO - Processing file /usr/local/lib/python3.10/dist-packages/airflow/example_dags/example_params_ui_tutorial.py for tasks to queue
[2023-12-05T17:52:30.901+0000] {logging_mixin.py:154} INFO - [2023-12-05T17:52:30.900+0000] {dagbag.py:536} INFO - Filling up the DagBag from /usr/local/lib/python3.10/dist-packages/airflow/example_dags/example_params_ui_tutorial.py
[2023-12-05T17:52:30.932+0000] {processor.py:839} INFO - DAG(s) dict_keys(['example_params_ui_tutorial']) retrieved from /usr/local/lib/python3.10/dist-packages/airflow/example_dags/example_params_ui_tutorial.py
[2023-12-05T17:52:30.992+0000] {logging_mixin.py:154} INFO - [2023-12-05T17:52:30.991+0000] {dag.py:2941} INFO - Sync 1 DAGs
[2023-12-05T17:52:31.010+0000] {logging_mixin.py:154} INFO - [2023-12-05T17:52:31.009+0000] {dag.py:3722} INFO - Setting next_dagrun for example_params_ui_tutorial to None, run_after=None
[2023-12-05T17:52:31.056+0000] {processor.py:179} INFO - Processing /usr/local/lib/python3.10/dist-packages/airflow/example_dags/example_params_ui_tutorial.py took 0.162 seconds
[2023-12-05T17:53:23.168+0000] {processor.py:157} INFO - Started process (PID=10320) to work on /usr/local/lib/python3.10/dist-packages/airflow/example_dags/example_params_ui_tutorial.py
[2023-12-05T17:53:23.170+0000] {processor.py:829} INFO - Processing file /usr/local/lib/python3.10/dist-packages/airflow/example_dags/example_params_ui_tutorial.py for tasks to queue
[2023-12-05T17:53:23.171+0000] {logging_mixin.py:154} INFO - [2023-12-05T17:53:23.171+0000] {dagbag.py:536} INFO - Filling up the DagBag from /usr/local/lib/python3.10/dist-packages/airflow/example_dags/example_params_ui_tutorial.py
[2023-12-05T17:53:23.244+0000] {processor.py:839} INFO - DAG(s) dict_keys(['example_params_ui_tutorial']) retrieved from /usr/local/lib/python3.10/dist-packages/airflow/example_dags/example_params_ui_tutorial.py
[2023-12-05T17:53:23.320+0000] {logging_mixin.py:154} INFO - [2023-12-05T17:53:23.320+0000] {dag.py:2941} INFO - Sync 1 DAGs
[2023-12-05T17:53:23.331+0000] {logging_mixin.py:154} INFO - [2023-12-05T17:53:23.331+0000] {dag.py:3722} INFO - Setting next_dagrun for example_params_ui_tutorial to None, run_after=None
[2023-12-05T17:53:23.353+0000] {processor.py:179} INFO - Processing /usr/local/lib/python3.10/dist-packages/airflow/example_dags/example_params_ui_tutorial.py took 0.188 seconds
[2023-12-05T17:54:12.858+0000] {processor.py:157} INFO - Started process (PID=10437) to work on /usr/local/lib/python3.10/dist-packages/airflow/example_dags/example_params_ui_tutorial.py
[2023-12-05T17:54:12.860+0000] {processor.py:829} INFO - Processing file /usr/local/lib/python3.10/dist-packages/airflow/example_dags/example_params_ui_tutorial.py for tasks to queue
[2023-12-05T17:54:12.862+0000] {logging_mixin.py:154} INFO - [2023-12-05T17:54:12.862+0000] {dagbag.py:536} INFO - Filling up the DagBag from /usr/local/lib/python3.10/dist-packages/airflow/example_dags/example_params_ui_tutorial.py
[2023-12-05T17:54:12.895+0000] {processor.py:839} INFO - DAG(s) dict_keys(['example_params_ui_tutorial']) retrieved from /usr/local/lib/python3.10/dist-packages/airflow/example_dags/example_params_ui_tutorial.py
[2023-12-05T17:54:12.945+0000] {logging_mixin.py:154} INFO - [2023-12-05T17:54:12.945+0000] {dag.py:2941} INFO - Sync 1 DAGs
[2023-12-05T17:54:12.958+0000] {logging_mixin.py:154} INFO - [2023-12-05T17:54:12.958+0000] {dag.py:3722} INFO - Setting next_dagrun for example_params_ui_tutorial to None, run_after=None
[2023-12-05T17:54:12.985+0000] {processor.py:179} INFO - Processing /usr/local/lib/python3.10/dist-packages/airflow/example_dags/example_params_ui_tutorial.py took 0.131 seconds
[2023-12-05T17:55:04.985+0000] {processor.py:157} INFO - Started process (PID=10520) to work on /usr/local/lib/python3.10/dist-packages/airflow/example_dags/example_params_ui_tutorial.py
[2023-12-05T17:55:04.988+0000] {processor.py:829} INFO - Processing file /usr/local/lib/python3.10/dist-packages/airflow/example_dags/example_params_ui_tutorial.py for tasks to queue
[2023-12-05T17:55:04.991+0000] {logging_mixin.py:154} INFO - [2023-12-05T17:55:04.989+0000] {dagbag.py:536} INFO - Filling up the DagBag from /usr/local/lib/python3.10/dist-packages/airflow/example_dags/example_params_ui_tutorial.py
[2023-12-05T17:55:05.045+0000] {processor.py:839} INFO - DAG(s) dict_keys(['example_params_ui_tutorial']) retrieved from /usr/local/lib/python3.10/dist-packages/airflow/example_dags/example_params_ui_tutorial.py
[2023-12-05T17:55:05.124+0000] {logging_mixin.py:154} INFO - [2023-12-05T17:55:05.124+0000] {dag.py:2941} INFO - Sync 1 DAGs
[2023-12-05T17:55:05.138+0000] {logging_mixin.py:154} INFO - [2023-12-05T17:55:05.138+0000] {dag.py:3722} INFO - Setting next_dagrun for example_params_ui_tutorial to None, run_after=None
[2023-12-05T17:55:05.167+0000] {processor.py:179} INFO - Processing /usr/local/lib/python3.10/dist-packages/airflow/example_dags/example_params_ui_tutorial.py took 0.189 seconds
[2023-12-05T17:55:57.417+0000] {processor.py:157} INFO - Started process (PID=10615) to work on /usr/local/lib/python3.10/dist-packages/airflow/example_dags/example_params_ui_tutorial.py
[2023-12-05T17:55:57.424+0000] {processor.py:829} INFO - Processing file /usr/local/lib/python3.10/dist-packages/airflow/example_dags/example_params_ui_tutorial.py for tasks to queue
[2023-12-05T17:55:57.425+0000] {logging_mixin.py:154} INFO - [2023-12-05T17:55:57.424+0000] {dagbag.py:536} INFO - Filling up the DagBag from /usr/local/lib/python3.10/dist-packages/airflow/example_dags/example_params_ui_tutorial.py
[2023-12-05T17:55:57.482+0000] {processor.py:839} INFO - DAG(s) dict_keys(['example_params_ui_tutorial']) retrieved from /usr/local/lib/python3.10/dist-packages/airflow/example_dags/example_params_ui_tutorial.py
[2023-12-05T17:55:57.566+0000] {logging_mixin.py:154} INFO - [2023-12-05T17:55:57.566+0000] {dag.py:2941} INFO - Sync 1 DAGs
[2023-12-05T17:55:57.578+0000] {logging_mixin.py:154} INFO - [2023-12-05T17:55:57.578+0000] {dag.py:3722} INFO - Setting next_dagrun for example_params_ui_tutorial to None, run_after=None
[2023-12-05T17:55:57.605+0000] {processor.py:179} INFO - Processing /usr/local/lib/python3.10/dist-packages/airflow/example_dags/example_params_ui_tutorial.py took 0.205 seconds
[2023-12-05T17:56:47.444+0000] {processor.py:157} INFO - Started process (PID=10793) to work on /usr/local/lib/python3.10/dist-packages/airflow/example_dags/example_params_ui_tutorial.py
[2023-12-05T17:56:47.452+0000] {processor.py:829} INFO - Processing file /usr/local/lib/python3.10/dist-packages/airflow/example_dags/example_params_ui_tutorial.py for tasks to queue
[2023-12-05T17:56:47.454+0000] {logging_mixin.py:154} INFO - [2023-12-05T17:56:47.454+0000] {dagbag.py:536} INFO - Filling up the DagBag from /usr/local/lib/python3.10/dist-packages/airflow/example_dags/example_params_ui_tutorial.py
[2023-12-05T17:56:47.494+0000] {processor.py:839} INFO - DAG(s) dict_keys(['example_params_ui_tutorial']) retrieved from /usr/local/lib/python3.10/dist-packages/airflow/example_dags/example_params_ui_tutorial.py
[2023-12-05T17:56:47.540+0000] {logging_mixin.py:154} INFO - [2023-12-05T17:56:47.540+0000] {dag.py:2941} INFO - Sync 1 DAGs
[2023-12-05T17:56:47.559+0000] {logging_mixin.py:154} INFO - [2023-12-05T17:56:47.559+0000] {dag.py:3722} INFO - Setting next_dagrun for example_params_ui_tutorial to None, run_after=None
[2023-12-05T17:56:47.585+0000] {processor.py:179} INFO - Processing /usr/local/lib/python3.10/dist-packages/airflow/example_dags/example_params_ui_tutorial.py took 0.145 seconds
[2023-12-05T17:57:44.568+0000] {processor.py:157} INFO - Started process (PID=10915) to work on /usr/local/lib/python3.10/dist-packages/airflow/example_dags/example_params_ui_tutorial.py
[2023-12-05T17:57:44.572+0000] {processor.py:829} INFO - Processing file /usr/local/lib/python3.10/dist-packages/airflow/example_dags/example_params_ui_tutorial.py for tasks to queue
[2023-12-05T17:57:44.574+0000] {logging_mixin.py:154} INFO - [2023-12-05T17:57:44.573+0000] {dagbag.py:536} INFO - Filling up the DagBag from /usr/local/lib/python3.10/dist-packages/airflow/example_dags/example_params_ui_tutorial.py
[2023-12-05T17:57:44.630+0000] {processor.py:839} INFO - DAG(s) dict_keys(['example_params_ui_tutorial']) retrieved from /usr/local/lib/python3.10/dist-packages/airflow/example_dags/example_params_ui_tutorial.py
[2023-12-05T17:57:44.731+0000] {logging_mixin.py:154} INFO - [2023-12-05T17:57:44.731+0000] {dag.py:2941} INFO - Sync 1 DAGs
[2023-12-05T17:57:44.761+0000] {logging_mixin.py:154} INFO - [2023-12-05T17:57:44.760+0000] {dag.py:3722} INFO - Setting next_dagrun for example_params_ui_tutorial to None, run_after=None
[2023-12-05T17:57:44.786+0000] {processor.py:179} INFO - Processing /usr/local/lib/python3.10/dist-packages/airflow/example_dags/example_params_ui_tutorial.py took 0.224 seconds
[2023-12-05T17:58:39.416+0000] {processor.py:157} INFO - Started process (PID=11046) to work on /usr/local/lib/python3.10/dist-packages/airflow/example_dags/example_params_ui_tutorial.py
[2023-12-05T17:58:39.418+0000] {processor.py:829} INFO - Processing file /usr/local/lib/python3.10/dist-packages/airflow/example_dags/example_params_ui_tutorial.py for tasks to queue
[2023-12-05T17:58:39.420+0000] {logging_mixin.py:154} INFO - [2023-12-05T17:58:39.419+0000] {dagbag.py:536} INFO - Filling up the DagBag from /usr/local/lib/python3.10/dist-packages/airflow/example_dags/example_params_ui_tutorial.py
[2023-12-05T17:58:39.456+0000] {processor.py:839} INFO - DAG(s) dict_keys(['example_params_ui_tutorial']) retrieved from /usr/local/lib/python3.10/dist-packages/airflow/example_dags/example_params_ui_tutorial.py
[2023-12-05T17:58:39.499+0000] {logging_mixin.py:154} INFO - [2023-12-05T17:58:39.499+0000] {dag.py:2941} INFO - Sync 1 DAGs
[2023-12-05T17:58:39.511+0000] {logging_mixin.py:154} INFO - [2023-12-05T17:58:39.511+0000] {dag.py:3722} INFO - Setting next_dagrun for example_params_ui_tutorial to None, run_after=None
[2023-12-05T17:58:39.535+0000] {processor.py:179} INFO - Processing /usr/local/lib/python3.10/dist-packages/airflow/example_dags/example_params_ui_tutorial.py took 0.131 seconds
[2023-12-05T17:59:29.208+0000] {processor.py:157} INFO - Started process (PID=11166) to work on /usr/local/lib/python3.10/dist-packages/airflow/example_dags/example_params_ui_tutorial.py
[2023-12-05T17:59:29.209+0000] {processor.py:829} INFO - Processing file /usr/local/lib/python3.10/dist-packages/airflow/example_dags/example_params_ui_tutorial.py for tasks to queue
[2023-12-05T17:59:29.210+0000] {logging_mixin.py:154} INFO - [2023-12-05T17:59:29.210+0000] {dagbag.py:536} INFO - Filling up the DagBag from /usr/local/lib/python3.10/dist-packages/airflow/example_dags/example_params_ui_tutorial.py
[2023-12-05T17:59:29.240+0000] {processor.py:839} INFO - DAG(s) dict_keys(['example_params_ui_tutorial']) retrieved from /usr/local/lib/python3.10/dist-packages/airflow/example_dags/example_params_ui_tutorial.py
[2023-12-05T17:59:29.285+0000] {logging_mixin.py:154} INFO - [2023-12-05T17:59:29.285+0000] {dag.py:2941} INFO - Sync 1 DAGs
[2023-12-05T17:59:29.297+0000] {logging_mixin.py:154} INFO - [2023-12-05T17:59:29.297+0000] {dag.py:3722} INFO - Setting next_dagrun for example_params_ui_tutorial to None, run_after=None
[2023-12-05T17:59:29.325+0000] {processor.py:179} INFO - Processing /usr/local/lib/python3.10/dist-packages/airflow/example_dags/example_params_ui_tutorial.py took 0.121 seconds
[2023-12-05T18:00:23.142+0000] {processor.py:157} INFO - Started process (PID=11283) to work on /usr/local/lib/python3.10/dist-packages/airflow/example_dags/example_params_ui_tutorial.py
[2023-12-05T18:00:23.143+0000] {processor.py:829} INFO - Processing file /usr/local/lib/python3.10/dist-packages/airflow/example_dags/example_params_ui_tutorial.py for tasks to queue
[2023-12-05T18:00:23.144+0000] {logging_mixin.py:154} INFO - [2023-12-05T18:00:23.144+0000] {dagbag.py:536} INFO - Filling up the DagBag from /usr/local/lib/python3.10/dist-packages/airflow/example_dags/example_params_ui_tutorial.py
[2023-12-05T18:00:23.173+0000] {processor.py:839} INFO - DAG(s) dict_keys(['example_params_ui_tutorial']) retrieved from /usr/local/lib/python3.10/dist-packages/airflow/example_dags/example_params_ui_tutorial.py
[2023-12-05T18:00:23.218+0000] {logging_mixin.py:154} INFO - [2023-12-05T18:00:23.217+0000] {dag.py:2941} INFO - Sync 1 DAGs
[2023-12-05T18:00:23.229+0000] {logging_mixin.py:154} INFO - [2023-12-05T18:00:23.228+0000] {dag.py:3722} INFO - Setting next_dagrun for example_params_ui_tutorial to None, run_after=None
[2023-12-05T18:00:23.258+0000] {processor.py:179} INFO - Processing /usr/local/lib/python3.10/dist-packages/airflow/example_dags/example_params_ui_tutorial.py took 0.123 seconds
[2023-12-05T18:01:11.930+0000] {processor.py:157} INFO - Started process (PID=11459) to work on /usr/local/lib/python3.10/dist-packages/airflow/example_dags/example_params_ui_tutorial.py
[2023-12-05T18:01:11.931+0000] {processor.py:829} INFO - Processing file /usr/local/lib/python3.10/dist-packages/airflow/example_dags/example_params_ui_tutorial.py for tasks to queue
[2023-12-05T18:01:11.932+0000] {logging_mixin.py:154} INFO - [2023-12-05T18:01:11.931+0000] {dagbag.py:536} INFO - Filling up the DagBag from /usr/local/lib/python3.10/dist-packages/airflow/example_dags/example_params_ui_tutorial.py
[2023-12-05T18:01:11.959+0000] {processor.py:839} INFO - DAG(s) dict_keys(['example_params_ui_tutorial']) retrieved from /usr/local/lib/python3.10/dist-packages/airflow/example_dags/example_params_ui_tutorial.py
[2023-12-05T18:01:12.026+0000] {logging_mixin.py:154} INFO - [2023-12-05T18:01:12.025+0000] {dag.py:2941} INFO - Sync 1 DAGs
[2023-12-05T18:01:12.038+0000] {logging_mixin.py:154} INFO - [2023-12-05T18:01:12.037+0000] {dag.py:3722} INFO - Setting next_dagrun for example_params_ui_tutorial to None, run_after=None
[2023-12-05T18:01:12.060+0000] {processor.py:179} INFO - Processing /usr/local/lib/python3.10/dist-packages/airflow/example_dags/example_params_ui_tutorial.py took 0.134 seconds
[2023-12-05T18:01:59.472+0000] {processor.py:157} INFO - Started process (PID=11516) to work on /usr/local/lib/python3.10/dist-packages/airflow/example_dags/example_params_ui_tutorial.py
[2023-12-05T18:01:59.474+0000] {processor.py:829} INFO - Processing file /usr/local/lib/python3.10/dist-packages/airflow/example_dags/example_params_ui_tutorial.py for tasks to queue
[2023-12-05T18:01:59.476+0000] {logging_mixin.py:154} INFO - [2023-12-05T18:01:59.475+0000] {dagbag.py:536} INFO - Filling up the DagBag from /usr/local/lib/python3.10/dist-packages/airflow/example_dags/example_params_ui_tutorial.py
[2023-12-05T18:01:59.509+0000] {processor.py:839} INFO - DAG(s) dict_keys(['example_params_ui_tutorial']) retrieved from /usr/local/lib/python3.10/dist-packages/airflow/example_dags/example_params_ui_tutorial.py
[2023-12-05T18:01:59.561+0000] {logging_mixin.py:154} INFO - [2023-12-05T18:01:59.561+0000] {dag.py:2941} INFO - Sync 1 DAGs
[2023-12-05T18:01:59.574+0000] {logging_mixin.py:154} INFO - [2023-12-05T18:01:59.574+0000] {dag.py:3722} INFO - Setting next_dagrun for example_params_ui_tutorial to None, run_after=None
[2023-12-05T18:01:59.598+0000] {processor.py:179} INFO - Processing /usr/local/lib/python3.10/dist-packages/airflow/example_dags/example_params_ui_tutorial.py took 0.129 seconds
[2023-12-05T18:02:51.412+0000] {processor.py:157} INFO - Started process (PID=11636) to work on /usr/local/lib/python3.10/dist-packages/airflow/example_dags/example_params_ui_tutorial.py
[2023-12-05T18:02:51.415+0000] {processor.py:829} INFO - Processing file /usr/local/lib/python3.10/dist-packages/airflow/example_dags/example_params_ui_tutorial.py for tasks to queue
[2023-12-05T18:02:51.417+0000] {logging_mixin.py:154} INFO - [2023-12-05T18:02:51.416+0000] {dagbag.py:536} INFO - Filling up the DagBag from /usr/local/lib/python3.10/dist-packages/airflow/example_dags/example_params_ui_tutorial.py
[2023-12-05T18:02:51.458+0000] {processor.py:839} INFO - DAG(s) dict_keys(['example_params_ui_tutorial']) retrieved from /usr/local/lib/python3.10/dist-packages/airflow/example_dags/example_params_ui_tutorial.py
[2023-12-05T18:02:51.506+0000] {logging_mixin.py:154} INFO - [2023-12-05T18:02:51.506+0000] {dag.py:2941} INFO - Sync 1 DAGs
[2023-12-05T18:02:51.517+0000] {logging_mixin.py:154} INFO - [2023-12-05T18:02:51.517+0000] {dag.py:3722} INFO - Setting next_dagrun for example_params_ui_tutorial to None, run_after=None
[2023-12-05T18:02:51.539+0000] {processor.py:179} INFO - Processing /usr/local/lib/python3.10/dist-packages/airflow/example_dags/example_params_ui_tutorial.py took 0.134 seconds
[2023-12-05T18:03:42.154+0000] {processor.py:157} INFO - Started process (PID=11752) to work on /usr/local/lib/python3.10/dist-packages/airflow/example_dags/example_params_ui_tutorial.py
[2023-12-05T18:03:42.159+0000] {processor.py:829} INFO - Processing file /usr/local/lib/python3.10/dist-packages/airflow/example_dags/example_params_ui_tutorial.py for tasks to queue
[2023-12-05T18:03:42.162+0000] {logging_mixin.py:154} INFO - [2023-12-05T18:03:42.160+0000] {dagbag.py:536} INFO - Filling up the DagBag from /usr/local/lib/python3.10/dist-packages/airflow/example_dags/example_params_ui_tutorial.py
[2023-12-05T18:03:42.199+0000] {processor.py:839} INFO - DAG(s) dict_keys(['example_params_ui_tutorial']) retrieved from /usr/local/lib/python3.10/dist-packages/airflow/example_dags/example_params_ui_tutorial.py
[2023-12-05T18:03:42.241+0000] {logging_mixin.py:154} INFO - [2023-12-05T18:03:42.241+0000] {dag.py:2941} INFO - Sync 1 DAGs
[2023-12-05T18:03:42.252+0000] {logging_mixin.py:154} INFO - [2023-12-05T18:03:42.252+0000] {dag.py:3722} INFO - Setting next_dagrun for example_params_ui_tutorial to None, run_after=None
[2023-12-05T18:03:42.276+0000] {processor.py:179} INFO - Processing /usr/local/lib/python3.10/dist-packages/airflow/example_dags/example_params_ui_tutorial.py took 0.125 seconds
[2023-12-05T18:04:30.516+0000] {processor.py:157} INFO - Started process (PID=11873) to work on /usr/local/lib/python3.10/dist-packages/airflow/example_dags/example_params_ui_tutorial.py
[2023-12-05T18:04:30.517+0000] {processor.py:829} INFO - Processing file /usr/local/lib/python3.10/dist-packages/airflow/example_dags/example_params_ui_tutorial.py for tasks to queue
[2023-12-05T18:04:30.519+0000] {logging_mixin.py:154} INFO - [2023-12-05T18:04:30.518+0000] {dagbag.py:536} INFO - Filling up the DagBag from /usr/local/lib/python3.10/dist-packages/airflow/example_dags/example_params_ui_tutorial.py
[2023-12-05T18:04:30.590+0000] {processor.py:839} INFO - DAG(s) dict_keys(['example_params_ui_tutorial']) retrieved from /usr/local/lib/python3.10/dist-packages/airflow/example_dags/example_params_ui_tutorial.py
[2023-12-05T18:04:30.645+0000] {logging_mixin.py:154} INFO - [2023-12-05T18:04:30.645+0000] {dag.py:2941} INFO - Sync 1 DAGs
[2023-12-05T18:04:30.661+0000] {logging_mixin.py:154} INFO - [2023-12-05T18:04:30.661+0000] {dag.py:3722} INFO - Setting next_dagrun for example_params_ui_tutorial to None, run_after=None
[2023-12-05T18:04:30.689+0000] {processor.py:179} INFO - Processing /usr/local/lib/python3.10/dist-packages/airflow/example_dags/example_params_ui_tutorial.py took 0.176 seconds
[2023-12-05T18:05:23.182+0000] {processor.py:157} INFO - Started process (PID=12446) to work on /usr/local/lib/python3.10/dist-packages/airflow/example_dags/example_params_ui_tutorial.py
[2023-12-05T18:05:23.183+0000] {processor.py:829} INFO - Processing file /usr/local/lib/python3.10/dist-packages/airflow/example_dags/example_params_ui_tutorial.py for tasks to queue
[2023-12-05T18:05:23.184+0000] {logging_mixin.py:154} INFO - [2023-12-05T18:05:23.183+0000] {dagbag.py:536} INFO - Filling up the DagBag from /usr/local/lib/python3.10/dist-packages/airflow/example_dags/example_params_ui_tutorial.py
[2023-12-05T18:05:23.210+0000] {processor.py:839} INFO - DAG(s) dict_keys(['example_params_ui_tutorial']) retrieved from /usr/local/lib/python3.10/dist-packages/airflow/example_dags/example_params_ui_tutorial.py
[2023-12-05T18:05:23.250+0000] {logging_mixin.py:154} INFO - [2023-12-05T18:05:23.250+0000] {dag.py:2941} INFO - Sync 1 DAGs
[2023-12-05T18:05:23.261+0000] {logging_mixin.py:154} INFO - [2023-12-05T18:05:23.261+0000] {dag.py:3722} INFO - Setting next_dagrun for example_params_ui_tutorial to None, run_after=None
[2023-12-05T18:05:23.285+0000] {processor.py:179} INFO - Processing /usr/local/lib/python3.10/dist-packages/airflow/example_dags/example_params_ui_tutorial.py took 0.106 seconds
[2023-12-05T18:06:13.751+0000] {processor.py:157} INFO - Started process (PID=12737) to work on /usr/local/lib/python3.10/dist-packages/airflow/example_dags/example_params_ui_tutorial.py
[2023-12-05T18:06:13.752+0000] {processor.py:829} INFO - Processing file /usr/local/lib/python3.10/dist-packages/airflow/example_dags/example_params_ui_tutorial.py for tasks to queue
[2023-12-05T18:06:13.753+0000] {logging_mixin.py:154} INFO - [2023-12-05T18:06:13.753+0000] {dagbag.py:536} INFO - Filling up the DagBag from /usr/local/lib/python3.10/dist-packages/airflow/example_dags/example_params_ui_tutorial.py
[2023-12-05T18:06:13.824+0000] {processor.py:839} INFO - DAG(s) dict_keys(['example_params_ui_tutorial']) retrieved from /usr/local/lib/python3.10/dist-packages/airflow/example_dags/example_params_ui_tutorial.py
[2023-12-05T18:06:13.877+0000] {logging_mixin.py:154} INFO - [2023-12-05T18:06:13.877+0000] {dag.py:2941} INFO - Sync 1 DAGs
[2023-12-05T18:06:13.890+0000] {logging_mixin.py:154} INFO - [2023-12-05T18:06:13.890+0000] {dag.py:3722} INFO - Setting next_dagrun for example_params_ui_tutorial to None, run_after=None
[2023-12-05T18:06:13.917+0000] {processor.py:179} INFO - Processing /usr/local/lib/python3.10/dist-packages/airflow/example_dags/example_params_ui_tutorial.py took 0.172 seconds
[2023-12-05T18:07:07.314+0000] {processor.py:157} INFO - Started process (PID=12983) to work on /usr/local/lib/python3.10/dist-packages/airflow/example_dags/example_params_ui_tutorial.py
[2023-12-05T18:07:07.316+0000] {processor.py:829} INFO - Processing file /usr/local/lib/python3.10/dist-packages/airflow/example_dags/example_params_ui_tutorial.py for tasks to queue
[2023-12-05T18:07:07.317+0000] {logging_mixin.py:154} INFO - [2023-12-05T18:07:07.317+0000] {dagbag.py:536} INFO - Filling up the DagBag from /usr/local/lib/python3.10/dist-packages/airflow/example_dags/example_params_ui_tutorial.py
[2023-12-05T18:07:07.359+0000] {processor.py:839} INFO - DAG(s) dict_keys(['example_params_ui_tutorial']) retrieved from /usr/local/lib/python3.10/dist-packages/airflow/example_dags/example_params_ui_tutorial.py
[2023-12-05T18:07:07.402+0000] {logging_mixin.py:154} INFO - [2023-12-05T18:07:07.402+0000] {dag.py:2941} INFO - Sync 1 DAGs
[2023-12-05T18:07:07.413+0000] {logging_mixin.py:154} INFO - [2023-12-05T18:07:07.412+0000] {dag.py:3722} INFO - Setting next_dagrun for example_params_ui_tutorial to None, run_after=None
[2023-12-05T18:07:07.436+0000] {processor.py:179} INFO - Processing /usr/local/lib/python3.10/dist-packages/airflow/example_dags/example_params_ui_tutorial.py took 0.125 seconds
[2023-12-05T18:08:02.613+0000] {processor.py:157} INFO - Started process (PID=13111) to work on /usr/local/lib/python3.10/dist-packages/airflow/example_dags/example_params_ui_tutorial.py
[2023-12-05T18:08:02.615+0000] {processor.py:829} INFO - Processing file /usr/local/lib/python3.10/dist-packages/airflow/example_dags/example_params_ui_tutorial.py for tasks to queue
[2023-12-05T18:08:02.617+0000] {logging_mixin.py:154} INFO - [2023-12-05T18:08:02.617+0000] {dagbag.py:536} INFO - Filling up the DagBag from /usr/local/lib/python3.10/dist-packages/airflow/example_dags/example_params_ui_tutorial.py
[2023-12-05T18:08:02.666+0000] {processor.py:839} INFO - DAG(s) dict_keys(['example_params_ui_tutorial']) retrieved from /usr/local/lib/python3.10/dist-packages/airflow/example_dags/example_params_ui_tutorial.py
[2023-12-05T18:08:02.742+0000] {logging_mixin.py:154} INFO - [2023-12-05T18:08:02.741+0000] {dag.py:2941} INFO - Sync 1 DAGs
[2023-12-05T18:08:02.759+0000] {logging_mixin.py:154} INFO - [2023-12-05T18:08:02.759+0000] {dag.py:3722} INFO - Setting next_dagrun for example_params_ui_tutorial to None, run_after=None
[2023-12-05T18:08:02.786+0000] {processor.py:179} INFO - Processing /usr/local/lib/python3.10/dist-packages/airflow/example_dags/example_params_ui_tutorial.py took 0.179 seconds
[2023-12-05T18:08:51.988+0000] {processor.py:157} INFO - Started process (PID=13466) to work on /usr/local/lib/python3.10/dist-packages/airflow/example_dags/example_params_ui_tutorial.py
[2023-12-05T18:08:51.990+0000] {processor.py:829} INFO - Processing file /usr/local/lib/python3.10/dist-packages/airflow/example_dags/example_params_ui_tutorial.py for tasks to queue
[2023-12-05T18:08:51.991+0000] {logging_mixin.py:154} INFO - [2023-12-05T18:08:51.991+0000] {dagbag.py:536} INFO - Filling up the DagBag from /usr/local/lib/python3.10/dist-packages/airflow/example_dags/example_params_ui_tutorial.py
[2023-12-05T18:08:52.044+0000] {processor.py:839} INFO - DAG(s) dict_keys(['example_params_ui_tutorial']) retrieved from /usr/local/lib/python3.10/dist-packages/airflow/example_dags/example_params_ui_tutorial.py
[2023-12-05T18:08:52.093+0000] {logging_mixin.py:154} INFO - [2023-12-05T18:08:52.093+0000] {dag.py:2941} INFO - Sync 1 DAGs
[2023-12-05T18:08:52.107+0000] {logging_mixin.py:154} INFO - [2023-12-05T18:08:52.107+0000] {dag.py:3722} INFO - Setting next_dagrun for example_params_ui_tutorial to None, run_after=None
[2023-12-05T18:08:52.136+0000] {processor.py:179} INFO - Processing /usr/local/lib/python3.10/dist-packages/airflow/example_dags/example_params_ui_tutorial.py took 0.153 seconds
[2023-12-05T18:09:42.822+0000] {processor.py:157} INFO - Started process (PID=13650) to work on /usr/local/lib/python3.10/dist-packages/airflow/example_dags/example_params_ui_tutorial.py
[2023-12-05T18:09:42.823+0000] {processor.py:829} INFO - Processing file /usr/local/lib/python3.10/dist-packages/airflow/example_dags/example_params_ui_tutorial.py for tasks to queue
[2023-12-05T18:09:42.825+0000] {logging_mixin.py:154} INFO - [2023-12-05T18:09:42.824+0000] {dagbag.py:536} INFO - Filling up the DagBag from /usr/local/lib/python3.10/dist-packages/airflow/example_dags/example_params_ui_tutorial.py
[2023-12-05T18:09:42.855+0000] {processor.py:839} INFO - DAG(s) dict_keys(['example_params_ui_tutorial']) retrieved from /usr/local/lib/python3.10/dist-packages/airflow/example_dags/example_params_ui_tutorial.py
[2023-12-05T18:09:42.900+0000] {logging_mixin.py:154} INFO - [2023-12-05T18:09:42.900+0000] {dag.py:2941} INFO - Sync 1 DAGs
[2023-12-05T18:09:42.912+0000] {logging_mixin.py:154} INFO - [2023-12-05T18:09:42.912+0000] {dag.py:3722} INFO - Setting next_dagrun for example_params_ui_tutorial to None, run_after=None
[2023-12-05T18:09:42.937+0000] {processor.py:179} INFO - Processing /usr/local/lib/python3.10/dist-packages/airflow/example_dags/example_params_ui_tutorial.py took 0.118 seconds
[2023-12-05T18:10:32.157+0000] {processor.py:157} INFO - Started process (PID=13827) to work on /usr/local/lib/python3.10/dist-packages/airflow/example_dags/example_params_ui_tutorial.py
[2023-12-05T18:10:32.158+0000] {processor.py:829} INFO - Processing file /usr/local/lib/python3.10/dist-packages/airflow/example_dags/example_params_ui_tutorial.py for tasks to queue
[2023-12-05T18:10:32.159+0000] {logging_mixin.py:154} INFO - [2023-12-05T18:10:32.159+0000] {dagbag.py:536} INFO - Filling up the DagBag from /usr/local/lib/python3.10/dist-packages/airflow/example_dags/example_params_ui_tutorial.py
[2023-12-05T18:10:32.199+0000] {processor.py:839} INFO - DAG(s) dict_keys(['example_params_ui_tutorial']) retrieved from /usr/local/lib/python3.10/dist-packages/airflow/example_dags/example_params_ui_tutorial.py
[2023-12-05T18:10:32.269+0000] {logging_mixin.py:154} INFO - [2023-12-05T18:10:32.269+0000] {dag.py:2941} INFO - Sync 1 DAGs
[2023-12-05T18:10:32.281+0000] {logging_mixin.py:154} INFO - [2023-12-05T18:10:32.281+0000] {dag.py:3722} INFO - Setting next_dagrun for example_params_ui_tutorial to None, run_after=None
[2023-12-05T18:10:32.308+0000] {processor.py:179} INFO - Processing /usr/local/lib/python3.10/dist-packages/airflow/example_dags/example_params_ui_tutorial.py took 0.155 seconds
