[2023-12-05T17:44:52.384+0000] {processor.py:157} INFO - Started process (PID=8788) to work on /usr/local/lib/python3.10/dist-packages/airflow/example_dags/example_xcomargs.py
[2023-12-05T17:44:52.385+0000] {processor.py:829} INFO - Processing file /usr/local/lib/python3.10/dist-packages/airflow/example_dags/example_xcomargs.py for tasks to queue
[2023-12-05T17:44:52.385+0000] {logging_mixin.py:154} INFO - [2023-12-05T17:44:52.385+0000] {dagbag.py:536} INFO - Filling up the DagBag from /usr/local/lib/python3.10/dist-packages/airflow/example_dags/example_xcomargs.py
[2023-12-05T17:44:52.400+0000] {processor.py:839} INFO - DAG(s) dict_keys(['example_xcom_args', 'example_xcom_args_with_operators']) retrieved from /usr/local/lib/python3.10/dist-packages/airflow/example_dags/example_xcomargs.py
[2023-12-05T17:44:52.553+0000] {logging_mixin.py:154} INFO - [2023-12-05T17:44:52.553+0000] {manager.py:499} INFO - Created Permission View: %s
[2023-12-05T17:44:52.573+0000] {logging_mixin.py:154} INFO - [2023-12-05T17:44:52.573+0000] {manager.py:499} INFO - Created Permission View: %s
[2023-12-05T17:44:52.589+0000] {logging_mixin.py:154} INFO - [2023-12-05T17:44:52.588+0000] {manager.py:499} INFO - Created Permission View: %s
[2023-12-05T17:44:52.626+0000] {logging_mixin.py:154} INFO - [2023-12-05T17:44:52.626+0000] {manager.py:499} INFO - Created Permission View: %s
[2023-12-05T17:44:52.642+0000] {logging_mixin.py:154} INFO - [2023-12-05T17:44:52.641+0000] {manager.py:499} INFO - Created Permission View: %s
[2023-12-05T17:44:52.659+0000] {logging_mixin.py:154} INFO - [2023-12-05T17:44:52.657+0000] {manager.py:499} INFO - Created Permission View: %s
[2023-12-05T17:44:52.659+0000] {logging_mixin.py:154} INFO - [2023-12-05T17:44:52.659+0000] {dag.py:2941} INFO - Sync 2 DAGs
[2023-12-05T17:44:52.685+0000] {logging_mixin.py:154} INFO - [2023-12-05T17:44:52.684+0000] {dag.py:2963} INFO - Creating ORM DAG for example_xcom_args_with_operators
[2023-12-05T17:44:52.685+0000] {logging_mixin.py:154} INFO - [2023-12-05T17:44:52.685+0000] {dag.py:2963} INFO - Creating ORM DAG for example_xcom_args
[2023-12-05T17:44:52.686+0000] {logging_mixin.py:154} INFO - [2023-12-05T17:44:52.686+0000] {dag.py:3722} INFO - Setting next_dagrun for example_xcom_args to None, run_after=None
[2023-12-05T17:44:52.687+0000] {logging_mixin.py:154} INFO - [2023-12-05T17:44:52.687+0000] {dag.py:3722} INFO - Setting next_dagrun for example_xcom_args_with_operators to None, run_after=None
[2023-12-05T17:44:52.720+0000] {processor.py:179} INFO - Processing /usr/local/lib/python3.10/dist-packages/airflow/example_dags/example_xcomargs.py took 0.340 seconds
[2023-12-05T17:46:07.587+0000] {processor.py:157} INFO - Started process (PID=9154) to work on /usr/local/lib/python3.10/dist-packages/airflow/example_dags/example_xcomargs.py
[2023-12-05T17:46:07.589+0000] {processor.py:829} INFO - Processing file /usr/local/lib/python3.10/dist-packages/airflow/example_dags/example_xcomargs.py for tasks to queue
[2023-12-05T17:46:07.590+0000] {logging_mixin.py:154} INFO - [2023-12-05T17:46:07.589+0000] {dagbag.py:536} INFO - Filling up the DagBag from /usr/local/lib/python3.10/dist-packages/airflow/example_dags/example_xcomargs.py
[2023-12-05T17:46:07.601+0000] {processor.py:839} INFO - DAG(s) dict_keys(['example_xcom_args', 'example_xcom_args_with_operators']) retrieved from /usr/local/lib/python3.10/dist-packages/airflow/example_dags/example_xcomargs.py
[2023-12-05T17:46:07.610+0000] {logging_mixin.py:154} INFO - [2023-12-05T17:46:07.610+0000] {dag.py:2941} INFO - Sync 2 DAGs
[2023-12-05T17:46:07.623+0000] {logging_mixin.py:154} INFO - [2023-12-05T17:46:07.623+0000] {dag.py:3722} INFO - Setting next_dagrun for example_xcom_args to None, run_after=None
[2023-12-05T17:46:07.626+0000] {logging_mixin.py:154} INFO - [2023-12-05T17:46:07.626+0000] {dag.py:3722} INFO - Setting next_dagrun for example_xcom_args_with_operators to None, run_after=None
[2023-12-05T17:46:07.648+0000] {processor.py:179} INFO - Processing /usr/local/lib/python3.10/dist-packages/airflow/example_dags/example_xcomargs.py took 0.064 seconds
[2023-12-05T17:46:56.783+0000] {processor.py:157} INFO - Started process (PID=9291) to work on /usr/local/lib/python3.10/dist-packages/airflow/example_dags/example_xcomargs.py
[2023-12-05T17:46:56.787+0000] {processor.py:829} INFO - Processing file /usr/local/lib/python3.10/dist-packages/airflow/example_dags/example_xcomargs.py for tasks to queue
[2023-12-05T17:46:56.788+0000] {logging_mixin.py:154} INFO - [2023-12-05T17:46:56.788+0000] {dagbag.py:536} INFO - Filling up the DagBag from /usr/local/lib/python3.10/dist-packages/airflow/example_dags/example_xcomargs.py
[2023-12-05T17:46:56.803+0000] {processor.py:839} INFO - DAG(s) dict_keys(['example_xcom_args_with_operators', 'example_xcom_args']) retrieved from /usr/local/lib/python3.10/dist-packages/airflow/example_dags/example_xcomargs.py
[2023-12-05T17:46:56.838+0000] {logging_mixin.py:154} INFO - [2023-12-05T17:46:56.838+0000] {dag.py:2941} INFO - Sync 2 DAGs
[2023-12-05T17:46:56.853+0000] {logging_mixin.py:154} INFO - [2023-12-05T17:46:56.853+0000] {dag.py:3722} INFO - Setting next_dagrun for example_xcom_args to None, run_after=None
[2023-12-05T17:46:56.856+0000] {logging_mixin.py:154} INFO - [2023-12-05T17:46:56.856+0000] {dag.py:3722} INFO - Setting next_dagrun for example_xcom_args_with_operators to None, run_after=None
[2023-12-05T17:46:56.894+0000] {processor.py:179} INFO - Processing /usr/local/lib/python3.10/dist-packages/airflow/example_dags/example_xcomargs.py took 0.118 seconds
[2023-12-05T17:47:34.896+0000] {processor.py:157} INFO - Started process (PID=9393) to work on /usr/local/lib/python3.10/dist-packages/airflow/example_dags/example_xcomargs.py
[2023-12-05T17:47:34.897+0000] {processor.py:829} INFO - Processing file /usr/local/lib/python3.10/dist-packages/airflow/example_dags/example_xcomargs.py for tasks to queue
[2023-12-05T17:47:34.898+0000] {logging_mixin.py:154} INFO - [2023-12-05T17:47:34.898+0000] {dagbag.py:536} INFO - Filling up the DagBag from /usr/local/lib/python3.10/dist-packages/airflow/example_dags/example_xcomargs.py
[2023-12-05T17:47:34.907+0000] {processor.py:839} INFO - DAG(s) dict_keys(['example_xcom_args_with_operators', 'example_xcom_args']) retrieved from /usr/local/lib/python3.10/dist-packages/airflow/example_dags/example_xcomargs.py
[2023-12-05T17:47:34.929+0000] {logging_mixin.py:154} INFO - [2023-12-05T17:47:34.928+0000] {dag.py:2941} INFO - Sync 2 DAGs
[2023-12-05T17:47:34.948+0000] {logging_mixin.py:154} INFO - [2023-12-05T17:47:34.948+0000] {dag.py:3722} INFO - Setting next_dagrun for example_xcom_args to None, run_after=None
[2023-12-05T17:47:34.961+0000] {logging_mixin.py:154} INFO - [2023-12-05T17:47:34.961+0000] {dag.py:3722} INFO - Setting next_dagrun for example_xcom_args_with_operators to None, run_after=None
[2023-12-05T17:47:34.991+0000] {processor.py:179} INFO - Processing /usr/local/lib/python3.10/dist-packages/airflow/example_dags/example_xcomargs.py took 0.099 seconds
[2023-12-05T17:48:10.523+0000] {processor.py:157} INFO - Started process (PID=9550) to work on /usr/local/lib/python3.10/dist-packages/airflow/example_dags/example_xcomargs.py
[2023-12-05T17:48:10.526+0000] {processor.py:829} INFO - Processing file /usr/local/lib/python3.10/dist-packages/airflow/example_dags/example_xcomargs.py for tasks to queue
[2023-12-05T17:48:10.528+0000] {logging_mixin.py:154} INFO - [2023-12-05T17:48:10.528+0000] {dagbag.py:536} INFO - Filling up the DagBag from /usr/local/lib/python3.10/dist-packages/airflow/example_dags/example_xcomargs.py
[2023-12-05T17:48:10.546+0000] {processor.py:839} INFO - DAG(s) dict_keys(['example_xcom_args_with_operators', 'example_xcom_args']) retrieved from /usr/local/lib/python3.10/dist-packages/airflow/example_dags/example_xcomargs.py
[2023-12-05T17:48:10.568+0000] {logging_mixin.py:154} INFO - [2023-12-05T17:48:10.568+0000] {dag.py:2941} INFO - Sync 2 DAGs
[2023-12-05T17:48:10.580+0000] {logging_mixin.py:154} INFO - [2023-12-05T17:48:10.580+0000] {dag.py:3722} INFO - Setting next_dagrun for example_xcom_args to None, run_after=None
[2023-12-05T17:48:10.583+0000] {logging_mixin.py:154} INFO - [2023-12-05T17:48:10.583+0000] {dag.py:3722} INFO - Setting next_dagrun for example_xcom_args_with_operators to None, run_after=None
[2023-12-05T17:48:10.603+0000] {processor.py:179} INFO - Processing /usr/local/lib/python3.10/dist-packages/airflow/example_dags/example_xcomargs.py took 0.084 seconds
[2023-12-05T17:48:48.304+0000] {processor.py:157} INFO - Started process (PID=9590) to work on /usr/local/lib/python3.10/dist-packages/airflow/example_dags/example_xcomargs.py
[2023-12-05T17:48:48.305+0000] {processor.py:829} INFO - Processing file /usr/local/lib/python3.10/dist-packages/airflow/example_dags/example_xcomargs.py for tasks to queue
[2023-12-05T17:48:48.306+0000] {logging_mixin.py:154} INFO - [2023-12-05T17:48:48.306+0000] {dagbag.py:536} INFO - Filling up the DagBag from /usr/local/lib/python3.10/dist-packages/airflow/example_dags/example_xcomargs.py
[2023-12-05T17:48:48.316+0000] {processor.py:839} INFO - DAG(s) dict_keys(['example_xcom_args', 'example_xcom_args_with_operators']) retrieved from /usr/local/lib/python3.10/dist-packages/airflow/example_dags/example_xcomargs.py
[2023-12-05T17:48:48.339+0000] {logging_mixin.py:154} INFO - [2023-12-05T17:48:48.338+0000] {dag.py:2941} INFO - Sync 2 DAGs
[2023-12-05T17:48:48.351+0000] {logging_mixin.py:154} INFO - [2023-12-05T17:48:48.350+0000] {dag.py:3722} INFO - Setting next_dagrun for example_xcom_args to None, run_after=None
[2023-12-05T17:48:48.354+0000] {logging_mixin.py:154} INFO - [2023-12-05T17:48:48.354+0000] {dag.py:3722} INFO - Setting next_dagrun for example_xcom_args_with_operators to None, run_after=None
[2023-12-05T17:48:48.378+0000] {processor.py:179} INFO - Processing /usr/local/lib/python3.10/dist-packages/airflow/example_dags/example_xcomargs.py took 0.078 seconds
[2023-12-05T17:49:23.810+0000] {processor.py:157} INFO - Started process (PID=9689) to work on /usr/local/lib/python3.10/dist-packages/airflow/example_dags/example_xcomargs.py
[2023-12-05T17:49:23.811+0000] {processor.py:829} INFO - Processing file /usr/local/lib/python3.10/dist-packages/airflow/example_dags/example_xcomargs.py for tasks to queue
[2023-12-05T17:49:23.812+0000] {logging_mixin.py:154} INFO - [2023-12-05T17:49:23.812+0000] {dagbag.py:536} INFO - Filling up the DagBag from /usr/local/lib/python3.10/dist-packages/airflow/example_dags/example_xcomargs.py
[2023-12-05T17:49:23.824+0000] {processor.py:839} INFO - DAG(s) dict_keys(['example_xcom_args_with_operators', 'example_xcom_args']) retrieved from /usr/local/lib/python3.10/dist-packages/airflow/example_dags/example_xcomargs.py
[2023-12-05T17:49:23.861+0000] {logging_mixin.py:154} INFO - [2023-12-05T17:49:23.861+0000] {dag.py:2941} INFO - Sync 2 DAGs
[2023-12-05T17:49:23.876+0000] {logging_mixin.py:154} INFO - [2023-12-05T17:49:23.875+0000] {dag.py:3722} INFO - Setting next_dagrun for example_xcom_args to None, run_after=None
[2023-12-05T17:49:23.879+0000] {logging_mixin.py:154} INFO - [2023-12-05T17:49:23.879+0000] {dag.py:3722} INFO - Setting next_dagrun for example_xcom_args_with_operators to None, run_after=None
[2023-12-05T17:49:23.907+0000] {processor.py:179} INFO - Processing /usr/local/lib/python3.10/dist-packages/airflow/example_dags/example_xcomargs.py took 0.103 seconds
[2023-12-05T17:49:59.309+0000] {processor.py:157} INFO - Started process (PID=9727) to work on /usr/local/lib/python3.10/dist-packages/airflow/example_dags/example_xcomargs.py
[2023-12-05T17:49:59.311+0000] {processor.py:829} INFO - Processing file /usr/local/lib/python3.10/dist-packages/airflow/example_dags/example_xcomargs.py for tasks to queue
[2023-12-05T17:49:59.312+0000] {logging_mixin.py:154} INFO - [2023-12-05T17:49:59.312+0000] {dagbag.py:536} INFO - Filling up the DagBag from /usr/local/lib/python3.10/dist-packages/airflow/example_dags/example_xcomargs.py
[2023-12-05T17:49:59.326+0000] {processor.py:839} INFO - DAG(s) dict_keys(['example_xcom_args', 'example_xcom_args_with_operators']) retrieved from /usr/local/lib/python3.10/dist-packages/airflow/example_dags/example_xcomargs.py
[2023-12-05T17:49:59.346+0000] {logging_mixin.py:154} INFO - [2023-12-05T17:49:59.345+0000] {dag.py:2941} INFO - Sync 2 DAGs
[2023-12-05T17:49:59.358+0000] {logging_mixin.py:154} INFO - [2023-12-05T17:49:59.358+0000] {dag.py:3722} INFO - Setting next_dagrun for example_xcom_args to None, run_after=None
[2023-12-05T17:49:59.361+0000] {logging_mixin.py:154} INFO - [2023-12-05T17:49:59.361+0000] {dag.py:3722} INFO - Setting next_dagrun for example_xcom_args_with_operators to None, run_after=None
[2023-12-05T17:49:59.381+0000] {processor.py:179} INFO - Processing /usr/local/lib/python3.10/dist-packages/airflow/example_dags/example_xcomargs.py took 0.080 seconds
[2023-12-05T17:50:34.973+0000] {processor.py:157} INFO - Started process (PID=9832) to work on /usr/local/lib/python3.10/dist-packages/airflow/example_dags/example_xcomargs.py
[2023-12-05T17:50:34.974+0000] {processor.py:829} INFO - Processing file /usr/local/lib/python3.10/dist-packages/airflow/example_dags/example_xcomargs.py for tasks to queue
[2023-12-05T17:50:34.975+0000] {logging_mixin.py:154} INFO - [2023-12-05T17:50:34.975+0000] {dagbag.py:536} INFO - Filling up the DagBag from /usr/local/lib/python3.10/dist-packages/airflow/example_dags/example_xcomargs.py
[2023-12-05T17:50:34.986+0000] {processor.py:839} INFO - DAG(s) dict_keys(['example_xcom_args_with_operators', 'example_xcom_args']) retrieved from /usr/local/lib/python3.10/dist-packages/airflow/example_dags/example_xcomargs.py
[2023-12-05T17:50:35.010+0000] {logging_mixin.py:154} INFO - [2023-12-05T17:50:35.010+0000] {dag.py:2941} INFO - Sync 2 DAGs
[2023-12-05T17:50:35.031+0000] {logging_mixin.py:154} INFO - [2023-12-05T17:50:35.031+0000] {dag.py:3722} INFO - Setting next_dagrun for example_xcom_args to None, run_after=None
[2023-12-05T17:50:35.036+0000] {logging_mixin.py:154} INFO - [2023-12-05T17:50:35.036+0000] {dag.py:3722} INFO - Setting next_dagrun for example_xcom_args_with_operators to None, run_after=None
[2023-12-05T17:50:35.069+0000] {processor.py:179} INFO - Processing /usr/local/lib/python3.10/dist-packages/airflow/example_dags/example_xcomargs.py took 0.100 seconds
[2023-12-05T17:51:08.554+0000] {processor.py:157} INFO - Started process (PID=9927) to work on /usr/local/lib/python3.10/dist-packages/airflow/example_dags/example_xcomargs.py
[2023-12-05T17:51:08.557+0000] {processor.py:829} INFO - Processing file /usr/local/lib/python3.10/dist-packages/airflow/example_dags/example_xcomargs.py for tasks to queue
[2023-12-05T17:51:08.561+0000] {logging_mixin.py:154} INFO - [2023-12-05T17:51:08.561+0000] {dagbag.py:536} INFO - Filling up the DagBag from /usr/local/lib/python3.10/dist-packages/airflow/example_dags/example_xcomargs.py
[2023-12-05T17:51:08.579+0000] {processor.py:839} INFO - DAG(s) dict_keys(['example_xcom_args', 'example_xcom_args_with_operators']) retrieved from /usr/local/lib/python3.10/dist-packages/airflow/example_dags/example_xcomargs.py
[2023-12-05T17:51:08.614+0000] {logging_mixin.py:154} INFO - [2023-12-05T17:51:08.614+0000] {dag.py:2941} INFO - Sync 2 DAGs
[2023-12-05T17:51:08.634+0000] {logging_mixin.py:154} INFO - [2023-12-05T17:51:08.634+0000] {dag.py:3722} INFO - Setting next_dagrun for example_xcom_args to None, run_after=None
[2023-12-05T17:51:08.642+0000] {logging_mixin.py:154} INFO - [2023-12-05T17:51:08.642+0000] {dag.py:3722} INFO - Setting next_dagrun for example_xcom_args_with_operators to None, run_after=None
[2023-12-05T17:51:08.686+0000] {processor.py:179} INFO - Processing /usr/local/lib/python3.10/dist-packages/airflow/example_dags/example_xcomargs.py took 0.138 seconds
[2023-12-05T17:51:45.090+0000] {processor.py:157} INFO - Started process (PID=10026) to work on /usr/local/lib/python3.10/dist-packages/airflow/example_dags/example_xcomargs.py
[2023-12-05T17:51:45.091+0000] {processor.py:829} INFO - Processing file /usr/local/lib/python3.10/dist-packages/airflow/example_dags/example_xcomargs.py for tasks to queue
[2023-12-05T17:51:45.092+0000] {logging_mixin.py:154} INFO - [2023-12-05T17:51:45.092+0000] {dagbag.py:536} INFO - Filling up the DagBag from /usr/local/lib/python3.10/dist-packages/airflow/example_dags/example_xcomargs.py
[2023-12-05T17:51:45.101+0000] {processor.py:839} INFO - DAG(s) dict_keys(['example_xcom_args_with_operators', 'example_xcom_args']) retrieved from /usr/local/lib/python3.10/dist-packages/airflow/example_dags/example_xcomargs.py
[2023-12-05T17:51:45.135+0000] {logging_mixin.py:154} INFO - [2023-12-05T17:51:45.135+0000] {dag.py:2941} INFO - Sync 2 DAGs
[2023-12-05T17:51:45.147+0000] {logging_mixin.py:154} INFO - [2023-12-05T17:51:45.147+0000] {dag.py:3722} INFO - Setting next_dagrun for example_xcom_args to None, run_after=None
[2023-12-05T17:51:45.150+0000] {logging_mixin.py:154} INFO - [2023-12-05T17:51:45.150+0000] {dag.py:3722} INFO - Setting next_dagrun for example_xcom_args_with_operators to None, run_after=None
[2023-12-05T17:51:45.172+0000] {processor.py:179} INFO - Processing /usr/local/lib/python3.10/dist-packages/airflow/example_dags/example_xcomargs.py took 0.086 seconds
[2023-12-05T17:52:18.932+0000] {processor.py:157} INFO - Started process (PID=10125) to work on /usr/local/lib/python3.10/dist-packages/airflow/example_dags/example_xcomargs.py
[2023-12-05T17:52:18.934+0000] {processor.py:829} INFO - Processing file /usr/local/lib/python3.10/dist-packages/airflow/example_dags/example_xcomargs.py for tasks to queue
[2023-12-05T17:52:18.936+0000] {logging_mixin.py:154} INFO - [2023-12-05T17:52:18.935+0000] {dagbag.py:536} INFO - Filling up the DagBag from /usr/local/lib/python3.10/dist-packages/airflow/example_dags/example_xcomargs.py
[2023-12-05T17:52:18.958+0000] {processor.py:839} INFO - DAG(s) dict_keys(['example_xcom_args', 'example_xcom_args_with_operators']) retrieved from /usr/local/lib/python3.10/dist-packages/airflow/example_dags/example_xcomargs.py
[2023-12-05T17:52:18.988+0000] {logging_mixin.py:154} INFO - [2023-12-05T17:52:18.988+0000] {dag.py:2941} INFO - Sync 2 DAGs
[2023-12-05T17:52:19.001+0000] {logging_mixin.py:154} INFO - [2023-12-05T17:52:19.000+0000] {dag.py:3722} INFO - Setting next_dagrun for example_xcom_args to None, run_after=None
[2023-12-05T17:52:19.005+0000] {logging_mixin.py:154} INFO - [2023-12-05T17:52:19.005+0000] {dag.py:3722} INFO - Setting next_dagrun for example_xcom_args_with_operators to None, run_after=None
[2023-12-05T17:52:19.029+0000] {processor.py:179} INFO - Processing /usr/local/lib/python3.10/dist-packages/airflow/example_dags/example_xcomargs.py took 0.105 seconds
[2023-12-05T17:52:52.499+0000] {processor.py:157} INFO - Started process (PID=10164) to work on /usr/local/lib/python3.10/dist-packages/airflow/example_dags/example_xcomargs.py
[2023-12-05T17:52:52.501+0000] {processor.py:829} INFO - Processing file /usr/local/lib/python3.10/dist-packages/airflow/example_dags/example_xcomargs.py for tasks to queue
[2023-12-05T17:52:52.502+0000] {logging_mixin.py:154} INFO - [2023-12-05T17:52:52.501+0000] {dagbag.py:536} INFO - Filling up the DagBag from /usr/local/lib/python3.10/dist-packages/airflow/example_dags/example_xcomargs.py
[2023-12-05T17:52:52.512+0000] {processor.py:839} INFO - DAG(s) dict_keys(['example_xcom_args', 'example_xcom_args_with_operators']) retrieved from /usr/local/lib/python3.10/dist-packages/airflow/example_dags/example_xcomargs.py
[2023-12-05T17:52:52.534+0000] {logging_mixin.py:154} INFO - [2023-12-05T17:52:52.533+0000] {dag.py:2941} INFO - Sync 2 DAGs
[2023-12-05T17:52:52.545+0000] {logging_mixin.py:154} INFO - [2023-12-05T17:52:52.545+0000] {dag.py:3722} INFO - Setting next_dagrun for example_xcom_args to None, run_after=None
[2023-12-05T17:52:52.550+0000] {logging_mixin.py:154} INFO - [2023-12-05T17:52:52.549+0000] {dag.py:3722} INFO - Setting next_dagrun for example_xcom_args_with_operators to None, run_after=None
[2023-12-05T17:52:52.581+0000] {processor.py:179} INFO - Processing /usr/local/lib/python3.10/dist-packages/airflow/example_dags/example_xcomargs.py took 0.085 seconds
[2023-12-05T17:53:27.455+0000] {processor.py:157} INFO - Started process (PID=10326) to work on /usr/local/lib/python3.10/dist-packages/airflow/example_dags/example_xcomargs.py
[2023-12-05T17:53:27.458+0000] {processor.py:829} INFO - Processing file /usr/local/lib/python3.10/dist-packages/airflow/example_dags/example_xcomargs.py for tasks to queue
[2023-12-05T17:53:27.459+0000] {logging_mixin.py:154} INFO - [2023-12-05T17:53:27.459+0000] {dagbag.py:536} INFO - Filling up the DagBag from /usr/local/lib/python3.10/dist-packages/airflow/example_dags/example_xcomargs.py
[2023-12-05T17:53:27.480+0000] {processor.py:839} INFO - DAG(s) dict_keys(['example_xcom_args', 'example_xcom_args_with_operators']) retrieved from /usr/local/lib/python3.10/dist-packages/airflow/example_dags/example_xcomargs.py
[2023-12-05T17:53:27.514+0000] {logging_mixin.py:154} INFO - [2023-12-05T17:53:27.514+0000] {dag.py:2941} INFO - Sync 2 DAGs
[2023-12-05T17:53:27.527+0000] {logging_mixin.py:154} INFO - [2023-12-05T17:53:27.526+0000] {dag.py:3722} INFO - Setting next_dagrun for example_xcom_args to None, run_after=None
[2023-12-05T17:53:27.531+0000] {logging_mixin.py:154} INFO - [2023-12-05T17:53:27.530+0000] {dag.py:3722} INFO - Setting next_dagrun for example_xcom_args_with_operators to None, run_after=None
[2023-12-05T17:53:27.556+0000] {processor.py:179} INFO - Processing /usr/local/lib/python3.10/dist-packages/airflow/example_dags/example_xcomargs.py took 0.106 seconds
[2023-12-05T17:54:01.296+0000] {processor.py:157} INFO - Started process (PID=10364) to work on /usr/local/lib/python3.10/dist-packages/airflow/example_dags/example_xcomargs.py
[2023-12-05T17:54:01.298+0000] {processor.py:829} INFO - Processing file /usr/local/lib/python3.10/dist-packages/airflow/example_dags/example_xcomargs.py for tasks to queue
[2023-12-05T17:54:01.301+0000] {logging_mixin.py:154} INFO - [2023-12-05T17:54:01.300+0000] {dagbag.py:536} INFO - Filling up the DagBag from /usr/local/lib/python3.10/dist-packages/airflow/example_dags/example_xcomargs.py
[2023-12-05T17:54:01.319+0000] {processor.py:839} INFO - DAG(s) dict_keys(['example_xcom_args_with_operators', 'example_xcom_args']) retrieved from /usr/local/lib/python3.10/dist-packages/airflow/example_dags/example_xcomargs.py
[2023-12-05T17:54:01.352+0000] {logging_mixin.py:154} INFO - [2023-12-05T17:54:01.351+0000] {dag.py:2941} INFO - Sync 2 DAGs
[2023-12-05T17:54:01.376+0000] {logging_mixin.py:154} INFO - [2023-12-05T17:54:01.375+0000] {dag.py:3722} INFO - Setting next_dagrun for example_xcom_args to None, run_after=None
[2023-12-05T17:54:01.383+0000] {logging_mixin.py:154} INFO - [2023-12-05T17:54:01.381+0000] {dag.py:3722} INFO - Setting next_dagrun for example_xcom_args_with_operators to None, run_after=None
[2023-12-05T17:54:01.424+0000] {processor.py:179} INFO - Processing /usr/local/lib/python3.10/dist-packages/airflow/example_dags/example_xcomargs.py took 0.134 seconds
[2023-12-05T17:54:49.097+0000] {processor.py:157} INFO - Started process (PID=10478) to work on /usr/local/lib/python3.10/dist-packages/airflow/example_dags/example_xcomargs.py
[2023-12-05T17:54:49.099+0000] {processor.py:829} INFO - Processing file /usr/local/lib/python3.10/dist-packages/airflow/example_dags/example_xcomargs.py for tasks to queue
[2023-12-05T17:54:49.101+0000] {logging_mixin.py:154} INFO - [2023-12-05T17:54:49.100+0000] {dagbag.py:536} INFO - Filling up the DagBag from /usr/local/lib/python3.10/dist-packages/airflow/example_dags/example_xcomargs.py
[2023-12-05T17:54:49.127+0000] {processor.py:839} INFO - DAG(s) dict_keys(['example_xcom_args', 'example_xcom_args_with_operators']) retrieved from /usr/local/lib/python3.10/dist-packages/airflow/example_dags/example_xcomargs.py
[2023-12-05T17:54:49.153+0000] {logging_mixin.py:154} INFO - [2023-12-05T17:54:49.152+0000] {dag.py:2941} INFO - Sync 2 DAGs
[2023-12-05T17:54:49.172+0000] {logging_mixin.py:154} INFO - [2023-12-05T17:54:49.172+0000] {dag.py:3722} INFO - Setting next_dagrun for example_xcom_args to None, run_after=None
[2023-12-05T17:54:49.176+0000] {logging_mixin.py:154} INFO - [2023-12-05T17:54:49.175+0000] {dag.py:3722} INFO - Setting next_dagrun for example_xcom_args_with_operators to None, run_after=None
[2023-12-05T17:54:49.202+0000] {processor.py:179} INFO - Processing /usr/local/lib/python3.10/dist-packages/airflow/example_dags/example_xcomargs.py took 0.114 seconds
[2023-12-05T17:55:25.228+0000] {processor.py:157} INFO - Started process (PID=10578) to work on /usr/local/lib/python3.10/dist-packages/airflow/example_dags/example_xcomargs.py
[2023-12-05T17:55:25.229+0000] {processor.py:829} INFO - Processing file /usr/local/lib/python3.10/dist-packages/airflow/example_dags/example_xcomargs.py for tasks to queue
[2023-12-05T17:55:25.230+0000] {logging_mixin.py:154} INFO - [2023-12-05T17:55:25.230+0000] {dagbag.py:536} INFO - Filling up the DagBag from /usr/local/lib/python3.10/dist-packages/airflow/example_dags/example_xcomargs.py
[2023-12-05T17:55:25.240+0000] {processor.py:839} INFO - DAG(s) dict_keys(['example_xcom_args', 'example_xcom_args_with_operators']) retrieved from /usr/local/lib/python3.10/dist-packages/airflow/example_dags/example_xcomargs.py
[2023-12-05T17:55:25.261+0000] {logging_mixin.py:154} INFO - [2023-12-05T17:55:25.261+0000] {dag.py:2941} INFO - Sync 2 DAGs
[2023-12-05T17:55:25.274+0000] {logging_mixin.py:154} INFO - [2023-12-05T17:55:25.273+0000] {dag.py:3722} INFO - Setting next_dagrun for example_xcom_args to None, run_after=None
[2023-12-05T17:55:25.277+0000] {logging_mixin.py:154} INFO - [2023-12-05T17:55:25.277+0000] {dag.py:3722} INFO - Setting next_dagrun for example_xcom_args_with_operators to None, run_after=None
[2023-12-05T17:55:25.308+0000] {processor.py:179} INFO - Processing /usr/local/lib/python3.10/dist-packages/airflow/example_dags/example_xcomargs.py took 0.084 seconds
[2023-12-05T17:55:59.904+0000] {processor.py:157} INFO - Started process (PID=10617) to work on /usr/local/lib/python3.10/dist-packages/airflow/example_dags/example_xcomargs.py
[2023-12-05T17:55:59.906+0000] {processor.py:829} INFO - Processing file /usr/local/lib/python3.10/dist-packages/airflow/example_dags/example_xcomargs.py for tasks to queue
[2023-12-05T17:55:59.907+0000] {logging_mixin.py:154} INFO - [2023-12-05T17:55:59.907+0000] {dagbag.py:536} INFO - Filling up the DagBag from /usr/local/lib/python3.10/dist-packages/airflow/example_dags/example_xcomargs.py
[2023-12-05T17:55:59.917+0000] {processor.py:839} INFO - DAG(s) dict_keys(['example_xcom_args', 'example_xcom_args_with_operators']) retrieved from /usr/local/lib/python3.10/dist-packages/airflow/example_dags/example_xcomargs.py
[2023-12-05T17:55:59.937+0000] {logging_mixin.py:154} INFO - [2023-12-05T17:55:59.936+0000] {dag.py:2941} INFO - Sync 2 DAGs
[2023-12-05T17:55:59.948+0000] {logging_mixin.py:154} INFO - [2023-12-05T17:55:59.948+0000] {dag.py:3722} INFO - Setting next_dagrun for example_xcom_args to None, run_after=None
[2023-12-05T17:55:59.951+0000] {logging_mixin.py:154} INFO - [2023-12-05T17:55:59.951+0000] {dag.py:3722} INFO - Setting next_dagrun for example_xcom_args_with_operators to None, run_after=None
[2023-12-05T17:55:59.971+0000] {processor.py:179} INFO - Processing /usr/local/lib/python3.10/dist-packages/airflow/example_dags/example_xcomargs.py took 0.070 seconds
[2023-12-05T17:56:32.989+0000] {processor.py:157} INFO - Started process (PID=10776) to work on /usr/local/lib/python3.10/dist-packages/airflow/example_dags/example_xcomargs.py
[2023-12-05T17:56:32.991+0000] {processor.py:829} INFO - Processing file /usr/local/lib/python3.10/dist-packages/airflow/example_dags/example_xcomargs.py for tasks to queue
[2023-12-05T17:56:32.992+0000] {logging_mixin.py:154} INFO - [2023-12-05T17:56:32.992+0000] {dagbag.py:536} INFO - Filling up the DagBag from /usr/local/lib/python3.10/dist-packages/airflow/example_dags/example_xcomargs.py
[2023-12-05T17:56:33.001+0000] {processor.py:839} INFO - DAG(s) dict_keys(['example_xcom_args', 'example_xcom_args_with_operators']) retrieved from /usr/local/lib/python3.10/dist-packages/airflow/example_dags/example_xcomargs.py
[2023-12-05T17:56:33.030+0000] {logging_mixin.py:154} INFO - [2023-12-05T17:56:33.030+0000] {dag.py:2941} INFO - Sync 2 DAGs
[2023-12-05T17:56:33.043+0000] {logging_mixin.py:154} INFO - [2023-12-05T17:56:33.043+0000] {dag.py:3722} INFO - Setting next_dagrun for example_xcom_args to None, run_after=None
[2023-12-05T17:56:33.047+0000] {logging_mixin.py:154} INFO - [2023-12-05T17:56:33.047+0000] {dag.py:3722} INFO - Setting next_dagrun for example_xcom_args_with_operators to None, run_after=None
[2023-12-05T17:56:33.069+0000] {processor.py:179} INFO - Processing /usr/local/lib/python3.10/dist-packages/airflow/example_dags/example_xcomargs.py took 0.083 seconds
[2023-12-05T17:57:08.345+0000] {processor.py:157} INFO - Started process (PID=10880) to work on /usr/local/lib/python3.10/dist-packages/airflow/example_dags/example_xcomargs.py
[2023-12-05T17:57:08.347+0000] {processor.py:829} INFO - Processing file /usr/local/lib/python3.10/dist-packages/airflow/example_dags/example_xcomargs.py for tasks to queue
[2023-12-05T17:57:08.348+0000] {logging_mixin.py:154} INFO - [2023-12-05T17:57:08.347+0000] {dagbag.py:536} INFO - Filling up the DagBag from /usr/local/lib/python3.10/dist-packages/airflow/example_dags/example_xcomargs.py
[2023-12-05T17:57:08.360+0000] {processor.py:839} INFO - DAG(s) dict_keys(['example_xcom_args', 'example_xcom_args_with_operators']) retrieved from /usr/local/lib/python3.10/dist-packages/airflow/example_dags/example_xcomargs.py
[2023-12-05T17:57:08.384+0000] {logging_mixin.py:154} INFO - [2023-12-05T17:57:08.383+0000] {dag.py:2941} INFO - Sync 2 DAGs
[2023-12-05T17:57:08.417+0000] {logging_mixin.py:154} INFO - [2023-12-05T17:57:08.417+0000] {dag.py:3722} INFO - Setting next_dagrun for example_xcom_args to None, run_after=None
[2023-12-05T17:57:08.430+0000] {logging_mixin.py:154} INFO - [2023-12-05T17:57:08.429+0000] {dag.py:3722} INFO - Setting next_dagrun for example_xcom_args_with_operators to None, run_after=None
[2023-12-05T17:57:08.463+0000] {processor.py:179} INFO - Processing /usr/local/lib/python3.10/dist-packages/airflow/example_dags/example_xcomargs.py took 0.121 seconds
[2023-12-05T17:57:47.061+0000] {processor.py:157} INFO - Started process (PID=10918) to work on /usr/local/lib/python3.10/dist-packages/airflow/example_dags/example_xcomargs.py
[2023-12-05T17:57:47.062+0000] {processor.py:829} INFO - Processing file /usr/local/lib/python3.10/dist-packages/airflow/example_dags/example_xcomargs.py for tasks to queue
[2023-12-05T17:57:47.064+0000] {logging_mixin.py:154} INFO - [2023-12-05T17:57:47.063+0000] {dagbag.py:536} INFO - Filling up the DagBag from /usr/local/lib/python3.10/dist-packages/airflow/example_dags/example_xcomargs.py
[2023-12-05T17:57:47.074+0000] {processor.py:839} INFO - DAG(s) dict_keys(['example_xcom_args_with_operators', 'example_xcom_args']) retrieved from /usr/local/lib/python3.10/dist-packages/airflow/example_dags/example_xcomargs.py
[2023-12-05T17:57:47.098+0000] {logging_mixin.py:154} INFO - [2023-12-05T17:57:47.098+0000] {dag.py:2941} INFO - Sync 2 DAGs
[2023-12-05T17:57:47.112+0000] {logging_mixin.py:154} INFO - [2023-12-05T17:57:47.111+0000] {dag.py:3722} INFO - Setting next_dagrun for example_xcom_args to None, run_after=None
[2023-12-05T17:57:47.119+0000] {logging_mixin.py:154} INFO - [2023-12-05T17:57:47.119+0000] {dag.py:3722} INFO - Setting next_dagrun for example_xcom_args_with_operators to None, run_after=None
[2023-12-05T17:57:47.150+0000] {processor.py:179} INFO - Processing /usr/local/lib/python3.10/dist-packages/airflow/example_dags/example_xcomargs.py took 0.093 seconds
[2023-12-05T17:58:24.831+0000] {processor.py:157} INFO - Started process (PID=11025) to work on /usr/local/lib/python3.10/dist-packages/airflow/example_dags/example_xcomargs.py
[2023-12-05T17:58:24.833+0000] {processor.py:829} INFO - Processing file /usr/local/lib/python3.10/dist-packages/airflow/example_dags/example_xcomargs.py for tasks to queue
[2023-12-05T17:58:24.835+0000] {logging_mixin.py:154} INFO - [2023-12-05T17:58:24.834+0000] {dagbag.py:536} INFO - Filling up the DagBag from /usr/local/lib/python3.10/dist-packages/airflow/example_dags/example_xcomargs.py
[2023-12-05T17:58:24.845+0000] {processor.py:839} INFO - DAG(s) dict_keys(['example_xcom_args_with_operators', 'example_xcom_args']) retrieved from /usr/local/lib/python3.10/dist-packages/airflow/example_dags/example_xcomargs.py
[2023-12-05T17:58:24.870+0000] {logging_mixin.py:154} INFO - [2023-12-05T17:58:24.870+0000] {dag.py:2941} INFO - Sync 2 DAGs
[2023-12-05T17:58:24.889+0000] {logging_mixin.py:154} INFO - [2023-12-05T17:58:24.888+0000] {dag.py:3722} INFO - Setting next_dagrun for example_xcom_args to None, run_after=None
[2023-12-05T17:58:24.896+0000] {logging_mixin.py:154} INFO - [2023-12-05T17:58:24.896+0000] {dag.py:3722} INFO - Setting next_dagrun for example_xcom_args_with_operators to None, run_after=None
[2023-12-05T17:58:24.923+0000] {processor.py:179} INFO - Processing /usr/local/lib/python3.10/dist-packages/airflow/example_dags/example_xcomargs.py took 0.095 seconds
[2023-12-05T17:58:57.588+0000] {processor.py:157} INFO - Started process (PID=11064) to work on /usr/local/lib/python3.10/dist-packages/airflow/example_dags/example_xcomargs.py
[2023-12-05T17:58:57.590+0000] {processor.py:829} INFO - Processing file /usr/local/lib/python3.10/dist-packages/airflow/example_dags/example_xcomargs.py for tasks to queue
[2023-12-05T17:58:57.591+0000] {logging_mixin.py:154} INFO - [2023-12-05T17:58:57.591+0000] {dagbag.py:536} INFO - Filling up the DagBag from /usr/local/lib/python3.10/dist-packages/airflow/example_dags/example_xcomargs.py
[2023-12-05T17:58:57.602+0000] {processor.py:839} INFO - DAG(s) dict_keys(['example_xcom_args', 'example_xcom_args_with_operators']) retrieved from /usr/local/lib/python3.10/dist-packages/airflow/example_dags/example_xcomargs.py
[2023-12-05T17:58:57.621+0000] {logging_mixin.py:154} INFO - [2023-12-05T17:58:57.621+0000] {dag.py:2941} INFO - Sync 2 DAGs
[2023-12-05T17:58:57.635+0000] {logging_mixin.py:154} INFO - [2023-12-05T17:58:57.635+0000] {dag.py:3722} INFO - Setting next_dagrun for example_xcom_args to None, run_after=None
[2023-12-05T17:58:57.639+0000] {logging_mixin.py:154} INFO - [2023-12-05T17:58:57.638+0000] {dag.py:3722} INFO - Setting next_dagrun for example_xcom_args_with_operators to None, run_after=None
[2023-12-05T17:58:57.667+0000] {processor.py:179} INFO - Processing /usr/local/lib/python3.10/dist-packages/airflow/example_dags/example_xcomargs.py took 0.083 seconds
[2023-12-05T17:59:31.600+0000] {processor.py:157} INFO - Started process (PID=11168) to work on /usr/local/lib/python3.10/dist-packages/airflow/example_dags/example_xcomargs.py
[2023-12-05T17:59:31.600+0000] {processor.py:829} INFO - Processing file /usr/local/lib/python3.10/dist-packages/airflow/example_dags/example_xcomargs.py for tasks to queue
[2023-12-05T17:59:31.603+0000] {logging_mixin.py:154} INFO - [2023-12-05T17:59:31.603+0000] {dagbag.py:536} INFO - Filling up the DagBag from /usr/local/lib/python3.10/dist-packages/airflow/example_dags/example_xcomargs.py
[2023-12-05T17:59:31.614+0000] {processor.py:839} INFO - DAG(s) dict_keys(['example_xcom_args_with_operators', 'example_xcom_args']) retrieved from /usr/local/lib/python3.10/dist-packages/airflow/example_dags/example_xcomargs.py
[2023-12-05T17:59:31.643+0000] {logging_mixin.py:154} INFO - [2023-12-05T17:59:31.643+0000] {dag.py:2941} INFO - Sync 2 DAGs
[2023-12-05T17:59:31.657+0000] {logging_mixin.py:154} INFO - [2023-12-05T17:59:31.657+0000] {dag.py:3722} INFO - Setting next_dagrun for example_xcom_args to None, run_after=None
[2023-12-05T17:59:31.660+0000] {logging_mixin.py:154} INFO - [2023-12-05T17:59:31.660+0000] {dag.py:3722} INFO - Setting next_dagrun for example_xcom_args_with_operators to None, run_after=None
[2023-12-05T17:59:31.681+0000] {processor.py:179} INFO - Processing /usr/local/lib/python3.10/dist-packages/airflow/example_dags/example_xcomargs.py took 0.085 seconds
[2023-12-05T18:00:08.473+0000] {processor.py:157} INFO - Started process (PID=11265) to work on /usr/local/lib/python3.10/dist-packages/airflow/example_dags/example_xcomargs.py
[2023-12-05T18:00:08.474+0000] {processor.py:829} INFO - Processing file /usr/local/lib/python3.10/dist-packages/airflow/example_dags/example_xcomargs.py for tasks to queue
[2023-12-05T18:00:08.475+0000] {logging_mixin.py:154} INFO - [2023-12-05T18:00:08.475+0000] {dagbag.py:536} INFO - Filling up the DagBag from /usr/local/lib/python3.10/dist-packages/airflow/example_dags/example_xcomargs.py
[2023-12-05T18:00:08.485+0000] {processor.py:839} INFO - DAG(s) dict_keys(['example_xcom_args', 'example_xcom_args_with_operators']) retrieved from /usr/local/lib/python3.10/dist-packages/airflow/example_dags/example_xcomargs.py
[2023-12-05T18:00:08.505+0000] {logging_mixin.py:154} INFO - [2023-12-05T18:00:08.505+0000] {dag.py:2941} INFO - Sync 2 DAGs
[2023-12-05T18:00:08.516+0000] {logging_mixin.py:154} INFO - [2023-12-05T18:00:08.516+0000] {dag.py:3722} INFO - Setting next_dagrun for example_xcom_args to None, run_after=None
[2023-12-05T18:00:08.520+0000] {logging_mixin.py:154} INFO - [2023-12-05T18:00:08.519+0000] {dag.py:3722} INFO - Setting next_dagrun for example_xcom_args_with_operators to None, run_after=None
[2023-12-05T18:00:08.554+0000] {processor.py:179} INFO - Processing /usr/local/lib/python3.10/dist-packages/airflow/example_dags/example_xcomargs.py took 0.085 seconds
[2023-12-05T18:00:41.464+0000] {processor.py:157} INFO - Started process (PID=11306) to work on /usr/local/lib/python3.10/dist-packages/airflow/example_dags/example_xcomargs.py
[2023-12-05T18:00:41.465+0000] {processor.py:829} INFO - Processing file /usr/local/lib/python3.10/dist-packages/airflow/example_dags/example_xcomargs.py for tasks to queue
[2023-12-05T18:00:41.466+0000] {logging_mixin.py:154} INFO - [2023-12-05T18:00:41.466+0000] {dagbag.py:536} INFO - Filling up the DagBag from /usr/local/lib/python3.10/dist-packages/airflow/example_dags/example_xcomargs.py
[2023-12-05T18:00:41.478+0000] {processor.py:839} INFO - DAG(s) dict_keys(['example_xcom_args', 'example_xcom_args_with_operators']) retrieved from /usr/local/lib/python3.10/dist-packages/airflow/example_dags/example_xcomargs.py
[2023-12-05T18:00:41.517+0000] {logging_mixin.py:154} INFO - [2023-12-05T18:00:41.517+0000] {dag.py:2941} INFO - Sync 2 DAGs
[2023-12-05T18:00:41.535+0000] {logging_mixin.py:154} INFO - [2023-12-05T18:00:41.535+0000] {dag.py:3722} INFO - Setting next_dagrun for example_xcom_args to None, run_after=None
[2023-12-05T18:00:41.540+0000] {logging_mixin.py:154} INFO - [2023-12-05T18:00:41.539+0000] {dag.py:3722} INFO - Setting next_dagrun for example_xcom_args_with_operators to None, run_after=None
[2023-12-05T18:00:41.566+0000] {processor.py:179} INFO - Processing /usr/local/lib/python3.10/dist-packages/airflow/example_dags/example_xcomargs.py took 0.108 seconds
[2023-12-05T18:01:14.036+0000] {processor.py:157} INFO - Started process (PID=11462) to work on /usr/local/lib/python3.10/dist-packages/airflow/example_dags/example_xcomargs.py
[2023-12-05T18:01:14.038+0000] {processor.py:829} INFO - Processing file /usr/local/lib/python3.10/dist-packages/airflow/example_dags/example_xcomargs.py for tasks to queue
[2023-12-05T18:01:14.038+0000] {logging_mixin.py:154} INFO - [2023-12-05T18:01:14.038+0000] {dagbag.py:536} INFO - Filling up the DagBag from /usr/local/lib/python3.10/dist-packages/airflow/example_dags/example_xcomargs.py
[2023-12-05T18:01:14.048+0000] {processor.py:839} INFO - DAG(s) dict_keys(['example_xcom_args', 'example_xcom_args_with_operators']) retrieved from /usr/local/lib/python3.10/dist-packages/airflow/example_dags/example_xcomargs.py
[2023-12-05T18:01:14.074+0000] {logging_mixin.py:154} INFO - [2023-12-05T18:01:14.074+0000] {dag.py:2941} INFO - Sync 2 DAGs
[2023-12-05T18:01:14.089+0000] {logging_mixin.py:154} INFO - [2023-12-05T18:01:14.089+0000] {dag.py:3722} INFO - Setting next_dagrun for example_xcom_args to None, run_after=None
[2023-12-05T18:01:14.093+0000] {logging_mixin.py:154} INFO - [2023-12-05T18:01:14.093+0000] {dag.py:3722} INFO - Setting next_dagrun for example_xcom_args_with_operators to None, run_after=None
[2023-12-05T18:01:14.120+0000] {processor.py:179} INFO - Processing /usr/local/lib/python3.10/dist-packages/airflow/example_dags/example_xcomargs.py took 0.088 seconds
[2023-12-05T18:02:01.061+0000] {processor.py:157} INFO - Started process (PID=11519) to work on /usr/local/lib/python3.10/dist-packages/airflow/example_dags/example_xcomargs.py
[2023-12-05T18:02:01.063+0000] {processor.py:829} INFO - Processing file /usr/local/lib/python3.10/dist-packages/airflow/example_dags/example_xcomargs.py for tasks to queue
[2023-12-05T18:02:01.065+0000] {logging_mixin.py:154} INFO - [2023-12-05T18:02:01.064+0000] {dagbag.py:536} INFO - Filling up the DagBag from /usr/local/lib/python3.10/dist-packages/airflow/example_dags/example_xcomargs.py
[2023-12-05T18:02:01.083+0000] {processor.py:839} INFO - DAG(s) dict_keys(['example_xcom_args_with_operators', 'example_xcom_args']) retrieved from /usr/local/lib/python3.10/dist-packages/airflow/example_dags/example_xcomargs.py
[2023-12-05T18:02:01.106+0000] {logging_mixin.py:154} INFO - [2023-12-05T18:02:01.106+0000] {dag.py:2941} INFO - Sync 2 DAGs
[2023-12-05T18:02:01.119+0000] {logging_mixin.py:154} INFO - [2023-12-05T18:02:01.119+0000] {dag.py:3722} INFO - Setting next_dagrun for example_xcom_args to None, run_after=None
[2023-12-05T18:02:01.122+0000] {logging_mixin.py:154} INFO - [2023-12-05T18:02:01.122+0000] {dag.py:3722} INFO - Setting next_dagrun for example_xcom_args_with_operators to None, run_after=None
[2023-12-05T18:02:01.144+0000] {processor.py:179} INFO - Processing /usr/local/lib/python3.10/dist-packages/airflow/example_dags/example_xcomargs.py took 0.092 seconds
[2023-12-05T18:02:34.776+0000] {processor.py:157} INFO - Started process (PID=11616) to work on /usr/local/lib/python3.10/dist-packages/airflow/example_dags/example_xcomargs.py
[2023-12-05T18:02:34.777+0000] {processor.py:829} INFO - Processing file /usr/local/lib/python3.10/dist-packages/airflow/example_dags/example_xcomargs.py for tasks to queue
[2023-12-05T18:02:34.778+0000] {logging_mixin.py:154} INFO - [2023-12-05T18:02:34.777+0000] {dagbag.py:536} INFO - Filling up the DagBag from /usr/local/lib/python3.10/dist-packages/airflow/example_dags/example_xcomargs.py
[2023-12-05T18:02:34.789+0000] {processor.py:839} INFO - DAG(s) dict_keys(['example_xcom_args_with_operators', 'example_xcom_args']) retrieved from /usr/local/lib/python3.10/dist-packages/airflow/example_dags/example_xcomargs.py
[2023-12-05T18:02:34.809+0000] {logging_mixin.py:154} INFO - [2023-12-05T18:02:34.809+0000] {dag.py:2941} INFO - Sync 2 DAGs
[2023-12-05T18:02:34.821+0000] {logging_mixin.py:154} INFO - [2023-12-05T18:02:34.821+0000] {dag.py:3722} INFO - Setting next_dagrun for example_xcom_args to None, run_after=None
[2023-12-05T18:02:34.825+0000] {logging_mixin.py:154} INFO - [2023-12-05T18:02:34.825+0000] {dag.py:3722} INFO - Setting next_dagrun for example_xcom_args_with_operators to None, run_after=None
[2023-12-05T18:02:34.845+0000] {processor.py:179} INFO - Processing /usr/local/lib/python3.10/dist-packages/airflow/example_dags/example_xcomargs.py took 0.072 seconds
[2023-12-05T18:03:11.113+0000] {processor.py:157} INFO - Started process (PID=11720) to work on /usr/local/lib/python3.10/dist-packages/airflow/example_dags/example_xcomargs.py
[2023-12-05T18:03:11.114+0000] {processor.py:829} INFO - Processing file /usr/local/lib/python3.10/dist-packages/airflow/example_dags/example_xcomargs.py for tasks to queue
[2023-12-05T18:03:11.115+0000] {logging_mixin.py:154} INFO - [2023-12-05T18:03:11.115+0000] {dagbag.py:536} INFO - Filling up the DagBag from /usr/local/lib/python3.10/dist-packages/airflow/example_dags/example_xcomargs.py
[2023-12-05T18:03:11.125+0000] {processor.py:839} INFO - DAG(s) dict_keys(['example_xcom_args_with_operators', 'example_xcom_args']) retrieved from /usr/local/lib/python3.10/dist-packages/airflow/example_dags/example_xcomargs.py
[2023-12-05T18:03:11.151+0000] {logging_mixin.py:154} INFO - [2023-12-05T18:03:11.151+0000] {dag.py:2941} INFO - Sync 2 DAGs
[2023-12-05T18:03:11.164+0000] {logging_mixin.py:154} INFO - [2023-12-05T18:03:11.164+0000] {dag.py:3722} INFO - Setting next_dagrun for example_xcom_args to None, run_after=None
[2023-12-05T18:03:11.168+0000] {logging_mixin.py:154} INFO - [2023-12-05T18:03:11.168+0000] {dag.py:3722} INFO - Setting next_dagrun for example_xcom_args_with_operators to None, run_after=None
[2023-12-05T18:03:11.195+0000] {processor.py:179} INFO - Processing /usr/local/lib/python3.10/dist-packages/airflow/example_dags/example_xcomargs.py took 0.087 seconds
[2023-12-05T18:03:43.876+0000] {processor.py:157} INFO - Started process (PID=11756) to work on /usr/local/lib/python3.10/dist-packages/airflow/example_dags/example_xcomargs.py
[2023-12-05T18:03:43.877+0000] {processor.py:829} INFO - Processing file /usr/local/lib/python3.10/dist-packages/airflow/example_dags/example_xcomargs.py for tasks to queue
[2023-12-05T18:03:43.878+0000] {logging_mixin.py:154} INFO - [2023-12-05T18:03:43.878+0000] {dagbag.py:536} INFO - Filling up the DagBag from /usr/local/lib/python3.10/dist-packages/airflow/example_dags/example_xcomargs.py
[2023-12-05T18:03:43.889+0000] {processor.py:839} INFO - DAG(s) dict_keys(['example_xcom_args_with_operators', 'example_xcom_args']) retrieved from /usr/local/lib/python3.10/dist-packages/airflow/example_dags/example_xcomargs.py
[2023-12-05T18:03:43.915+0000] {logging_mixin.py:154} INFO - [2023-12-05T18:03:43.915+0000] {dag.py:2941} INFO - Sync 2 DAGs
[2023-12-05T18:03:43.930+0000] {logging_mixin.py:154} INFO - [2023-12-05T18:03:43.930+0000] {dag.py:3722} INFO - Setting next_dagrun for example_xcom_args to None, run_after=None
[2023-12-05T18:03:43.933+0000] {logging_mixin.py:154} INFO - [2023-12-05T18:03:43.933+0000] {dag.py:3722} INFO - Setting next_dagrun for example_xcom_args_with_operators to None, run_after=None
[2023-12-05T18:03:43.965+0000] {processor.py:179} INFO - Processing /usr/local/lib/python3.10/dist-packages/airflow/example_dags/example_xcomargs.py took 0.094 seconds
[2023-12-05T18:04:16.208+0000] {processor.py:157} INFO - Started process (PID=11855) to work on /usr/local/lib/python3.10/dist-packages/airflow/example_dags/example_xcomargs.py
[2023-12-05T18:04:16.209+0000] {processor.py:829} INFO - Processing file /usr/local/lib/python3.10/dist-packages/airflow/example_dags/example_xcomargs.py for tasks to queue
[2023-12-05T18:04:16.209+0000] {logging_mixin.py:154} INFO - [2023-12-05T18:04:16.209+0000] {dagbag.py:536} INFO - Filling up the DagBag from /usr/local/lib/python3.10/dist-packages/airflow/example_dags/example_xcomargs.py
[2023-12-05T18:04:16.217+0000] {processor.py:839} INFO - DAG(s) dict_keys(['example_xcom_args', 'example_xcom_args_with_operators']) retrieved from /usr/local/lib/python3.10/dist-packages/airflow/example_dags/example_xcomargs.py
[2023-12-05T18:04:16.236+0000] {logging_mixin.py:154} INFO - [2023-12-05T18:04:16.236+0000] {dag.py:2941} INFO - Sync 2 DAGs
[2023-12-05T18:04:16.247+0000] {logging_mixin.py:154} INFO - [2023-12-05T18:04:16.247+0000] {dag.py:3722} INFO - Setting next_dagrun for example_xcom_args to None, run_after=None
[2023-12-05T18:04:16.250+0000] {logging_mixin.py:154} INFO - [2023-12-05T18:04:16.250+0000] {dag.py:3722} INFO - Setting next_dagrun for example_xcom_args_with_operators to None, run_after=None
[2023-12-05T18:04:16.270+0000] {processor.py:179} INFO - Processing /usr/local/lib/python3.10/dist-packages/airflow/example_dags/example_xcomargs.py took 0.065 seconds
[2023-12-05T18:04:50.025+0000] {processor.py:157} INFO - Started process (PID=12164) to work on /usr/local/lib/python3.10/dist-packages/airflow/example_dags/example_xcomargs.py
[2023-12-05T18:04:50.026+0000] {processor.py:829} INFO - Processing file /usr/local/lib/python3.10/dist-packages/airflow/example_dags/example_xcomargs.py for tasks to queue
[2023-12-05T18:04:50.027+0000] {logging_mixin.py:154} INFO - [2023-12-05T18:04:50.026+0000] {dagbag.py:536} INFO - Filling up the DagBag from /usr/local/lib/python3.10/dist-packages/airflow/example_dags/example_xcomargs.py
[2023-12-05T18:04:50.037+0000] {processor.py:839} INFO - DAG(s) dict_keys(['example_xcom_args', 'example_xcom_args_with_operators']) retrieved from /usr/local/lib/python3.10/dist-packages/airflow/example_dags/example_xcomargs.py
[2023-12-05T18:04:50.056+0000] {logging_mixin.py:154} INFO - [2023-12-05T18:04:50.056+0000] {dag.py:2941} INFO - Sync 2 DAGs
[2023-12-05T18:04:50.068+0000] {logging_mixin.py:154} INFO - [2023-12-05T18:04:50.068+0000] {dag.py:3722} INFO - Setting next_dagrun for example_xcom_args to None, run_after=None
[2023-12-05T18:04:50.071+0000] {logging_mixin.py:154} INFO - [2023-12-05T18:04:50.071+0000] {dag.py:3722} INFO - Setting next_dagrun for example_xcom_args_with_operators to None, run_after=None
[2023-12-05T18:04:50.092+0000] {processor.py:179} INFO - Processing /usr/local/lib/python3.10/dist-packages/airflow/example_dags/example_xcomargs.py took 0.075 seconds
[2023-12-05T18:05:25.544+0000] {processor.py:157} INFO - Started process (PID=12448) to work on /usr/local/lib/python3.10/dist-packages/airflow/example_dags/example_xcomargs.py
[2023-12-05T18:05:25.545+0000] {processor.py:829} INFO - Processing file /usr/local/lib/python3.10/dist-packages/airflow/example_dags/example_xcomargs.py for tasks to queue
[2023-12-05T18:05:25.547+0000] {logging_mixin.py:154} INFO - [2023-12-05T18:05:25.546+0000] {dagbag.py:536} INFO - Filling up the DagBag from /usr/local/lib/python3.10/dist-packages/airflow/example_dags/example_xcomargs.py
[2023-12-05T18:05:25.557+0000] {processor.py:839} INFO - DAG(s) dict_keys(['example_xcom_args_with_operators', 'example_xcom_args']) retrieved from /usr/local/lib/python3.10/dist-packages/airflow/example_dags/example_xcomargs.py
[2023-12-05T18:05:25.576+0000] {logging_mixin.py:154} INFO - [2023-12-05T18:05:25.576+0000] {dag.py:2941} INFO - Sync 2 DAGs
[2023-12-05T18:05:25.589+0000] {logging_mixin.py:154} INFO - [2023-12-05T18:05:25.588+0000] {dag.py:3722} INFO - Setting next_dagrun for example_xcom_args to None, run_after=None
[2023-12-05T18:05:25.593+0000] {logging_mixin.py:154} INFO - [2023-12-05T18:05:25.593+0000] {dag.py:3722} INFO - Setting next_dagrun for example_xcom_args_with_operators to None, run_after=None
[2023-12-05T18:05:25.615+0000] {processor.py:179} INFO - Processing /usr/local/lib/python3.10/dist-packages/airflow/example_dags/example_xcomargs.py took 0.075 seconds
[2023-12-05T18:05:59.418+0000] {processor.py:157} INFO - Started process (PID=12602) to work on /usr/local/lib/python3.10/dist-packages/airflow/example_dags/example_xcomargs.py
[2023-12-05T18:05:59.420+0000] {processor.py:829} INFO - Processing file /usr/local/lib/python3.10/dist-packages/airflow/example_dags/example_xcomargs.py for tasks to queue
[2023-12-05T18:05:59.421+0000] {logging_mixin.py:154} INFO - [2023-12-05T18:05:59.420+0000] {dagbag.py:536} INFO - Filling up the DagBag from /usr/local/lib/python3.10/dist-packages/airflow/example_dags/example_xcomargs.py
[2023-12-05T18:05:59.440+0000] {processor.py:839} INFO - DAG(s) dict_keys(['example_xcom_args', 'example_xcom_args_with_operators']) retrieved from /usr/local/lib/python3.10/dist-packages/airflow/example_dags/example_xcomargs.py
[2023-12-05T18:05:59.474+0000] {logging_mixin.py:154} INFO - [2023-12-05T18:05:59.474+0000] {dag.py:2941} INFO - Sync 2 DAGs
[2023-12-05T18:05:59.487+0000] {logging_mixin.py:154} INFO - [2023-12-05T18:05:59.487+0000] {dag.py:3722} INFO - Setting next_dagrun for example_xcom_args to None, run_after=None
[2023-12-05T18:05:59.490+0000] {logging_mixin.py:154} INFO - [2023-12-05T18:05:59.490+0000] {dag.py:3722} INFO - Setting next_dagrun for example_xcom_args_with_operators to None, run_after=None
[2023-12-05T18:05:59.512+0000] {processor.py:179} INFO - Processing /usr/local/lib/python3.10/dist-packages/airflow/example_dags/example_xcomargs.py took 0.098 seconds
[2023-12-05T18:06:33.760+0000] {processor.py:157} INFO - Started process (PID=12765) to work on /usr/local/lib/python3.10/dist-packages/airflow/example_dags/example_xcomargs.py
[2023-12-05T18:06:33.762+0000] {processor.py:829} INFO - Processing file /usr/local/lib/python3.10/dist-packages/airflow/example_dags/example_xcomargs.py for tasks to queue
[2023-12-05T18:06:33.763+0000] {logging_mixin.py:154} INFO - [2023-12-05T18:06:33.763+0000] {dagbag.py:536} INFO - Filling up the DagBag from /usr/local/lib/python3.10/dist-packages/airflow/example_dags/example_xcomargs.py
[2023-12-05T18:06:33.775+0000] {processor.py:839} INFO - DAG(s) dict_keys(['example_xcom_args', 'example_xcom_args_with_operators']) retrieved from /usr/local/lib/python3.10/dist-packages/airflow/example_dags/example_xcomargs.py
[2023-12-05T18:06:33.797+0000] {logging_mixin.py:154} INFO - [2023-12-05T18:06:33.797+0000] {dag.py:2941} INFO - Sync 2 DAGs
[2023-12-05T18:06:33.816+0000] {logging_mixin.py:154} INFO - [2023-12-05T18:06:33.816+0000] {dag.py:3722} INFO - Setting next_dagrun for example_xcom_args to None, run_after=None
[2023-12-05T18:06:33.820+0000] {logging_mixin.py:154} INFO - [2023-12-05T18:06:33.820+0000] {dag.py:3722} INFO - Setting next_dagrun for example_xcom_args_with_operators to None, run_after=None
[2023-12-05T18:06:33.847+0000] {processor.py:179} INFO - Processing /usr/local/lib/python3.10/dist-packages/airflow/example_dags/example_xcomargs.py took 0.091 seconds
[2023-12-05T18:07:09.733+0000] {processor.py:157} INFO - Started process (PID=13046) to work on /usr/local/lib/python3.10/dist-packages/airflow/example_dags/example_xcomargs.py
[2023-12-05T18:07:09.743+0000] {processor.py:829} INFO - Processing file /usr/local/lib/python3.10/dist-packages/airflow/example_dags/example_xcomargs.py for tasks to queue
[2023-12-05T18:07:09.744+0000] {logging_mixin.py:154} INFO - [2023-12-05T18:07:09.743+0000] {dagbag.py:536} INFO - Filling up the DagBag from /usr/local/lib/python3.10/dist-packages/airflow/example_dags/example_xcomargs.py
[2023-12-05T18:07:09.762+0000] {processor.py:839} INFO - DAG(s) dict_keys(['example_xcom_args', 'example_xcom_args_with_operators']) retrieved from /usr/local/lib/python3.10/dist-packages/airflow/example_dags/example_xcomargs.py
[2023-12-05T18:07:09.791+0000] {logging_mixin.py:154} INFO - [2023-12-05T18:07:09.791+0000] {dag.py:2941} INFO - Sync 2 DAGs
[2023-12-05T18:07:09.820+0000] {logging_mixin.py:154} INFO - [2023-12-05T18:07:09.820+0000] {dag.py:3722} INFO - Setting next_dagrun for example_xcom_args to None, run_after=None
[2023-12-05T18:07:09.823+0000] {logging_mixin.py:154} INFO - [2023-12-05T18:07:09.823+0000] {dag.py:3722} INFO - Setting next_dagrun for example_xcom_args_with_operators to None, run_after=None
[2023-12-05T18:07:09.864+0000] {processor.py:179} INFO - Processing /usr/local/lib/python3.10/dist-packages/airflow/example_dags/example_xcomargs.py took 0.134 seconds
[2023-12-05T18:07:47.331+0000] {processor.py:157} INFO - Started process (PID=13090) to work on /usr/local/lib/python3.10/dist-packages/airflow/example_dags/example_xcomargs.py
[2023-12-05T18:07:47.333+0000] {processor.py:829} INFO - Processing file /usr/local/lib/python3.10/dist-packages/airflow/example_dags/example_xcomargs.py for tasks to queue
[2023-12-05T18:07:47.334+0000] {logging_mixin.py:154} INFO - [2023-12-05T18:07:47.333+0000] {dagbag.py:536} INFO - Filling up the DagBag from /usr/local/lib/python3.10/dist-packages/airflow/example_dags/example_xcomargs.py
[2023-12-05T18:07:47.344+0000] {processor.py:839} INFO - DAG(s) dict_keys(['example_xcom_args_with_operators', 'example_xcom_args']) retrieved from /usr/local/lib/python3.10/dist-packages/airflow/example_dags/example_xcomargs.py
[2023-12-05T18:07:47.363+0000] {logging_mixin.py:154} INFO - [2023-12-05T18:07:47.363+0000] {dag.py:2941} INFO - Sync 2 DAGs
[2023-12-05T18:07:47.383+0000] {logging_mixin.py:154} INFO - [2023-12-05T18:07:47.383+0000] {dag.py:3722} INFO - Setting next_dagrun for example_xcom_args to None, run_after=None
[2023-12-05T18:07:47.386+0000] {logging_mixin.py:154} INFO - [2023-12-05T18:07:47.386+0000] {dag.py:3722} INFO - Setting next_dagrun for example_xcom_args_with_operators to None, run_after=None
[2023-12-05T18:07:47.411+0000] {processor.py:179} INFO - Processing /usr/local/lib/python3.10/dist-packages/airflow/example_dags/example_xcomargs.py took 0.084 seconds
[2023-12-05T18:08:30.019+0000] {processor.py:157} INFO - Started process (PID=13201) to work on /usr/local/lib/python3.10/dist-packages/airflow/example_dags/example_xcomargs.py
[2023-12-05T18:08:30.020+0000] {processor.py:829} INFO - Processing file /usr/local/lib/python3.10/dist-packages/airflow/example_dags/example_xcomargs.py for tasks to queue
[2023-12-05T18:08:30.021+0000] {logging_mixin.py:154} INFO - [2023-12-05T18:08:30.021+0000] {dagbag.py:536} INFO - Filling up the DagBag from /usr/local/lib/python3.10/dist-packages/airflow/example_dags/example_xcomargs.py
[2023-12-05T18:08:30.031+0000] {processor.py:839} INFO - DAG(s) dict_keys(['example_xcom_args', 'example_xcom_args_with_operators']) retrieved from /usr/local/lib/python3.10/dist-packages/airflow/example_dags/example_xcomargs.py
[2023-12-05T18:08:30.057+0000] {logging_mixin.py:154} INFO - [2023-12-05T18:08:30.057+0000] {dag.py:2941} INFO - Sync 2 DAGs
[2023-12-05T18:08:30.071+0000] {logging_mixin.py:154} INFO - [2023-12-05T18:08:30.071+0000] {dag.py:3722} INFO - Setting next_dagrun for example_xcom_args to None, run_after=None
[2023-12-05T18:08:30.076+0000] {logging_mixin.py:154} INFO - [2023-12-05T18:08:30.075+0000] {dag.py:3722} INFO - Setting next_dagrun for example_xcom_args_with_operators to None, run_after=None
[2023-12-05T18:08:30.100+0000] {processor.py:179} INFO - Processing /usr/local/lib/python3.10/dist-packages/airflow/example_dags/example_xcomargs.py took 0.087 seconds
[2023-12-05T18:09:03.636+0000] {processor.py:157} INFO - Started process (PID=13546) to work on /usr/local/lib/python3.10/dist-packages/airflow/example_dags/example_xcomargs.py
[2023-12-05T18:09:03.638+0000] {processor.py:829} INFO - Processing file /usr/local/lib/python3.10/dist-packages/airflow/example_dags/example_xcomargs.py for tasks to queue
[2023-12-05T18:09:03.639+0000] {logging_mixin.py:154} INFO - [2023-12-05T18:09:03.639+0000] {dagbag.py:536} INFO - Filling up the DagBag from /usr/local/lib/python3.10/dist-packages/airflow/example_dags/example_xcomargs.py
[2023-12-05T18:09:03.649+0000] {processor.py:839} INFO - DAG(s) dict_keys(['example_xcom_args_with_operators', 'example_xcom_args']) retrieved from /usr/local/lib/python3.10/dist-packages/airflow/example_dags/example_xcomargs.py
[2023-12-05T18:09:03.672+0000] {logging_mixin.py:154} INFO - [2023-12-05T18:09:03.672+0000] {dag.py:2941} INFO - Sync 2 DAGs
[2023-12-05T18:09:03.683+0000] {logging_mixin.py:154} INFO - [2023-12-05T18:09:03.683+0000] {dag.py:3722} INFO - Setting next_dagrun for example_xcom_args to None, run_after=None
[2023-12-05T18:09:03.689+0000] {logging_mixin.py:154} INFO - [2023-12-05T18:09:03.688+0000] {dag.py:3722} INFO - Setting next_dagrun for example_xcom_args_with_operators to None, run_after=None
[2023-12-05T18:09:03.713+0000] {processor.py:179} INFO - Processing /usr/local/lib/python3.10/dist-packages/airflow/example_dags/example_xcomargs.py took 0.081 seconds
[2023-12-05T18:09:37.655+0000] {processor.py:157} INFO - Started process (PID=13644) to work on /usr/local/lib/python3.10/dist-packages/airflow/example_dags/example_xcomargs.py
[2023-12-05T18:09:37.656+0000] {processor.py:829} INFO - Processing file /usr/local/lib/python3.10/dist-packages/airflow/example_dags/example_xcomargs.py for tasks to queue
[2023-12-05T18:09:37.657+0000] {logging_mixin.py:154} INFO - [2023-12-05T18:09:37.657+0000] {dagbag.py:536} INFO - Filling up the DagBag from /usr/local/lib/python3.10/dist-packages/airflow/example_dags/example_xcomargs.py
[2023-12-05T18:09:37.669+0000] {processor.py:839} INFO - DAG(s) dict_keys(['example_xcom_args', 'example_xcom_args_with_operators']) retrieved from /usr/local/lib/python3.10/dist-packages/airflow/example_dags/example_xcomargs.py
[2023-12-05T18:09:37.718+0000] {logging_mixin.py:154} INFO - [2023-12-05T18:09:37.718+0000] {dag.py:2941} INFO - Sync 2 DAGs
[2023-12-05T18:09:37.739+0000] {logging_mixin.py:154} INFO - [2023-12-05T18:09:37.738+0000] {dag.py:3722} INFO - Setting next_dagrun for example_xcom_args to None, run_after=None
[2023-12-05T18:09:37.743+0000] {logging_mixin.py:154} INFO - [2023-12-05T18:09:37.743+0000] {dag.py:3722} INFO - Setting next_dagrun for example_xcom_args_with_operators to None, run_after=None
[2023-12-05T18:09:37.774+0000] {processor.py:179} INFO - Processing /usr/local/lib/python3.10/dist-packages/airflow/example_dags/example_xcomargs.py took 0.123 seconds
[2023-12-05T18:10:09.021+0000] {processor.py:157} INFO - Started process (PID=13742) to work on /usr/local/lib/python3.10/dist-packages/airflow/example_dags/example_xcomargs.py
[2023-12-05T18:10:09.021+0000] {processor.py:829} INFO - Processing file /usr/local/lib/python3.10/dist-packages/airflow/example_dags/example_xcomargs.py for tasks to queue
[2023-12-05T18:10:09.022+0000] {logging_mixin.py:154} INFO - [2023-12-05T18:10:09.022+0000] {dagbag.py:536} INFO - Filling up the DagBag from /usr/local/lib/python3.10/dist-packages/airflow/example_dags/example_xcomargs.py
[2023-12-05T18:10:09.036+0000] {processor.py:839} INFO - DAG(s) dict_keys(['example_xcom_args_with_operators', 'example_xcom_args']) retrieved from /usr/local/lib/python3.10/dist-packages/airflow/example_dags/example_xcomargs.py
[2023-12-05T18:10:09.060+0000] {logging_mixin.py:154} INFO - [2023-12-05T18:10:09.059+0000] {dag.py:2941} INFO - Sync 2 DAGs
[2023-12-05T18:10:09.074+0000] {logging_mixin.py:154} INFO - [2023-12-05T18:10:09.074+0000] {dag.py:3722} INFO - Setting next_dagrun for example_xcom_args to None, run_after=None
[2023-12-05T18:10:09.077+0000] {logging_mixin.py:154} INFO - [2023-12-05T18:10:09.077+0000] {dag.py:3722} INFO - Setting next_dagrun for example_xcom_args_with_operators to None, run_after=None
[2023-12-05T18:10:09.099+0000] {processor.py:179} INFO - Processing /usr/local/lib/python3.10/dist-packages/airflow/example_dags/example_xcomargs.py took 0.082 seconds
[2023-12-05T18:10:44.615+0000] {processor.py:157} INFO - Started process (PID=13962) to work on /usr/local/lib/python3.10/dist-packages/airflow/example_dags/example_xcomargs.py
[2023-12-05T18:10:44.617+0000] {processor.py:829} INFO - Processing file /usr/local/lib/python3.10/dist-packages/airflow/example_dags/example_xcomargs.py for tasks to queue
[2023-12-05T18:10:44.618+0000] {logging_mixin.py:154} INFO - [2023-12-05T18:10:44.618+0000] {dagbag.py:536} INFO - Filling up the DagBag from /usr/local/lib/python3.10/dist-packages/airflow/example_dags/example_xcomargs.py
[2023-12-05T18:10:44.628+0000] {processor.py:839} INFO - DAG(s) dict_keys(['example_xcom_args_with_operators', 'example_xcom_args']) retrieved from /usr/local/lib/python3.10/dist-packages/airflow/example_dags/example_xcomargs.py
[2023-12-05T18:10:44.649+0000] {logging_mixin.py:154} INFO - [2023-12-05T18:10:44.649+0000] {dag.py:2941} INFO - Sync 2 DAGs
[2023-12-05T18:10:44.692+0000] {logging_mixin.py:154} INFO - [2023-12-05T18:10:44.692+0000] {dag.py:3722} INFO - Setting next_dagrun for example_xcom_args to None, run_after=None
[2023-12-05T18:10:44.697+0000] {logging_mixin.py:154} INFO - [2023-12-05T18:10:44.696+0000] {dag.py:3722} INFO - Setting next_dagrun for example_xcom_args_with_operators to None, run_after=None
[2023-12-05T18:10:44.725+0000] {processor.py:179} INFO - Processing /usr/local/lib/python3.10/dist-packages/airflow/example_dags/example_xcomargs.py took 0.113 seconds
