[2023-12-05T17:46:31.988+0000] {processor.py:157} INFO - Started process (PID=9266) to work on /usr/local/lib/python3.10/dist-packages/airflow/example_dags/example_python_operator.py
[2023-12-05T17:46:31.990+0000] {processor.py:829} INFO - Processing file /usr/local/lib/python3.10/dist-packages/airflow/example_dags/example_python_operator.py for tasks to queue
[2023-12-05T17:46:31.994+0000] {logging_mixin.py:154} INFO - [2023-12-05T17:46:31.993+0000] {dagbag.py:536} INFO - Filling up the DagBag from /usr/local/lib/python3.10/dist-packages/airflow/example_dags/example_python_operator.py
[2023-12-05T17:46:32.019+0000] {logging_mixin.py:154} INFO - [2023-12-05T17:46:32.018+0000] {example_python_operator.py:86} WARNING - The virtalenv_python example task requires virtualenv, please install it.
[2023-12-05T17:46:32.021+0000] {processor.py:839} INFO - DAG(s) dict_keys(['example_python_operator']) retrieved from /usr/local/lib/python3.10/dist-packages/airflow/example_dags/example_python_operator.py
[2023-12-05T17:46:32.069+0000] {logging_mixin.py:154} INFO - [2023-12-05T17:46:32.069+0000] {dag.py:2941} INFO - Sync 1 DAGs
[2023-12-05T17:46:32.103+0000] {logging_mixin.py:154} INFO - [2023-12-05T17:46:32.103+0000] {dag.py:3722} INFO - Setting next_dagrun for example_python_operator to None, run_after=None
[2023-12-05T17:46:32.171+0000] {processor.py:179} INFO - Processing /usr/local/lib/python3.10/dist-packages/airflow/example_dags/example_python_operator.py took 0.197 seconds
[2023-12-05T17:47:21.332+0000] {processor.py:157} INFO - Started process (PID=9376) to work on /usr/local/lib/python3.10/dist-packages/airflow/example_dags/example_python_operator.py
[2023-12-05T17:47:21.333+0000] {processor.py:829} INFO - Processing file /usr/local/lib/python3.10/dist-packages/airflow/example_dags/example_python_operator.py for tasks to queue
[2023-12-05T17:47:21.334+0000] {logging_mixin.py:154} INFO - [2023-12-05T17:47:21.334+0000] {dagbag.py:536} INFO - Filling up the DagBag from /usr/local/lib/python3.10/dist-packages/airflow/example_dags/example_python_operator.py
[2023-12-05T17:47:21.348+0000] {logging_mixin.py:154} INFO - [2023-12-05T17:47:21.348+0000] {example_python_operator.py:86} WARNING - The virtalenv_python example task requires virtualenv, please install it.
[2023-12-05T17:47:21.349+0000] {processor.py:839} INFO - DAG(s) dict_keys(['example_python_operator']) retrieved from /usr/local/lib/python3.10/dist-packages/airflow/example_dags/example_python_operator.py
[2023-12-05T17:47:21.378+0000] {logging_mixin.py:154} INFO - [2023-12-05T17:47:21.378+0000] {dag.py:2941} INFO - Sync 1 DAGs
[2023-12-05T17:47:21.391+0000] {logging_mixin.py:154} INFO - [2023-12-05T17:47:21.390+0000] {dag.py:3722} INFO - Setting next_dagrun for example_python_operator to None, run_after=None
[2023-12-05T17:47:21.421+0000] {processor.py:179} INFO - Processing /usr/local/lib/python3.10/dist-packages/airflow/example_dags/example_python_operator.py took 0.094 seconds
[2023-12-05T17:48:15.770+0000] {processor.py:157} INFO - Started process (PID=9555) to work on /usr/local/lib/python3.10/dist-packages/airflow/example_dags/example_python_operator.py
[2023-12-05T17:48:15.772+0000] {processor.py:829} INFO - Processing file /usr/local/lib/python3.10/dist-packages/airflow/example_dags/example_python_operator.py for tasks to queue
[2023-12-05T17:48:15.773+0000] {logging_mixin.py:154} INFO - [2023-12-05T17:48:15.773+0000] {dagbag.py:536} INFO - Filling up the DagBag from /usr/local/lib/python3.10/dist-packages/airflow/example_dags/example_python_operator.py
[2023-12-05T17:48:15.787+0000] {logging_mixin.py:154} INFO - [2023-12-05T17:48:15.786+0000] {example_python_operator.py:86} WARNING - The virtalenv_python example task requires virtualenv, please install it.
[2023-12-05T17:48:15.787+0000] {processor.py:839} INFO - DAG(s) dict_keys(['example_python_operator']) retrieved from /usr/local/lib/python3.10/dist-packages/airflow/example_dags/example_python_operator.py
[2023-12-05T17:48:15.814+0000] {logging_mixin.py:154} INFO - [2023-12-05T17:48:15.814+0000] {dag.py:2941} INFO - Sync 1 DAGs
[2023-12-05T17:48:15.827+0000] {logging_mixin.py:154} INFO - [2023-12-05T17:48:15.827+0000] {dag.py:3722} INFO - Setting next_dagrun for example_python_operator to None, run_after=None
[2023-12-05T17:48:15.855+0000] {processor.py:179} INFO - Processing /usr/local/lib/python3.10/dist-packages/airflow/example_dags/example_python_operator.py took 0.089 seconds
[2023-12-05T17:49:10.528+0000] {processor.py:157} INFO - Started process (PID=9674) to work on /usr/local/lib/python3.10/dist-packages/airflow/example_dags/example_python_operator.py
[2023-12-05T17:49:10.530+0000] {processor.py:829} INFO - Processing file /usr/local/lib/python3.10/dist-packages/airflow/example_dags/example_python_operator.py for tasks to queue
[2023-12-05T17:49:10.531+0000] {logging_mixin.py:154} INFO - [2023-12-05T17:49:10.530+0000] {dagbag.py:536} INFO - Filling up the DagBag from /usr/local/lib/python3.10/dist-packages/airflow/example_dags/example_python_operator.py
[2023-12-05T17:49:10.540+0000] {logging_mixin.py:154} INFO - [2023-12-05T17:49:10.540+0000] {example_python_operator.py:86} WARNING - The virtalenv_python example task requires virtualenv, please install it.
[2023-12-05T17:49:10.540+0000] {processor.py:839} INFO - DAG(s) dict_keys(['example_python_operator']) retrieved from /usr/local/lib/python3.10/dist-packages/airflow/example_dags/example_python_operator.py
[2023-12-05T17:49:10.560+0000] {logging_mixin.py:154} INFO - [2023-12-05T17:49:10.560+0000] {dag.py:2941} INFO - Sync 1 DAGs
[2023-12-05T17:49:10.572+0000] {logging_mixin.py:154} INFO - [2023-12-05T17:49:10.572+0000] {dag.py:3722} INFO - Setting next_dagrun for example_python_operator to None, run_after=None
[2023-12-05T17:49:10.595+0000] {processor.py:179} INFO - Processing /usr/local/lib/python3.10/dist-packages/airflow/example_dags/example_python_operator.py took 0.072 seconds
[2023-12-05T17:50:04.006+0000] {processor.py:157} INFO - Started process (PID=9735) to work on /usr/local/lib/python3.10/dist-packages/airflow/example_dags/example_python_operator.py
[2023-12-05T17:50:04.008+0000] {processor.py:829} INFO - Processing file /usr/local/lib/python3.10/dist-packages/airflow/example_dags/example_python_operator.py for tasks to queue
[2023-12-05T17:50:04.009+0000] {logging_mixin.py:154} INFO - [2023-12-05T17:50:04.008+0000] {dagbag.py:536} INFO - Filling up the DagBag from /usr/local/lib/python3.10/dist-packages/airflow/example_dags/example_python_operator.py
[2023-12-05T17:50:04.025+0000] {logging_mixin.py:154} INFO - [2023-12-05T17:50:04.024+0000] {example_python_operator.py:86} WARNING - The virtalenv_python example task requires virtualenv, please install it.
[2023-12-05T17:50:04.025+0000] {processor.py:839} INFO - DAG(s) dict_keys(['example_python_operator']) retrieved from /usr/local/lib/python3.10/dist-packages/airflow/example_dags/example_python_operator.py
[2023-12-05T17:50:04.050+0000] {logging_mixin.py:154} INFO - [2023-12-05T17:50:04.049+0000] {dag.py:2941} INFO - Sync 1 DAGs
[2023-12-05T17:50:04.067+0000] {logging_mixin.py:154} INFO - [2023-12-05T17:50:04.067+0000] {dag.py:3722} INFO - Setting next_dagrun for example_python_operator to None, run_after=None
[2023-12-05T17:50:04.103+0000] {processor.py:179} INFO - Processing /usr/local/lib/python3.10/dist-packages/airflow/example_dags/example_python_operator.py took 0.105 seconds
[2023-12-05T17:50:56.738+0000] {processor.py:157} INFO - Started process (PID=9853) to work on /usr/local/lib/python3.10/dist-packages/airflow/example_dags/example_python_operator.py
[2023-12-05T17:50:56.740+0000] {processor.py:829} INFO - Processing file /usr/local/lib/python3.10/dist-packages/airflow/example_dags/example_python_operator.py for tasks to queue
[2023-12-05T17:50:56.741+0000] {logging_mixin.py:154} INFO - [2023-12-05T17:50:56.740+0000] {dagbag.py:536} INFO - Filling up the DagBag from /usr/local/lib/python3.10/dist-packages/airflow/example_dags/example_python_operator.py
[2023-12-05T17:50:56.751+0000] {logging_mixin.py:154} INFO - [2023-12-05T17:50:56.751+0000] {example_python_operator.py:86} WARNING - The virtalenv_python example task requires virtualenv, please install it.
[2023-12-05T17:50:56.751+0000] {processor.py:839} INFO - DAG(s) dict_keys(['example_python_operator']) retrieved from /usr/local/lib/python3.10/dist-packages/airflow/example_dags/example_python_operator.py
[2023-12-05T17:50:56.771+0000] {logging_mixin.py:154} INFO - [2023-12-05T17:50:56.771+0000] {dag.py:2941} INFO - Sync 1 DAGs
[2023-12-05T17:50:56.786+0000] {logging_mixin.py:154} INFO - [2023-12-05T17:50:56.785+0000] {dag.py:3722} INFO - Setting next_dagrun for example_python_operator to None, run_after=None
[2023-12-05T17:50:56.812+0000] {processor.py:179} INFO - Processing /usr/local/lib/python3.10/dist-packages/airflow/example_dags/example_python_operator.py took 0.078 seconds
[2023-12-05T17:51:49.926+0000] {processor.py:157} INFO - Started process (PID=10034) to work on /usr/local/lib/python3.10/dist-packages/airflow/example_dags/example_python_operator.py
[2023-12-05T17:51:49.928+0000] {processor.py:829} INFO - Processing file /usr/local/lib/python3.10/dist-packages/airflow/example_dags/example_python_operator.py for tasks to queue
[2023-12-05T17:51:49.929+0000] {logging_mixin.py:154} INFO - [2023-12-05T17:51:49.929+0000] {dagbag.py:536} INFO - Filling up the DagBag from /usr/local/lib/python3.10/dist-packages/airflow/example_dags/example_python_operator.py
[2023-12-05T17:51:49.938+0000] {logging_mixin.py:154} INFO - [2023-12-05T17:51:49.938+0000] {example_python_operator.py:86} WARNING - The virtalenv_python example task requires virtualenv, please install it.
[2023-12-05T17:51:49.939+0000] {processor.py:839} INFO - DAG(s) dict_keys(['example_python_operator']) retrieved from /usr/local/lib/python3.10/dist-packages/airflow/example_dags/example_python_operator.py
[2023-12-05T17:51:49.958+0000] {logging_mixin.py:154} INFO - [2023-12-05T17:51:49.957+0000] {dag.py:2941} INFO - Sync 1 DAGs
[2023-12-05T17:51:49.969+0000] {logging_mixin.py:154} INFO - [2023-12-05T17:51:49.969+0000] {dag.py:3722} INFO - Setting next_dagrun for example_python_operator to None, run_after=None
[2023-12-05T17:51:49.994+0000] {processor.py:179} INFO - Processing /usr/local/lib/python3.10/dist-packages/airflow/example_dags/example_python_operator.py took 0.071 seconds
[2023-12-05T17:52:38.576+0000] {processor.py:157} INFO - Started process (PID=10148) to work on /usr/local/lib/python3.10/dist-packages/airflow/example_dags/example_python_operator.py
[2023-12-05T17:52:38.578+0000] {processor.py:829} INFO - Processing file /usr/local/lib/python3.10/dist-packages/airflow/example_dags/example_python_operator.py for tasks to queue
[2023-12-05T17:52:38.580+0000] {logging_mixin.py:154} INFO - [2023-12-05T17:52:38.579+0000] {dagbag.py:536} INFO - Filling up the DagBag from /usr/local/lib/python3.10/dist-packages/airflow/example_dags/example_python_operator.py
[2023-12-05T17:52:38.591+0000] {logging_mixin.py:154} INFO - [2023-12-05T17:52:38.591+0000] {example_python_operator.py:86} WARNING - The virtalenv_python example task requires virtualenv, please install it.
[2023-12-05T17:52:38.591+0000] {processor.py:839} INFO - DAG(s) dict_keys(['example_python_operator']) retrieved from /usr/local/lib/python3.10/dist-packages/airflow/example_dags/example_python_operator.py
[2023-12-05T17:52:38.611+0000] {logging_mixin.py:154} INFO - [2023-12-05T17:52:38.610+0000] {dag.py:2941} INFO - Sync 1 DAGs
[2023-12-05T17:52:38.623+0000] {logging_mixin.py:154} INFO - [2023-12-05T17:52:38.623+0000] {dag.py:3722} INFO - Setting next_dagrun for example_python_operator to None, run_after=None
[2023-12-05T17:52:38.650+0000] {processor.py:179} INFO - Processing /usr/local/lib/python3.10/dist-packages/airflow/example_dags/example_python_operator.py took 0.076 seconds
[2023-12-05T17:53:31.467+0000] {processor.py:157} INFO - Started process (PID=10330) to work on /usr/local/lib/python3.10/dist-packages/airflow/example_dags/example_python_operator.py
[2023-12-05T17:53:31.468+0000] {processor.py:829} INFO - Processing file /usr/local/lib/python3.10/dist-packages/airflow/example_dags/example_python_operator.py for tasks to queue
[2023-12-05T17:53:31.471+0000] {logging_mixin.py:154} INFO - [2023-12-05T17:53:31.471+0000] {dagbag.py:536} INFO - Filling up the DagBag from /usr/local/lib/python3.10/dist-packages/airflow/example_dags/example_python_operator.py
[2023-12-05T17:53:31.481+0000] {logging_mixin.py:154} INFO - [2023-12-05T17:53:31.480+0000] {example_python_operator.py:86} WARNING - The virtalenv_python example task requires virtualenv, please install it.
[2023-12-05T17:53:31.481+0000] {processor.py:839} INFO - DAG(s) dict_keys(['example_python_operator']) retrieved from /usr/local/lib/python3.10/dist-packages/airflow/example_dags/example_python_operator.py
[2023-12-05T17:53:31.498+0000] {logging_mixin.py:154} INFO - [2023-12-05T17:53:31.498+0000] {dag.py:2941} INFO - Sync 1 DAGs
[2023-12-05T17:53:31.510+0000] {logging_mixin.py:154} INFO - [2023-12-05T17:53:31.510+0000] {dag.py:3722} INFO - Setting next_dagrun for example_python_operator to None, run_after=None
[2023-12-05T17:53:31.534+0000] {processor.py:179} INFO - Processing /usr/local/lib/python3.10/dist-packages/airflow/example_dags/example_python_operator.py took 0.070 seconds
[2023-12-05T17:54:19.481+0000] {processor.py:157} INFO - Started process (PID=10447) to work on /usr/local/lib/python3.10/dist-packages/airflow/example_dags/example_python_operator.py
[2023-12-05T17:54:19.482+0000] {processor.py:829} INFO - Processing file /usr/local/lib/python3.10/dist-packages/airflow/example_dags/example_python_operator.py for tasks to queue
[2023-12-05T17:54:19.483+0000] {logging_mixin.py:154} INFO - [2023-12-05T17:54:19.483+0000] {dagbag.py:536} INFO - Filling up the DagBag from /usr/local/lib/python3.10/dist-packages/airflow/example_dags/example_python_operator.py
[2023-12-05T17:54:19.492+0000] {logging_mixin.py:154} INFO - [2023-12-05T17:54:19.492+0000] {example_python_operator.py:86} WARNING - The virtalenv_python example task requires virtualenv, please install it.
[2023-12-05T17:54:19.492+0000] {processor.py:839} INFO - DAG(s) dict_keys(['example_python_operator']) retrieved from /usr/local/lib/python3.10/dist-packages/airflow/example_dags/example_python_operator.py
[2023-12-05T17:54:19.531+0000] {logging_mixin.py:154} INFO - [2023-12-05T17:54:19.531+0000] {dag.py:2941} INFO - Sync 1 DAGs
[2023-12-05T17:54:19.551+0000] {logging_mixin.py:154} INFO - [2023-12-05T17:54:19.550+0000] {dag.py:3722} INFO - Setting next_dagrun for example_python_operator to None, run_after=None
[2023-12-05T17:54:19.588+0000] {processor.py:179} INFO - Processing /usr/local/lib/python3.10/dist-packages/airflow/example_dags/example_python_operator.py took 0.110 seconds
[2023-12-05T17:55:13.693+0000] {processor.py:157} INFO - Started process (PID=10565) to work on /usr/local/lib/python3.10/dist-packages/airflow/example_dags/example_python_operator.py
[2023-12-05T17:55:13.695+0000] {processor.py:829} INFO - Processing file /usr/local/lib/python3.10/dist-packages/airflow/example_dags/example_python_operator.py for tasks to queue
[2023-12-05T17:55:13.696+0000] {logging_mixin.py:154} INFO - [2023-12-05T17:55:13.695+0000] {dagbag.py:536} INFO - Filling up the DagBag from /usr/local/lib/python3.10/dist-packages/airflow/example_dags/example_python_operator.py
[2023-12-05T17:55:13.709+0000] {logging_mixin.py:154} INFO - [2023-12-05T17:55:13.709+0000] {example_python_operator.py:86} WARNING - The virtalenv_python example task requires virtualenv, please install it.
[2023-12-05T17:55:13.710+0000] {processor.py:839} INFO - DAG(s) dict_keys(['example_python_operator']) retrieved from /usr/local/lib/python3.10/dist-packages/airflow/example_dags/example_python_operator.py
[2023-12-05T17:55:13.732+0000] {logging_mixin.py:154} INFO - [2023-12-05T17:55:13.732+0000] {dag.py:2941} INFO - Sync 1 DAGs
[2023-12-05T17:55:13.746+0000] {logging_mixin.py:154} INFO - [2023-12-05T17:55:13.746+0000] {dag.py:3722} INFO - Setting next_dagrun for example_python_operator to None, run_after=None
[2023-12-05T17:55:13.777+0000] {processor.py:179} INFO - Processing /usr/local/lib/python3.10/dist-packages/airflow/example_dags/example_python_operator.py took 0.088 seconds
[2023-12-05T17:56:05.232+0000] {processor.py:157} INFO - Started process (PID=10650) to work on /usr/local/lib/python3.10/dist-packages/airflow/example_dags/example_python_operator.py
[2023-12-05T17:56:05.234+0000] {processor.py:829} INFO - Processing file /usr/local/lib/python3.10/dist-packages/airflow/example_dags/example_python_operator.py for tasks to queue
[2023-12-05T17:56:05.235+0000] {logging_mixin.py:154} INFO - [2023-12-05T17:56:05.234+0000] {dagbag.py:536} INFO - Filling up the DagBag from /usr/local/lib/python3.10/dist-packages/airflow/example_dags/example_python_operator.py
[2023-12-05T17:56:05.245+0000] {logging_mixin.py:154} INFO - [2023-12-05T17:56:05.244+0000] {example_python_operator.py:86} WARNING - The virtalenv_python example task requires virtualenv, please install it.
[2023-12-05T17:56:05.245+0000] {processor.py:839} INFO - DAG(s) dict_keys(['example_python_operator']) retrieved from /usr/local/lib/python3.10/dist-packages/airflow/example_dags/example_python_operator.py
[2023-12-05T17:56:05.263+0000] {logging_mixin.py:154} INFO - [2023-12-05T17:56:05.263+0000] {dag.py:2941} INFO - Sync 1 DAGs
[2023-12-05T17:56:05.276+0000] {logging_mixin.py:154} INFO - [2023-12-05T17:56:05.275+0000] {dag.py:3722} INFO - Setting next_dagrun for example_python_operator to None, run_after=None
[2023-12-05T17:56:05.304+0000] {processor.py:179} INFO - Processing /usr/local/lib/python3.10/dist-packages/airflow/example_dags/example_python_operator.py took 0.076 seconds
[2023-12-05T17:56:56.966+0000] {processor.py:157} INFO - Started process (PID=10807) to work on /usr/local/lib/python3.10/dist-packages/airflow/example_dags/example_python_operator.py
[2023-12-05T17:56:56.967+0000] {processor.py:829} INFO - Processing file /usr/local/lib/python3.10/dist-packages/airflow/example_dags/example_python_operator.py for tasks to queue
[2023-12-05T17:56:56.968+0000] {logging_mixin.py:154} INFO - [2023-12-05T17:56:56.968+0000] {dagbag.py:536} INFO - Filling up the DagBag from /usr/local/lib/python3.10/dist-packages/airflow/example_dags/example_python_operator.py
[2023-12-05T17:56:56.977+0000] {logging_mixin.py:154} INFO - [2023-12-05T17:56:56.977+0000] {example_python_operator.py:86} WARNING - The virtalenv_python example task requires virtualenv, please install it.
[2023-12-05T17:56:56.978+0000] {processor.py:839} INFO - DAG(s) dict_keys(['example_python_operator']) retrieved from /usr/local/lib/python3.10/dist-packages/airflow/example_dags/example_python_operator.py
[2023-12-05T17:56:56.996+0000] {logging_mixin.py:154} INFO - [2023-12-05T17:56:56.996+0000] {dag.py:2941} INFO - Sync 1 DAGs
[2023-12-05T17:56:57.013+0000] {logging_mixin.py:154} INFO - [2023-12-05T17:56:57.012+0000] {dag.py:3722} INFO - Setting next_dagrun for example_python_operator to None, run_after=None
[2023-12-05T17:56:57.044+0000] {processor.py:179} INFO - Processing /usr/local/lib/python3.10/dist-packages/airflow/example_dags/example_python_operator.py took 0.081 seconds
[2023-12-05T17:57:54.647+0000] {processor.py:157} INFO - Started process (PID=10927) to work on /usr/local/lib/python3.10/dist-packages/airflow/example_dags/example_python_operator.py
[2023-12-05T17:57:54.648+0000] {processor.py:829} INFO - Processing file /usr/local/lib/python3.10/dist-packages/airflow/example_dags/example_python_operator.py for tasks to queue
[2023-12-05T17:57:54.649+0000] {logging_mixin.py:154} INFO - [2023-12-05T17:57:54.649+0000] {dagbag.py:536} INFO - Filling up the DagBag from /usr/local/lib/python3.10/dist-packages/airflow/example_dags/example_python_operator.py
[2023-12-05T17:57:54.659+0000] {logging_mixin.py:154} INFO - [2023-12-05T17:57:54.659+0000] {example_python_operator.py:86} WARNING - The virtalenv_python example task requires virtualenv, please install it.
[2023-12-05T17:57:54.660+0000] {processor.py:839} INFO - DAG(s) dict_keys(['example_python_operator']) retrieved from /usr/local/lib/python3.10/dist-packages/airflow/example_dags/example_python_operator.py
[2023-12-05T17:57:54.680+0000] {logging_mixin.py:154} INFO - [2023-12-05T17:57:54.680+0000] {dag.py:2941} INFO - Sync 1 DAGs
[2023-12-05T17:57:54.694+0000] {logging_mixin.py:154} INFO - [2023-12-05T17:57:54.694+0000] {dag.py:3722} INFO - Setting next_dagrun for example_python_operator to None, run_after=None
[2023-12-05T17:57:54.722+0000] {processor.py:179} INFO - Processing /usr/local/lib/python3.10/dist-packages/airflow/example_dags/example_python_operator.py took 0.079 seconds
[2023-12-05T17:58:46.841+0000] {processor.py:157} INFO - Started process (PID=11053) to work on /usr/local/lib/python3.10/dist-packages/airflow/example_dags/example_python_operator.py
[2023-12-05T17:58:46.843+0000] {processor.py:829} INFO - Processing file /usr/local/lib/python3.10/dist-packages/airflow/example_dags/example_python_operator.py for tasks to queue
[2023-12-05T17:58:46.843+0000] {logging_mixin.py:154} INFO - [2023-12-05T17:58:46.843+0000] {dagbag.py:536} INFO - Filling up the DagBag from /usr/local/lib/python3.10/dist-packages/airflow/example_dags/example_python_operator.py
[2023-12-05T17:58:46.853+0000] {logging_mixin.py:154} INFO - [2023-12-05T17:58:46.853+0000] {example_python_operator.py:86} WARNING - The virtalenv_python example task requires virtualenv, please install it.
[2023-12-05T17:58:46.854+0000] {processor.py:839} INFO - DAG(s) dict_keys(['example_python_operator']) retrieved from /usr/local/lib/python3.10/dist-packages/airflow/example_dags/example_python_operator.py
[2023-12-05T17:58:46.874+0000] {logging_mixin.py:154} INFO - [2023-12-05T17:58:46.874+0000] {dag.py:2941} INFO - Sync 1 DAGs
[2023-12-05T17:58:46.887+0000] {logging_mixin.py:154} INFO - [2023-12-05T17:58:46.887+0000] {dag.py:3722} INFO - Setting next_dagrun for example_python_operator to None, run_after=None
[2023-12-05T17:58:46.916+0000] {processor.py:179} INFO - Processing /usr/local/lib/python3.10/dist-packages/airflow/example_dags/example_python_operator.py took 0.078 seconds
[2023-12-05T17:59:38.696+0000] {processor.py:157} INFO - Started process (PID=11174) to work on /usr/local/lib/python3.10/dist-packages/airflow/example_dags/example_python_operator.py
[2023-12-05T17:59:38.699+0000] {processor.py:829} INFO - Processing file /usr/local/lib/python3.10/dist-packages/airflow/example_dags/example_python_operator.py for tasks to queue
[2023-12-05T17:59:38.700+0000] {logging_mixin.py:154} INFO - [2023-12-05T17:59:38.700+0000] {dagbag.py:536} INFO - Filling up the DagBag from /usr/local/lib/python3.10/dist-packages/airflow/example_dags/example_python_operator.py
[2023-12-05T17:59:38.709+0000] {logging_mixin.py:154} INFO - [2023-12-05T17:59:38.709+0000] {example_python_operator.py:86} WARNING - The virtalenv_python example task requires virtualenv, please install it.
[2023-12-05T17:59:38.710+0000] {processor.py:839} INFO - DAG(s) dict_keys(['example_python_operator']) retrieved from /usr/local/lib/python3.10/dist-packages/airflow/example_dags/example_python_operator.py
[2023-12-05T17:59:38.728+0000] {logging_mixin.py:154} INFO - [2023-12-05T17:59:38.728+0000] {dag.py:2941} INFO - Sync 1 DAGs
[2023-12-05T17:59:38.739+0000] {logging_mixin.py:154} INFO - [2023-12-05T17:59:38.739+0000] {dag.py:3722} INFO - Setting next_dagrun for example_python_operator to None, run_after=None
[2023-12-05T17:59:38.763+0000] {processor.py:179} INFO - Processing /usr/local/lib/python3.10/dist-packages/airflow/example_dags/example_python_operator.py took 0.072 seconds
[2023-12-05T18:00:30.160+0000] {processor.py:157} INFO - Started process (PID=11293) to work on /usr/local/lib/python3.10/dist-packages/airflow/example_dags/example_python_operator.py
[2023-12-05T18:00:30.161+0000] {processor.py:829} INFO - Processing file /usr/local/lib/python3.10/dist-packages/airflow/example_dags/example_python_operator.py for tasks to queue
[2023-12-05T18:00:30.162+0000] {logging_mixin.py:154} INFO - [2023-12-05T18:00:30.162+0000] {dagbag.py:536} INFO - Filling up the DagBag from /usr/local/lib/python3.10/dist-packages/airflow/example_dags/example_python_operator.py
[2023-12-05T18:00:30.173+0000] {logging_mixin.py:154} INFO - [2023-12-05T18:00:30.173+0000] {example_python_operator.py:86} WARNING - The virtalenv_python example task requires virtualenv, please install it.
[2023-12-05T18:00:30.173+0000] {processor.py:839} INFO - DAG(s) dict_keys(['example_python_operator']) retrieved from /usr/local/lib/python3.10/dist-packages/airflow/example_dags/example_python_operator.py
[2023-12-05T18:00:30.193+0000] {logging_mixin.py:154} INFO - [2023-12-05T18:00:30.193+0000] {dag.py:2941} INFO - Sync 1 DAGs
[2023-12-05T18:00:30.207+0000] {logging_mixin.py:154} INFO - [2023-12-05T18:00:30.207+0000] {dag.py:3722} INFO - Setting next_dagrun for example_python_operator to None, run_after=None
[2023-12-05T18:00:30.245+0000] {processor.py:179} INFO - Processing /usr/local/lib/python3.10/dist-packages/airflow/example_dags/example_python_operator.py took 0.089 seconds
[2023-12-05T18:01:17.902+0000] {processor.py:157} INFO - Started process (PID=11466) to work on /usr/local/lib/python3.10/dist-packages/airflow/example_dags/example_python_operator.py
[2023-12-05T18:01:17.904+0000] {processor.py:829} INFO - Processing file /usr/local/lib/python3.10/dist-packages/airflow/example_dags/example_python_operator.py for tasks to queue
[2023-12-05T18:01:17.905+0000] {logging_mixin.py:154} INFO - [2023-12-05T18:01:17.904+0000] {dagbag.py:536} INFO - Filling up the DagBag from /usr/local/lib/python3.10/dist-packages/airflow/example_dags/example_python_operator.py
[2023-12-05T18:01:17.918+0000] {logging_mixin.py:154} INFO - [2023-12-05T18:01:17.918+0000] {example_python_operator.py:86} WARNING - The virtalenv_python example task requires virtualenv, please install it.
[2023-12-05T18:01:17.919+0000] {processor.py:839} INFO - DAG(s) dict_keys(['example_python_operator']) retrieved from /usr/local/lib/python3.10/dist-packages/airflow/example_dags/example_python_operator.py
[2023-12-05T18:01:17.940+0000] {logging_mixin.py:154} INFO - [2023-12-05T18:01:17.940+0000] {dag.py:2941} INFO - Sync 1 DAGs
[2023-12-05T18:01:17.953+0000] {logging_mixin.py:154} INFO - [2023-12-05T18:01:17.953+0000] {dag.py:3722} INFO - Setting next_dagrun for example_python_operator to None, run_after=None
[2023-12-05T18:01:17.977+0000] {processor.py:179} INFO - Processing /usr/local/lib/python3.10/dist-packages/airflow/example_dags/example_python_operator.py took 0.079 seconds
[2023-12-05T18:02:05.651+0000] {processor.py:157} INFO - Started process (PID=11550) to work on /usr/local/lib/python3.10/dist-packages/airflow/example_dags/example_python_operator.py
[2023-12-05T18:02:05.652+0000] {processor.py:829} INFO - Processing file /usr/local/lib/python3.10/dist-packages/airflow/example_dags/example_python_operator.py for tasks to queue
[2023-12-05T18:02:05.653+0000] {logging_mixin.py:154} INFO - [2023-12-05T18:02:05.653+0000] {dagbag.py:536} INFO - Filling up the DagBag from /usr/local/lib/python3.10/dist-packages/airflow/example_dags/example_python_operator.py
[2023-12-05T18:02:05.662+0000] {logging_mixin.py:154} INFO - [2023-12-05T18:02:05.662+0000] {example_python_operator.py:86} WARNING - The virtalenv_python example task requires virtualenv, please install it.
[2023-12-05T18:02:05.662+0000] {processor.py:839} INFO - DAG(s) dict_keys(['example_python_operator']) retrieved from /usr/local/lib/python3.10/dist-packages/airflow/example_dags/example_python_operator.py
[2023-12-05T18:02:05.680+0000] {logging_mixin.py:154} INFO - [2023-12-05T18:02:05.680+0000] {dag.py:2941} INFO - Sync 1 DAGs
[2023-12-05T18:02:05.698+0000] {logging_mixin.py:154} INFO - [2023-12-05T18:02:05.697+0000] {dag.py:3722} INFO - Setting next_dagrun for example_python_operator to None, run_after=None
[2023-12-05T18:02:05.726+0000] {processor.py:179} INFO - Processing /usr/local/lib/python3.10/dist-packages/airflow/example_dags/example_python_operator.py took 0.078 seconds
[2023-12-05T18:02:59.849+0000] {processor.py:157} INFO - Started process (PID=11645) to work on /usr/local/lib/python3.10/dist-packages/airflow/example_dags/example_python_operator.py
[2023-12-05T18:02:59.850+0000] {processor.py:829} INFO - Processing file /usr/local/lib/python3.10/dist-packages/airflow/example_dags/example_python_operator.py for tasks to queue
[2023-12-05T18:02:59.852+0000] {logging_mixin.py:154} INFO - [2023-12-05T18:02:59.851+0000] {dagbag.py:536} INFO - Filling up the DagBag from /usr/local/lib/python3.10/dist-packages/airflow/example_dags/example_python_operator.py
[2023-12-05T18:02:59.865+0000] {logging_mixin.py:154} INFO - [2023-12-05T18:02:59.864+0000] {example_python_operator.py:86} WARNING - The virtalenv_python example task requires virtualenv, please install it.
[2023-12-05T18:02:59.866+0000] {processor.py:839} INFO - DAG(s) dict_keys(['example_python_operator']) retrieved from /usr/local/lib/python3.10/dist-packages/airflow/example_dags/example_python_operator.py
[2023-12-05T18:02:59.886+0000] {logging_mixin.py:154} INFO - [2023-12-05T18:02:59.886+0000] {dag.py:2941} INFO - Sync 1 DAGs
[2023-12-05T18:02:59.903+0000] {logging_mixin.py:154} INFO - [2023-12-05T18:02:59.903+0000] {dag.py:3722} INFO - Setting next_dagrun for example_python_operator to None, run_after=None
[2023-12-05T18:02:59.930+0000] {processor.py:179} INFO - Processing /usr/local/lib/python3.10/dist-packages/airflow/example_dags/example_python_operator.py took 0.086 seconds
[2023-12-05T18:03:49.041+0000] {processor.py:157} INFO - Started process (PID=11762) to work on /usr/local/lib/python3.10/dist-packages/airflow/example_dags/example_python_operator.py
[2023-12-05T18:03:49.043+0000] {processor.py:829} INFO - Processing file /usr/local/lib/python3.10/dist-packages/airflow/example_dags/example_python_operator.py for tasks to queue
[2023-12-05T18:03:49.044+0000] {logging_mixin.py:154} INFO - [2023-12-05T18:03:49.043+0000] {dagbag.py:536} INFO - Filling up the DagBag from /usr/local/lib/python3.10/dist-packages/airflow/example_dags/example_python_operator.py
[2023-12-05T18:03:49.059+0000] {logging_mixin.py:154} INFO - [2023-12-05T18:03:49.059+0000] {example_python_operator.py:86} WARNING - The virtalenv_python example task requires virtualenv, please install it.
[2023-12-05T18:03:49.060+0000] {processor.py:839} INFO - DAG(s) dict_keys(['example_python_operator']) retrieved from /usr/local/lib/python3.10/dist-packages/airflow/example_dags/example_python_operator.py
[2023-12-05T18:03:49.081+0000] {logging_mixin.py:154} INFO - [2023-12-05T18:03:49.080+0000] {dag.py:2941} INFO - Sync 1 DAGs
[2023-12-05T18:03:49.093+0000] {logging_mixin.py:154} INFO - [2023-12-05T18:03:49.093+0000] {dag.py:3722} INFO - Setting next_dagrun for example_python_operator to None, run_after=None
[2023-12-05T18:03:49.120+0000] {processor.py:179} INFO - Processing /usr/local/lib/python3.10/dist-packages/airflow/example_dags/example_python_operator.py took 0.085 seconds
[2023-12-05T18:04:38.415+0000] {processor.py:157} INFO - Started process (PID=11881) to work on /usr/local/lib/python3.10/dist-packages/airflow/example_dags/example_python_operator.py
[2023-12-05T18:04:38.417+0000] {processor.py:829} INFO - Processing file /usr/local/lib/python3.10/dist-packages/airflow/example_dags/example_python_operator.py for tasks to queue
[2023-12-05T18:04:38.417+0000] {logging_mixin.py:154} INFO - [2023-12-05T18:04:38.417+0000] {dagbag.py:536} INFO - Filling up the DagBag from /usr/local/lib/python3.10/dist-packages/airflow/example_dags/example_python_operator.py
[2023-12-05T18:04:38.428+0000] {logging_mixin.py:154} INFO - [2023-12-05T18:04:38.427+0000] {example_python_operator.py:86} WARNING - The virtalenv_python example task requires virtualenv, please install it.
[2023-12-05T18:04:38.428+0000] {processor.py:839} INFO - DAG(s) dict_keys(['example_python_operator']) retrieved from /usr/local/lib/python3.10/dist-packages/airflow/example_dags/example_python_operator.py
[2023-12-05T18:04:38.447+0000] {logging_mixin.py:154} INFO - [2023-12-05T18:04:38.447+0000] {dag.py:2941} INFO - Sync 1 DAGs
[2023-12-05T18:04:38.458+0000] {logging_mixin.py:154} INFO - [2023-12-05T18:04:38.458+0000] {dag.py:3722} INFO - Setting next_dagrun for example_python_operator to None, run_after=None
[2023-12-05T18:04:38.484+0000] {processor.py:179} INFO - Processing /usr/local/lib/python3.10/dist-packages/airflow/example_dags/example_python_operator.py took 0.072 seconds
[2023-12-05T18:05:30.994+0000] {processor.py:157} INFO - Started process (PID=12454) to work on /usr/local/lib/python3.10/dist-packages/airflow/example_dags/example_python_operator.py
[2023-12-05T18:05:30.995+0000] {processor.py:829} INFO - Processing file /usr/local/lib/python3.10/dist-packages/airflow/example_dags/example_python_operator.py for tasks to queue
[2023-12-05T18:05:30.996+0000] {logging_mixin.py:154} INFO - [2023-12-05T18:05:30.996+0000] {dagbag.py:536} INFO - Filling up the DagBag from /usr/local/lib/python3.10/dist-packages/airflow/example_dags/example_python_operator.py
[2023-12-05T18:05:31.005+0000] {logging_mixin.py:154} INFO - [2023-12-05T18:05:31.004+0000] {example_python_operator.py:86} WARNING - The virtalenv_python example task requires virtualenv, please install it.
[2023-12-05T18:05:31.005+0000] {processor.py:839} INFO - DAG(s) dict_keys(['example_python_operator']) retrieved from /usr/local/lib/python3.10/dist-packages/airflow/example_dags/example_python_operator.py
[2023-12-05T18:05:31.021+0000] {logging_mixin.py:154} INFO - [2023-12-05T18:05:31.021+0000] {dag.py:2941} INFO - Sync 1 DAGs
[2023-12-05T18:05:31.033+0000] {logging_mixin.py:154} INFO - [2023-12-05T18:05:31.033+0000] {dag.py:3722} INFO - Setting next_dagrun for example_python_operator to None, run_after=None
[2023-12-05T18:05:31.055+0000] {processor.py:179} INFO - Processing /usr/local/lib/python3.10/dist-packages/airflow/example_dags/example_python_operator.py took 0.064 seconds
[2023-12-05T18:06:21.723+0000] {processor.py:157} INFO - Started process (PID=12747) to work on /usr/local/lib/python3.10/dist-packages/airflow/example_dags/example_python_operator.py
[2023-12-05T18:06:21.724+0000] {processor.py:829} INFO - Processing file /usr/local/lib/python3.10/dist-packages/airflow/example_dags/example_python_operator.py for tasks to queue
[2023-12-05T18:06:21.725+0000] {logging_mixin.py:154} INFO - [2023-12-05T18:06:21.725+0000] {dagbag.py:536} INFO - Filling up the DagBag from /usr/local/lib/python3.10/dist-packages/airflow/example_dags/example_python_operator.py
[2023-12-05T18:06:21.734+0000] {logging_mixin.py:154} INFO - [2023-12-05T18:06:21.734+0000] {example_python_operator.py:86} WARNING - The virtalenv_python example task requires virtualenv, please install it.
[2023-12-05T18:06:21.735+0000] {processor.py:839} INFO - DAG(s) dict_keys(['example_python_operator']) retrieved from /usr/local/lib/python3.10/dist-packages/airflow/example_dags/example_python_operator.py
[2023-12-05T18:06:21.752+0000] {logging_mixin.py:154} INFO - [2023-12-05T18:06:21.752+0000] {dag.py:2941} INFO - Sync 1 DAGs
[2023-12-05T18:06:21.764+0000] {logging_mixin.py:154} INFO - [2023-12-05T18:06:21.764+0000] {dag.py:3722} INFO - Setting next_dagrun for example_python_operator to None, run_after=None
[2023-12-05T18:06:21.793+0000] {processor.py:179} INFO - Processing /usr/local/lib/python3.10/dist-packages/airflow/example_dags/example_python_operator.py took 0.073 seconds
[2023-12-05T18:07:17.159+0000] {processor.py:157} INFO - Started process (PID=13053) to work on /usr/local/lib/python3.10/dist-packages/airflow/example_dags/example_python_operator.py
[2023-12-05T18:07:17.161+0000] {processor.py:829} INFO - Processing file /usr/local/lib/python3.10/dist-packages/airflow/example_dags/example_python_operator.py for tasks to queue
[2023-12-05T18:07:17.162+0000] {logging_mixin.py:154} INFO - [2023-12-05T18:07:17.161+0000] {dagbag.py:536} INFO - Filling up the DagBag from /usr/local/lib/python3.10/dist-packages/airflow/example_dags/example_python_operator.py
[2023-12-05T18:07:17.170+0000] {logging_mixin.py:154} INFO - [2023-12-05T18:07:17.170+0000] {example_python_operator.py:86} WARNING - The virtalenv_python example task requires virtualenv, please install it.
[2023-12-05T18:07:17.171+0000] {processor.py:839} INFO - DAG(s) dict_keys(['example_python_operator']) retrieved from /usr/local/lib/python3.10/dist-packages/airflow/example_dags/example_python_operator.py
[2023-12-05T18:07:17.195+0000] {logging_mixin.py:154} INFO - [2023-12-05T18:07:17.195+0000] {dag.py:2941} INFO - Sync 1 DAGs
[2023-12-05T18:07:17.208+0000] {logging_mixin.py:154} INFO - [2023-12-05T18:07:17.208+0000] {dag.py:3722} INFO - Setting next_dagrun for example_python_operator to None, run_after=None
[2023-12-05T18:07:17.233+0000] {processor.py:179} INFO - Processing /usr/local/lib/python3.10/dist-packages/airflow/example_dags/example_python_operator.py took 0.077 seconds
[2023-12-05T18:08:07.306+0000] {processor.py:157} INFO - Started process (PID=13177) to work on /usr/local/lib/python3.10/dist-packages/airflow/example_dags/example_python_operator.py
[2023-12-05T18:08:07.307+0000] {processor.py:829} INFO - Processing file /usr/local/lib/python3.10/dist-packages/airflow/example_dags/example_python_operator.py for tasks to queue
[2023-12-05T18:08:07.309+0000] {logging_mixin.py:154} INFO - [2023-12-05T18:08:07.308+0000] {dagbag.py:536} INFO - Filling up the DagBag from /usr/local/lib/python3.10/dist-packages/airflow/example_dags/example_python_operator.py
[2023-12-05T18:08:07.319+0000] {logging_mixin.py:154} INFO - [2023-12-05T18:08:07.319+0000] {example_python_operator.py:86} WARNING - The virtalenv_python example task requires virtualenv, please install it.
[2023-12-05T18:08:07.319+0000] {processor.py:839} INFO - DAG(s) dict_keys(['example_python_operator']) retrieved from /usr/local/lib/python3.10/dist-packages/airflow/example_dags/example_python_operator.py
[2023-12-05T18:08:07.338+0000] {logging_mixin.py:154} INFO - [2023-12-05T18:08:07.337+0000] {dag.py:2941} INFO - Sync 1 DAGs
[2023-12-05T18:08:07.348+0000] {logging_mixin.py:154} INFO - [2023-12-05T18:08:07.348+0000] {dag.py:3722} INFO - Setting next_dagrun for example_python_operator to None, run_after=None
[2023-12-05T18:08:07.369+0000] {processor.py:179} INFO - Processing /usr/local/lib/python3.10/dist-packages/airflow/example_dags/example_python_operator.py took 0.066 seconds
[2023-12-05T18:08:53.230+0000] {processor.py:157} INFO - Started process (PID=13469) to work on /usr/local/lib/python3.10/dist-packages/airflow/example_dags/example_python_operator.py
[2023-12-05T18:08:53.232+0000] {processor.py:829} INFO - Processing file /usr/local/lib/python3.10/dist-packages/airflow/example_dags/example_python_operator.py for tasks to queue
[2023-12-05T18:08:53.233+0000] {logging_mixin.py:154} INFO - [2023-12-05T18:08:53.233+0000] {dagbag.py:536} INFO - Filling up the DagBag from /usr/local/lib/python3.10/dist-packages/airflow/example_dags/example_python_operator.py
[2023-12-05T18:08:53.244+0000] {logging_mixin.py:154} INFO - [2023-12-05T18:08:53.243+0000] {example_python_operator.py:86} WARNING - The virtalenv_python example task requires virtualenv, please install it.
[2023-12-05T18:08:53.244+0000] {processor.py:839} INFO - DAG(s) dict_keys(['example_python_operator']) retrieved from /usr/local/lib/python3.10/dist-packages/airflow/example_dags/example_python_operator.py
[2023-12-05T18:08:53.272+0000] {logging_mixin.py:154} INFO - [2023-12-05T18:08:53.272+0000] {dag.py:2941} INFO - Sync 1 DAGs
[2023-12-05T18:08:53.292+0000] {logging_mixin.py:154} INFO - [2023-12-05T18:08:53.292+0000] {dag.py:3722} INFO - Setting next_dagrun for example_python_operator to None, run_after=None
[2023-12-05T18:08:53.337+0000] {processor.py:179} INFO - Processing /usr/local/lib/python3.10/dist-packages/airflow/example_dags/example_python_operator.py took 0.110 seconds
[2023-12-05T18:09:44.093+0000] {processor.py:157} INFO - Started process (PID=13653) to work on /usr/local/lib/python3.10/dist-packages/airflow/example_dags/example_python_operator.py
[2023-12-05T18:09:44.096+0000] {processor.py:829} INFO - Processing file /usr/local/lib/python3.10/dist-packages/airflow/example_dags/example_python_operator.py for tasks to queue
[2023-12-05T18:09:44.097+0000] {logging_mixin.py:154} INFO - [2023-12-05T18:09:44.097+0000] {dagbag.py:536} INFO - Filling up the DagBag from /usr/local/lib/python3.10/dist-packages/airflow/example_dags/example_python_operator.py
[2023-12-05T18:09:44.113+0000] {logging_mixin.py:154} INFO - [2023-12-05T18:09:44.113+0000] {example_python_operator.py:86} WARNING - The virtalenv_python example task requires virtualenv, please install it.
[2023-12-05T18:09:44.114+0000] {processor.py:839} INFO - DAG(s) dict_keys(['example_python_operator']) retrieved from /usr/local/lib/python3.10/dist-packages/airflow/example_dags/example_python_operator.py
[2023-12-05T18:09:44.135+0000] {logging_mixin.py:154} INFO - [2023-12-05T18:09:44.135+0000] {dag.py:2941} INFO - Sync 1 DAGs
[2023-12-05T18:09:44.151+0000] {logging_mixin.py:154} INFO - [2023-12-05T18:09:44.151+0000] {dag.py:3722} INFO - Setting next_dagrun for example_python_operator to None, run_after=None
[2023-12-05T18:09:44.183+0000] {processor.py:179} INFO - Processing /usr/local/lib/python3.10/dist-packages/airflow/example_dags/example_python_operator.py took 0.100 seconds
[2023-12-05T18:10:33.182+0000] {processor.py:157} INFO - Started process (PID=13828) to work on /usr/local/lib/python3.10/dist-packages/airflow/example_dags/example_python_operator.py
[2023-12-05T18:10:33.184+0000] {processor.py:829} INFO - Processing file /usr/local/lib/python3.10/dist-packages/airflow/example_dags/example_python_operator.py for tasks to queue
[2023-12-05T18:10:33.185+0000] {logging_mixin.py:154} INFO - [2023-12-05T18:10:33.185+0000] {dagbag.py:536} INFO - Filling up the DagBag from /usr/local/lib/python3.10/dist-packages/airflow/example_dags/example_python_operator.py
[2023-12-05T18:10:33.196+0000] {logging_mixin.py:154} INFO - [2023-12-05T18:10:33.196+0000] {example_python_operator.py:86} WARNING - The virtalenv_python example task requires virtualenv, please install it.
[2023-12-05T18:10:33.197+0000] {processor.py:839} INFO - DAG(s) dict_keys(['example_python_operator']) retrieved from /usr/local/lib/python3.10/dist-packages/airflow/example_dags/example_python_operator.py
[2023-12-05T18:10:33.217+0000] {logging_mixin.py:154} INFO - [2023-12-05T18:10:33.217+0000] {dag.py:2941} INFO - Sync 1 DAGs
[2023-12-05T18:10:33.232+0000] {logging_mixin.py:154} INFO - [2023-12-05T18:10:33.231+0000] {dag.py:3722} INFO - Setting next_dagrun for example_python_operator to None, run_after=None
[2023-12-05T18:10:33.267+0000] {processor.py:179} INFO - Processing /usr/local/lib/python3.10/dist-packages/airflow/example_dags/example_python_operator.py took 0.098 seconds
