[2023-12-05T17:46:38.400+0000] {processor.py:157} INFO - Started process (PID=9272) to work on /usr/local/lib/python3.10/dist-packages/airflow/example_dags/example_branch_day_of_week_operator.py
[2023-12-05T17:46:38.401+0000] {processor.py:829} INFO - Processing file /usr/local/lib/python3.10/dist-packages/airflow/example_dags/example_branch_day_of_week_operator.py for tasks to queue
[2023-12-05T17:46:38.402+0000] {logging_mixin.py:154} INFO - [2023-12-05T17:46:38.401+0000] {dagbag.py:536} INFO - Filling up the DagBag from /usr/local/lib/python3.10/dist-packages/airflow/example_dags/example_branch_day_of_week_operator.py
[2023-12-05T17:46:38.424+0000] {processor.py:839} INFO - DAG(s) dict_keys(['example_weekday_branch_operator']) retrieved from /usr/local/lib/python3.10/dist-packages/airflow/example_dags/example_branch_day_of_week_operator.py
[2023-12-05T17:46:38.468+0000] {logging_mixin.py:154} INFO - [2023-12-05T17:46:38.467+0000] {dag.py:2941} INFO - Sync 1 DAGs
[2023-12-05T17:46:38.503+0000] {logging_mixin.py:154} INFO - [2023-12-05T17:46:38.502+0000] {dag.py:3722} INFO - Setting next_dagrun for example_weekday_branch_operator to 2023-12-04T00:00:00+00:00, run_after=2023-12-05T00:00:00+00:00
[2023-12-05T17:46:38.527+0000] {processor.py:179} INFO - Processing /usr/local/lib/python3.10/dist-packages/airflow/example_dags/example_branch_day_of_week_operator.py took 0.130 seconds
[2023-12-05T17:47:27.643+0000] {processor.py:157} INFO - Started process (PID=9384) to work on /usr/local/lib/python3.10/dist-packages/airflow/example_dags/example_branch_day_of_week_operator.py
[2023-12-05T17:47:27.644+0000] {processor.py:829} INFO - Processing file /usr/local/lib/python3.10/dist-packages/airflow/example_dags/example_branch_day_of_week_operator.py for tasks to queue
[2023-12-05T17:47:27.645+0000] {logging_mixin.py:154} INFO - [2023-12-05T17:47:27.645+0000] {dagbag.py:536} INFO - Filling up the DagBag from /usr/local/lib/python3.10/dist-packages/airflow/example_dags/example_branch_day_of_week_operator.py
[2023-12-05T17:47:27.654+0000] {processor.py:839} INFO - DAG(s) dict_keys(['example_weekday_branch_operator']) retrieved from /usr/local/lib/python3.10/dist-packages/airflow/example_dags/example_branch_day_of_week_operator.py
[2023-12-05T17:47:27.673+0000] {logging_mixin.py:154} INFO - [2023-12-05T17:47:27.673+0000] {dag.py:2941} INFO - Sync 1 DAGs
[2023-12-05T17:47:27.695+0000] {logging_mixin.py:154} INFO - [2023-12-05T17:47:27.694+0000] {dag.py:3722} INFO - Setting next_dagrun for example_weekday_branch_operator to 2023-12-04T00:00:00+00:00, run_after=2023-12-05T00:00:00+00:00
[2023-12-05T17:47:27.728+0000] {processor.py:179} INFO - Processing /usr/local/lib/python3.10/dist-packages/airflow/example_dags/example_branch_day_of_week_operator.py took 0.088 seconds
[2023-12-05T17:48:21.737+0000] {processor.py:157} INFO - Started process (PID=9562) to work on /usr/local/lib/python3.10/dist-packages/airflow/example_dags/example_branch_day_of_week_operator.py
[2023-12-05T17:48:21.739+0000] {processor.py:829} INFO - Processing file /usr/local/lib/python3.10/dist-packages/airflow/example_dags/example_branch_day_of_week_operator.py for tasks to queue
[2023-12-05T17:48:21.740+0000] {logging_mixin.py:154} INFO - [2023-12-05T17:48:21.739+0000] {dagbag.py:536} INFO - Filling up the DagBag from /usr/local/lib/python3.10/dist-packages/airflow/example_dags/example_branch_day_of_week_operator.py
[2023-12-05T17:48:21.760+0000] {processor.py:839} INFO - DAG(s) dict_keys(['example_weekday_branch_operator']) retrieved from /usr/local/lib/python3.10/dist-packages/airflow/example_dags/example_branch_day_of_week_operator.py
[2023-12-05T17:48:21.796+0000] {logging_mixin.py:154} INFO - [2023-12-05T17:48:21.796+0000] {dag.py:2941} INFO - Sync 1 DAGs
[2023-12-05T17:48:21.826+0000] {logging_mixin.py:154} INFO - [2023-12-05T17:48:21.825+0000] {dag.py:3722} INFO - Setting next_dagrun for example_weekday_branch_operator to 2023-12-04T00:00:00+00:00, run_after=2023-12-05T00:00:00+00:00
[2023-12-05T17:48:21.854+0000] {processor.py:179} INFO - Processing /usr/local/lib/python3.10/dist-packages/airflow/example_dags/example_branch_day_of_week_operator.py took 0.131 seconds
[2023-12-05T17:49:16.881+0000] {processor.py:157} INFO - Started process (PID=9682) to work on /usr/local/lib/python3.10/dist-packages/airflow/example_dags/example_branch_day_of_week_operator.py
[2023-12-05T17:49:16.883+0000] {processor.py:829} INFO - Processing file /usr/local/lib/python3.10/dist-packages/airflow/example_dags/example_branch_day_of_week_operator.py for tasks to queue
[2023-12-05T17:49:16.884+0000] {logging_mixin.py:154} INFO - [2023-12-05T17:49:16.883+0000] {dagbag.py:536} INFO - Filling up the DagBag from /usr/local/lib/python3.10/dist-packages/airflow/example_dags/example_branch_day_of_week_operator.py
[2023-12-05T17:49:16.899+0000] {processor.py:839} INFO - DAG(s) dict_keys(['example_weekday_branch_operator']) retrieved from /usr/local/lib/python3.10/dist-packages/airflow/example_dags/example_branch_day_of_week_operator.py
[2023-12-05T17:49:16.925+0000] {logging_mixin.py:154} INFO - [2023-12-05T17:49:16.925+0000] {dag.py:2941} INFO - Sync 1 DAGs
[2023-12-05T17:49:16.949+0000] {logging_mixin.py:154} INFO - [2023-12-05T17:49:16.949+0000] {dag.py:3722} INFO - Setting next_dagrun for example_weekday_branch_operator to 2023-12-04T00:00:00+00:00, run_after=2023-12-05T00:00:00+00:00
[2023-12-05T17:49:16.978+0000] {processor.py:179} INFO - Processing /usr/local/lib/python3.10/dist-packages/airflow/example_dags/example_branch_day_of_week_operator.py took 0.105 seconds
[2023-12-05T17:50:09.454+0000] {processor.py:157} INFO - Started process (PID=9803) to work on /usr/local/lib/python3.10/dist-packages/airflow/example_dags/example_branch_day_of_week_operator.py
[2023-12-05T17:50:09.455+0000] {processor.py:829} INFO - Processing file /usr/local/lib/python3.10/dist-packages/airflow/example_dags/example_branch_day_of_week_operator.py for tasks to queue
[2023-12-05T17:50:09.457+0000] {logging_mixin.py:154} INFO - [2023-12-05T17:50:09.457+0000] {dagbag.py:536} INFO - Filling up the DagBag from /usr/local/lib/python3.10/dist-packages/airflow/example_dags/example_branch_day_of_week_operator.py
[2023-12-05T17:50:09.470+0000] {processor.py:839} INFO - DAG(s) dict_keys(['example_weekday_branch_operator']) retrieved from /usr/local/lib/python3.10/dist-packages/airflow/example_dags/example_branch_day_of_week_operator.py
[2023-12-05T17:50:09.499+0000] {logging_mixin.py:154} INFO - [2023-12-05T17:50:09.498+0000] {dag.py:2941} INFO - Sync 1 DAGs
[2023-12-05T17:50:09.530+0000] {logging_mixin.py:154} INFO - [2023-12-05T17:50:09.530+0000] {dag.py:3722} INFO - Setting next_dagrun for example_weekday_branch_operator to 2023-12-04T00:00:00+00:00, run_after=2023-12-05T00:00:00+00:00
[2023-12-05T17:50:09.568+0000] {processor.py:179} INFO - Processing /usr/local/lib/python3.10/dist-packages/airflow/example_dags/example_branch_day_of_week_operator.py took 0.117 seconds
[2023-12-05T17:51:03.302+0000] {processor.py:157} INFO - Started process (PID=9860) to work on /usr/local/lib/python3.10/dist-packages/airflow/example_dags/example_branch_day_of_week_operator.py
[2023-12-05T17:51:03.303+0000] {processor.py:829} INFO - Processing file /usr/local/lib/python3.10/dist-packages/airflow/example_dags/example_branch_day_of_week_operator.py for tasks to queue
[2023-12-05T17:51:03.304+0000] {logging_mixin.py:154} INFO - [2023-12-05T17:51:03.304+0000] {dagbag.py:536} INFO - Filling up the DagBag from /usr/local/lib/python3.10/dist-packages/airflow/example_dags/example_branch_day_of_week_operator.py
[2023-12-05T17:51:03.312+0000] {processor.py:839} INFO - DAG(s) dict_keys(['example_weekday_branch_operator']) retrieved from /usr/local/lib/python3.10/dist-packages/airflow/example_dags/example_branch_day_of_week_operator.py
[2023-12-05T17:51:03.329+0000] {logging_mixin.py:154} INFO - [2023-12-05T17:51:03.329+0000] {dag.py:2941} INFO - Sync 1 DAGs
[2023-12-05T17:51:03.350+0000] {logging_mixin.py:154} INFO - [2023-12-05T17:51:03.350+0000] {dag.py:3722} INFO - Setting next_dagrun for example_weekday_branch_operator to 2023-12-04T00:00:00+00:00, run_after=2023-12-05T00:00:00+00:00
[2023-12-05T17:51:03.373+0000] {processor.py:179} INFO - Processing /usr/local/lib/python3.10/dist-packages/airflow/example_dags/example_branch_day_of_week_operator.py took 0.075 seconds
[2023-12-05T17:51:56.473+0000] {processor.py:157} INFO - Started process (PID=10040) to work on /usr/local/lib/python3.10/dist-packages/airflow/example_dags/example_branch_day_of_week_operator.py
[2023-12-05T17:51:56.476+0000] {processor.py:829} INFO - Processing file /usr/local/lib/python3.10/dist-packages/airflow/example_dags/example_branch_day_of_week_operator.py for tasks to queue
[2023-12-05T17:51:56.480+0000] {logging_mixin.py:154} INFO - [2023-12-05T17:51:56.477+0000] {dagbag.py:536} INFO - Filling up the DagBag from /usr/local/lib/python3.10/dist-packages/airflow/example_dags/example_branch_day_of_week_operator.py
[2023-12-05T17:51:56.497+0000] {processor.py:839} INFO - DAG(s) dict_keys(['example_weekday_branch_operator']) retrieved from /usr/local/lib/python3.10/dist-packages/airflow/example_dags/example_branch_day_of_week_operator.py
[2023-12-05T17:51:56.541+0000] {logging_mixin.py:154} INFO - [2023-12-05T17:51:56.540+0000] {dag.py:2941} INFO - Sync 1 DAGs
[2023-12-05T17:51:56.586+0000] {logging_mixin.py:154} INFO - [2023-12-05T17:51:56.585+0000] {dag.py:3722} INFO - Setting next_dagrun for example_weekday_branch_operator to 2023-12-04T00:00:00+00:00, run_after=2023-12-05T00:00:00+00:00
[2023-12-05T17:51:56.611+0000] {processor.py:179} INFO - Processing /usr/local/lib/python3.10/dist-packages/airflow/example_dags/example_branch_day_of_week_operator.py took 0.149 seconds
[2023-12-05T17:52:45.881+0000] {processor.py:157} INFO - Started process (PID=10155) to work on /usr/local/lib/python3.10/dist-packages/airflow/example_dags/example_branch_day_of_week_operator.py
[2023-12-05T17:52:45.883+0000] {processor.py:829} INFO - Processing file /usr/local/lib/python3.10/dist-packages/airflow/example_dags/example_branch_day_of_week_operator.py for tasks to queue
[2023-12-05T17:52:45.884+0000] {logging_mixin.py:154} INFO - [2023-12-05T17:52:45.884+0000] {dagbag.py:536} INFO - Filling up the DagBag from /usr/local/lib/python3.10/dist-packages/airflow/example_dags/example_branch_day_of_week_operator.py
[2023-12-05T17:52:45.894+0000] {processor.py:839} INFO - DAG(s) dict_keys(['example_weekday_branch_operator']) retrieved from /usr/local/lib/python3.10/dist-packages/airflow/example_dags/example_branch_day_of_week_operator.py
[2023-12-05T17:52:45.912+0000] {logging_mixin.py:154} INFO - [2023-12-05T17:52:45.911+0000] {dag.py:2941} INFO - Sync 1 DAGs
[2023-12-05T17:52:45.931+0000] {logging_mixin.py:154} INFO - [2023-12-05T17:52:45.931+0000] {dag.py:3722} INFO - Setting next_dagrun for example_weekday_branch_operator to 2023-12-04T00:00:00+00:00, run_after=2023-12-05T00:00:00+00:00
[2023-12-05T17:52:45.954+0000] {processor.py:179} INFO - Processing /usr/local/lib/python3.10/dist-packages/airflow/example_dags/example_branch_day_of_week_operator.py took 0.077 seconds
[2023-12-05T17:53:37.872+0000] {processor.py:157} INFO - Started process (PID=10336) to work on /usr/local/lib/python3.10/dist-packages/airflow/example_dags/example_branch_day_of_week_operator.py
[2023-12-05T17:53:37.875+0000] {processor.py:829} INFO - Processing file /usr/local/lib/python3.10/dist-packages/airflow/example_dags/example_branch_day_of_week_operator.py for tasks to queue
[2023-12-05T17:53:37.877+0000] {logging_mixin.py:154} INFO - [2023-12-05T17:53:37.877+0000] {dagbag.py:536} INFO - Filling up the DagBag from /usr/local/lib/python3.10/dist-packages/airflow/example_dags/example_branch_day_of_week_operator.py
[2023-12-05T17:53:37.895+0000] {processor.py:839} INFO - DAG(s) dict_keys(['example_weekday_branch_operator']) retrieved from /usr/local/lib/python3.10/dist-packages/airflow/example_dags/example_branch_day_of_week_operator.py
[2023-12-05T17:53:37.918+0000] {logging_mixin.py:154} INFO - [2023-12-05T17:53:37.917+0000] {dag.py:2941} INFO - Sync 1 DAGs
[2023-12-05T17:53:37.945+0000] {logging_mixin.py:154} INFO - [2023-12-05T17:53:37.944+0000] {dag.py:3722} INFO - Setting next_dagrun for example_weekday_branch_operator to 2023-12-04T00:00:00+00:00, run_after=2023-12-05T00:00:00+00:00
[2023-12-05T17:53:37.969+0000] {processor.py:179} INFO - Processing /usr/local/lib/python3.10/dist-packages/airflow/example_dags/example_branch_day_of_week_operator.py took 0.104 seconds
[2023-12-05T17:54:26.095+0000] {processor.py:157} INFO - Started process (PID=10455) to work on /usr/local/lib/python3.10/dist-packages/airflow/example_dags/example_branch_day_of_week_operator.py
[2023-12-05T17:54:26.098+0000] {processor.py:829} INFO - Processing file /usr/local/lib/python3.10/dist-packages/airflow/example_dags/example_branch_day_of_week_operator.py for tasks to queue
[2023-12-05T17:54:26.099+0000] {logging_mixin.py:154} INFO - [2023-12-05T17:54:26.099+0000] {dagbag.py:536} INFO - Filling up the DagBag from /usr/local/lib/python3.10/dist-packages/airflow/example_dags/example_branch_day_of_week_operator.py
[2023-12-05T17:54:26.110+0000] {processor.py:839} INFO - DAG(s) dict_keys(['example_weekday_branch_operator']) retrieved from /usr/local/lib/python3.10/dist-packages/airflow/example_dags/example_branch_day_of_week_operator.py
[2023-12-05T17:54:26.139+0000] {logging_mixin.py:154} INFO - [2023-12-05T17:54:26.139+0000] {dag.py:2941} INFO - Sync 1 DAGs
[2023-12-05T17:54:26.168+0000] {logging_mixin.py:154} INFO - [2023-12-05T17:54:26.168+0000] {dag.py:3722} INFO - Setting next_dagrun for example_weekday_branch_operator to 2023-12-04T00:00:00+00:00, run_after=2023-12-05T00:00:00+00:00
[2023-12-05T17:54:26.195+0000] {processor.py:179} INFO - Processing /usr/local/lib/python3.10/dist-packages/airflow/example_dags/example_branch_day_of_week_operator.py took 0.111 seconds
[2023-12-05T17:55:19.955+0000] {processor.py:157} INFO - Started process (PID=10571) to work on /usr/local/lib/python3.10/dist-packages/airflow/example_dags/example_branch_day_of_week_operator.py
[2023-12-05T17:55:19.957+0000] {processor.py:829} INFO - Processing file /usr/local/lib/python3.10/dist-packages/airflow/example_dags/example_branch_day_of_week_operator.py for tasks to queue
[2023-12-05T17:55:19.958+0000] {logging_mixin.py:154} INFO - [2023-12-05T17:55:19.957+0000] {dagbag.py:536} INFO - Filling up the DagBag from /usr/local/lib/python3.10/dist-packages/airflow/example_dags/example_branch_day_of_week_operator.py
[2023-12-05T17:55:19.966+0000] {processor.py:839} INFO - DAG(s) dict_keys(['example_weekday_branch_operator']) retrieved from /usr/local/lib/python3.10/dist-packages/airflow/example_dags/example_branch_day_of_week_operator.py
[2023-12-05T17:55:19.995+0000] {logging_mixin.py:154} INFO - [2023-12-05T17:55:19.993+0000] {dag.py:2941} INFO - Sync 1 DAGs
[2023-12-05T17:55:20.051+0000] {logging_mixin.py:154} INFO - [2023-12-05T17:55:20.051+0000] {dag.py:3722} INFO - Setting next_dagrun for example_weekday_branch_operator to 2023-12-04T00:00:00+00:00, run_after=2023-12-05T00:00:00+00:00
[2023-12-05T17:55:20.081+0000] {processor.py:179} INFO - Processing /usr/local/lib/python3.10/dist-packages/airflow/example_dags/example_branch_day_of_week_operator.py took 0.130 seconds
[2023-12-05T17:56:11.085+0000] {processor.py:157} INFO - Started process (PID=10751) to work on /usr/local/lib/python3.10/dist-packages/airflow/example_dags/example_branch_day_of_week_operator.py
[2023-12-05T17:56:11.086+0000] {processor.py:829} INFO - Processing file /usr/local/lib/python3.10/dist-packages/airflow/example_dags/example_branch_day_of_week_operator.py for tasks to queue
[2023-12-05T17:56:11.087+0000] {logging_mixin.py:154} INFO - [2023-12-05T17:56:11.087+0000] {dagbag.py:536} INFO - Filling up the DagBag from /usr/local/lib/python3.10/dist-packages/airflow/example_dags/example_branch_day_of_week_operator.py
[2023-12-05T17:56:11.095+0000] {processor.py:839} INFO - DAG(s) dict_keys(['example_weekday_branch_operator']) retrieved from /usr/local/lib/python3.10/dist-packages/airflow/example_dags/example_branch_day_of_week_operator.py
[2023-12-05T17:56:11.113+0000] {logging_mixin.py:154} INFO - [2023-12-05T17:56:11.113+0000] {dag.py:2941} INFO - Sync 1 DAGs
[2023-12-05T17:56:11.134+0000] {logging_mixin.py:154} INFO - [2023-12-05T17:56:11.134+0000] {dag.py:3722} INFO - Setting next_dagrun for example_weekday_branch_operator to 2023-12-04T00:00:00+00:00, run_after=2023-12-05T00:00:00+00:00
[2023-12-05T17:56:11.157+0000] {processor.py:179} INFO - Processing /usr/local/lib/python3.10/dist-packages/airflow/example_dags/example_branch_day_of_week_operator.py took 0.076 seconds
[2023-12-05T17:57:03.069+0000] {processor.py:157} INFO - Started process (PID=10813) to work on /usr/local/lib/python3.10/dist-packages/airflow/example_dags/example_branch_day_of_week_operator.py
[2023-12-05T17:57:03.076+0000] {processor.py:829} INFO - Processing file /usr/local/lib/python3.10/dist-packages/airflow/example_dags/example_branch_day_of_week_operator.py for tasks to queue
[2023-12-05T17:57:03.081+0000] {logging_mixin.py:154} INFO - [2023-12-05T17:57:03.080+0000] {dagbag.py:536} INFO - Filling up the DagBag from /usr/local/lib/python3.10/dist-packages/airflow/example_dags/example_branch_day_of_week_operator.py
[2023-12-05T17:57:03.101+0000] {processor.py:839} INFO - DAG(s) dict_keys(['example_weekday_branch_operator']) retrieved from /usr/local/lib/python3.10/dist-packages/airflow/example_dags/example_branch_day_of_week_operator.py
[2023-12-05T17:57:03.139+0000] {logging_mixin.py:154} INFO - [2023-12-05T17:57:03.138+0000] {dag.py:2941} INFO - Sync 1 DAGs
[2023-12-05T17:57:03.199+0000] {logging_mixin.py:154} INFO - [2023-12-05T17:57:03.199+0000] {dag.py:3722} INFO - Setting next_dagrun for example_weekday_branch_operator to 2023-12-04T00:00:00+00:00, run_after=2023-12-05T00:00:00+00:00
[2023-12-05T17:57:03.238+0000] {processor.py:179} INFO - Processing /usr/local/lib/python3.10/dist-packages/airflow/example_dags/example_branch_day_of_week_operator.py took 0.175 seconds
[2023-12-05T17:58:00.192+0000] {processor.py:157} INFO - Started process (PID=10935) to work on /usr/local/lib/python3.10/dist-packages/airflow/example_dags/example_branch_day_of_week_operator.py
[2023-12-05T17:58:00.194+0000] {processor.py:829} INFO - Processing file /usr/local/lib/python3.10/dist-packages/airflow/example_dags/example_branch_day_of_week_operator.py for tasks to queue
[2023-12-05T17:58:00.198+0000] {logging_mixin.py:154} INFO - [2023-12-05T17:58:00.195+0000] {dagbag.py:536} INFO - Filling up the DagBag from /usr/local/lib/python3.10/dist-packages/airflow/example_dags/example_branch_day_of_week_operator.py
[2023-12-05T17:58:00.208+0000] {processor.py:839} INFO - DAG(s) dict_keys(['example_weekday_branch_operator']) retrieved from /usr/local/lib/python3.10/dist-packages/airflow/example_dags/example_branch_day_of_week_operator.py
[2023-12-05T17:58:00.229+0000] {logging_mixin.py:154} INFO - [2023-12-05T17:58:00.228+0000] {dag.py:2941} INFO - Sync 1 DAGs
[2023-12-05T17:58:00.262+0000] {logging_mixin.py:154} INFO - [2023-12-05T17:58:00.262+0000] {dag.py:3722} INFO - Setting next_dagrun for example_weekday_branch_operator to 2023-12-04T00:00:00+00:00, run_after=2023-12-05T00:00:00+00:00
[2023-12-05T17:58:00.293+0000] {processor.py:179} INFO - Processing /usr/local/lib/python3.10/dist-packages/airflow/example_dags/example_branch_day_of_week_operator.py took 0.108 seconds
[2023-12-05T17:58:52.357+0000] {processor.py:157} INFO - Started process (PID=11059) to work on /usr/local/lib/python3.10/dist-packages/airflow/example_dags/example_branch_day_of_week_operator.py
[2023-12-05T17:58:52.359+0000] {processor.py:829} INFO - Processing file /usr/local/lib/python3.10/dist-packages/airflow/example_dags/example_branch_day_of_week_operator.py for tasks to queue
[2023-12-05T17:58:52.365+0000] {logging_mixin.py:154} INFO - [2023-12-05T17:58:52.360+0000] {dagbag.py:536} INFO - Filling up the DagBag from /usr/local/lib/python3.10/dist-packages/airflow/example_dags/example_branch_day_of_week_operator.py
[2023-12-05T17:58:52.386+0000] {processor.py:839} INFO - DAG(s) dict_keys(['example_weekday_branch_operator']) retrieved from /usr/local/lib/python3.10/dist-packages/airflow/example_dags/example_branch_day_of_week_operator.py
[2023-12-05T17:58:52.405+0000] {logging_mixin.py:154} INFO - [2023-12-05T17:58:52.405+0000] {dag.py:2941} INFO - Sync 1 DAGs
[2023-12-05T17:58:52.427+0000] {logging_mixin.py:154} INFO - [2023-12-05T17:58:52.427+0000] {dag.py:3722} INFO - Setting next_dagrun for example_weekday_branch_operator to 2023-12-04T00:00:00+00:00, run_after=2023-12-05T00:00:00+00:00
[2023-12-05T17:58:52.450+0000] {processor.py:179} INFO - Processing /usr/local/lib/python3.10/dist-packages/airflow/example_dags/example_branch_day_of_week_operator.py took 0.105 seconds
[2023-12-05T17:59:44.523+0000] {processor.py:157} INFO - Started process (PID=11180) to work on /usr/local/lib/python3.10/dist-packages/airflow/example_dags/example_branch_day_of_week_operator.py
[2023-12-05T17:59:44.525+0000] {processor.py:829} INFO - Processing file /usr/local/lib/python3.10/dist-packages/airflow/example_dags/example_branch_day_of_week_operator.py for tasks to queue
[2023-12-05T17:59:44.526+0000] {logging_mixin.py:154} INFO - [2023-12-05T17:59:44.525+0000] {dagbag.py:536} INFO - Filling up the DagBag from /usr/local/lib/python3.10/dist-packages/airflow/example_dags/example_branch_day_of_week_operator.py
[2023-12-05T17:59:44.535+0000] {processor.py:839} INFO - DAG(s) dict_keys(['example_weekday_branch_operator']) retrieved from /usr/local/lib/python3.10/dist-packages/airflow/example_dags/example_branch_day_of_week_operator.py
[2023-12-05T17:59:44.553+0000] {logging_mixin.py:154} INFO - [2023-12-05T17:59:44.553+0000] {dag.py:2941} INFO - Sync 1 DAGs
[2023-12-05T17:59:44.577+0000] {logging_mixin.py:154} INFO - [2023-12-05T17:59:44.576+0000] {dag.py:3722} INFO - Setting next_dagrun for example_weekday_branch_operator to 2023-12-04T00:00:00+00:00, run_after=2023-12-05T00:00:00+00:00
[2023-12-05T17:59:44.601+0000] {processor.py:179} INFO - Processing /usr/local/lib/python3.10/dist-packages/airflow/example_dags/example_branch_day_of_week_operator.py took 0.081 seconds
[2023-12-05T18:00:36.297+0000] {processor.py:157} INFO - Started process (PID=11299) to work on /usr/local/lib/python3.10/dist-packages/airflow/example_dags/example_branch_day_of_week_operator.py
[2023-12-05T18:00:36.299+0000] {processor.py:829} INFO - Processing file /usr/local/lib/python3.10/dist-packages/airflow/example_dags/example_branch_day_of_week_operator.py for tasks to queue
[2023-12-05T18:00:36.299+0000] {logging_mixin.py:154} INFO - [2023-12-05T18:00:36.299+0000] {dagbag.py:536} INFO - Filling up the DagBag from /usr/local/lib/python3.10/dist-packages/airflow/example_dags/example_branch_day_of_week_operator.py
[2023-12-05T18:00:36.310+0000] {processor.py:839} INFO - DAG(s) dict_keys(['example_weekday_branch_operator']) retrieved from /usr/local/lib/python3.10/dist-packages/airflow/example_dags/example_branch_day_of_week_operator.py
[2023-12-05T18:00:36.331+0000] {logging_mixin.py:154} INFO - [2023-12-05T18:00:36.330+0000] {dag.py:2941} INFO - Sync 1 DAGs
[2023-12-05T18:00:36.353+0000] {logging_mixin.py:154} INFO - [2023-12-05T18:00:36.352+0000] {dag.py:3722} INFO - Setting next_dagrun for example_weekday_branch_operator to 2023-12-04T00:00:00+00:00, run_after=2023-12-05T00:00:00+00:00
[2023-12-05T18:00:36.376+0000] {processor.py:179} INFO - Processing /usr/local/lib/python3.10/dist-packages/airflow/example_dags/example_branch_day_of_week_operator.py took 0.085 seconds
[2023-12-05T18:01:24.322+0000] {processor.py:157} INFO - Started process (PID=11472) to work on /usr/local/lib/python3.10/dist-packages/airflow/example_dags/example_branch_day_of_week_operator.py
[2023-12-05T18:01:24.324+0000] {processor.py:829} INFO - Processing file /usr/local/lib/python3.10/dist-packages/airflow/example_dags/example_branch_day_of_week_operator.py for tasks to queue
[2023-12-05T18:01:24.325+0000] {logging_mixin.py:154} INFO - [2023-12-05T18:01:24.324+0000] {dagbag.py:536} INFO - Filling up the DagBag from /usr/local/lib/python3.10/dist-packages/airflow/example_dags/example_branch_day_of_week_operator.py
[2023-12-05T18:01:24.334+0000] {processor.py:839} INFO - DAG(s) dict_keys(['example_weekday_branch_operator']) retrieved from /usr/local/lib/python3.10/dist-packages/airflow/example_dags/example_branch_day_of_week_operator.py
[2023-12-05T18:01:24.353+0000] {logging_mixin.py:154} INFO - [2023-12-05T18:01:24.353+0000] {dag.py:2941} INFO - Sync 1 DAGs
[2023-12-05T18:01:24.377+0000] {logging_mixin.py:154} INFO - [2023-12-05T18:01:24.376+0000] {dag.py:3722} INFO - Setting next_dagrun for example_weekday_branch_operator to 2023-12-04T00:00:00+00:00, run_after=2023-12-05T00:00:00+00:00
[2023-12-05T18:01:24.402+0000] {processor.py:179} INFO - Processing /usr/local/lib/python3.10/dist-packages/airflow/example_dags/example_branch_day_of_week_operator.py took 0.084 seconds
[2023-12-05T18:02:12.097+0000] {processor.py:157} INFO - Started process (PID=11592) to work on /usr/local/lib/python3.10/dist-packages/airflow/example_dags/example_branch_day_of_week_operator.py
[2023-12-05T18:02:12.099+0000] {processor.py:829} INFO - Processing file /usr/local/lib/python3.10/dist-packages/airflow/example_dags/example_branch_day_of_week_operator.py for tasks to queue
[2023-12-05T18:02:12.100+0000] {logging_mixin.py:154} INFO - [2023-12-05T18:02:12.100+0000] {dagbag.py:536} INFO - Filling up the DagBag from /usr/local/lib/python3.10/dist-packages/airflow/example_dags/example_branch_day_of_week_operator.py
[2023-12-05T18:02:12.109+0000] {processor.py:839} INFO - DAG(s) dict_keys(['example_weekday_branch_operator']) retrieved from /usr/local/lib/python3.10/dist-packages/airflow/example_dags/example_branch_day_of_week_operator.py
[2023-12-05T18:02:12.128+0000] {logging_mixin.py:154} INFO - [2023-12-05T18:02:12.128+0000] {dag.py:2941} INFO - Sync 1 DAGs
[2023-12-05T18:02:12.148+0000] {logging_mixin.py:154} INFO - [2023-12-05T18:02:12.148+0000] {dag.py:3722} INFO - Setting next_dagrun for example_weekday_branch_operator to 2023-12-04T00:00:00+00:00, run_after=2023-12-05T00:00:00+00:00
[2023-12-05T18:02:12.176+0000] {processor.py:179} INFO - Processing /usr/local/lib/python3.10/dist-packages/airflow/example_dags/example_branch_day_of_week_operator.py took 0.083 seconds
[2023-12-05T18:03:05.590+0000] {processor.py:157} INFO - Started process (PID=11680) to work on /usr/local/lib/python3.10/dist-packages/airflow/example_dags/example_branch_day_of_week_operator.py
[2023-12-05T18:03:05.591+0000] {processor.py:829} INFO - Processing file /usr/local/lib/python3.10/dist-packages/airflow/example_dags/example_branch_day_of_week_operator.py for tasks to queue
[2023-12-05T18:03:05.592+0000] {logging_mixin.py:154} INFO - [2023-12-05T18:03:05.592+0000] {dagbag.py:536} INFO - Filling up the DagBag from /usr/local/lib/python3.10/dist-packages/airflow/example_dags/example_branch_day_of_week_operator.py
[2023-12-05T18:03:05.599+0000] {processor.py:839} INFO - DAG(s) dict_keys(['example_weekday_branch_operator']) retrieved from /usr/local/lib/python3.10/dist-packages/airflow/example_dags/example_branch_day_of_week_operator.py
[2023-12-05T18:03:05.616+0000] {logging_mixin.py:154} INFO - [2023-12-05T18:03:05.616+0000] {dag.py:2941} INFO - Sync 1 DAGs
[2023-12-05T18:03:05.638+0000] {logging_mixin.py:154} INFO - [2023-12-05T18:03:05.637+0000] {dag.py:3722} INFO - Setting next_dagrun for example_weekday_branch_operator to 2023-12-04T00:00:00+00:00, run_after=2023-12-05T00:00:00+00:00
[2023-12-05T18:03:05.659+0000] {processor.py:179} INFO - Processing /usr/local/lib/python3.10/dist-packages/airflow/example_dags/example_branch_day_of_week_operator.py took 0.072 seconds
[2023-12-05T18:03:55.476+0000] {processor.py:157} INFO - Started process (PID=11770) to work on /usr/local/lib/python3.10/dist-packages/airflow/example_dags/example_branch_day_of_week_operator.py
[2023-12-05T18:03:55.477+0000] {processor.py:829} INFO - Processing file /usr/local/lib/python3.10/dist-packages/airflow/example_dags/example_branch_day_of_week_operator.py for tasks to queue
[2023-12-05T18:03:55.478+0000] {logging_mixin.py:154} INFO - [2023-12-05T18:03:55.478+0000] {dagbag.py:536} INFO - Filling up the DagBag from /usr/local/lib/python3.10/dist-packages/airflow/example_dags/example_branch_day_of_week_operator.py
[2023-12-05T18:03:55.488+0000] {processor.py:839} INFO - DAG(s) dict_keys(['example_weekday_branch_operator']) retrieved from /usr/local/lib/python3.10/dist-packages/airflow/example_dags/example_branch_day_of_week_operator.py
[2023-12-05T18:03:55.513+0000] {logging_mixin.py:154} INFO - [2023-12-05T18:03:55.512+0000] {dag.py:2941} INFO - Sync 1 DAGs
[2023-12-05T18:03:55.539+0000] {logging_mixin.py:154} INFO - [2023-12-05T18:03:55.539+0000] {dag.py:3722} INFO - Setting next_dagrun for example_weekday_branch_operator to 2023-12-04T00:00:00+00:00, run_after=2023-12-05T00:00:00+00:00
[2023-12-05T18:03:55.562+0000] {processor.py:179} INFO - Processing /usr/local/lib/python3.10/dist-packages/airflow/example_dags/example_branch_day_of_week_operator.py took 0.091 seconds
[2023-12-05T18:04:44.607+0000] {processor.py:157} INFO - Started process (PID=11909) to work on /usr/local/lib/python3.10/dist-packages/airflow/example_dags/example_branch_day_of_week_operator.py
[2023-12-05T18:04:44.609+0000] {processor.py:829} INFO - Processing file /usr/local/lib/python3.10/dist-packages/airflow/example_dags/example_branch_day_of_week_operator.py for tasks to queue
[2023-12-05T18:04:44.609+0000] {logging_mixin.py:154} INFO - [2023-12-05T18:04:44.609+0000] {dagbag.py:536} INFO - Filling up the DagBag from /usr/local/lib/python3.10/dist-packages/airflow/example_dags/example_branch_day_of_week_operator.py
[2023-12-05T18:04:44.617+0000] {processor.py:839} INFO - DAG(s) dict_keys(['example_weekday_branch_operator']) retrieved from /usr/local/lib/python3.10/dist-packages/airflow/example_dags/example_branch_day_of_week_operator.py
[2023-12-05T18:04:44.643+0000] {logging_mixin.py:154} INFO - [2023-12-05T18:04:44.642+0000] {dag.py:2941} INFO - Sync 1 DAGs
[2023-12-05T18:04:44.674+0000] {logging_mixin.py:154} INFO - [2023-12-05T18:04:44.674+0000] {dag.py:3722} INFO - Setting next_dagrun for example_weekday_branch_operator to 2023-12-04T00:00:00+00:00, run_after=2023-12-05T00:00:00+00:00
[2023-12-05T18:04:44.707+0000] {processor.py:179} INFO - Processing /usr/local/lib/python3.10/dist-packages/airflow/example_dags/example_branch_day_of_week_operator.py took 0.103 seconds
[2023-12-05T18:05:36.721+0000] {processor.py:157} INFO - Started process (PID=12520) to work on /usr/local/lib/python3.10/dist-packages/airflow/example_dags/example_branch_day_of_week_operator.py
[2023-12-05T18:05:36.723+0000] {processor.py:829} INFO - Processing file /usr/local/lib/python3.10/dist-packages/airflow/example_dags/example_branch_day_of_week_operator.py for tasks to queue
[2023-12-05T18:05:36.724+0000] {logging_mixin.py:154} INFO - [2023-12-05T18:05:36.724+0000] {dagbag.py:536} INFO - Filling up the DagBag from /usr/local/lib/python3.10/dist-packages/airflow/example_dags/example_branch_day_of_week_operator.py
[2023-12-05T18:05:36.732+0000] {processor.py:839} INFO - DAG(s) dict_keys(['example_weekday_branch_operator']) retrieved from /usr/local/lib/python3.10/dist-packages/airflow/example_dags/example_branch_day_of_week_operator.py
[2023-12-05T18:05:36.751+0000] {logging_mixin.py:154} INFO - [2023-12-05T18:05:36.751+0000] {dag.py:2941} INFO - Sync 1 DAGs
[2023-12-05T18:05:36.774+0000] {logging_mixin.py:154} INFO - [2023-12-05T18:05:36.773+0000] {dag.py:3722} INFO - Setting next_dagrun for example_weekday_branch_operator to 2023-12-04T00:00:00+00:00, run_after=2023-12-05T00:00:00+00:00
[2023-12-05T18:05:36.798+0000] {processor.py:179} INFO - Processing /usr/local/lib/python3.10/dist-packages/airflow/example_dags/example_branch_day_of_week_operator.py took 0.079 seconds
[2023-12-05T18:06:28.692+0000] {processor.py:157} INFO - Started process (PID=12754) to work on /usr/local/lib/python3.10/dist-packages/airflow/example_dags/example_branch_day_of_week_operator.py
[2023-12-05T18:06:28.693+0000] {processor.py:829} INFO - Processing file /usr/local/lib/python3.10/dist-packages/airflow/example_dags/example_branch_day_of_week_operator.py for tasks to queue
[2023-12-05T18:06:28.694+0000] {logging_mixin.py:154} INFO - [2023-12-05T18:06:28.694+0000] {dagbag.py:536} INFO - Filling up the DagBag from /usr/local/lib/python3.10/dist-packages/airflow/example_dags/example_branch_day_of_week_operator.py
[2023-12-05T18:06:28.702+0000] {processor.py:839} INFO - DAG(s) dict_keys(['example_weekday_branch_operator']) retrieved from /usr/local/lib/python3.10/dist-packages/airflow/example_dags/example_branch_day_of_week_operator.py
[2023-12-05T18:06:28.725+0000] {logging_mixin.py:154} INFO - [2023-12-05T18:06:28.724+0000] {dag.py:2941} INFO - Sync 1 DAGs
[2023-12-05T18:06:28.745+0000] {logging_mixin.py:154} INFO - [2023-12-05T18:06:28.745+0000] {dag.py:3722} INFO - Setting next_dagrun for example_weekday_branch_operator to 2023-12-04T00:00:00+00:00, run_after=2023-12-05T00:00:00+00:00
[2023-12-05T18:06:28.769+0000] {processor.py:179} INFO - Processing /usr/local/lib/python3.10/dist-packages/airflow/example_dags/example_branch_day_of_week_operator.py took 0.081 seconds
[2023-12-05T18:07:23.747+0000] {processor.py:157} INFO - Started process (PID=13059) to work on /usr/local/lib/python3.10/dist-packages/airflow/example_dags/example_branch_day_of_week_operator.py
[2023-12-05T18:07:23.748+0000] {processor.py:829} INFO - Processing file /usr/local/lib/python3.10/dist-packages/airflow/example_dags/example_branch_day_of_week_operator.py for tasks to queue
[2023-12-05T18:07:23.750+0000] {logging_mixin.py:154} INFO - [2023-12-05T18:07:23.749+0000] {dagbag.py:536} INFO - Filling up the DagBag from /usr/local/lib/python3.10/dist-packages/airflow/example_dags/example_branch_day_of_week_operator.py
[2023-12-05T18:07:23.760+0000] {processor.py:839} INFO - DAG(s) dict_keys(['example_weekday_branch_operator']) retrieved from /usr/local/lib/python3.10/dist-packages/airflow/example_dags/example_branch_day_of_week_operator.py
[2023-12-05T18:07:23.778+0000] {logging_mixin.py:154} INFO - [2023-12-05T18:07:23.777+0000] {dag.py:2941} INFO - Sync 1 DAGs
[2023-12-05T18:07:23.799+0000] {logging_mixin.py:154} INFO - [2023-12-05T18:07:23.798+0000] {dag.py:3722} INFO - Setting next_dagrun for example_weekday_branch_operator to 2023-12-04T00:00:00+00:00, run_after=2023-12-05T00:00:00+00:00
[2023-12-05T18:07:23.820+0000] {processor.py:179} INFO - Processing /usr/local/lib/python3.10/dist-packages/airflow/example_dags/example_branch_day_of_week_operator.py took 0.077 seconds
[2023-12-05T18:08:11.725+0000] {processor.py:157} INFO - Started process (PID=13183) to work on /usr/local/lib/python3.10/dist-packages/airflow/example_dags/example_branch_day_of_week_operator.py
[2023-12-05T18:08:11.727+0000] {processor.py:829} INFO - Processing file /usr/local/lib/python3.10/dist-packages/airflow/example_dags/example_branch_day_of_week_operator.py for tasks to queue
[2023-12-05T18:08:11.728+0000] {logging_mixin.py:154} INFO - [2023-12-05T18:08:11.727+0000] {dagbag.py:536} INFO - Filling up the DagBag from /usr/local/lib/python3.10/dist-packages/airflow/example_dags/example_branch_day_of_week_operator.py
[2023-12-05T18:08:11.738+0000] {processor.py:839} INFO - DAG(s) dict_keys(['example_weekday_branch_operator']) retrieved from /usr/local/lib/python3.10/dist-packages/airflow/example_dags/example_branch_day_of_week_operator.py
[2023-12-05T18:08:11.763+0000] {logging_mixin.py:154} INFO - [2023-12-05T18:08:11.763+0000] {dag.py:2941} INFO - Sync 1 DAGs
[2023-12-05T18:08:11.787+0000] {logging_mixin.py:154} INFO - [2023-12-05T18:08:11.786+0000] {dag.py:3722} INFO - Setting next_dagrun for example_weekday_branch_operator to 2023-12-04T00:00:00+00:00, run_after=2023-12-05T00:00:00+00:00
[2023-12-05T18:08:11.816+0000] {processor.py:179} INFO - Processing /usr/local/lib/python3.10/dist-packages/airflow/example_dags/example_branch_day_of_week_operator.py took 0.094 seconds
[2023-12-05T18:08:59.018+0000] {processor.py:157} INFO - Started process (PID=13539) to work on /usr/local/lib/python3.10/dist-packages/airflow/example_dags/example_branch_day_of_week_operator.py
[2023-12-05T18:08:59.020+0000] {processor.py:829} INFO - Processing file /usr/local/lib/python3.10/dist-packages/airflow/example_dags/example_branch_day_of_week_operator.py for tasks to queue
[2023-12-05T18:08:59.022+0000] {logging_mixin.py:154} INFO - [2023-12-05T18:08:59.021+0000] {dagbag.py:536} INFO - Filling up the DagBag from /usr/local/lib/python3.10/dist-packages/airflow/example_dags/example_branch_day_of_week_operator.py
[2023-12-05T18:08:59.035+0000] {processor.py:839} INFO - DAG(s) dict_keys(['example_weekday_branch_operator']) retrieved from /usr/local/lib/python3.10/dist-packages/airflow/example_dags/example_branch_day_of_week_operator.py
[2023-12-05T18:08:59.062+0000] {logging_mixin.py:154} INFO - [2023-12-05T18:08:59.062+0000] {dag.py:2941} INFO - Sync 1 DAGs
[2023-12-05T18:08:59.091+0000] {logging_mixin.py:154} INFO - [2023-12-05T18:08:59.091+0000] {dag.py:3722} INFO - Setting next_dagrun for example_weekday_branch_operator to 2023-12-04T00:00:00+00:00, run_after=2023-12-05T00:00:00+00:00
[2023-12-05T18:08:59.117+0000] {processor.py:179} INFO - Processing /usr/local/lib/python3.10/dist-packages/airflow/example_dags/example_branch_day_of_week_operator.py took 0.104 seconds
[2023-12-05T18:09:50.102+0000] {processor.py:157} INFO - Started process (PID=13659) to work on /usr/local/lib/python3.10/dist-packages/airflow/example_dags/example_branch_day_of_week_operator.py
[2023-12-05T18:09:50.106+0000] {processor.py:829} INFO - Processing file /usr/local/lib/python3.10/dist-packages/airflow/example_dags/example_branch_day_of_week_operator.py for tasks to queue
[2023-12-05T18:09:50.108+0000] {logging_mixin.py:154} INFO - [2023-12-05T18:09:50.107+0000] {dagbag.py:536} INFO - Filling up the DagBag from /usr/local/lib/python3.10/dist-packages/airflow/example_dags/example_branch_day_of_week_operator.py
[2023-12-05T18:09:50.121+0000] {processor.py:839} INFO - DAG(s) dict_keys(['example_weekday_branch_operator']) retrieved from /usr/local/lib/python3.10/dist-packages/airflow/example_dags/example_branch_day_of_week_operator.py
[2023-12-05T18:09:50.157+0000] {logging_mixin.py:154} INFO - [2023-12-05T18:09:50.157+0000] {dag.py:2941} INFO - Sync 1 DAGs
[2023-12-05T18:09:50.205+0000] {logging_mixin.py:154} INFO - [2023-12-05T18:09:50.205+0000] {dag.py:3722} INFO - Setting next_dagrun for example_weekday_branch_operator to 2023-12-04T00:00:00+00:00, run_after=2023-12-05T00:00:00+00:00
[2023-12-05T18:09:50.232+0000] {processor.py:179} INFO - Processing /usr/local/lib/python3.10/dist-packages/airflow/example_dags/example_branch_day_of_week_operator.py took 0.135 seconds
[2023-12-05T18:10:40.729+0000] {processor.py:157} INFO - Started process (PID=13958) to work on /usr/local/lib/python3.10/dist-packages/airflow/example_dags/example_branch_day_of_week_operator.py
[2023-12-05T18:10:40.730+0000] {processor.py:829} INFO - Processing file /usr/local/lib/python3.10/dist-packages/airflow/example_dags/example_branch_day_of_week_operator.py for tasks to queue
[2023-12-05T18:10:40.731+0000] {logging_mixin.py:154} INFO - [2023-12-05T18:10:40.731+0000] {dagbag.py:536} INFO - Filling up the DagBag from /usr/local/lib/python3.10/dist-packages/airflow/example_dags/example_branch_day_of_week_operator.py
[2023-12-05T18:10:40.740+0000] {processor.py:839} INFO - DAG(s) dict_keys(['example_weekday_branch_operator']) retrieved from /usr/local/lib/python3.10/dist-packages/airflow/example_dags/example_branch_day_of_week_operator.py
[2023-12-05T18:10:40.760+0000] {logging_mixin.py:154} INFO - [2023-12-05T18:10:40.759+0000] {dag.py:2941} INFO - Sync 1 DAGs
[2023-12-05T18:10:40.799+0000] {logging_mixin.py:154} INFO - [2023-12-05T18:10:40.799+0000] {dag.py:3722} INFO - Setting next_dagrun for example_weekday_branch_operator to 2023-12-04T00:00:00+00:00, run_after=2023-12-05T00:00:00+00:00
[2023-12-05T18:10:40.848+0000] {processor.py:179} INFO - Processing /usr/local/lib/python3.10/dist-packages/airflow/example_dags/example_branch_day_of_week_operator.py took 0.123 seconds
