[2023-12-05T17:46:48.511+0000] {processor.py:157} INFO - Started process (PID=9283) to work on /usr/local/lib/python3.10/dist-packages/airflow/example_dags/example_dag_decorator.py
[2023-12-05T17:46:48.513+0000] {processor.py:829} INFO - Processing file /usr/local/lib/python3.10/dist-packages/airflow/example_dags/example_dag_decorator.py for tasks to queue
[2023-12-05T17:46:48.514+0000] {logging_mixin.py:154} INFO - [2023-12-05T17:46:48.514+0000] {dagbag.py:536} INFO - Filling up the DagBag from /usr/local/lib/python3.10/dist-packages/airflow/example_dags/example_dag_decorator.py
[2023-12-05T17:46:48.548+0000] {processor.py:839} INFO - DAG(s) dict_keys(['example_dag_decorator']) retrieved from /usr/local/lib/python3.10/dist-packages/airflow/example_dags/example_dag_decorator.py
[2023-12-05T17:46:48.652+0000] {logging_mixin.py:154} INFO - [2023-12-05T17:46:48.652+0000] {dag.py:2941} INFO - Sync 1 DAGs
[2023-12-05T17:46:48.662+0000] {logging_mixin.py:154} INFO - [2023-12-05T17:46:48.661+0000] {dag.py:3722} INFO - Setting next_dagrun for example_dag_decorator to None, run_after=None
[2023-12-05T17:46:48.687+0000] {processor.py:179} INFO - Processing /usr/local/lib/python3.10/dist-packages/airflow/example_dags/example_dag_decorator.py took 0.181 seconds
[2023-12-05T17:47:44.615+0000] {processor.py:157} INFO - Started process (PID=9402) to work on /usr/local/lib/python3.10/dist-packages/airflow/example_dags/example_dag_decorator.py
[2023-12-05T17:47:44.617+0000] {processor.py:829} INFO - Processing file /usr/local/lib/python3.10/dist-packages/airflow/example_dags/example_dag_decorator.py for tasks to queue
[2023-12-05T17:47:44.617+0000] {logging_mixin.py:154} INFO - [2023-12-05T17:47:44.617+0000] {dagbag.py:536} INFO - Filling up the DagBag from /usr/local/lib/python3.10/dist-packages/airflow/example_dags/example_dag_decorator.py
[2023-12-05T17:47:44.634+0000] {processor.py:839} INFO - DAG(s) dict_keys(['example_dag_decorator']) retrieved from /usr/local/lib/python3.10/dist-packages/airflow/example_dags/example_dag_decorator.py
[2023-12-05T17:47:44.733+0000] {logging_mixin.py:154} INFO - [2023-12-05T17:47:44.733+0000] {dag.py:2941} INFO - Sync 1 DAGs
[2023-12-05T17:47:44.744+0000] {logging_mixin.py:154} INFO - [2023-12-05T17:47:44.744+0000] {dag.py:3722} INFO - Setting next_dagrun for example_dag_decorator to None, run_after=None
[2023-12-05T17:47:44.768+0000] {processor.py:179} INFO - Processing /usr/local/lib/python3.10/dist-packages/airflow/example_dags/example_dag_decorator.py took 0.156 seconds
[2023-12-05T17:48:39.303+0000] {processor.py:157} INFO - Started process (PID=9582) to work on /usr/local/lib/python3.10/dist-packages/airflow/example_dags/example_dag_decorator.py
[2023-12-05T17:48:39.307+0000] {processor.py:829} INFO - Processing file /usr/local/lib/python3.10/dist-packages/airflow/example_dags/example_dag_decorator.py for tasks to queue
[2023-12-05T17:48:39.309+0000] {logging_mixin.py:154} INFO - [2023-12-05T17:48:39.308+0000] {dagbag.py:536} INFO - Filling up the DagBag from /usr/local/lib/python3.10/dist-packages/airflow/example_dags/example_dag_decorator.py
[2023-12-05T17:48:39.323+0000] {processor.py:839} INFO - DAG(s) dict_keys(['example_dag_decorator']) retrieved from /usr/local/lib/python3.10/dist-packages/airflow/example_dags/example_dag_decorator.py
[2023-12-05T17:48:39.462+0000] {logging_mixin.py:154} INFO - [2023-12-05T17:48:39.461+0000] {dag.py:2941} INFO - Sync 1 DAGs
[2023-12-05T17:48:39.473+0000] {logging_mixin.py:154} INFO - [2023-12-05T17:48:39.473+0000] {dag.py:3722} INFO - Setting next_dagrun for example_dag_decorator to None, run_after=None
[2023-12-05T17:48:39.512+0000] {processor.py:179} INFO - Processing /usr/local/lib/python3.10/dist-packages/airflow/example_dags/example_dag_decorator.py took 0.214 seconds
[2023-12-05T17:49:33.705+0000] {processor.py:157} INFO - Started process (PID=9699) to work on /usr/local/lib/python3.10/dist-packages/airflow/example_dags/example_dag_decorator.py
[2023-12-05T17:49:33.707+0000] {processor.py:829} INFO - Processing file /usr/local/lib/python3.10/dist-packages/airflow/example_dags/example_dag_decorator.py for tasks to queue
[2023-12-05T17:49:33.708+0000] {logging_mixin.py:154} INFO - [2023-12-05T17:49:33.708+0000] {dagbag.py:536} INFO - Filling up the DagBag from /usr/local/lib/python3.10/dist-packages/airflow/example_dags/example_dag_decorator.py
[2023-12-05T17:49:33.725+0000] {processor.py:839} INFO - DAG(s) dict_keys(['example_dag_decorator']) retrieved from /usr/local/lib/python3.10/dist-packages/airflow/example_dags/example_dag_decorator.py
[2023-12-05T17:49:33.839+0000] {logging_mixin.py:154} INFO - [2023-12-05T17:49:33.839+0000] {dag.py:2941} INFO - Sync 1 DAGs
[2023-12-05T17:49:33.848+0000] {logging_mixin.py:154} INFO - [2023-12-05T17:49:33.847+0000] {dag.py:3722} INFO - Setting next_dagrun for example_dag_decorator to None, run_after=None
[2023-12-05T17:49:33.876+0000] {processor.py:179} INFO - Processing /usr/local/lib/python3.10/dist-packages/airflow/example_dags/example_dag_decorator.py took 0.177 seconds
[2023-12-05T17:50:26.985+0000] {processor.py:157} INFO - Started process (PID=9821) to work on /usr/local/lib/python3.10/dist-packages/airflow/example_dags/example_dag_decorator.py
[2023-12-05T17:50:26.987+0000] {processor.py:829} INFO - Processing file /usr/local/lib/python3.10/dist-packages/airflow/example_dags/example_dag_decorator.py for tasks to queue
[2023-12-05T17:50:26.988+0000] {logging_mixin.py:154} INFO - [2023-12-05T17:50:26.988+0000] {dagbag.py:536} INFO - Filling up the DagBag from /usr/local/lib/python3.10/dist-packages/airflow/example_dags/example_dag_decorator.py
[2023-12-05T17:50:27.003+0000] {processor.py:839} INFO - DAG(s) dict_keys(['example_dag_decorator']) retrieved from /usr/local/lib/python3.10/dist-packages/airflow/example_dags/example_dag_decorator.py
[2023-12-05T17:50:27.125+0000] {logging_mixin.py:154} INFO - [2023-12-05T17:50:27.124+0000] {dag.py:2941} INFO - Sync 1 DAGs
[2023-12-05T17:50:27.136+0000] {logging_mixin.py:154} INFO - [2023-12-05T17:50:27.135+0000] {dag.py:3722} INFO - Setting next_dagrun for example_dag_decorator to None, run_after=None
[2023-12-05T17:50:27.168+0000] {processor.py:179} INFO - Processing /usr/local/lib/python3.10/dist-packages/airflow/example_dags/example_dag_decorator.py took 0.186 seconds
[2023-12-05T17:51:18.022+0000] {processor.py:157} INFO - Started process (PID=9998) to work on /usr/local/lib/python3.10/dist-packages/airflow/example_dags/example_dag_decorator.py
[2023-12-05T17:51:18.023+0000] {processor.py:829} INFO - Processing file /usr/local/lib/python3.10/dist-packages/airflow/example_dags/example_dag_decorator.py for tasks to queue
[2023-12-05T17:51:18.024+0000] {logging_mixin.py:154} INFO - [2023-12-05T17:51:18.024+0000] {dagbag.py:536} INFO - Filling up the DagBag from /usr/local/lib/python3.10/dist-packages/airflow/example_dags/example_dag_decorator.py
[2023-12-05T17:51:18.040+0000] {processor.py:839} INFO - DAG(s) dict_keys(['example_dag_decorator']) retrieved from /usr/local/lib/python3.10/dist-packages/airflow/example_dags/example_dag_decorator.py
[2023-12-05T17:51:18.243+0000] {logging_mixin.py:154} INFO - [2023-12-05T17:51:18.243+0000] {dag.py:2941} INFO - Sync 1 DAGs
[2023-12-05T17:51:18.261+0000] {logging_mixin.py:154} INFO - [2023-12-05T17:51:18.261+0000] {dag.py:3722} INFO - Setting next_dagrun for example_dag_decorator to None, run_after=None
[2023-12-05T17:51:18.295+0000] {processor.py:179} INFO - Processing /usr/local/lib/python3.10/dist-packages/airflow/example_dags/example_dag_decorator.py took 0.277 seconds
[2023-12-05T17:52:10.369+0000] {processor.py:157} INFO - Started process (PID=10115) to work on /usr/local/lib/python3.10/dist-packages/airflow/example_dags/example_dag_decorator.py
[2023-12-05T17:52:10.374+0000] {processor.py:829} INFO - Processing file /usr/local/lib/python3.10/dist-packages/airflow/example_dags/example_dag_decorator.py for tasks to queue
[2023-12-05T17:52:10.375+0000] {logging_mixin.py:154} INFO - [2023-12-05T17:52:10.374+0000] {dagbag.py:536} INFO - Filling up the DagBag from /usr/local/lib/python3.10/dist-packages/airflow/example_dags/example_dag_decorator.py
[2023-12-05T17:52:10.395+0000] {processor.py:839} INFO - DAG(s) dict_keys(['example_dag_decorator']) retrieved from /usr/local/lib/python3.10/dist-packages/airflow/example_dags/example_dag_decorator.py
[2023-12-05T17:52:10.539+0000] {logging_mixin.py:154} INFO - [2023-12-05T17:52:10.539+0000] {dag.py:2941} INFO - Sync 1 DAGs
[2023-12-05T17:52:10.552+0000] {logging_mixin.py:154} INFO - [2023-12-05T17:52:10.552+0000] {dag.py:3722} INFO - Setting next_dagrun for example_dag_decorator to None, run_after=None
[2023-12-05T17:52:10.579+0000] {processor.py:179} INFO - Processing /usr/local/lib/python3.10/dist-packages/airflow/example_dags/example_dag_decorator.py took 0.225 seconds
[2023-12-05T17:53:02.884+0000] {processor.py:157} INFO - Started process (PID=10177) to work on /usr/local/lib/python3.10/dist-packages/airflow/example_dags/example_dag_decorator.py
[2023-12-05T17:53:02.891+0000] {processor.py:829} INFO - Processing file /usr/local/lib/python3.10/dist-packages/airflow/example_dags/example_dag_decorator.py for tasks to queue
[2023-12-05T17:53:02.896+0000] {logging_mixin.py:154} INFO - [2023-12-05T17:53:02.894+0000] {dagbag.py:536} INFO - Filling up the DagBag from /usr/local/lib/python3.10/dist-packages/airflow/example_dags/example_dag_decorator.py
[2023-12-05T17:53:02.925+0000] {processor.py:839} INFO - DAG(s) dict_keys(['example_dag_decorator']) retrieved from /usr/local/lib/python3.10/dist-packages/airflow/example_dags/example_dag_decorator.py
[2023-12-05T17:53:03.109+0000] {logging_mixin.py:154} INFO - [2023-12-05T17:53:03.109+0000] {dag.py:2941} INFO - Sync 1 DAGs
[2023-12-05T17:53:03.124+0000] {logging_mixin.py:154} INFO - [2023-12-05T17:53:03.123+0000] {dag.py:3722} INFO - Setting next_dagrun for example_dag_decorator to None, run_after=None
[2023-12-05T17:53:03.166+0000] {processor.py:179} INFO - Processing /usr/local/lib/python3.10/dist-packages/airflow/example_dags/example_dag_decorator.py took 0.288 seconds
[2023-12-05T17:53:53.730+0000] {processor.py:157} INFO - Started process (PID=10354) to work on /usr/local/lib/python3.10/dist-packages/airflow/example_dags/example_dag_decorator.py
[2023-12-05T17:53:53.736+0000] {processor.py:829} INFO - Processing file /usr/local/lib/python3.10/dist-packages/airflow/example_dags/example_dag_decorator.py for tasks to queue
[2023-12-05T17:53:53.737+0000] {logging_mixin.py:154} INFO - [2023-12-05T17:53:53.736+0000] {dagbag.py:536} INFO - Filling up the DagBag from /usr/local/lib/python3.10/dist-packages/airflow/example_dags/example_dag_decorator.py
[2023-12-05T17:53:53.749+0000] {processor.py:839} INFO - DAG(s) dict_keys(['example_dag_decorator']) retrieved from /usr/local/lib/python3.10/dist-packages/airflow/example_dags/example_dag_decorator.py
[2023-12-05T17:53:53.864+0000] {logging_mixin.py:154} INFO - [2023-12-05T17:53:53.863+0000] {dag.py:2941} INFO - Sync 1 DAGs
[2023-12-05T17:53:53.881+0000] {logging_mixin.py:154} INFO - [2023-12-05T17:53:53.881+0000] {dag.py:3722} INFO - Setting next_dagrun for example_dag_decorator to None, run_after=None
[2023-12-05T17:53:53.920+0000] {processor.py:179} INFO - Processing /usr/local/lib/python3.10/dist-packages/airflow/example_dags/example_dag_decorator.py took 0.203 seconds
[2023-12-05T17:54:42.548+0000] {processor.py:157} INFO - Started process (PID=10472) to work on /usr/local/lib/python3.10/dist-packages/airflow/example_dags/example_dag_decorator.py
[2023-12-05T17:54:42.551+0000] {processor.py:829} INFO - Processing file /usr/local/lib/python3.10/dist-packages/airflow/example_dags/example_dag_decorator.py for tasks to queue
[2023-12-05T17:54:42.551+0000] {logging_mixin.py:154} INFO - [2023-12-05T17:54:42.551+0000] {dagbag.py:536} INFO - Filling up the DagBag from /usr/local/lib/python3.10/dist-packages/airflow/example_dags/example_dag_decorator.py
[2023-12-05T17:54:42.570+0000] {processor.py:839} INFO - DAG(s) dict_keys(['example_dag_decorator']) retrieved from /usr/local/lib/python3.10/dist-packages/airflow/example_dags/example_dag_decorator.py
[2023-12-05T17:54:42.698+0000] {logging_mixin.py:154} INFO - [2023-12-05T17:54:42.698+0000] {dag.py:2941} INFO - Sync 1 DAGs
[2023-12-05T17:54:42.708+0000] {logging_mixin.py:154} INFO - [2023-12-05T17:54:42.708+0000] {dag.py:3722} INFO - Setting next_dagrun for example_dag_decorator to None, run_after=None
[2023-12-05T17:54:42.735+0000] {processor.py:179} INFO - Processing /usr/local/lib/python3.10/dist-packages/airflow/example_dags/example_dag_decorator.py took 0.201 seconds
[2023-12-05T17:55:35.829+0000] {processor.py:157} INFO - Started process (PID=10592) to work on /usr/local/lib/python3.10/dist-packages/airflow/example_dags/example_dag_decorator.py
[2023-12-05T17:55:35.831+0000] {processor.py:829} INFO - Processing file /usr/local/lib/python3.10/dist-packages/airflow/example_dags/example_dag_decorator.py for tasks to queue
[2023-12-05T17:55:35.832+0000] {logging_mixin.py:154} INFO - [2023-12-05T17:55:35.832+0000] {dagbag.py:536} INFO - Filling up the DagBag from /usr/local/lib/python3.10/dist-packages/airflow/example_dags/example_dag_decorator.py
[2023-12-05T17:55:35.846+0000] {processor.py:839} INFO - DAG(s) dict_keys(['example_dag_decorator']) retrieved from /usr/local/lib/python3.10/dist-packages/airflow/example_dags/example_dag_decorator.py
[2023-12-05T17:55:35.956+0000] {logging_mixin.py:154} INFO - [2023-12-05T17:55:35.956+0000] {dag.py:2941} INFO - Sync 1 DAGs
[2023-12-05T17:55:35.965+0000] {logging_mixin.py:154} INFO - [2023-12-05T17:55:35.965+0000] {dag.py:3722} INFO - Setting next_dagrun for example_dag_decorator to None, run_after=None
[2023-12-05T17:55:35.990+0000] {processor.py:179} INFO - Processing /usr/local/lib/python3.10/dist-packages/airflow/example_dags/example_dag_decorator.py took 0.170 seconds
[2023-12-05T17:56:26.471+0000] {processor.py:157} INFO - Started process (PID=10770) to work on /usr/local/lib/python3.10/dist-packages/airflow/example_dags/example_dag_decorator.py
[2023-12-05T17:56:26.477+0000] {processor.py:829} INFO - Processing file /usr/local/lib/python3.10/dist-packages/airflow/example_dags/example_dag_decorator.py for tasks to queue
[2023-12-05T17:56:26.482+0000] {logging_mixin.py:154} INFO - [2023-12-05T17:56:26.481+0000] {dagbag.py:536} INFO - Filling up the DagBag from /usr/local/lib/python3.10/dist-packages/airflow/example_dags/example_dag_decorator.py
[2023-12-05T17:56:26.508+0000] {processor.py:839} INFO - DAG(s) dict_keys(['example_dag_decorator']) retrieved from /usr/local/lib/python3.10/dist-packages/airflow/example_dags/example_dag_decorator.py
[2023-12-05T17:56:26.626+0000] {logging_mixin.py:154} INFO - [2023-12-05T17:56:26.626+0000] {dag.py:2941} INFO - Sync 1 DAGs
[2023-12-05T17:56:26.641+0000] {logging_mixin.py:154} INFO - [2023-12-05T17:56:26.641+0000] {dag.py:3722} INFO - Setting next_dagrun for example_dag_decorator to None, run_after=None
[2023-12-05T17:56:26.665+0000] {processor.py:179} INFO - Processing /usr/local/lib/python3.10/dist-packages/airflow/example_dags/example_dag_decorator.py took 0.215 seconds
[2023-12-05T17:57:21.208+0000] {processor.py:157} INFO - Started process (PID=10892) to work on /usr/local/lib/python3.10/dist-packages/airflow/example_dags/example_dag_decorator.py
[2023-12-05T17:57:21.209+0000] {processor.py:829} INFO - Processing file /usr/local/lib/python3.10/dist-packages/airflow/example_dags/example_dag_decorator.py for tasks to queue
[2023-12-05T17:57:21.211+0000] {logging_mixin.py:154} INFO - [2023-12-05T17:57:21.210+0000] {dagbag.py:536} INFO - Filling up the DagBag from /usr/local/lib/python3.10/dist-packages/airflow/example_dags/example_dag_decorator.py
[2023-12-05T17:57:21.226+0000] {processor.py:839} INFO - DAG(s) dict_keys(['example_dag_decorator']) retrieved from /usr/local/lib/python3.10/dist-packages/airflow/example_dags/example_dag_decorator.py
[2023-12-05T17:57:21.356+0000] {logging_mixin.py:154} INFO - [2023-12-05T17:57:21.356+0000] {dag.py:2941} INFO - Sync 1 DAGs
[2023-12-05T17:57:21.367+0000] {logging_mixin.py:154} INFO - [2023-12-05T17:57:21.366+0000] {dag.py:3722} INFO - Setting next_dagrun for example_dag_decorator to None, run_after=None
[2023-12-05T17:57:21.399+0000] {processor.py:179} INFO - Processing /usr/local/lib/python3.10/dist-packages/airflow/example_dags/example_dag_decorator.py took 0.196 seconds
[2023-12-05T17:58:17.616+0000] {processor.py:157} INFO - Started process (PID=11019) to work on /usr/local/lib/python3.10/dist-packages/airflow/example_dags/example_dag_decorator.py
[2023-12-05T17:58:17.617+0000] {processor.py:829} INFO - Processing file /usr/local/lib/python3.10/dist-packages/airflow/example_dags/example_dag_decorator.py for tasks to queue
[2023-12-05T17:58:17.618+0000] {logging_mixin.py:154} INFO - [2023-12-05T17:58:17.618+0000] {dagbag.py:536} INFO - Filling up the DagBag from /usr/local/lib/python3.10/dist-packages/airflow/example_dags/example_dag_decorator.py
[2023-12-05T17:58:17.631+0000] {processor.py:839} INFO - DAG(s) dict_keys(['example_dag_decorator']) retrieved from /usr/local/lib/python3.10/dist-packages/airflow/example_dags/example_dag_decorator.py
[2023-12-05T17:58:17.773+0000] {logging_mixin.py:154} INFO - [2023-12-05T17:58:17.773+0000] {dag.py:2941} INFO - Sync 1 DAGs
[2023-12-05T17:58:17.785+0000] {logging_mixin.py:154} INFO - [2023-12-05T17:58:17.785+0000] {dag.py:3722} INFO - Setting next_dagrun for example_dag_decorator to None, run_after=None
[2023-12-05T17:58:17.822+0000] {processor.py:179} INFO - Processing /usr/local/lib/python3.10/dist-packages/airflow/example_dags/example_dag_decorator.py took 0.211 seconds
[2023-12-05T17:59:07.904+0000] {processor.py:157} INFO - Started process (PID=11140) to work on /usr/local/lib/python3.10/dist-packages/airflow/example_dags/example_dag_decorator.py
[2023-12-05T17:59:07.905+0000] {processor.py:829} INFO - Processing file /usr/local/lib/python3.10/dist-packages/airflow/example_dags/example_dag_decorator.py for tasks to queue
[2023-12-05T17:59:07.907+0000] {logging_mixin.py:154} INFO - [2023-12-05T17:59:07.906+0000] {dagbag.py:536} INFO - Filling up the DagBag from /usr/local/lib/python3.10/dist-packages/airflow/example_dags/example_dag_decorator.py
[2023-12-05T17:59:07.927+0000] {processor.py:839} INFO - DAG(s) dict_keys(['example_dag_decorator']) retrieved from /usr/local/lib/python3.10/dist-packages/airflow/example_dags/example_dag_decorator.py
[2023-12-05T17:59:08.125+0000] {logging_mixin.py:154} INFO - [2023-12-05T17:59:08.125+0000] {dag.py:2941} INFO - Sync 1 DAGs
[2023-12-05T17:59:08.135+0000] {logging_mixin.py:154} INFO - [2023-12-05T17:59:08.135+0000] {dag.py:3722} INFO - Setting next_dagrun for example_dag_decorator to None, run_after=None
[2023-12-05T17:59:08.171+0000] {processor.py:179} INFO - Processing /usr/local/lib/python3.10/dist-packages/airflow/example_dags/example_dag_decorator.py took 0.272 seconds
[2023-12-05T18:00:02.283+0000] {processor.py:157} INFO - Started process (PID=11199) to work on /usr/local/lib/python3.10/dist-packages/airflow/example_dags/example_dag_decorator.py
[2023-12-05T18:00:02.284+0000] {processor.py:829} INFO - Processing file /usr/local/lib/python3.10/dist-packages/airflow/example_dags/example_dag_decorator.py for tasks to queue
[2023-12-05T18:00:02.286+0000] {logging_mixin.py:154} INFO - [2023-12-05T18:00:02.285+0000] {dagbag.py:536} INFO - Filling up the DagBag from /usr/local/lib/python3.10/dist-packages/airflow/example_dags/example_dag_decorator.py
[2023-12-05T18:00:02.313+0000] {processor.py:839} INFO - DAG(s) dict_keys(['example_dag_decorator']) retrieved from /usr/local/lib/python3.10/dist-packages/airflow/example_dags/example_dag_decorator.py
[2023-12-05T18:00:02.475+0000] {logging_mixin.py:154} INFO - [2023-12-05T18:00:02.475+0000] {dag.py:2941} INFO - Sync 1 DAGs
[2023-12-05T18:00:02.495+0000] {logging_mixin.py:154} INFO - [2023-12-05T18:00:02.495+0000] {dag.py:3722} INFO - Setting next_dagrun for example_dag_decorator to None, run_after=None
[2023-12-05T18:00:02.533+0000] {processor.py:179} INFO - Processing /usr/local/lib/python3.10/dist-packages/airflow/example_dags/example_dag_decorator.py took 0.258 seconds
[2023-12-05T18:00:51.984+0000] {processor.py:157} INFO - Started process (PID=11317) to work on /usr/local/lib/python3.10/dist-packages/airflow/example_dags/example_dag_decorator.py
[2023-12-05T18:00:51.986+0000] {processor.py:829} INFO - Processing file /usr/local/lib/python3.10/dist-packages/airflow/example_dags/example_dag_decorator.py for tasks to queue
[2023-12-05T18:00:51.987+0000] {logging_mixin.py:154} INFO - [2023-12-05T18:00:51.986+0000] {dagbag.py:536} INFO - Filling up the DagBag from /usr/local/lib/python3.10/dist-packages/airflow/example_dags/example_dag_decorator.py
[2023-12-05T18:00:52.003+0000] {processor.py:839} INFO - DAG(s) dict_keys(['example_dag_decorator']) retrieved from /usr/local/lib/python3.10/dist-packages/airflow/example_dags/example_dag_decorator.py
[2023-12-05T18:00:52.143+0000] {logging_mixin.py:154} INFO - [2023-12-05T18:00:52.143+0000] {dag.py:2941} INFO - Sync 1 DAGs
[2023-12-05T18:00:52.154+0000] {logging_mixin.py:154} INFO - [2023-12-05T18:00:52.154+0000] {dag.py:3722} INFO - Setting next_dagrun for example_dag_decorator to None, run_after=None
[2023-12-05T18:00:52.181+0000] {processor.py:179} INFO - Processing /usr/local/lib/python3.10/dist-packages/airflow/example_dags/example_dag_decorator.py took 0.200 seconds
[2023-12-05T18:01:38.640+0000] {processor.py:157} INFO - Started process (PID=11493) to work on /usr/local/lib/python3.10/dist-packages/airflow/example_dags/example_dag_decorator.py
[2023-12-05T18:01:38.642+0000] {processor.py:829} INFO - Processing file /usr/local/lib/python3.10/dist-packages/airflow/example_dags/example_dag_decorator.py for tasks to queue
[2023-12-05T18:01:38.643+0000] {logging_mixin.py:154} INFO - [2023-12-05T18:01:38.642+0000] {dagbag.py:536} INFO - Filling up the DagBag from /usr/local/lib/python3.10/dist-packages/airflow/example_dags/example_dag_decorator.py
[2023-12-05T18:01:38.656+0000] {processor.py:839} INFO - DAG(s) dict_keys(['example_dag_decorator']) retrieved from /usr/local/lib/python3.10/dist-packages/airflow/example_dags/example_dag_decorator.py
[2023-12-05T18:01:38.753+0000] {logging_mixin.py:154} INFO - [2023-12-05T18:01:38.752+0000] {dag.py:2941} INFO - Sync 1 DAGs
[2023-12-05T18:01:38.762+0000] {logging_mixin.py:154} INFO - [2023-12-05T18:01:38.762+0000] {dag.py:3722} INFO - Setting next_dagrun for example_dag_decorator to None, run_after=None
[2023-12-05T18:01:38.788+0000] {processor.py:179} INFO - Processing /usr/local/lib/python3.10/dist-packages/airflow/example_dags/example_dag_decorator.py took 0.151 seconds
[2023-12-05T18:02:28.271+0000] {processor.py:157} INFO - Started process (PID=11610) to work on /usr/local/lib/python3.10/dist-packages/airflow/example_dags/example_dag_decorator.py
[2023-12-05T18:02:28.276+0000] {processor.py:829} INFO - Processing file /usr/local/lib/python3.10/dist-packages/airflow/example_dags/example_dag_decorator.py for tasks to queue
[2023-12-05T18:02:28.278+0000] {logging_mixin.py:154} INFO - [2023-12-05T18:02:28.277+0000] {dagbag.py:536} INFO - Filling up the DagBag from /usr/local/lib/python3.10/dist-packages/airflow/example_dags/example_dag_decorator.py
[2023-12-05T18:02:28.294+0000] {processor.py:839} INFO - DAG(s) dict_keys(['example_dag_decorator']) retrieved from /usr/local/lib/python3.10/dist-packages/airflow/example_dags/example_dag_decorator.py
[2023-12-05T18:02:28.415+0000] {logging_mixin.py:154} INFO - [2023-12-05T18:02:28.415+0000] {dag.py:2941} INFO - Sync 1 DAGs
[2023-12-05T18:02:28.427+0000] {logging_mixin.py:154} INFO - [2023-12-05T18:02:28.427+0000] {dag.py:3722} INFO - Setting next_dagrun for example_dag_decorator to None, run_after=None
[2023-12-05T18:02:28.459+0000] {processor.py:179} INFO - Processing /usr/local/lib/python3.10/dist-packages/airflow/example_dags/example_dag_decorator.py took 0.192 seconds
[2023-12-05T18:03:22.684+0000] {processor.py:157} INFO - Started process (PID=11731) to work on /usr/local/lib/python3.10/dist-packages/airflow/example_dags/example_dag_decorator.py
[2023-12-05T18:03:22.685+0000] {processor.py:829} INFO - Processing file /usr/local/lib/python3.10/dist-packages/airflow/example_dags/example_dag_decorator.py for tasks to queue
[2023-12-05T18:03:22.686+0000] {logging_mixin.py:154} INFO - [2023-12-05T18:03:22.686+0000] {dagbag.py:536} INFO - Filling up the DagBag from /usr/local/lib/python3.10/dist-packages/airflow/example_dags/example_dag_decorator.py
[2023-12-05T18:03:22.700+0000] {processor.py:839} INFO - DAG(s) dict_keys(['example_dag_decorator']) retrieved from /usr/local/lib/python3.10/dist-packages/airflow/example_dags/example_dag_decorator.py
[2023-12-05T18:03:22.807+0000] {logging_mixin.py:154} INFO - [2023-12-05T18:03:22.807+0000] {dag.py:2941} INFO - Sync 1 DAGs
[2023-12-05T18:03:22.817+0000] {logging_mixin.py:154} INFO - [2023-12-05T18:03:22.816+0000] {dag.py:3722} INFO - Setting next_dagrun for example_dag_decorator to None, run_after=None
[2023-12-05T18:03:22.841+0000] {processor.py:179} INFO - Processing /usr/local/lib/python3.10/dist-packages/airflow/example_dags/example_dag_decorator.py took 0.161 seconds
[2023-12-05T18:04:09.792+0000] {processor.py:157} INFO - Started process (PID=11847) to work on /usr/local/lib/python3.10/dist-packages/airflow/example_dags/example_dag_decorator.py
[2023-12-05T18:04:09.793+0000] {processor.py:829} INFO - Processing file /usr/local/lib/python3.10/dist-packages/airflow/example_dags/example_dag_decorator.py for tasks to queue
[2023-12-05T18:04:09.794+0000] {logging_mixin.py:154} INFO - [2023-12-05T18:04:09.794+0000] {dagbag.py:536} INFO - Filling up the DagBag from /usr/local/lib/python3.10/dist-packages/airflow/example_dags/example_dag_decorator.py
[2023-12-05T18:04:09.808+0000] {processor.py:839} INFO - DAG(s) dict_keys(['example_dag_decorator']) retrieved from /usr/local/lib/python3.10/dist-packages/airflow/example_dags/example_dag_decorator.py
[2023-12-05T18:04:09.926+0000] {logging_mixin.py:154} INFO - [2023-12-05T18:04:09.926+0000] {dag.py:2941} INFO - Sync 1 DAGs
[2023-12-05T18:04:09.936+0000] {logging_mixin.py:154} INFO - [2023-12-05T18:04:09.936+0000] {dag.py:3722} INFO - Setting next_dagrun for example_dag_decorator to None, run_after=None
[2023-12-05T18:04:09.965+0000] {processor.py:179} INFO - Processing /usr/local/lib/python3.10/dist-packages/airflow/example_dags/example_dag_decorator.py took 0.177 seconds
[2023-12-05T18:05:02.499+0000] {processor.py:157} INFO - Started process (PID=12359) to work on /usr/local/lib/python3.10/dist-packages/airflow/example_dags/example_dag_decorator.py
[2023-12-05T18:05:02.501+0000] {processor.py:829} INFO - Processing file /usr/local/lib/python3.10/dist-packages/airflow/example_dags/example_dag_decorator.py for tasks to queue
[2023-12-05T18:05:02.502+0000] {logging_mixin.py:154} INFO - [2023-12-05T18:05:02.502+0000] {dagbag.py:536} INFO - Filling up the DagBag from /usr/local/lib/python3.10/dist-packages/airflow/example_dags/example_dag_decorator.py
[2023-12-05T18:05:02.520+0000] {processor.py:839} INFO - DAG(s) dict_keys(['example_dag_decorator']) retrieved from /usr/local/lib/python3.10/dist-packages/airflow/example_dags/example_dag_decorator.py
[2023-12-05T18:05:02.669+0000] {logging_mixin.py:154} INFO - [2023-12-05T18:05:02.668+0000] {dag.py:2941} INFO - Sync 1 DAGs
[2023-12-05T18:05:02.690+0000] {logging_mixin.py:154} INFO - [2023-12-05T18:05:02.690+0000] {dag.py:3722} INFO - Setting next_dagrun for example_dag_decorator to None, run_after=None
[2023-12-05T18:05:02.724+0000] {processor.py:179} INFO - Processing /usr/local/lib/python3.10/dist-packages/airflow/example_dags/example_dag_decorator.py took 0.229 seconds
[2023-12-05T18:05:53.026+0000] {processor.py:157} INFO - Started process (PID=12536) to work on /usr/local/lib/python3.10/dist-packages/airflow/example_dags/example_dag_decorator.py
[2023-12-05T18:05:53.027+0000] {processor.py:829} INFO - Processing file /usr/local/lib/python3.10/dist-packages/airflow/example_dags/example_dag_decorator.py for tasks to queue
[2023-12-05T18:05:53.028+0000] {logging_mixin.py:154} INFO - [2023-12-05T18:05:53.028+0000] {dagbag.py:536} INFO - Filling up the DagBag from /usr/local/lib/python3.10/dist-packages/airflow/example_dags/example_dag_decorator.py
[2023-12-05T18:05:53.041+0000] {processor.py:839} INFO - DAG(s) dict_keys(['example_dag_decorator']) retrieved from /usr/local/lib/python3.10/dist-packages/airflow/example_dags/example_dag_decorator.py
[2023-12-05T18:05:53.158+0000] {logging_mixin.py:154} INFO - [2023-12-05T18:05:53.158+0000] {dag.py:2941} INFO - Sync 1 DAGs
[2023-12-05T18:05:53.169+0000] {logging_mixin.py:154} INFO - [2023-12-05T18:05:53.169+0000] {dag.py:3722} INFO - Setting next_dagrun for example_dag_decorator to None, run_after=None
[2023-12-05T18:05:53.197+0000] {processor.py:179} INFO - Processing /usr/local/lib/python3.10/dist-packages/airflow/example_dags/example_dag_decorator.py took 0.175 seconds
[2023-12-05T18:06:44.943+0000] {processor.py:157} INFO - Started process (PID=12779) to work on /usr/local/lib/python3.10/dist-packages/airflow/example_dags/example_dag_decorator.py
[2023-12-05T18:06:44.944+0000] {processor.py:829} INFO - Processing file /usr/local/lib/python3.10/dist-packages/airflow/example_dags/example_dag_decorator.py for tasks to queue
[2023-12-05T18:06:44.945+0000] {logging_mixin.py:154} INFO - [2023-12-05T18:06:44.945+0000] {dagbag.py:536} INFO - Filling up the DagBag from /usr/local/lib/python3.10/dist-packages/airflow/example_dags/example_dag_decorator.py
[2023-12-05T18:06:44.959+0000] {processor.py:839} INFO - DAG(s) dict_keys(['example_dag_decorator']) retrieved from /usr/local/lib/python3.10/dist-packages/airflow/example_dags/example_dag_decorator.py
[2023-12-05T18:06:45.091+0000] {logging_mixin.py:154} INFO - [2023-12-05T18:06:45.091+0000] {dag.py:2941} INFO - Sync 1 DAGs
[2023-12-05T18:06:45.103+0000] {logging_mixin.py:154} INFO - [2023-12-05T18:06:45.103+0000] {dag.py:3722} INFO - Setting next_dagrun for example_dag_decorator to None, run_after=None
[2023-12-05T18:06:45.129+0000] {processor.py:179} INFO - Processing /usr/local/lib/python3.10/dist-packages/airflow/example_dags/example_dag_decorator.py took 0.190 seconds
[2023-12-05T18:07:41.036+0000] {processor.py:157} INFO - Started process (PID=13080) to work on /usr/local/lib/python3.10/dist-packages/airflow/example_dags/example_dag_decorator.py
[2023-12-05T18:07:41.037+0000] {processor.py:829} INFO - Processing file /usr/local/lib/python3.10/dist-packages/airflow/example_dags/example_dag_decorator.py for tasks to queue
[2023-12-05T18:07:41.038+0000] {logging_mixin.py:154} INFO - [2023-12-05T18:07:41.038+0000] {dagbag.py:536} INFO - Filling up the DagBag from /usr/local/lib/python3.10/dist-packages/airflow/example_dags/example_dag_decorator.py
[2023-12-05T18:07:41.053+0000] {processor.py:839} INFO - DAG(s) dict_keys(['example_dag_decorator']) retrieved from /usr/local/lib/python3.10/dist-packages/airflow/example_dags/example_dag_decorator.py
[2023-12-05T18:07:41.160+0000] {logging_mixin.py:154} INFO - [2023-12-05T18:07:41.160+0000] {dag.py:2941} INFO - Sync 1 DAGs
[2023-12-05T18:07:41.169+0000] {logging_mixin.py:154} INFO - [2023-12-05T18:07:41.169+0000] {dag.py:3722} INFO - Setting next_dagrun for example_dag_decorator to None, run_after=None
[2023-12-05T18:07:41.193+0000] {processor.py:179} INFO - Processing /usr/local/lib/python3.10/dist-packages/airflow/example_dags/example_dag_decorator.py took 0.161 seconds
[2023-12-05T18:08:24.847+0000] {processor.py:157} INFO - Started process (PID=13196) to work on /usr/local/lib/python3.10/dist-packages/airflow/example_dags/example_dag_decorator.py
[2023-12-05T18:08:24.849+0000] {processor.py:829} INFO - Processing file /usr/local/lib/python3.10/dist-packages/airflow/example_dags/example_dag_decorator.py for tasks to queue
[2023-12-05T18:08:24.849+0000] {logging_mixin.py:154} INFO - [2023-12-05T18:08:24.849+0000] {dagbag.py:536} INFO - Filling up the DagBag from /usr/local/lib/python3.10/dist-packages/airflow/example_dags/example_dag_decorator.py
[2023-12-05T18:08:24.861+0000] {processor.py:839} INFO - DAG(s) dict_keys(['example_dag_decorator']) retrieved from /usr/local/lib/python3.10/dist-packages/airflow/example_dags/example_dag_decorator.py
[2023-12-05T18:08:24.961+0000] {logging_mixin.py:154} INFO - [2023-12-05T18:08:24.961+0000] {dag.py:2941} INFO - Sync 1 DAGs
[2023-12-05T18:08:24.970+0000] {logging_mixin.py:154} INFO - [2023-12-05T18:08:24.970+0000] {dag.py:3722} INFO - Setting next_dagrun for example_dag_decorator to None, run_after=None
[2023-12-05T18:08:24.997+0000] {processor.py:179} INFO - Processing /usr/local/lib/python3.10/dist-packages/airflow/example_dags/example_dag_decorator.py took 0.153 seconds
[2023-12-05T18:09:15.735+0000] {processor.py:157} INFO - Started process (PID=13620) to work on /usr/local/lib/python3.10/dist-packages/airflow/example_dags/example_dag_decorator.py
[2023-12-05T18:09:15.737+0000] {processor.py:829} INFO - Processing file /usr/local/lib/python3.10/dist-packages/airflow/example_dags/example_dag_decorator.py for tasks to queue
[2023-12-05T18:09:15.738+0000] {logging_mixin.py:154} INFO - [2023-12-05T18:09:15.738+0000] {dagbag.py:536} INFO - Filling up the DagBag from /usr/local/lib/python3.10/dist-packages/airflow/example_dags/example_dag_decorator.py
[2023-12-05T18:09:15.757+0000] {processor.py:839} INFO - DAG(s) dict_keys(['example_dag_decorator']) retrieved from /usr/local/lib/python3.10/dist-packages/airflow/example_dags/example_dag_decorator.py
[2023-12-05T18:09:15.877+0000] {logging_mixin.py:154} INFO - [2023-12-05T18:09:15.877+0000] {dag.py:2941} INFO - Sync 1 DAGs
[2023-12-05T18:09:15.888+0000] {logging_mixin.py:154} INFO - [2023-12-05T18:09:15.888+0000] {dag.py:3722} INFO - Setting next_dagrun for example_dag_decorator to None, run_after=None
[2023-12-05T18:09:15.913+0000] {processor.py:179} INFO - Processing /usr/local/lib/python3.10/dist-packages/airflow/example_dags/example_dag_decorator.py took 0.181 seconds
[2023-12-05T18:10:05.975+0000] {processor.py:157} INFO - Started process (PID=13702) to work on /usr/local/lib/python3.10/dist-packages/airflow/example_dags/example_dag_decorator.py
[2023-12-05T18:10:05.977+0000] {processor.py:829} INFO - Processing file /usr/local/lib/python3.10/dist-packages/airflow/example_dags/example_dag_decorator.py for tasks to queue
[2023-12-05T18:10:05.978+0000] {logging_mixin.py:154} INFO - [2023-12-05T18:10:05.978+0000] {dagbag.py:536} INFO - Filling up the DagBag from /usr/local/lib/python3.10/dist-packages/airflow/example_dags/example_dag_decorator.py
[2023-12-05T18:10:05.996+0000] {processor.py:839} INFO - DAG(s) dict_keys(['example_dag_decorator']) retrieved from /usr/local/lib/python3.10/dist-packages/airflow/example_dags/example_dag_decorator.py
[2023-12-05T18:10:06.112+0000] {logging_mixin.py:154} INFO - [2023-12-05T18:10:06.112+0000] {dag.py:2941} INFO - Sync 1 DAGs
[2023-12-05T18:10:06.124+0000] {logging_mixin.py:154} INFO - [2023-12-05T18:10:06.124+0000] {dag.py:3722} INFO - Setting next_dagrun for example_dag_decorator to None, run_after=None
[2023-12-05T18:10:06.149+0000] {processor.py:179} INFO - Processing /usr/local/lib/python3.10/dist-packages/airflow/example_dags/example_dag_decorator.py took 0.178 seconds
