[2023-12-05T17:46:44.295+0000] {processor.py:157} INFO - Started process (PID=9277) to work on /usr/local/lib/python3.10/dist-packages/airflow/example_dags/example_branch_python_dop_operator_3.py
[2023-12-05T17:46:44.296+0000] {processor.py:829} INFO - Processing file /usr/local/lib/python3.10/dist-packages/airflow/example_dags/example_branch_python_dop_operator_3.py for tasks to queue
[2023-12-05T17:46:44.297+0000] {logging_mixin.py:154} INFO - [2023-12-05T17:46:44.296+0000] {dagbag.py:536} INFO - Filling up the DagBag from /usr/local/lib/python3.10/dist-packages/airflow/example_dags/example_branch_python_dop_operator_3.py
[2023-12-05T17:46:44.308+0000] {processor.py:839} INFO - DAG(s) dict_keys(['example_branch_dop_operator_v3']) retrieved from /usr/local/lib/python3.10/dist-packages/airflow/example_dags/example_branch_python_dop_operator_3.py
[2023-12-05T17:46:44.341+0000] {logging_mixin.py:154} INFO - [2023-12-05T17:46:44.339+0000] {dag.py:2941} INFO - Sync 1 DAGs
[2023-12-05T17:46:44.374+0000] {logging_mixin.py:154} INFO - [2023-12-05T17:46:44.374+0000] {dag.py:3722} INFO - Setting next_dagrun for example_branch_dop_operator_v3 to 2023-12-05T17:45:00+00:00, run_after=2023-12-05T17:46:00+00:00
[2023-12-05T17:46:44.405+0000] {processor.py:179} INFO - Processing /usr/local/lib/python3.10/dist-packages/airflow/example_dags/example_branch_python_dop_operator_3.py took 0.113 seconds
[2023-12-05T17:47:40.586+0000] {processor.py:157} INFO - Started process (PID=9398) to work on /usr/local/lib/python3.10/dist-packages/airflow/example_dags/example_branch_python_dop_operator_3.py
[2023-12-05T17:47:40.588+0000] {processor.py:829} INFO - Processing file /usr/local/lib/python3.10/dist-packages/airflow/example_dags/example_branch_python_dop_operator_3.py for tasks to queue
[2023-12-05T17:47:40.589+0000] {logging_mixin.py:154} INFO - [2023-12-05T17:47:40.588+0000] {dagbag.py:536} INFO - Filling up the DagBag from /usr/local/lib/python3.10/dist-packages/airflow/example_dags/example_branch_python_dop_operator_3.py
[2023-12-05T17:47:40.599+0000] {processor.py:839} INFO - DAG(s) dict_keys(['example_branch_dop_operator_v3']) retrieved from /usr/local/lib/python3.10/dist-packages/airflow/example_dags/example_branch_python_dop_operator_3.py
[2023-12-05T17:47:40.615+0000] {logging_mixin.py:154} INFO - [2023-12-05T17:47:40.615+0000] {dag.py:2941} INFO - Sync 1 DAGs
[2023-12-05T17:47:40.639+0000] {logging_mixin.py:154} INFO - [2023-12-05T17:47:40.639+0000] {dag.py:3722} INFO - Setting next_dagrun for example_branch_dop_operator_v3 to 2023-12-05T17:46:00+00:00, run_after=2023-12-05T17:47:00+00:00
[2023-12-05T17:47:40.670+0000] {processor.py:179} INFO - Processing /usr/local/lib/python3.10/dist-packages/airflow/example_dags/example_branch_python_dop_operator_3.py took 0.087 seconds
[2023-12-05T17:48:35.304+0000] {processor.py:157} INFO - Started process (PID=9576) to work on /usr/local/lib/python3.10/dist-packages/airflow/example_dags/example_branch_python_dop_operator_3.py
[2023-12-05T17:48:35.309+0000] {processor.py:829} INFO - Processing file /usr/local/lib/python3.10/dist-packages/airflow/example_dags/example_branch_python_dop_operator_3.py for tasks to queue
[2023-12-05T17:48:35.310+0000] {logging_mixin.py:154} INFO - [2023-12-05T17:48:35.309+0000] {dagbag.py:536} INFO - Filling up the DagBag from /usr/local/lib/python3.10/dist-packages/airflow/example_dags/example_branch_python_dop_operator_3.py
[2023-12-05T17:48:35.327+0000] {processor.py:839} INFO - DAG(s) dict_keys(['example_branch_dop_operator_v3']) retrieved from /usr/local/lib/python3.10/dist-packages/airflow/example_dags/example_branch_python_dop_operator_3.py
[2023-12-05T17:48:35.365+0000] {logging_mixin.py:154} INFO - [2023-12-05T17:48:35.364+0000] {dag.py:2941} INFO - Sync 1 DAGs
[2023-12-05T17:48:35.400+0000] {logging_mixin.py:154} INFO - [2023-12-05T17:48:35.400+0000] {dag.py:3722} INFO - Setting next_dagrun for example_branch_dop_operator_v3 to 2023-12-05T17:47:00+00:00, run_after=2023-12-05T17:48:00+00:00
[2023-12-05T17:48:35.428+0000] {processor.py:179} INFO - Processing /usr/local/lib/python3.10/dist-packages/airflow/example_dags/example_branch_python_dop_operator_3.py took 0.128 seconds
[2023-12-05T17:49:28.955+0000] {processor.py:157} INFO - Started process (PID=9695) to work on /usr/local/lib/python3.10/dist-packages/airflow/example_dags/example_branch_python_dop_operator_3.py
[2023-12-05T17:49:28.956+0000] {processor.py:829} INFO - Processing file /usr/local/lib/python3.10/dist-packages/airflow/example_dags/example_branch_python_dop_operator_3.py for tasks to queue
[2023-12-05T17:49:28.958+0000] {logging_mixin.py:154} INFO - [2023-12-05T17:49:28.957+0000] {dagbag.py:536} INFO - Filling up the DagBag from /usr/local/lib/python3.10/dist-packages/airflow/example_dags/example_branch_python_dop_operator_3.py
[2023-12-05T17:49:28.972+0000] {processor.py:839} INFO - DAG(s) dict_keys(['example_branch_dop_operator_v3']) retrieved from /usr/local/lib/python3.10/dist-packages/airflow/example_dags/example_branch_python_dop_operator_3.py
[2023-12-05T17:49:28.994+0000] {logging_mixin.py:154} INFO - [2023-12-05T17:49:28.994+0000] {dag.py:2941} INFO - Sync 1 DAGs
[2023-12-05T17:49:29.028+0000] {logging_mixin.py:154} INFO - [2023-12-05T17:49:29.028+0000] {dag.py:3722} INFO - Setting next_dagrun for example_branch_dop_operator_v3 to 2023-12-05T17:48:00+00:00, run_after=2023-12-05T17:49:00+00:00
[2023-12-05T17:49:29.053+0000] {processor.py:179} INFO - Processing /usr/local/lib/python3.10/dist-packages/airflow/example_dags/example_branch_python_dop_operator_3.py took 0.102 seconds
[2023-12-05T17:50:23.099+0000] {processor.py:157} INFO - Started process (PID=9817) to work on /usr/local/lib/python3.10/dist-packages/airflow/example_dags/example_branch_python_dop_operator_3.py
[2023-12-05T17:50:23.101+0000] {processor.py:829} INFO - Processing file /usr/local/lib/python3.10/dist-packages/airflow/example_dags/example_branch_python_dop_operator_3.py for tasks to queue
[2023-12-05T17:50:23.102+0000] {logging_mixin.py:154} INFO - [2023-12-05T17:50:23.101+0000] {dagbag.py:536} INFO - Filling up the DagBag from /usr/local/lib/python3.10/dist-packages/airflow/example_dags/example_branch_python_dop_operator_3.py
[2023-12-05T17:50:23.113+0000] {processor.py:839} INFO - DAG(s) dict_keys(['example_branch_dop_operator_v3']) retrieved from /usr/local/lib/python3.10/dist-packages/airflow/example_dags/example_branch_python_dop_operator_3.py
[2023-12-05T17:50:23.133+0000] {logging_mixin.py:154} INFO - [2023-12-05T17:50:23.133+0000] {dag.py:2941} INFO - Sync 1 DAGs
[2023-12-05T17:50:23.163+0000] {logging_mixin.py:154} INFO - [2023-12-05T17:50:23.163+0000] {dag.py:3722} INFO - Setting next_dagrun for example_branch_dop_operator_v3 to 2023-12-05T17:49:00+00:00, run_after=2023-12-05T17:50:00+00:00
[2023-12-05T17:50:23.195+0000] {processor.py:179} INFO - Processing /usr/local/lib/python3.10/dist-packages/airflow/example_dags/example_branch_python_dop_operator_3.py took 0.099 seconds
[2023-12-05T17:51:13.037+0000] {processor.py:157} INFO - Started process (PID=9994) to work on /usr/local/lib/python3.10/dist-packages/airflow/example_dags/example_branch_python_dop_operator_3.py
[2023-12-05T17:51:13.038+0000] {processor.py:829} INFO - Processing file /usr/local/lib/python3.10/dist-packages/airflow/example_dags/example_branch_python_dop_operator_3.py for tasks to queue
[2023-12-05T17:51:13.039+0000] {logging_mixin.py:154} INFO - [2023-12-05T17:51:13.039+0000] {dagbag.py:536} INFO - Filling up the DagBag from /usr/local/lib/python3.10/dist-packages/airflow/example_dags/example_branch_python_dop_operator_3.py
[2023-12-05T17:51:13.047+0000] {processor.py:839} INFO - DAG(s) dict_keys(['example_branch_dop_operator_v3']) retrieved from /usr/local/lib/python3.10/dist-packages/airflow/example_dags/example_branch_python_dop_operator_3.py
[2023-12-05T17:51:13.063+0000] {logging_mixin.py:154} INFO - [2023-12-05T17:51:13.063+0000] {dag.py:2941} INFO - Sync 1 DAGs
[2023-12-05T17:51:13.090+0000] {logging_mixin.py:154} INFO - [2023-12-05T17:51:13.089+0000] {dag.py:3722} INFO - Setting next_dagrun for example_branch_dop_operator_v3 to 2023-12-05T17:50:00+00:00, run_after=2023-12-05T17:51:00+00:00
[2023-12-05T17:51:13.118+0000] {processor.py:179} INFO - Processing /usr/local/lib/python3.10/dist-packages/airflow/example_dags/example_branch_python_dop_operator_3.py took 0.084 seconds
[2023-12-05T17:52:06.841+0000] {processor.py:157} INFO - Started process (PID=10111) to work on /usr/local/lib/python3.10/dist-packages/airflow/example_dags/example_branch_python_dop_operator_3.py
[2023-12-05T17:52:06.842+0000] {processor.py:829} INFO - Processing file /usr/local/lib/python3.10/dist-packages/airflow/example_dags/example_branch_python_dop_operator_3.py for tasks to queue
[2023-12-05T17:52:06.843+0000] {logging_mixin.py:154} INFO - [2023-12-05T17:52:06.842+0000] {dagbag.py:536} INFO - Filling up the DagBag from /usr/local/lib/python3.10/dist-packages/airflow/example_dags/example_branch_python_dop_operator_3.py
[2023-12-05T17:52:06.853+0000] {processor.py:839} INFO - DAG(s) dict_keys(['example_branch_dop_operator_v3']) retrieved from /usr/local/lib/python3.10/dist-packages/airflow/example_dags/example_branch_python_dop_operator_3.py
[2023-12-05T17:52:06.868+0000] {logging_mixin.py:154} INFO - [2023-12-05T17:52:06.868+0000] {dag.py:2941} INFO - Sync 1 DAGs
[2023-12-05T17:52:06.891+0000] {logging_mixin.py:154} INFO - [2023-12-05T17:52:06.891+0000] {dag.py:3722} INFO - Setting next_dagrun for example_branch_dop_operator_v3 to 2023-12-05T17:51:00+00:00, run_after=2023-12-05T17:52:00+00:00
[2023-12-05T17:52:06.915+0000] {processor.py:179} INFO - Processing /usr/local/lib/python3.10/dist-packages/airflow/example_dags/example_branch_python_dop_operator_3.py took 0.081 seconds
[2023-12-05T17:52:58.917+0000] {processor.py:157} INFO - Started process (PID=10170) to work on /usr/local/lib/python3.10/dist-packages/airflow/example_dags/example_branch_python_dop_operator_3.py
[2023-12-05T17:52:58.918+0000] {processor.py:829} INFO - Processing file /usr/local/lib/python3.10/dist-packages/airflow/example_dags/example_branch_python_dop_operator_3.py for tasks to queue
[2023-12-05T17:52:58.919+0000] {logging_mixin.py:154} INFO - [2023-12-05T17:52:58.919+0000] {dagbag.py:536} INFO - Filling up the DagBag from /usr/local/lib/python3.10/dist-packages/airflow/example_dags/example_branch_python_dop_operator_3.py
[2023-12-05T17:52:58.932+0000] {processor.py:839} INFO - DAG(s) dict_keys(['example_branch_dop_operator_v3']) retrieved from /usr/local/lib/python3.10/dist-packages/airflow/example_dags/example_branch_python_dop_operator_3.py
[2023-12-05T17:52:58.948+0000] {logging_mixin.py:154} INFO - [2023-12-05T17:52:58.948+0000] {dag.py:2941} INFO - Sync 1 DAGs
[2023-12-05T17:52:58.973+0000] {logging_mixin.py:154} INFO - [2023-12-05T17:52:58.973+0000] {dag.py:3722} INFO - Setting next_dagrun for example_branch_dop_operator_v3 to 2023-12-05T17:51:00+00:00, run_after=2023-12-05T17:52:00+00:00
[2023-12-05T17:52:58.999+0000] {processor.py:179} INFO - Processing /usr/local/lib/python3.10/dist-packages/airflow/example_dags/example_branch_python_dop_operator_3.py took 0.085 seconds
[2023-12-05T17:53:50.377+0000] {processor.py:157} INFO - Started process (PID=10350) to work on /usr/local/lib/python3.10/dist-packages/airflow/example_dags/example_branch_python_dop_operator_3.py
[2023-12-05T17:53:50.379+0000] {processor.py:829} INFO - Processing file /usr/local/lib/python3.10/dist-packages/airflow/example_dags/example_branch_python_dop_operator_3.py for tasks to queue
[2023-12-05T17:53:50.380+0000] {logging_mixin.py:154} INFO - [2023-12-05T17:53:50.379+0000] {dagbag.py:536} INFO - Filling up the DagBag from /usr/local/lib/python3.10/dist-packages/airflow/example_dags/example_branch_python_dop_operator_3.py
[2023-12-05T17:53:50.390+0000] {processor.py:839} INFO - DAG(s) dict_keys(['example_branch_dop_operator_v3']) retrieved from /usr/local/lib/python3.10/dist-packages/airflow/example_dags/example_branch_python_dop_operator_3.py
[2023-12-05T17:53:50.412+0000] {logging_mixin.py:154} INFO - [2023-12-05T17:53:50.412+0000] {dag.py:2941} INFO - Sync 1 DAGs
[2023-12-05T17:53:50.441+0000] {logging_mixin.py:154} INFO - [2023-12-05T17:53:50.441+0000] {dag.py:3722} INFO - Setting next_dagrun for example_branch_dop_operator_v3 to 2023-12-05T17:52:00+00:00, run_after=2023-12-05T17:53:00+00:00
[2023-12-05T17:53:50.467+0000] {processor.py:179} INFO - Processing /usr/local/lib/python3.10/dist-packages/airflow/example_dags/example_branch_python_dop_operator_3.py took 0.093 seconds
[2023-12-05T17:54:37.621+0000] {processor.py:157} INFO - Started process (PID=10468) to work on /usr/local/lib/python3.10/dist-packages/airflow/example_dags/example_branch_python_dop_operator_3.py
[2023-12-05T17:54:37.623+0000] {processor.py:829} INFO - Processing file /usr/local/lib/python3.10/dist-packages/airflow/example_dags/example_branch_python_dop_operator_3.py for tasks to queue
[2023-12-05T17:54:37.625+0000] {logging_mixin.py:154} INFO - [2023-12-05T17:54:37.624+0000] {dagbag.py:536} INFO - Filling up the DagBag from /usr/local/lib/python3.10/dist-packages/airflow/example_dags/example_branch_python_dop_operator_3.py
[2023-12-05T17:54:37.637+0000] {processor.py:839} INFO - DAG(s) dict_keys(['example_branch_dop_operator_v3']) retrieved from /usr/local/lib/python3.10/dist-packages/airflow/example_dags/example_branch_python_dop_operator_3.py
[2023-12-05T17:54:37.657+0000] {logging_mixin.py:154} INFO - [2023-12-05T17:54:37.656+0000] {dag.py:2941} INFO - Sync 1 DAGs
[2023-12-05T17:54:37.684+0000] {logging_mixin.py:154} INFO - [2023-12-05T17:54:37.684+0000] {dag.py:3722} INFO - Setting next_dagrun for example_branch_dop_operator_v3 to 2023-12-05T17:53:00+00:00, run_after=2023-12-05T17:54:00+00:00
[2023-12-05T17:54:37.710+0000] {processor.py:179} INFO - Processing /usr/local/lib/python3.10/dist-packages/airflow/example_dags/example_branch_python_dop_operator_3.py took 0.093 seconds
[2023-12-05T17:55:32.818+0000] {processor.py:157} INFO - Started process (PID=10586) to work on /usr/local/lib/python3.10/dist-packages/airflow/example_dags/example_branch_python_dop_operator_3.py
[2023-12-05T17:55:32.820+0000] {processor.py:829} INFO - Processing file /usr/local/lib/python3.10/dist-packages/airflow/example_dags/example_branch_python_dop_operator_3.py for tasks to queue
[2023-12-05T17:55:32.820+0000] {logging_mixin.py:154} INFO - [2023-12-05T17:55:32.820+0000] {dagbag.py:536} INFO - Filling up the DagBag from /usr/local/lib/python3.10/dist-packages/airflow/example_dags/example_branch_python_dop_operator_3.py
[2023-12-05T17:55:32.831+0000] {processor.py:839} INFO - DAG(s) dict_keys(['example_branch_dop_operator_v3']) retrieved from /usr/local/lib/python3.10/dist-packages/airflow/example_dags/example_branch_python_dop_operator_3.py
[2023-12-05T17:55:32.850+0000] {logging_mixin.py:154} INFO - [2023-12-05T17:55:32.850+0000] {dag.py:2941} INFO - Sync 1 DAGs
[2023-12-05T17:55:32.877+0000] {logging_mixin.py:154} INFO - [2023-12-05T17:55:32.876+0000] {dag.py:3722} INFO - Setting next_dagrun for example_branch_dop_operator_v3 to 2023-12-05T17:54:00+00:00, run_after=2023-12-05T17:55:00+00:00
[2023-12-05T17:55:32.901+0000] {processor.py:179} INFO - Processing /usr/local/lib/python3.10/dist-packages/airflow/example_dags/example_branch_python_dop_operator_3.py took 0.087 seconds
[2023-12-05T17:56:22.524+0000] {processor.py:157} INFO - Started process (PID=10766) to work on /usr/local/lib/python3.10/dist-packages/airflow/example_dags/example_branch_python_dop_operator_3.py
[2023-12-05T17:56:22.528+0000] {processor.py:829} INFO - Processing file /usr/local/lib/python3.10/dist-packages/airflow/example_dags/example_branch_python_dop_operator_3.py for tasks to queue
[2023-12-05T17:56:22.530+0000] {logging_mixin.py:154} INFO - [2023-12-05T17:56:22.530+0000] {dagbag.py:536} INFO - Filling up the DagBag from /usr/local/lib/python3.10/dist-packages/airflow/example_dags/example_branch_python_dop_operator_3.py
[2023-12-05T17:56:22.542+0000] {processor.py:839} INFO - DAG(s) dict_keys(['example_branch_dop_operator_v3']) retrieved from /usr/local/lib/python3.10/dist-packages/airflow/example_dags/example_branch_python_dop_operator_3.py
[2023-12-05T17:56:22.563+0000] {logging_mixin.py:154} INFO - [2023-12-05T17:56:22.563+0000] {dag.py:2941} INFO - Sync 1 DAGs
[2023-12-05T17:56:22.594+0000] {logging_mixin.py:154} INFO - [2023-12-05T17:56:22.594+0000] {dag.py:3722} INFO - Setting next_dagrun for example_branch_dop_operator_v3 to 2023-12-05T17:55:00+00:00, run_after=2023-12-05T17:56:00+00:00
[2023-12-05T17:56:22.620+0000] {processor.py:179} INFO - Processing /usr/local/lib/python3.10/dist-packages/airflow/example_dags/example_branch_python_dop_operator_3.py took 0.102 seconds
[2023-12-05T17:57:16.600+0000] {processor.py:157} INFO - Started process (PID=10888) to work on /usr/local/lib/python3.10/dist-packages/airflow/example_dags/example_branch_python_dop_operator_3.py
[2023-12-05T17:57:16.604+0000] {processor.py:829} INFO - Processing file /usr/local/lib/python3.10/dist-packages/airflow/example_dags/example_branch_python_dop_operator_3.py for tasks to queue
[2023-12-05T17:57:16.605+0000] {logging_mixin.py:154} INFO - [2023-12-05T17:57:16.604+0000] {dagbag.py:536} INFO - Filling up the DagBag from /usr/local/lib/python3.10/dist-packages/airflow/example_dags/example_branch_python_dop_operator_3.py
[2023-12-05T17:57:16.622+0000] {processor.py:839} INFO - DAG(s) dict_keys(['example_branch_dop_operator_v3']) retrieved from /usr/local/lib/python3.10/dist-packages/airflow/example_dags/example_branch_python_dop_operator_3.py
[2023-12-05T17:57:16.646+0000] {logging_mixin.py:154} INFO - [2023-12-05T17:57:16.645+0000] {dag.py:2941} INFO - Sync 1 DAGs
[2023-12-05T17:57:16.679+0000] {logging_mixin.py:154} INFO - [2023-12-05T17:57:16.678+0000] {dag.py:3722} INFO - Setting next_dagrun for example_branch_dop_operator_v3 to 2023-12-05T17:56:00+00:00, run_after=2023-12-05T17:57:00+00:00
[2023-12-05T17:57:16.729+0000] {processor.py:179} INFO - Processing /usr/local/lib/python3.10/dist-packages/airflow/example_dags/example_branch_python_dop_operator_3.py took 0.143 seconds
[2023-12-05T17:58:14.212+0000] {processor.py:157} INFO - Started process (PID=11015) to work on /usr/local/lib/python3.10/dist-packages/airflow/example_dags/example_branch_python_dop_operator_3.py
[2023-12-05T17:58:14.214+0000] {processor.py:829} INFO - Processing file /usr/local/lib/python3.10/dist-packages/airflow/example_dags/example_branch_python_dop_operator_3.py for tasks to queue
[2023-12-05T17:58:14.215+0000] {logging_mixin.py:154} INFO - [2023-12-05T17:58:14.215+0000] {dagbag.py:536} INFO - Filling up the DagBag from /usr/local/lib/python3.10/dist-packages/airflow/example_dags/example_branch_python_dop_operator_3.py
[2023-12-05T17:58:14.224+0000] {processor.py:839} INFO - DAG(s) dict_keys(['example_branch_dop_operator_v3']) retrieved from /usr/local/lib/python3.10/dist-packages/airflow/example_dags/example_branch_python_dop_operator_3.py
[2023-12-05T17:58:14.243+0000] {logging_mixin.py:154} INFO - [2023-12-05T17:58:14.243+0000] {dag.py:2941} INFO - Sync 1 DAGs
[2023-12-05T17:58:14.276+0000] {logging_mixin.py:154} INFO - [2023-12-05T17:58:14.276+0000] {dag.py:3722} INFO - Setting next_dagrun for example_branch_dop_operator_v3 to 2023-12-05T17:57:00+00:00, run_after=2023-12-05T17:58:00+00:00
[2023-12-05T17:58:14.317+0000] {processor.py:179} INFO - Processing /usr/local/lib/python3.10/dist-packages/airflow/example_dags/example_branch_python_dop_operator_3.py took 0.108 seconds
[2023-12-05T17:59:03.895+0000] {processor.py:157} INFO - Started process (PID=11073) to work on /usr/local/lib/python3.10/dist-packages/airflow/example_dags/example_branch_python_dop_operator_3.py
[2023-12-05T17:59:03.896+0000] {processor.py:829} INFO - Processing file /usr/local/lib/python3.10/dist-packages/airflow/example_dags/example_branch_python_dop_operator_3.py for tasks to queue
[2023-12-05T17:59:03.897+0000] {logging_mixin.py:154} INFO - [2023-12-05T17:59:03.897+0000] {dagbag.py:536} INFO - Filling up the DagBag from /usr/local/lib/python3.10/dist-packages/airflow/example_dags/example_branch_python_dop_operator_3.py
[2023-12-05T17:59:03.907+0000] {processor.py:839} INFO - DAG(s) dict_keys(['example_branch_dop_operator_v3']) retrieved from /usr/local/lib/python3.10/dist-packages/airflow/example_dags/example_branch_python_dop_operator_3.py
[2023-12-05T17:59:03.923+0000] {logging_mixin.py:154} INFO - [2023-12-05T17:59:03.923+0000] {dag.py:2941} INFO - Sync 1 DAGs
[2023-12-05T17:59:03.945+0000] {logging_mixin.py:154} INFO - [2023-12-05T17:59:03.945+0000] {dag.py:3722} INFO - Setting next_dagrun for example_branch_dop_operator_v3 to 2023-12-05T17:58:00+00:00, run_after=2023-12-05T17:59:00+00:00
[2023-12-05T17:59:03.965+0000] {processor.py:179} INFO - Processing /usr/local/lib/python3.10/dist-packages/airflow/example_dags/example_branch_python_dop_operator_3.py took 0.074 seconds
[2023-12-05T17:59:59.238+0000] {processor.py:157} INFO - Started process (PID=11195) to work on /usr/local/lib/python3.10/dist-packages/airflow/example_dags/example_branch_python_dop_operator_3.py
[2023-12-05T17:59:59.240+0000] {processor.py:829} INFO - Processing file /usr/local/lib/python3.10/dist-packages/airflow/example_dags/example_branch_python_dop_operator_3.py for tasks to queue
[2023-12-05T17:59:59.241+0000] {logging_mixin.py:154} INFO - [2023-12-05T17:59:59.240+0000] {dagbag.py:536} INFO - Filling up the DagBag from /usr/local/lib/python3.10/dist-packages/airflow/example_dags/example_branch_python_dop_operator_3.py
[2023-12-05T17:59:59.250+0000] {processor.py:839} INFO - DAG(s) dict_keys(['example_branch_dop_operator_v3']) retrieved from /usr/local/lib/python3.10/dist-packages/airflow/example_dags/example_branch_python_dop_operator_3.py
[2023-12-05T17:59:59.266+0000] {logging_mixin.py:154} INFO - [2023-12-05T17:59:59.266+0000] {dag.py:2941} INFO - Sync 1 DAGs
[2023-12-05T17:59:59.290+0000] {logging_mixin.py:154} INFO - [2023-12-05T17:59:59.290+0000] {dag.py:3722} INFO - Setting next_dagrun for example_branch_dop_operator_v3 to 2023-12-05T17:58:00+00:00, run_after=2023-12-05T17:59:00+00:00
[2023-12-05T17:59:59.321+0000] {processor.py:179} INFO - Processing /usr/local/lib/python3.10/dist-packages/airflow/example_dags/example_branch_python_dop_operator_3.py took 0.085 seconds
[2023-12-05T18:00:47.981+0000] {processor.py:157} INFO - Started process (PID=11313) to work on /usr/local/lib/python3.10/dist-packages/airflow/example_dags/example_branch_python_dop_operator_3.py
[2023-12-05T18:00:47.983+0000] {processor.py:829} INFO - Processing file /usr/local/lib/python3.10/dist-packages/airflow/example_dags/example_branch_python_dop_operator_3.py for tasks to queue
[2023-12-05T18:00:47.984+0000] {logging_mixin.py:154} INFO - [2023-12-05T18:00:47.983+0000] {dagbag.py:536} INFO - Filling up the DagBag from /usr/local/lib/python3.10/dist-packages/airflow/example_dags/example_branch_python_dop_operator_3.py
[2023-12-05T18:00:47.994+0000] {processor.py:839} INFO - DAG(s) dict_keys(['example_branch_dop_operator_v3']) retrieved from /usr/local/lib/python3.10/dist-packages/airflow/example_dags/example_branch_python_dop_operator_3.py
[2023-12-05T18:00:48.013+0000] {logging_mixin.py:154} INFO - [2023-12-05T18:00:48.012+0000] {dag.py:2941} INFO - Sync 1 DAGs
[2023-12-05T18:00:48.046+0000] {logging_mixin.py:154} INFO - [2023-12-05T18:00:48.046+0000] {dag.py:3722} INFO - Setting next_dagrun for example_branch_dop_operator_v3 to 2023-12-05T17:59:00+00:00, run_after=2023-12-05T18:00:00+00:00
[2023-12-05T18:00:48.080+0000] {processor.py:179} INFO - Processing /usr/local/lib/python3.10/dist-packages/airflow/example_dags/example_branch_python_dop_operator_3.py took 0.102 seconds
[2023-12-05T18:01:34.646+0000] {processor.py:157} INFO - Started process (PID=11487) to work on /usr/local/lib/python3.10/dist-packages/airflow/example_dags/example_branch_python_dop_operator_3.py
[2023-12-05T18:01:34.648+0000] {processor.py:829} INFO - Processing file /usr/local/lib/python3.10/dist-packages/airflow/example_dags/example_branch_python_dop_operator_3.py for tasks to queue
[2023-12-05T18:01:34.649+0000] {logging_mixin.py:154} INFO - [2023-12-05T18:01:34.648+0000] {dagbag.py:536} INFO - Filling up the DagBag from /usr/local/lib/python3.10/dist-packages/airflow/example_dags/example_branch_python_dop_operator_3.py
[2023-12-05T18:01:34.660+0000] {processor.py:839} INFO - DAG(s) dict_keys(['example_branch_dop_operator_v3']) retrieved from /usr/local/lib/python3.10/dist-packages/airflow/example_dags/example_branch_python_dop_operator_3.py
[2023-12-05T18:01:34.680+0000] {logging_mixin.py:154} INFO - [2023-12-05T18:01:34.680+0000] {dag.py:2941} INFO - Sync 1 DAGs
[2023-12-05T18:01:34.722+0000] {logging_mixin.py:154} INFO - [2023-12-05T18:01:34.722+0000] {dag.py:3722} INFO - Setting next_dagrun for example_branch_dop_operator_v3 to 2023-12-05T18:00:00+00:00, run_after=2023-12-05T18:01:00+00:00
[2023-12-05T18:01:34.753+0000] {processor.py:179} INFO - Processing /usr/local/lib/python3.10/dist-packages/airflow/example_dags/example_branch_python_dop_operator_3.py took 0.111 seconds
[2023-12-05T18:02:23.398+0000] {processor.py:157} INFO - Started process (PID=11606) to work on /usr/local/lib/python3.10/dist-packages/airflow/example_dags/example_branch_python_dop_operator_3.py
[2023-12-05T18:02:23.402+0000] {processor.py:829} INFO - Processing file /usr/local/lib/python3.10/dist-packages/airflow/example_dags/example_branch_python_dop_operator_3.py for tasks to queue
[2023-12-05T18:02:23.405+0000] {logging_mixin.py:154} INFO - [2023-12-05T18:02:23.404+0000] {dagbag.py:536} INFO - Filling up the DagBag from /usr/local/lib/python3.10/dist-packages/airflow/example_dags/example_branch_python_dop_operator_3.py
[2023-12-05T18:02:23.445+0000] {processor.py:839} INFO - DAG(s) dict_keys(['example_branch_dop_operator_v3']) retrieved from /usr/local/lib/python3.10/dist-packages/airflow/example_dags/example_branch_python_dop_operator_3.py
[2023-12-05T18:02:23.477+0000] {logging_mixin.py:154} INFO - [2023-12-05T18:02:23.477+0000] {dag.py:2941} INFO - Sync 1 DAGs
[2023-12-05T18:02:23.524+0000] {logging_mixin.py:154} INFO - [2023-12-05T18:02:23.522+0000] {dag.py:3722} INFO - Setting next_dagrun for example_branch_dop_operator_v3 to 2023-12-05T18:01:00+00:00, run_after=2023-12-05T18:02:00+00:00
[2023-12-05T18:02:23.579+0000] {processor.py:179} INFO - Processing /usr/local/lib/python3.10/dist-packages/airflow/example_dags/example_branch_python_dop_operator_3.py took 0.188 seconds
[2023-12-05T18:03:17.890+0000] {processor.py:157} INFO - Started process (PID=11727) to work on /usr/local/lib/python3.10/dist-packages/airflow/example_dags/example_branch_python_dop_operator_3.py
[2023-12-05T18:03:17.892+0000] {processor.py:829} INFO - Processing file /usr/local/lib/python3.10/dist-packages/airflow/example_dags/example_branch_python_dop_operator_3.py for tasks to queue
[2023-12-05T18:03:17.893+0000] {logging_mixin.py:154} INFO - [2023-12-05T18:03:17.892+0000] {dagbag.py:536} INFO - Filling up the DagBag from /usr/local/lib/python3.10/dist-packages/airflow/example_dags/example_branch_python_dop_operator_3.py
[2023-12-05T18:03:17.904+0000] {processor.py:839} INFO - DAG(s) dict_keys(['example_branch_dop_operator_v3']) retrieved from /usr/local/lib/python3.10/dist-packages/airflow/example_dags/example_branch_python_dop_operator_3.py
[2023-12-05T18:03:17.928+0000] {logging_mixin.py:154} INFO - [2023-12-05T18:03:17.927+0000] {dag.py:2941} INFO - Sync 1 DAGs
[2023-12-05T18:03:17.958+0000] {logging_mixin.py:154} INFO - [2023-12-05T18:03:17.958+0000] {dag.py:3722} INFO - Setting next_dagrun for example_branch_dop_operator_v3 to 2023-12-05T18:02:00+00:00, run_after=2023-12-05T18:03:00+00:00
[2023-12-05T18:03:17.985+0000] {processor.py:179} INFO - Processing /usr/local/lib/python3.10/dist-packages/airflow/example_dags/example_branch_python_dop_operator_3.py took 0.099 seconds
[2023-12-05T18:04:05.797+0000] {processor.py:157} INFO - Started process (PID=11808) to work on /usr/local/lib/python3.10/dist-packages/airflow/example_dags/example_branch_python_dop_operator_3.py
[2023-12-05T18:04:05.799+0000] {processor.py:829} INFO - Processing file /usr/local/lib/python3.10/dist-packages/airflow/example_dags/example_branch_python_dop_operator_3.py for tasks to queue
[2023-12-05T18:04:05.800+0000] {logging_mixin.py:154} INFO - [2023-12-05T18:04:05.800+0000] {dagbag.py:536} INFO - Filling up the DagBag from /usr/local/lib/python3.10/dist-packages/airflow/example_dags/example_branch_python_dop_operator_3.py
[2023-12-05T18:04:05.810+0000] {processor.py:839} INFO - DAG(s) dict_keys(['example_branch_dop_operator_v3']) retrieved from /usr/local/lib/python3.10/dist-packages/airflow/example_dags/example_branch_python_dop_operator_3.py
[2023-12-05T18:04:05.835+0000] {logging_mixin.py:154} INFO - [2023-12-05T18:04:05.834+0000] {dag.py:2941} INFO - Sync 1 DAGs
[2023-12-05T18:04:05.860+0000] {logging_mixin.py:154} INFO - [2023-12-05T18:04:05.860+0000] {dag.py:3722} INFO - Setting next_dagrun for example_branch_dop_operator_v3 to 2023-12-05T18:03:00+00:00, run_after=2023-12-05T18:04:00+00:00
[2023-12-05T18:04:05.900+0000] {processor.py:179} INFO - Processing /usr/local/lib/python3.10/dist-packages/airflow/example_dags/example_branch_python_dop_operator_3.py took 0.107 seconds
[2023-12-05T18:04:57.453+0000] {processor.py:157} INFO - Started process (PID=12292) to work on /usr/local/lib/python3.10/dist-packages/airflow/example_dags/example_branch_python_dop_operator_3.py
[2023-12-05T18:04:57.454+0000] {processor.py:829} INFO - Processing file /usr/local/lib/python3.10/dist-packages/airflow/example_dags/example_branch_python_dop_operator_3.py for tasks to queue
[2023-12-05T18:04:57.455+0000] {logging_mixin.py:154} INFO - [2023-12-05T18:04:57.455+0000] {dagbag.py:536} INFO - Filling up the DagBag from /usr/local/lib/python3.10/dist-packages/airflow/example_dags/example_branch_python_dop_operator_3.py
[2023-12-05T18:04:57.466+0000] {processor.py:839} INFO - DAG(s) dict_keys(['example_branch_dop_operator_v3']) retrieved from /usr/local/lib/python3.10/dist-packages/airflow/example_dags/example_branch_python_dop_operator_3.py
[2023-12-05T18:04:57.485+0000] {logging_mixin.py:154} INFO - [2023-12-05T18:04:57.485+0000] {dag.py:2941} INFO - Sync 1 DAGs
[2023-12-05T18:04:57.519+0000] {logging_mixin.py:154} INFO - [2023-12-05T18:04:57.519+0000] {dag.py:3722} INFO - Setting next_dagrun for example_branch_dop_operator_v3 to 2023-12-05T18:03:00+00:00, run_after=2023-12-05T18:04:00+00:00
[2023-12-05T18:04:57.550+0000] {processor.py:179} INFO - Processing /usr/local/lib/python3.10/dist-packages/airflow/example_dags/example_branch_python_dop_operator_3.py took 0.103 seconds
[2023-12-05T18:05:48.318+0000] {processor.py:157} INFO - Started process (PID=12532) to work on /usr/local/lib/python3.10/dist-packages/airflow/example_dags/example_branch_python_dop_operator_3.py
[2023-12-05T18:05:48.319+0000] {processor.py:829} INFO - Processing file /usr/local/lib/python3.10/dist-packages/airflow/example_dags/example_branch_python_dop_operator_3.py for tasks to queue
[2023-12-05T18:05:48.320+0000] {logging_mixin.py:154} INFO - [2023-12-05T18:05:48.320+0000] {dagbag.py:536} INFO - Filling up the DagBag from /usr/local/lib/python3.10/dist-packages/airflow/example_dags/example_branch_python_dop_operator_3.py
[2023-12-05T18:05:48.331+0000] {processor.py:839} INFO - DAG(s) dict_keys(['example_branch_dop_operator_v3']) retrieved from /usr/local/lib/python3.10/dist-packages/airflow/example_dags/example_branch_python_dop_operator_3.py
[2023-12-05T18:05:48.350+0000] {logging_mixin.py:154} INFO - [2023-12-05T18:05:48.350+0000] {dag.py:2941} INFO - Sync 1 DAGs
[2023-12-05T18:05:48.376+0000] {logging_mixin.py:154} INFO - [2023-12-05T18:05:48.375+0000] {dag.py:3722} INFO - Setting next_dagrun for example_branch_dop_operator_v3 to 2023-12-05T18:04:00+00:00, run_after=2023-12-05T18:05:00+00:00
[2023-12-05T18:05:48.401+0000] {processor.py:179} INFO - Processing /usr/local/lib/python3.10/dist-packages/airflow/example_dags/example_branch_python_dop_operator_3.py took 0.087 seconds
[2023-12-05T18:06:40.948+0000] {processor.py:157} INFO - Started process (PID=12775) to work on /usr/local/lib/python3.10/dist-packages/airflow/example_dags/example_branch_python_dop_operator_3.py
[2023-12-05T18:06:40.950+0000] {processor.py:829} INFO - Processing file /usr/local/lib/python3.10/dist-packages/airflow/example_dags/example_branch_python_dop_operator_3.py for tasks to queue
[2023-12-05T18:06:40.951+0000] {logging_mixin.py:154} INFO - [2023-12-05T18:06:40.950+0000] {dagbag.py:536} INFO - Filling up the DagBag from /usr/local/lib/python3.10/dist-packages/airflow/example_dags/example_branch_python_dop_operator_3.py
[2023-12-05T18:06:40.962+0000] {processor.py:839} INFO - DAG(s) dict_keys(['example_branch_dop_operator_v3']) retrieved from /usr/local/lib/python3.10/dist-packages/airflow/example_dags/example_branch_python_dop_operator_3.py
[2023-12-05T18:06:40.983+0000] {logging_mixin.py:154} INFO - [2023-12-05T18:06:40.982+0000] {dag.py:2941} INFO - Sync 1 DAGs
[2023-12-05T18:06:41.011+0000] {logging_mixin.py:154} INFO - [2023-12-05T18:06:41.011+0000] {dag.py:3722} INFO - Setting next_dagrun for example_branch_dop_operator_v3 to 2023-12-05T18:05:00+00:00, run_after=2023-12-05T18:06:00+00:00
[2023-12-05T18:06:41.042+0000] {processor.py:179} INFO - Processing /usr/local/lib/python3.10/dist-packages/airflow/example_dags/example_branch_python_dop_operator_3.py took 0.098 seconds
[2023-12-05T18:07:36.921+0000] {processor.py:157} INFO - Started process (PID=13076) to work on /usr/local/lib/python3.10/dist-packages/airflow/example_dags/example_branch_python_dop_operator_3.py
[2023-12-05T18:07:36.923+0000] {processor.py:829} INFO - Processing file /usr/local/lib/python3.10/dist-packages/airflow/example_dags/example_branch_python_dop_operator_3.py for tasks to queue
[2023-12-05T18:07:36.923+0000] {logging_mixin.py:154} INFO - [2023-12-05T18:07:36.923+0000] {dagbag.py:536} INFO - Filling up the DagBag from /usr/local/lib/python3.10/dist-packages/airflow/example_dags/example_branch_python_dop_operator_3.py
[2023-12-05T18:07:36.932+0000] {processor.py:839} INFO - DAG(s) dict_keys(['example_branch_dop_operator_v3']) retrieved from /usr/local/lib/python3.10/dist-packages/airflow/example_dags/example_branch_python_dop_operator_3.py
[2023-12-05T18:07:36.949+0000] {logging_mixin.py:154} INFO - [2023-12-05T18:07:36.948+0000] {dag.py:2941} INFO - Sync 1 DAGs
[2023-12-05T18:07:36.974+0000] {logging_mixin.py:154} INFO - [2023-12-05T18:07:36.973+0000] {dag.py:3722} INFO - Setting next_dagrun for example_branch_dop_operator_v3 to 2023-12-05T18:06:00+00:00, run_after=2023-12-05T18:07:00+00:00
[2023-12-05T18:07:36.999+0000] {processor.py:179} INFO - Processing /usr/local/lib/python3.10/dist-packages/airflow/example_dags/example_branch_python_dop_operator_3.py took 0.080 seconds
[2023-12-05T18:08:20.968+0000] {processor.py:157} INFO - Started process (PID=13192) to work on /usr/local/lib/python3.10/dist-packages/airflow/example_dags/example_branch_python_dop_operator_3.py
[2023-12-05T18:08:20.970+0000] {processor.py:829} INFO - Processing file /usr/local/lib/python3.10/dist-packages/airflow/example_dags/example_branch_python_dop_operator_3.py for tasks to queue
[2023-12-05T18:08:20.971+0000] {logging_mixin.py:154} INFO - [2023-12-05T18:08:20.970+0000] {dagbag.py:536} INFO - Filling up the DagBag from /usr/local/lib/python3.10/dist-packages/airflow/example_dags/example_branch_python_dop_operator_3.py
[2023-12-05T18:08:20.982+0000] {processor.py:839} INFO - DAG(s) dict_keys(['example_branch_dop_operator_v3']) retrieved from /usr/local/lib/python3.10/dist-packages/airflow/example_dags/example_branch_python_dop_operator_3.py
[2023-12-05T18:08:21.002+0000] {logging_mixin.py:154} INFO - [2023-12-05T18:08:21.002+0000] {dag.py:2941} INFO - Sync 1 DAGs
[2023-12-05T18:08:21.061+0000] {logging_mixin.py:154} INFO - [2023-12-05T18:08:21.059+0000] {dag.py:3722} INFO - Setting next_dagrun for example_branch_dop_operator_v3 to 2023-12-05T18:07:00+00:00, run_after=2023-12-05T18:08:00+00:00
[2023-12-05T18:08:21.093+0000] {processor.py:179} INFO - Processing /usr/local/lib/python3.10/dist-packages/airflow/example_dags/example_branch_python_dop_operator_3.py took 0.141 seconds
[2023-12-05T18:09:11.735+0000] {processor.py:157} INFO - Started process (PID=13615) to work on /usr/local/lib/python3.10/dist-packages/airflow/example_dags/example_branch_python_dop_operator_3.py
[2023-12-05T18:09:11.737+0000] {processor.py:829} INFO - Processing file /usr/local/lib/python3.10/dist-packages/airflow/example_dags/example_branch_python_dop_operator_3.py for tasks to queue
[2023-12-05T18:09:11.738+0000] {logging_mixin.py:154} INFO - [2023-12-05T18:09:11.737+0000] {dagbag.py:536} INFO - Filling up the DagBag from /usr/local/lib/python3.10/dist-packages/airflow/example_dags/example_branch_python_dop_operator_3.py
[2023-12-05T18:09:11.754+0000] {processor.py:839} INFO - DAG(s) dict_keys(['example_branch_dop_operator_v3']) retrieved from /usr/local/lib/python3.10/dist-packages/airflow/example_dags/example_branch_python_dop_operator_3.py
[2023-12-05T18:09:11.774+0000] {logging_mixin.py:154} INFO - [2023-12-05T18:09:11.773+0000] {dag.py:2941} INFO - Sync 1 DAGs
[2023-12-05T18:09:11.822+0000] {logging_mixin.py:154} INFO - [2023-12-05T18:09:11.822+0000] {dag.py:3722} INFO - Setting next_dagrun for example_branch_dop_operator_v3 to 2023-12-05T18:08:00+00:00, run_after=2023-12-05T18:09:00+00:00
[2023-12-05T18:09:11.850+0000] {processor.py:179} INFO - Processing /usr/local/lib/python3.10/dist-packages/airflow/example_dags/example_branch_python_dop_operator_3.py took 0.118 seconds
[2023-12-05T18:10:01.588+0000] {processor.py:157} INFO - Started process (PID=13671) to work on /usr/local/lib/python3.10/dist-packages/airflow/example_dags/example_branch_python_dop_operator_3.py
[2023-12-05T18:10:01.589+0000] {processor.py:829} INFO - Processing file /usr/local/lib/python3.10/dist-packages/airflow/example_dags/example_branch_python_dop_operator_3.py for tasks to queue
[2023-12-05T18:10:01.591+0000] {logging_mixin.py:154} INFO - [2023-12-05T18:10:01.590+0000] {dagbag.py:536} INFO - Filling up the DagBag from /usr/local/lib/python3.10/dist-packages/airflow/example_dags/example_branch_python_dop_operator_3.py
[2023-12-05T18:10:01.602+0000] {processor.py:839} INFO - DAG(s) dict_keys(['example_branch_dop_operator_v3']) retrieved from /usr/local/lib/python3.10/dist-packages/airflow/example_dags/example_branch_python_dop_operator_3.py
[2023-12-05T18:10:01.646+0000] {logging_mixin.py:154} INFO - [2023-12-05T18:10:01.644+0000] {dag.py:2941} INFO - Sync 1 DAGs
[2023-12-05T18:10:01.720+0000] {logging_mixin.py:154} INFO - [2023-12-05T18:10:01.720+0000] {dag.py:3722} INFO - Setting next_dagrun for example_branch_dop_operator_v3 to 2023-12-05T18:09:00+00:00, run_after=2023-12-05T18:10:00+00:00
[2023-12-05T18:10:01.766+0000] {processor.py:179} INFO - Processing /usr/local/lib/python3.10/dist-packages/airflow/example_dags/example_branch_python_dop_operator_3.py took 0.181 seconds
