[2023-12-05T17:46:21.363+0000] {processor.py:157} INFO - Started process (PID=9255) to work on /usr/local/lib/python3.10/dist-packages/airflow/example_dags/example_latest_only_with_trigger.py
[2023-12-05T17:46:21.375+0000] {processor.py:829} INFO - Processing file /usr/local/lib/python3.10/dist-packages/airflow/example_dags/example_latest_only_with_trigger.py for tasks to queue
[2023-12-05T17:46:21.376+0000] {logging_mixin.py:154} INFO - [2023-12-05T17:46:21.376+0000] {dagbag.py:536} INFO - Filling up the DagBag from /usr/local/lib/python3.10/dist-packages/airflow/example_dags/example_latest_only_with_trigger.py
[2023-12-05T17:46:21.392+0000] {processor.py:839} INFO - DAG(s) dict_keys(['latest_only_with_trigger']) retrieved from /usr/local/lib/python3.10/dist-packages/airflow/example_dags/example_latest_only_with_trigger.py
[2023-12-05T17:46:21.403+0000] {logging_mixin.py:154} INFO - [2023-12-05T17:46:21.403+0000] {dag.py:2941} INFO - Sync 1 DAGs
[2023-12-05T17:46:21.441+0000] {logging_mixin.py:154} INFO - [2023-12-05T17:46:21.441+0000] {dag.py:3722} INFO - Setting next_dagrun for latest_only_with_trigger to 2023-12-05T13:46:21.441347+00:00, run_after=2023-12-05T17:46:21.441347+00:00
[2023-12-05T17:46:21.473+0000] {processor.py:179} INFO - Processing /usr/local/lib/python3.10/dist-packages/airflow/example_dags/example_latest_only_with_trigger.py took 0.114 seconds
[2023-12-05T17:47:10.913+0000] {processor.py:157} INFO - Started process (PID=9366) to work on /usr/local/lib/python3.10/dist-packages/airflow/example_dags/example_latest_only_with_trigger.py
[2023-12-05T17:47:10.915+0000] {processor.py:829} INFO - Processing file /usr/local/lib/python3.10/dist-packages/airflow/example_dags/example_latest_only_with_trigger.py for tasks to queue
[2023-12-05T17:47:10.916+0000] {logging_mixin.py:154} INFO - [2023-12-05T17:47:10.916+0000] {dagbag.py:536} INFO - Filling up the DagBag from /usr/local/lib/python3.10/dist-packages/airflow/example_dags/example_latest_only_with_trigger.py
[2023-12-05T17:47:10.924+0000] {processor.py:839} INFO - DAG(s) dict_keys(['latest_only_with_trigger']) retrieved from /usr/local/lib/python3.10/dist-packages/airflow/example_dags/example_latest_only_with_trigger.py
[2023-12-05T17:47:10.957+0000] {logging_mixin.py:154} INFO - [2023-12-05T17:47:10.956+0000] {dag.py:2941} INFO - Sync 1 DAGs
[2023-12-05T17:47:10.980+0000] {logging_mixin.py:154} INFO - [2023-12-05T17:47:10.980+0000] {dag.py:3722} INFO - Setting next_dagrun for latest_only_with_trigger to 2023-12-05T13:47:10.980486+00:00, run_after=2023-12-05T17:47:10.980486+00:00
[2023-12-05T17:47:11.007+0000] {processor.py:179} INFO - Processing /usr/local/lib/python3.10/dist-packages/airflow/example_dags/example_latest_only_with_trigger.py took 0.099 seconds
[2023-12-05T17:47:59.971+0000] {processor.py:157} INFO - Started process (PID=9419) to work on /usr/local/lib/python3.10/dist-packages/airflow/example_dags/example_latest_only_with_trigger.py
[2023-12-05T17:47:59.973+0000] {processor.py:829} INFO - Processing file /usr/local/lib/python3.10/dist-packages/airflow/example_dags/example_latest_only_with_trigger.py for tasks to queue
[2023-12-05T17:47:59.974+0000] {logging_mixin.py:154} INFO - [2023-12-05T17:47:59.973+0000] {dagbag.py:536} INFO - Filling up the DagBag from /usr/local/lib/python3.10/dist-packages/airflow/example_dags/example_latest_only_with_trigger.py
[2023-12-05T17:47:59.980+0000] {processor.py:839} INFO - DAG(s) dict_keys(['latest_only_with_trigger']) retrieved from /usr/local/lib/python3.10/dist-packages/airflow/example_dags/example_latest_only_with_trigger.py
[2023-12-05T17:48:00.003+0000] {logging_mixin.py:154} INFO - [2023-12-05T17:48:00.002+0000] {dag.py:2941} INFO - Sync 1 DAGs
[2023-12-05T17:48:00.029+0000] {logging_mixin.py:154} INFO - [2023-12-05T17:48:00.028+0000] {dag.py:3722} INFO - Setting next_dagrun for latest_only_with_trigger to 2023-12-05T13:48:00.027550+00:00, run_after=2023-12-05T17:48:00.027550+00:00
[2023-12-05T17:48:00.092+0000] {processor.py:179} INFO - Processing /usr/local/lib/python3.10/dist-packages/airflow/example_dags/example_latest_only_with_trigger.py took 0.124 seconds
[2023-12-05T17:48:53.493+0000] {processor.py:157} INFO - Started process (PID=9596) to work on /usr/local/lib/python3.10/dist-packages/airflow/example_dags/example_latest_only_with_trigger.py
[2023-12-05T17:48:53.494+0000] {processor.py:829} INFO - Processing file /usr/local/lib/python3.10/dist-packages/airflow/example_dags/example_latest_only_with_trigger.py for tasks to queue
[2023-12-05T17:48:53.495+0000] {logging_mixin.py:154} INFO - [2023-12-05T17:48:53.495+0000] {dagbag.py:536} INFO - Filling up the DagBag from /usr/local/lib/python3.10/dist-packages/airflow/example_dags/example_latest_only_with_trigger.py
[2023-12-05T17:48:53.502+0000] {processor.py:839} INFO - DAG(s) dict_keys(['latest_only_with_trigger']) retrieved from /usr/local/lib/python3.10/dist-packages/airflow/example_dags/example_latest_only_with_trigger.py
[2023-12-05T17:48:53.521+0000] {logging_mixin.py:154} INFO - [2023-12-05T17:48:53.521+0000] {dag.py:2941} INFO - Sync 1 DAGs
[2023-12-05T17:48:53.545+0000] {logging_mixin.py:154} INFO - [2023-12-05T17:48:53.545+0000] {dag.py:3722} INFO - Setting next_dagrun for latest_only_with_trigger to 2023-12-05T13:48:53.545118+00:00, run_after=2023-12-05T17:48:53.545118+00:00
[2023-12-05T17:48:53.573+0000] {processor.py:179} INFO - Processing /usr/local/lib/python3.10/dist-packages/airflow/example_dags/example_latest_only_with_trigger.py took 0.083 seconds
[2023-12-05T17:49:45.600+0000] {processor.py:157} INFO - Started process (PID=9714) to work on /usr/local/lib/python3.10/dist-packages/airflow/example_dags/example_latest_only_with_trigger.py
[2023-12-05T17:49:45.601+0000] {processor.py:829} INFO - Processing file /usr/local/lib/python3.10/dist-packages/airflow/example_dags/example_latest_only_with_trigger.py for tasks to queue
[2023-12-05T17:49:45.602+0000] {logging_mixin.py:154} INFO - [2023-12-05T17:49:45.602+0000] {dagbag.py:536} INFO - Filling up the DagBag from /usr/local/lib/python3.10/dist-packages/airflow/example_dags/example_latest_only_with_trigger.py
[2023-12-05T17:49:45.619+0000] {processor.py:839} INFO - DAG(s) dict_keys(['latest_only_with_trigger']) retrieved from /usr/local/lib/python3.10/dist-packages/airflow/example_dags/example_latest_only_with_trigger.py
[2023-12-05T17:49:45.637+0000] {logging_mixin.py:154} INFO - [2023-12-05T17:49:45.637+0000] {dag.py:2941} INFO - Sync 1 DAGs
[2023-12-05T17:49:45.658+0000] {logging_mixin.py:154} INFO - [2023-12-05T17:49:45.658+0000] {dag.py:3722} INFO - Setting next_dagrun for latest_only_with_trigger to 2023-12-05T13:49:45.658275+00:00, run_after=2023-12-05T17:49:45.658275+00:00
[2023-12-05T17:49:45.685+0000] {processor.py:179} INFO - Processing /usr/local/lib/python3.10/dist-packages/airflow/example_dags/example_latest_only_with_trigger.py took 0.094 seconds
[2023-12-05T17:50:38.808+0000] {processor.py:157} INFO - Started process (PID=9836) to work on /usr/local/lib/python3.10/dist-packages/airflow/example_dags/example_latest_only_with_trigger.py
[2023-12-05T17:50:38.809+0000] {processor.py:829} INFO - Processing file /usr/local/lib/python3.10/dist-packages/airflow/example_dags/example_latest_only_with_trigger.py for tasks to queue
[2023-12-05T17:50:38.811+0000] {logging_mixin.py:154} INFO - [2023-12-05T17:50:38.810+0000] {dagbag.py:536} INFO - Filling up the DagBag from /usr/local/lib/python3.10/dist-packages/airflow/example_dags/example_latest_only_with_trigger.py
[2023-12-05T17:50:38.819+0000] {processor.py:839} INFO - DAG(s) dict_keys(['latest_only_with_trigger']) retrieved from /usr/local/lib/python3.10/dist-packages/airflow/example_dags/example_latest_only_with_trigger.py
[2023-12-05T17:50:38.840+0000] {logging_mixin.py:154} INFO - [2023-12-05T17:50:38.840+0000] {dag.py:2941} INFO - Sync 1 DAGs
[2023-12-05T17:50:38.864+0000] {logging_mixin.py:154} INFO - [2023-12-05T17:50:38.864+0000] {dag.py:3722} INFO - Setting next_dagrun for latest_only_with_trigger to 2023-12-05T13:50:38.864119+00:00, run_after=2023-12-05T17:50:38.864119+00:00
[2023-12-05T17:50:38.899+0000] {processor.py:179} INFO - Processing /usr/local/lib/python3.10/dist-packages/airflow/example_dags/example_latest_only_with_trigger.py took 0.094 seconds
[2023-12-05T17:51:32.283+0000] {processor.py:157} INFO - Started process (PID=10013) to work on /usr/local/lib/python3.10/dist-packages/airflow/example_dags/example_latest_only_with_trigger.py
[2023-12-05T17:51:32.285+0000] {processor.py:829} INFO - Processing file /usr/local/lib/python3.10/dist-packages/airflow/example_dags/example_latest_only_with_trigger.py for tasks to queue
[2023-12-05T17:51:32.286+0000] {logging_mixin.py:154} INFO - [2023-12-05T17:51:32.285+0000] {dagbag.py:536} INFO - Filling up the DagBag from /usr/local/lib/python3.10/dist-packages/airflow/example_dags/example_latest_only_with_trigger.py
[2023-12-05T17:51:32.292+0000] {processor.py:839} INFO - DAG(s) dict_keys(['latest_only_with_trigger']) retrieved from /usr/local/lib/python3.10/dist-packages/airflow/example_dags/example_latest_only_with_trigger.py
[2023-12-05T17:51:32.311+0000] {logging_mixin.py:154} INFO - [2023-12-05T17:51:32.311+0000] {dag.py:2941} INFO - Sync 1 DAGs
[2023-12-05T17:51:32.334+0000] {logging_mixin.py:154} INFO - [2023-12-05T17:51:32.334+0000] {dag.py:3722} INFO - Setting next_dagrun for latest_only_with_trigger to 2023-12-05T13:51:32.334423+00:00, run_after=2023-12-05T17:51:32.334423+00:00
[2023-12-05T17:51:32.358+0000] {processor.py:179} INFO - Processing /usr/local/lib/python3.10/dist-packages/airflow/example_dags/example_latest_only_with_trigger.py took 0.078 seconds
[2023-12-05T17:52:21.899+0000] {processor.py:157} INFO - Started process (PID=10130) to work on /usr/local/lib/python3.10/dist-packages/airflow/example_dags/example_latest_only_with_trigger.py
[2023-12-05T17:52:21.900+0000] {processor.py:829} INFO - Processing file /usr/local/lib/python3.10/dist-packages/airflow/example_dags/example_latest_only_with_trigger.py for tasks to queue
[2023-12-05T17:52:21.901+0000] {logging_mixin.py:154} INFO - [2023-12-05T17:52:21.900+0000] {dagbag.py:536} INFO - Filling up the DagBag from /usr/local/lib/python3.10/dist-packages/airflow/example_dags/example_latest_only_with_trigger.py
[2023-12-05T17:52:21.908+0000] {processor.py:839} INFO - DAG(s) dict_keys(['latest_only_with_trigger']) retrieved from /usr/local/lib/python3.10/dist-packages/airflow/example_dags/example_latest_only_with_trigger.py
[2023-12-05T17:52:21.929+0000] {logging_mixin.py:154} INFO - [2023-12-05T17:52:21.929+0000] {dag.py:2941} INFO - Sync 1 DAGs
[2023-12-05T17:52:21.949+0000] {logging_mixin.py:154} INFO - [2023-12-05T17:52:21.949+0000] {dag.py:3722} INFO - Setting next_dagrun for latest_only_with_trigger to 2023-12-05T13:52:21.949140+00:00, run_after=2023-12-05T17:52:21.949140+00:00
[2023-12-05T17:52:21.974+0000] {processor.py:179} INFO - Processing /usr/local/lib/python3.10/dist-packages/airflow/example_dags/example_latest_only_with_trigger.py took 0.079 seconds
[2023-12-05T17:53:14.162+0000] {processor.py:157} INFO - Started process (PID=10311) to work on /usr/local/lib/python3.10/dist-packages/airflow/example_dags/example_latest_only_with_trigger.py
[2023-12-05T17:53:14.164+0000] {processor.py:829} INFO - Processing file /usr/local/lib/python3.10/dist-packages/airflow/example_dags/example_latest_only_with_trigger.py for tasks to queue
[2023-12-05T17:53:14.165+0000] {logging_mixin.py:154} INFO - [2023-12-05T17:53:14.165+0000] {dagbag.py:536} INFO - Filling up the DagBag from /usr/local/lib/python3.10/dist-packages/airflow/example_dags/example_latest_only_with_trigger.py
[2023-12-05T17:53:14.172+0000] {processor.py:839} INFO - DAG(s) dict_keys(['latest_only_with_trigger']) retrieved from /usr/local/lib/python3.10/dist-packages/airflow/example_dags/example_latest_only_with_trigger.py
[2023-12-05T17:53:14.193+0000] {logging_mixin.py:154} INFO - [2023-12-05T17:53:14.193+0000] {dag.py:2941} INFO - Sync 1 DAGs
[2023-12-05T17:53:14.215+0000] {logging_mixin.py:154} INFO - [2023-12-05T17:53:14.215+0000] {dag.py:3722} INFO - Setting next_dagrun for latest_only_with_trigger to 2023-12-05T13:53:14.215227+00:00, run_after=2023-12-05T17:53:14.215227+00:00
[2023-12-05T17:53:14.242+0000] {processor.py:179} INFO - Processing /usr/local/lib/python3.10/dist-packages/airflow/example_dags/example_latest_only_with_trigger.py took 0.085 seconds
[2023-12-05T17:54:04.391+0000] {processor.py:157} INFO - Started process (PID=10393) to work on /usr/local/lib/python3.10/dist-packages/airflow/example_dags/example_latest_only_with_trigger.py
[2023-12-05T17:54:04.392+0000] {processor.py:829} INFO - Processing file /usr/local/lib/python3.10/dist-packages/airflow/example_dags/example_latest_only_with_trigger.py for tasks to queue
[2023-12-05T17:54:04.393+0000] {logging_mixin.py:154} INFO - [2023-12-05T17:54:04.393+0000] {dagbag.py:536} INFO - Filling up the DagBag from /usr/local/lib/python3.10/dist-packages/airflow/example_dags/example_latest_only_with_trigger.py
[2023-12-05T17:54:04.399+0000] {processor.py:839} INFO - DAG(s) dict_keys(['latest_only_with_trigger']) retrieved from /usr/local/lib/python3.10/dist-packages/airflow/example_dags/example_latest_only_with_trigger.py
[2023-12-05T17:54:04.416+0000] {logging_mixin.py:154} INFO - [2023-12-05T17:54:04.416+0000] {dag.py:2941} INFO - Sync 1 DAGs
[2023-12-05T17:54:04.436+0000] {logging_mixin.py:154} INFO - [2023-12-05T17:54:04.436+0000] {dag.py:3722} INFO - Setting next_dagrun for latest_only_with_trigger to 2023-12-05T13:54:04.435908+00:00, run_after=2023-12-05T17:54:04.435908+00:00
[2023-12-05T17:54:04.459+0000] {processor.py:179} INFO - Processing /usr/local/lib/python3.10/dist-packages/airflow/example_dags/example_latest_only_with_trigger.py took 0.071 seconds
[2023-12-05T17:54:56.455+0000] {processor.py:157} INFO - Started process (PID=10486) to work on /usr/local/lib/python3.10/dist-packages/airflow/example_dags/example_latest_only_with_trigger.py
[2023-12-05T17:54:56.456+0000] {processor.py:829} INFO - Processing file /usr/local/lib/python3.10/dist-packages/airflow/example_dags/example_latest_only_with_trigger.py for tasks to queue
[2023-12-05T17:54:56.457+0000] {logging_mixin.py:154} INFO - [2023-12-05T17:54:56.457+0000] {dagbag.py:536} INFO - Filling up the DagBag from /usr/local/lib/python3.10/dist-packages/airflow/example_dags/example_latest_only_with_trigger.py
[2023-12-05T17:54:56.465+0000] {processor.py:839} INFO - DAG(s) dict_keys(['latest_only_with_trigger']) retrieved from /usr/local/lib/python3.10/dist-packages/airflow/example_dags/example_latest_only_with_trigger.py
[2023-12-05T17:54:56.486+0000] {logging_mixin.py:154} INFO - [2023-12-05T17:54:56.485+0000] {dag.py:2941} INFO - Sync 1 DAGs
[2023-12-05T17:54:56.517+0000] {logging_mixin.py:154} INFO - [2023-12-05T17:54:56.516+0000] {dag.py:3722} INFO - Setting next_dagrun for latest_only_with_trigger to 2023-12-05T13:54:56.516451+00:00, run_after=2023-12-05T17:54:56.516451+00:00
[2023-12-05T17:54:56.545+0000] {processor.py:179} INFO - Processing /usr/local/lib/python3.10/dist-packages/airflow/example_dags/example_latest_only_with_trigger.py took 0.095 seconds
[2023-12-05T17:55:48.556+0000] {processor.py:157} INFO - Started process (PID=10606) to work on /usr/local/lib/python3.10/dist-packages/airflow/example_dags/example_latest_only_with_trigger.py
[2023-12-05T17:55:48.557+0000] {processor.py:829} INFO - Processing file /usr/local/lib/python3.10/dist-packages/airflow/example_dags/example_latest_only_with_trigger.py for tasks to queue
[2023-12-05T17:55:48.558+0000] {logging_mixin.py:154} INFO - [2023-12-05T17:55:48.558+0000] {dagbag.py:536} INFO - Filling up the DagBag from /usr/local/lib/python3.10/dist-packages/airflow/example_dags/example_latest_only_with_trigger.py
[2023-12-05T17:55:48.564+0000] {processor.py:839} INFO - DAG(s) dict_keys(['latest_only_with_trigger']) retrieved from /usr/local/lib/python3.10/dist-packages/airflow/example_dags/example_latest_only_with_trigger.py
[2023-12-05T17:55:48.583+0000] {logging_mixin.py:154} INFO - [2023-12-05T17:55:48.583+0000] {dag.py:2941} INFO - Sync 1 DAGs
[2023-12-05T17:55:48.603+0000] {logging_mixin.py:154} INFO - [2023-12-05T17:55:48.603+0000] {dag.py:3722} INFO - Setting next_dagrun for latest_only_with_trigger to 2023-12-05T13:55:48.602910+00:00, run_after=2023-12-05T17:55:48.602910+00:00
[2023-12-05T17:55:48.645+0000] {processor.py:179} INFO - Processing /usr/local/lib/python3.10/dist-packages/airflow/example_dags/example_latest_only_with_trigger.py took 0.093 seconds
[2023-12-05T17:56:38.145+0000] {processor.py:157} INFO - Started process (PID=10784) to work on /usr/local/lib/python3.10/dist-packages/airflow/example_dags/example_latest_only_with_trigger.py
[2023-12-05T17:56:38.146+0000] {processor.py:829} INFO - Processing file /usr/local/lib/python3.10/dist-packages/airflow/example_dags/example_latest_only_with_trigger.py for tasks to queue
[2023-12-05T17:56:38.148+0000] {logging_mixin.py:154} INFO - [2023-12-05T17:56:38.147+0000] {dagbag.py:536} INFO - Filling up the DagBag from /usr/local/lib/python3.10/dist-packages/airflow/example_dags/example_latest_only_with_trigger.py
[2023-12-05T17:56:38.156+0000] {processor.py:839} INFO - DAG(s) dict_keys(['latest_only_with_trigger']) retrieved from /usr/local/lib/python3.10/dist-packages/airflow/example_dags/example_latest_only_with_trigger.py
[2023-12-05T17:56:38.178+0000] {logging_mixin.py:154} INFO - [2023-12-05T17:56:38.178+0000] {dag.py:2941} INFO - Sync 1 DAGs
[2023-12-05T17:56:38.204+0000] {logging_mixin.py:154} INFO - [2023-12-05T17:56:38.204+0000] {dag.py:3722} INFO - Setting next_dagrun for latest_only_with_trigger to 2023-12-05T13:56:38.203875+00:00, run_after=2023-12-05T17:56:38.203875+00:00
[2023-12-05T17:56:38.233+0000] {processor.py:179} INFO - Processing /usr/local/lib/python3.10/dist-packages/airflow/example_dags/example_latest_only_with_trigger.py took 0.092 seconds
[2023-12-05T17:57:35.413+0000] {processor.py:157} INFO - Started process (PID=10906) to work on /usr/local/lib/python3.10/dist-packages/airflow/example_dags/example_latest_only_with_trigger.py
[2023-12-05T17:57:35.415+0000] {processor.py:829} INFO - Processing file /usr/local/lib/python3.10/dist-packages/airflow/example_dags/example_latest_only_with_trigger.py for tasks to queue
[2023-12-05T17:57:35.416+0000] {logging_mixin.py:154} INFO - [2023-12-05T17:57:35.415+0000] {dagbag.py:536} INFO - Filling up the DagBag from /usr/local/lib/python3.10/dist-packages/airflow/example_dags/example_latest_only_with_trigger.py
[2023-12-05T17:57:35.422+0000] {processor.py:839} INFO - DAG(s) dict_keys(['latest_only_with_trigger']) retrieved from /usr/local/lib/python3.10/dist-packages/airflow/example_dags/example_latest_only_with_trigger.py
[2023-12-05T17:57:35.442+0000] {logging_mixin.py:154} INFO - [2023-12-05T17:57:35.442+0000] {dag.py:2941} INFO - Sync 1 DAGs
[2023-12-05T17:57:35.463+0000] {logging_mixin.py:154} INFO - [2023-12-05T17:57:35.463+0000] {dag.py:3722} INFO - Setting next_dagrun for latest_only_with_trigger to 2023-12-05T13:57:35.463267+00:00, run_after=2023-12-05T17:57:35.463267+00:00
[2023-12-05T17:57:35.489+0000] {processor.py:179} INFO - Processing /usr/local/lib/python3.10/dist-packages/airflow/example_dags/example_latest_only_with_trigger.py took 0.080 seconds
[2023-12-05T17:58:30.555+0000] {processor.py:157} INFO - Started process (PID=11033) to work on /usr/local/lib/python3.10/dist-packages/airflow/example_dags/example_latest_only_with_trigger.py
[2023-12-05T17:58:30.558+0000] {processor.py:829} INFO - Processing file /usr/local/lib/python3.10/dist-packages/airflow/example_dags/example_latest_only_with_trigger.py for tasks to queue
[2023-12-05T17:58:30.559+0000] {logging_mixin.py:154} INFO - [2023-12-05T17:58:30.559+0000] {dagbag.py:536} INFO - Filling up the DagBag from /usr/local/lib/python3.10/dist-packages/airflow/example_dags/example_latest_only_with_trigger.py
[2023-12-05T17:58:30.574+0000] {processor.py:839} INFO - DAG(s) dict_keys(['latest_only_with_trigger']) retrieved from /usr/local/lib/python3.10/dist-packages/airflow/example_dags/example_latest_only_with_trigger.py
[2023-12-05T17:58:30.599+0000] {logging_mixin.py:154} INFO - [2023-12-05T17:58:30.599+0000] {dag.py:2941} INFO - Sync 1 DAGs
[2023-12-05T17:58:30.626+0000] {logging_mixin.py:154} INFO - [2023-12-05T17:58:30.625+0000] {dag.py:3722} INFO - Setting next_dagrun for latest_only_with_trigger to 2023-12-05T13:58:30.625440+00:00, run_after=2023-12-05T17:58:30.625440+00:00
[2023-12-05T17:58:30.663+0000] {processor.py:179} INFO - Processing /usr/local/lib/python3.10/dist-packages/airflow/example_dags/example_latest_only_with_trigger.py took 0.118 seconds
[2023-12-05T17:59:20.211+0000] {processor.py:157} INFO - Started process (PID=11154) to work on /usr/local/lib/python3.10/dist-packages/airflow/example_dags/example_latest_only_with_trigger.py
[2023-12-05T17:59:20.212+0000] {processor.py:829} INFO - Processing file /usr/local/lib/python3.10/dist-packages/airflow/example_dags/example_latest_only_with_trigger.py for tasks to queue
[2023-12-05T17:59:20.213+0000] {logging_mixin.py:154} INFO - [2023-12-05T17:59:20.213+0000] {dagbag.py:536} INFO - Filling up the DagBag from /usr/local/lib/python3.10/dist-packages/airflow/example_dags/example_latest_only_with_trigger.py
[2023-12-05T17:59:20.220+0000] {processor.py:839} INFO - DAG(s) dict_keys(['latest_only_with_trigger']) retrieved from /usr/local/lib/python3.10/dist-packages/airflow/example_dags/example_latest_only_with_trigger.py
[2023-12-05T17:59:20.236+0000] {logging_mixin.py:154} INFO - [2023-12-05T17:59:20.235+0000] {dag.py:2941} INFO - Sync 1 DAGs
[2023-12-05T17:59:20.255+0000] {logging_mixin.py:154} INFO - [2023-12-05T17:59:20.255+0000] {dag.py:3722} INFO - Setting next_dagrun for latest_only_with_trigger to 2023-12-05T13:59:20.255250+00:00, run_after=2023-12-05T17:59:20.255250+00:00
[2023-12-05T17:59:20.283+0000] {processor.py:179} INFO - Processing /usr/local/lib/python3.10/dist-packages/airflow/example_dags/example_latest_only_with_trigger.py took 0.077 seconds
[2023-12-05T18:00:13.742+0000] {processor.py:157} INFO - Started process (PID=11270) to work on /usr/local/lib/python3.10/dist-packages/airflow/example_dags/example_latest_only_with_trigger.py
[2023-12-05T18:00:13.744+0000] {processor.py:829} INFO - Processing file /usr/local/lib/python3.10/dist-packages/airflow/example_dags/example_latest_only_with_trigger.py for tasks to queue
[2023-12-05T18:00:13.745+0000] {logging_mixin.py:154} INFO - [2023-12-05T18:00:13.745+0000] {dagbag.py:536} INFO - Filling up the DagBag from /usr/local/lib/python3.10/dist-packages/airflow/example_dags/example_latest_only_with_trigger.py
[2023-12-05T18:00:13.756+0000] {processor.py:839} INFO - DAG(s) dict_keys(['latest_only_with_trigger']) retrieved from /usr/local/lib/python3.10/dist-packages/airflow/example_dags/example_latest_only_with_trigger.py
[2023-12-05T18:00:13.779+0000] {logging_mixin.py:154} INFO - [2023-12-05T18:00:13.779+0000] {dag.py:2941} INFO - Sync 1 DAGs
[2023-12-05T18:00:13.806+0000] {logging_mixin.py:154} INFO - [2023-12-05T18:00:13.806+0000] {dag.py:3722} INFO - Setting next_dagrun for latest_only_with_trigger to 2023-12-05T14:00:13.805838+00:00, run_after=2023-12-05T18:00:13.805838+00:00
[2023-12-05T18:00:13.838+0000] {processor.py:179} INFO - Processing /usr/local/lib/python3.10/dist-packages/airflow/example_dags/example_latest_only_with_trigger.py took 0.099 seconds
[2023-12-05T18:01:03.717+0000] {processor.py:157} INFO - Started process (PID=11329) to work on /usr/local/lib/python3.10/dist-packages/airflow/example_dags/example_latest_only_with_trigger.py
[2023-12-05T18:01:03.724+0000] {processor.py:829} INFO - Processing file /usr/local/lib/python3.10/dist-packages/airflow/example_dags/example_latest_only_with_trigger.py for tasks to queue
[2023-12-05T18:01:03.730+0000] {logging_mixin.py:154} INFO - [2023-12-05T18:01:03.727+0000] {dagbag.py:536} INFO - Filling up the DagBag from /usr/local/lib/python3.10/dist-packages/airflow/example_dags/example_latest_only_with_trigger.py
[2023-12-05T18:01:03.749+0000] {processor.py:839} INFO - DAG(s) dict_keys(['latest_only_with_trigger']) retrieved from /usr/local/lib/python3.10/dist-packages/airflow/example_dags/example_latest_only_with_trigger.py
[2023-12-05T18:01:03.786+0000] {logging_mixin.py:154} INFO - [2023-12-05T18:01:03.786+0000] {dag.py:2941} INFO - Sync 1 DAGs
[2023-12-05T18:01:03.808+0000] {logging_mixin.py:154} INFO - [2023-12-05T18:01:03.808+0000] {dag.py:3722} INFO - Setting next_dagrun for latest_only_with_trigger to 2023-12-05T14:01:03.807949+00:00, run_after=2023-12-05T18:01:03.807949+00:00
[2023-12-05T18:01:03.832+0000] {processor.py:179} INFO - Processing /usr/local/lib/python3.10/dist-packages/airflow/example_dags/example_latest_only_with_trigger.py took 0.120 seconds
[2023-12-05T18:01:51.389+0000] {processor.py:157} INFO - Started process (PID=11505) to work on /usr/local/lib/python3.10/dist-packages/airflow/example_dags/example_latest_only_with_trigger.py
[2023-12-05T18:01:51.390+0000] {processor.py:829} INFO - Processing file /usr/local/lib/python3.10/dist-packages/airflow/example_dags/example_latest_only_with_trigger.py for tasks to queue
[2023-12-05T18:01:51.392+0000] {logging_mixin.py:154} INFO - [2023-12-05T18:01:51.391+0000] {dagbag.py:536} INFO - Filling up the DagBag from /usr/local/lib/python3.10/dist-packages/airflow/example_dags/example_latest_only_with_trigger.py
[2023-12-05T18:01:51.400+0000] {processor.py:839} INFO - DAG(s) dict_keys(['latest_only_with_trigger']) retrieved from /usr/local/lib/python3.10/dist-packages/airflow/example_dags/example_latest_only_with_trigger.py
[2023-12-05T18:01:51.430+0000] {logging_mixin.py:154} INFO - [2023-12-05T18:01:51.429+0000] {dag.py:2941} INFO - Sync 1 DAGs
[2023-12-05T18:01:51.453+0000] {logging_mixin.py:154} INFO - [2023-12-05T18:01:51.453+0000] {dag.py:3722} INFO - Setting next_dagrun for latest_only_with_trigger to 2023-12-05T14:01:51.453201+00:00, run_after=2023-12-05T18:01:51.453201+00:00
[2023-12-05T18:01:51.489+0000] {processor.py:179} INFO - Processing /usr/local/lib/python3.10/dist-packages/airflow/example_dags/example_latest_only_with_trigger.py took 0.106 seconds
[2023-12-05T18:02:41.651+0000] {processor.py:157} INFO - Started process (PID=11625) to work on /usr/local/lib/python3.10/dist-packages/airflow/example_dags/example_latest_only_with_trigger.py
[2023-12-05T18:02:41.652+0000] {processor.py:829} INFO - Processing file /usr/local/lib/python3.10/dist-packages/airflow/example_dags/example_latest_only_with_trigger.py for tasks to queue
[2023-12-05T18:02:41.653+0000] {logging_mixin.py:154} INFO - [2023-12-05T18:02:41.653+0000] {dagbag.py:536} INFO - Filling up the DagBag from /usr/local/lib/python3.10/dist-packages/airflow/example_dags/example_latest_only_with_trigger.py
[2023-12-05T18:02:41.661+0000] {processor.py:839} INFO - DAG(s) dict_keys(['latest_only_with_trigger']) retrieved from /usr/local/lib/python3.10/dist-packages/airflow/example_dags/example_latest_only_with_trigger.py
[2023-12-05T18:02:41.683+0000] {logging_mixin.py:154} INFO - [2023-12-05T18:02:41.678+0000] {dag.py:2941} INFO - Sync 1 DAGs
[2023-12-05T18:02:41.705+0000] {logging_mixin.py:154} INFO - [2023-12-05T18:02:41.705+0000] {dag.py:3722} INFO - Setting next_dagrun for latest_only_with_trigger to 2023-12-05T14:02:41.704987+00:00, run_after=2023-12-05T18:02:41.704987+00:00
[2023-12-05T18:02:41.729+0000] {processor.py:179} INFO - Processing /usr/local/lib/python3.10/dist-packages/airflow/example_dags/example_latest_only_with_trigger.py took 0.081 seconds
[2023-12-05T18:03:33.449+0000] {processor.py:157} INFO - Started process (PID=11743) to work on /usr/local/lib/python3.10/dist-packages/airflow/example_dags/example_latest_only_with_trigger.py
[2023-12-05T18:03:33.451+0000] {processor.py:829} INFO - Processing file /usr/local/lib/python3.10/dist-packages/airflow/example_dags/example_latest_only_with_trigger.py for tasks to queue
[2023-12-05T18:03:33.452+0000] {logging_mixin.py:154} INFO - [2023-12-05T18:03:33.451+0000] {dagbag.py:536} INFO - Filling up the DagBag from /usr/local/lib/python3.10/dist-packages/airflow/example_dags/example_latest_only_with_trigger.py
[2023-12-05T18:03:33.458+0000] {processor.py:839} INFO - DAG(s) dict_keys(['latest_only_with_trigger']) retrieved from /usr/local/lib/python3.10/dist-packages/airflow/example_dags/example_latest_only_with_trigger.py
[2023-12-05T18:03:33.473+0000] {logging_mixin.py:154} INFO - [2023-12-05T18:03:33.473+0000] {dag.py:2941} INFO - Sync 1 DAGs
[2023-12-05T18:03:33.492+0000] {logging_mixin.py:154} INFO - [2023-12-05T18:03:33.492+0000] {dag.py:3722} INFO - Setting next_dagrun for latest_only_with_trigger to 2023-12-05T14:03:33.492354+00:00, run_after=2023-12-05T18:03:33.492354+00:00
[2023-12-05T18:03:33.516+0000] {processor.py:179} INFO - Processing /usr/local/lib/python3.10/dist-packages/airflow/example_dags/example_latest_only_with_trigger.py took 0.069 seconds
[2023-12-05T18:04:21.365+0000] {processor.py:157} INFO - Started process (PID=11860) to work on /usr/local/lib/python3.10/dist-packages/airflow/example_dags/example_latest_only_with_trigger.py
[2023-12-05T18:04:21.366+0000] {processor.py:829} INFO - Processing file /usr/local/lib/python3.10/dist-packages/airflow/example_dags/example_latest_only_with_trigger.py for tasks to queue
[2023-12-05T18:04:21.367+0000] {logging_mixin.py:154} INFO - [2023-12-05T18:04:21.367+0000] {dagbag.py:536} INFO - Filling up the DagBag from /usr/local/lib/python3.10/dist-packages/airflow/example_dags/example_latest_only_with_trigger.py
[2023-12-05T18:04:21.383+0000] {processor.py:839} INFO - DAG(s) dict_keys(['latest_only_with_trigger']) retrieved from /usr/local/lib/python3.10/dist-packages/airflow/example_dags/example_latest_only_with_trigger.py
[2023-12-05T18:04:21.412+0000] {logging_mixin.py:154} INFO - [2023-12-05T18:04:21.411+0000] {dag.py:2941} INFO - Sync 1 DAGs
[2023-12-05T18:04:21.439+0000] {logging_mixin.py:154} INFO - [2023-12-05T18:04:21.439+0000] {dag.py:3722} INFO - Setting next_dagrun for latest_only_with_trigger to 2023-12-05T14:04:21.439482+00:00, run_after=2023-12-05T18:04:21.439482+00:00
[2023-12-05T18:04:21.462+0000] {processor.py:179} INFO - Processing /usr/local/lib/python3.10/dist-packages/airflow/example_dags/example_latest_only_with_trigger.py took 0.101 seconds
[2023-12-05T18:05:15.110+0000] {processor.py:157} INFO - Started process (PID=12431) to work on /usr/local/lib/python3.10/dist-packages/airflow/example_dags/example_latest_only_with_trigger.py
[2023-12-05T18:05:15.111+0000] {processor.py:829} INFO - Processing file /usr/local/lib/python3.10/dist-packages/airflow/example_dags/example_latest_only_with_trigger.py for tasks to queue
[2023-12-05T18:05:15.112+0000] {logging_mixin.py:154} INFO - [2023-12-05T18:05:15.112+0000] {dagbag.py:536} INFO - Filling up the DagBag from /usr/local/lib/python3.10/dist-packages/airflow/example_dags/example_latest_only_with_trigger.py
[2023-12-05T18:05:15.120+0000] {processor.py:839} INFO - DAG(s) dict_keys(['latest_only_with_trigger']) retrieved from /usr/local/lib/python3.10/dist-packages/airflow/example_dags/example_latest_only_with_trigger.py
[2023-12-05T18:05:15.137+0000] {logging_mixin.py:154} INFO - [2023-12-05T18:05:15.137+0000] {dag.py:2941} INFO - Sync 1 DAGs
[2023-12-05T18:05:15.161+0000] {logging_mixin.py:154} INFO - [2023-12-05T18:05:15.161+0000] {dag.py:3722} INFO - Setting next_dagrun for latest_only_with_trigger to 2023-12-05T14:05:15.160754+00:00, run_after=2023-12-05T18:05:15.160754+00:00
[2023-12-05T18:05:15.194+0000] {processor.py:179} INFO - Processing /usr/local/lib/python3.10/dist-packages/airflow/example_dags/example_latest_only_with_trigger.py took 0.088 seconds
[2023-12-05T18:06:05.389+0000] {processor.py:157} INFO - Started process (PID=12668) to work on /usr/local/lib/python3.10/dist-packages/airflow/example_dags/example_latest_only_with_trigger.py
[2023-12-05T18:06:05.391+0000] {processor.py:829} INFO - Processing file /usr/local/lib/python3.10/dist-packages/airflow/example_dags/example_latest_only_with_trigger.py for tasks to queue
[2023-12-05T18:06:05.392+0000] {logging_mixin.py:154} INFO - [2023-12-05T18:06:05.391+0000] {dagbag.py:536} INFO - Filling up the DagBag from /usr/local/lib/python3.10/dist-packages/airflow/example_dags/example_latest_only_with_trigger.py
[2023-12-05T18:06:05.397+0000] {processor.py:839} INFO - DAG(s) dict_keys(['latest_only_with_trigger']) retrieved from /usr/local/lib/python3.10/dist-packages/airflow/example_dags/example_latest_only_with_trigger.py
[2023-12-05T18:06:05.413+0000] {logging_mixin.py:154} INFO - [2023-12-05T18:06:05.413+0000] {dag.py:2941} INFO - Sync 1 DAGs
[2023-12-05T18:06:05.431+0000] {logging_mixin.py:154} INFO - [2023-12-05T18:06:05.431+0000] {dag.py:3722} INFO - Setting next_dagrun for latest_only_with_trigger to 2023-12-05T14:06:05.430946+00:00, run_after=2023-12-05T18:06:05.430946+00:00
[2023-12-05T18:06:05.451+0000] {processor.py:179} INFO - Processing /usr/local/lib/python3.10/dist-packages/airflow/example_dags/example_latest_only_with_trigger.py took 0.065 seconds
[2023-12-05T18:06:57.991+0000] {processor.py:157} INFO - Started process (PID=12878) to work on /usr/local/lib/python3.10/dist-packages/airflow/example_dags/example_latest_only_with_trigger.py
[2023-12-05T18:06:57.992+0000] {processor.py:829} INFO - Processing file /usr/local/lib/python3.10/dist-packages/airflow/example_dags/example_latest_only_with_trigger.py for tasks to queue
[2023-12-05T18:06:57.993+0000] {logging_mixin.py:154} INFO - [2023-12-05T18:06:57.993+0000] {dagbag.py:536} INFO - Filling up the DagBag from /usr/local/lib/python3.10/dist-packages/airflow/example_dags/example_latest_only_with_trigger.py
[2023-12-05T18:06:58.003+0000] {processor.py:839} INFO - DAG(s) dict_keys(['latest_only_with_trigger']) retrieved from /usr/local/lib/python3.10/dist-packages/airflow/example_dags/example_latest_only_with_trigger.py
[2023-12-05T18:06:58.022+0000] {logging_mixin.py:154} INFO - [2023-12-05T18:06:58.022+0000] {dag.py:2941} INFO - Sync 1 DAGs
[2023-12-05T18:06:58.045+0000] {logging_mixin.py:154} INFO - [2023-12-05T18:06:58.045+0000] {dag.py:3722} INFO - Setting next_dagrun for latest_only_with_trigger to 2023-12-05T14:06:58.044860+00:00, run_after=2023-12-05T18:06:58.044860+00:00
[2023-12-05T18:06:58.097+0000] {processor.py:179} INFO - Processing /usr/local/lib/python3.10/dist-packages/airflow/example_dags/example_latest_only_with_trigger.py took 0.110 seconds
[2023-12-05T18:07:52.499+0000] {processor.py:157} INFO - Started process (PID=13101) to work on /usr/local/lib/python3.10/dist-packages/airflow/example_dags/example_latest_only_with_trigger.py
[2023-12-05T18:07:52.501+0000] {processor.py:829} INFO - Processing file /usr/local/lib/python3.10/dist-packages/airflow/example_dags/example_latest_only_with_trigger.py for tasks to queue
[2023-12-05T18:07:52.502+0000] {logging_mixin.py:154} INFO - [2023-12-05T18:07:52.501+0000] {dagbag.py:536} INFO - Filling up the DagBag from /usr/local/lib/python3.10/dist-packages/airflow/example_dags/example_latest_only_with_trigger.py
[2023-12-05T18:07:52.512+0000] {processor.py:839} INFO - DAG(s) dict_keys(['latest_only_with_trigger']) retrieved from /usr/local/lib/python3.10/dist-packages/airflow/example_dags/example_latest_only_with_trigger.py
[2023-12-05T18:07:52.549+0000] {logging_mixin.py:154} INFO - [2023-12-05T18:07:52.549+0000] {dag.py:2941} INFO - Sync 1 DAGs
[2023-12-05T18:07:52.576+0000] {logging_mixin.py:154} INFO - [2023-12-05T18:07:52.576+0000] {dag.py:3722} INFO - Setting next_dagrun for latest_only_with_trigger to 2023-12-05T14:07:52.576204+00:00, run_after=2023-12-05T18:07:52.576204+00:00
[2023-12-05T18:07:52.600+0000] {processor.py:179} INFO - Processing /usr/local/lib/python3.10/dist-packages/airflow/example_dags/example_latest_only_with_trigger.py took 0.113 seconds
[2023-12-05T18:08:36.713+0000] {processor.py:157} INFO - Started process (PID=13268) to work on /usr/local/lib/python3.10/dist-packages/airflow/example_dags/example_latest_only_with_trigger.py
[2023-12-05T18:08:36.714+0000] {processor.py:829} INFO - Processing file /usr/local/lib/python3.10/dist-packages/airflow/example_dags/example_latest_only_with_trigger.py for tasks to queue
[2023-12-05T18:08:36.716+0000] {logging_mixin.py:154} INFO - [2023-12-05T18:08:36.715+0000] {dagbag.py:536} INFO - Filling up the DagBag from /usr/local/lib/python3.10/dist-packages/airflow/example_dags/example_latest_only_with_trigger.py
[2023-12-05T18:08:36.722+0000] {processor.py:839} INFO - DAG(s) dict_keys(['latest_only_with_trigger']) retrieved from /usr/local/lib/python3.10/dist-packages/airflow/example_dags/example_latest_only_with_trigger.py
[2023-12-05T18:08:36.742+0000] {logging_mixin.py:154} INFO - [2023-12-05T18:08:36.742+0000] {dag.py:2941} INFO - Sync 1 DAGs
[2023-12-05T18:08:36.782+0000] {logging_mixin.py:154} INFO - [2023-12-05T18:08:36.781+0000] {dag.py:3722} INFO - Setting next_dagrun for latest_only_with_trigger to 2023-12-05T14:08:36.781499+00:00, run_after=2023-12-05T18:08:36.781499+00:00
[2023-12-05T18:08:36.808+0000] {processor.py:179} INFO - Processing /usr/local/lib/python3.10/dist-packages/airflow/example_dags/example_latest_only_with_trigger.py took 0.100 seconds
[2023-12-05T18:09:28.969+0000] {processor.py:157} INFO - Started process (PID=13634) to work on /usr/local/lib/python3.10/dist-packages/airflow/example_dags/example_latest_only_with_trigger.py
[2023-12-05T18:09:28.971+0000] {processor.py:829} INFO - Processing file /usr/local/lib/python3.10/dist-packages/airflow/example_dags/example_latest_only_with_trigger.py for tasks to queue
[2023-12-05T18:09:28.971+0000] {logging_mixin.py:154} INFO - [2023-12-05T18:09:28.971+0000] {dagbag.py:536} INFO - Filling up the DagBag from /usr/local/lib/python3.10/dist-packages/airflow/example_dags/example_latest_only_with_trigger.py
[2023-12-05T18:09:28.978+0000] {processor.py:839} INFO - DAG(s) dict_keys(['latest_only_with_trigger']) retrieved from /usr/local/lib/python3.10/dist-packages/airflow/example_dags/example_latest_only_with_trigger.py
[2023-12-05T18:09:28.999+0000] {logging_mixin.py:154} INFO - [2023-12-05T18:09:28.999+0000] {dag.py:2941} INFO - Sync 1 DAGs
[2023-12-05T18:09:29.020+0000] {logging_mixin.py:154} INFO - [2023-12-05T18:09:29.020+0000] {dag.py:3722} INFO - Setting next_dagrun for latest_only_with_trigger to 2023-12-05T14:09:29.020457+00:00, run_after=2023-12-05T18:09:29.020457+00:00
[2023-12-05T18:09:29.044+0000] {processor.py:179} INFO - Processing /usr/local/lib/python3.10/dist-packages/airflow/example_dags/example_latest_only_with_trigger.py took 0.078 seconds
[2023-12-05T18:10:15.574+0000] {processor.py:157} INFO - Started process (PID=13750) to work on /usr/local/lib/python3.10/dist-packages/airflow/example_dags/example_latest_only_with_trigger.py
[2023-12-05T18:10:15.576+0000] {processor.py:829} INFO - Processing file /usr/local/lib/python3.10/dist-packages/airflow/example_dags/example_latest_only_with_trigger.py for tasks to queue
[2023-12-05T18:10:15.577+0000] {logging_mixin.py:154} INFO - [2023-12-05T18:10:15.576+0000] {dagbag.py:536} INFO - Filling up the DagBag from /usr/local/lib/python3.10/dist-packages/airflow/example_dags/example_latest_only_with_trigger.py
[2023-12-05T18:10:15.585+0000] {processor.py:839} INFO - DAG(s) dict_keys(['latest_only_with_trigger']) retrieved from /usr/local/lib/python3.10/dist-packages/airflow/example_dags/example_latest_only_with_trigger.py
[2023-12-05T18:10:15.603+0000] {logging_mixin.py:154} INFO - [2023-12-05T18:10:15.603+0000] {dag.py:2941} INFO - Sync 1 DAGs
[2023-12-05T18:10:15.623+0000] {logging_mixin.py:154} INFO - [2023-12-05T18:10:15.623+0000] {dag.py:3722} INFO - Setting next_dagrun for latest_only_with_trigger to 2023-12-05T14:10:15.623283+00:00, run_after=2023-12-05T18:10:15.623283+00:00
[2023-12-05T18:10:15.649+0000] {processor.py:179} INFO - Processing /usr/local/lib/python3.10/dist-packages/airflow/example_dags/example_latest_only_with_trigger.py took 0.077 seconds
