[2023-12-05T17:46:42.123+0000] {processor.py:157} INFO - Started process (PID=9275) to work on /usr/local/lib/python3.10/dist-packages/airflow/example_dags/example_datasets.py
[2023-12-05T17:46:42.124+0000] {processor.py:829} INFO - Processing file /usr/local/lib/python3.10/dist-packages/airflow/example_dags/example_datasets.py for tasks to queue
[2023-12-05T17:46:42.126+0000] {logging_mixin.py:154} INFO - [2023-12-05T17:46:42.125+0000] {dagbag.py:536} INFO - Filling up the DagBag from /usr/local/lib/python3.10/dist-packages/airflow/example_dags/example_datasets.py
[2023-12-05T17:46:42.150+0000] {processor.py:839} INFO - DAG(s) dict_keys(['dataset_consumes_1_and_2', 'dataset_produces_1', 'dataset_consumes_unknown_never_scheduled', 'dataset_consumes_1_never_scheduled', 'dataset_consumes_1', 'dataset_produces_2']) retrieved from /usr/local/lib/python3.10/dist-packages/airflow/example_dags/example_datasets.py
[2023-12-05T17:46:42.221+0000] {logging_mixin.py:154} INFO - [2023-12-05T17:46:42.220+0000] {dag.py:2941} INFO - Sync 6 DAGs
[2023-12-05T17:46:42.266+0000] {logging_mixin.py:154} INFO - [2023-12-05T17:46:42.266+0000] {dag.py:3722} INFO - Setting next_dagrun for dataset_consumes_1 to None, run_after=None
[2023-12-05T17:46:42.273+0000] {logging_mixin.py:154} INFO - [2023-12-05T17:46:42.273+0000] {dag.py:3722} INFO - Setting next_dagrun for dataset_consumes_1_and_2 to None, run_after=None
[2023-12-05T17:46:42.274+0000] {logging_mixin.py:154} INFO - [2023-12-05T17:46:42.274+0000] {dag.py:3722} INFO - Setting next_dagrun for dataset_consumes_1_never_scheduled to None, run_after=None
[2023-12-05T17:46:42.279+0000] {logging_mixin.py:154} INFO - [2023-12-05T17:46:42.278+0000] {dag.py:3722} INFO - Setting next_dagrun for dataset_consumes_unknown_never_scheduled to None, run_after=None
[2023-12-05T17:46:42.284+0000] {logging_mixin.py:154} INFO - [2023-12-05T17:46:42.284+0000] {dag.py:3722} INFO - Setting next_dagrun for dataset_produces_1 to 2023-12-04T00:00:00+00:00, run_after=2023-12-05T00:00:00+00:00
[2023-12-05T17:46:42.286+0000] {logging_mixin.py:154} INFO - [2023-12-05T17:46:42.286+0000] {dag.py:3722} INFO - Setting next_dagrun for dataset_produces_2 to None, run_after=None
[2023-12-05T17:46:42.355+0000] {processor.py:179} INFO - Processing /usr/local/lib/python3.10/dist-packages/airflow/example_dags/example_datasets.py took 0.242 seconds
[2023-12-05T17:47:31.083+0000] {processor.py:157} INFO - Started process (PID=9387) to work on /usr/local/lib/python3.10/dist-packages/airflow/example_dags/example_datasets.py
[2023-12-05T17:47:31.085+0000] {processor.py:829} INFO - Processing file /usr/local/lib/python3.10/dist-packages/airflow/example_dags/example_datasets.py for tasks to queue
[2023-12-05T17:47:31.086+0000] {logging_mixin.py:154} INFO - [2023-12-05T17:47:31.085+0000] {dagbag.py:536} INFO - Filling up the DagBag from /usr/local/lib/python3.10/dist-packages/airflow/example_dags/example_datasets.py
[2023-12-05T17:47:31.096+0000] {processor.py:839} INFO - DAG(s) dict_keys(['dataset_produces_2', 'dataset_consumes_1_never_scheduled', 'dataset_consumes_1_and_2', 'dataset_consumes_1', 'dataset_produces_1', 'dataset_consumes_unknown_never_scheduled']) retrieved from /usr/local/lib/python3.10/dist-packages/airflow/example_dags/example_datasets.py
[2023-12-05T17:47:31.127+0000] {logging_mixin.py:154} INFO - [2023-12-05T17:47:31.127+0000] {dag.py:2941} INFO - Sync 6 DAGs
[2023-12-05T17:47:31.150+0000] {logging_mixin.py:154} INFO - [2023-12-05T17:47:31.149+0000] {dag.py:3722} INFO - Setting next_dagrun for dataset_consumes_1 to None, run_after=None
[2023-12-05T17:47:31.153+0000] {logging_mixin.py:154} INFO - [2023-12-05T17:47:31.153+0000] {dag.py:3722} INFO - Setting next_dagrun for dataset_consumes_1_and_2 to None, run_after=None
[2023-12-05T17:47:31.154+0000] {logging_mixin.py:154} INFO - [2023-12-05T17:47:31.154+0000] {dag.py:3722} INFO - Setting next_dagrun for dataset_consumes_1_never_scheduled to None, run_after=None
[2023-12-05T17:47:31.155+0000] {logging_mixin.py:154} INFO - [2023-12-05T17:47:31.155+0000] {dag.py:3722} INFO - Setting next_dagrun for dataset_consumes_unknown_never_scheduled to None, run_after=None
[2023-12-05T17:47:31.157+0000] {logging_mixin.py:154} INFO - [2023-12-05T17:47:31.157+0000] {dag.py:3722} INFO - Setting next_dagrun for dataset_produces_1 to 2023-12-04T00:00:00+00:00, run_after=2023-12-05T00:00:00+00:00
[2023-12-05T17:47:31.159+0000] {logging_mixin.py:154} INFO - [2023-12-05T17:47:31.158+0000] {dag.py:3722} INFO - Setting next_dagrun for dataset_produces_2 to None, run_after=None
[2023-12-05T17:47:31.205+0000] {processor.py:179} INFO - Processing /usr/local/lib/python3.10/dist-packages/airflow/example_dags/example_datasets.py took 0.127 seconds
[2023-12-05T17:48:24.956+0000] {processor.py:157} INFO - Started process (PID=9566) to work on /usr/local/lib/python3.10/dist-packages/airflow/example_dags/example_datasets.py
[2023-12-05T17:48:24.958+0000] {processor.py:829} INFO - Processing file /usr/local/lib/python3.10/dist-packages/airflow/example_dags/example_datasets.py for tasks to queue
[2023-12-05T17:48:24.959+0000] {logging_mixin.py:154} INFO - [2023-12-05T17:48:24.958+0000] {dagbag.py:536} INFO - Filling up the DagBag from /usr/local/lib/python3.10/dist-packages/airflow/example_dags/example_datasets.py
[2023-12-05T17:48:24.970+0000] {processor.py:839} INFO - DAG(s) dict_keys(['dataset_consumes_unknown_never_scheduled', 'dataset_consumes_1_and_2', 'dataset_consumes_1', 'dataset_produces_1', 'dataset_consumes_1_never_scheduled', 'dataset_produces_2']) retrieved from /usr/local/lib/python3.10/dist-packages/airflow/example_dags/example_datasets.py
[2023-12-05T17:48:25.027+0000] {logging_mixin.py:154} INFO - [2023-12-05T17:48:25.026+0000] {dag.py:2941} INFO - Sync 6 DAGs
[2023-12-05T17:48:25.051+0000] {logging_mixin.py:154} INFO - [2023-12-05T17:48:25.051+0000] {dag.py:3722} INFO - Setting next_dagrun for dataset_consumes_1 to None, run_after=None
[2023-12-05T17:48:25.055+0000] {logging_mixin.py:154} INFO - [2023-12-05T17:48:25.055+0000] {dag.py:3722} INFO - Setting next_dagrun for dataset_consumes_1_and_2 to None, run_after=None
[2023-12-05T17:48:25.057+0000] {logging_mixin.py:154} INFO - [2023-12-05T17:48:25.056+0000] {dag.py:3722} INFO - Setting next_dagrun for dataset_consumes_1_never_scheduled to None, run_after=None
[2023-12-05T17:48:25.059+0000] {logging_mixin.py:154} INFO - [2023-12-05T17:48:25.058+0000] {dag.py:3722} INFO - Setting next_dagrun for dataset_consumes_unknown_never_scheduled to None, run_after=None
[2023-12-05T17:48:25.062+0000] {logging_mixin.py:154} INFO - [2023-12-05T17:48:25.061+0000] {dag.py:3722} INFO - Setting next_dagrun for dataset_produces_1 to 2023-12-04T00:00:00+00:00, run_after=2023-12-05T00:00:00+00:00
[2023-12-05T17:48:25.063+0000] {logging_mixin.py:154} INFO - [2023-12-05T17:48:25.063+0000] {dag.py:3722} INFO - Setting next_dagrun for dataset_produces_2 to None, run_after=None
[2023-12-05T17:48:25.108+0000] {processor.py:179} INFO - Processing /usr/local/lib/python3.10/dist-packages/airflow/example_dags/example_datasets.py took 0.156 seconds
[2023-12-05T17:49:19.970+0000] {processor.py:157} INFO - Started process (PID=9685) to work on /usr/local/lib/python3.10/dist-packages/airflow/example_dags/example_datasets.py
[2023-12-05T17:49:19.974+0000] {processor.py:829} INFO - Processing file /usr/local/lib/python3.10/dist-packages/airflow/example_dags/example_datasets.py for tasks to queue
[2023-12-05T17:49:19.976+0000] {logging_mixin.py:154} INFO - [2023-12-05T17:49:19.976+0000] {dagbag.py:536} INFO - Filling up the DagBag from /usr/local/lib/python3.10/dist-packages/airflow/example_dags/example_datasets.py
[2023-12-05T17:49:19.988+0000] {processor.py:839} INFO - DAG(s) dict_keys(['dataset_consumes_1_never_scheduled', 'dataset_produces_2', 'dataset_produces_1', 'dataset_consumes_1_and_2', 'dataset_consumes_1', 'dataset_consumes_unknown_never_scheduled']) retrieved from /usr/local/lib/python3.10/dist-packages/airflow/example_dags/example_datasets.py
[2023-12-05T17:49:20.050+0000] {logging_mixin.py:154} INFO - [2023-12-05T17:49:20.050+0000] {dag.py:2941} INFO - Sync 6 DAGs
[2023-12-05T17:49:20.073+0000] {logging_mixin.py:154} INFO - [2023-12-05T17:49:20.073+0000] {dag.py:3722} INFO - Setting next_dagrun for dataset_consumes_1 to None, run_after=None
[2023-12-05T17:49:20.077+0000] {logging_mixin.py:154} INFO - [2023-12-05T17:49:20.076+0000] {dag.py:3722} INFO - Setting next_dagrun for dataset_consumes_1_and_2 to None, run_after=None
[2023-12-05T17:49:20.078+0000] {logging_mixin.py:154} INFO - [2023-12-05T17:49:20.078+0000] {dag.py:3722} INFO - Setting next_dagrun for dataset_consumes_1_never_scheduled to None, run_after=None
[2023-12-05T17:49:20.079+0000] {logging_mixin.py:154} INFO - [2023-12-05T17:49:20.079+0000] {dag.py:3722} INFO - Setting next_dagrun for dataset_consumes_unknown_never_scheduled to None, run_after=None
[2023-12-05T17:49:20.083+0000] {logging_mixin.py:154} INFO - [2023-12-05T17:49:20.083+0000] {dag.py:3722} INFO - Setting next_dagrun for dataset_produces_1 to 2023-12-04T00:00:00+00:00, run_after=2023-12-05T00:00:00+00:00
[2023-12-05T17:49:20.085+0000] {logging_mixin.py:154} INFO - [2023-12-05T17:49:20.084+0000] {dag.py:3722} INFO - Setting next_dagrun for dataset_produces_2 to None, run_after=None
[2023-12-05T17:49:20.118+0000] {processor.py:179} INFO - Processing /usr/local/lib/python3.10/dist-packages/airflow/example_dags/example_datasets.py took 0.152 seconds
[2023-12-05T17:50:13.013+0000] {processor.py:157} INFO - Started process (PID=9806) to work on /usr/local/lib/python3.10/dist-packages/airflow/example_dags/example_datasets.py
[2023-12-05T17:50:13.014+0000] {processor.py:829} INFO - Processing file /usr/local/lib/python3.10/dist-packages/airflow/example_dags/example_datasets.py for tasks to queue
[2023-12-05T17:50:13.015+0000] {logging_mixin.py:154} INFO - [2023-12-05T17:50:13.015+0000] {dagbag.py:536} INFO - Filling up the DagBag from /usr/local/lib/python3.10/dist-packages/airflow/example_dags/example_datasets.py
[2023-12-05T17:50:13.025+0000] {processor.py:839} INFO - DAG(s) dict_keys(['dataset_consumes_1_and_2', 'dataset_consumes_1_never_scheduled', 'dataset_produces_2', 'dataset_consumes_1', 'dataset_consumes_unknown_never_scheduled', 'dataset_produces_1']) retrieved from /usr/local/lib/python3.10/dist-packages/airflow/example_dags/example_datasets.py
[2023-12-05T17:50:13.069+0000] {logging_mixin.py:154} INFO - [2023-12-05T17:50:13.069+0000] {dag.py:2941} INFO - Sync 6 DAGs
[2023-12-05T17:50:13.110+0000] {logging_mixin.py:154} INFO - [2023-12-05T17:50:13.110+0000] {dag.py:3722} INFO - Setting next_dagrun for dataset_consumes_1 to None, run_after=None
[2023-12-05T17:50:13.120+0000] {logging_mixin.py:154} INFO - [2023-12-05T17:50:13.118+0000] {dag.py:3722} INFO - Setting next_dagrun for dataset_consumes_1_and_2 to None, run_after=None
[2023-12-05T17:50:13.123+0000] {logging_mixin.py:154} INFO - [2023-12-05T17:50:13.122+0000] {dag.py:3722} INFO - Setting next_dagrun for dataset_consumes_1_never_scheduled to None, run_after=None
[2023-12-05T17:50:13.127+0000] {logging_mixin.py:154} INFO - [2023-12-05T17:50:13.127+0000] {dag.py:3722} INFO - Setting next_dagrun for dataset_consumes_unknown_never_scheduled to None, run_after=None
[2023-12-05T17:50:13.132+0000] {logging_mixin.py:154} INFO - [2023-12-05T17:50:13.132+0000] {dag.py:3722} INFO - Setting next_dagrun for dataset_produces_1 to 2023-12-04T00:00:00+00:00, run_after=2023-12-05T00:00:00+00:00
[2023-12-05T17:50:13.134+0000] {logging_mixin.py:154} INFO - [2023-12-05T17:50:13.134+0000] {dag.py:3722} INFO - Setting next_dagrun for dataset_produces_2 to None, run_after=None
[2023-12-05T17:50:13.176+0000] {processor.py:179} INFO - Processing /usr/local/lib/python3.10/dist-packages/airflow/example_dags/example_datasets.py took 0.167 seconds
[2023-12-05T17:51:04.746+0000] {processor.py:157} INFO - Started process (PID=9888) to work on /usr/local/lib/python3.10/dist-packages/airflow/example_dags/example_datasets.py
[2023-12-05T17:51:04.748+0000] {processor.py:829} INFO - Processing file /usr/local/lib/python3.10/dist-packages/airflow/example_dags/example_datasets.py for tasks to queue
[2023-12-05T17:51:04.748+0000] {logging_mixin.py:154} INFO - [2023-12-05T17:51:04.748+0000] {dagbag.py:536} INFO - Filling up the DagBag from /usr/local/lib/python3.10/dist-packages/airflow/example_dags/example_datasets.py
[2023-12-05T17:51:04.758+0000] {processor.py:839} INFO - DAG(s) dict_keys(['dataset_produces_1', 'dataset_consumes_1_and_2', 'dataset_consumes_1_never_scheduled', 'dataset_produces_2', 'dataset_consumes_1', 'dataset_consumes_unknown_never_scheduled']) retrieved from /usr/local/lib/python3.10/dist-packages/airflow/example_dags/example_datasets.py
[2023-12-05T17:51:04.788+0000] {logging_mixin.py:154} INFO - [2023-12-05T17:51:04.787+0000] {dag.py:2941} INFO - Sync 6 DAGs
[2023-12-05T17:51:04.808+0000] {logging_mixin.py:154} INFO - [2023-12-05T17:51:04.808+0000] {dag.py:3722} INFO - Setting next_dagrun for dataset_consumes_1 to None, run_after=None
[2023-12-05T17:51:04.811+0000] {logging_mixin.py:154} INFO - [2023-12-05T17:51:04.811+0000] {dag.py:3722} INFO - Setting next_dagrun for dataset_consumes_1_and_2 to None, run_after=None
[2023-12-05T17:51:04.812+0000] {logging_mixin.py:154} INFO - [2023-12-05T17:51:04.812+0000] {dag.py:3722} INFO - Setting next_dagrun for dataset_consumes_1_never_scheduled to None, run_after=None
[2023-12-05T17:51:04.813+0000] {logging_mixin.py:154} INFO - [2023-12-05T17:51:04.813+0000] {dag.py:3722} INFO - Setting next_dagrun for dataset_consumes_unknown_never_scheduled to None, run_after=None
[2023-12-05T17:51:04.815+0000] {logging_mixin.py:154} INFO - [2023-12-05T17:51:04.815+0000] {dag.py:3722} INFO - Setting next_dagrun for dataset_produces_1 to 2023-12-04T00:00:00+00:00, run_after=2023-12-05T00:00:00+00:00
[2023-12-05T17:51:04.816+0000] {logging_mixin.py:154} INFO - [2023-12-05T17:51:04.816+0000] {dag.py:3722} INFO - Setting next_dagrun for dataset_produces_2 to None, run_after=None
[2023-12-05T17:51:04.845+0000] {processor.py:179} INFO - Processing /usr/local/lib/python3.10/dist-packages/airflow/example_dags/example_datasets.py took 0.102 seconds
[2023-12-05T17:51:59.231+0000] {processor.py:157} INFO - Started process (PID=10043) to work on /usr/local/lib/python3.10/dist-packages/airflow/example_dags/example_datasets.py
[2023-12-05T17:51:59.234+0000] {processor.py:829} INFO - Processing file /usr/local/lib/python3.10/dist-packages/airflow/example_dags/example_datasets.py for tasks to queue
[2023-12-05T17:51:59.235+0000] {logging_mixin.py:154} INFO - [2023-12-05T17:51:59.235+0000] {dagbag.py:536} INFO - Filling up the DagBag from /usr/local/lib/python3.10/dist-packages/airflow/example_dags/example_datasets.py
[2023-12-05T17:51:59.250+0000] {processor.py:839} INFO - DAG(s) dict_keys(['dataset_produces_2', 'dataset_consumes_unknown_never_scheduled', 'dataset_consumes_1_never_scheduled', 'dataset_consumes_1', 'dataset_produces_1', 'dataset_consumes_1_and_2']) retrieved from /usr/local/lib/python3.10/dist-packages/airflow/example_dags/example_datasets.py
[2023-12-05T17:51:59.296+0000] {logging_mixin.py:154} INFO - [2023-12-05T17:51:59.296+0000] {dag.py:2941} INFO - Sync 6 DAGs
[2023-12-05T17:51:59.330+0000] {logging_mixin.py:154} INFO - [2023-12-05T17:51:59.330+0000] {dag.py:3722} INFO - Setting next_dagrun for dataset_consumes_1 to None, run_after=None
[2023-12-05T17:51:59.336+0000] {logging_mixin.py:154} INFO - [2023-12-05T17:51:59.335+0000] {dag.py:3722} INFO - Setting next_dagrun for dataset_consumes_1_and_2 to None, run_after=None
[2023-12-05T17:51:59.337+0000] {logging_mixin.py:154} INFO - [2023-12-05T17:51:59.337+0000] {dag.py:3722} INFO - Setting next_dagrun for dataset_consumes_1_never_scheduled to None, run_after=None
[2023-12-05T17:51:59.338+0000] {logging_mixin.py:154} INFO - [2023-12-05T17:51:59.338+0000] {dag.py:3722} INFO - Setting next_dagrun for dataset_consumes_unknown_never_scheduled to None, run_after=None
[2023-12-05T17:51:59.341+0000] {logging_mixin.py:154} INFO - [2023-12-05T17:51:59.340+0000] {dag.py:3722} INFO - Setting next_dagrun for dataset_produces_1 to 2023-12-04T00:00:00+00:00, run_after=2023-12-05T00:00:00+00:00
[2023-12-05T17:51:59.342+0000] {logging_mixin.py:154} INFO - [2023-12-05T17:51:59.341+0000] {dag.py:3722} INFO - Setting next_dagrun for dataset_produces_2 to None, run_after=None
[2023-12-05T17:51:59.377+0000] {processor.py:179} INFO - Processing /usr/local/lib/python3.10/dist-packages/airflow/example_dags/example_datasets.py took 0.151 seconds
[2023-12-05T17:52:48.629+0000] {processor.py:157} INFO - Started process (PID=10159) to work on /usr/local/lib/python3.10/dist-packages/airflow/example_dags/example_datasets.py
[2023-12-05T17:52:48.630+0000] {processor.py:829} INFO - Processing file /usr/local/lib/python3.10/dist-packages/airflow/example_dags/example_datasets.py for tasks to queue
[2023-12-05T17:52:48.631+0000] {logging_mixin.py:154} INFO - [2023-12-05T17:52:48.630+0000] {dagbag.py:536} INFO - Filling up the DagBag from /usr/local/lib/python3.10/dist-packages/airflow/example_dags/example_datasets.py
[2023-12-05T17:52:48.644+0000] {processor.py:839} INFO - DAG(s) dict_keys(['dataset_produces_2', 'dataset_produces_1', 'dataset_consumes_1_and_2', 'dataset_consumes_unknown_never_scheduled', 'dataset_consumes_1_never_scheduled', 'dataset_consumes_1']) retrieved from /usr/local/lib/python3.10/dist-packages/airflow/example_dags/example_datasets.py
[2023-12-05T17:52:48.679+0000] {logging_mixin.py:154} INFO - [2023-12-05T17:52:48.678+0000] {dag.py:2941} INFO - Sync 6 DAGs
[2023-12-05T17:52:48.703+0000] {logging_mixin.py:154} INFO - [2023-12-05T17:52:48.703+0000] {dag.py:3722} INFO - Setting next_dagrun for dataset_consumes_1 to None, run_after=None
[2023-12-05T17:52:48.707+0000] {logging_mixin.py:154} INFO - [2023-12-05T17:52:48.707+0000] {dag.py:3722} INFO - Setting next_dagrun for dataset_consumes_1_and_2 to None, run_after=None
[2023-12-05T17:52:48.708+0000] {logging_mixin.py:154} INFO - [2023-12-05T17:52:48.708+0000] {dag.py:3722} INFO - Setting next_dagrun for dataset_consumes_1_never_scheduled to None, run_after=None
[2023-12-05T17:52:48.710+0000] {logging_mixin.py:154} INFO - [2023-12-05T17:52:48.709+0000] {dag.py:3722} INFO - Setting next_dagrun for dataset_consumes_unknown_never_scheduled to None, run_after=None
[2023-12-05T17:52:48.713+0000] {logging_mixin.py:154} INFO - [2023-12-05T17:52:48.712+0000] {dag.py:3722} INFO - Setting next_dagrun for dataset_produces_1 to 2023-12-04T00:00:00+00:00, run_after=2023-12-05T00:00:00+00:00
[2023-12-05T17:52:48.714+0000] {logging_mixin.py:154} INFO - [2023-12-05T17:52:48.714+0000] {dag.py:3722} INFO - Setting next_dagrun for dataset_produces_2 to None, run_after=None
[2023-12-05T17:52:48.760+0000] {processor.py:179} INFO - Processing /usr/local/lib/python3.10/dist-packages/airflow/example_dags/example_datasets.py took 0.135 seconds
[2023-12-05T17:53:40.501+0000] {processor.py:157} INFO - Started process (PID=10339) to work on /usr/local/lib/python3.10/dist-packages/airflow/example_dags/example_datasets.py
[2023-12-05T17:53:40.502+0000] {processor.py:829} INFO - Processing file /usr/local/lib/python3.10/dist-packages/airflow/example_dags/example_datasets.py for tasks to queue
[2023-12-05T17:53:40.503+0000] {logging_mixin.py:154} INFO - [2023-12-05T17:53:40.503+0000] {dagbag.py:536} INFO - Filling up the DagBag from /usr/local/lib/python3.10/dist-packages/airflow/example_dags/example_datasets.py
[2023-12-05T17:53:40.515+0000] {processor.py:839} INFO - DAG(s) dict_keys(['dataset_produces_2', 'dataset_consumes_unknown_never_scheduled', 'dataset_consumes_1_and_2', 'dataset_consumes_1_never_scheduled', 'dataset_consumes_1', 'dataset_produces_1']) retrieved from /usr/local/lib/python3.10/dist-packages/airflow/example_dags/example_datasets.py
[2023-12-05T17:53:40.570+0000] {logging_mixin.py:154} INFO - [2023-12-05T17:53:40.569+0000] {dag.py:2941} INFO - Sync 6 DAGs
[2023-12-05T17:53:40.594+0000] {logging_mixin.py:154} INFO - [2023-12-05T17:53:40.594+0000] {dag.py:3722} INFO - Setting next_dagrun for dataset_consumes_1 to None, run_after=None
[2023-12-05T17:53:40.598+0000] {logging_mixin.py:154} INFO - [2023-12-05T17:53:40.598+0000] {dag.py:3722} INFO - Setting next_dagrun for dataset_consumes_1_and_2 to None, run_after=None
[2023-12-05T17:53:40.599+0000] {logging_mixin.py:154} INFO - [2023-12-05T17:53:40.599+0000] {dag.py:3722} INFO - Setting next_dagrun for dataset_consumes_1_never_scheduled to None, run_after=None
[2023-12-05T17:53:40.600+0000] {logging_mixin.py:154} INFO - [2023-12-05T17:53:40.600+0000] {dag.py:3722} INFO - Setting next_dagrun for dataset_consumes_unknown_never_scheduled to None, run_after=None
[2023-12-05T17:53:40.602+0000] {logging_mixin.py:154} INFO - [2023-12-05T17:53:40.602+0000] {dag.py:3722} INFO - Setting next_dagrun for dataset_produces_1 to 2023-12-04T00:00:00+00:00, run_after=2023-12-05T00:00:00+00:00
[2023-12-05T17:53:40.603+0000] {logging_mixin.py:154} INFO - [2023-12-05T17:53:40.603+0000] {dag.py:3722} INFO - Setting next_dagrun for dataset_produces_2 to None, run_after=None
[2023-12-05T17:53:40.654+0000] {processor.py:179} INFO - Processing /usr/local/lib/python3.10/dist-packages/airflow/example_dags/example_datasets.py took 0.156 seconds
[2023-12-05T17:54:29.607+0000] {processor.py:157} INFO - Started process (PID=10458) to work on /usr/local/lib/python3.10/dist-packages/airflow/example_dags/example_datasets.py
[2023-12-05T17:54:29.609+0000] {processor.py:829} INFO - Processing file /usr/local/lib/python3.10/dist-packages/airflow/example_dags/example_datasets.py for tasks to queue
[2023-12-05T17:54:29.610+0000] {logging_mixin.py:154} INFO - [2023-12-05T17:54:29.609+0000] {dagbag.py:536} INFO - Filling up the DagBag from /usr/local/lib/python3.10/dist-packages/airflow/example_dags/example_datasets.py
[2023-12-05T17:54:29.623+0000] {processor.py:839} INFO - DAG(s) dict_keys(['dataset_produces_1', 'dataset_consumes_1', 'dataset_produces_2', 'dataset_consumes_unknown_never_scheduled', 'dataset_consumes_1_never_scheduled', 'dataset_consumes_1_and_2']) retrieved from /usr/local/lib/python3.10/dist-packages/airflow/example_dags/example_datasets.py
[2023-12-05T17:54:29.664+0000] {logging_mixin.py:154} INFO - [2023-12-05T17:54:29.664+0000] {dag.py:2941} INFO - Sync 6 DAGs
[2023-12-05T17:54:29.686+0000] {logging_mixin.py:154} INFO - [2023-12-05T17:54:29.686+0000] {dag.py:3722} INFO - Setting next_dagrun for dataset_consumes_1 to None, run_after=None
[2023-12-05T17:54:29.690+0000] {logging_mixin.py:154} INFO - [2023-12-05T17:54:29.690+0000] {dag.py:3722} INFO - Setting next_dagrun for dataset_consumes_1_and_2 to None, run_after=None
[2023-12-05T17:54:29.691+0000] {logging_mixin.py:154} INFO - [2023-12-05T17:54:29.691+0000] {dag.py:3722} INFO - Setting next_dagrun for dataset_consumes_1_never_scheduled to None, run_after=None
[2023-12-05T17:54:29.692+0000] {logging_mixin.py:154} INFO - [2023-12-05T17:54:29.692+0000] {dag.py:3722} INFO - Setting next_dagrun for dataset_consumes_unknown_never_scheduled to None, run_after=None
[2023-12-05T17:54:29.695+0000] {logging_mixin.py:154} INFO - [2023-12-05T17:54:29.695+0000] {dag.py:3722} INFO - Setting next_dagrun for dataset_produces_1 to 2023-12-04T00:00:00+00:00, run_after=2023-12-05T00:00:00+00:00
[2023-12-05T17:54:29.697+0000] {logging_mixin.py:154} INFO - [2023-12-05T17:54:29.697+0000] {dag.py:3722} INFO - Setting next_dagrun for dataset_produces_2 to None, run_after=None
[2023-12-05T17:54:29.731+0000] {processor.py:179} INFO - Processing /usr/local/lib/python3.10/dist-packages/airflow/example_dags/example_datasets.py took 0.129 seconds
[2023-12-05T17:55:23.511+0000] {processor.py:157} INFO - Started process (PID=10574) to work on /usr/local/lib/python3.10/dist-packages/airflow/example_dags/example_datasets.py
[2023-12-05T17:55:23.514+0000] {processor.py:829} INFO - Processing file /usr/local/lib/python3.10/dist-packages/airflow/example_dags/example_datasets.py for tasks to queue
[2023-12-05T17:55:23.515+0000] {logging_mixin.py:154} INFO - [2023-12-05T17:55:23.515+0000] {dagbag.py:536} INFO - Filling up the DagBag from /usr/local/lib/python3.10/dist-packages/airflow/example_dags/example_datasets.py
[2023-12-05T17:55:23.534+0000] {processor.py:839} INFO - DAG(s) dict_keys(['dataset_produces_1', 'dataset_consumes_1_and_2', 'dataset_consumes_1_never_scheduled', 'dataset_consumes_1', 'dataset_produces_2', 'dataset_consumes_unknown_never_scheduled']) retrieved from /usr/local/lib/python3.10/dist-packages/airflow/example_dags/example_datasets.py
[2023-12-05T17:55:23.588+0000] {logging_mixin.py:154} INFO - [2023-12-05T17:55:23.588+0000] {dag.py:2941} INFO - Sync 6 DAGs
[2023-12-05T17:55:23.619+0000] {logging_mixin.py:154} INFO - [2023-12-05T17:55:23.619+0000] {dag.py:3722} INFO - Setting next_dagrun for dataset_consumes_1 to None, run_after=None
[2023-12-05T17:55:23.623+0000] {logging_mixin.py:154} INFO - [2023-12-05T17:55:23.623+0000] {dag.py:3722} INFO - Setting next_dagrun for dataset_consumes_1_and_2 to None, run_after=None
[2023-12-05T17:55:23.625+0000] {logging_mixin.py:154} INFO - [2023-12-05T17:55:23.624+0000] {dag.py:3722} INFO - Setting next_dagrun for dataset_consumes_1_never_scheduled to None, run_after=None
[2023-12-05T17:55:23.626+0000] {logging_mixin.py:154} INFO - [2023-12-05T17:55:23.626+0000] {dag.py:3722} INFO - Setting next_dagrun for dataset_consumes_unknown_never_scheduled to None, run_after=None
[2023-12-05T17:55:23.632+0000] {logging_mixin.py:154} INFO - [2023-12-05T17:55:23.632+0000] {dag.py:3722} INFO - Setting next_dagrun for dataset_produces_1 to 2023-12-04T00:00:00+00:00, run_after=2023-12-05T00:00:00+00:00
[2023-12-05T17:55:23.634+0000] {logging_mixin.py:154} INFO - [2023-12-05T17:55:23.634+0000] {dag.py:3722} INFO - Setting next_dagrun for dataset_produces_2 to None, run_after=None
[2023-12-05T17:55:23.675+0000] {processor.py:179} INFO - Processing /usr/local/lib/python3.10/dist-packages/airflow/example_dags/example_datasets.py took 0.173 seconds
[2023-12-05T17:56:13.797+0000] {processor.py:157} INFO - Started process (PID=10756) to work on /usr/local/lib/python3.10/dist-packages/airflow/example_dags/example_datasets.py
[2023-12-05T17:56:13.799+0000] {processor.py:829} INFO - Processing file /usr/local/lib/python3.10/dist-packages/airflow/example_dags/example_datasets.py for tasks to queue
[2023-12-05T17:56:13.799+0000] {logging_mixin.py:154} INFO - [2023-12-05T17:56:13.799+0000] {dagbag.py:536} INFO - Filling up the DagBag from /usr/local/lib/python3.10/dist-packages/airflow/example_dags/example_datasets.py
[2023-12-05T17:56:13.810+0000] {processor.py:839} INFO - DAG(s) dict_keys(['dataset_produces_2', 'dataset_consumes_1_and_2', 'dataset_consumes_1', 'dataset_consumes_unknown_never_scheduled', 'dataset_consumes_1_never_scheduled', 'dataset_produces_1']) retrieved from /usr/local/lib/python3.10/dist-packages/airflow/example_dags/example_datasets.py
[2023-12-05T17:56:13.846+0000] {logging_mixin.py:154} INFO - [2023-12-05T17:56:13.846+0000] {dag.py:2941} INFO - Sync 6 DAGs
[2023-12-05T17:56:13.869+0000] {logging_mixin.py:154} INFO - [2023-12-05T17:56:13.869+0000] {dag.py:3722} INFO - Setting next_dagrun for dataset_consumes_1 to None, run_after=None
[2023-12-05T17:56:13.874+0000] {logging_mixin.py:154} INFO - [2023-12-05T17:56:13.874+0000] {dag.py:3722} INFO - Setting next_dagrun for dataset_consumes_1_and_2 to None, run_after=None
[2023-12-05T17:56:13.875+0000] {logging_mixin.py:154} INFO - [2023-12-05T17:56:13.875+0000] {dag.py:3722} INFO - Setting next_dagrun for dataset_consumes_1_never_scheduled to None, run_after=None
[2023-12-05T17:56:13.876+0000] {logging_mixin.py:154} INFO - [2023-12-05T17:56:13.876+0000] {dag.py:3722} INFO - Setting next_dagrun for dataset_consumes_unknown_never_scheduled to None, run_after=None
[2023-12-05T17:56:13.879+0000] {logging_mixin.py:154} INFO - [2023-12-05T17:56:13.879+0000] {dag.py:3722} INFO - Setting next_dagrun for dataset_produces_1 to 2023-12-04T00:00:00+00:00, run_after=2023-12-05T00:00:00+00:00
[2023-12-05T17:56:13.880+0000] {logging_mixin.py:154} INFO - [2023-12-05T17:56:13.880+0000] {dag.py:3722} INFO - Setting next_dagrun for dataset_produces_2 to None, run_after=None
[2023-12-05T17:56:13.923+0000] {processor.py:179} INFO - Processing /usr/local/lib/python3.10/dist-packages/airflow/example_dags/example_datasets.py took 0.129 seconds
[2023-12-05T17:57:06.235+0000] {processor.py:157} INFO - Started process (PID=10878) to work on /usr/local/lib/python3.10/dist-packages/airflow/example_dags/example_datasets.py
[2023-12-05T17:57:06.237+0000] {processor.py:829} INFO - Processing file /usr/local/lib/python3.10/dist-packages/airflow/example_dags/example_datasets.py for tasks to queue
[2023-12-05T17:57:06.240+0000] {logging_mixin.py:154} INFO - [2023-12-05T17:57:06.240+0000] {dagbag.py:536} INFO - Filling up the DagBag from /usr/local/lib/python3.10/dist-packages/airflow/example_dags/example_datasets.py
[2023-12-05T17:57:06.261+0000] {processor.py:839} INFO - DAG(s) dict_keys(['dataset_consumes_1_and_2', 'dataset_produces_1', 'dataset_produces_2', 'dataset_consumes_1', 'dataset_consumes_1_never_scheduled', 'dataset_consumes_unknown_never_scheduled']) retrieved from /usr/local/lib/python3.10/dist-packages/airflow/example_dags/example_datasets.py
[2023-12-05T17:57:06.305+0000] {logging_mixin.py:154} INFO - [2023-12-05T17:57:06.305+0000] {dag.py:2941} INFO - Sync 6 DAGs
[2023-12-05T17:57:06.330+0000] {logging_mixin.py:154} INFO - [2023-12-05T17:57:06.330+0000] {dag.py:3722} INFO - Setting next_dagrun for dataset_consumes_1 to None, run_after=None
[2023-12-05T17:57:06.345+0000] {logging_mixin.py:154} INFO - [2023-12-05T17:57:06.345+0000] {dag.py:3722} INFO - Setting next_dagrun for dataset_consumes_1_and_2 to None, run_after=None
[2023-12-05T17:57:06.349+0000] {logging_mixin.py:154} INFO - [2023-12-05T17:57:06.349+0000] {dag.py:3722} INFO - Setting next_dagrun for dataset_consumes_1_never_scheduled to None, run_after=None
[2023-12-05T17:57:06.361+0000] {logging_mixin.py:154} INFO - [2023-12-05T17:57:06.357+0000] {dag.py:3722} INFO - Setting next_dagrun for dataset_consumes_unknown_never_scheduled to None, run_after=None
[2023-12-05T17:57:06.366+0000] {logging_mixin.py:154} INFO - [2023-12-05T17:57:06.366+0000] {dag.py:3722} INFO - Setting next_dagrun for dataset_produces_1 to 2023-12-04T00:00:00+00:00, run_after=2023-12-05T00:00:00+00:00
[2023-12-05T17:57:06.373+0000] {logging_mixin.py:154} INFO - [2023-12-05T17:57:06.372+0000] {dag.py:3722} INFO - Setting next_dagrun for dataset_produces_2 to None, run_after=None
[2023-12-05T17:57:06.433+0000] {processor.py:179} INFO - Processing /usr/local/lib/python3.10/dist-packages/airflow/example_dags/example_datasets.py took 0.201 seconds
[2023-12-05T17:58:03.888+0000] {processor.py:157} INFO - Started process (PID=10940) to work on /usr/local/lib/python3.10/dist-packages/airflow/example_dags/example_datasets.py
[2023-12-05T17:58:03.892+0000] {processor.py:829} INFO - Processing file /usr/local/lib/python3.10/dist-packages/airflow/example_dags/example_datasets.py for tasks to queue
[2023-12-05T17:58:03.893+0000] {logging_mixin.py:154} INFO - [2023-12-05T17:58:03.892+0000] {dagbag.py:536} INFO - Filling up the DagBag from /usr/local/lib/python3.10/dist-packages/airflow/example_dags/example_datasets.py
[2023-12-05T17:58:03.903+0000] {processor.py:839} INFO - DAG(s) dict_keys(['dataset_consumes_1_and_2', 'dataset_produces_1', 'dataset_produces_2', 'dataset_consumes_unknown_never_scheduled', 'dataset_consumes_1_never_scheduled', 'dataset_consumes_1']) retrieved from /usr/local/lib/python3.10/dist-packages/airflow/example_dags/example_datasets.py
[2023-12-05T17:58:03.937+0000] {logging_mixin.py:154} INFO - [2023-12-05T17:58:03.936+0000] {dag.py:2941} INFO - Sync 6 DAGs
[2023-12-05T17:58:03.959+0000] {logging_mixin.py:154} INFO - [2023-12-05T17:58:03.959+0000] {dag.py:3722} INFO - Setting next_dagrun for dataset_consumes_1 to None, run_after=None
[2023-12-05T17:58:03.962+0000] {logging_mixin.py:154} INFO - [2023-12-05T17:58:03.962+0000] {dag.py:3722} INFO - Setting next_dagrun for dataset_consumes_1_and_2 to None, run_after=None
[2023-12-05T17:58:03.964+0000] {logging_mixin.py:154} INFO - [2023-12-05T17:58:03.963+0000] {dag.py:3722} INFO - Setting next_dagrun for dataset_consumes_1_never_scheduled to None, run_after=None
[2023-12-05T17:58:03.964+0000] {logging_mixin.py:154} INFO - [2023-12-05T17:58:03.964+0000] {dag.py:3722} INFO - Setting next_dagrun for dataset_consumes_unknown_never_scheduled to None, run_after=None
[2023-12-05T17:58:03.967+0000] {logging_mixin.py:154} INFO - [2023-12-05T17:58:03.967+0000] {dag.py:3722} INFO - Setting next_dagrun for dataset_produces_1 to 2023-12-04T00:00:00+00:00, run_after=2023-12-05T00:00:00+00:00
[2023-12-05T17:58:03.968+0000] {logging_mixin.py:154} INFO - [2023-12-05T17:58:03.968+0000] {dag.py:3722} INFO - Setting next_dagrun for dataset_produces_2 to None, run_after=None
[2023-12-05T17:58:04.007+0000] {processor.py:179} INFO - Processing /usr/local/lib/python3.10/dist-packages/airflow/example_dags/example_datasets.py took 0.121 seconds
[2023-12-05T17:58:55.916+0000] {processor.py:157} INFO - Started process (PID=11062) to work on /usr/local/lib/python3.10/dist-packages/airflow/example_dags/example_datasets.py
[2023-12-05T17:58:55.918+0000] {processor.py:829} INFO - Processing file /usr/local/lib/python3.10/dist-packages/airflow/example_dags/example_datasets.py for tasks to queue
[2023-12-05T17:58:55.920+0000] {logging_mixin.py:154} INFO - [2023-12-05T17:58:55.919+0000] {dagbag.py:536} INFO - Filling up the DagBag from /usr/local/lib/python3.10/dist-packages/airflow/example_dags/example_datasets.py
[2023-12-05T17:58:55.934+0000] {processor.py:839} INFO - DAG(s) dict_keys(['dataset_produces_1', 'dataset_consumes_1_and_2', 'dataset_consumes_1_never_scheduled', 'dataset_consumes_1', 'dataset_consumes_unknown_never_scheduled', 'dataset_produces_2']) retrieved from /usr/local/lib/python3.10/dist-packages/airflow/example_dags/example_datasets.py
[2023-12-05T17:58:55.976+0000] {logging_mixin.py:154} INFO - [2023-12-05T17:58:55.976+0000] {dag.py:2941} INFO - Sync 6 DAGs
[2023-12-05T17:58:56.009+0000] {logging_mixin.py:154} INFO - [2023-12-05T17:58:56.009+0000] {dag.py:3722} INFO - Setting next_dagrun for dataset_consumes_1 to None, run_after=None
[2023-12-05T17:58:56.013+0000] {logging_mixin.py:154} INFO - [2023-12-05T17:58:56.013+0000] {dag.py:3722} INFO - Setting next_dagrun for dataset_consumes_1_and_2 to None, run_after=None
[2023-12-05T17:58:56.015+0000] {logging_mixin.py:154} INFO - [2023-12-05T17:58:56.014+0000] {dag.py:3722} INFO - Setting next_dagrun for dataset_consumes_1_never_scheduled to None, run_after=None
[2023-12-05T17:58:56.016+0000] {logging_mixin.py:154} INFO - [2023-12-05T17:58:56.015+0000] {dag.py:3722} INFO - Setting next_dagrun for dataset_consumes_unknown_never_scheduled to None, run_after=None
[2023-12-05T17:58:56.019+0000] {logging_mixin.py:154} INFO - [2023-12-05T17:58:56.018+0000] {dag.py:3722} INFO - Setting next_dagrun for dataset_produces_1 to 2023-12-04T00:00:00+00:00, run_after=2023-12-05T00:00:00+00:00
[2023-12-05T17:58:56.020+0000] {logging_mixin.py:154} INFO - [2023-12-05T17:58:56.020+0000] {dag.py:3722} INFO - Setting next_dagrun for dataset_produces_2 to None, run_after=None
[2023-12-05T17:58:56.066+0000] {processor.py:179} INFO - Processing /usr/local/lib/python3.10/dist-packages/airflow/example_dags/example_datasets.py took 0.154 seconds
[2023-12-05T17:59:47.980+0000] {processor.py:157} INFO - Started process (PID=11183) to work on /usr/local/lib/python3.10/dist-packages/airflow/example_dags/example_datasets.py
[2023-12-05T17:59:47.981+0000] {processor.py:829} INFO - Processing file /usr/local/lib/python3.10/dist-packages/airflow/example_dags/example_datasets.py for tasks to queue
[2023-12-05T17:59:47.983+0000] {logging_mixin.py:154} INFO - [2023-12-05T17:59:47.982+0000] {dagbag.py:536} INFO - Filling up the DagBag from /usr/local/lib/python3.10/dist-packages/airflow/example_dags/example_datasets.py
[2023-12-05T17:59:48.000+0000] {processor.py:839} INFO - DAG(s) dict_keys(['dataset_produces_1', 'dataset_consumes_unknown_never_scheduled', 'dataset_produces_2', 'dataset_consumes_1', 'dataset_consumes_1_and_2', 'dataset_consumes_1_never_scheduled']) retrieved from /usr/local/lib/python3.10/dist-packages/airflow/example_dags/example_datasets.py
[2023-12-05T17:59:48.047+0000] {logging_mixin.py:154} INFO - [2023-12-05T17:59:48.046+0000] {dag.py:2941} INFO - Sync 6 DAGs
[2023-12-05T17:59:48.075+0000] {logging_mixin.py:154} INFO - [2023-12-05T17:59:48.075+0000] {dag.py:3722} INFO - Setting next_dagrun for dataset_consumes_1 to None, run_after=None
[2023-12-05T17:59:48.079+0000] {logging_mixin.py:154} INFO - [2023-12-05T17:59:48.078+0000] {dag.py:3722} INFO - Setting next_dagrun for dataset_consumes_1_and_2 to None, run_after=None
[2023-12-05T17:59:48.080+0000] {logging_mixin.py:154} INFO - [2023-12-05T17:59:48.080+0000] {dag.py:3722} INFO - Setting next_dagrun for dataset_consumes_1_never_scheduled to None, run_after=None
[2023-12-05T17:59:48.081+0000] {logging_mixin.py:154} INFO - [2023-12-05T17:59:48.081+0000] {dag.py:3722} INFO - Setting next_dagrun for dataset_consumes_unknown_never_scheduled to None, run_after=None
[2023-12-05T17:59:48.083+0000] {logging_mixin.py:154} INFO - [2023-12-05T17:59:48.083+0000] {dag.py:3722} INFO - Setting next_dagrun for dataset_produces_1 to 2023-12-04T00:00:00+00:00, run_after=2023-12-05T00:00:00+00:00
[2023-12-05T17:59:48.084+0000] {logging_mixin.py:154} INFO - [2023-12-05T17:59:48.084+0000] {dag.py:3722} INFO - Setting next_dagrun for dataset_produces_2 to None, run_after=None
[2023-12-05T17:59:48.134+0000] {processor.py:179} INFO - Processing /usr/local/lib/python3.10/dist-packages/airflow/example_dags/example_datasets.py took 0.157 seconds
[2023-12-05T18:00:39.750+0000] {processor.py:157} INFO - Started process (PID=11303) to work on /usr/local/lib/python3.10/dist-packages/airflow/example_dags/example_datasets.py
[2023-12-05T18:00:39.752+0000] {processor.py:829} INFO - Processing file /usr/local/lib/python3.10/dist-packages/airflow/example_dags/example_datasets.py for tasks to queue
[2023-12-05T18:00:39.753+0000] {logging_mixin.py:154} INFO - [2023-12-05T18:00:39.753+0000] {dagbag.py:536} INFO - Filling up the DagBag from /usr/local/lib/python3.10/dist-packages/airflow/example_dags/example_datasets.py
[2023-12-05T18:00:39.766+0000] {processor.py:839} INFO - DAG(s) dict_keys(['dataset_consumes_1_and_2', 'dataset_consumes_unknown_never_scheduled', 'dataset_produces_1', 'dataset_consumes_1_never_scheduled', 'dataset_produces_2', 'dataset_consumes_1']) retrieved from /usr/local/lib/python3.10/dist-packages/airflow/example_dags/example_datasets.py
[2023-12-05T18:00:39.802+0000] {logging_mixin.py:154} INFO - [2023-12-05T18:00:39.802+0000] {dag.py:2941} INFO - Sync 6 DAGs
[2023-12-05T18:00:39.827+0000] {logging_mixin.py:154} INFO - [2023-12-05T18:00:39.827+0000] {dag.py:3722} INFO - Setting next_dagrun for dataset_consumes_1 to None, run_after=None
[2023-12-05T18:00:39.830+0000] {logging_mixin.py:154} INFO - [2023-12-05T18:00:39.830+0000] {dag.py:3722} INFO - Setting next_dagrun for dataset_consumes_1_and_2 to None, run_after=None
[2023-12-05T18:00:39.831+0000] {logging_mixin.py:154} INFO - [2023-12-05T18:00:39.831+0000] {dag.py:3722} INFO - Setting next_dagrun for dataset_consumes_1_never_scheduled to None, run_after=None
[2023-12-05T18:00:39.832+0000] {logging_mixin.py:154} INFO - [2023-12-05T18:00:39.832+0000] {dag.py:3722} INFO - Setting next_dagrun for dataset_consumes_unknown_never_scheduled to None, run_after=None
[2023-12-05T18:00:39.836+0000] {logging_mixin.py:154} INFO - [2023-12-05T18:00:39.836+0000] {dag.py:3722} INFO - Setting next_dagrun for dataset_produces_1 to 2023-12-04T00:00:00+00:00, run_after=2023-12-05T00:00:00+00:00
[2023-12-05T18:00:39.838+0000] {logging_mixin.py:154} INFO - [2023-12-05T18:00:39.837+0000] {dag.py:3722} INFO - Setting next_dagrun for dataset_produces_2 to None, run_after=None
[2023-12-05T18:00:39.878+0000] {processor.py:179} INFO - Processing /usr/local/lib/python3.10/dist-packages/airflow/example_dags/example_datasets.py took 0.133 seconds
[2023-12-05T18:01:27.774+0000] {processor.py:157} INFO - Started process (PID=11475) to work on /usr/local/lib/python3.10/dist-packages/airflow/example_dags/example_datasets.py
[2023-12-05T18:01:27.775+0000] {processor.py:829} INFO - Processing file /usr/local/lib/python3.10/dist-packages/airflow/example_dags/example_datasets.py for tasks to queue
[2023-12-05T18:01:27.776+0000] {logging_mixin.py:154} INFO - [2023-12-05T18:01:27.776+0000] {dagbag.py:536} INFO - Filling up the DagBag from /usr/local/lib/python3.10/dist-packages/airflow/example_dags/example_datasets.py
[2023-12-05T18:01:27.787+0000] {processor.py:839} INFO - DAG(s) dict_keys(['dataset_consumes_1_never_scheduled', 'dataset_consumes_unknown_never_scheduled', 'dataset_consumes_1_and_2', 'dataset_produces_2', 'dataset_consumes_1', 'dataset_produces_1']) retrieved from /usr/local/lib/python3.10/dist-packages/airflow/example_dags/example_datasets.py
[2023-12-05T18:01:27.824+0000] {logging_mixin.py:154} INFO - [2023-12-05T18:01:27.824+0000] {dag.py:2941} INFO - Sync 6 DAGs
[2023-12-05T18:01:27.844+0000] {logging_mixin.py:154} INFO - [2023-12-05T18:01:27.844+0000] {dag.py:3722} INFO - Setting next_dagrun for dataset_consumes_1 to None, run_after=None
[2023-12-05T18:01:27.847+0000] {logging_mixin.py:154} INFO - [2023-12-05T18:01:27.847+0000] {dag.py:3722} INFO - Setting next_dagrun for dataset_consumes_1_and_2 to None, run_after=None
[2023-12-05T18:01:27.848+0000] {logging_mixin.py:154} INFO - [2023-12-05T18:01:27.848+0000] {dag.py:3722} INFO - Setting next_dagrun for dataset_consumes_1_never_scheduled to None, run_after=None
[2023-12-05T18:01:27.849+0000] {logging_mixin.py:154} INFO - [2023-12-05T18:01:27.849+0000] {dag.py:3722} INFO - Setting next_dagrun for dataset_consumes_unknown_never_scheduled to None, run_after=None
[2023-12-05T18:01:27.853+0000] {logging_mixin.py:154} INFO - [2023-12-05T18:01:27.853+0000] {dag.py:3722} INFO - Setting next_dagrun for dataset_produces_1 to 2023-12-04T00:00:00+00:00, run_after=2023-12-05T00:00:00+00:00
[2023-12-05T18:01:27.854+0000] {logging_mixin.py:154} INFO - [2023-12-05T18:01:27.854+0000] {dag.py:3722} INFO - Setting next_dagrun for dataset_produces_2 to None, run_after=None
[2023-12-05T18:01:27.889+0000] {processor.py:179} INFO - Processing /usr/local/lib/python3.10/dist-packages/airflow/example_dags/example_datasets.py took 0.119 seconds
[2023-12-05T18:02:15.141+0000] {processor.py:157} INFO - Started process (PID=11595) to work on /usr/local/lib/python3.10/dist-packages/airflow/example_dags/example_datasets.py
[2023-12-05T18:02:15.143+0000] {processor.py:829} INFO - Processing file /usr/local/lib/python3.10/dist-packages/airflow/example_dags/example_datasets.py for tasks to queue
[2023-12-05T18:02:15.144+0000] {logging_mixin.py:154} INFO - [2023-12-05T18:02:15.143+0000] {dagbag.py:536} INFO - Filling up the DagBag from /usr/local/lib/python3.10/dist-packages/airflow/example_dags/example_datasets.py
[2023-12-05T18:02:15.154+0000] {processor.py:839} INFO - DAG(s) dict_keys(['dataset_consumes_1_and_2', 'dataset_consumes_unknown_never_scheduled', 'dataset_consumes_1', 'dataset_produces_2', 'dataset_consumes_1_never_scheduled', 'dataset_produces_1']) retrieved from /usr/local/lib/python3.10/dist-packages/airflow/example_dags/example_datasets.py
[2023-12-05T18:02:15.192+0000] {logging_mixin.py:154} INFO - [2023-12-05T18:02:15.192+0000] {dag.py:2941} INFO - Sync 6 DAGs
[2023-12-05T18:02:15.215+0000] {logging_mixin.py:154} INFO - [2023-12-05T18:02:15.214+0000] {dag.py:3722} INFO - Setting next_dagrun for dataset_consumes_1 to None, run_after=None
[2023-12-05T18:02:15.219+0000] {logging_mixin.py:154} INFO - [2023-12-05T18:02:15.218+0000] {dag.py:3722} INFO - Setting next_dagrun for dataset_consumes_1_and_2 to None, run_after=None
[2023-12-05T18:02:15.220+0000] {logging_mixin.py:154} INFO - [2023-12-05T18:02:15.219+0000] {dag.py:3722} INFO - Setting next_dagrun for dataset_consumes_1_never_scheduled to None, run_after=None
[2023-12-05T18:02:15.220+0000] {logging_mixin.py:154} INFO - [2023-12-05T18:02:15.220+0000] {dag.py:3722} INFO - Setting next_dagrun for dataset_consumes_unknown_never_scheduled to None, run_after=None
[2023-12-05T18:02:15.224+0000] {logging_mixin.py:154} INFO - [2023-12-05T18:02:15.224+0000] {dag.py:3722} INFO - Setting next_dagrun for dataset_produces_1 to 2023-12-04T00:00:00+00:00, run_after=2023-12-05T00:00:00+00:00
[2023-12-05T18:02:15.225+0000] {logging_mixin.py:154} INFO - [2023-12-05T18:02:15.224+0000] {dag.py:3722} INFO - Setting next_dagrun for dataset_produces_2 to None, run_after=None
[2023-12-05T18:02:15.257+0000] {processor.py:179} INFO - Processing /usr/local/lib/python3.10/dist-packages/airflow/example_dags/example_datasets.py took 0.119 seconds
[2023-12-05T18:03:08.732+0000] {processor.py:157} INFO - Started process (PID=11718) to work on /usr/local/lib/python3.10/dist-packages/airflow/example_dags/example_datasets.py
[2023-12-05T18:03:08.735+0000] {processor.py:829} INFO - Processing file /usr/local/lib/python3.10/dist-packages/airflow/example_dags/example_datasets.py for tasks to queue
[2023-12-05T18:03:08.738+0000] {logging_mixin.py:154} INFO - [2023-12-05T18:03:08.737+0000] {dagbag.py:536} INFO - Filling up the DagBag from /usr/local/lib/python3.10/dist-packages/airflow/example_dags/example_datasets.py
[2023-12-05T18:03:08.756+0000] {processor.py:839} INFO - DAG(s) dict_keys(['dataset_consumes_1_never_scheduled', 'dataset_produces_1', 'dataset_produces_2', 'dataset_consumes_unknown_never_scheduled', 'dataset_consumes_1_and_2', 'dataset_consumes_1']) retrieved from /usr/local/lib/python3.10/dist-packages/airflow/example_dags/example_datasets.py
[2023-12-05T18:03:08.787+0000] {logging_mixin.py:154} INFO - [2023-12-05T18:03:08.786+0000] {dag.py:2941} INFO - Sync 6 DAGs
[2023-12-05T18:03:08.809+0000] {logging_mixin.py:154} INFO - [2023-12-05T18:03:08.808+0000] {dag.py:3722} INFO - Setting next_dagrun for dataset_consumes_1 to None, run_after=None
[2023-12-05T18:03:08.812+0000] {logging_mixin.py:154} INFO - [2023-12-05T18:03:08.812+0000] {dag.py:3722} INFO - Setting next_dagrun for dataset_consumes_1_and_2 to None, run_after=None
[2023-12-05T18:03:08.814+0000] {logging_mixin.py:154} INFO - [2023-12-05T18:03:08.814+0000] {dag.py:3722} INFO - Setting next_dagrun for dataset_consumes_1_never_scheduled to None, run_after=None
[2023-12-05T18:03:08.815+0000] {logging_mixin.py:154} INFO - [2023-12-05T18:03:08.815+0000] {dag.py:3722} INFO - Setting next_dagrun for dataset_consumes_unknown_never_scheduled to None, run_after=None
[2023-12-05T18:03:08.818+0000] {logging_mixin.py:154} INFO - [2023-12-05T18:03:08.817+0000] {dag.py:3722} INFO - Setting next_dagrun for dataset_produces_1 to 2023-12-04T00:00:00+00:00, run_after=2023-12-05T00:00:00+00:00
[2023-12-05T18:03:08.819+0000] {logging_mixin.py:154} INFO - [2023-12-05T18:03:08.818+0000] {dag.py:3722} INFO - Setting next_dagrun for dataset_produces_2 to None, run_after=None
[2023-12-05T18:03:08.849+0000] {processor.py:179} INFO - Processing /usr/local/lib/python3.10/dist-packages/airflow/example_dags/example_datasets.py took 0.127 seconds
[2023-12-05T18:03:58.909+0000] {processor.py:157} INFO - Started process (PID=11773) to work on /usr/local/lib/python3.10/dist-packages/airflow/example_dags/example_datasets.py
[2023-12-05T18:03:58.911+0000] {processor.py:829} INFO - Processing file /usr/local/lib/python3.10/dist-packages/airflow/example_dags/example_datasets.py for tasks to queue
[2023-12-05T18:03:58.912+0000] {logging_mixin.py:154} INFO - [2023-12-05T18:03:58.912+0000] {dagbag.py:536} INFO - Filling up the DagBag from /usr/local/lib/python3.10/dist-packages/airflow/example_dags/example_datasets.py
[2023-12-05T18:03:58.922+0000] {processor.py:839} INFO - DAG(s) dict_keys(['dataset_consumes_1_and_2', 'dataset_consumes_1', 'dataset_produces_2', 'dataset_produces_1', 'dataset_consumes_1_never_scheduled', 'dataset_consumes_unknown_never_scheduled']) retrieved from /usr/local/lib/python3.10/dist-packages/airflow/example_dags/example_datasets.py
[2023-12-05T18:03:58.953+0000] {logging_mixin.py:154} INFO - [2023-12-05T18:03:58.953+0000] {dag.py:2941} INFO - Sync 6 DAGs
[2023-12-05T18:03:58.990+0000] {logging_mixin.py:154} INFO - [2023-12-05T18:03:58.990+0000] {dag.py:3722} INFO - Setting next_dagrun for dataset_consumes_1 to None, run_after=None
[2023-12-05T18:03:58.994+0000] {logging_mixin.py:154} INFO - [2023-12-05T18:03:58.993+0000] {dag.py:3722} INFO - Setting next_dagrun for dataset_consumes_1_and_2 to None, run_after=None
[2023-12-05T18:03:58.995+0000] {logging_mixin.py:154} INFO - [2023-12-05T18:03:58.994+0000] {dag.py:3722} INFO - Setting next_dagrun for dataset_consumes_1_never_scheduled to None, run_after=None
[2023-12-05T18:03:58.995+0000] {logging_mixin.py:154} INFO - [2023-12-05T18:03:58.995+0000] {dag.py:3722} INFO - Setting next_dagrun for dataset_consumes_unknown_never_scheduled to None, run_after=None
[2023-12-05T18:03:58.998+0000] {logging_mixin.py:154} INFO - [2023-12-05T18:03:58.998+0000] {dag.py:3722} INFO - Setting next_dagrun for dataset_produces_1 to 2023-12-04T00:00:00+00:00, run_after=2023-12-05T00:00:00+00:00
[2023-12-05T18:03:59.000+0000] {logging_mixin.py:154} INFO - [2023-12-05T18:03:58.999+0000] {dag.py:3722} INFO - Setting next_dagrun for dataset_produces_2 to None, run_after=None
[2023-12-05T18:03:59.037+0000] {processor.py:179} INFO - Processing /usr/local/lib/python3.10/dist-packages/airflow/example_dags/example_datasets.py took 0.132 seconds
[2023-12-05T18:04:47.618+0000] {processor.py:157} INFO - Started process (PID=12161) to work on /usr/local/lib/python3.10/dist-packages/airflow/example_dags/example_datasets.py
[2023-12-05T18:04:47.621+0000] {processor.py:829} INFO - Processing file /usr/local/lib/python3.10/dist-packages/airflow/example_dags/example_datasets.py for tasks to queue
[2023-12-05T18:04:47.623+0000] {logging_mixin.py:154} INFO - [2023-12-05T18:04:47.622+0000] {dagbag.py:536} INFO - Filling up the DagBag from /usr/local/lib/python3.10/dist-packages/airflow/example_dags/example_datasets.py
[2023-12-05T18:04:47.638+0000] {processor.py:839} INFO - DAG(s) dict_keys(['dataset_produces_2', 'dataset_consumes_1_and_2', 'dataset_consumes_1', 'dataset_produces_1', 'dataset_consumes_1_never_scheduled', 'dataset_consumes_unknown_never_scheduled']) retrieved from /usr/local/lib/python3.10/dist-packages/airflow/example_dags/example_datasets.py
[2023-12-05T18:04:47.670+0000] {logging_mixin.py:154} INFO - [2023-12-05T18:04:47.670+0000] {dag.py:2941} INFO - Sync 6 DAGs
[2023-12-05T18:04:47.690+0000] {logging_mixin.py:154} INFO - [2023-12-05T18:04:47.690+0000] {dag.py:3722} INFO - Setting next_dagrun for dataset_consumes_1 to None, run_after=None
[2023-12-05T18:04:47.694+0000] {logging_mixin.py:154} INFO - [2023-12-05T18:04:47.694+0000] {dag.py:3722} INFO - Setting next_dagrun for dataset_consumes_1_and_2 to None, run_after=None
[2023-12-05T18:04:47.695+0000] {logging_mixin.py:154} INFO - [2023-12-05T18:04:47.695+0000] {dag.py:3722} INFO - Setting next_dagrun for dataset_consumes_1_never_scheduled to None, run_after=None
[2023-12-05T18:04:47.696+0000] {logging_mixin.py:154} INFO - [2023-12-05T18:04:47.696+0000] {dag.py:3722} INFO - Setting next_dagrun for dataset_consumes_unknown_never_scheduled to None, run_after=None
[2023-12-05T18:04:47.699+0000] {logging_mixin.py:154} INFO - [2023-12-05T18:04:47.698+0000] {dag.py:3722} INFO - Setting next_dagrun for dataset_produces_1 to 2023-12-04T00:00:00+00:00, run_after=2023-12-05T00:00:00+00:00
[2023-12-05T18:04:47.700+0000] {logging_mixin.py:154} INFO - [2023-12-05T18:04:47.700+0000] {dag.py:3722} INFO - Setting next_dagrun for dataset_produces_2 to None, run_after=None
[2023-12-05T18:04:47.734+0000] {processor.py:179} INFO - Processing /usr/local/lib/python3.10/dist-packages/airflow/example_dags/example_datasets.py took 0.128 seconds
[2023-12-05T18:05:39.838+0000] {processor.py:157} INFO - Started process (PID=12523) to work on /usr/local/lib/python3.10/dist-packages/airflow/example_dags/example_datasets.py
[2023-12-05T18:05:39.840+0000] {processor.py:829} INFO - Processing file /usr/local/lib/python3.10/dist-packages/airflow/example_dags/example_datasets.py for tasks to queue
[2023-12-05T18:05:39.841+0000] {logging_mixin.py:154} INFO - [2023-12-05T18:05:39.840+0000] {dagbag.py:536} INFO - Filling up the DagBag from /usr/local/lib/python3.10/dist-packages/airflow/example_dags/example_datasets.py
[2023-12-05T18:05:39.851+0000] {processor.py:839} INFO - DAG(s) dict_keys(['dataset_produces_2', 'dataset_consumes_1_never_scheduled', 'dataset_produces_1', 'dataset_consumes_1', 'dataset_consumes_unknown_never_scheduled', 'dataset_consumes_1_and_2']) retrieved from /usr/local/lib/python3.10/dist-packages/airflow/example_dags/example_datasets.py
[2023-12-05T18:05:39.888+0000] {logging_mixin.py:154} INFO - [2023-12-05T18:05:39.888+0000] {dag.py:2941} INFO - Sync 6 DAGs
[2023-12-05T18:05:39.910+0000] {logging_mixin.py:154} INFO - [2023-12-05T18:05:39.910+0000] {dag.py:3722} INFO - Setting next_dagrun for dataset_consumes_1 to None, run_after=None
[2023-12-05T18:05:39.914+0000] {logging_mixin.py:154} INFO - [2023-12-05T18:05:39.914+0000] {dag.py:3722} INFO - Setting next_dagrun for dataset_consumes_1_and_2 to None, run_after=None
[2023-12-05T18:05:39.916+0000] {logging_mixin.py:154} INFO - [2023-12-05T18:05:39.915+0000] {dag.py:3722} INFO - Setting next_dagrun for dataset_consumes_1_never_scheduled to None, run_after=None
[2023-12-05T18:05:39.917+0000] {logging_mixin.py:154} INFO - [2023-12-05T18:05:39.917+0000] {dag.py:3722} INFO - Setting next_dagrun for dataset_consumes_unknown_never_scheduled to None, run_after=None
[2023-12-05T18:05:39.920+0000] {logging_mixin.py:154} INFO - [2023-12-05T18:05:39.920+0000] {dag.py:3722} INFO - Setting next_dagrun for dataset_produces_1 to 2023-12-04T00:00:00+00:00, run_after=2023-12-05T00:00:00+00:00
[2023-12-05T18:05:39.921+0000] {logging_mixin.py:154} INFO - [2023-12-05T18:05:39.920+0000] {dag.py:3722} INFO - Setting next_dagrun for dataset_produces_2 to None, run_after=None
[2023-12-05T18:05:39.956+0000] {processor.py:179} INFO - Processing /usr/local/lib/python3.10/dist-packages/airflow/example_dags/example_datasets.py took 0.123 seconds
[2023-12-05T18:06:31.659+0000] {processor.py:157} INFO - Started process (PID=12757) to work on /usr/local/lib/python3.10/dist-packages/airflow/example_dags/example_datasets.py
[2023-12-05T18:06:31.660+0000] {processor.py:829} INFO - Processing file /usr/local/lib/python3.10/dist-packages/airflow/example_dags/example_datasets.py for tasks to queue
[2023-12-05T18:06:31.661+0000] {logging_mixin.py:154} INFO - [2023-12-05T18:06:31.661+0000] {dagbag.py:536} INFO - Filling up the DagBag from /usr/local/lib/python3.10/dist-packages/airflow/example_dags/example_datasets.py
[2023-12-05T18:06:31.670+0000] {processor.py:839} INFO - DAG(s) dict_keys(['dataset_produces_2', 'dataset_consumes_1_and_2', 'dataset_consumes_1_never_scheduled', 'dataset_produces_1', 'dataset_consumes_1', 'dataset_consumes_unknown_never_scheduled']) retrieved from /usr/local/lib/python3.10/dist-packages/airflow/example_dags/example_datasets.py
[2023-12-05T18:06:31.697+0000] {logging_mixin.py:154} INFO - [2023-12-05T18:06:31.697+0000] {dag.py:2941} INFO - Sync 6 DAGs
[2023-12-05T18:06:31.717+0000] {logging_mixin.py:154} INFO - [2023-12-05T18:06:31.717+0000] {dag.py:3722} INFO - Setting next_dagrun for dataset_consumes_1 to None, run_after=None
[2023-12-05T18:06:31.721+0000] {logging_mixin.py:154} INFO - [2023-12-05T18:06:31.721+0000] {dag.py:3722} INFO - Setting next_dagrun for dataset_consumes_1_and_2 to None, run_after=None
[2023-12-05T18:06:31.722+0000] {logging_mixin.py:154} INFO - [2023-12-05T18:06:31.722+0000] {dag.py:3722} INFO - Setting next_dagrun for dataset_consumes_1_never_scheduled to None, run_after=None
[2023-12-05T18:06:31.723+0000] {logging_mixin.py:154} INFO - [2023-12-05T18:06:31.723+0000] {dag.py:3722} INFO - Setting next_dagrun for dataset_consumes_unknown_never_scheduled to None, run_after=None
[2023-12-05T18:06:31.726+0000] {logging_mixin.py:154} INFO - [2023-12-05T18:06:31.726+0000] {dag.py:3722} INFO - Setting next_dagrun for dataset_produces_1 to 2023-12-04T00:00:00+00:00, run_after=2023-12-05T00:00:00+00:00
[2023-12-05T18:06:31.727+0000] {logging_mixin.py:154} INFO - [2023-12-05T18:06:31.727+0000] {dag.py:3722} INFO - Setting next_dagrun for dataset_produces_2 to None, run_after=None
[2023-12-05T18:06:31.757+0000] {processor.py:179} INFO - Processing /usr/local/lib/python3.10/dist-packages/airflow/example_dags/example_datasets.py took 0.102 seconds
[2023-12-05T18:07:26.498+0000] {processor.py:157} INFO - Started process (PID=13062) to work on /usr/local/lib/python3.10/dist-packages/airflow/example_dags/example_datasets.py
[2023-12-05T18:07:26.499+0000] {processor.py:829} INFO - Processing file /usr/local/lib/python3.10/dist-packages/airflow/example_dags/example_datasets.py for tasks to queue
[2023-12-05T18:07:26.500+0000] {logging_mixin.py:154} INFO - [2023-12-05T18:07:26.500+0000] {dagbag.py:536} INFO - Filling up the DagBag from /usr/local/lib/python3.10/dist-packages/airflow/example_dags/example_datasets.py
[2023-12-05T18:07:26.511+0000] {processor.py:839} INFO - DAG(s) dict_keys(['dataset_produces_2', 'dataset_consumes_1_never_scheduled', 'dataset_produces_1', 'dataset_consumes_unknown_never_scheduled', 'dataset_consumes_1_and_2', 'dataset_consumes_1']) retrieved from /usr/local/lib/python3.10/dist-packages/airflow/example_dags/example_datasets.py
[2023-12-05T18:07:26.540+0000] {logging_mixin.py:154} INFO - [2023-12-05T18:07:26.540+0000] {dag.py:2941} INFO - Sync 6 DAGs
[2023-12-05T18:07:26.560+0000] {logging_mixin.py:154} INFO - [2023-12-05T18:07:26.560+0000] {dag.py:3722} INFO - Setting next_dagrun for dataset_consumes_1 to None, run_after=None
[2023-12-05T18:07:26.563+0000] {logging_mixin.py:154} INFO - [2023-12-05T18:07:26.563+0000] {dag.py:3722} INFO - Setting next_dagrun for dataset_consumes_1_and_2 to None, run_after=None
[2023-12-05T18:07:26.564+0000] {logging_mixin.py:154} INFO - [2023-12-05T18:07:26.564+0000] {dag.py:3722} INFO - Setting next_dagrun for dataset_consumes_1_never_scheduled to None, run_after=None
[2023-12-05T18:07:26.565+0000] {logging_mixin.py:154} INFO - [2023-12-05T18:07:26.565+0000] {dag.py:3722} INFO - Setting next_dagrun for dataset_consumes_unknown_never_scheduled to None, run_after=None
[2023-12-05T18:07:26.568+0000] {logging_mixin.py:154} INFO - [2023-12-05T18:07:26.568+0000] {dag.py:3722} INFO - Setting next_dagrun for dataset_produces_1 to 2023-12-04T00:00:00+00:00, run_after=2023-12-05T00:00:00+00:00
[2023-12-05T18:07:26.569+0000] {logging_mixin.py:154} INFO - [2023-12-05T18:07:26.568+0000] {dag.py:3722} INFO - Setting next_dagrun for dataset_produces_2 to None, run_after=None
[2023-12-05T18:07:26.603+0000] {processor.py:179} INFO - Processing /usr/local/lib/python3.10/dist-packages/airflow/example_dags/example_datasets.py took 0.108 seconds
[2023-12-05T18:08:14.505+0000] {processor.py:157} INFO - Started process (PID=13186) to work on /usr/local/lib/python3.10/dist-packages/airflow/example_dags/example_datasets.py
[2023-12-05T18:08:14.507+0000] {processor.py:829} INFO - Processing file /usr/local/lib/python3.10/dist-packages/airflow/example_dags/example_datasets.py for tasks to queue
[2023-12-05T18:08:14.511+0000] {logging_mixin.py:154} INFO - [2023-12-05T18:08:14.508+0000] {dagbag.py:536} INFO - Filling up the DagBag from /usr/local/lib/python3.10/dist-packages/airflow/example_dags/example_datasets.py
[2023-12-05T18:08:14.529+0000] {processor.py:839} INFO - DAG(s) dict_keys(['dataset_consumes_1_never_scheduled', 'dataset_consumes_1_and_2', 'dataset_consumes_1', 'dataset_produces_1', 'dataset_consumes_unknown_never_scheduled', 'dataset_produces_2']) retrieved from /usr/local/lib/python3.10/dist-packages/airflow/example_dags/example_datasets.py
[2023-12-05T18:08:14.558+0000] {logging_mixin.py:154} INFO - [2023-12-05T18:08:14.558+0000] {dag.py:2941} INFO - Sync 6 DAGs
[2023-12-05T18:08:14.601+0000] {logging_mixin.py:154} INFO - [2023-12-05T18:08:14.601+0000] {dag.py:3722} INFO - Setting next_dagrun for dataset_consumes_1 to None, run_after=None
[2023-12-05T18:08:14.608+0000] {logging_mixin.py:154} INFO - [2023-12-05T18:08:14.608+0000] {dag.py:3722} INFO - Setting next_dagrun for dataset_consumes_1_and_2 to None, run_after=None
[2023-12-05T18:08:14.610+0000] {logging_mixin.py:154} INFO - [2023-12-05T18:08:14.610+0000] {dag.py:3722} INFO - Setting next_dagrun for dataset_consumes_1_never_scheduled to None, run_after=None
[2023-12-05T18:08:14.611+0000] {logging_mixin.py:154} INFO - [2023-12-05T18:08:14.611+0000] {dag.py:3722} INFO - Setting next_dagrun for dataset_consumes_unknown_never_scheduled to None, run_after=None
[2023-12-05T18:08:14.615+0000] {logging_mixin.py:154} INFO - [2023-12-05T18:08:14.615+0000] {dag.py:3722} INFO - Setting next_dagrun for dataset_produces_1 to 2023-12-04T00:00:00+00:00, run_after=2023-12-05T00:00:00+00:00
[2023-12-05T18:08:14.616+0000] {logging_mixin.py:154} INFO - [2023-12-05T18:08:14.616+0000] {dag.py:3722} INFO - Setting next_dagrun for dataset_produces_2 to None, run_after=None
[2023-12-05T18:08:14.664+0000] {processor.py:179} INFO - Processing /usr/local/lib/python3.10/dist-packages/airflow/example_dags/example_datasets.py took 0.162 seconds
[2023-12-05T18:09:09.268+0000] {processor.py:157} INFO - Started process (PID=13613) to work on /usr/local/lib/python3.10/dist-packages/airflow/example_dags/example_datasets.py
[2023-12-05T18:09:09.270+0000] {processor.py:829} INFO - Processing file /usr/local/lib/python3.10/dist-packages/airflow/example_dags/example_datasets.py for tasks to queue
[2023-12-05T18:09:09.271+0000] {logging_mixin.py:154} INFO - [2023-12-05T18:09:09.270+0000] {dagbag.py:536} INFO - Filling up the DagBag from /usr/local/lib/python3.10/dist-packages/airflow/example_dags/example_datasets.py
[2023-12-05T18:09:09.286+0000] {processor.py:839} INFO - DAG(s) dict_keys(['dataset_consumes_1_never_scheduled', 'dataset_consumes_unknown_never_scheduled', 'dataset_produces_1', 'dataset_consumes_1', 'dataset_produces_2', 'dataset_consumes_1_and_2']) retrieved from /usr/local/lib/python3.10/dist-packages/airflow/example_dags/example_datasets.py
[2023-12-05T18:09:09.343+0000] {logging_mixin.py:154} INFO - [2023-12-05T18:09:09.343+0000] {dag.py:2941} INFO - Sync 6 DAGs
[2023-12-05T18:09:09.377+0000] {logging_mixin.py:154} INFO - [2023-12-05T18:09:09.376+0000] {dag.py:3722} INFO - Setting next_dagrun for dataset_consumes_1 to None, run_after=None
[2023-12-05T18:09:09.384+0000] {logging_mixin.py:154} INFO - [2023-12-05T18:09:09.384+0000] {dag.py:3722} INFO - Setting next_dagrun for dataset_consumes_1_and_2 to None, run_after=None
[2023-12-05T18:09:09.386+0000] {logging_mixin.py:154} INFO - [2023-12-05T18:09:09.386+0000] {dag.py:3722} INFO - Setting next_dagrun for dataset_consumes_1_never_scheduled to None, run_after=None
[2023-12-05T18:09:09.387+0000] {logging_mixin.py:154} INFO - [2023-12-05T18:09:09.387+0000] {dag.py:3722} INFO - Setting next_dagrun for dataset_consumes_unknown_never_scheduled to None, run_after=None
[2023-12-05T18:09:09.393+0000] {logging_mixin.py:154} INFO - [2023-12-05T18:09:09.393+0000] {dag.py:3722} INFO - Setting next_dagrun for dataset_produces_1 to 2023-12-04T00:00:00+00:00, run_after=2023-12-05T00:00:00+00:00
[2023-12-05T18:09:09.394+0000] {logging_mixin.py:154} INFO - [2023-12-05T18:09:09.394+0000] {dag.py:3722} INFO - Setting next_dagrun for dataset_produces_2 to None, run_after=None
[2023-12-05T18:09:09.460+0000] {processor.py:179} INFO - Processing /usr/local/lib/python3.10/dist-packages/airflow/example_dags/example_datasets.py took 0.200 seconds
[2023-12-05T18:09:59.457+0000] {processor.py:157} INFO - Started process (PID=13669) to work on /usr/local/lib/python3.10/dist-packages/airflow/example_dags/example_datasets.py
[2023-12-05T18:09:59.460+0000] {processor.py:829} INFO - Processing file /usr/local/lib/python3.10/dist-packages/airflow/example_dags/example_datasets.py for tasks to queue
[2023-12-05T18:09:59.461+0000] {logging_mixin.py:154} INFO - [2023-12-05T18:09:59.461+0000] {dagbag.py:536} INFO - Filling up the DagBag from /usr/local/lib/python3.10/dist-packages/airflow/example_dags/example_datasets.py
[2023-12-05T18:09:59.474+0000] {processor.py:839} INFO - DAG(s) dict_keys(['dataset_consumes_1_and_2', 'dataset_consumes_1_never_scheduled', 'dataset_consumes_unknown_never_scheduled', 'dataset_produces_2', 'dataset_produces_1', 'dataset_consumes_1']) retrieved from /usr/local/lib/python3.10/dist-packages/airflow/example_dags/example_datasets.py
[2023-12-05T18:09:59.523+0000] {logging_mixin.py:154} INFO - [2023-12-05T18:09:59.522+0000] {dag.py:2941} INFO - Sync 6 DAGs
[2023-12-05T18:09:59.545+0000] {logging_mixin.py:154} INFO - [2023-12-05T18:09:59.545+0000] {dag.py:3722} INFO - Setting next_dagrun for dataset_consumes_1 to None, run_after=None
[2023-12-05T18:09:59.551+0000] {logging_mixin.py:154} INFO - [2023-12-05T18:09:59.548+0000] {dag.py:3722} INFO - Setting next_dagrun for dataset_consumes_1_and_2 to None, run_after=None
[2023-12-05T18:09:59.554+0000] {logging_mixin.py:154} INFO - [2023-12-05T18:09:59.554+0000] {dag.py:3722} INFO - Setting next_dagrun for dataset_consumes_1_never_scheduled to None, run_after=None
[2023-12-05T18:09:59.556+0000] {logging_mixin.py:154} INFO - [2023-12-05T18:09:59.556+0000] {dag.py:3722} INFO - Setting next_dagrun for dataset_consumes_unknown_never_scheduled to None, run_after=None
[2023-12-05T18:09:59.568+0000] {logging_mixin.py:154} INFO - [2023-12-05T18:09:59.567+0000] {dag.py:3722} INFO - Setting next_dagrun for dataset_produces_1 to 2023-12-04T00:00:00+00:00, run_after=2023-12-05T00:00:00+00:00
[2023-12-05T18:09:59.571+0000] {logging_mixin.py:154} INFO - [2023-12-05T18:09:59.571+0000] {dag.py:3722} INFO - Setting next_dagrun for dataset_produces_2 to None, run_after=None
[2023-12-05T18:09:59.620+0000] {processor.py:179} INFO - Processing /usr/local/lib/python3.10/dist-packages/airflow/example_dags/example_datasets.py took 0.166 seconds
