[2023-12-05T17:46:46.107+0000] {processor.py:157} INFO - Started process (PID=9279) to work on /usr/local/lib/python3.10/dist-packages/airflow/example_dags/example_branch_operator_decorator.py
[2023-12-05T17:46:46.108+0000] {processor.py:829} INFO - Processing file /usr/local/lib/python3.10/dist-packages/airflow/example_dags/example_branch_operator_decorator.py for tasks to queue
[2023-12-05T17:46:46.108+0000] {logging_mixin.py:154} INFO - [2023-12-05T17:46:46.108+0000] {dagbag.py:536} INFO - Filling up the DagBag from /usr/local/lib/python3.10/dist-packages/airflow/example_dags/example_branch_operator_decorator.py
[2023-12-05T17:46:46.119+0000] {processor.py:839} INFO - DAG(s) dict_keys(['example_branch_python_operator_decorator']) retrieved from /usr/local/lib/python3.10/dist-packages/airflow/example_dags/example_branch_operator_decorator.py
[2023-12-05T17:46:46.136+0000] {logging_mixin.py:154} INFO - [2023-12-05T17:46:46.136+0000] {dag.py:2941} INFO - Sync 1 DAGs
[2023-12-05T17:46:46.155+0000] {logging_mixin.py:154} INFO - [2023-12-05T17:46:46.155+0000] {dag.py:3722} INFO - Setting next_dagrun for example_branch_python_operator_decorator to 2023-12-04T00:00:00+00:00, run_after=2023-12-05T00:00:00+00:00
[2023-12-05T17:46:46.178+0000] {processor.py:179} INFO - Processing /usr/local/lib/python3.10/dist-packages/airflow/example_dags/example_branch_operator_decorator.py took 0.074 seconds
[2023-12-05T17:47:42.087+0000] {processor.py:157} INFO - Started process (PID=9400) to work on /usr/local/lib/python3.10/dist-packages/airflow/example_dags/example_branch_operator_decorator.py
[2023-12-05T17:47:42.089+0000] {processor.py:829} INFO - Processing file /usr/local/lib/python3.10/dist-packages/airflow/example_dags/example_branch_operator_decorator.py for tasks to queue
[2023-12-05T17:47:42.090+0000] {logging_mixin.py:154} INFO - [2023-12-05T17:47:42.090+0000] {dagbag.py:536} INFO - Filling up the DagBag from /usr/local/lib/python3.10/dist-packages/airflow/example_dags/example_branch_operator_decorator.py
[2023-12-05T17:47:42.103+0000] {processor.py:839} INFO - DAG(s) dict_keys(['example_branch_python_operator_decorator']) retrieved from /usr/local/lib/python3.10/dist-packages/airflow/example_dags/example_branch_operator_decorator.py
[2023-12-05T17:47:42.125+0000] {logging_mixin.py:154} INFO - [2023-12-05T17:47:42.125+0000] {dag.py:2941} INFO - Sync 1 DAGs
[2023-12-05T17:47:42.149+0000] {logging_mixin.py:154} INFO - [2023-12-05T17:47:42.149+0000] {dag.py:3722} INFO - Setting next_dagrun for example_branch_python_operator_decorator to 2023-12-04T00:00:00+00:00, run_after=2023-12-05T00:00:00+00:00
[2023-12-05T17:47:42.185+0000] {processor.py:179} INFO - Processing /usr/local/lib/python3.10/dist-packages/airflow/example_dags/example_branch_operator_decorator.py took 0.104 seconds
[2023-12-05T17:48:36.901+0000] {processor.py:157} INFO - Started process (PID=9580) to work on /usr/local/lib/python3.10/dist-packages/airflow/example_dags/example_branch_operator_decorator.py
[2023-12-05T17:48:36.908+0000] {processor.py:829} INFO - Processing file /usr/local/lib/python3.10/dist-packages/airflow/example_dags/example_branch_operator_decorator.py for tasks to queue
[2023-12-05T17:48:36.910+0000] {logging_mixin.py:154} INFO - [2023-12-05T17:48:36.909+0000] {dagbag.py:536} INFO - Filling up the DagBag from /usr/local/lib/python3.10/dist-packages/airflow/example_dags/example_branch_operator_decorator.py
[2023-12-05T17:48:36.923+0000] {processor.py:839} INFO - DAG(s) dict_keys(['example_branch_python_operator_decorator']) retrieved from /usr/local/lib/python3.10/dist-packages/airflow/example_dags/example_branch_operator_decorator.py
[2023-12-05T17:48:36.947+0000] {logging_mixin.py:154} INFO - [2023-12-05T17:48:36.947+0000] {dag.py:2941} INFO - Sync 1 DAGs
[2023-12-05T17:48:36.973+0000] {logging_mixin.py:154} INFO - [2023-12-05T17:48:36.973+0000] {dag.py:3722} INFO - Setting next_dagrun for example_branch_python_operator_decorator to 2023-12-04T00:00:00+00:00, run_after=2023-12-05T00:00:00+00:00
[2023-12-05T17:48:37.002+0000] {processor.py:179} INFO - Processing /usr/local/lib/python3.10/dist-packages/airflow/example_dags/example_branch_operator_decorator.py took 0.105 seconds
[2023-12-05T17:49:31.199+0000] {processor.py:157} INFO - Started process (PID=9697) to work on /usr/local/lib/python3.10/dist-packages/airflow/example_dags/example_branch_operator_decorator.py
[2023-12-05T17:49:31.200+0000] {processor.py:829} INFO - Processing file /usr/local/lib/python3.10/dist-packages/airflow/example_dags/example_branch_operator_decorator.py for tasks to queue
[2023-12-05T17:49:31.202+0000] {logging_mixin.py:154} INFO - [2023-12-05T17:49:31.201+0000] {dagbag.py:536} INFO - Filling up the DagBag from /usr/local/lib/python3.10/dist-packages/airflow/example_dags/example_branch_operator_decorator.py
[2023-12-05T17:49:31.222+0000] {processor.py:839} INFO - DAG(s) dict_keys(['example_branch_python_operator_decorator']) retrieved from /usr/local/lib/python3.10/dist-packages/airflow/example_dags/example_branch_operator_decorator.py
[2023-12-05T17:49:31.247+0000] {logging_mixin.py:154} INFO - [2023-12-05T17:49:31.247+0000] {dag.py:2941} INFO - Sync 1 DAGs
[2023-12-05T17:49:31.271+0000] {logging_mixin.py:154} INFO - [2023-12-05T17:49:31.271+0000] {dag.py:3722} INFO - Setting next_dagrun for example_branch_python_operator_decorator to 2023-12-04T00:00:00+00:00, run_after=2023-12-05T00:00:00+00:00
[2023-12-05T17:49:31.296+0000] {processor.py:179} INFO - Processing /usr/local/lib/python3.10/dist-packages/airflow/example_dags/example_branch_operator_decorator.py took 0.106 seconds
[2023-12-05T17:50:24.699+0000] {processor.py:157} INFO - Started process (PID=9819) to work on /usr/local/lib/python3.10/dist-packages/airflow/example_dags/example_branch_operator_decorator.py
[2023-12-05T17:50:24.702+0000] {processor.py:829} INFO - Processing file /usr/local/lib/python3.10/dist-packages/airflow/example_dags/example_branch_operator_decorator.py for tasks to queue
[2023-12-05T17:50:24.703+0000] {logging_mixin.py:154} INFO - [2023-12-05T17:50:24.702+0000] {dagbag.py:536} INFO - Filling up the DagBag from /usr/local/lib/python3.10/dist-packages/airflow/example_dags/example_branch_operator_decorator.py
[2023-12-05T17:50:24.721+0000] {processor.py:839} INFO - DAG(s) dict_keys(['example_branch_python_operator_decorator']) retrieved from /usr/local/lib/python3.10/dist-packages/airflow/example_dags/example_branch_operator_decorator.py
[2023-12-05T17:50:24.743+0000] {logging_mixin.py:154} INFO - [2023-12-05T17:50:24.743+0000] {dag.py:2941} INFO - Sync 1 DAGs
[2023-12-05T17:50:24.763+0000] {logging_mixin.py:154} INFO - [2023-12-05T17:50:24.763+0000] {dag.py:3722} INFO - Setting next_dagrun for example_branch_python_operator_decorator to 2023-12-04T00:00:00+00:00, run_after=2023-12-05T00:00:00+00:00
[2023-12-05T17:50:24.785+0000] {processor.py:179} INFO - Processing /usr/local/lib/python3.10/dist-packages/airflow/example_dags/example_branch_operator_decorator.py took 0.093 seconds
[2023-12-05T17:51:15.482+0000] {processor.py:157} INFO - Started process (PID=9996) to work on /usr/local/lib/python3.10/dist-packages/airflow/example_dags/example_branch_operator_decorator.py
[2023-12-05T17:51:15.486+0000] {processor.py:829} INFO - Processing file /usr/local/lib/python3.10/dist-packages/airflow/example_dags/example_branch_operator_decorator.py for tasks to queue
[2023-12-05T17:51:15.489+0000] {logging_mixin.py:154} INFO - [2023-12-05T17:51:15.488+0000] {dagbag.py:536} INFO - Filling up the DagBag from /usr/local/lib/python3.10/dist-packages/airflow/example_dags/example_branch_operator_decorator.py
[2023-12-05T17:51:15.533+0000] {processor.py:839} INFO - DAG(s) dict_keys(['example_branch_python_operator_decorator']) retrieved from /usr/local/lib/python3.10/dist-packages/airflow/example_dags/example_branch_operator_decorator.py
[2023-12-05T17:51:15.552+0000] {logging_mixin.py:154} INFO - [2023-12-05T17:51:15.552+0000] {dag.py:2941} INFO - Sync 1 DAGs
[2023-12-05T17:51:15.572+0000] {logging_mixin.py:154} INFO - [2023-12-05T17:51:15.572+0000] {dag.py:3722} INFO - Setting next_dagrun for example_branch_python_operator_decorator to 2023-12-04T00:00:00+00:00, run_after=2023-12-05T00:00:00+00:00
[2023-12-05T17:51:15.594+0000] {processor.py:179} INFO - Processing /usr/local/lib/python3.10/dist-packages/airflow/example_dags/example_branch_operator_decorator.py took 0.120 seconds
[2023-12-05T17:52:08.059+0000] {processor.py:157} INFO - Started process (PID=10113) to work on /usr/local/lib/python3.10/dist-packages/airflow/example_dags/example_branch_operator_decorator.py
[2023-12-05T17:52:08.065+0000] {processor.py:829} INFO - Processing file /usr/local/lib/python3.10/dist-packages/airflow/example_dags/example_branch_operator_decorator.py for tasks to queue
[2023-12-05T17:52:08.069+0000] {logging_mixin.py:154} INFO - [2023-12-05T17:52:08.068+0000] {dagbag.py:536} INFO - Filling up the DagBag from /usr/local/lib/python3.10/dist-packages/airflow/example_dags/example_branch_operator_decorator.py
[2023-12-05T17:52:08.090+0000] {processor.py:839} INFO - DAG(s) dict_keys(['example_branch_python_operator_decorator']) retrieved from /usr/local/lib/python3.10/dist-packages/airflow/example_dags/example_branch_operator_decorator.py
[2023-12-05T17:52:08.113+0000] {logging_mixin.py:154} INFO - [2023-12-05T17:52:08.113+0000] {dag.py:2941} INFO - Sync 1 DAGs
[2023-12-05T17:52:08.136+0000] {logging_mixin.py:154} INFO - [2023-12-05T17:52:08.136+0000] {dag.py:3722} INFO - Setting next_dagrun for example_branch_python_operator_decorator to 2023-12-04T00:00:00+00:00, run_after=2023-12-05T00:00:00+00:00
[2023-12-05T17:52:08.170+0000] {processor.py:179} INFO - Processing /usr/local/lib/python3.10/dist-packages/airflow/example_dags/example_branch_operator_decorator.py took 0.114 seconds
[2023-12-05T17:53:01.235+0000] {processor.py:157} INFO - Started process (PID=10173) to work on /usr/local/lib/python3.10/dist-packages/airflow/example_dags/example_branch_operator_decorator.py
[2023-12-05T17:53:01.236+0000] {processor.py:829} INFO - Processing file /usr/local/lib/python3.10/dist-packages/airflow/example_dags/example_branch_operator_decorator.py for tasks to queue
[2023-12-05T17:53:01.237+0000] {logging_mixin.py:154} INFO - [2023-12-05T17:53:01.237+0000] {dagbag.py:536} INFO - Filling up the DagBag from /usr/local/lib/python3.10/dist-packages/airflow/example_dags/example_branch_operator_decorator.py
[2023-12-05T17:53:01.258+0000] {processor.py:839} INFO - DAG(s) dict_keys(['example_branch_python_operator_decorator']) retrieved from /usr/local/lib/python3.10/dist-packages/airflow/example_dags/example_branch_operator_decorator.py
[2023-12-05T17:53:01.296+0000] {logging_mixin.py:154} INFO - [2023-12-05T17:53:01.296+0000] {dag.py:2941} INFO - Sync 1 DAGs
[2023-12-05T17:53:01.331+0000] {logging_mixin.py:154} INFO - [2023-12-05T17:53:01.331+0000] {dag.py:3722} INFO - Setting next_dagrun for example_branch_python_operator_decorator to 2023-12-04T00:00:00+00:00, run_after=2023-12-05T00:00:00+00:00
[2023-12-05T17:53:01.356+0000] {processor.py:179} INFO - Processing /usr/local/lib/python3.10/dist-packages/airflow/example_dags/example_branch_operator_decorator.py took 0.132 seconds
[2023-12-05T17:53:52.106+0000] {processor.py:157} INFO - Started process (PID=10352) to work on /usr/local/lib/python3.10/dist-packages/airflow/example_dags/example_branch_operator_decorator.py
[2023-12-05T17:53:52.108+0000] {processor.py:829} INFO - Processing file /usr/local/lib/python3.10/dist-packages/airflow/example_dags/example_branch_operator_decorator.py for tasks to queue
[2023-12-05T17:53:52.108+0000] {logging_mixin.py:154} INFO - [2023-12-05T17:53:52.108+0000] {dagbag.py:536} INFO - Filling up the DagBag from /usr/local/lib/python3.10/dist-packages/airflow/example_dags/example_branch_operator_decorator.py
[2023-12-05T17:53:52.120+0000] {processor.py:839} INFO - DAG(s) dict_keys(['example_branch_python_operator_decorator']) retrieved from /usr/local/lib/python3.10/dist-packages/airflow/example_dags/example_branch_operator_decorator.py
[2023-12-05T17:53:52.140+0000] {logging_mixin.py:154} INFO - [2023-12-05T17:53:52.140+0000] {dag.py:2941} INFO - Sync 1 DAGs
[2023-12-05T17:53:52.163+0000] {logging_mixin.py:154} INFO - [2023-12-05T17:53:52.163+0000] {dag.py:3722} INFO - Setting next_dagrun for example_branch_python_operator_decorator to 2023-12-04T00:00:00+00:00, run_after=2023-12-05T00:00:00+00:00
[2023-12-05T17:53:52.187+0000] {processor.py:179} INFO - Processing /usr/local/lib/python3.10/dist-packages/airflow/example_dags/example_branch_operator_decorator.py took 0.085 seconds
[2023-12-05T17:54:40.033+0000] {processor.py:157} INFO - Started process (PID=10470) to work on /usr/local/lib/python3.10/dist-packages/airflow/example_dags/example_branch_operator_decorator.py
[2023-12-05T17:54:40.035+0000] {processor.py:829} INFO - Processing file /usr/local/lib/python3.10/dist-packages/airflow/example_dags/example_branch_operator_decorator.py for tasks to queue
[2023-12-05T17:54:40.036+0000] {logging_mixin.py:154} INFO - [2023-12-05T17:54:40.036+0000] {dagbag.py:536} INFO - Filling up the DagBag from /usr/local/lib/python3.10/dist-packages/airflow/example_dags/example_branch_operator_decorator.py
[2023-12-05T17:54:40.048+0000] {processor.py:839} INFO - DAG(s) dict_keys(['example_branch_python_operator_decorator']) retrieved from /usr/local/lib/python3.10/dist-packages/airflow/example_dags/example_branch_operator_decorator.py
[2023-12-05T17:54:40.073+0000] {logging_mixin.py:154} INFO - [2023-12-05T17:54:40.073+0000] {dag.py:2941} INFO - Sync 1 DAGs
[2023-12-05T17:54:40.106+0000] {logging_mixin.py:154} INFO - [2023-12-05T17:54:40.105+0000] {dag.py:3722} INFO - Setting next_dagrun for example_branch_python_operator_decorator to 2023-12-04T00:00:00+00:00, run_after=2023-12-05T00:00:00+00:00
[2023-12-05T17:54:40.133+0000] {processor.py:179} INFO - Processing /usr/local/lib/python3.10/dist-packages/airflow/example_dags/example_branch_operator_decorator.py took 0.105 seconds
[2023-12-05T17:55:34.224+0000] {processor.py:157} INFO - Started process (PID=10588) to work on /usr/local/lib/python3.10/dist-packages/airflow/example_dags/example_branch_operator_decorator.py
[2023-12-05T17:55:34.226+0000] {processor.py:829} INFO - Processing file /usr/local/lib/python3.10/dist-packages/airflow/example_dags/example_branch_operator_decorator.py for tasks to queue
[2023-12-05T17:55:34.226+0000] {logging_mixin.py:154} INFO - [2023-12-05T17:55:34.226+0000] {dagbag.py:536} INFO - Filling up the DagBag from /usr/local/lib/python3.10/dist-packages/airflow/example_dags/example_branch_operator_decorator.py
[2023-12-05T17:55:34.238+0000] {processor.py:839} INFO - DAG(s) dict_keys(['example_branch_python_operator_decorator']) retrieved from /usr/local/lib/python3.10/dist-packages/airflow/example_dags/example_branch_operator_decorator.py
[2023-12-05T17:55:34.258+0000] {logging_mixin.py:154} INFO - [2023-12-05T17:55:34.258+0000] {dag.py:2941} INFO - Sync 1 DAGs
[2023-12-05T17:55:34.279+0000] {logging_mixin.py:154} INFO - [2023-12-05T17:55:34.279+0000] {dag.py:3722} INFO - Setting next_dagrun for example_branch_python_operator_decorator to 2023-12-04T00:00:00+00:00, run_after=2023-12-05T00:00:00+00:00
[2023-12-05T17:55:34.302+0000] {processor.py:179} INFO - Processing /usr/local/lib/python3.10/dist-packages/airflow/example_dags/example_branch_operator_decorator.py took 0.081 seconds
[2023-12-05T17:56:24.921+0000] {processor.py:157} INFO - Started process (PID=10768) to work on /usr/local/lib/python3.10/dist-packages/airflow/example_dags/example_branch_operator_decorator.py
[2023-12-05T17:56:24.924+0000] {processor.py:829} INFO - Processing file /usr/local/lib/python3.10/dist-packages/airflow/example_dags/example_branch_operator_decorator.py for tasks to queue
[2023-12-05T17:56:24.926+0000] {logging_mixin.py:154} INFO - [2023-12-05T17:56:24.925+0000] {dagbag.py:536} INFO - Filling up the DagBag from /usr/local/lib/python3.10/dist-packages/airflow/example_dags/example_branch_operator_decorator.py
[2023-12-05T17:56:24.955+0000] {processor.py:839} INFO - DAG(s) dict_keys(['example_branch_python_operator_decorator']) retrieved from /usr/local/lib/python3.10/dist-packages/airflow/example_dags/example_branch_operator_decorator.py
[2023-12-05T17:56:24.994+0000] {logging_mixin.py:154} INFO - [2023-12-05T17:56:24.994+0000] {dag.py:2941} INFO - Sync 1 DAGs
[2023-12-05T17:56:25.042+0000] {logging_mixin.py:154} INFO - [2023-12-05T17:56:25.042+0000] {dag.py:3722} INFO - Setting next_dagrun for example_branch_python_operator_decorator to 2023-12-04T00:00:00+00:00, run_after=2023-12-05T00:00:00+00:00
[2023-12-05T17:56:25.104+0000] {processor.py:179} INFO - Processing /usr/local/lib/python3.10/dist-packages/airflow/example_dags/example_branch_operator_decorator.py took 0.191 seconds
[2023-12-05T17:57:18.779+0000] {processor.py:157} INFO - Started process (PID=10890) to work on /usr/local/lib/python3.10/dist-packages/airflow/example_dags/example_branch_operator_decorator.py
[2023-12-05T17:57:18.780+0000] {processor.py:829} INFO - Processing file /usr/local/lib/python3.10/dist-packages/airflow/example_dags/example_branch_operator_decorator.py for tasks to queue
[2023-12-05T17:57:18.782+0000] {logging_mixin.py:154} INFO - [2023-12-05T17:57:18.781+0000] {dagbag.py:536} INFO - Filling up the DagBag from /usr/local/lib/python3.10/dist-packages/airflow/example_dags/example_branch_operator_decorator.py
[2023-12-05T17:57:18.795+0000] {processor.py:839} INFO - DAG(s) dict_keys(['example_branch_python_operator_decorator']) retrieved from /usr/local/lib/python3.10/dist-packages/airflow/example_dags/example_branch_operator_decorator.py
[2023-12-05T17:57:18.817+0000] {logging_mixin.py:154} INFO - [2023-12-05T17:57:18.817+0000] {dag.py:2941} INFO - Sync 1 DAGs
[2023-12-05T17:57:18.839+0000] {logging_mixin.py:154} INFO - [2023-12-05T17:57:18.839+0000] {dag.py:3722} INFO - Setting next_dagrun for example_branch_python_operator_decorator to 2023-12-04T00:00:00+00:00, run_after=2023-12-05T00:00:00+00:00
[2023-12-05T17:57:18.864+0000] {processor.py:179} INFO - Processing /usr/local/lib/python3.10/dist-packages/airflow/example_dags/example_branch_operator_decorator.py took 0.089 seconds
[2023-12-05T17:58:15.978+0000] {processor.py:157} INFO - Started process (PID=11017) to work on /usr/local/lib/python3.10/dist-packages/airflow/example_dags/example_branch_operator_decorator.py
[2023-12-05T17:58:15.981+0000] {processor.py:829} INFO - Processing file /usr/local/lib/python3.10/dist-packages/airflow/example_dags/example_branch_operator_decorator.py for tasks to queue
[2023-12-05T17:58:15.982+0000] {logging_mixin.py:154} INFO - [2023-12-05T17:58:15.982+0000] {dagbag.py:536} INFO - Filling up the DagBag from /usr/local/lib/python3.10/dist-packages/airflow/example_dags/example_branch_operator_decorator.py
[2023-12-05T17:58:16.007+0000] {processor.py:839} INFO - DAG(s) dict_keys(['example_branch_python_operator_decorator']) retrieved from /usr/local/lib/python3.10/dist-packages/airflow/example_dags/example_branch_operator_decorator.py
[2023-12-05T17:58:16.028+0000] {logging_mixin.py:154} INFO - [2023-12-05T17:58:16.028+0000] {dag.py:2941} INFO - Sync 1 DAGs
[2023-12-05T17:58:16.086+0000] {logging_mixin.py:154} INFO - [2023-12-05T17:58:16.086+0000] {dag.py:3722} INFO - Setting next_dagrun for example_branch_python_operator_decorator to 2023-12-04T00:00:00+00:00, run_after=2023-12-05T00:00:00+00:00
[2023-12-05T17:58:16.114+0000] {processor.py:179} INFO - Processing /usr/local/lib/python3.10/dist-packages/airflow/example_dags/example_branch_operator_decorator.py took 0.143 seconds
[2023-12-05T17:59:05.729+0000] {processor.py:157} INFO - Started process (PID=11134) to work on /usr/local/lib/python3.10/dist-packages/airflow/example_dags/example_branch_operator_decorator.py
[2023-12-05T17:59:05.730+0000] {processor.py:829} INFO - Processing file /usr/local/lib/python3.10/dist-packages/airflow/example_dags/example_branch_operator_decorator.py for tasks to queue
[2023-12-05T17:59:05.732+0000] {logging_mixin.py:154} INFO - [2023-12-05T17:59:05.731+0000] {dagbag.py:536} INFO - Filling up the DagBag from /usr/local/lib/python3.10/dist-packages/airflow/example_dags/example_branch_operator_decorator.py
[2023-12-05T17:59:05.744+0000] {processor.py:839} INFO - DAG(s) dict_keys(['example_branch_python_operator_decorator']) retrieved from /usr/local/lib/python3.10/dist-packages/airflow/example_dags/example_branch_operator_decorator.py
[2023-12-05T17:59:05.790+0000] {logging_mixin.py:154} INFO - [2023-12-05T17:59:05.789+0000] {dag.py:2941} INFO - Sync 1 DAGs
[2023-12-05T17:59:05.833+0000] {logging_mixin.py:154} INFO - [2023-12-05T17:59:05.832+0000] {dag.py:3722} INFO - Setting next_dagrun for example_branch_python_operator_decorator to 2023-12-04T00:00:00+00:00, run_after=2023-12-05T00:00:00+00:00
[2023-12-05T17:59:05.859+0000] {processor.py:179} INFO - Processing /usr/local/lib/python3.10/dist-packages/airflow/example_dags/example_branch_operator_decorator.py took 0.134 seconds
[2023-12-05T17:59:59.864+0000] {processor.py:157} INFO - Started process (PID=11197) to work on /usr/local/lib/python3.10/dist-packages/airflow/example_dags/example_branch_operator_decorator.py
[2023-12-05T17:59:59.866+0000] {processor.py:829} INFO - Processing file /usr/local/lib/python3.10/dist-packages/airflow/example_dags/example_branch_operator_decorator.py for tasks to queue
[2023-12-05T17:59:59.867+0000] {logging_mixin.py:154} INFO - [2023-12-05T17:59:59.866+0000] {dagbag.py:536} INFO - Filling up the DagBag from /usr/local/lib/python3.10/dist-packages/airflow/example_dags/example_branch_operator_decorator.py
[2023-12-05T17:59:59.878+0000] {processor.py:839} INFO - DAG(s) dict_keys(['example_branch_python_operator_decorator']) retrieved from /usr/local/lib/python3.10/dist-packages/airflow/example_dags/example_branch_operator_decorator.py
[2023-12-05T17:59:59.898+0000] {logging_mixin.py:154} INFO - [2023-12-05T17:59:59.897+0000] {dag.py:2941} INFO - Sync 1 DAGs
[2023-12-05T17:59:59.920+0000] {logging_mixin.py:154} INFO - [2023-12-05T17:59:59.920+0000] {dag.py:3722} INFO - Setting next_dagrun for example_branch_python_operator_decorator to 2023-12-04T00:00:00+00:00, run_after=2023-12-05T00:00:00+00:00
[2023-12-05T17:59:59.941+0000] {processor.py:179} INFO - Processing /usr/local/lib/python3.10/dist-packages/airflow/example_dags/example_branch_operator_decorator.py took 0.081 seconds
[2023-12-05T18:00:50.381+0000] {processor.py:157} INFO - Started process (PID=11315) to work on /usr/local/lib/python3.10/dist-packages/airflow/example_dags/example_branch_operator_decorator.py
[2023-12-05T18:00:50.383+0000] {processor.py:829} INFO - Processing file /usr/local/lib/python3.10/dist-packages/airflow/example_dags/example_branch_operator_decorator.py for tasks to queue
[2023-12-05T18:00:50.384+0000] {logging_mixin.py:154} INFO - [2023-12-05T18:00:50.383+0000] {dagbag.py:536} INFO - Filling up the DagBag from /usr/local/lib/python3.10/dist-packages/airflow/example_dags/example_branch_operator_decorator.py
[2023-12-05T18:00:50.400+0000] {processor.py:839} INFO - DAG(s) dict_keys(['example_branch_python_operator_decorator']) retrieved from /usr/local/lib/python3.10/dist-packages/airflow/example_dags/example_branch_operator_decorator.py
[2023-12-05T18:00:50.426+0000] {logging_mixin.py:154} INFO - [2023-12-05T18:00:50.426+0000] {dag.py:2941} INFO - Sync 1 DAGs
[2023-12-05T18:00:50.450+0000] {logging_mixin.py:154} INFO - [2023-12-05T18:00:50.450+0000] {dag.py:3722} INFO - Setting next_dagrun for example_branch_python_operator_decorator to 2023-12-04T00:00:00+00:00, run_after=2023-12-05T00:00:00+00:00
[2023-12-05T18:00:50.505+0000] {processor.py:179} INFO - Processing /usr/local/lib/python3.10/dist-packages/airflow/example_dags/example_branch_operator_decorator.py took 0.129 seconds
[2023-12-05T18:01:37.062+0000] {processor.py:157} INFO - Started process (PID=11489) to work on /usr/local/lib/python3.10/dist-packages/airflow/example_dags/example_branch_operator_decorator.py
[2023-12-05T18:01:37.064+0000] {processor.py:829} INFO - Processing file /usr/local/lib/python3.10/dist-packages/airflow/example_dags/example_branch_operator_decorator.py for tasks to queue
[2023-12-05T18:01:37.064+0000] {logging_mixin.py:154} INFO - [2023-12-05T18:01:37.064+0000] {dagbag.py:536} INFO - Filling up the DagBag from /usr/local/lib/python3.10/dist-packages/airflow/example_dags/example_branch_operator_decorator.py
[2023-12-05T18:01:37.075+0000] {processor.py:839} INFO - DAG(s) dict_keys(['example_branch_python_operator_decorator']) retrieved from /usr/local/lib/python3.10/dist-packages/airflow/example_dags/example_branch_operator_decorator.py
[2023-12-05T18:01:37.094+0000] {logging_mixin.py:154} INFO - [2023-12-05T18:01:37.094+0000] {dag.py:2941} INFO - Sync 1 DAGs
[2023-12-05T18:01:37.116+0000] {logging_mixin.py:154} INFO - [2023-12-05T18:01:37.116+0000] {dag.py:3722} INFO - Setting next_dagrun for example_branch_python_operator_decorator to 2023-12-04T00:00:00+00:00, run_after=2023-12-05T00:00:00+00:00
[2023-12-05T18:01:37.138+0000] {processor.py:179} INFO - Processing /usr/local/lib/python3.10/dist-packages/airflow/example_dags/example_branch_operator_decorator.py took 0.079 seconds
[2023-12-05T18:02:25.866+0000] {processor.py:157} INFO - Started process (PID=11608) to work on /usr/local/lib/python3.10/dist-packages/airflow/example_dags/example_branch_operator_decorator.py
[2023-12-05T18:02:25.868+0000] {processor.py:829} INFO - Processing file /usr/local/lib/python3.10/dist-packages/airflow/example_dags/example_branch_operator_decorator.py for tasks to queue
[2023-12-05T18:02:25.869+0000] {logging_mixin.py:154} INFO - [2023-12-05T18:02:25.869+0000] {dagbag.py:536} INFO - Filling up the DagBag from /usr/local/lib/python3.10/dist-packages/airflow/example_dags/example_branch_operator_decorator.py
[2023-12-05T18:02:25.886+0000] {processor.py:839} INFO - DAG(s) dict_keys(['example_branch_python_operator_decorator']) retrieved from /usr/local/lib/python3.10/dist-packages/airflow/example_dags/example_branch_operator_decorator.py
[2023-12-05T18:02:25.918+0000] {logging_mixin.py:154} INFO - [2023-12-05T18:02:25.918+0000] {dag.py:2941} INFO - Sync 1 DAGs
[2023-12-05T18:02:25.944+0000] {logging_mixin.py:154} INFO - [2023-12-05T18:02:25.944+0000] {dag.py:3722} INFO - Setting next_dagrun for example_branch_python_operator_decorator to 2023-12-04T00:00:00+00:00, run_after=2023-12-05T00:00:00+00:00
[2023-12-05T18:02:25.968+0000] {processor.py:179} INFO - Processing /usr/local/lib/python3.10/dist-packages/airflow/example_dags/example_branch_operator_decorator.py took 0.109 seconds
[2023-12-05T18:03:20.295+0000] {processor.py:157} INFO - Started process (PID=11729) to work on /usr/local/lib/python3.10/dist-packages/airflow/example_dags/example_branch_operator_decorator.py
[2023-12-05T18:03:20.297+0000] {processor.py:829} INFO - Processing file /usr/local/lib/python3.10/dist-packages/airflow/example_dags/example_branch_operator_decorator.py for tasks to queue
[2023-12-05T18:03:20.299+0000] {logging_mixin.py:154} INFO - [2023-12-05T18:03:20.298+0000] {dagbag.py:536} INFO - Filling up the DagBag from /usr/local/lib/python3.10/dist-packages/airflow/example_dags/example_branch_operator_decorator.py
[2023-12-05T18:03:20.312+0000] {processor.py:839} INFO - DAG(s) dict_keys(['example_branch_python_operator_decorator']) retrieved from /usr/local/lib/python3.10/dist-packages/airflow/example_dags/example_branch_operator_decorator.py
[2023-12-05T18:03:20.331+0000] {logging_mixin.py:154} INFO - [2023-12-05T18:03:20.331+0000] {dag.py:2941} INFO - Sync 1 DAGs
[2023-12-05T18:03:20.358+0000] {logging_mixin.py:154} INFO - [2023-12-05T18:03:20.357+0000] {dag.py:3722} INFO - Setting next_dagrun for example_branch_python_operator_decorator to 2023-12-04T00:00:00+00:00, run_after=2023-12-05T00:00:00+00:00
[2023-12-05T18:03:20.381+0000] {processor.py:179} INFO - Processing /usr/local/lib/python3.10/dist-packages/airflow/example_dags/example_branch_operator_decorator.py took 0.089 seconds
[2023-12-05T18:04:07.947+0000] {processor.py:157} INFO - Started process (PID=11845) to work on /usr/local/lib/python3.10/dist-packages/airflow/example_dags/example_branch_operator_decorator.py
[2023-12-05T18:04:07.949+0000] {processor.py:829} INFO - Processing file /usr/local/lib/python3.10/dist-packages/airflow/example_dags/example_branch_operator_decorator.py for tasks to queue
[2023-12-05T18:04:07.950+0000] {logging_mixin.py:154} INFO - [2023-12-05T18:04:07.949+0000] {dagbag.py:536} INFO - Filling up the DagBag from /usr/local/lib/python3.10/dist-packages/airflow/example_dags/example_branch_operator_decorator.py
[2023-12-05T18:04:07.961+0000] {processor.py:839} INFO - DAG(s) dict_keys(['example_branch_python_operator_decorator']) retrieved from /usr/local/lib/python3.10/dist-packages/airflow/example_dags/example_branch_operator_decorator.py
[2023-12-05T18:04:07.983+0000] {logging_mixin.py:154} INFO - [2023-12-05T18:04:07.982+0000] {dag.py:2941} INFO - Sync 1 DAGs
[2023-12-05T18:04:08.011+0000] {logging_mixin.py:154} INFO - [2023-12-05T18:04:08.011+0000] {dag.py:3722} INFO - Setting next_dagrun for example_branch_python_operator_decorator to 2023-12-04T00:00:00+00:00, run_after=2023-12-05T00:00:00+00:00
[2023-12-05T18:04:08.037+0000] {processor.py:179} INFO - Processing /usr/local/lib/python3.10/dist-packages/airflow/example_dags/example_branch_operator_decorator.py took 0.094 seconds
[2023-12-05T18:04:59.852+0000] {processor.py:157} INFO - Started process (PID=12294) to work on /usr/local/lib/python3.10/dist-packages/airflow/example_dags/example_branch_operator_decorator.py
[2023-12-05T18:04:59.853+0000] {processor.py:829} INFO - Processing file /usr/local/lib/python3.10/dist-packages/airflow/example_dags/example_branch_operator_decorator.py for tasks to queue
[2023-12-05T18:04:59.854+0000] {logging_mixin.py:154} INFO - [2023-12-05T18:04:59.853+0000] {dagbag.py:536} INFO - Filling up the DagBag from /usr/local/lib/python3.10/dist-packages/airflow/example_dags/example_branch_operator_decorator.py
[2023-12-05T18:04:59.865+0000] {processor.py:839} INFO - DAG(s) dict_keys(['example_branch_python_operator_decorator']) retrieved from /usr/local/lib/python3.10/dist-packages/airflow/example_dags/example_branch_operator_decorator.py
[2023-12-05T18:04:59.920+0000] {logging_mixin.py:154} INFO - [2023-12-05T18:04:59.920+0000] {dag.py:2941} INFO - Sync 1 DAGs
[2023-12-05T18:04:59.943+0000] {logging_mixin.py:154} INFO - [2023-12-05T18:04:59.943+0000] {dag.py:3722} INFO - Setting next_dagrun for example_branch_python_operator_decorator to 2023-12-04T00:00:00+00:00, run_after=2023-12-05T00:00:00+00:00
[2023-12-05T18:04:59.975+0000] {processor.py:179} INFO - Processing /usr/local/lib/python3.10/dist-packages/airflow/example_dags/example_branch_operator_decorator.py took 0.127 seconds
[2023-12-05T18:05:50.740+0000] {processor.py:157} INFO - Started process (PID=12534) to work on /usr/local/lib/python3.10/dist-packages/airflow/example_dags/example_branch_operator_decorator.py
[2023-12-05T18:05:50.742+0000] {processor.py:829} INFO - Processing file /usr/local/lib/python3.10/dist-packages/airflow/example_dags/example_branch_operator_decorator.py for tasks to queue
[2023-12-05T18:05:50.743+0000] {logging_mixin.py:154} INFO - [2023-12-05T18:05:50.742+0000] {dagbag.py:536} INFO - Filling up the DagBag from /usr/local/lib/python3.10/dist-packages/airflow/example_dags/example_branch_operator_decorator.py
[2023-12-05T18:05:50.753+0000] {processor.py:839} INFO - DAG(s) dict_keys(['example_branch_python_operator_decorator']) retrieved from /usr/local/lib/python3.10/dist-packages/airflow/example_dags/example_branch_operator_decorator.py
[2023-12-05T18:05:50.770+0000] {logging_mixin.py:154} INFO - [2023-12-05T18:05:50.770+0000] {dag.py:2941} INFO - Sync 1 DAGs
[2023-12-05T18:05:50.789+0000] {logging_mixin.py:154} INFO - [2023-12-05T18:05:50.789+0000] {dag.py:3722} INFO - Setting next_dagrun for example_branch_python_operator_decorator to 2023-12-04T00:00:00+00:00, run_after=2023-12-05T00:00:00+00:00
[2023-12-05T18:05:50.810+0000] {processor.py:179} INFO - Processing /usr/local/lib/python3.10/dist-packages/airflow/example_dags/example_branch_operator_decorator.py took 0.077 seconds
[2023-12-05T18:06:43.449+0000] {processor.py:157} INFO - Started process (PID=12777) to work on /usr/local/lib/python3.10/dist-packages/airflow/example_dags/example_branch_operator_decorator.py
[2023-12-05T18:06:43.450+0000] {processor.py:829} INFO - Processing file /usr/local/lib/python3.10/dist-packages/airflow/example_dags/example_branch_operator_decorator.py for tasks to queue
[2023-12-05T18:06:43.451+0000] {logging_mixin.py:154} INFO - [2023-12-05T18:06:43.451+0000] {dagbag.py:536} INFO - Filling up the DagBag from /usr/local/lib/python3.10/dist-packages/airflow/example_dags/example_branch_operator_decorator.py
[2023-12-05T18:06:43.464+0000] {processor.py:839} INFO - DAG(s) dict_keys(['example_branch_python_operator_decorator']) retrieved from /usr/local/lib/python3.10/dist-packages/airflow/example_dags/example_branch_operator_decorator.py
[2023-12-05T18:06:43.486+0000] {logging_mixin.py:154} INFO - [2023-12-05T18:06:43.485+0000] {dag.py:2941} INFO - Sync 1 DAGs
[2023-12-05T18:06:43.511+0000] {logging_mixin.py:154} INFO - [2023-12-05T18:06:43.510+0000] {dag.py:3722} INFO - Setting next_dagrun for example_branch_python_operator_decorator to 2023-12-04T00:00:00+00:00, run_after=2023-12-05T00:00:00+00:00
[2023-12-05T18:06:43.538+0000] {processor.py:179} INFO - Processing /usr/local/lib/python3.10/dist-packages/airflow/example_dags/example_branch_operator_decorator.py took 0.092 seconds
[2023-12-05T18:07:38.638+0000] {processor.py:157} INFO - Started process (PID=13078) to work on /usr/local/lib/python3.10/dist-packages/airflow/example_dags/example_branch_operator_decorator.py
[2023-12-05T18:07:38.640+0000] {processor.py:829} INFO - Processing file /usr/local/lib/python3.10/dist-packages/airflow/example_dags/example_branch_operator_decorator.py for tasks to queue
[2023-12-05T18:07:38.642+0000] {logging_mixin.py:154} INFO - [2023-12-05T18:07:38.641+0000] {dagbag.py:536} INFO - Filling up the DagBag from /usr/local/lib/python3.10/dist-packages/airflow/example_dags/example_branch_operator_decorator.py
[2023-12-05T18:07:38.656+0000] {processor.py:839} INFO - DAG(s) dict_keys(['example_branch_python_operator_decorator']) retrieved from /usr/local/lib/python3.10/dist-packages/airflow/example_dags/example_branch_operator_decorator.py
[2023-12-05T18:07:38.676+0000] {logging_mixin.py:154} INFO - [2023-12-05T18:07:38.676+0000] {dag.py:2941} INFO - Sync 1 DAGs
[2023-12-05T18:07:38.699+0000] {logging_mixin.py:154} INFO - [2023-12-05T18:07:38.699+0000] {dag.py:3722} INFO - Setting next_dagrun for example_branch_python_operator_decorator to 2023-12-04T00:00:00+00:00, run_after=2023-12-05T00:00:00+00:00
[2023-12-05T18:07:38.724+0000] {processor.py:179} INFO - Processing /usr/local/lib/python3.10/dist-packages/airflow/example_dags/example_branch_operator_decorator.py took 0.090 seconds
[2023-12-05T18:08:23.444+0000] {processor.py:157} INFO - Started process (PID=13194) to work on /usr/local/lib/python3.10/dist-packages/airflow/example_dags/example_branch_operator_decorator.py
[2023-12-05T18:08:23.445+0000] {processor.py:829} INFO - Processing file /usr/local/lib/python3.10/dist-packages/airflow/example_dags/example_branch_operator_decorator.py for tasks to queue
[2023-12-05T18:08:23.446+0000] {logging_mixin.py:154} INFO - [2023-12-05T18:08:23.445+0000] {dagbag.py:536} INFO - Filling up the DagBag from /usr/local/lib/python3.10/dist-packages/airflow/example_dags/example_branch_operator_decorator.py
[2023-12-05T18:08:23.457+0000] {processor.py:839} INFO - DAG(s) dict_keys(['example_branch_python_operator_decorator']) retrieved from /usr/local/lib/python3.10/dist-packages/airflow/example_dags/example_branch_operator_decorator.py
[2023-12-05T18:08:23.476+0000] {logging_mixin.py:154} INFO - [2023-12-05T18:08:23.476+0000] {dag.py:2941} INFO - Sync 1 DAGs
[2023-12-05T18:08:23.497+0000] {logging_mixin.py:154} INFO - [2023-12-05T18:08:23.497+0000] {dag.py:3722} INFO - Setting next_dagrun for example_branch_python_operator_decorator to 2023-12-04T00:00:00+00:00, run_after=2023-12-05T00:00:00+00:00
[2023-12-05T18:08:23.522+0000] {processor.py:179} INFO - Processing /usr/local/lib/python3.10/dist-packages/airflow/example_dags/example_branch_operator_decorator.py took 0.082 seconds
[2023-12-05T18:09:14.152+0000] {processor.py:157} INFO - Started process (PID=13618) to work on /usr/local/lib/python3.10/dist-packages/airflow/example_dags/example_branch_operator_decorator.py
[2023-12-05T18:09:14.153+0000] {processor.py:829} INFO - Processing file /usr/local/lib/python3.10/dist-packages/airflow/example_dags/example_branch_operator_decorator.py for tasks to queue
[2023-12-05T18:09:14.154+0000] {logging_mixin.py:154} INFO - [2023-12-05T18:09:14.154+0000] {dagbag.py:536} INFO - Filling up the DagBag from /usr/local/lib/python3.10/dist-packages/airflow/example_dags/example_branch_operator_decorator.py
[2023-12-05T18:09:14.166+0000] {processor.py:839} INFO - DAG(s) dict_keys(['example_branch_python_operator_decorator']) retrieved from /usr/local/lib/python3.10/dist-packages/airflow/example_dags/example_branch_operator_decorator.py
[2023-12-05T18:09:14.185+0000] {logging_mixin.py:154} INFO - [2023-12-05T18:09:14.185+0000] {dag.py:2941} INFO - Sync 1 DAGs
[2023-12-05T18:09:14.207+0000] {logging_mixin.py:154} INFO - [2023-12-05T18:09:14.207+0000] {dag.py:3722} INFO - Setting next_dagrun for example_branch_python_operator_decorator to 2023-12-04T00:00:00+00:00, run_after=2023-12-05T00:00:00+00:00
[2023-12-05T18:09:14.232+0000] {processor.py:179} INFO - Processing /usr/local/lib/python3.10/dist-packages/airflow/example_dags/example_branch_operator_decorator.py took 0.083 seconds
[2023-12-05T18:10:03.575+0000] {processor.py:157} INFO - Started process (PID=13675) to work on /usr/local/lib/python3.10/dist-packages/airflow/example_dags/example_branch_operator_decorator.py
[2023-12-05T18:10:03.577+0000] {processor.py:829} INFO - Processing file /usr/local/lib/python3.10/dist-packages/airflow/example_dags/example_branch_operator_decorator.py for tasks to queue
[2023-12-05T18:10:03.578+0000] {logging_mixin.py:154} INFO - [2023-12-05T18:10:03.577+0000] {dagbag.py:536} INFO - Filling up the DagBag from /usr/local/lib/python3.10/dist-packages/airflow/example_dags/example_branch_operator_decorator.py
[2023-12-05T18:10:03.590+0000] {processor.py:839} INFO - DAG(s) dict_keys(['example_branch_python_operator_decorator']) retrieved from /usr/local/lib/python3.10/dist-packages/airflow/example_dags/example_branch_operator_decorator.py
[2023-12-05T18:10:03.612+0000] {logging_mixin.py:154} INFO - [2023-12-05T18:10:03.612+0000] {dag.py:2941} INFO - Sync 1 DAGs
[2023-12-05T18:10:03.638+0000] {logging_mixin.py:154} INFO - [2023-12-05T18:10:03.638+0000] {dag.py:3722} INFO - Setting next_dagrun for example_branch_python_operator_decorator to 2023-12-04T00:00:00+00:00, run_after=2023-12-05T00:00:00+00:00
[2023-12-05T18:10:03.665+0000] {processor.py:179} INFO - Processing /usr/local/lib/python3.10/dist-packages/airflow/example_dags/example_branch_operator_decorator.py took 0.093 seconds
