[2023-12-05T17:46:29.023+0000] {processor.py:157} INFO - Started process (PID=9263) to work on /usr/local/lib/python3.10/dist-packages/airflow/example_dags/example_skip_dag.py
[2023-12-05T17:46:29.024+0000] {processor.py:829} INFO - Processing file /usr/local/lib/python3.10/dist-packages/airflow/example_dags/example_skip_dag.py for tasks to queue
[2023-12-05T17:46:29.026+0000] {logging_mixin.py:154} INFO - [2023-12-05T17:46:29.025+0000] {dagbag.py:536} INFO - Filling up the DagBag from /usr/local/lib/python3.10/dist-packages/airflow/example_dags/example_skip_dag.py
[2023-12-05T17:46:29.044+0000] {processor.py:839} INFO - DAG(s) dict_keys(['example_skip_dag']) retrieved from /usr/local/lib/python3.10/dist-packages/airflow/example_dags/example_skip_dag.py
[2023-12-05T17:46:29.080+0000] {logging_mixin.py:154} INFO - [2023-12-05T17:46:29.079+0000] {dag.py:2941} INFO - Sync 1 DAGs
[2023-12-05T17:46:29.117+0000] {logging_mixin.py:154} INFO - [2023-12-05T17:46:29.117+0000] {dag.py:3722} INFO - Setting next_dagrun for example_skip_dag to 2023-12-04T17:46:29.116637+00:00, run_after=2023-12-05T17:46:29.116637+00:00
[2023-12-05T17:46:29.140+0000] {processor.py:179} INFO - Processing /usr/local/lib/python3.10/dist-packages/airflow/example_dags/example_skip_dag.py took 0.123 seconds
[2023-12-05T17:47:18.498+0000] {processor.py:157} INFO - Started process (PID=9373) to work on /usr/local/lib/python3.10/dist-packages/airflow/example_dags/example_skip_dag.py
[2023-12-05T17:47:18.500+0000] {processor.py:829} INFO - Processing file /usr/local/lib/python3.10/dist-packages/airflow/example_dags/example_skip_dag.py for tasks to queue
[2023-12-05T17:47:18.501+0000] {logging_mixin.py:154} INFO - [2023-12-05T17:47:18.501+0000] {dagbag.py:536} INFO - Filling up the DagBag from /usr/local/lib/python3.10/dist-packages/airflow/example_dags/example_skip_dag.py
[2023-12-05T17:47:18.514+0000] {processor.py:839} INFO - DAG(s) dict_keys(['example_skip_dag']) retrieved from /usr/local/lib/python3.10/dist-packages/airflow/example_dags/example_skip_dag.py
[2023-12-05T17:47:18.535+0000] {logging_mixin.py:154} INFO - [2023-12-05T17:47:18.535+0000] {dag.py:2941} INFO - Sync 1 DAGs
[2023-12-05T17:47:18.559+0000] {logging_mixin.py:154} INFO - [2023-12-05T17:47:18.559+0000] {dag.py:3722} INFO - Setting next_dagrun for example_skip_dag to 2023-12-04T17:47:18.559450+00:00, run_after=2023-12-05T17:47:18.559450+00:00
[2023-12-05T17:47:18.586+0000] {processor.py:179} INFO - Processing /usr/local/lib/python3.10/dist-packages/airflow/example_dags/example_skip_dag.py took 0.091 seconds
[2023-12-05T17:48:06.247+0000] {processor.py:157} INFO - Started process (PID=9486) to work on /usr/local/lib/python3.10/dist-packages/airflow/example_dags/example_skip_dag.py
[2023-12-05T17:48:06.249+0000] {processor.py:829} INFO - Processing file /usr/local/lib/python3.10/dist-packages/airflow/example_dags/example_skip_dag.py for tasks to queue
[2023-12-05T17:48:06.250+0000] {logging_mixin.py:154} INFO - [2023-12-05T17:48:06.249+0000] {dagbag.py:536} INFO - Filling up the DagBag from /usr/local/lib/python3.10/dist-packages/airflow/example_dags/example_skip_dag.py
[2023-12-05T17:48:06.258+0000] {processor.py:839} INFO - DAG(s) dict_keys(['example_skip_dag']) retrieved from /usr/local/lib/python3.10/dist-packages/airflow/example_dags/example_skip_dag.py
[2023-12-05T17:48:06.291+0000] {logging_mixin.py:154} INFO - [2023-12-05T17:48:06.291+0000] {dag.py:2941} INFO - Sync 1 DAGs
[2023-12-05T17:48:06.345+0000] {logging_mixin.py:154} INFO - [2023-12-05T17:48:06.344+0000] {dag.py:3722} INFO - Setting next_dagrun for example_skip_dag to 2023-12-04T17:48:06.341979+00:00, run_after=2023-12-05T17:48:06.341979+00:00
[2023-12-05T17:48:06.390+0000] {processor.py:179} INFO - Processing /usr/local/lib/python3.10/dist-packages/airflow/example_dags/example_skip_dag.py took 0.145 seconds
[2023-12-05T17:49:00.205+0000] {processor.py:157} INFO - Started process (PID=9603) to work on /usr/local/lib/python3.10/dist-packages/airflow/example_dags/example_skip_dag.py
[2023-12-05T17:49:00.208+0000] {processor.py:829} INFO - Processing file /usr/local/lib/python3.10/dist-packages/airflow/example_dags/example_skip_dag.py for tasks to queue
[2023-12-05T17:49:00.209+0000] {logging_mixin.py:154} INFO - [2023-12-05T17:49:00.208+0000] {dagbag.py:536} INFO - Filling up the DagBag from /usr/local/lib/python3.10/dist-packages/airflow/example_dags/example_skip_dag.py
[2023-12-05T17:49:00.219+0000] {processor.py:839} INFO - DAG(s) dict_keys(['example_skip_dag']) retrieved from /usr/local/lib/python3.10/dist-packages/airflow/example_dags/example_skip_dag.py
[2023-12-05T17:49:00.237+0000] {logging_mixin.py:154} INFO - [2023-12-05T17:49:00.237+0000] {dag.py:2941} INFO - Sync 1 DAGs
[2023-12-05T17:49:00.258+0000] {logging_mixin.py:154} INFO - [2023-12-05T17:49:00.258+0000] {dag.py:3722} INFO - Setting next_dagrun for example_skip_dag to 2023-12-04T17:49:00.257827+00:00, run_after=2023-12-05T17:49:00.257827+00:00
[2023-12-05T17:49:00.281+0000] {processor.py:179} INFO - Processing /usr/local/lib/python3.10/dist-packages/airflow/example_dags/example_skip_dag.py took 0.083 seconds
[2023-12-05T17:49:53.276+0000] {processor.py:157} INFO - Started process (PID=9721) to work on /usr/local/lib/python3.10/dist-packages/airflow/example_dags/example_skip_dag.py
[2023-12-05T17:49:53.278+0000] {processor.py:829} INFO - Processing file /usr/local/lib/python3.10/dist-packages/airflow/example_dags/example_skip_dag.py for tasks to queue
[2023-12-05T17:49:53.278+0000] {logging_mixin.py:154} INFO - [2023-12-05T17:49:53.278+0000] {dagbag.py:536} INFO - Filling up the DagBag from /usr/local/lib/python3.10/dist-packages/airflow/example_dags/example_skip_dag.py
[2023-12-05T17:49:53.286+0000] {processor.py:839} INFO - DAG(s) dict_keys(['example_skip_dag']) retrieved from /usr/local/lib/python3.10/dist-packages/airflow/example_dags/example_skip_dag.py
[2023-12-05T17:49:53.309+0000] {logging_mixin.py:154} INFO - [2023-12-05T17:49:53.308+0000] {dag.py:2941} INFO - Sync 1 DAGs
[2023-12-05T17:49:53.327+0000] {logging_mixin.py:154} INFO - [2023-12-05T17:49:53.327+0000] {dag.py:3722} INFO - Setting next_dagrun for example_skip_dag to 2023-12-04T17:49:53.327400+00:00, run_after=2023-12-05T17:49:53.327400+00:00
[2023-12-05T17:49:53.351+0000] {processor.py:179} INFO - Processing /usr/local/lib/python3.10/dist-packages/airflow/example_dags/example_skip_dag.py took 0.079 seconds
[2023-12-05T17:50:46.333+0000] {processor.py:157} INFO - Started process (PID=9843) to work on /usr/local/lib/python3.10/dist-packages/airflow/example_dags/example_skip_dag.py
[2023-12-05T17:50:46.335+0000] {processor.py:829} INFO - Processing file /usr/local/lib/python3.10/dist-packages/airflow/example_dags/example_skip_dag.py for tasks to queue
[2023-12-05T17:50:46.336+0000] {logging_mixin.py:154} INFO - [2023-12-05T17:50:46.336+0000] {dagbag.py:536} INFO - Filling up the DagBag from /usr/local/lib/python3.10/dist-packages/airflow/example_dags/example_skip_dag.py
[2023-12-05T17:50:46.344+0000] {processor.py:839} INFO - DAG(s) dict_keys(['example_skip_dag']) retrieved from /usr/local/lib/python3.10/dist-packages/airflow/example_dags/example_skip_dag.py
[2023-12-05T17:50:46.368+0000] {logging_mixin.py:154} INFO - [2023-12-05T17:50:46.366+0000] {dag.py:2941} INFO - Sync 1 DAGs
[2023-12-05T17:50:46.396+0000] {logging_mixin.py:154} INFO - [2023-12-05T17:50:46.396+0000] {dag.py:3722} INFO - Setting next_dagrun for example_skip_dag to 2023-12-04T17:50:46.396378+00:00, run_after=2023-12-05T17:50:46.396378+00:00
[2023-12-05T17:50:46.426+0000] {processor.py:179} INFO - Processing /usr/local/lib/python3.10/dist-packages/airflow/example_dags/example_skip_dag.py took 0.098 seconds
[2023-12-05T17:51:39.046+0000] {processor.py:157} INFO - Started process (PID=10020) to work on /usr/local/lib/python3.10/dist-packages/airflow/example_dags/example_skip_dag.py
[2023-12-05T17:51:39.047+0000] {processor.py:829} INFO - Processing file /usr/local/lib/python3.10/dist-packages/airflow/example_dags/example_skip_dag.py for tasks to queue
[2023-12-05T17:51:39.048+0000] {logging_mixin.py:154} INFO - [2023-12-05T17:51:39.048+0000] {dagbag.py:536} INFO - Filling up the DagBag from /usr/local/lib/python3.10/dist-packages/airflow/example_dags/example_skip_dag.py
[2023-12-05T17:51:39.064+0000] {processor.py:839} INFO - DAG(s) dict_keys(['example_skip_dag']) retrieved from /usr/local/lib/python3.10/dist-packages/airflow/example_dags/example_skip_dag.py
[2023-12-05T17:51:39.091+0000] {logging_mixin.py:154} INFO - [2023-12-05T17:51:39.090+0000] {dag.py:2941} INFO - Sync 1 DAGs
[2023-12-05T17:51:39.114+0000] {logging_mixin.py:154} INFO - [2023-12-05T17:51:39.113+0000] {dag.py:3722} INFO - Setting next_dagrun for example_skip_dag to 2023-12-04T17:51:39.113601+00:00, run_after=2023-12-05T17:51:39.113601+00:00
[2023-12-05T17:51:39.142+0000] {processor.py:179} INFO - Processing /usr/local/lib/python3.10/dist-packages/airflow/example_dags/example_skip_dag.py took 0.100 seconds
[2023-12-05T17:52:29.371+0000] {processor.py:157} INFO - Started process (PID=10138) to work on /usr/local/lib/python3.10/dist-packages/airflow/example_dags/example_skip_dag.py
[2023-12-05T17:52:29.372+0000] {processor.py:829} INFO - Processing file /usr/local/lib/python3.10/dist-packages/airflow/example_dags/example_skip_dag.py for tasks to queue
[2023-12-05T17:52:29.374+0000] {logging_mixin.py:154} INFO - [2023-12-05T17:52:29.373+0000] {dagbag.py:536} INFO - Filling up the DagBag from /usr/local/lib/python3.10/dist-packages/airflow/example_dags/example_skip_dag.py
[2023-12-05T17:52:29.385+0000] {processor.py:839} INFO - DAG(s) dict_keys(['example_skip_dag']) retrieved from /usr/local/lib/python3.10/dist-packages/airflow/example_dags/example_skip_dag.py
[2023-12-05T17:52:29.410+0000] {logging_mixin.py:154} INFO - [2023-12-05T17:52:29.410+0000] {dag.py:2941} INFO - Sync 1 DAGs
[2023-12-05T17:52:29.434+0000] {logging_mixin.py:154} INFO - [2023-12-05T17:52:29.433+0000] {dag.py:3722} INFO - Setting next_dagrun for example_skip_dag to 2023-12-04T17:52:29.433586+00:00, run_after=2023-12-05T17:52:29.433586+00:00
[2023-12-05T17:52:29.462+0000] {processor.py:179} INFO - Processing /usr/local/lib/python3.10/dist-packages/airflow/example_dags/example_skip_dag.py took 0.098 seconds
[2023-12-05T17:53:21.053+0000] {processor.py:157} INFO - Started process (PID=10318) to work on /usr/local/lib/python3.10/dist-packages/airflow/example_dags/example_skip_dag.py
[2023-12-05T17:53:21.054+0000] {processor.py:829} INFO - Processing file /usr/local/lib/python3.10/dist-packages/airflow/example_dags/example_skip_dag.py for tasks to queue
[2023-12-05T17:53:21.055+0000] {logging_mixin.py:154} INFO - [2023-12-05T17:53:21.055+0000] {dagbag.py:536} INFO - Filling up the DagBag from /usr/local/lib/python3.10/dist-packages/airflow/example_dags/example_skip_dag.py
[2023-12-05T17:53:21.063+0000] {processor.py:839} INFO - DAG(s) dict_keys(['example_skip_dag']) retrieved from /usr/local/lib/python3.10/dist-packages/airflow/example_dags/example_skip_dag.py
[2023-12-05T17:53:21.081+0000] {logging_mixin.py:154} INFO - [2023-12-05T17:53:21.081+0000] {dag.py:2941} INFO - Sync 1 DAGs
[2023-12-05T17:53:21.103+0000] {logging_mixin.py:154} INFO - [2023-12-05T17:53:21.103+0000] {dag.py:3722} INFO - Setting next_dagrun for example_skip_dag to 2023-12-04T17:53:21.103328+00:00, run_after=2023-12-05T17:53:21.103328+00:00
[2023-12-05T17:53:21.129+0000] {processor.py:179} INFO - Processing /usr/local/lib/python3.10/dist-packages/airflow/example_dags/example_skip_dag.py took 0.081 seconds
[2023-12-05T17:54:10.807+0000] {processor.py:157} INFO - Started process (PID=10435) to work on /usr/local/lib/python3.10/dist-packages/airflow/example_dags/example_skip_dag.py
[2023-12-05T17:54:10.809+0000] {processor.py:829} INFO - Processing file /usr/local/lib/python3.10/dist-packages/airflow/example_dags/example_skip_dag.py for tasks to queue
[2023-12-05T17:54:10.809+0000] {logging_mixin.py:154} INFO - [2023-12-05T17:54:10.809+0000] {dagbag.py:536} INFO - Filling up the DagBag from /usr/local/lib/python3.10/dist-packages/airflow/example_dags/example_skip_dag.py
[2023-12-05T17:54:10.817+0000] {processor.py:839} INFO - DAG(s) dict_keys(['example_skip_dag']) retrieved from /usr/local/lib/python3.10/dist-packages/airflow/example_dags/example_skip_dag.py
[2023-12-05T17:54:10.838+0000] {logging_mixin.py:154} INFO - [2023-12-05T17:54:10.838+0000] {dag.py:2941} INFO - Sync 1 DAGs
[2023-12-05T17:54:10.861+0000] {logging_mixin.py:154} INFO - [2023-12-05T17:54:10.861+0000] {dag.py:3722} INFO - Setting next_dagrun for example_skip_dag to 2023-12-04T17:54:10.861090+00:00, run_after=2023-12-05T17:54:10.861090+00:00
[2023-12-05T17:54:10.888+0000] {processor.py:179} INFO - Processing /usr/local/lib/python3.10/dist-packages/airflow/example_dags/example_skip_dag.py took 0.084 seconds
[2023-12-05T17:55:03.399+0000] {processor.py:157} INFO - Started process (PID=10493) to work on /usr/local/lib/python3.10/dist-packages/airflow/example_dags/example_skip_dag.py
[2023-12-05T17:55:03.400+0000] {processor.py:829} INFO - Processing file /usr/local/lib/python3.10/dist-packages/airflow/example_dags/example_skip_dag.py for tasks to queue
[2023-12-05T17:55:03.401+0000] {logging_mixin.py:154} INFO - [2023-12-05T17:55:03.401+0000] {dagbag.py:536} INFO - Filling up the DagBag from /usr/local/lib/python3.10/dist-packages/airflow/example_dags/example_skip_dag.py
[2023-12-05T17:55:03.410+0000] {processor.py:839} INFO - DAG(s) dict_keys(['example_skip_dag']) retrieved from /usr/local/lib/python3.10/dist-packages/airflow/example_dags/example_skip_dag.py
[2023-12-05T17:55:03.430+0000] {logging_mixin.py:154} INFO - [2023-12-05T17:55:03.430+0000] {dag.py:2941} INFO - Sync 1 DAGs
[2023-12-05T17:55:03.451+0000] {logging_mixin.py:154} INFO - [2023-12-05T17:55:03.451+0000] {dag.py:3722} INFO - Setting next_dagrun for example_skip_dag to 2023-12-04T17:55:03.450986+00:00, run_after=2023-12-05T17:55:03.450986+00:00
[2023-12-05T17:55:03.478+0000] {processor.py:179} INFO - Processing /usr/local/lib/python3.10/dist-packages/airflow/example_dags/example_skip_dag.py took 0.082 seconds
[2023-12-05T17:55:55.515+0000] {processor.py:157} INFO - Started process (PID=10613) to work on /usr/local/lib/python3.10/dist-packages/airflow/example_dags/example_skip_dag.py
[2023-12-05T17:55:55.517+0000] {processor.py:829} INFO - Processing file /usr/local/lib/python3.10/dist-packages/airflow/example_dags/example_skip_dag.py for tasks to queue
[2023-12-05T17:55:55.519+0000] {logging_mixin.py:154} INFO - [2023-12-05T17:55:55.518+0000] {dagbag.py:536} INFO - Filling up the DagBag from /usr/local/lib/python3.10/dist-packages/airflow/example_dags/example_skip_dag.py
[2023-12-05T17:55:55.531+0000] {processor.py:839} INFO - DAG(s) dict_keys(['example_skip_dag']) retrieved from /usr/local/lib/python3.10/dist-packages/airflow/example_dags/example_skip_dag.py
[2023-12-05T17:55:55.567+0000] {logging_mixin.py:154} INFO - [2023-12-05T17:55:55.566+0000] {dag.py:2941} INFO - Sync 1 DAGs
[2023-12-05T17:55:55.597+0000] {logging_mixin.py:154} INFO - [2023-12-05T17:55:55.597+0000] {dag.py:3722} INFO - Setting next_dagrun for example_skip_dag to 2023-12-04T17:55:55.596991+00:00, run_after=2023-12-05T17:55:55.596991+00:00
[2023-12-05T17:55:55.634+0000] {processor.py:179} INFO - Processing /usr/local/lib/python3.10/dist-packages/airflow/example_dags/example_skip_dag.py took 0.123 seconds
[2023-12-05T17:56:45.538+0000] {processor.py:157} INFO - Started process (PID=10791) to work on /usr/local/lib/python3.10/dist-packages/airflow/example_dags/example_skip_dag.py
[2023-12-05T17:56:45.539+0000] {processor.py:829} INFO - Processing file /usr/local/lib/python3.10/dist-packages/airflow/example_dags/example_skip_dag.py for tasks to queue
[2023-12-05T17:56:45.541+0000] {logging_mixin.py:154} INFO - [2023-12-05T17:56:45.540+0000] {dagbag.py:536} INFO - Filling up the DagBag from /usr/local/lib/python3.10/dist-packages/airflow/example_dags/example_skip_dag.py
[2023-12-05T17:56:45.551+0000] {processor.py:839} INFO - DAG(s) dict_keys(['example_skip_dag']) retrieved from /usr/local/lib/python3.10/dist-packages/airflow/example_dags/example_skip_dag.py
[2023-12-05T17:56:45.571+0000] {logging_mixin.py:154} INFO - [2023-12-05T17:56:45.570+0000] {dag.py:2941} INFO - Sync 1 DAGs
[2023-12-05T17:56:45.598+0000] {logging_mixin.py:154} INFO - [2023-12-05T17:56:45.598+0000] {dag.py:3722} INFO - Setting next_dagrun for example_skip_dag to 2023-12-04T17:56:45.597749+00:00, run_after=2023-12-05T17:56:45.597749+00:00
[2023-12-05T17:56:45.622+0000] {processor.py:179} INFO - Processing /usr/local/lib/python3.10/dist-packages/airflow/example_dags/example_skip_dag.py took 0.088 seconds
[2023-12-05T17:57:42.530+0000] {processor.py:157} INFO - Started process (PID=10913) to work on /usr/local/lib/python3.10/dist-packages/airflow/example_dags/example_skip_dag.py
[2023-12-05T17:57:42.532+0000] {processor.py:829} INFO - Processing file /usr/local/lib/python3.10/dist-packages/airflow/example_dags/example_skip_dag.py for tasks to queue
[2023-12-05T17:57:42.533+0000] {logging_mixin.py:154} INFO - [2023-12-05T17:57:42.533+0000] {dagbag.py:536} INFO - Filling up the DagBag from /usr/local/lib/python3.10/dist-packages/airflow/example_dags/example_skip_dag.py
[2023-12-05T17:57:42.546+0000] {processor.py:839} INFO - DAG(s) dict_keys(['example_skip_dag']) retrieved from /usr/local/lib/python3.10/dist-packages/airflow/example_dags/example_skip_dag.py
[2023-12-05T17:57:42.573+0000] {logging_mixin.py:154} INFO - [2023-12-05T17:57:42.573+0000] {dag.py:2941} INFO - Sync 1 DAGs
[2023-12-05T17:57:42.596+0000] {logging_mixin.py:154} INFO - [2023-12-05T17:57:42.596+0000] {dag.py:3722} INFO - Setting next_dagrun for example_skip_dag to 2023-12-04T17:57:42.595750+00:00, run_after=2023-12-05T17:57:42.595750+00:00
[2023-12-05T17:57:42.625+0000] {processor.py:179} INFO - Processing /usr/local/lib/python3.10/dist-packages/airflow/example_dags/example_skip_dag.py took 0.098 seconds
[2023-12-05T17:58:37.912+0000] {processor.py:157} INFO - Started process (PID=11044) to work on /usr/local/lib/python3.10/dist-packages/airflow/example_dags/example_skip_dag.py
[2023-12-05T17:58:37.914+0000] {processor.py:829} INFO - Processing file /usr/local/lib/python3.10/dist-packages/airflow/example_dags/example_skip_dag.py for tasks to queue
[2023-12-05T17:58:37.915+0000] {logging_mixin.py:154} INFO - [2023-12-05T17:58:37.914+0000] {dagbag.py:536} INFO - Filling up the DagBag from /usr/local/lib/python3.10/dist-packages/airflow/example_dags/example_skip_dag.py
[2023-12-05T17:58:37.923+0000] {processor.py:839} INFO - DAG(s) dict_keys(['example_skip_dag']) retrieved from /usr/local/lib/python3.10/dist-packages/airflow/example_dags/example_skip_dag.py
[2023-12-05T17:58:37.945+0000] {logging_mixin.py:154} INFO - [2023-12-05T17:58:37.945+0000] {dag.py:2941} INFO - Sync 1 DAGs
[2023-12-05T17:58:37.978+0000] {logging_mixin.py:154} INFO - [2023-12-05T17:58:37.978+0000] {dag.py:3722} INFO - Setting next_dagrun for example_skip_dag to 2023-12-04T17:58:37.977746+00:00, run_after=2023-12-05T17:58:37.977746+00:00
[2023-12-05T17:58:38.003+0000] {processor.py:179} INFO - Processing /usr/local/lib/python3.10/dist-packages/airflow/example_dags/example_skip_dag.py took 0.096 seconds
[2023-12-05T17:59:28.294+0000] {processor.py:157} INFO - Started process (PID=11162) to work on /usr/local/lib/python3.10/dist-packages/airflow/example_dags/example_skip_dag.py
[2023-12-05T17:59:28.295+0000] {processor.py:829} INFO - Processing file /usr/local/lib/python3.10/dist-packages/airflow/example_dags/example_skip_dag.py for tasks to queue
[2023-12-05T17:59:28.296+0000] {logging_mixin.py:154} INFO - [2023-12-05T17:59:28.296+0000] {dagbag.py:536} INFO - Filling up the DagBag from /usr/local/lib/python3.10/dist-packages/airflow/example_dags/example_skip_dag.py
[2023-12-05T17:59:28.303+0000] {processor.py:839} INFO - DAG(s) dict_keys(['example_skip_dag']) retrieved from /usr/local/lib/python3.10/dist-packages/airflow/example_dags/example_skip_dag.py
[2023-12-05T17:59:28.320+0000] {logging_mixin.py:154} INFO - [2023-12-05T17:59:28.320+0000] {dag.py:2941} INFO - Sync 1 DAGs
[2023-12-05T17:59:28.339+0000] {logging_mixin.py:154} INFO - [2023-12-05T17:59:28.338+0000] {dag.py:3722} INFO - Setting next_dagrun for example_skip_dag to 2023-12-04T17:59:28.338458+00:00, run_after=2023-12-05T17:59:28.338458+00:00
[2023-12-05T17:59:28.362+0000] {processor.py:179} INFO - Processing /usr/local/lib/python3.10/dist-packages/airflow/example_dags/example_skip_dag.py took 0.071 seconds
[2023-12-05T18:00:20.699+0000] {processor.py:157} INFO - Started process (PID=11281) to work on /usr/local/lib/python3.10/dist-packages/airflow/example_dags/example_skip_dag.py
[2023-12-05T18:00:20.700+0000] {processor.py:829} INFO - Processing file /usr/local/lib/python3.10/dist-packages/airflow/example_dags/example_skip_dag.py for tasks to queue
[2023-12-05T18:00:20.702+0000] {logging_mixin.py:154} INFO - [2023-12-05T18:00:20.701+0000] {dagbag.py:536} INFO - Filling up the DagBag from /usr/local/lib/python3.10/dist-packages/airflow/example_dags/example_skip_dag.py
[2023-12-05T18:00:20.711+0000] {processor.py:839} INFO - DAG(s) dict_keys(['example_skip_dag']) retrieved from /usr/local/lib/python3.10/dist-packages/airflow/example_dags/example_skip_dag.py
[2023-12-05T18:00:20.734+0000] {logging_mixin.py:154} INFO - [2023-12-05T18:00:20.734+0000] {dag.py:2941} INFO - Sync 1 DAGs
[2023-12-05T18:00:20.765+0000] {logging_mixin.py:154} INFO - [2023-12-05T18:00:20.765+0000] {dag.py:3722} INFO - Setting next_dagrun for example_skip_dag to 2023-12-04T18:00:20.764099+00:00, run_after=2023-12-05T18:00:20.764099+00:00
[2023-12-05T18:00:20.804+0000] {processor.py:179} INFO - Processing /usr/local/lib/python3.10/dist-packages/airflow/example_dags/example_skip_dag.py took 0.109 seconds
[2023-12-05T18:01:10.012+0000] {processor.py:157} INFO - Started process (PID=11422) to work on /usr/local/lib/python3.10/dist-packages/airflow/example_dags/example_skip_dag.py
[2023-12-05T18:01:10.013+0000] {processor.py:829} INFO - Processing file /usr/local/lib/python3.10/dist-packages/airflow/example_dags/example_skip_dag.py for tasks to queue
[2023-12-05T18:01:10.014+0000] {logging_mixin.py:154} INFO - [2023-12-05T18:01:10.014+0000] {dagbag.py:536} INFO - Filling up the DagBag from /usr/local/lib/python3.10/dist-packages/airflow/example_dags/example_skip_dag.py
[2023-12-05T18:01:10.023+0000] {processor.py:839} INFO - DAG(s) dict_keys(['example_skip_dag']) retrieved from /usr/local/lib/python3.10/dist-packages/airflow/example_dags/example_skip_dag.py
[2023-12-05T18:01:10.043+0000] {logging_mixin.py:154} INFO - [2023-12-05T18:01:10.043+0000] {dag.py:2941} INFO - Sync 1 DAGs
[2023-12-05T18:01:10.074+0000] {logging_mixin.py:154} INFO - [2023-12-05T18:01:10.074+0000] {dag.py:3722} INFO - Setting next_dagrun for example_skip_dag to 2023-12-04T18:01:10.074498+00:00, run_after=2023-12-05T18:01:10.074498+00:00
[2023-12-05T18:01:10.102+0000] {processor.py:179} INFO - Processing /usr/local/lib/python3.10/dist-packages/airflow/example_dags/example_skip_dag.py took 0.093 seconds
[2023-12-05T18:01:57.885+0000] {processor.py:157} INFO - Started process (PID=11514) to work on /usr/local/lib/python3.10/dist-packages/airflow/example_dags/example_skip_dag.py
[2023-12-05T18:01:57.886+0000] {processor.py:829} INFO - Processing file /usr/local/lib/python3.10/dist-packages/airflow/example_dags/example_skip_dag.py for tasks to queue
[2023-12-05T18:01:57.887+0000] {logging_mixin.py:154} INFO - [2023-12-05T18:01:57.887+0000] {dagbag.py:536} INFO - Filling up the DagBag from /usr/local/lib/python3.10/dist-packages/airflow/example_dags/example_skip_dag.py
[2023-12-05T18:01:57.894+0000] {processor.py:839} INFO - DAG(s) dict_keys(['example_skip_dag']) retrieved from /usr/local/lib/python3.10/dist-packages/airflow/example_dags/example_skip_dag.py
[2023-12-05T18:01:57.919+0000] {logging_mixin.py:154} INFO - [2023-12-05T18:01:57.918+0000] {dag.py:2941} INFO - Sync 1 DAGs
[2023-12-05T18:01:57.940+0000] {logging_mixin.py:154} INFO - [2023-12-05T18:01:57.940+0000] {dag.py:3722} INFO - Setting next_dagrun for example_skip_dag to 2023-12-04T18:01:57.940282+00:00, run_after=2023-12-05T18:01:57.940282+00:00
[2023-12-05T18:01:57.964+0000] {processor.py:179} INFO - Processing /usr/local/lib/python3.10/dist-packages/airflow/example_dags/example_skip_dag.py took 0.083 seconds
[2023-12-05T18:02:49.111+0000] {processor.py:157} INFO - Started process (PID=11634) to work on /usr/local/lib/python3.10/dist-packages/airflow/example_dags/example_skip_dag.py
[2023-12-05T18:02:49.113+0000] {processor.py:829} INFO - Processing file /usr/local/lib/python3.10/dist-packages/airflow/example_dags/example_skip_dag.py for tasks to queue
[2023-12-05T18:02:49.114+0000] {logging_mixin.py:154} INFO - [2023-12-05T18:02:49.114+0000] {dagbag.py:536} INFO - Filling up the DagBag from /usr/local/lib/python3.10/dist-packages/airflow/example_dags/example_skip_dag.py
[2023-12-05T18:02:49.124+0000] {processor.py:839} INFO - DAG(s) dict_keys(['example_skip_dag']) retrieved from /usr/local/lib/python3.10/dist-packages/airflow/example_dags/example_skip_dag.py
[2023-12-05T18:02:49.151+0000] {logging_mixin.py:154} INFO - [2023-12-05T18:02:49.151+0000] {dag.py:2941} INFO - Sync 1 DAGs
[2023-12-05T18:02:49.173+0000] {logging_mixin.py:154} INFO - [2023-12-05T18:02:49.172+0000] {dag.py:3722} INFO - Setting next_dagrun for example_skip_dag to 2023-12-04T18:02:49.172674+00:00, run_after=2023-12-05T18:02:49.172674+00:00
[2023-12-05T18:02:49.197+0000] {processor.py:179} INFO - Processing /usr/local/lib/python3.10/dist-packages/airflow/example_dags/example_skip_dag.py took 0.090 seconds
[2023-12-05T18:03:39.868+0000] {processor.py:157} INFO - Started process (PID=11750) to work on /usr/local/lib/python3.10/dist-packages/airflow/example_dags/example_skip_dag.py
[2023-12-05T18:03:39.870+0000] {processor.py:829} INFO - Processing file /usr/local/lib/python3.10/dist-packages/airflow/example_dags/example_skip_dag.py for tasks to queue
[2023-12-05T18:03:39.871+0000] {logging_mixin.py:154} INFO - [2023-12-05T18:03:39.871+0000] {dagbag.py:536} INFO - Filling up the DagBag from /usr/local/lib/python3.10/dist-packages/airflow/example_dags/example_skip_dag.py
[2023-12-05T18:03:39.879+0000] {processor.py:839} INFO - DAG(s) dict_keys(['example_skip_dag']) retrieved from /usr/local/lib/python3.10/dist-packages/airflow/example_dags/example_skip_dag.py
[2023-12-05T18:03:39.899+0000] {logging_mixin.py:154} INFO - [2023-12-05T18:03:39.899+0000] {dag.py:2941} INFO - Sync 1 DAGs
[2023-12-05T18:03:39.920+0000] {logging_mixin.py:154} INFO - [2023-12-05T18:03:39.920+0000] {dag.py:3722} INFO - Setting next_dagrun for example_skip_dag to 2023-12-04T18:03:39.920314+00:00, run_after=2023-12-05T18:03:39.920314+00:00
[2023-12-05T18:03:39.945+0000] {processor.py:179} INFO - Processing /usr/local/lib/python3.10/dist-packages/airflow/example_dags/example_skip_dag.py took 0.080 seconds
[2023-12-05T18:04:28.804+0000] {processor.py:157} INFO - Started process (PID=11870) to work on /usr/local/lib/python3.10/dist-packages/airflow/example_dags/example_skip_dag.py
[2023-12-05T18:04:28.807+0000] {processor.py:829} INFO - Processing file /usr/local/lib/python3.10/dist-packages/airflow/example_dags/example_skip_dag.py for tasks to queue
[2023-12-05T18:04:28.808+0000] {logging_mixin.py:154} INFO - [2023-12-05T18:04:28.807+0000] {dagbag.py:536} INFO - Filling up the DagBag from /usr/local/lib/python3.10/dist-packages/airflow/example_dags/example_skip_dag.py
[2023-12-05T18:04:28.822+0000] {processor.py:839} INFO - DAG(s) dict_keys(['example_skip_dag']) retrieved from /usr/local/lib/python3.10/dist-packages/airflow/example_dags/example_skip_dag.py
[2023-12-05T18:04:28.841+0000] {logging_mixin.py:154} INFO - [2023-12-05T18:04:28.841+0000] {dag.py:2941} INFO - Sync 1 DAGs
[2023-12-05T18:04:28.861+0000] {logging_mixin.py:154} INFO - [2023-12-05T18:04:28.860+0000] {dag.py:3722} INFO - Setting next_dagrun for example_skip_dag to 2023-12-04T18:04:28.860617+00:00, run_after=2023-12-05T18:04:28.860617+00:00
[2023-12-05T18:04:28.885+0000] {processor.py:179} INFO - Processing /usr/local/lib/python3.10/dist-packages/airflow/example_dags/example_skip_dag.py took 0.085 seconds
[2023-12-05T18:05:21.464+0000] {processor.py:157} INFO - Started process (PID=12442) to work on /usr/local/lib/python3.10/dist-packages/airflow/example_dags/example_skip_dag.py
[2023-12-05T18:05:21.466+0000] {processor.py:829} INFO - Processing file /usr/local/lib/python3.10/dist-packages/airflow/example_dags/example_skip_dag.py for tasks to queue
[2023-12-05T18:05:21.467+0000] {logging_mixin.py:154} INFO - [2023-12-05T18:05:21.466+0000] {dagbag.py:536} INFO - Filling up the DagBag from /usr/local/lib/python3.10/dist-packages/airflow/example_dags/example_skip_dag.py
[2023-12-05T18:05:21.475+0000] {processor.py:839} INFO - DAG(s) dict_keys(['example_skip_dag']) retrieved from /usr/local/lib/python3.10/dist-packages/airflow/example_dags/example_skip_dag.py
[2023-12-05T18:05:21.494+0000] {logging_mixin.py:154} INFO - [2023-12-05T18:05:21.494+0000] {dag.py:2941} INFO - Sync 1 DAGs
[2023-12-05T18:05:21.519+0000] {logging_mixin.py:154} INFO - [2023-12-05T18:05:21.519+0000] {dag.py:3722} INFO - Setting next_dagrun for example_skip_dag to 2023-12-04T18:05:21.519395+00:00, run_after=2023-12-05T18:05:21.519395+00:00
[2023-12-05T18:05:21.547+0000] {processor.py:179} INFO - Processing /usr/local/lib/python3.10/dist-packages/airflow/example_dags/example_skip_dag.py took 0.087 seconds
[2023-12-05T18:06:12.129+0000] {processor.py:157} INFO - Started process (PID=12735) to work on /usr/local/lib/python3.10/dist-packages/airflow/example_dags/example_skip_dag.py
[2023-12-05T18:06:12.130+0000] {processor.py:829} INFO - Processing file /usr/local/lib/python3.10/dist-packages/airflow/example_dags/example_skip_dag.py for tasks to queue
[2023-12-05T18:06:12.132+0000] {logging_mixin.py:154} INFO - [2023-12-05T18:06:12.131+0000] {dagbag.py:536} INFO - Filling up the DagBag from /usr/local/lib/python3.10/dist-packages/airflow/example_dags/example_skip_dag.py
[2023-12-05T18:06:12.139+0000] {processor.py:839} INFO - DAG(s) dict_keys(['example_skip_dag']) retrieved from /usr/local/lib/python3.10/dist-packages/airflow/example_dags/example_skip_dag.py
[2023-12-05T18:06:12.156+0000] {logging_mixin.py:154} INFO - [2023-12-05T18:06:12.155+0000] {dag.py:2941} INFO - Sync 1 DAGs
[2023-12-05T18:06:12.174+0000] {logging_mixin.py:154} INFO - [2023-12-05T18:06:12.173+0000] {dag.py:3722} INFO - Setting next_dagrun for example_skip_dag to 2023-12-04T18:06:12.173726+00:00, run_after=2023-12-05T18:06:12.173726+00:00
[2023-12-05T18:06:12.201+0000] {processor.py:179} INFO - Processing /usr/local/lib/python3.10/dist-packages/airflow/example_dags/example_skip_dag.py took 0.075 seconds
[2023-12-05T18:07:05.631+0000] {processor.py:157} INFO - Started process (PID=12980) to work on /usr/local/lib/python3.10/dist-packages/airflow/example_dags/example_skip_dag.py
[2023-12-05T18:07:05.632+0000] {processor.py:829} INFO - Processing file /usr/local/lib/python3.10/dist-packages/airflow/example_dags/example_skip_dag.py for tasks to queue
[2023-12-05T18:07:05.633+0000] {logging_mixin.py:154} INFO - [2023-12-05T18:07:05.633+0000] {dagbag.py:536} INFO - Filling up the DagBag from /usr/local/lib/python3.10/dist-packages/airflow/example_dags/example_skip_dag.py
[2023-12-05T18:07:05.641+0000] {processor.py:839} INFO - DAG(s) dict_keys(['example_skip_dag']) retrieved from /usr/local/lib/python3.10/dist-packages/airflow/example_dags/example_skip_dag.py
[2023-12-05T18:07:05.669+0000] {logging_mixin.py:154} INFO - [2023-12-05T18:07:05.669+0000] {dag.py:2941} INFO - Sync 1 DAGs
[2023-12-05T18:07:05.695+0000] {logging_mixin.py:154} INFO - [2023-12-05T18:07:05.695+0000] {dag.py:3722} INFO - Setting next_dagrun for example_skip_dag to 2023-12-04T18:07:05.695073+00:00, run_after=2023-12-05T18:07:05.695073+00:00
[2023-12-05T18:07:05.733+0000] {processor.py:179} INFO - Processing /usr/local/lib/python3.10/dist-packages/airflow/example_dags/example_skip_dag.py took 0.107 seconds
[2023-12-05T18:08:00.090+0000] {processor.py:157} INFO - Started process (PID=13108) to work on /usr/local/lib/python3.10/dist-packages/airflow/example_dags/example_skip_dag.py
[2023-12-05T18:08:00.093+0000] {processor.py:829} INFO - Processing file /usr/local/lib/python3.10/dist-packages/airflow/example_dags/example_skip_dag.py for tasks to queue
[2023-12-05T18:08:00.094+0000] {logging_mixin.py:154} INFO - [2023-12-05T18:08:00.093+0000] {dagbag.py:536} INFO - Filling up the DagBag from /usr/local/lib/python3.10/dist-packages/airflow/example_dags/example_skip_dag.py
[2023-12-05T18:08:00.111+0000] {processor.py:839} INFO - DAG(s) dict_keys(['example_skip_dag']) retrieved from /usr/local/lib/python3.10/dist-packages/airflow/example_dags/example_skip_dag.py
[2023-12-05T18:08:00.141+0000] {logging_mixin.py:154} INFO - [2023-12-05T18:08:00.141+0000] {dag.py:2941} INFO - Sync 1 DAGs
[2023-12-05T18:08:00.166+0000] {logging_mixin.py:154} INFO - [2023-12-05T18:08:00.166+0000] {dag.py:3722} INFO - Setting next_dagrun for example_skip_dag to 2023-12-04T18:08:00.166333+00:00, run_after=2023-12-05T18:08:00.166333+00:00
[2023-12-05T18:08:00.193+0000] {processor.py:179} INFO - Processing /usr/local/lib/python3.10/dist-packages/airflow/example_dags/example_skip_dag.py took 0.109 seconds
[2023-12-05T18:08:49.481+0000] {processor.py:157} INFO - Started process (PID=13464) to work on /usr/local/lib/python3.10/dist-packages/airflow/example_dags/example_skip_dag.py
[2023-12-05T18:08:49.483+0000] {processor.py:829} INFO - Processing file /usr/local/lib/python3.10/dist-packages/airflow/example_dags/example_skip_dag.py for tasks to queue
[2023-12-05T18:08:49.488+0000] {logging_mixin.py:154} INFO - [2023-12-05T18:08:49.487+0000] {dagbag.py:536} INFO - Filling up the DagBag from /usr/local/lib/python3.10/dist-packages/airflow/example_dags/example_skip_dag.py
[2023-12-05T18:08:49.499+0000] {processor.py:839} INFO - DAG(s) dict_keys(['example_skip_dag']) retrieved from /usr/local/lib/python3.10/dist-packages/airflow/example_dags/example_skip_dag.py
[2023-12-05T18:08:49.524+0000] {logging_mixin.py:154} INFO - [2023-12-05T18:08:49.523+0000] {dag.py:2941} INFO - Sync 1 DAGs
[2023-12-05T18:08:49.555+0000] {logging_mixin.py:154} INFO - [2023-12-05T18:08:49.554+0000] {dag.py:3722} INFO - Setting next_dagrun for example_skip_dag to 2023-12-04T18:08:49.554220+00:00, run_after=2023-12-05T18:08:49.554220+00:00
[2023-12-05T18:08:49.601+0000] {processor.py:179} INFO - Processing /usr/local/lib/python3.10/dist-packages/airflow/example_dags/example_skip_dag.py took 0.125 seconds
[2023-12-05T18:09:35.940+0000] {processor.py:157} INFO - Started process (PID=13641) to work on /usr/local/lib/python3.10/dist-packages/airflow/example_dags/example_skip_dag.py
[2023-12-05T18:09:35.941+0000] {processor.py:829} INFO - Processing file /usr/local/lib/python3.10/dist-packages/airflow/example_dags/example_skip_dag.py for tasks to queue
[2023-12-05T18:09:35.943+0000] {logging_mixin.py:154} INFO - [2023-12-05T18:09:35.942+0000] {dagbag.py:536} INFO - Filling up the DagBag from /usr/local/lib/python3.10/dist-packages/airflow/example_dags/example_skip_dag.py
[2023-12-05T18:09:35.954+0000] {processor.py:839} INFO - DAG(s) dict_keys(['example_skip_dag']) retrieved from /usr/local/lib/python3.10/dist-packages/airflow/example_dags/example_skip_dag.py
[2023-12-05T18:09:35.982+0000] {logging_mixin.py:154} INFO - [2023-12-05T18:09:35.982+0000] {dag.py:2941} INFO - Sync 1 DAGs
[2023-12-05T18:09:36.002+0000] {logging_mixin.py:154} INFO - [2023-12-05T18:09:36.002+0000] {dag.py:3722} INFO - Setting next_dagrun for example_skip_dag to 2023-12-04T18:09:36.001983+00:00, run_after=2023-12-05T18:09:36.001983+00:00
[2023-12-05T18:09:36.028+0000] {processor.py:179} INFO - Processing /usr/local/lib/python3.10/dist-packages/airflow/example_dags/example_skip_dag.py took 0.091 seconds
[2023-12-05T18:10:23.011+0000] {processor.py:157} INFO - Started process (PID=13758) to work on /usr/local/lib/python3.10/dist-packages/airflow/example_dags/example_skip_dag.py
[2023-12-05T18:10:23.012+0000] {processor.py:829} INFO - Processing file /usr/local/lib/python3.10/dist-packages/airflow/example_dags/example_skip_dag.py for tasks to queue
[2023-12-05T18:10:23.013+0000] {logging_mixin.py:154} INFO - [2023-12-05T18:10:23.013+0000] {dagbag.py:536} INFO - Filling up the DagBag from /usr/local/lib/python3.10/dist-packages/airflow/example_dags/example_skip_dag.py
[2023-12-05T18:10:23.021+0000] {processor.py:839} INFO - DAG(s) dict_keys(['example_skip_dag']) retrieved from /usr/local/lib/python3.10/dist-packages/airflow/example_dags/example_skip_dag.py
[2023-12-05T18:10:23.038+0000] {logging_mixin.py:154} INFO - [2023-12-05T18:10:23.038+0000] {dag.py:2941} INFO - Sync 1 DAGs
[2023-12-05T18:10:23.058+0000] {logging_mixin.py:154} INFO - [2023-12-05T18:10:23.057+0000] {dag.py:3722} INFO - Setting next_dagrun for example_skip_dag to 2023-12-04T18:10:23.057698+00:00, run_after=2023-12-05T18:10:23.057698+00:00
[2023-12-05T18:10:23.082+0000] {processor.py:179} INFO - Processing /usr/local/lib/python3.10/dist-packages/airflow/example_dags/example_skip_dag.py took 0.074 seconds
