[2023-12-05T17:44:49.270+0000] {processor.py:157} INFO - Started process (PID=8765) to work on /usr/local/lib/python3.10/dist-packages/airflow/example_dags/example_xcom.py
[2023-12-05T17:44:49.271+0000] {processor.py:829} INFO - Processing file /usr/local/lib/python3.10/dist-packages/airflow/example_dags/example_xcom.py for tasks to queue
[2023-12-05T17:44:49.273+0000] {logging_mixin.py:154} INFO - [2023-12-05T17:44:49.272+0000] {dagbag.py:536} INFO - Filling up the DagBag from /usr/local/lib/python3.10/dist-packages/airflow/example_dags/example_xcom.py
[2023-12-05T17:44:49.291+0000] {processor.py:839} INFO - DAG(s) dict_keys(['example_xcom']) retrieved from /usr/local/lib/python3.10/dist-packages/airflow/example_dags/example_xcom.py
[2023-12-05T17:44:49.555+0000] {logging_mixin.py:154} INFO - [2023-12-05T17:44:49.554+0000] {manager.py:499} INFO - Created Permission View: %s
[2023-12-05T17:44:49.592+0000] {logging_mixin.py:154} INFO - [2023-12-05T17:44:49.591+0000] {manager.py:499} INFO - Created Permission View: %s
[2023-12-05T17:44:49.617+0000] {logging_mixin.py:154} INFO - [2023-12-05T17:44:49.616+0000] {manager.py:499} INFO - Created Permission View: %s
[2023-12-05T17:44:49.617+0000] {logging_mixin.py:154} INFO - [2023-12-05T17:44:49.617+0000] {dag.py:2941} INFO - Sync 1 DAGs
[2023-12-05T17:44:49.644+0000] {logging_mixin.py:154} INFO - [2023-12-05T17:44:49.644+0000] {dag.py:2963} INFO - Creating ORM DAG for example_xcom
[2023-12-05T17:44:49.655+0000] {logging_mixin.py:154} INFO - [2023-12-05T17:44:49.655+0000] {dag.py:3722} INFO - Setting next_dagrun for example_xcom to 2021-01-01T00:00:00+00:00, run_after=2021-01-01T00:00:00+00:00
[2023-12-05T17:44:49.694+0000] {processor.py:179} INFO - Processing /usr/local/lib/python3.10/dist-packages/airflow/example_dags/example_xcom.py took 0.428 seconds
[2023-12-05T17:46:05.169+0000] {processor.py:157} INFO - Started process (PID=9127) to work on /usr/local/lib/python3.10/dist-packages/airflow/example_dags/example_xcom.py
[2023-12-05T17:46:05.170+0000] {processor.py:829} INFO - Processing file /usr/local/lib/python3.10/dist-packages/airflow/example_dags/example_xcom.py for tasks to queue
[2023-12-05T17:46:05.172+0000] {logging_mixin.py:154} INFO - [2023-12-05T17:46:05.171+0000] {dagbag.py:536} INFO - Filling up the DagBag from /usr/local/lib/python3.10/dist-packages/airflow/example_dags/example_xcom.py
[2023-12-05T17:46:05.193+0000] {processor.py:839} INFO - DAG(s) dict_keys(['example_xcom']) retrieved from /usr/local/lib/python3.10/dist-packages/airflow/example_dags/example_xcom.py
[2023-12-05T17:46:05.209+0000] {logging_mixin.py:154} INFO - [2023-12-05T17:46:05.209+0000] {dag.py:2941} INFO - Sync 1 DAGs
[2023-12-05T17:46:05.251+0000] {logging_mixin.py:154} INFO - [2023-12-05T17:46:05.251+0000] {dag.py:3722} INFO - Setting next_dagrun for example_xcom to 2021-01-01T00:00:00+00:00, run_after=2021-01-01T00:00:00+00:00
[2023-12-05T17:46:05.282+0000] {processor.py:179} INFO - Processing /usr/local/lib/python3.10/dist-packages/airflow/example_dags/example_xcom.py took 0.118 seconds
[2023-12-05T17:46:54.564+0000] {processor.py:157} INFO - Started process (PID=9289) to work on /usr/local/lib/python3.10/dist-packages/airflow/example_dags/example_xcom.py
[2023-12-05T17:46:54.565+0000] {processor.py:829} INFO - Processing file /usr/local/lib/python3.10/dist-packages/airflow/example_dags/example_xcom.py for tasks to queue
[2023-12-05T17:46:54.566+0000] {logging_mixin.py:154} INFO - [2023-12-05T17:46:54.566+0000] {dagbag.py:536} INFO - Filling up the DagBag from /usr/local/lib/python3.10/dist-packages/airflow/example_dags/example_xcom.py
[2023-12-05T17:46:54.585+0000] {processor.py:839} INFO - DAG(s) dict_keys(['example_xcom']) retrieved from /usr/local/lib/python3.10/dist-packages/airflow/example_dags/example_xcom.py
[2023-12-05T17:46:54.623+0000] {logging_mixin.py:154} INFO - [2023-12-05T17:46:54.623+0000] {dag.py:2941} INFO - Sync 1 DAGs
[2023-12-05T17:46:54.642+0000] {logging_mixin.py:154} INFO - [2023-12-05T17:46:54.642+0000] {dag.py:3722} INFO - Setting next_dagrun for example_xcom to 2021-01-01T00:00:00+00:00, run_after=2021-01-01T00:00:00+00:00
[2023-12-05T17:46:54.674+0000] {processor.py:179} INFO - Processing /usr/local/lib/python3.10/dist-packages/airflow/example_dags/example_xcom.py took 0.114 seconds
[2023-12-05T17:47:32.824+0000] {processor.py:157} INFO - Started process (PID=9391) to work on /usr/local/lib/python3.10/dist-packages/airflow/example_dags/example_xcom.py
[2023-12-05T17:47:32.826+0000] {processor.py:829} INFO - Processing file /usr/local/lib/python3.10/dist-packages/airflow/example_dags/example_xcom.py for tasks to queue
[2023-12-05T17:47:32.827+0000] {logging_mixin.py:154} INFO - [2023-12-05T17:47:32.827+0000] {dagbag.py:536} INFO - Filling up the DagBag from /usr/local/lib/python3.10/dist-packages/airflow/example_dags/example_xcom.py
[2023-12-05T17:47:32.836+0000] {processor.py:839} INFO - DAG(s) dict_keys(['example_xcom']) retrieved from /usr/local/lib/python3.10/dist-packages/airflow/example_dags/example_xcom.py
[2023-12-05T17:47:32.856+0000] {logging_mixin.py:154} INFO - [2023-12-05T17:47:32.856+0000] {dag.py:2941} INFO - Sync 1 DAGs
[2023-12-05T17:47:32.884+0000] {logging_mixin.py:154} INFO - [2023-12-05T17:47:32.883+0000] {dag.py:3722} INFO - Setting next_dagrun for example_xcom to 2021-01-01T00:00:00+00:00, run_after=2021-01-01T00:00:00+00:00
[2023-12-05T17:47:32.929+0000] {processor.py:179} INFO - Processing /usr/local/lib/python3.10/dist-packages/airflow/example_dags/example_xcom.py took 0.112 seconds
[2023-12-05T17:48:08.096+0000] {processor.py:157} INFO - Started process (PID=9488) to work on /usr/local/lib/python3.10/dist-packages/airflow/example_dags/example_xcom.py
[2023-12-05T17:48:08.098+0000] {processor.py:829} INFO - Processing file /usr/local/lib/python3.10/dist-packages/airflow/example_dags/example_xcom.py for tasks to queue
[2023-12-05T17:48:08.098+0000] {logging_mixin.py:154} INFO - [2023-12-05T17:48:08.098+0000] {dagbag.py:536} INFO - Filling up the DagBag from /usr/local/lib/python3.10/dist-packages/airflow/example_dags/example_xcom.py
[2023-12-05T17:48:08.109+0000] {processor.py:839} INFO - DAG(s) dict_keys(['example_xcom']) retrieved from /usr/local/lib/python3.10/dist-packages/airflow/example_dags/example_xcom.py
[2023-12-05T17:48:08.131+0000] {logging_mixin.py:154} INFO - [2023-12-05T17:48:08.131+0000] {dag.py:2941} INFO - Sync 1 DAGs
[2023-12-05T17:48:08.156+0000] {logging_mixin.py:154} INFO - [2023-12-05T17:48:08.156+0000] {dag.py:3722} INFO - Setting next_dagrun for example_xcom to 2021-01-01T00:00:00+00:00, run_after=2021-01-01T00:00:00+00:00
[2023-12-05T17:48:08.190+0000] {processor.py:179} INFO - Processing /usr/local/lib/python3.10/dist-packages/airflow/example_dags/example_xcom.py took 0.097 seconds
[2023-12-05T17:48:46.864+0000] {processor.py:157} INFO - Started process (PID=9588) to work on /usr/local/lib/python3.10/dist-packages/airflow/example_dags/example_xcom.py
[2023-12-05T17:48:46.865+0000] {processor.py:829} INFO - Processing file /usr/local/lib/python3.10/dist-packages/airflow/example_dags/example_xcom.py for tasks to queue
[2023-12-05T17:48:46.866+0000] {logging_mixin.py:154} INFO - [2023-12-05T17:48:46.866+0000] {dagbag.py:536} INFO - Filling up the DagBag from /usr/local/lib/python3.10/dist-packages/airflow/example_dags/example_xcom.py
[2023-12-05T17:48:46.875+0000] {processor.py:839} INFO - DAG(s) dict_keys(['example_xcom']) retrieved from /usr/local/lib/python3.10/dist-packages/airflow/example_dags/example_xcom.py
[2023-12-05T17:48:46.895+0000] {logging_mixin.py:154} INFO - [2023-12-05T17:48:46.894+0000] {dag.py:2941} INFO - Sync 1 DAGs
[2023-12-05T17:48:46.914+0000] {logging_mixin.py:154} INFO - [2023-12-05T17:48:46.914+0000] {dag.py:3722} INFO - Setting next_dagrun for example_xcom to 2021-01-01T00:00:00+00:00, run_after=2021-01-01T00:00:00+00:00
[2023-12-05T17:48:46.944+0000] {processor.py:179} INFO - Processing /usr/local/lib/python3.10/dist-packages/airflow/example_dags/example_xcom.py took 0.084 seconds
[2023-12-05T17:49:21.500+0000] {processor.py:157} INFO - Started process (PID=9687) to work on /usr/local/lib/python3.10/dist-packages/airflow/example_dags/example_xcom.py
[2023-12-05T17:49:21.502+0000] {processor.py:829} INFO - Processing file /usr/local/lib/python3.10/dist-packages/airflow/example_dags/example_xcom.py for tasks to queue
[2023-12-05T17:49:21.503+0000] {logging_mixin.py:154} INFO - [2023-12-05T17:49:21.502+0000] {dagbag.py:536} INFO - Filling up the DagBag from /usr/local/lib/python3.10/dist-packages/airflow/example_dags/example_xcom.py
[2023-12-05T17:49:21.511+0000] {processor.py:839} INFO - DAG(s) dict_keys(['example_xcom']) retrieved from /usr/local/lib/python3.10/dist-packages/airflow/example_dags/example_xcom.py
[2023-12-05T17:49:21.530+0000] {logging_mixin.py:154} INFO - [2023-12-05T17:49:21.530+0000] {dag.py:2941} INFO - Sync 1 DAGs
[2023-12-05T17:49:21.551+0000] {logging_mixin.py:154} INFO - [2023-12-05T17:49:21.551+0000] {dag.py:3722} INFO - Setting next_dagrun for example_xcom to 2021-01-01T00:00:00+00:00, run_after=2021-01-01T00:00:00+00:00
[2023-12-05T17:49:21.573+0000] {processor.py:179} INFO - Processing /usr/local/lib/python3.10/dist-packages/airflow/example_dags/example_xcom.py took 0.077 seconds
[2023-12-05T17:49:57.281+0000] {processor.py:157} INFO - Started process (PID=9725) to work on /usr/local/lib/python3.10/dist-packages/airflow/example_dags/example_xcom.py
[2023-12-05T17:49:57.282+0000] {processor.py:829} INFO - Processing file /usr/local/lib/python3.10/dist-packages/airflow/example_dags/example_xcom.py for tasks to queue
[2023-12-05T17:49:57.283+0000] {logging_mixin.py:154} INFO - [2023-12-05T17:49:57.283+0000] {dagbag.py:536} INFO - Filling up the DagBag from /usr/local/lib/python3.10/dist-packages/airflow/example_dags/example_xcom.py
[2023-12-05T17:49:57.294+0000] {processor.py:839} INFO - DAG(s) dict_keys(['example_xcom']) retrieved from /usr/local/lib/python3.10/dist-packages/airflow/example_dags/example_xcom.py
[2023-12-05T17:49:57.316+0000] {logging_mixin.py:154} INFO - [2023-12-05T17:49:57.316+0000] {dag.py:2941} INFO - Sync 1 DAGs
[2023-12-05T17:49:57.349+0000] {logging_mixin.py:154} INFO - [2023-12-05T17:49:57.349+0000] {dag.py:3722} INFO - Setting next_dagrun for example_xcom to 2021-01-01T00:00:00+00:00, run_after=2021-01-01T00:00:00+00:00
[2023-12-05T17:49:57.374+0000] {processor.py:179} INFO - Processing /usr/local/lib/python3.10/dist-packages/airflow/example_dags/example_xcom.py took 0.102 seconds
[2023-12-05T17:50:33.473+0000] {processor.py:157} INFO - Started process (PID=9829) to work on /usr/local/lib/python3.10/dist-packages/airflow/example_dags/example_xcom.py
[2023-12-05T17:50:33.475+0000] {processor.py:829} INFO - Processing file /usr/local/lib/python3.10/dist-packages/airflow/example_dags/example_xcom.py for tasks to queue
[2023-12-05T17:50:33.477+0000] {logging_mixin.py:154} INFO - [2023-12-05T17:50:33.476+0000] {dagbag.py:536} INFO - Filling up the DagBag from /usr/local/lib/python3.10/dist-packages/airflow/example_dags/example_xcom.py
[2023-12-05T17:50:33.489+0000] {processor.py:839} INFO - DAG(s) dict_keys(['example_xcom']) retrieved from /usr/local/lib/python3.10/dist-packages/airflow/example_dags/example_xcom.py
[2023-12-05T17:50:33.518+0000] {logging_mixin.py:154} INFO - [2023-12-05T17:50:33.518+0000] {dag.py:2941} INFO - Sync 1 DAGs
[2023-12-05T17:50:33.549+0000] {logging_mixin.py:154} INFO - [2023-12-05T17:50:33.548+0000] {dag.py:3722} INFO - Setting next_dagrun for example_xcom to 2021-01-01T00:00:00+00:00, run_after=2021-01-01T00:00:00+00:00
[2023-12-05T17:50:33.577+0000] {processor.py:179} INFO - Processing /usr/local/lib/python3.10/dist-packages/airflow/example_dags/example_xcom.py took 0.108 seconds
[2023-12-05T17:51:07.149+0000] {processor.py:157} INFO - Started process (PID=9925) to work on /usr/local/lib/python3.10/dist-packages/airflow/example_dags/example_xcom.py
[2023-12-05T17:51:07.151+0000] {processor.py:829} INFO - Processing file /usr/local/lib/python3.10/dist-packages/airflow/example_dags/example_xcom.py for tasks to queue
[2023-12-05T17:51:07.152+0000] {logging_mixin.py:154} INFO - [2023-12-05T17:51:07.152+0000] {dagbag.py:536} INFO - Filling up the DagBag from /usr/local/lib/python3.10/dist-packages/airflow/example_dags/example_xcom.py
[2023-12-05T17:51:07.168+0000] {processor.py:839} INFO - DAG(s) dict_keys(['example_xcom']) retrieved from /usr/local/lib/python3.10/dist-packages/airflow/example_dags/example_xcom.py
[2023-12-05T17:51:07.184+0000] {logging_mixin.py:154} INFO - [2023-12-05T17:51:07.184+0000] {dag.py:2941} INFO - Sync 1 DAGs
[2023-12-05T17:51:07.201+0000] {logging_mixin.py:154} INFO - [2023-12-05T17:51:07.201+0000] {dag.py:3722} INFO - Setting next_dagrun for example_xcom to 2021-01-01T00:00:00+00:00, run_after=2021-01-01T00:00:00+00:00
[2023-12-05T17:51:07.222+0000] {processor.py:179} INFO - Processing /usr/local/lib/python3.10/dist-packages/airflow/example_dags/example_xcom.py took 0.077 seconds
[2023-12-05T17:51:42.597+0000] {processor.py:157} INFO - Started process (PID=10024) to work on /usr/local/lib/python3.10/dist-packages/airflow/example_dags/example_xcom.py
[2023-12-05T17:51:42.600+0000] {processor.py:829} INFO - Processing file /usr/local/lib/python3.10/dist-packages/airflow/example_dags/example_xcom.py for tasks to queue
[2023-12-05T17:51:42.603+0000] {logging_mixin.py:154} INFO - [2023-12-05T17:51:42.602+0000] {dagbag.py:536} INFO - Filling up the DagBag from /usr/local/lib/python3.10/dist-packages/airflow/example_dags/example_xcom.py
[2023-12-05T17:51:42.634+0000] {processor.py:839} INFO - DAG(s) dict_keys(['example_xcom']) retrieved from /usr/local/lib/python3.10/dist-packages/airflow/example_dags/example_xcom.py
[2023-12-05T17:51:42.666+0000] {logging_mixin.py:154} INFO - [2023-12-05T17:51:42.666+0000] {dag.py:2941} INFO - Sync 1 DAGs
[2023-12-05T17:51:42.714+0000] {logging_mixin.py:154} INFO - [2023-12-05T17:51:42.713+0000] {dag.py:3722} INFO - Setting next_dagrun for example_xcom to 2021-01-01T00:00:00+00:00, run_after=2021-01-01T00:00:00+00:00
[2023-12-05T17:51:42.749+0000] {processor.py:179} INFO - Processing /usr/local/lib/python3.10/dist-packages/airflow/example_dags/example_xcom.py took 0.158 seconds
[2023-12-05T17:52:17.463+0000] {processor.py:157} INFO - Started process (PID=10123) to work on /usr/local/lib/python3.10/dist-packages/airflow/example_dags/example_xcom.py
[2023-12-05T17:52:17.464+0000] {processor.py:829} INFO - Processing file /usr/local/lib/python3.10/dist-packages/airflow/example_dags/example_xcom.py for tasks to queue
[2023-12-05T17:52:17.466+0000] {logging_mixin.py:154} INFO - [2023-12-05T17:52:17.466+0000] {dagbag.py:536} INFO - Filling up the DagBag from /usr/local/lib/python3.10/dist-packages/airflow/example_dags/example_xcom.py
[2023-12-05T17:52:17.485+0000] {processor.py:839} INFO - DAG(s) dict_keys(['example_xcom']) retrieved from /usr/local/lib/python3.10/dist-packages/airflow/example_dags/example_xcom.py
[2023-12-05T17:52:17.526+0000] {logging_mixin.py:154} INFO - [2023-12-05T17:52:17.525+0000] {dag.py:2941} INFO - Sync 1 DAGs
[2023-12-05T17:52:17.569+0000] {logging_mixin.py:154} INFO - [2023-12-05T17:52:17.568+0000] {dag.py:3722} INFO - Setting next_dagrun for example_xcom to 2021-01-01T00:00:00+00:00, run_after=2021-01-01T00:00:00+00:00
[2023-12-05T17:52:17.602+0000] {processor.py:179} INFO - Processing /usr/local/lib/python3.10/dist-packages/airflow/example_dags/example_xcom.py took 0.145 seconds
[2023-12-05T17:52:51.055+0000] {processor.py:157} INFO - Started process (PID=10161) to work on /usr/local/lib/python3.10/dist-packages/airflow/example_dags/example_xcom.py
[2023-12-05T17:52:51.056+0000] {processor.py:829} INFO - Processing file /usr/local/lib/python3.10/dist-packages/airflow/example_dags/example_xcom.py for tasks to queue
[2023-12-05T17:52:51.057+0000] {logging_mixin.py:154} INFO - [2023-12-05T17:52:51.056+0000] {dagbag.py:536} INFO - Filling up the DagBag from /usr/local/lib/python3.10/dist-packages/airflow/example_dags/example_xcom.py
[2023-12-05T17:52:51.065+0000] {processor.py:839} INFO - DAG(s) dict_keys(['example_xcom']) retrieved from /usr/local/lib/python3.10/dist-packages/airflow/example_dags/example_xcom.py
[2023-12-05T17:52:51.088+0000] {logging_mixin.py:154} INFO - [2023-12-05T17:52:51.088+0000] {dag.py:2941} INFO - Sync 1 DAGs
[2023-12-05T17:52:51.119+0000] {logging_mixin.py:154} INFO - [2023-12-05T17:52:51.118+0000] {dag.py:3722} INFO - Setting next_dagrun for example_xcom to 2021-01-01T00:00:00+00:00, run_after=2021-01-01T00:00:00+00:00
[2023-12-05T17:52:51.149+0000] {processor.py:179} INFO - Processing /usr/local/lib/python3.10/dist-packages/airflow/example_dags/example_xcom.py took 0.097 seconds
[2023-12-05T17:53:25.056+0000] {processor.py:157} INFO - Started process (PID=10322) to work on /usr/local/lib/python3.10/dist-packages/airflow/example_dags/example_xcom.py
[2023-12-05T17:53:25.058+0000] {processor.py:829} INFO - Processing file /usr/local/lib/python3.10/dist-packages/airflow/example_dags/example_xcom.py for tasks to queue
[2023-12-05T17:53:25.059+0000] {logging_mixin.py:154} INFO - [2023-12-05T17:53:25.059+0000] {dagbag.py:536} INFO - Filling up the DagBag from /usr/local/lib/python3.10/dist-packages/airflow/example_dags/example_xcom.py
[2023-12-05T17:53:25.067+0000] {processor.py:839} INFO - DAG(s) dict_keys(['example_xcom']) retrieved from /usr/local/lib/python3.10/dist-packages/airflow/example_dags/example_xcom.py
[2023-12-05T17:53:25.084+0000] {logging_mixin.py:154} INFO - [2023-12-05T17:53:25.084+0000] {dag.py:2941} INFO - Sync 1 DAGs
[2023-12-05T17:53:25.104+0000] {logging_mixin.py:154} INFO - [2023-12-05T17:53:25.104+0000] {dag.py:3722} INFO - Setting next_dagrun for example_xcom to 2021-01-01T00:00:00+00:00, run_after=2021-01-01T00:00:00+00:00
[2023-12-05T17:53:25.131+0000] {processor.py:179} INFO - Processing /usr/local/lib/python3.10/dist-packages/airflow/example_dags/example_xcom.py took 0.083 seconds
[2023-12-05T17:53:59.582+0000] {processor.py:157} INFO - Started process (PID=10361) to work on /usr/local/lib/python3.10/dist-packages/airflow/example_dags/example_xcom.py
[2023-12-05T17:53:59.585+0000] {processor.py:829} INFO - Processing file /usr/local/lib/python3.10/dist-packages/airflow/example_dags/example_xcom.py for tasks to queue
[2023-12-05T17:53:59.585+0000] {logging_mixin.py:154} INFO - [2023-12-05T17:53:59.585+0000] {dagbag.py:536} INFO - Filling up the DagBag from /usr/local/lib/python3.10/dist-packages/airflow/example_dags/example_xcom.py
[2023-12-05T17:53:59.594+0000] {processor.py:839} INFO - DAG(s) dict_keys(['example_xcom']) retrieved from /usr/local/lib/python3.10/dist-packages/airflow/example_dags/example_xcom.py
[2023-12-05T17:53:59.611+0000] {logging_mixin.py:154} INFO - [2023-12-05T17:53:59.611+0000] {dag.py:2941} INFO - Sync 1 DAGs
[2023-12-05T17:53:59.630+0000] {logging_mixin.py:154} INFO - [2023-12-05T17:53:59.630+0000] {dag.py:3722} INFO - Setting next_dagrun for example_xcom to 2021-01-01T00:00:00+00:00, run_after=2021-01-01T00:00:00+00:00
[2023-12-05T17:53:59.651+0000] {processor.py:179} INFO - Processing /usr/local/lib/python3.10/dist-packages/airflow/example_dags/example_xcom.py took 0.073 seconds
[2023-12-05T17:54:32.037+0000] {processor.py:157} INFO - Started process (PID=10460) to work on /usr/local/lib/python3.10/dist-packages/airflow/example_dags/example_xcom.py
[2023-12-05T17:54:32.039+0000] {processor.py:829} INFO - Processing file /usr/local/lib/python3.10/dist-packages/airflow/example_dags/example_xcom.py for tasks to queue
[2023-12-05T17:54:32.040+0000] {logging_mixin.py:154} INFO - [2023-12-05T17:54:32.039+0000] {dagbag.py:536} INFO - Filling up the DagBag from /usr/local/lib/python3.10/dist-packages/airflow/example_dags/example_xcom.py
[2023-12-05T17:54:32.048+0000] {processor.py:839} INFO - DAG(s) dict_keys(['example_xcom']) retrieved from /usr/local/lib/python3.10/dist-packages/airflow/example_dags/example_xcom.py
[2023-12-05T17:54:32.067+0000] {logging_mixin.py:154} INFO - [2023-12-05T17:54:32.066+0000] {dag.py:2941} INFO - Sync 1 DAGs
[2023-12-05T17:54:32.088+0000] {logging_mixin.py:154} INFO - [2023-12-05T17:54:32.088+0000] {dag.py:3722} INFO - Setting next_dagrun for example_xcom to 2021-01-01T00:00:00+00:00, run_after=2021-01-01T00:00:00+00:00
[2023-12-05T17:54:32.117+0000] {processor.py:179} INFO - Processing /usr/local/lib/python3.10/dist-packages/airflow/example_dags/example_xcom.py took 0.084 seconds
[2023-12-05T17:55:07.386+0000] {processor.py:157} INFO - Started process (PID=10557) to work on /usr/local/lib/python3.10/dist-packages/airflow/example_dags/example_xcom.py
[2023-12-05T17:55:07.390+0000] {processor.py:829} INFO - Processing file /usr/local/lib/python3.10/dist-packages/airflow/example_dags/example_xcom.py for tasks to queue
[2023-12-05T17:55:07.391+0000] {logging_mixin.py:154} INFO - [2023-12-05T17:55:07.391+0000] {dagbag.py:536} INFO - Filling up the DagBag from /usr/local/lib/python3.10/dist-packages/airflow/example_dags/example_xcom.py
[2023-12-05T17:55:07.400+0000] {processor.py:839} INFO - DAG(s) dict_keys(['example_xcom']) retrieved from /usr/local/lib/python3.10/dist-packages/airflow/example_dags/example_xcom.py
[2023-12-05T17:55:07.418+0000] {logging_mixin.py:154} INFO - [2023-12-05T17:55:07.418+0000] {dag.py:2941} INFO - Sync 1 DAGs
[2023-12-05T17:55:07.441+0000] {logging_mixin.py:154} INFO - [2023-12-05T17:55:07.440+0000] {dag.py:3722} INFO - Setting next_dagrun for example_xcom to 2021-01-01T00:00:00+00:00, run_after=2021-01-01T00:00:00+00:00
[2023-12-05T17:55:07.466+0000] {processor.py:179} INFO - Processing /usr/local/lib/python3.10/dist-packages/airflow/example_dags/example_xcom.py took 0.085 seconds
[2023-12-05T17:55:42.255+0000] {processor.py:157} INFO - Started process (PID=10598) to work on /usr/local/lib/python3.10/dist-packages/airflow/example_dags/example_xcom.py
[2023-12-05T17:55:42.260+0000] {processor.py:829} INFO - Processing file /usr/local/lib/python3.10/dist-packages/airflow/example_dags/example_xcom.py for tasks to queue
[2023-12-05T17:55:42.261+0000] {logging_mixin.py:154} INFO - [2023-12-05T17:55:42.260+0000] {dagbag.py:536} INFO - Filling up the DagBag from /usr/local/lib/python3.10/dist-packages/airflow/example_dags/example_xcom.py
[2023-12-05T17:55:42.270+0000] {processor.py:839} INFO - DAG(s) dict_keys(['example_xcom']) retrieved from /usr/local/lib/python3.10/dist-packages/airflow/example_dags/example_xcom.py
[2023-12-05T17:55:42.299+0000] {logging_mixin.py:154} INFO - [2023-12-05T17:55:42.299+0000] {dag.py:2941} INFO - Sync 1 DAGs
[2023-12-05T17:55:42.329+0000] {logging_mixin.py:154} INFO - [2023-12-05T17:55:42.328+0000] {dag.py:3722} INFO - Setting next_dagrun for example_xcom to 2021-01-01T00:00:00+00:00, run_after=2021-01-01T00:00:00+00:00
[2023-12-05T17:55:42.378+0000] {processor.py:179} INFO - Processing /usr/local/lib/python3.10/dist-packages/airflow/example_dags/example_xcom.py took 0.127 seconds
[2023-12-05T17:56:16.191+0000] {processor.py:157} INFO - Started process (PID=10758) to work on /usr/local/lib/python3.10/dist-packages/airflow/example_dags/example_xcom.py
[2023-12-05T17:56:16.192+0000] {processor.py:829} INFO - Processing file /usr/local/lib/python3.10/dist-packages/airflow/example_dags/example_xcom.py for tasks to queue
[2023-12-05T17:56:16.193+0000] {logging_mixin.py:154} INFO - [2023-12-05T17:56:16.193+0000] {dagbag.py:536} INFO - Filling up the DagBag from /usr/local/lib/python3.10/dist-packages/airflow/example_dags/example_xcom.py
[2023-12-05T17:56:16.201+0000] {processor.py:839} INFO - DAG(s) dict_keys(['example_xcom']) retrieved from /usr/local/lib/python3.10/dist-packages/airflow/example_dags/example_xcom.py
[2023-12-05T17:56:16.219+0000] {logging_mixin.py:154} INFO - [2023-12-05T17:56:16.218+0000] {dag.py:2941} INFO - Sync 1 DAGs
[2023-12-05T17:56:16.243+0000] {logging_mixin.py:154} INFO - [2023-12-05T17:56:16.243+0000] {dag.py:3722} INFO - Setting next_dagrun for example_xcom to 2021-01-01T00:00:00+00:00, run_after=2021-01-01T00:00:00+00:00
[2023-12-05T17:56:16.272+0000] {processor.py:179} INFO - Processing /usr/local/lib/python3.10/dist-packages/airflow/example_dags/example_xcom.py took 0.083 seconds
[2023-12-05T17:56:49.843+0000] {processor.py:157} INFO - Started process (PID=10797) to work on /usr/local/lib/python3.10/dist-packages/airflow/example_dags/example_xcom.py
[2023-12-05T17:56:49.845+0000] {processor.py:829} INFO - Processing file /usr/local/lib/python3.10/dist-packages/airflow/example_dags/example_xcom.py for tasks to queue
[2023-12-05T17:56:49.846+0000] {logging_mixin.py:154} INFO - [2023-12-05T17:56:49.845+0000] {dagbag.py:536} INFO - Filling up the DagBag from /usr/local/lib/python3.10/dist-packages/airflow/example_dags/example_xcom.py
[2023-12-05T17:56:49.854+0000] {processor.py:839} INFO - DAG(s) dict_keys(['example_xcom']) retrieved from /usr/local/lib/python3.10/dist-packages/airflow/example_dags/example_xcom.py
[2023-12-05T17:56:49.872+0000] {logging_mixin.py:154} INFO - [2023-12-05T17:56:49.872+0000] {dag.py:2941} INFO - Sync 1 DAGs
[2023-12-05T17:56:49.894+0000] {logging_mixin.py:154} INFO - [2023-12-05T17:56:49.894+0000] {dag.py:3722} INFO - Setting next_dagrun for example_xcom to 2021-01-01T00:00:00+00:00, run_after=2021-01-01T00:00:00+00:00
[2023-12-05T17:56:49.919+0000] {processor.py:179} INFO - Processing /usr/local/lib/python3.10/dist-packages/airflow/example_dags/example_xcom.py took 0.080 seconds
[2023-12-05T17:57:27.287+0000] {processor.py:157} INFO - Started process (PID=10898) to work on /usr/local/lib/python3.10/dist-packages/airflow/example_dags/example_xcom.py
[2023-12-05T17:57:27.288+0000] {processor.py:829} INFO - Processing file /usr/local/lib/python3.10/dist-packages/airflow/example_dags/example_xcom.py for tasks to queue
[2023-12-05T17:57:27.289+0000] {logging_mixin.py:154} INFO - [2023-12-05T17:57:27.289+0000] {dagbag.py:536} INFO - Filling up the DagBag from /usr/local/lib/python3.10/dist-packages/airflow/example_dags/example_xcom.py
[2023-12-05T17:57:27.301+0000] {processor.py:839} INFO - DAG(s) dict_keys(['example_xcom']) retrieved from /usr/local/lib/python3.10/dist-packages/airflow/example_dags/example_xcom.py
[2023-12-05T17:57:27.332+0000] {logging_mixin.py:154} INFO - [2023-12-05T17:57:27.331+0000] {dag.py:2941} INFO - Sync 1 DAGs
[2023-12-05T17:57:27.368+0000] {logging_mixin.py:154} INFO - [2023-12-05T17:57:27.367+0000] {dag.py:3722} INFO - Setting next_dagrun for example_xcom to 2021-01-01T00:00:00+00:00, run_after=2021-01-01T00:00:00+00:00
[2023-12-05T17:57:27.394+0000] {processor.py:179} INFO - Processing /usr/local/lib/python3.10/dist-packages/airflow/example_dags/example_xcom.py took 0.113 seconds
[2023-12-05T17:58:05.442+0000] {processor.py:157} INFO - Started process (PID=10967) to work on /usr/local/lib/python3.10/dist-packages/airflow/example_dags/example_xcom.py
[2023-12-05T17:58:05.445+0000] {processor.py:829} INFO - Processing file /usr/local/lib/python3.10/dist-packages/airflow/example_dags/example_xcom.py for tasks to queue
[2023-12-05T17:58:05.450+0000] {logging_mixin.py:154} INFO - [2023-12-05T17:58:05.449+0000] {dagbag.py:536} INFO - Filling up the DagBag from /usr/local/lib/python3.10/dist-packages/airflow/example_dags/example_xcom.py
[2023-12-05T17:58:05.463+0000] {processor.py:839} INFO - DAG(s) dict_keys(['example_xcom']) retrieved from /usr/local/lib/python3.10/dist-packages/airflow/example_dags/example_xcom.py
[2023-12-05T17:58:05.515+0000] {logging_mixin.py:154} INFO - [2023-12-05T17:58:05.515+0000] {dag.py:2941} INFO - Sync 1 DAGs
[2023-12-05T17:58:05.538+0000] {logging_mixin.py:154} INFO - [2023-12-05T17:58:05.538+0000] {dag.py:3722} INFO - Setting next_dagrun for example_xcom to 2021-01-01T00:00:00+00:00, run_after=2021-01-01T00:00:00+00:00
[2023-12-05T17:58:05.561+0000] {processor.py:179} INFO - Processing /usr/local/lib/python3.10/dist-packages/airflow/example_dags/example_xcom.py took 0.124 seconds
[2023-12-05T17:58:41.810+0000] {processor.py:157} INFO - Started process (PID=11048) to work on /usr/local/lib/python3.10/dist-packages/airflow/example_dags/example_xcom.py
[2023-12-05T17:58:41.812+0000] {processor.py:829} INFO - Processing file /usr/local/lib/python3.10/dist-packages/airflow/example_dags/example_xcom.py for tasks to queue
[2023-12-05T17:58:41.813+0000] {logging_mixin.py:154} INFO - [2023-12-05T17:58:41.812+0000] {dagbag.py:536} INFO - Filling up the DagBag from /usr/local/lib/python3.10/dist-packages/airflow/example_dags/example_xcom.py
[2023-12-05T17:58:41.824+0000] {processor.py:839} INFO - DAG(s) dict_keys(['example_xcom']) retrieved from /usr/local/lib/python3.10/dist-packages/airflow/example_dags/example_xcom.py
[2023-12-05T17:58:41.855+0000] {logging_mixin.py:154} INFO - [2023-12-05T17:58:41.855+0000] {dag.py:2941} INFO - Sync 1 DAGs
[2023-12-05T17:58:41.894+0000] {logging_mixin.py:154} INFO - [2023-12-05T17:58:41.893+0000] {dag.py:3722} INFO - Setting next_dagrun for example_xcom to 2021-01-01T00:00:00+00:00, run_after=2021-01-01T00:00:00+00:00
[2023-12-05T17:58:41.954+0000] {processor.py:179} INFO - Processing /usr/local/lib/python3.10/dist-packages/airflow/example_dags/example_xcom.py took 0.150 seconds
[2023-12-05T17:59:13.799+0000] {processor.py:157} INFO - Started process (PID=11148) to work on /usr/local/lib/python3.10/dist-packages/airflow/example_dags/example_xcom.py
[2023-12-05T17:59:13.802+0000] {processor.py:829} INFO - Processing file /usr/local/lib/python3.10/dist-packages/airflow/example_dags/example_xcom.py for tasks to queue
[2023-12-05T17:59:13.804+0000] {logging_mixin.py:154} INFO - [2023-12-05T17:59:13.803+0000] {dagbag.py:536} INFO - Filling up the DagBag from /usr/local/lib/python3.10/dist-packages/airflow/example_dags/example_xcom.py
[2023-12-05T17:59:13.818+0000] {processor.py:839} INFO - DAG(s) dict_keys(['example_xcom']) retrieved from /usr/local/lib/python3.10/dist-packages/airflow/example_dags/example_xcom.py
[2023-12-05T17:59:13.844+0000] {logging_mixin.py:154} INFO - [2023-12-05T17:59:13.843+0000] {dag.py:2941} INFO - Sync 1 DAGs
[2023-12-05T17:59:13.886+0000] {logging_mixin.py:154} INFO - [2023-12-05T17:59:13.886+0000] {dag.py:3722} INFO - Setting next_dagrun for example_xcom to 2021-01-01T00:00:00+00:00, run_after=2021-01-01T00:00:00+00:00
[2023-12-05T17:59:13.927+0000] {processor.py:179} INFO - Processing /usr/local/lib/python3.10/dist-packages/airflow/example_dags/example_xcom.py took 0.141 seconds
[2023-12-05T17:59:49.532+0000] {processor.py:157} INFO - Started process (PID=11185) to work on /usr/local/lib/python3.10/dist-packages/airflow/example_dags/example_xcom.py
[2023-12-05T17:59:49.533+0000] {processor.py:829} INFO - Processing file /usr/local/lib/python3.10/dist-packages/airflow/example_dags/example_xcom.py for tasks to queue
[2023-12-05T17:59:49.535+0000] {logging_mixin.py:154} INFO - [2023-12-05T17:59:49.534+0000] {dagbag.py:536} INFO - Filling up the DagBag from /usr/local/lib/python3.10/dist-packages/airflow/example_dags/example_xcom.py
[2023-12-05T17:59:49.548+0000] {processor.py:839} INFO - DAG(s) dict_keys(['example_xcom']) retrieved from /usr/local/lib/python3.10/dist-packages/airflow/example_dags/example_xcom.py
[2023-12-05T17:59:49.570+0000] {logging_mixin.py:154} INFO - [2023-12-05T17:59:49.570+0000] {dag.py:2941} INFO - Sync 1 DAGs
[2023-12-05T17:59:49.591+0000] {logging_mixin.py:154} INFO - [2023-12-05T17:59:49.591+0000] {dag.py:3722} INFO - Setting next_dagrun for example_xcom to 2021-01-01T00:00:00+00:00, run_after=2021-01-01T00:00:00+00:00
[2023-12-05T17:59:49.615+0000] {processor.py:179} INFO - Processing /usr/local/lib/python3.10/dist-packages/airflow/example_dags/example_xcom.py took 0.087 seconds
[2023-12-05T18:00:25.642+0000] {processor.py:157} INFO - Started process (PID=11286) to work on /usr/local/lib/python3.10/dist-packages/airflow/example_dags/example_xcom.py
[2023-12-05T18:00:25.644+0000] {processor.py:829} INFO - Processing file /usr/local/lib/python3.10/dist-packages/airflow/example_dags/example_xcom.py for tasks to queue
[2023-12-05T18:00:25.645+0000] {logging_mixin.py:154} INFO - [2023-12-05T18:00:25.644+0000] {dagbag.py:536} INFO - Filling up the DagBag from /usr/local/lib/python3.10/dist-packages/airflow/example_dags/example_xcom.py
[2023-12-05T18:00:25.659+0000] {processor.py:839} INFO - DAG(s) dict_keys(['example_xcom']) retrieved from /usr/local/lib/python3.10/dist-packages/airflow/example_dags/example_xcom.py
[2023-12-05T18:00:25.684+0000] {logging_mixin.py:154} INFO - [2023-12-05T18:00:25.684+0000] {dag.py:2941} INFO - Sync 1 DAGs
[2023-12-05T18:00:25.720+0000] {logging_mixin.py:154} INFO - [2023-12-05T18:00:25.720+0000] {dag.py:3722} INFO - Setting next_dagrun for example_xcom to 2021-01-01T00:00:00+00:00, run_after=2021-01-01T00:00:00+00:00
[2023-12-05T18:00:25.750+0000] {processor.py:179} INFO - Processing /usr/local/lib/python3.10/dist-packages/airflow/example_dags/example_xcom.py took 0.112 seconds
[2023-12-05T18:00:58.535+0000] {processor.py:157} INFO - Started process (PID=11323) to work on /usr/local/lib/python3.10/dist-packages/airflow/example_dags/example_xcom.py
[2023-12-05T18:00:58.536+0000] {processor.py:829} INFO - Processing file /usr/local/lib/python3.10/dist-packages/airflow/example_dags/example_xcom.py for tasks to queue
[2023-12-05T18:00:58.537+0000] {logging_mixin.py:154} INFO - [2023-12-05T18:00:58.537+0000] {dagbag.py:536} INFO - Filling up the DagBag from /usr/local/lib/python3.10/dist-packages/airflow/example_dags/example_xcom.py
[2023-12-05T18:00:58.546+0000] {processor.py:839} INFO - DAG(s) dict_keys(['example_xcom']) retrieved from /usr/local/lib/python3.10/dist-packages/airflow/example_dags/example_xcom.py
[2023-12-05T18:00:58.562+0000] {logging_mixin.py:154} INFO - [2023-12-05T18:00:58.562+0000] {dag.py:2941} INFO - Sync 1 DAGs
[2023-12-05T18:00:58.582+0000] {logging_mixin.py:154} INFO - [2023-12-05T18:00:58.582+0000] {dag.py:3722} INFO - Setting next_dagrun for example_xcom to 2021-01-01T00:00:00+00:00, run_after=2021-01-01T00:00:00+00:00
[2023-12-05T18:00:58.604+0000] {processor.py:179} INFO - Processing /usr/local/lib/python3.10/dist-packages/airflow/example_dags/example_xcom.py took 0.072 seconds
[2023-12-05T18:01:43.893+0000] {processor.py:157} INFO - Started process (PID=11498) to work on /usr/local/lib/python3.10/dist-packages/airflow/example_dags/example_xcom.py
[2023-12-05T18:01:43.894+0000] {processor.py:829} INFO - Processing file /usr/local/lib/python3.10/dist-packages/airflow/example_dags/example_xcom.py for tasks to queue
[2023-12-05T18:01:43.895+0000] {logging_mixin.py:154} INFO - [2023-12-05T18:01:43.895+0000] {dagbag.py:536} INFO - Filling up the DagBag from /usr/local/lib/python3.10/dist-packages/airflow/example_dags/example_xcom.py
[2023-12-05T18:01:43.903+0000] {processor.py:839} INFO - DAG(s) dict_keys(['example_xcom']) retrieved from /usr/local/lib/python3.10/dist-packages/airflow/example_dags/example_xcom.py
[2023-12-05T18:01:43.923+0000] {logging_mixin.py:154} INFO - [2023-12-05T18:01:43.922+0000] {dag.py:2941} INFO - Sync 1 DAGs
[2023-12-05T18:01:43.943+0000] {logging_mixin.py:154} INFO - [2023-12-05T18:01:43.943+0000] {dag.py:3722} INFO - Setting next_dagrun for example_xcom to 2021-01-01T00:00:00+00:00, run_after=2021-01-01T00:00:00+00:00
[2023-12-05T18:01:43.970+0000] {processor.py:179} INFO - Processing /usr/local/lib/python3.10/dist-packages/airflow/example_dags/example_xcom.py took 0.080 seconds
[2023-12-05T18:02:16.201+0000] {processor.py:157} INFO - Started process (PID=11596) to work on /usr/local/lib/python3.10/dist-packages/airflow/example_dags/example_xcom.py
[2023-12-05T18:02:16.203+0000] {processor.py:829} INFO - Processing file /usr/local/lib/python3.10/dist-packages/airflow/example_dags/example_xcom.py for tasks to queue
[2023-12-05T18:02:16.204+0000] {logging_mixin.py:154} INFO - [2023-12-05T18:02:16.203+0000] {dagbag.py:536} INFO - Filling up the DagBag from /usr/local/lib/python3.10/dist-packages/airflow/example_dags/example_xcom.py
[2023-12-05T18:02:16.212+0000] {processor.py:839} INFO - DAG(s) dict_keys(['example_xcom']) retrieved from /usr/local/lib/python3.10/dist-packages/airflow/example_dags/example_xcom.py
[2023-12-05T18:02:16.230+0000] {logging_mixin.py:154} INFO - [2023-12-05T18:02:16.230+0000] {dag.py:2941} INFO - Sync 1 DAGs
[2023-12-05T18:02:16.249+0000] {logging_mixin.py:154} INFO - [2023-12-05T18:02:16.249+0000] {dag.py:3722} INFO - Setting next_dagrun for example_xcom to 2021-01-01T00:00:00+00:00, run_after=2021-01-01T00:00:00+00:00
[2023-12-05T18:02:16.274+0000] {processor.py:179} INFO - Processing /usr/local/lib/python3.10/dist-packages/airflow/example_dags/example_xcom.py took 0.076 seconds
[2023-12-05T18:02:51.956+0000] {processor.py:157} INFO - Started process (PID=11637) to work on /usr/local/lib/python3.10/dist-packages/airflow/example_dags/example_xcom.py
[2023-12-05T18:02:51.957+0000] {processor.py:829} INFO - Processing file /usr/local/lib/python3.10/dist-packages/airflow/example_dags/example_xcom.py for tasks to queue
[2023-12-05T18:02:51.958+0000] {logging_mixin.py:154} INFO - [2023-12-05T18:02:51.958+0000] {dagbag.py:536} INFO - Filling up the DagBag from /usr/local/lib/python3.10/dist-packages/airflow/example_dags/example_xcom.py
[2023-12-05T18:02:51.965+0000] {processor.py:839} INFO - DAG(s) dict_keys(['example_xcom']) retrieved from /usr/local/lib/python3.10/dist-packages/airflow/example_dags/example_xcom.py
[2023-12-05T18:02:51.981+0000] {logging_mixin.py:154} INFO - [2023-12-05T18:02:51.981+0000] {dag.py:2941} INFO - Sync 1 DAGs
[2023-12-05T18:02:52.001+0000] {logging_mixin.py:154} INFO - [2023-12-05T18:02:52.001+0000] {dag.py:3722} INFO - Setting next_dagrun for example_xcom to 2021-01-01T00:00:00+00:00, run_after=2021-01-01T00:00:00+00:00
[2023-12-05T18:02:52.022+0000] {processor.py:179} INFO - Processing /usr/local/lib/python3.10/dist-packages/airflow/example_dags/example_xcom.py took 0.069 seconds
[2023-12-05T18:03:27.020+0000] {processor.py:157} INFO - Started process (PID=11736) to work on /usr/local/lib/python3.10/dist-packages/airflow/example_dags/example_xcom.py
[2023-12-05T18:03:27.021+0000] {processor.py:829} INFO - Processing file /usr/local/lib/python3.10/dist-packages/airflow/example_dags/example_xcom.py for tasks to queue
[2023-12-05T18:03:27.023+0000] {logging_mixin.py:154} INFO - [2023-12-05T18:03:27.022+0000] {dagbag.py:536} INFO - Filling up the DagBag from /usr/local/lib/python3.10/dist-packages/airflow/example_dags/example_xcom.py
[2023-12-05T18:03:27.031+0000] {processor.py:839} INFO - DAG(s) dict_keys(['example_xcom']) retrieved from /usr/local/lib/python3.10/dist-packages/airflow/example_dags/example_xcom.py
[2023-12-05T18:03:27.049+0000] {logging_mixin.py:154} INFO - [2023-12-05T18:03:27.048+0000] {dag.py:2941} INFO - Sync 1 DAGs
[2023-12-05T18:03:27.072+0000] {logging_mixin.py:154} INFO - [2023-12-05T18:03:27.071+0000] {dag.py:3722} INFO - Setting next_dagrun for example_xcom to 2021-01-01T00:00:00+00:00, run_after=2021-01-01T00:00:00+00:00
[2023-12-05T18:03:27.096+0000] {processor.py:179} INFO - Processing /usr/local/lib/python3.10/dist-packages/airflow/example_dags/example_xcom.py took 0.080 seconds
[2023-12-05T18:03:59.476+0000] {processor.py:157} INFO - Started process (PID=11774) to work on /usr/local/lib/python3.10/dist-packages/airflow/example_dags/example_xcom.py
[2023-12-05T18:03:59.477+0000] {processor.py:829} INFO - Processing file /usr/local/lib/python3.10/dist-packages/airflow/example_dags/example_xcom.py for tasks to queue
[2023-12-05T18:03:59.478+0000] {logging_mixin.py:154} INFO - [2023-12-05T18:03:59.478+0000] {dagbag.py:536} INFO - Filling up the DagBag from /usr/local/lib/python3.10/dist-packages/airflow/example_dags/example_xcom.py
[2023-12-05T18:03:59.487+0000] {processor.py:839} INFO - DAG(s) dict_keys(['example_xcom']) retrieved from /usr/local/lib/python3.10/dist-packages/airflow/example_dags/example_xcom.py
[2023-12-05T18:03:59.505+0000] {logging_mixin.py:154} INFO - [2023-12-05T18:03:59.505+0000] {dag.py:2941} INFO - Sync 1 DAGs
[2023-12-05T18:03:59.527+0000] {logging_mixin.py:154} INFO - [2023-12-05T18:03:59.527+0000] {dag.py:3722} INFO - Setting next_dagrun for example_xcom to 2021-01-01T00:00:00+00:00, run_after=2021-01-01T00:00:00+00:00
[2023-12-05T18:03:59.551+0000] {processor.py:179} INFO - Processing /usr/local/lib/python3.10/dist-packages/airflow/example_dags/example_xcom.py took 0.080 seconds
[2023-12-05T18:04:31.778+0000] {processor.py:157} INFO - Started process (PID=11874) to work on /usr/local/lib/python3.10/dist-packages/airflow/example_dags/example_xcom.py
[2023-12-05T18:04:31.779+0000] {processor.py:829} INFO - Processing file /usr/local/lib/python3.10/dist-packages/airflow/example_dags/example_xcom.py for tasks to queue
[2023-12-05T18:04:31.780+0000] {logging_mixin.py:154} INFO - [2023-12-05T18:04:31.779+0000] {dagbag.py:536} INFO - Filling up the DagBag from /usr/local/lib/python3.10/dist-packages/airflow/example_dags/example_xcom.py
[2023-12-05T18:04:31.787+0000] {processor.py:839} INFO - DAG(s) dict_keys(['example_xcom']) retrieved from /usr/local/lib/python3.10/dist-packages/airflow/example_dags/example_xcom.py
[2023-12-05T18:04:31.805+0000] {logging_mixin.py:154} INFO - [2023-12-05T18:04:31.804+0000] {dag.py:2941} INFO - Sync 1 DAGs
[2023-12-05T18:04:31.830+0000] {logging_mixin.py:154} INFO - [2023-12-05T18:04:31.829+0000] {dag.py:3722} INFO - Setting next_dagrun for example_xcom to 2021-01-01T00:00:00+00:00, run_after=2021-01-01T00:00:00+00:00
[2023-12-05T18:04:31.856+0000] {processor.py:179} INFO - Processing /usr/local/lib/python3.10/dist-packages/airflow/example_dags/example_xcom.py took 0.081 seconds
[2023-12-05T18:05:06.964+0000] {processor.py:157} INFO - Started process (PID=12424) to work on /usr/local/lib/python3.10/dist-packages/airflow/example_dags/example_xcom.py
[2023-12-05T18:05:06.966+0000] {processor.py:829} INFO - Processing file /usr/local/lib/python3.10/dist-packages/airflow/example_dags/example_xcom.py for tasks to queue
[2023-12-05T18:05:06.967+0000] {logging_mixin.py:154} INFO - [2023-12-05T18:05:06.966+0000] {dagbag.py:536} INFO - Filling up the DagBag from /usr/local/lib/python3.10/dist-packages/airflow/example_dags/example_xcom.py
[2023-12-05T18:05:06.979+0000] {processor.py:839} INFO - DAG(s) dict_keys(['example_xcom']) retrieved from /usr/local/lib/python3.10/dist-packages/airflow/example_dags/example_xcom.py
[2023-12-05T18:05:07.003+0000] {logging_mixin.py:154} INFO - [2023-12-05T18:05:07.003+0000] {dag.py:2941} INFO - Sync 1 DAGs
[2023-12-05T18:05:07.026+0000] {logging_mixin.py:154} INFO - [2023-12-05T18:05:07.026+0000] {dag.py:3722} INFO - Setting next_dagrun for example_xcom to 2021-01-01T00:00:00+00:00, run_after=2021-01-01T00:00:00+00:00
[2023-12-05T18:05:07.058+0000] {processor.py:179} INFO - Processing /usr/local/lib/python3.10/dist-packages/airflow/example_dags/example_xcom.py took 0.101 seconds
[2023-12-05T18:05:41.092+0000] {processor.py:157} INFO - Started process (PID=12524) to work on /usr/local/lib/python3.10/dist-packages/airflow/example_dags/example_xcom.py
[2023-12-05T18:05:41.093+0000] {processor.py:829} INFO - Processing file /usr/local/lib/python3.10/dist-packages/airflow/example_dags/example_xcom.py for tasks to queue
[2023-12-05T18:05:41.095+0000] {logging_mixin.py:154} INFO - [2023-12-05T18:05:41.094+0000] {dagbag.py:536} INFO - Filling up the DagBag from /usr/local/lib/python3.10/dist-packages/airflow/example_dags/example_xcom.py
[2023-12-05T18:05:41.105+0000] {processor.py:839} INFO - DAG(s) dict_keys(['example_xcom']) retrieved from /usr/local/lib/python3.10/dist-packages/airflow/example_dags/example_xcom.py
[2023-12-05T18:05:41.126+0000] {logging_mixin.py:154} INFO - [2023-12-05T18:05:41.126+0000] {dag.py:2941} INFO - Sync 1 DAGs
[2023-12-05T18:05:41.148+0000] {logging_mixin.py:154} INFO - [2023-12-05T18:05:41.148+0000] {dag.py:3722} INFO - Setting next_dagrun for example_xcom to 2021-01-01T00:00:00+00:00, run_after=2021-01-01T00:00:00+00:00
[2023-12-05T18:05:41.174+0000] {processor.py:179} INFO - Processing /usr/local/lib/python3.10/dist-packages/airflow/example_dags/example_xcom.py took 0.091 seconds
[2023-12-05T18:06:15.027+0000] {processor.py:157} INFO - Started process (PID=12740) to work on /usr/local/lib/python3.10/dist-packages/airflow/example_dags/example_xcom.py
[2023-12-05T18:06:15.029+0000] {processor.py:829} INFO - Processing file /usr/local/lib/python3.10/dist-packages/airflow/example_dags/example_xcom.py for tasks to queue
[2023-12-05T18:06:15.032+0000] {logging_mixin.py:154} INFO - [2023-12-05T18:06:15.030+0000] {dagbag.py:536} INFO - Filling up the DagBag from /usr/local/lib/python3.10/dist-packages/airflow/example_dags/example_xcom.py
[2023-12-05T18:06:15.047+0000] {processor.py:839} INFO - DAG(s) dict_keys(['example_xcom']) retrieved from /usr/local/lib/python3.10/dist-packages/airflow/example_dags/example_xcom.py
[2023-12-05T18:06:15.078+0000] {logging_mixin.py:154} INFO - [2023-12-05T18:06:15.078+0000] {dag.py:2941} INFO - Sync 1 DAGs
[2023-12-05T18:06:15.113+0000] {logging_mixin.py:154} INFO - [2023-12-05T18:06:15.112+0000] {dag.py:3722} INFO - Setting next_dagrun for example_xcom to 2021-01-01T00:00:00+00:00, run_after=2021-01-01T00:00:00+00:00
[2023-12-05T18:06:15.139+0000] {processor.py:179} INFO - Processing /usr/local/lib/python3.10/dist-packages/airflow/example_dags/example_xcom.py took 0.122 seconds
[2023-12-05T18:06:50.073+0000] {processor.py:157} INFO - Started process (PID=12784) to work on /usr/local/lib/python3.10/dist-packages/airflow/example_dags/example_xcom.py
[2023-12-05T18:06:50.075+0000] {processor.py:829} INFO - Processing file /usr/local/lib/python3.10/dist-packages/airflow/example_dags/example_xcom.py for tasks to queue
[2023-12-05T18:06:50.076+0000] {logging_mixin.py:154} INFO - [2023-12-05T18:06:50.075+0000] {dagbag.py:536} INFO - Filling up the DagBag from /usr/local/lib/python3.10/dist-packages/airflow/example_dags/example_xcom.py
[2023-12-05T18:06:50.085+0000] {processor.py:839} INFO - DAG(s) dict_keys(['example_xcom']) retrieved from /usr/local/lib/python3.10/dist-packages/airflow/example_dags/example_xcom.py
[2023-12-05T18:06:50.105+0000] {logging_mixin.py:154} INFO - [2023-12-05T18:06:50.105+0000] {dag.py:2941} INFO - Sync 1 DAGs
[2023-12-05T18:06:50.127+0000] {logging_mixin.py:154} INFO - [2023-12-05T18:06:50.127+0000] {dag.py:3722} INFO - Setting next_dagrun for example_xcom to 2021-01-01T00:00:00+00:00, run_after=2021-01-01T00:00:00+00:00
[2023-12-05T18:06:50.150+0000] {processor.py:179} INFO - Processing /usr/local/lib/python3.10/dist-packages/airflow/example_dags/example_xcom.py took 0.089 seconds
[2023-12-05T18:07:27.324+0000] {processor.py:157} INFO - Started process (PID=13063) to work on /usr/local/lib/python3.10/dist-packages/airflow/example_dags/example_xcom.py
[2023-12-05T18:07:27.328+0000] {processor.py:829} INFO - Processing file /usr/local/lib/python3.10/dist-packages/airflow/example_dags/example_xcom.py for tasks to queue
[2023-12-05T18:07:27.329+0000] {logging_mixin.py:154} INFO - [2023-12-05T18:07:27.329+0000] {dagbag.py:536} INFO - Filling up the DagBag from /usr/local/lib/python3.10/dist-packages/airflow/example_dags/example_xcom.py
[2023-12-05T18:07:27.342+0000] {processor.py:839} INFO - DAG(s) dict_keys(['example_xcom']) retrieved from /usr/local/lib/python3.10/dist-packages/airflow/example_dags/example_xcom.py
[2023-12-05T18:07:27.359+0000] {logging_mixin.py:154} INFO - [2023-12-05T18:07:27.359+0000] {dag.py:2941} INFO - Sync 1 DAGs
[2023-12-05T18:07:27.383+0000] {logging_mixin.py:154} INFO - [2023-12-05T18:07:27.383+0000] {dag.py:3722} INFO - Setting next_dagrun for example_xcom to 2021-01-01T00:00:00+00:00, run_after=2021-01-01T00:00:00+00:00
[2023-12-05T18:07:27.407+0000] {processor.py:179} INFO - Processing /usr/local/lib/python3.10/dist-packages/airflow/example_dags/example_xcom.py took 0.088 seconds
[2023-12-05T18:08:02.909+0000] {processor.py:157} INFO - Started process (PID=13112) to work on /usr/local/lib/python3.10/dist-packages/airflow/example_dags/example_xcom.py
[2023-12-05T18:08:02.911+0000] {processor.py:829} INFO - Processing file /usr/local/lib/python3.10/dist-packages/airflow/example_dags/example_xcom.py for tasks to queue
[2023-12-05T18:08:02.913+0000] {logging_mixin.py:154} INFO - [2023-12-05T18:08:02.912+0000] {dagbag.py:536} INFO - Filling up the DagBag from /usr/local/lib/python3.10/dist-packages/airflow/example_dags/example_xcom.py
[2023-12-05T18:08:02.923+0000] {processor.py:839} INFO - DAG(s) dict_keys(['example_xcom']) retrieved from /usr/local/lib/python3.10/dist-packages/airflow/example_dags/example_xcom.py
[2023-12-05T18:08:02.947+0000] {logging_mixin.py:154} INFO - [2023-12-05T18:08:02.947+0000] {dag.py:2941} INFO - Sync 1 DAGs
[2023-12-05T18:08:02.972+0000] {logging_mixin.py:154} INFO - [2023-12-05T18:08:02.972+0000] {dag.py:3722} INFO - Setting next_dagrun for example_xcom to 2021-01-01T00:00:00+00:00, run_after=2021-01-01T00:00:00+00:00
[2023-12-05T18:08:03.004+0000] {processor.py:179} INFO - Processing /usr/local/lib/python3.10/dist-packages/airflow/example_dags/example_xcom.py took 0.099 seconds
[2023-12-05T18:08:43.903+0000] {processor.py:157} INFO - Started process (PID=13363) to work on /usr/local/lib/python3.10/dist-packages/airflow/example_dags/example_xcom.py
[2023-12-05T18:08:43.906+0000] {processor.py:829} INFO - Processing file /usr/local/lib/python3.10/dist-packages/airflow/example_dags/example_xcom.py for tasks to queue
[2023-12-05T18:08:43.913+0000] {logging_mixin.py:154} INFO - [2023-12-05T18:08:43.911+0000] {dagbag.py:536} INFO - Filling up the DagBag from /usr/local/lib/python3.10/dist-packages/airflow/example_dags/example_xcom.py
[2023-12-05T18:08:43.936+0000] {processor.py:839} INFO - DAG(s) dict_keys(['example_xcom']) retrieved from /usr/local/lib/python3.10/dist-packages/airflow/example_dags/example_xcom.py
[2023-12-05T18:08:43.975+0000] {logging_mixin.py:154} INFO - [2023-12-05T18:08:43.974+0000] {dag.py:2941} INFO - Sync 1 DAGs
[2023-12-05T18:08:44.011+0000] {logging_mixin.py:154} INFO - [2023-12-05T18:08:44.010+0000] {dag.py:3722} INFO - Setting next_dagrun for example_xcom to 2021-01-01T00:00:00+00:00, run_after=2021-01-01T00:00:00+00:00
[2023-12-05T18:08:44.053+0000] {processor.py:179} INFO - Processing /usr/local/lib/python3.10/dist-packages/airflow/example_dags/example_xcom.py took 0.153 seconds
[2023-12-05T18:09:20.760+0000] {processor.py:157} INFO - Started process (PID=13624) to work on /usr/local/lib/python3.10/dist-packages/airflow/example_dags/example_xcom.py
[2023-12-05T18:09:20.762+0000] {processor.py:829} INFO - Processing file /usr/local/lib/python3.10/dist-packages/airflow/example_dags/example_xcom.py for tasks to queue
[2023-12-05T18:09:20.763+0000] {logging_mixin.py:154} INFO - [2023-12-05T18:09:20.762+0000] {dagbag.py:536} INFO - Filling up the DagBag from /usr/local/lib/python3.10/dist-packages/airflow/example_dags/example_xcom.py
[2023-12-05T18:09:20.772+0000] {processor.py:839} INFO - DAG(s) dict_keys(['example_xcom']) retrieved from /usr/local/lib/python3.10/dist-packages/airflow/example_dags/example_xcom.py
[2023-12-05T18:09:20.791+0000] {logging_mixin.py:154} INFO - [2023-12-05T18:09:20.791+0000] {dag.py:2941} INFO - Sync 1 DAGs
[2023-12-05T18:09:20.813+0000] {logging_mixin.py:154} INFO - [2023-12-05T18:09:20.812+0000] {dag.py:3722} INFO - Setting next_dagrun for example_xcom to 2021-01-01T00:00:00+00:00, run_after=2021-01-01T00:00:00+00:00
[2023-12-05T18:09:20.835+0000] {processor.py:179} INFO - Processing /usr/local/lib/python3.10/dist-packages/airflow/example_dags/example_xcom.py took 0.079 seconds
[2023-12-05T18:09:53.154+0000] {processor.py:157} INFO - Started process (PID=13662) to work on /usr/local/lib/python3.10/dist-packages/airflow/example_dags/example_xcom.py
[2023-12-05T18:09:53.156+0000] {processor.py:829} INFO - Processing file /usr/local/lib/python3.10/dist-packages/airflow/example_dags/example_xcom.py for tasks to queue
[2023-12-05T18:09:53.157+0000] {logging_mixin.py:154} INFO - [2023-12-05T18:09:53.156+0000] {dagbag.py:536} INFO - Filling up the DagBag from /usr/local/lib/python3.10/dist-packages/airflow/example_dags/example_xcom.py
[2023-12-05T18:09:53.166+0000] {processor.py:839} INFO - DAG(s) dict_keys(['example_xcom']) retrieved from /usr/local/lib/python3.10/dist-packages/airflow/example_dags/example_xcom.py
[2023-12-05T18:09:53.194+0000] {logging_mixin.py:154} INFO - [2023-12-05T18:09:53.193+0000] {dag.py:2941} INFO - Sync 1 DAGs
[2023-12-05T18:09:53.222+0000] {logging_mixin.py:154} INFO - [2023-12-05T18:09:53.222+0000] {dag.py:3722} INFO - Setting next_dagrun for example_xcom to 2021-01-01T00:00:00+00:00, run_after=2021-01-01T00:00:00+00:00
[2023-12-05T18:09:53.248+0000] {processor.py:179} INFO - Processing /usr/local/lib/python3.10/dist-packages/airflow/example_dags/example_xcom.py took 0.098 seconds
[2023-12-05T18:10:25.423+0000] {processor.py:157} INFO - Started process (PID=13760) to work on /usr/local/lib/python3.10/dist-packages/airflow/example_dags/example_xcom.py
[2023-12-05T18:10:25.426+0000] {processor.py:829} INFO - Processing file /usr/local/lib/python3.10/dist-packages/airflow/example_dags/example_xcom.py for tasks to queue
[2023-12-05T18:10:25.430+0000] {logging_mixin.py:154} INFO - [2023-12-05T18:10:25.429+0000] {dagbag.py:536} INFO - Filling up the DagBag from /usr/local/lib/python3.10/dist-packages/airflow/example_dags/example_xcom.py
[2023-12-05T18:10:25.448+0000] {processor.py:839} INFO - DAG(s) dict_keys(['example_xcom']) retrieved from /usr/local/lib/python3.10/dist-packages/airflow/example_dags/example_xcom.py
[2023-12-05T18:10:25.475+0000] {logging_mixin.py:154} INFO - [2023-12-05T18:10:25.474+0000] {dag.py:2941} INFO - Sync 1 DAGs
[2023-12-05T18:10:25.497+0000] {logging_mixin.py:154} INFO - [2023-12-05T18:10:25.496+0000] {dag.py:3722} INFO - Setting next_dagrun for example_xcom to 2021-01-01T00:00:00+00:00, run_after=2021-01-01T00:00:00+00:00
[2023-12-05T18:10:25.521+0000] {processor.py:179} INFO - Processing /usr/local/lib/python3.10/dist-packages/airflow/example_dags/example_xcom.py took 0.102 seconds
