[2023-12-05T17:46:25.466+0000] {processor.py:157} INFO - Started process (PID=9259) to work on /usr/local/lib/python3.10/dist-packages/airflow/example_dags/example_setup_teardown.py
[2023-12-05T17:46:25.467+0000] {processor.py:829} INFO - Processing file /usr/local/lib/python3.10/dist-packages/airflow/example_dags/example_setup_teardown.py for tasks to queue
[2023-12-05T17:46:25.468+0000] {logging_mixin.py:154} INFO - [2023-12-05T17:46:25.468+0000] {dagbag.py:536} INFO - Filling up the DagBag from /usr/local/lib/python3.10/dist-packages/airflow/example_dags/example_setup_teardown.py
[2023-12-05T17:46:25.487+0000] {processor.py:839} INFO - DAG(s) dict_keys(['example_setup_teardown']) retrieved from /usr/local/lib/python3.10/dist-packages/airflow/example_dags/example_setup_teardown.py
[2023-12-05T17:46:25.504+0000] {logging_mixin.py:154} INFO - [2023-12-05T17:46:25.503+0000] {dag.py:2941} INFO - Sync 1 DAGs
[2023-12-05T17:46:25.544+0000] {logging_mixin.py:154} INFO - [2023-12-05T17:46:25.544+0000] {dag.py:3722} INFO - Setting next_dagrun for example_setup_teardown to 2023-12-04T17:46:25.544013+00:00, run_after=2023-12-05T17:46:25.544013+00:00
[2023-12-05T17:46:25.577+0000] {processor.py:179} INFO - Processing /usr/local/lib/python3.10/dist-packages/airflow/example_dags/example_setup_teardown.py took 0.115 seconds
[2023-12-05T17:47:15.060+0000] {processor.py:157} INFO - Started process (PID=9370) to work on /usr/local/lib/python3.10/dist-packages/airflow/example_dags/example_setup_teardown.py
[2023-12-05T17:47:15.062+0000] {processor.py:829} INFO - Processing file /usr/local/lib/python3.10/dist-packages/airflow/example_dags/example_setup_teardown.py for tasks to queue
[2023-12-05T17:47:15.064+0000] {logging_mixin.py:154} INFO - [2023-12-05T17:47:15.064+0000] {dagbag.py:536} INFO - Filling up the DagBag from /usr/local/lib/python3.10/dist-packages/airflow/example_dags/example_setup_teardown.py
[2023-12-05T17:47:15.076+0000] {processor.py:839} INFO - DAG(s) dict_keys(['example_setup_teardown']) retrieved from /usr/local/lib/python3.10/dist-packages/airflow/example_dags/example_setup_teardown.py
[2023-12-05T17:47:15.098+0000] {logging_mixin.py:154} INFO - [2023-12-05T17:47:15.098+0000] {dag.py:2941} INFO - Sync 1 DAGs
[2023-12-05T17:47:15.129+0000] {logging_mixin.py:154} INFO - [2023-12-05T17:47:15.129+0000] {dag.py:3722} INFO - Setting next_dagrun for example_setup_teardown to 2023-12-04T17:47:15.128681+00:00, run_after=2023-12-05T17:47:15.128681+00:00
[2023-12-05T17:47:15.161+0000] {processor.py:179} INFO - Processing /usr/local/lib/python3.10/dist-packages/airflow/example_dags/example_setup_teardown.py took 0.106 seconds
[2023-12-05T17:48:03.744+0000] {processor.py:157} INFO - Started process (PID=9423) to work on /usr/local/lib/python3.10/dist-packages/airflow/example_dags/example_setup_teardown.py
[2023-12-05T17:48:03.745+0000] {processor.py:829} INFO - Processing file /usr/local/lib/python3.10/dist-packages/airflow/example_dags/example_setup_teardown.py for tasks to queue
[2023-12-05T17:48:03.747+0000] {logging_mixin.py:154} INFO - [2023-12-05T17:48:03.746+0000] {dagbag.py:536} INFO - Filling up the DagBag from /usr/local/lib/python3.10/dist-packages/airflow/example_dags/example_setup_teardown.py
[2023-12-05T17:48:03.754+0000] {processor.py:839} INFO - DAG(s) dict_keys(['example_setup_teardown']) retrieved from /usr/local/lib/python3.10/dist-packages/airflow/example_dags/example_setup_teardown.py
[2023-12-05T17:48:03.779+0000] {logging_mixin.py:154} INFO - [2023-12-05T17:48:03.779+0000] {dag.py:2941} INFO - Sync 1 DAGs
[2023-12-05T17:48:03.813+0000] {logging_mixin.py:154} INFO - [2023-12-05T17:48:03.813+0000] {dag.py:3722} INFO - Setting next_dagrun for example_setup_teardown to 2023-12-04T17:48:03.813346+00:00, run_after=2023-12-05T17:48:03.813346+00:00
[2023-12-05T17:48:03.845+0000] {processor.py:179} INFO - Processing /usr/local/lib/python3.10/dist-packages/airflow/example_dags/example_setup_teardown.py took 0.110 seconds
[2023-12-05T17:48:57.310+0000] {processor.py:157} INFO - Started process (PID=9600) to work on /usr/local/lib/python3.10/dist-packages/airflow/example_dags/example_setup_teardown.py
[2023-12-05T17:48:57.312+0000] {processor.py:829} INFO - Processing file /usr/local/lib/python3.10/dist-packages/airflow/example_dags/example_setup_teardown.py for tasks to queue
[2023-12-05T17:48:57.313+0000] {logging_mixin.py:154} INFO - [2023-12-05T17:48:57.312+0000] {dagbag.py:536} INFO - Filling up the DagBag from /usr/local/lib/python3.10/dist-packages/airflow/example_dags/example_setup_teardown.py
[2023-12-05T17:48:57.324+0000] {processor.py:839} INFO - DAG(s) dict_keys(['example_setup_teardown']) retrieved from /usr/local/lib/python3.10/dist-packages/airflow/example_dags/example_setup_teardown.py
[2023-12-05T17:48:57.344+0000] {logging_mixin.py:154} INFO - [2023-12-05T17:48:57.343+0000] {dag.py:2941} INFO - Sync 1 DAGs
[2023-12-05T17:48:57.371+0000] {logging_mixin.py:154} INFO - [2023-12-05T17:48:57.371+0000] {dag.py:3722} INFO - Setting next_dagrun for example_setup_teardown to 2023-12-04T17:48:57.370915+00:00, run_after=2023-12-05T17:48:57.370915+00:00
[2023-12-05T17:48:57.417+0000] {processor.py:179} INFO - Processing /usr/local/lib/python3.10/dist-packages/airflow/example_dags/example_setup_teardown.py took 0.111 seconds
[2023-12-05T17:49:50.405+0000] {processor.py:157} INFO - Started process (PID=9718) to work on /usr/local/lib/python3.10/dist-packages/airflow/example_dags/example_setup_teardown.py
[2023-12-05T17:49:50.406+0000] {processor.py:829} INFO - Processing file /usr/local/lib/python3.10/dist-packages/airflow/example_dags/example_setup_teardown.py for tasks to queue
[2023-12-05T17:49:50.407+0000] {logging_mixin.py:154} INFO - [2023-12-05T17:49:50.407+0000] {dagbag.py:536} INFO - Filling up the DagBag from /usr/local/lib/python3.10/dist-packages/airflow/example_dags/example_setup_teardown.py
[2023-12-05T17:49:50.421+0000] {processor.py:839} INFO - DAG(s) dict_keys(['example_setup_teardown']) retrieved from /usr/local/lib/python3.10/dist-packages/airflow/example_dags/example_setup_teardown.py
[2023-12-05T17:49:50.457+0000] {logging_mixin.py:154} INFO - [2023-12-05T17:49:50.457+0000] {dag.py:2941} INFO - Sync 1 DAGs
[2023-12-05T17:49:50.479+0000] {logging_mixin.py:154} INFO - [2023-12-05T17:49:50.479+0000] {dag.py:3722} INFO - Setting next_dagrun for example_setup_teardown to 2023-12-04T17:49:50.479176+00:00, run_after=2023-12-05T17:49:50.479176+00:00
[2023-12-05T17:49:50.505+0000] {processor.py:179} INFO - Processing /usr/local/lib/python3.10/dist-packages/airflow/example_dags/example_setup_teardown.py took 0.105 seconds
[2023-12-05T17:50:43.500+0000] {processor.py:157} INFO - Started process (PID=9840) to work on /usr/local/lib/python3.10/dist-packages/airflow/example_dags/example_setup_teardown.py
[2023-12-05T17:50:43.505+0000] {processor.py:829} INFO - Processing file /usr/local/lib/python3.10/dist-packages/airflow/example_dags/example_setup_teardown.py for tasks to queue
[2023-12-05T17:50:43.507+0000] {logging_mixin.py:154} INFO - [2023-12-05T17:50:43.506+0000] {dagbag.py:536} INFO - Filling up the DagBag from /usr/local/lib/python3.10/dist-packages/airflow/example_dags/example_setup_teardown.py
[2023-12-05T17:50:43.521+0000] {processor.py:839} INFO - DAG(s) dict_keys(['example_setup_teardown']) retrieved from /usr/local/lib/python3.10/dist-packages/airflow/example_dags/example_setup_teardown.py
[2023-12-05T17:50:43.558+0000] {logging_mixin.py:154} INFO - [2023-12-05T17:50:43.558+0000] {dag.py:2941} INFO - Sync 1 DAGs
[2023-12-05T17:50:43.618+0000] {logging_mixin.py:154} INFO - [2023-12-05T17:50:43.617+0000] {dag.py:3722} INFO - Setting next_dagrun for example_setup_teardown to 2023-12-04T17:50:43.617692+00:00, run_after=2023-12-05T17:50:43.617692+00:00
[2023-12-05T17:50:43.670+0000] {processor.py:179} INFO - Processing /usr/local/lib/python3.10/dist-packages/airflow/example_dags/example_setup_teardown.py took 0.181 seconds
[2023-12-05T17:51:36.283+0000] {processor.py:157} INFO - Started process (PID=10017) to work on /usr/local/lib/python3.10/dist-packages/airflow/example_dags/example_setup_teardown.py
[2023-12-05T17:51:36.285+0000] {processor.py:829} INFO - Processing file /usr/local/lib/python3.10/dist-packages/airflow/example_dags/example_setup_teardown.py for tasks to queue
[2023-12-05T17:51:36.285+0000] {logging_mixin.py:154} INFO - [2023-12-05T17:51:36.285+0000] {dagbag.py:536} INFO - Filling up the DagBag from /usr/local/lib/python3.10/dist-packages/airflow/example_dags/example_setup_teardown.py
[2023-12-05T17:51:36.293+0000] {processor.py:839} INFO - DAG(s) dict_keys(['example_setup_teardown']) retrieved from /usr/local/lib/python3.10/dist-packages/airflow/example_dags/example_setup_teardown.py
[2023-12-05T17:51:36.309+0000] {logging_mixin.py:154} INFO - [2023-12-05T17:51:36.308+0000] {dag.py:2941} INFO - Sync 1 DAGs
[2023-12-05T17:51:36.329+0000] {logging_mixin.py:154} INFO - [2023-12-05T17:51:36.329+0000] {dag.py:3722} INFO - Setting next_dagrun for example_setup_teardown to 2023-12-04T17:51:36.329182+00:00, run_after=2023-12-05T17:51:36.329182+00:00
[2023-12-05T17:51:36.352+0000] {processor.py:179} INFO - Processing /usr/local/lib/python3.10/dist-packages/airflow/example_dags/example_setup_teardown.py took 0.072 seconds
[2023-12-05T17:52:25.865+0000] {processor.py:157} INFO - Started process (PID=10134) to work on /usr/local/lib/python3.10/dist-packages/airflow/example_dags/example_setup_teardown.py
[2023-12-05T17:52:25.870+0000] {processor.py:829} INFO - Processing file /usr/local/lib/python3.10/dist-packages/airflow/example_dags/example_setup_teardown.py for tasks to queue
[2023-12-05T17:52:25.871+0000] {logging_mixin.py:154} INFO - [2023-12-05T17:52:25.870+0000] {dagbag.py:536} INFO - Filling up the DagBag from /usr/local/lib/python3.10/dist-packages/airflow/example_dags/example_setup_teardown.py
[2023-12-05T17:52:25.887+0000] {processor.py:839} INFO - DAG(s) dict_keys(['example_setup_teardown']) retrieved from /usr/local/lib/python3.10/dist-packages/airflow/example_dags/example_setup_teardown.py
[2023-12-05T17:52:25.906+0000] {logging_mixin.py:154} INFO - [2023-12-05T17:52:25.906+0000] {dag.py:2941} INFO - Sync 1 DAGs
[2023-12-05T17:52:25.928+0000] {logging_mixin.py:154} INFO - [2023-12-05T17:52:25.928+0000] {dag.py:3722} INFO - Setting next_dagrun for example_setup_teardown to 2023-12-04T17:52:25.927782+00:00, run_after=2023-12-05T17:52:25.927782+00:00
[2023-12-05T17:52:25.951+0000] {processor.py:179} INFO - Processing /usr/local/lib/python3.10/dist-packages/airflow/example_dags/example_setup_teardown.py took 0.094 seconds
[2023-12-05T17:53:18.078+0000] {processor.py:157} INFO - Started process (PID=10315) to work on /usr/local/lib/python3.10/dist-packages/airflow/example_dags/example_setup_teardown.py
[2023-12-05T17:53:18.080+0000] {processor.py:829} INFO - Processing file /usr/local/lib/python3.10/dist-packages/airflow/example_dags/example_setup_teardown.py for tasks to queue
[2023-12-05T17:53:18.080+0000] {logging_mixin.py:154} INFO - [2023-12-05T17:53:18.080+0000] {dagbag.py:536} INFO - Filling up the DagBag from /usr/local/lib/python3.10/dist-packages/airflow/example_dags/example_setup_teardown.py
[2023-12-05T17:53:18.090+0000] {processor.py:839} INFO - DAG(s) dict_keys(['example_setup_teardown']) retrieved from /usr/local/lib/python3.10/dist-packages/airflow/example_dags/example_setup_teardown.py
[2023-12-05T17:53:18.111+0000] {logging_mixin.py:154} INFO - [2023-12-05T17:53:18.111+0000] {dag.py:2941} INFO - Sync 1 DAGs
[2023-12-05T17:53:18.137+0000] {logging_mixin.py:154} INFO - [2023-12-05T17:53:18.137+0000] {dag.py:3722} INFO - Setting next_dagrun for example_setup_teardown to 2023-12-04T17:53:18.137028+00:00, run_after=2023-12-05T17:53:18.137028+00:00
[2023-12-05T17:53:18.161+0000] {processor.py:179} INFO - Processing /usr/local/lib/python3.10/dist-packages/airflow/example_dags/example_setup_teardown.py took 0.087 seconds
[2023-12-05T17:54:07.737+0000] {processor.py:157} INFO - Started process (PID=10432) to work on /usr/local/lib/python3.10/dist-packages/airflow/example_dags/example_setup_teardown.py
[2023-12-05T17:54:07.742+0000] {processor.py:829} INFO - Processing file /usr/local/lib/python3.10/dist-packages/airflow/example_dags/example_setup_teardown.py for tasks to queue
[2023-12-05T17:54:07.743+0000] {logging_mixin.py:154} INFO - [2023-12-05T17:54:07.743+0000] {dagbag.py:536} INFO - Filling up the DagBag from /usr/local/lib/python3.10/dist-packages/airflow/example_dags/example_setup_teardown.py
[2023-12-05T17:54:07.760+0000] {processor.py:839} INFO - DAG(s) dict_keys(['example_setup_teardown']) retrieved from /usr/local/lib/python3.10/dist-packages/airflow/example_dags/example_setup_teardown.py
[2023-12-05T17:54:07.804+0000] {logging_mixin.py:154} INFO - [2023-12-05T17:54:07.804+0000] {dag.py:2941} INFO - Sync 1 DAGs
[2023-12-05T17:54:07.842+0000] {logging_mixin.py:154} INFO - [2023-12-05T17:54:07.842+0000] {dag.py:3722} INFO - Setting next_dagrun for example_setup_teardown to 2023-12-04T17:54:07.841843+00:00, run_after=2023-12-05T17:54:07.841843+00:00
[2023-12-05T17:54:07.878+0000] {processor.py:179} INFO - Processing /usr/local/lib/python3.10/dist-packages/airflow/example_dags/example_setup_teardown.py took 0.150 seconds
[2023-12-05T17:55:00.562+0000] {processor.py:157} INFO - Started process (PID=10490) to work on /usr/local/lib/python3.10/dist-packages/airflow/example_dags/example_setup_teardown.py
[2023-12-05T17:55:00.567+0000] {processor.py:829} INFO - Processing file /usr/local/lib/python3.10/dist-packages/airflow/example_dags/example_setup_teardown.py for tasks to queue
[2023-12-05T17:55:00.568+0000] {logging_mixin.py:154} INFO - [2023-12-05T17:55:00.567+0000] {dagbag.py:536} INFO - Filling up the DagBag from /usr/local/lib/python3.10/dist-packages/airflow/example_dags/example_setup_teardown.py
[2023-12-05T17:55:00.585+0000] {processor.py:839} INFO - DAG(s) dict_keys(['example_setup_teardown']) retrieved from /usr/local/lib/python3.10/dist-packages/airflow/example_dags/example_setup_teardown.py
[2023-12-05T17:55:00.603+0000] {logging_mixin.py:154} INFO - [2023-12-05T17:55:00.603+0000] {dag.py:2941} INFO - Sync 1 DAGs
[2023-12-05T17:55:00.634+0000] {logging_mixin.py:154} INFO - [2023-12-05T17:55:00.633+0000] {dag.py:3722} INFO - Setting next_dagrun for example_setup_teardown to 2023-12-04T17:55:00.633594+00:00, run_after=2023-12-05T17:55:00.633594+00:00
[2023-12-05T17:55:00.695+0000] {processor.py:179} INFO - Processing /usr/local/lib/python3.10/dist-packages/airflow/example_dags/example_setup_teardown.py took 0.139 seconds
[2023-12-05T17:55:52.657+0000] {processor.py:157} INFO - Started process (PID=10610) to work on /usr/local/lib/python3.10/dist-packages/airflow/example_dags/example_setup_teardown.py
[2023-12-05T17:55:52.658+0000] {processor.py:829} INFO - Processing file /usr/local/lib/python3.10/dist-packages/airflow/example_dags/example_setup_teardown.py for tasks to queue
[2023-12-05T17:55:52.659+0000] {logging_mixin.py:154} INFO - [2023-12-05T17:55:52.659+0000] {dagbag.py:536} INFO - Filling up the DagBag from /usr/local/lib/python3.10/dist-packages/airflow/example_dags/example_setup_teardown.py
[2023-12-05T17:55:52.668+0000] {processor.py:839} INFO - DAG(s) dict_keys(['example_setup_teardown']) retrieved from /usr/local/lib/python3.10/dist-packages/airflow/example_dags/example_setup_teardown.py
[2023-12-05T17:55:52.695+0000] {logging_mixin.py:154} INFO - [2023-12-05T17:55:52.695+0000] {dag.py:2941} INFO - Sync 1 DAGs
[2023-12-05T17:55:52.723+0000] {logging_mixin.py:154} INFO - [2023-12-05T17:55:52.723+0000] {dag.py:3722} INFO - Setting next_dagrun for example_setup_teardown to 2023-12-04T17:55:52.722874+00:00, run_after=2023-12-05T17:55:52.722874+00:00
[2023-12-05T17:55:52.752+0000] {processor.py:179} INFO - Processing /usr/local/lib/python3.10/dist-packages/airflow/example_dags/example_setup_teardown.py took 0.100 seconds
[2023-12-05T17:56:42.155+0000] {processor.py:157} INFO - Started process (PID=10788) to work on /usr/local/lib/python3.10/dist-packages/airflow/example_dags/example_setup_teardown.py
[2023-12-05T17:56:42.157+0000] {processor.py:829} INFO - Processing file /usr/local/lib/python3.10/dist-packages/airflow/example_dags/example_setup_teardown.py for tasks to queue
[2023-12-05T17:56:42.158+0000] {logging_mixin.py:154} INFO - [2023-12-05T17:56:42.157+0000] {dagbag.py:536} INFO - Filling up the DagBag from /usr/local/lib/python3.10/dist-packages/airflow/example_dags/example_setup_teardown.py
[2023-12-05T17:56:42.168+0000] {processor.py:839} INFO - DAG(s) dict_keys(['example_setup_teardown']) retrieved from /usr/local/lib/python3.10/dist-packages/airflow/example_dags/example_setup_teardown.py
[2023-12-05T17:56:42.193+0000] {logging_mixin.py:154} INFO - [2023-12-05T17:56:42.192+0000] {dag.py:2941} INFO - Sync 1 DAGs
[2023-12-05T17:56:42.220+0000] {logging_mixin.py:154} INFO - [2023-12-05T17:56:42.220+0000] {dag.py:3722} INFO - Setting next_dagrun for example_setup_teardown to 2023-12-04T17:56:42.220187+00:00, run_after=2023-12-05T17:56:42.220187+00:00
[2023-12-05T17:56:42.253+0000] {processor.py:179} INFO - Processing /usr/local/lib/python3.10/dist-packages/airflow/example_dags/example_setup_teardown.py took 0.102 seconds
[2023-12-05T17:57:39.293+0000] {processor.py:157} INFO - Started process (PID=10910) to work on /usr/local/lib/python3.10/dist-packages/airflow/example_dags/example_setup_teardown.py
[2023-12-05T17:57:39.295+0000] {processor.py:829} INFO - Processing file /usr/local/lib/python3.10/dist-packages/airflow/example_dags/example_setup_teardown.py for tasks to queue
[2023-12-05T17:57:39.296+0000] {logging_mixin.py:154} INFO - [2023-12-05T17:57:39.296+0000] {dagbag.py:536} INFO - Filling up the DagBag from /usr/local/lib/python3.10/dist-packages/airflow/example_dags/example_setup_teardown.py
[2023-12-05T17:57:39.314+0000] {processor.py:839} INFO - DAG(s) dict_keys(['example_setup_teardown']) retrieved from /usr/local/lib/python3.10/dist-packages/airflow/example_dags/example_setup_teardown.py
[2023-12-05T17:57:39.346+0000] {logging_mixin.py:154} INFO - [2023-12-05T17:57:39.346+0000] {dag.py:2941} INFO - Sync 1 DAGs
[2023-12-05T17:57:39.382+0000] {logging_mixin.py:154} INFO - [2023-12-05T17:57:39.381+0000] {dag.py:3722} INFO - Setting next_dagrun for example_setup_teardown to 2023-12-04T17:57:39.381566+00:00, run_after=2023-12-05T17:57:39.381566+00:00
[2023-12-05T17:57:39.411+0000] {processor.py:179} INFO - Processing /usr/local/lib/python3.10/dist-packages/airflow/example_dags/example_setup_teardown.py took 0.122 seconds
[2023-12-05T17:58:35.056+0000] {processor.py:157} INFO - Started process (PID=11041) to work on /usr/local/lib/python3.10/dist-packages/airflow/example_dags/example_setup_teardown.py
[2023-12-05T17:58:35.058+0000] {processor.py:829} INFO - Processing file /usr/local/lib/python3.10/dist-packages/airflow/example_dags/example_setup_teardown.py for tasks to queue
[2023-12-05T17:58:35.059+0000] {logging_mixin.py:154} INFO - [2023-12-05T17:58:35.058+0000] {dagbag.py:536} INFO - Filling up the DagBag from /usr/local/lib/python3.10/dist-packages/airflow/example_dags/example_setup_teardown.py
[2023-12-05T17:58:35.068+0000] {processor.py:839} INFO - DAG(s) dict_keys(['example_setup_teardown']) retrieved from /usr/local/lib/python3.10/dist-packages/airflow/example_dags/example_setup_teardown.py
[2023-12-05T17:58:35.084+0000] {logging_mixin.py:154} INFO - [2023-12-05T17:58:35.084+0000] {dag.py:2941} INFO - Sync 1 DAGs
[2023-12-05T17:58:35.102+0000] {logging_mixin.py:154} INFO - [2023-12-05T17:58:35.102+0000] {dag.py:3722} INFO - Setting next_dagrun for example_setup_teardown to 2023-12-04T17:58:35.102206+00:00, run_after=2023-12-05T17:58:35.102206+00:00
[2023-12-05T17:58:35.129+0000] {processor.py:179} INFO - Processing /usr/local/lib/python3.10/dist-packages/airflow/example_dags/example_setup_teardown.py took 0.076 seconds
[2023-12-05T17:59:24.862+0000] {processor.py:157} INFO - Started process (PID=11159) to work on /usr/local/lib/python3.10/dist-packages/airflow/example_dags/example_setup_teardown.py
[2023-12-05T17:59:24.864+0000] {processor.py:829} INFO - Processing file /usr/local/lib/python3.10/dist-packages/airflow/example_dags/example_setup_teardown.py for tasks to queue
[2023-12-05T17:59:24.864+0000] {logging_mixin.py:154} INFO - [2023-12-05T17:59:24.864+0000] {dagbag.py:536} INFO - Filling up the DagBag from /usr/local/lib/python3.10/dist-packages/airflow/example_dags/example_setup_teardown.py
[2023-12-05T17:59:24.871+0000] {processor.py:839} INFO - DAG(s) dict_keys(['example_setup_teardown']) retrieved from /usr/local/lib/python3.10/dist-packages/airflow/example_dags/example_setup_teardown.py
[2023-12-05T17:59:24.887+0000] {logging_mixin.py:154} INFO - [2023-12-05T17:59:24.887+0000] {dag.py:2941} INFO - Sync 1 DAGs
[2023-12-05T17:59:24.906+0000] {logging_mixin.py:154} INFO - [2023-12-05T17:59:24.905+0000] {dag.py:3722} INFO - Setting next_dagrun for example_setup_teardown to 2023-12-04T17:59:24.905662+00:00, run_after=2023-12-05T17:59:24.905662+00:00
[2023-12-05T17:59:24.928+0000] {processor.py:179} INFO - Processing /usr/local/lib/python3.10/dist-packages/airflow/example_dags/example_setup_teardown.py took 0.069 seconds
[2023-12-05T18:00:17.834+0000] {processor.py:157} INFO - Started process (PID=11278) to work on /usr/local/lib/python3.10/dist-packages/airflow/example_dags/example_setup_teardown.py
[2023-12-05T18:00:17.836+0000] {processor.py:829} INFO - Processing file /usr/local/lib/python3.10/dist-packages/airflow/example_dags/example_setup_teardown.py for tasks to queue
[2023-12-05T18:00:17.837+0000] {logging_mixin.py:154} INFO - [2023-12-05T18:00:17.837+0000] {dagbag.py:536} INFO - Filling up the DagBag from /usr/local/lib/python3.10/dist-packages/airflow/example_dags/example_setup_teardown.py
[2023-12-05T18:00:17.845+0000] {processor.py:839} INFO - DAG(s) dict_keys(['example_setup_teardown']) retrieved from /usr/local/lib/python3.10/dist-packages/airflow/example_dags/example_setup_teardown.py
[2023-12-05T18:00:17.864+0000] {logging_mixin.py:154} INFO - [2023-12-05T18:00:17.863+0000] {dag.py:2941} INFO - Sync 1 DAGs
[2023-12-05T18:00:17.882+0000] {logging_mixin.py:154} INFO - [2023-12-05T18:00:17.881+0000] {dag.py:3722} INFO - Setting next_dagrun for example_setup_teardown to 2023-12-04T18:00:17.881596+00:00, run_after=2023-12-05T18:00:17.881596+00:00
[2023-12-05T18:00:17.905+0000] {processor.py:179} INFO - Processing /usr/local/lib/python3.10/dist-packages/airflow/example_dags/example_setup_teardown.py took 0.075 seconds
[2023-12-05T18:01:07.375+0000] {processor.py:157} INFO - Started process (PID=11394) to work on /usr/local/lib/python3.10/dist-packages/airflow/example_dags/example_setup_teardown.py
[2023-12-05T18:01:07.377+0000] {processor.py:829} INFO - Processing file /usr/local/lib/python3.10/dist-packages/airflow/example_dags/example_setup_teardown.py for tasks to queue
[2023-12-05T18:01:07.378+0000] {logging_mixin.py:154} INFO - [2023-12-05T18:01:07.378+0000] {dagbag.py:536} INFO - Filling up the DagBag from /usr/local/lib/python3.10/dist-packages/airflow/example_dags/example_setup_teardown.py
[2023-12-05T18:01:07.386+0000] {processor.py:839} INFO - DAG(s) dict_keys(['example_setup_teardown']) retrieved from /usr/local/lib/python3.10/dist-packages/airflow/example_dags/example_setup_teardown.py
[2023-12-05T18:01:07.406+0000] {logging_mixin.py:154} INFO - [2023-12-05T18:01:07.405+0000] {dag.py:2941} INFO - Sync 1 DAGs
[2023-12-05T18:01:07.426+0000] {logging_mixin.py:154} INFO - [2023-12-05T18:01:07.426+0000] {dag.py:3722} INFO - Setting next_dagrun for example_setup_teardown to 2023-12-04T18:01:07.426034+00:00, run_after=2023-12-05T18:01:07.426034+00:00
[2023-12-05T18:01:07.449+0000] {processor.py:179} INFO - Processing /usr/local/lib/python3.10/dist-packages/airflow/example_dags/example_setup_teardown.py took 0.077 seconds
[2023-12-05T18:01:54.216+0000] {processor.py:157} INFO - Started process (PID=11511) to work on /usr/local/lib/python3.10/dist-packages/airflow/example_dags/example_setup_teardown.py
[2023-12-05T18:01:54.217+0000] {processor.py:829} INFO - Processing file /usr/local/lib/python3.10/dist-packages/airflow/example_dags/example_setup_teardown.py for tasks to queue
[2023-12-05T18:01:54.219+0000] {logging_mixin.py:154} INFO - [2023-12-05T18:01:54.218+0000] {dagbag.py:536} INFO - Filling up the DagBag from /usr/local/lib/python3.10/dist-packages/airflow/example_dags/example_setup_teardown.py
[2023-12-05T18:01:54.227+0000] {processor.py:839} INFO - DAG(s) dict_keys(['example_setup_teardown']) retrieved from /usr/local/lib/python3.10/dist-packages/airflow/example_dags/example_setup_teardown.py
[2023-12-05T18:01:54.253+0000] {logging_mixin.py:154} INFO - [2023-12-05T18:01:54.252+0000] {dag.py:2941} INFO - Sync 1 DAGs
[2023-12-05T18:01:54.299+0000] {logging_mixin.py:154} INFO - [2023-12-05T18:01:54.299+0000] {dag.py:3722} INFO - Setting next_dagrun for example_setup_teardown to 2023-12-04T18:01:54.298836+00:00, run_after=2023-12-05T18:01:54.298836+00:00
[2023-12-05T18:01:54.344+0000] {processor.py:179} INFO - Processing /usr/local/lib/python3.10/dist-packages/airflow/example_dags/example_setup_teardown.py took 0.131 seconds
[2023-12-05T18:02:46.309+0000] {processor.py:157} INFO - Started process (PID=11630) to work on /usr/local/lib/python3.10/dist-packages/airflow/example_dags/example_setup_teardown.py
[2023-12-05T18:02:46.311+0000] {processor.py:829} INFO - Processing file /usr/local/lib/python3.10/dist-packages/airflow/example_dags/example_setup_teardown.py for tasks to queue
[2023-12-05T18:02:46.312+0000] {logging_mixin.py:154} INFO - [2023-12-05T18:02:46.311+0000] {dagbag.py:536} INFO - Filling up the DagBag from /usr/local/lib/python3.10/dist-packages/airflow/example_dags/example_setup_teardown.py
[2023-12-05T18:02:46.320+0000] {processor.py:839} INFO - DAG(s) dict_keys(['example_setup_teardown']) retrieved from /usr/local/lib/python3.10/dist-packages/airflow/example_dags/example_setup_teardown.py
[2023-12-05T18:02:46.338+0000] {logging_mixin.py:154} INFO - [2023-12-05T18:02:46.338+0000] {dag.py:2941} INFO - Sync 1 DAGs
[2023-12-05T18:02:46.359+0000] {logging_mixin.py:154} INFO - [2023-12-05T18:02:46.359+0000] {dag.py:3722} INFO - Setting next_dagrun for example_setup_teardown to 2023-12-04T18:02:46.359186+00:00, run_after=2023-12-05T18:02:46.359186+00:00
[2023-12-05T18:02:46.385+0000] {processor.py:179} INFO - Processing /usr/local/lib/python3.10/dist-packages/airflow/example_dags/example_setup_teardown.py took 0.081 seconds
[2023-12-05T18:03:37.168+0000] {processor.py:157} INFO - Started process (PID=11747) to work on /usr/local/lib/python3.10/dist-packages/airflow/example_dags/example_setup_teardown.py
[2023-12-05T18:03:37.170+0000] {processor.py:829} INFO - Processing file /usr/local/lib/python3.10/dist-packages/airflow/example_dags/example_setup_teardown.py for tasks to queue
[2023-12-05T18:03:37.170+0000] {logging_mixin.py:154} INFO - [2023-12-05T18:03:37.170+0000] {dagbag.py:536} INFO - Filling up the DagBag from /usr/local/lib/python3.10/dist-packages/airflow/example_dags/example_setup_teardown.py
[2023-12-05T18:03:37.177+0000] {processor.py:839} INFO - DAG(s) dict_keys(['example_setup_teardown']) retrieved from /usr/local/lib/python3.10/dist-packages/airflow/example_dags/example_setup_teardown.py
[2023-12-05T18:03:37.192+0000] {logging_mixin.py:154} INFO - [2023-12-05T18:03:37.192+0000] {dag.py:2941} INFO - Sync 1 DAGs
[2023-12-05T18:03:37.210+0000] {logging_mixin.py:154} INFO - [2023-12-05T18:03:37.210+0000] {dag.py:3722} INFO - Setting next_dagrun for example_setup_teardown to 2023-12-04T18:03:37.210268+00:00, run_after=2023-12-05T18:03:37.210268+00:00
[2023-12-05T18:03:37.231+0000] {processor.py:179} INFO - Processing /usr/local/lib/python3.10/dist-packages/airflow/example_dags/example_setup_teardown.py took 0.066 seconds
[2023-12-05T18:04:25.361+0000] {processor.py:157} INFO - Started process (PID=11864) to work on /usr/local/lib/python3.10/dist-packages/airflow/example_dags/example_setup_teardown.py
[2023-12-05T18:04:25.363+0000] {processor.py:829} INFO - Processing file /usr/local/lib/python3.10/dist-packages/airflow/example_dags/example_setup_teardown.py for tasks to queue
[2023-12-05T18:04:25.364+0000] {logging_mixin.py:154} INFO - [2023-12-05T18:04:25.364+0000] {dagbag.py:536} INFO - Filling up the DagBag from /usr/local/lib/python3.10/dist-packages/airflow/example_dags/example_setup_teardown.py
[2023-12-05T18:04:25.372+0000] {processor.py:839} INFO - DAG(s) dict_keys(['example_setup_teardown']) retrieved from /usr/local/lib/python3.10/dist-packages/airflow/example_dags/example_setup_teardown.py
[2023-12-05T18:04:25.391+0000] {logging_mixin.py:154} INFO - [2023-12-05T18:04:25.391+0000] {dag.py:2941} INFO - Sync 1 DAGs
[2023-12-05T18:04:25.411+0000] {logging_mixin.py:154} INFO - [2023-12-05T18:04:25.411+0000] {dag.py:3722} INFO - Setting next_dagrun for example_setup_teardown to 2023-12-04T18:04:25.410955+00:00, run_after=2023-12-05T18:04:25.410955+00:00
[2023-12-05T18:04:25.436+0000] {processor.py:179} INFO - Processing /usr/local/lib/python3.10/dist-packages/airflow/example_dags/example_setup_teardown.py took 0.077 seconds
[2023-12-05T18:05:17.983+0000] {processor.py:157} INFO - Started process (PID=12439) to work on /usr/local/lib/python3.10/dist-packages/airflow/example_dags/example_setup_teardown.py
[2023-12-05T18:05:17.984+0000] {processor.py:829} INFO - Processing file /usr/local/lib/python3.10/dist-packages/airflow/example_dags/example_setup_teardown.py for tasks to queue
[2023-12-05T18:05:17.985+0000] {logging_mixin.py:154} INFO - [2023-12-05T18:05:17.985+0000] {dagbag.py:536} INFO - Filling up the DagBag from /usr/local/lib/python3.10/dist-packages/airflow/example_dags/example_setup_teardown.py
[2023-12-05T18:05:17.993+0000] {processor.py:839} INFO - DAG(s) dict_keys(['example_setup_teardown']) retrieved from /usr/local/lib/python3.10/dist-packages/airflow/example_dags/example_setup_teardown.py
[2023-12-05T18:05:18.016+0000] {logging_mixin.py:154} INFO - [2023-12-05T18:05:18.016+0000] {dag.py:2941} INFO - Sync 1 DAGs
[2023-12-05T18:05:18.037+0000] {logging_mixin.py:154} INFO - [2023-12-05T18:05:18.037+0000] {dag.py:3722} INFO - Setting next_dagrun for example_setup_teardown to 2023-12-04T18:05:18.037374+00:00, run_after=2023-12-05T18:05:18.037374+00:00
[2023-12-05T18:05:18.062+0000] {processor.py:179} INFO - Processing /usr/local/lib/python3.10/dist-packages/airflow/example_dags/example_setup_teardown.py took 0.082 seconds
[2023-12-05T18:06:08.592+0000] {processor.py:157} INFO - Started process (PID=12697) to work on /usr/local/lib/python3.10/dist-packages/airflow/example_dags/example_setup_teardown.py
[2023-12-05T18:06:08.593+0000] {processor.py:829} INFO - Processing file /usr/local/lib/python3.10/dist-packages/airflow/example_dags/example_setup_teardown.py for tasks to queue
[2023-12-05T18:06:08.594+0000] {logging_mixin.py:154} INFO - [2023-12-05T18:06:08.594+0000] {dagbag.py:536} INFO - Filling up the DagBag from /usr/local/lib/python3.10/dist-packages/airflow/example_dags/example_setup_teardown.py
[2023-12-05T18:06:08.603+0000] {processor.py:839} INFO - DAG(s) dict_keys(['example_setup_teardown']) retrieved from /usr/local/lib/python3.10/dist-packages/airflow/example_dags/example_setup_teardown.py
[2023-12-05T18:06:08.624+0000] {logging_mixin.py:154} INFO - [2023-12-05T18:06:08.623+0000] {dag.py:2941} INFO - Sync 1 DAGs
[2023-12-05T18:06:08.649+0000] {logging_mixin.py:154} INFO - [2023-12-05T18:06:08.649+0000] {dag.py:3722} INFO - Setting next_dagrun for example_setup_teardown to 2023-12-04T18:06:08.649311+00:00, run_after=2023-12-05T18:06:08.649311+00:00
[2023-12-05T18:06:08.674+0000] {processor.py:179} INFO - Processing /usr/local/lib/python3.10/dist-packages/airflow/example_dags/example_setup_teardown.py took 0.087 seconds
[2023-12-05T18:07:02.888+0000] {processor.py:157} INFO - Started process (PID=12942) to work on /usr/local/lib/python3.10/dist-packages/airflow/example_dags/example_setup_teardown.py
[2023-12-05T18:07:02.890+0000] {processor.py:829} INFO - Processing file /usr/local/lib/python3.10/dist-packages/airflow/example_dags/example_setup_teardown.py for tasks to queue
[2023-12-05T18:07:02.891+0000] {logging_mixin.py:154} INFO - [2023-12-05T18:07:02.890+0000] {dagbag.py:536} INFO - Filling up the DagBag from /usr/local/lib/python3.10/dist-packages/airflow/example_dags/example_setup_teardown.py
[2023-12-05T18:07:02.898+0000] {processor.py:839} INFO - DAG(s) dict_keys(['example_setup_teardown']) retrieved from /usr/local/lib/python3.10/dist-packages/airflow/example_dags/example_setup_teardown.py
[2023-12-05T18:07:02.915+0000] {logging_mixin.py:154} INFO - [2023-12-05T18:07:02.915+0000] {dag.py:2941} INFO - Sync 1 DAGs
[2023-12-05T18:07:02.938+0000] {logging_mixin.py:154} INFO - [2023-12-05T18:07:02.938+0000] {dag.py:3722} INFO - Setting next_dagrun for example_setup_teardown to 2023-12-04T18:07:02.938115+00:00, run_after=2023-12-05T18:07:02.938115+00:00
[2023-12-05T18:07:02.967+0000] {processor.py:179} INFO - Processing /usr/local/lib/python3.10/dist-packages/airflow/example_dags/example_setup_teardown.py took 0.081 seconds
[2023-12-05T18:07:57.403+0000] {processor.py:157} INFO - Started process (PID=13105) to work on /usr/local/lib/python3.10/dist-packages/airflow/example_dags/example_setup_teardown.py
[2023-12-05T18:07:57.404+0000] {processor.py:829} INFO - Processing file /usr/local/lib/python3.10/dist-packages/airflow/example_dags/example_setup_teardown.py for tasks to queue
[2023-12-05T18:07:57.405+0000] {logging_mixin.py:154} INFO - [2023-12-05T18:07:57.405+0000] {dagbag.py:536} INFO - Filling up the DagBag from /usr/local/lib/python3.10/dist-packages/airflow/example_dags/example_setup_teardown.py
[2023-12-05T18:07:57.413+0000] {processor.py:839} INFO - DAG(s) dict_keys(['example_setup_teardown']) retrieved from /usr/local/lib/python3.10/dist-packages/airflow/example_dags/example_setup_teardown.py
[2023-12-05T18:07:57.435+0000] {logging_mixin.py:154} INFO - [2023-12-05T18:07:57.435+0000] {dag.py:2941} INFO - Sync 1 DAGs
[2023-12-05T18:07:57.462+0000] {logging_mixin.py:154} INFO - [2023-12-05T18:07:57.460+0000] {dag.py:3722} INFO - Setting next_dagrun for example_setup_teardown to 2023-12-04T18:07:57.460045+00:00, run_after=2023-12-05T18:07:57.460045+00:00
[2023-12-05T18:07:57.498+0000] {processor.py:179} INFO - Processing /usr/local/lib/python3.10/dist-packages/airflow/example_dags/example_setup_teardown.py took 0.099 seconds
[2023-12-05T18:08:40.322+0000] {processor.py:157} INFO - Started process (PID=13334) to work on /usr/local/lib/python3.10/dist-packages/airflow/example_dags/example_setup_teardown.py
[2023-12-05T18:08:40.324+0000] {processor.py:829} INFO - Processing file /usr/local/lib/python3.10/dist-packages/airflow/example_dags/example_setup_teardown.py for tasks to queue
[2023-12-05T18:08:40.325+0000] {logging_mixin.py:154} INFO - [2023-12-05T18:08:40.324+0000] {dagbag.py:536} INFO - Filling up the DagBag from /usr/local/lib/python3.10/dist-packages/airflow/example_dags/example_setup_teardown.py
[2023-12-05T18:08:40.332+0000] {processor.py:839} INFO - DAG(s) dict_keys(['example_setup_teardown']) retrieved from /usr/local/lib/python3.10/dist-packages/airflow/example_dags/example_setup_teardown.py
[2023-12-05T18:08:40.353+0000] {logging_mixin.py:154} INFO - [2023-12-05T18:08:40.353+0000] {dag.py:2941} INFO - Sync 1 DAGs
[2023-12-05T18:08:40.377+0000] {logging_mixin.py:154} INFO - [2023-12-05T18:08:40.377+0000] {dag.py:3722} INFO - Setting next_dagrun for example_setup_teardown to 2023-12-04T18:08:40.376856+00:00, run_after=2023-12-05T18:08:40.376856+00:00
[2023-12-05T18:08:40.400+0000] {processor.py:179} INFO - Processing /usr/local/lib/python3.10/dist-packages/airflow/example_dags/example_setup_teardown.py took 0.083 seconds
[2023-12-05T18:09:32.487+0000] {processor.py:157} INFO - Started process (PID=13638) to work on /usr/local/lib/python3.10/dist-packages/airflow/example_dags/example_setup_teardown.py
[2023-12-05T18:09:32.488+0000] {processor.py:829} INFO - Processing file /usr/local/lib/python3.10/dist-packages/airflow/example_dags/example_setup_teardown.py for tasks to queue
[2023-12-05T18:09:32.489+0000] {logging_mixin.py:154} INFO - [2023-12-05T18:09:32.489+0000] {dagbag.py:536} INFO - Filling up the DagBag from /usr/local/lib/python3.10/dist-packages/airflow/example_dags/example_setup_teardown.py
[2023-12-05T18:09:32.501+0000] {processor.py:839} INFO - DAG(s) dict_keys(['example_setup_teardown']) retrieved from /usr/local/lib/python3.10/dist-packages/airflow/example_dags/example_setup_teardown.py
[2023-12-05T18:09:32.522+0000] {logging_mixin.py:154} INFO - [2023-12-05T18:09:32.521+0000] {dag.py:2941} INFO - Sync 1 DAGs
[2023-12-05T18:09:32.543+0000] {logging_mixin.py:154} INFO - [2023-12-05T18:09:32.543+0000] {dag.py:3722} INFO - Setting next_dagrun for example_setup_teardown to 2023-12-04T18:09:32.543390+00:00, run_after=2023-12-05T18:09:32.543390+00:00
[2023-12-05T18:09:32.574+0000] {processor.py:179} INFO - Processing /usr/local/lib/python3.10/dist-packages/airflow/example_dags/example_setup_teardown.py took 0.090 seconds
[2023-12-05T18:10:20.172+0000] {processor.py:157} INFO - Started process (PID=13755) to work on /usr/local/lib/python3.10/dist-packages/airflow/example_dags/example_setup_teardown.py
[2023-12-05T18:10:20.173+0000] {processor.py:829} INFO - Processing file /usr/local/lib/python3.10/dist-packages/airflow/example_dags/example_setup_teardown.py for tasks to queue
[2023-12-05T18:10:20.174+0000] {logging_mixin.py:154} INFO - [2023-12-05T18:10:20.173+0000] {dagbag.py:536} INFO - Filling up the DagBag from /usr/local/lib/python3.10/dist-packages/airflow/example_dags/example_setup_teardown.py
[2023-12-05T18:10:20.181+0000] {processor.py:839} INFO - DAG(s) dict_keys(['example_setup_teardown']) retrieved from /usr/local/lib/python3.10/dist-packages/airflow/example_dags/example_setup_teardown.py
[2023-12-05T18:10:20.198+0000] {logging_mixin.py:154} INFO - [2023-12-05T18:10:20.198+0000] {dag.py:2941} INFO - Sync 1 DAGs
[2023-12-05T18:10:20.217+0000] {logging_mixin.py:154} INFO - [2023-12-05T18:10:20.217+0000] {dag.py:3722} INFO - Setting next_dagrun for example_setup_teardown to 2023-12-04T18:10:20.217122+00:00, run_after=2023-12-05T18:10:20.217122+00:00
[2023-12-05T18:10:20.257+0000] {processor.py:179} INFO - Processing /usr/local/lib/python3.10/dist-packages/airflow/example_dags/example_setup_teardown.py took 0.089 seconds
