[2023-12-05T17:46:29.474+0000] {processor.py:157} INFO - Started process (PID=9264) to work on /usr/local/lib/python3.10/dist-packages/airflow/example_dags/example_short_circuit_decorator.py
[2023-12-05T17:46:29.477+0000] {processor.py:829} INFO - Processing file /usr/local/lib/python3.10/dist-packages/airflow/example_dags/example_short_circuit_decorator.py for tasks to queue
[2023-12-05T17:46:29.478+0000] {logging_mixin.py:154} INFO - [2023-12-05T17:46:29.478+0000] {dagbag.py:536} INFO - Filling up the DagBag from /usr/local/lib/python3.10/dist-packages/airflow/example_dags/example_short_circuit_decorator.py
[2023-12-05T17:46:29.497+0000] {processor.py:839} INFO - DAG(s) dict_keys(['example_short_circuit_decorator']) retrieved from /usr/local/lib/python3.10/dist-packages/airflow/example_dags/example_short_circuit_decorator.py
[2023-12-05T17:46:29.520+0000] {logging_mixin.py:154} INFO - [2023-12-05T17:46:29.520+0000] {dag.py:2941} INFO - Sync 1 DAGs
[2023-12-05T17:46:29.548+0000] {logging_mixin.py:154} INFO - [2023-12-05T17:46:29.548+0000] {dag.py:3722} INFO - Setting next_dagrun for example_short_circuit_decorator to 2023-12-04T17:46:29.547878+00:00, run_after=2023-12-05T17:46:29.547878+00:00
[2023-12-05T17:46:29.610+0000] {processor.py:179} INFO - Processing /usr/local/lib/python3.10/dist-packages/airflow/example_dags/example_short_circuit_decorator.py took 0.144 seconds
[2023-12-05T17:47:19.649+0000] {processor.py:157} INFO - Started process (PID=9374) to work on /usr/local/lib/python3.10/dist-packages/airflow/example_dags/example_short_circuit_decorator.py
[2023-12-05T17:47:19.651+0000] {processor.py:829} INFO - Processing file /usr/local/lib/python3.10/dist-packages/airflow/example_dags/example_short_circuit_decorator.py for tasks to queue
[2023-12-05T17:47:19.652+0000] {logging_mixin.py:154} INFO - [2023-12-05T17:47:19.652+0000] {dagbag.py:536} INFO - Filling up the DagBag from /usr/local/lib/python3.10/dist-packages/airflow/example_dags/example_short_circuit_decorator.py
[2023-12-05T17:47:19.663+0000] {processor.py:839} INFO - DAG(s) dict_keys(['example_short_circuit_decorator']) retrieved from /usr/local/lib/python3.10/dist-packages/airflow/example_dags/example_short_circuit_decorator.py
[2023-12-05T17:47:19.686+0000] {logging_mixin.py:154} INFO - [2023-12-05T17:47:19.685+0000] {dag.py:2941} INFO - Sync 1 DAGs
[2023-12-05T17:47:19.708+0000] {logging_mixin.py:154} INFO - [2023-12-05T17:47:19.708+0000] {dag.py:3722} INFO - Setting next_dagrun for example_short_circuit_decorator to 2023-12-04T17:47:19.707865+00:00, run_after=2023-12-05T17:47:19.707865+00:00
[2023-12-05T17:47:19.754+0000] {processor.py:179} INFO - Processing /usr/local/lib/python3.10/dist-packages/airflow/example_dags/example_short_circuit_decorator.py took 0.109 seconds
[2023-12-05T17:48:13.362+0000] {processor.py:157} INFO - Started process (PID=9553) to work on /usr/local/lib/python3.10/dist-packages/airflow/example_dags/example_short_circuit_decorator.py
[2023-12-05T17:48:13.364+0000] {processor.py:829} INFO - Processing file /usr/local/lib/python3.10/dist-packages/airflow/example_dags/example_short_circuit_decorator.py for tasks to queue
[2023-12-05T17:48:13.365+0000] {logging_mixin.py:154} INFO - [2023-12-05T17:48:13.365+0000] {dagbag.py:536} INFO - Filling up the DagBag from /usr/local/lib/python3.10/dist-packages/airflow/example_dags/example_short_circuit_decorator.py
[2023-12-05T17:48:13.376+0000] {processor.py:839} INFO - DAG(s) dict_keys(['example_short_circuit_decorator']) retrieved from /usr/local/lib/python3.10/dist-packages/airflow/example_dags/example_short_circuit_decorator.py
[2023-12-05T17:48:13.394+0000] {logging_mixin.py:154} INFO - [2023-12-05T17:48:13.394+0000] {dag.py:2941} INFO - Sync 1 DAGs
[2023-12-05T17:48:13.414+0000] {logging_mixin.py:154} INFO - [2023-12-05T17:48:13.414+0000] {dag.py:3722} INFO - Setting next_dagrun for example_short_circuit_decorator to 2023-12-04T17:48:13.414101+00:00, run_after=2023-12-05T17:48:13.414101+00:00
[2023-12-05T17:48:13.440+0000] {processor.py:179} INFO - Processing /usr/local/lib/python3.10/dist-packages/airflow/example_dags/example_short_circuit_decorator.py took 0.081 seconds
[2023-12-05T17:49:01.367+0000] {processor.py:157} INFO - Started process (PID=9604) to work on /usr/local/lib/python3.10/dist-packages/airflow/example_dags/example_short_circuit_decorator.py
[2023-12-05T17:49:01.369+0000] {processor.py:829} INFO - Processing file /usr/local/lib/python3.10/dist-packages/airflow/example_dags/example_short_circuit_decorator.py for tasks to queue
[2023-12-05T17:49:01.370+0000] {logging_mixin.py:154} INFO - [2023-12-05T17:49:01.370+0000] {dagbag.py:536} INFO - Filling up the DagBag from /usr/local/lib/python3.10/dist-packages/airflow/example_dags/example_short_circuit_decorator.py
[2023-12-05T17:49:01.387+0000] {processor.py:839} INFO - DAG(s) dict_keys(['example_short_circuit_decorator']) retrieved from /usr/local/lib/python3.10/dist-packages/airflow/example_dags/example_short_circuit_decorator.py
[2023-12-05T17:49:01.410+0000] {logging_mixin.py:154} INFO - [2023-12-05T17:49:01.410+0000] {dag.py:2941} INFO - Sync 1 DAGs
[2023-12-05T17:49:01.430+0000] {logging_mixin.py:154} INFO - [2023-12-05T17:49:01.430+0000] {dag.py:3722} INFO - Setting next_dagrun for example_short_circuit_decorator to 2023-12-04T17:49:01.430184+00:00, run_after=2023-12-05T17:49:01.430184+00:00
[2023-12-05T17:49:01.461+0000] {processor.py:179} INFO - Processing /usr/local/lib/python3.10/dist-packages/airflow/example_dags/example_short_circuit_decorator.py took 0.097 seconds
[2023-12-05T17:49:54.417+0000] {processor.py:157} INFO - Started process (PID=9722) to work on /usr/local/lib/python3.10/dist-packages/airflow/example_dags/example_short_circuit_decorator.py
[2023-12-05T17:49:54.419+0000] {processor.py:829} INFO - Processing file /usr/local/lib/python3.10/dist-packages/airflow/example_dags/example_short_circuit_decorator.py for tasks to queue
[2023-12-05T17:49:54.419+0000] {logging_mixin.py:154} INFO - [2023-12-05T17:49:54.419+0000] {dagbag.py:536} INFO - Filling up the DagBag from /usr/local/lib/python3.10/dist-packages/airflow/example_dags/example_short_circuit_decorator.py
[2023-12-05T17:49:54.429+0000] {processor.py:839} INFO - DAG(s) dict_keys(['example_short_circuit_decorator']) retrieved from /usr/local/lib/python3.10/dist-packages/airflow/example_dags/example_short_circuit_decorator.py
[2023-12-05T17:49:54.446+0000] {logging_mixin.py:154} INFO - [2023-12-05T17:49:54.446+0000] {dag.py:2941} INFO - Sync 1 DAGs
[2023-12-05T17:49:54.464+0000] {logging_mixin.py:154} INFO - [2023-12-05T17:49:54.464+0000] {dag.py:3722} INFO - Setting next_dagrun for example_short_circuit_decorator to 2023-12-04T17:49:54.464473+00:00, run_after=2023-12-05T17:49:54.464473+00:00
[2023-12-05T17:49:54.488+0000] {processor.py:179} INFO - Processing /usr/local/lib/python3.10/dist-packages/airflow/example_dags/example_short_circuit_decorator.py took 0.075 seconds
[2023-12-05T17:50:47.584+0000] {processor.py:157} INFO - Started process (PID=9844) to work on /usr/local/lib/python3.10/dist-packages/airflow/example_dags/example_short_circuit_decorator.py
[2023-12-05T17:50:47.586+0000] {processor.py:829} INFO - Processing file /usr/local/lib/python3.10/dist-packages/airflow/example_dags/example_short_circuit_decorator.py for tasks to queue
[2023-12-05T17:50:47.588+0000] {logging_mixin.py:154} INFO - [2023-12-05T17:50:47.587+0000] {dagbag.py:536} INFO - Filling up the DagBag from /usr/local/lib/python3.10/dist-packages/airflow/example_dags/example_short_circuit_decorator.py
[2023-12-05T17:50:47.602+0000] {processor.py:839} INFO - DAG(s) dict_keys(['example_short_circuit_decorator']) retrieved from /usr/local/lib/python3.10/dist-packages/airflow/example_dags/example_short_circuit_decorator.py
[2023-12-05T17:50:47.632+0000] {logging_mixin.py:154} INFO - [2023-12-05T17:50:47.632+0000] {dag.py:2941} INFO - Sync 1 DAGs
[2023-12-05T17:50:47.665+0000] {logging_mixin.py:154} INFO - [2023-12-05T17:50:47.664+0000] {dag.py:3722} INFO - Setting next_dagrun for example_short_circuit_decorator to 2023-12-04T17:50:47.663617+00:00, run_after=2023-12-05T17:50:47.663617+00:00
[2023-12-05T17:50:47.698+0000] {processor.py:179} INFO - Processing /usr/local/lib/python3.10/dist-packages/airflow/example_dags/example_short_circuit_decorator.py took 0.118 seconds
[2023-12-05T17:51:39.675+0000] {processor.py:157} INFO - Started process (PID=10021) to work on /usr/local/lib/python3.10/dist-packages/airflow/example_dags/example_short_circuit_decorator.py
[2023-12-05T17:51:39.676+0000] {processor.py:829} INFO - Processing file /usr/local/lib/python3.10/dist-packages/airflow/example_dags/example_short_circuit_decorator.py for tasks to queue
[2023-12-05T17:51:39.678+0000] {logging_mixin.py:154} INFO - [2023-12-05T17:51:39.677+0000] {dagbag.py:536} INFO - Filling up the DagBag from /usr/local/lib/python3.10/dist-packages/airflow/example_dags/example_short_circuit_decorator.py
[2023-12-05T17:51:39.689+0000] {processor.py:839} INFO - DAG(s) dict_keys(['example_short_circuit_decorator']) retrieved from /usr/local/lib/python3.10/dist-packages/airflow/example_dags/example_short_circuit_decorator.py
[2023-12-05T17:51:39.709+0000] {logging_mixin.py:154} INFO - [2023-12-05T17:51:39.709+0000] {dag.py:2941} INFO - Sync 1 DAGs
[2023-12-05T17:51:39.742+0000] {logging_mixin.py:154} INFO - [2023-12-05T17:51:39.742+0000] {dag.py:3722} INFO - Setting next_dagrun for example_short_circuit_decorator to 2023-12-04T17:51:39.741908+00:00, run_after=2023-12-05T17:51:39.741908+00:00
[2023-12-05T17:51:39.779+0000] {processor.py:179} INFO - Processing /usr/local/lib/python3.10/dist-packages/airflow/example_dags/example_short_circuit_decorator.py took 0.107 seconds
[2023-12-05T17:52:30.617+0000] {processor.py:157} INFO - Started process (PID=10139) to work on /usr/local/lib/python3.10/dist-packages/airflow/example_dags/example_short_circuit_decorator.py
[2023-12-05T17:52:30.627+0000] {processor.py:829} INFO - Processing file /usr/local/lib/python3.10/dist-packages/airflow/example_dags/example_short_circuit_decorator.py for tasks to queue
[2023-12-05T17:52:30.629+0000] {logging_mixin.py:154} INFO - [2023-12-05T17:52:30.628+0000] {dagbag.py:536} INFO - Filling up the DagBag from /usr/local/lib/python3.10/dist-packages/airflow/example_dags/example_short_circuit_decorator.py
[2023-12-05T17:52:30.642+0000] {processor.py:839} INFO - DAG(s) dict_keys(['example_short_circuit_decorator']) retrieved from /usr/local/lib/python3.10/dist-packages/airflow/example_dags/example_short_circuit_decorator.py
[2023-12-05T17:52:30.674+0000] {logging_mixin.py:154} INFO - [2023-12-05T17:52:30.674+0000] {dag.py:2941} INFO - Sync 1 DAGs
[2023-12-05T17:52:30.725+0000] {logging_mixin.py:154} INFO - [2023-12-05T17:52:30.724+0000] {dag.py:3722} INFO - Setting next_dagrun for example_short_circuit_decorator to 2023-12-04T17:52:30.724631+00:00, run_after=2023-12-05T17:52:30.724631+00:00
[2023-12-05T17:52:30.753+0000] {processor.py:179} INFO - Processing /usr/local/lib/python3.10/dist-packages/airflow/example_dags/example_short_circuit_decorator.py took 0.148 seconds
[2023-12-05T17:53:22.013+0000] {processor.py:157} INFO - Started process (PID=10319) to work on /usr/local/lib/python3.10/dist-packages/airflow/example_dags/example_short_circuit_decorator.py
[2023-12-05T17:53:22.015+0000] {processor.py:829} INFO - Processing file /usr/local/lib/python3.10/dist-packages/airflow/example_dags/example_short_circuit_decorator.py for tasks to queue
[2023-12-05T17:53:22.016+0000] {logging_mixin.py:154} INFO - [2023-12-05T17:53:22.016+0000] {dagbag.py:536} INFO - Filling up the DagBag from /usr/local/lib/python3.10/dist-packages/airflow/example_dags/example_short_circuit_decorator.py
[2023-12-05T17:53:22.027+0000] {processor.py:839} INFO - DAG(s) dict_keys(['example_short_circuit_decorator']) retrieved from /usr/local/lib/python3.10/dist-packages/airflow/example_dags/example_short_circuit_decorator.py
[2023-12-05T17:53:22.049+0000] {logging_mixin.py:154} INFO - [2023-12-05T17:53:22.048+0000] {dag.py:2941} INFO - Sync 1 DAGs
[2023-12-05T17:53:22.074+0000] {logging_mixin.py:154} INFO - [2023-12-05T17:53:22.074+0000] {dag.py:3722} INFO - Setting next_dagrun for example_short_circuit_decorator to 2023-12-04T17:53:22.073904+00:00, run_after=2023-12-05T17:53:22.073904+00:00
[2023-12-05T17:53:22.103+0000] {processor.py:179} INFO - Processing /usr/local/lib/python3.10/dist-packages/airflow/example_dags/example_short_circuit_decorator.py took 0.093 seconds
[2023-12-05T17:54:11.711+0000] {processor.py:157} INFO - Started process (PID=10436) to work on /usr/local/lib/python3.10/dist-packages/airflow/example_dags/example_short_circuit_decorator.py
[2023-12-05T17:54:11.712+0000] {processor.py:829} INFO - Processing file /usr/local/lib/python3.10/dist-packages/airflow/example_dags/example_short_circuit_decorator.py for tasks to queue
[2023-12-05T17:54:11.713+0000] {logging_mixin.py:154} INFO - [2023-12-05T17:54:11.713+0000] {dagbag.py:536} INFO - Filling up the DagBag from /usr/local/lib/python3.10/dist-packages/airflow/example_dags/example_short_circuit_decorator.py
[2023-12-05T17:54:11.724+0000] {processor.py:839} INFO - DAG(s) dict_keys(['example_short_circuit_decorator']) retrieved from /usr/local/lib/python3.10/dist-packages/airflow/example_dags/example_short_circuit_decorator.py
[2023-12-05T17:54:11.743+0000] {logging_mixin.py:154} INFO - [2023-12-05T17:54:11.742+0000] {dag.py:2941} INFO - Sync 1 DAGs
[2023-12-05T17:54:11.763+0000] {logging_mixin.py:154} INFO - [2023-12-05T17:54:11.763+0000] {dag.py:3722} INFO - Setting next_dagrun for example_short_circuit_decorator to 2023-12-04T17:54:11.762780+00:00, run_after=2023-12-05T17:54:11.762780+00:00
[2023-12-05T17:54:11.790+0000] {processor.py:179} INFO - Processing /usr/local/lib/python3.10/dist-packages/airflow/example_dags/example_short_circuit_decorator.py took 0.083 seconds
[2023-12-05T17:55:03.826+0000] {processor.py:157} INFO - Started process (PID=10494) to work on /usr/local/lib/python3.10/dist-packages/airflow/example_dags/example_short_circuit_decorator.py
[2023-12-05T17:55:03.827+0000] {processor.py:829} INFO - Processing file /usr/local/lib/python3.10/dist-packages/airflow/example_dags/example_short_circuit_decorator.py for tasks to queue
[2023-12-05T17:55:03.828+0000] {logging_mixin.py:154} INFO - [2023-12-05T17:55:03.828+0000] {dagbag.py:536} INFO - Filling up the DagBag from /usr/local/lib/python3.10/dist-packages/airflow/example_dags/example_short_circuit_decorator.py
[2023-12-05T17:55:03.840+0000] {processor.py:839} INFO - DAG(s) dict_keys(['example_short_circuit_decorator']) retrieved from /usr/local/lib/python3.10/dist-packages/airflow/example_dags/example_short_circuit_decorator.py
[2023-12-05T17:55:03.859+0000] {logging_mixin.py:154} INFO - [2023-12-05T17:55:03.859+0000] {dag.py:2941} INFO - Sync 1 DAGs
[2023-12-05T17:55:03.880+0000] {logging_mixin.py:154} INFO - [2023-12-05T17:55:03.880+0000] {dag.py:3722} INFO - Setting next_dagrun for example_short_circuit_decorator to 2023-12-04T17:55:03.880307+00:00, run_after=2023-12-05T17:55:03.880307+00:00
[2023-12-05T17:55:03.907+0000] {processor.py:179} INFO - Processing /usr/local/lib/python3.10/dist-packages/airflow/example_dags/example_short_circuit_decorator.py took 0.084 seconds
[2023-12-05T17:55:56.252+0000] {processor.py:157} INFO - Started process (PID=10614) to work on /usr/local/lib/python3.10/dist-packages/airflow/example_dags/example_short_circuit_decorator.py
[2023-12-05T17:55:56.254+0000] {processor.py:829} INFO - Processing file /usr/local/lib/python3.10/dist-packages/airflow/example_dags/example_short_circuit_decorator.py for tasks to queue
[2023-12-05T17:55:56.255+0000] {logging_mixin.py:154} INFO - [2023-12-05T17:55:56.254+0000] {dagbag.py:536} INFO - Filling up the DagBag from /usr/local/lib/python3.10/dist-packages/airflow/example_dags/example_short_circuit_decorator.py
[2023-12-05T17:55:56.265+0000] {processor.py:839} INFO - DAG(s) dict_keys(['example_short_circuit_decorator']) retrieved from /usr/local/lib/python3.10/dist-packages/airflow/example_dags/example_short_circuit_decorator.py
[2023-12-05T17:55:56.287+0000] {logging_mixin.py:154} INFO - [2023-12-05T17:55:56.286+0000] {dag.py:2941} INFO - Sync 1 DAGs
[2023-12-05T17:55:56.307+0000] {logging_mixin.py:154} INFO - [2023-12-05T17:55:56.307+0000] {dag.py:3722} INFO - Setting next_dagrun for example_short_circuit_decorator to 2023-12-04T17:55:56.307442+00:00, run_after=2023-12-05T17:55:56.307442+00:00
[2023-12-05T17:55:56.332+0000] {processor.py:179} INFO - Processing /usr/local/lib/python3.10/dist-packages/airflow/example_dags/example_short_circuit_decorator.py took 0.083 seconds
[2023-12-05T17:56:46.695+0000] {processor.py:157} INFO - Started process (PID=10792) to work on /usr/local/lib/python3.10/dist-packages/airflow/example_dags/example_short_circuit_decorator.py
[2023-12-05T17:56:46.697+0000] {processor.py:829} INFO - Processing file /usr/local/lib/python3.10/dist-packages/airflow/example_dags/example_short_circuit_decorator.py for tasks to queue
[2023-12-05T17:56:46.699+0000] {logging_mixin.py:154} INFO - [2023-12-05T17:56:46.699+0000] {dagbag.py:536} INFO - Filling up the DagBag from /usr/local/lib/python3.10/dist-packages/airflow/example_dags/example_short_circuit_decorator.py
[2023-12-05T17:56:46.718+0000] {processor.py:839} INFO - DAG(s) dict_keys(['example_short_circuit_decorator']) retrieved from /usr/local/lib/python3.10/dist-packages/airflow/example_dags/example_short_circuit_decorator.py
[2023-12-05T17:56:46.745+0000] {logging_mixin.py:154} INFO - [2023-12-05T17:56:46.744+0000] {dag.py:2941} INFO - Sync 1 DAGs
[2023-12-05T17:56:46.770+0000] {logging_mixin.py:154} INFO - [2023-12-05T17:56:46.770+0000] {dag.py:3722} INFO - Setting next_dagrun for example_short_circuit_decorator to 2023-12-04T17:56:46.770287+00:00, run_after=2023-12-05T17:56:46.770287+00:00
[2023-12-05T17:56:46.802+0000] {processor.py:179} INFO - Processing /usr/local/lib/python3.10/dist-packages/airflow/example_dags/example_short_circuit_decorator.py took 0.115 seconds
[2023-12-05T17:57:43.693+0000] {processor.py:157} INFO - Started process (PID=10914) to work on /usr/local/lib/python3.10/dist-packages/airflow/example_dags/example_short_circuit_decorator.py
[2023-12-05T17:57:43.695+0000] {processor.py:829} INFO - Processing file /usr/local/lib/python3.10/dist-packages/airflow/example_dags/example_short_circuit_decorator.py for tasks to queue
[2023-12-05T17:57:43.696+0000] {logging_mixin.py:154} INFO - [2023-12-05T17:57:43.695+0000] {dagbag.py:536} INFO - Filling up the DagBag from /usr/local/lib/python3.10/dist-packages/airflow/example_dags/example_short_circuit_decorator.py
[2023-12-05T17:57:43.707+0000] {processor.py:839} INFO - DAG(s) dict_keys(['example_short_circuit_decorator']) retrieved from /usr/local/lib/python3.10/dist-packages/airflow/example_dags/example_short_circuit_decorator.py
[2023-12-05T17:57:43.728+0000] {logging_mixin.py:154} INFO - [2023-12-05T17:57:43.728+0000] {dag.py:2941} INFO - Sync 1 DAGs
[2023-12-05T17:57:43.749+0000] {logging_mixin.py:154} INFO - [2023-12-05T17:57:43.749+0000] {dag.py:3722} INFO - Setting next_dagrun for example_short_circuit_decorator to 2023-12-04T17:57:43.748877+00:00, run_after=2023-12-05T17:57:43.748877+00:00
[2023-12-05T17:57:43.774+0000] {processor.py:179} INFO - Processing /usr/local/lib/python3.10/dist-packages/airflow/example_dags/example_short_circuit_decorator.py took 0.088 seconds
[2023-12-05T17:58:38.144+0000] {processor.py:157} INFO - Started process (PID=11045) to work on /usr/local/lib/python3.10/dist-packages/airflow/example_dags/example_short_circuit_decorator.py
[2023-12-05T17:58:38.146+0000] {processor.py:829} INFO - Processing file /usr/local/lib/python3.10/dist-packages/airflow/example_dags/example_short_circuit_decorator.py for tasks to queue
[2023-12-05T17:58:38.147+0000] {logging_mixin.py:154} INFO - [2023-12-05T17:58:38.146+0000] {dagbag.py:536} INFO - Filling up the DagBag from /usr/local/lib/python3.10/dist-packages/airflow/example_dags/example_short_circuit_decorator.py
[2023-12-05T17:58:38.160+0000] {processor.py:839} INFO - DAG(s) dict_keys(['example_short_circuit_decorator']) retrieved from /usr/local/lib/python3.10/dist-packages/airflow/example_dags/example_short_circuit_decorator.py
[2023-12-05T17:58:38.182+0000] {logging_mixin.py:154} INFO - [2023-12-05T17:58:38.181+0000] {dag.py:2941} INFO - Sync 1 DAGs
[2023-12-05T17:58:38.207+0000] {logging_mixin.py:154} INFO - [2023-12-05T17:58:38.207+0000] {dag.py:3722} INFO - Setting next_dagrun for example_short_circuit_decorator to 2023-12-04T17:58:38.207106+00:00, run_after=2023-12-05T17:58:38.207106+00:00
[2023-12-05T17:58:38.244+0000] {processor.py:179} INFO - Processing /usr/local/lib/python3.10/dist-packages/airflow/example_dags/example_short_circuit_decorator.py took 0.105 seconds
[2023-12-05T17:59:28.871+0000] {processor.py:157} INFO - Started process (PID=11165) to work on /usr/local/lib/python3.10/dist-packages/airflow/example_dags/example_short_circuit_decorator.py
[2023-12-05T17:59:28.873+0000] {processor.py:829} INFO - Processing file /usr/local/lib/python3.10/dist-packages/airflow/example_dags/example_short_circuit_decorator.py for tasks to queue
[2023-12-05T17:59:28.874+0000] {logging_mixin.py:154} INFO - [2023-12-05T17:59:28.874+0000] {dagbag.py:536} INFO - Filling up the DagBag from /usr/local/lib/python3.10/dist-packages/airflow/example_dags/example_short_circuit_decorator.py
[2023-12-05T17:59:28.896+0000] {processor.py:839} INFO - DAG(s) dict_keys(['example_short_circuit_decorator']) retrieved from /usr/local/lib/python3.10/dist-packages/airflow/example_dags/example_short_circuit_decorator.py
[2023-12-05T17:59:28.937+0000] {logging_mixin.py:154} INFO - [2023-12-05T17:59:28.936+0000] {dag.py:2941} INFO - Sync 1 DAGs
[2023-12-05T17:59:28.966+0000] {logging_mixin.py:154} INFO - [2023-12-05T17:59:28.966+0000] {dag.py:3722} INFO - Setting next_dagrun for example_short_circuit_decorator to 2023-12-04T17:59:28.966310+00:00, run_after=2023-12-05T17:59:28.966310+00:00
[2023-12-05T17:59:28.994+0000] {processor.py:179} INFO - Processing /usr/local/lib/python3.10/dist-packages/airflow/example_dags/example_short_circuit_decorator.py took 0.136 seconds
[2023-12-05T18:00:21.983+0000] {processor.py:157} INFO - Started process (PID=11282) to work on /usr/local/lib/python3.10/dist-packages/airflow/example_dags/example_short_circuit_decorator.py
[2023-12-05T18:00:21.984+0000] {processor.py:829} INFO - Processing file /usr/local/lib/python3.10/dist-packages/airflow/example_dags/example_short_circuit_decorator.py for tasks to queue
[2023-12-05T18:00:21.986+0000] {logging_mixin.py:154} INFO - [2023-12-05T18:00:21.985+0000] {dagbag.py:536} INFO - Filling up the DagBag from /usr/local/lib/python3.10/dist-packages/airflow/example_dags/example_short_circuit_decorator.py
[2023-12-05T18:00:21.999+0000] {processor.py:839} INFO - DAG(s) dict_keys(['example_short_circuit_decorator']) retrieved from /usr/local/lib/python3.10/dist-packages/airflow/example_dags/example_short_circuit_decorator.py
[2023-12-05T18:00:22.021+0000] {logging_mixin.py:154} INFO - [2023-12-05T18:00:22.021+0000] {dag.py:2941} INFO - Sync 1 DAGs
[2023-12-05T18:00:22.044+0000] {logging_mixin.py:154} INFO - [2023-12-05T18:00:22.044+0000] {dag.py:3722} INFO - Setting next_dagrun for example_short_circuit_decorator to 2023-12-04T18:00:22.044389+00:00, run_after=2023-12-05T18:00:22.044389+00:00
[2023-12-05T18:00:22.069+0000] {processor.py:179} INFO - Processing /usr/local/lib/python3.10/dist-packages/airflow/example_dags/example_short_circuit_decorator.py took 0.090 seconds
[2023-12-05T18:01:10.779+0000] {processor.py:157} INFO - Started process (PID=11458) to work on /usr/local/lib/python3.10/dist-packages/airflow/example_dags/example_short_circuit_decorator.py
[2023-12-05T18:01:10.781+0000] {processor.py:829} INFO - Processing file /usr/local/lib/python3.10/dist-packages/airflow/example_dags/example_short_circuit_decorator.py for tasks to queue
[2023-12-05T18:01:10.781+0000] {logging_mixin.py:154} INFO - [2023-12-05T18:01:10.781+0000] {dagbag.py:536} INFO - Filling up the DagBag from /usr/local/lib/python3.10/dist-packages/airflow/example_dags/example_short_circuit_decorator.py
[2023-12-05T18:01:10.792+0000] {processor.py:839} INFO - DAG(s) dict_keys(['example_short_circuit_decorator']) retrieved from /usr/local/lib/python3.10/dist-packages/airflow/example_dags/example_short_circuit_decorator.py
[2023-12-05T18:01:10.813+0000] {logging_mixin.py:154} INFO - [2023-12-05T18:01:10.813+0000] {dag.py:2941} INFO - Sync 1 DAGs
[2023-12-05T18:01:10.837+0000] {logging_mixin.py:154} INFO - [2023-12-05T18:01:10.837+0000] {dag.py:3722} INFO - Setting next_dagrun for example_short_circuit_decorator to 2023-12-04T18:01:10.837490+00:00, run_after=2023-12-05T18:01:10.837490+00:00
[2023-12-05T18:01:10.863+0000] {processor.py:179} INFO - Processing /usr/local/lib/python3.10/dist-packages/airflow/example_dags/example_short_circuit_decorator.py took 0.087 seconds
[2023-12-05T18:01:59.027+0000] {processor.py:157} INFO - Started process (PID=11515) to work on /usr/local/lib/python3.10/dist-packages/airflow/example_dags/example_short_circuit_decorator.py
[2023-12-05T18:01:59.028+0000] {processor.py:829} INFO - Processing file /usr/local/lib/python3.10/dist-packages/airflow/example_dags/example_short_circuit_decorator.py for tasks to queue
[2023-12-05T18:01:59.029+0000] {logging_mixin.py:154} INFO - [2023-12-05T18:01:59.029+0000] {dagbag.py:536} INFO - Filling up the DagBag from /usr/local/lib/python3.10/dist-packages/airflow/example_dags/example_short_circuit_decorator.py
[2023-12-05T18:01:59.041+0000] {processor.py:839} INFO - DAG(s) dict_keys(['example_short_circuit_decorator']) retrieved from /usr/local/lib/python3.10/dist-packages/airflow/example_dags/example_short_circuit_decorator.py
[2023-12-05T18:01:59.062+0000] {logging_mixin.py:154} INFO - [2023-12-05T18:01:59.062+0000] {dag.py:2941} INFO - Sync 1 DAGs
[2023-12-05T18:01:59.098+0000] {logging_mixin.py:154} INFO - [2023-12-05T18:01:59.098+0000] {dag.py:3722} INFO - Setting next_dagrun for example_short_circuit_decorator to 2023-12-04T18:01:59.098451+00:00, run_after=2023-12-05T18:01:59.098451+00:00
[2023-12-05T18:01:59.152+0000] {processor.py:179} INFO - Processing /usr/local/lib/python3.10/dist-packages/airflow/example_dags/example_short_circuit_decorator.py took 0.129 seconds
[2023-12-05T18:02:50.263+0000] {processor.py:157} INFO - Started process (PID=11635) to work on /usr/local/lib/python3.10/dist-packages/airflow/example_dags/example_short_circuit_decorator.py
[2023-12-05T18:02:50.264+0000] {processor.py:829} INFO - Processing file /usr/local/lib/python3.10/dist-packages/airflow/example_dags/example_short_circuit_decorator.py for tasks to queue
[2023-12-05T18:02:50.265+0000] {logging_mixin.py:154} INFO - [2023-12-05T18:02:50.265+0000] {dagbag.py:536} INFO - Filling up the DagBag from /usr/local/lib/python3.10/dist-packages/airflow/example_dags/example_short_circuit_decorator.py
[2023-12-05T18:02:50.276+0000] {processor.py:839} INFO - DAG(s) dict_keys(['example_short_circuit_decorator']) retrieved from /usr/local/lib/python3.10/dist-packages/airflow/example_dags/example_short_circuit_decorator.py
[2023-12-05T18:02:50.294+0000] {logging_mixin.py:154} INFO - [2023-12-05T18:02:50.293+0000] {dag.py:2941} INFO - Sync 1 DAGs
[2023-12-05T18:02:50.314+0000] {logging_mixin.py:154} INFO - [2023-12-05T18:02:50.314+0000] {dag.py:3722} INFO - Setting next_dagrun for example_short_circuit_decorator to 2023-12-04T18:02:50.314171+00:00, run_after=2023-12-05T18:02:50.314171+00:00
[2023-12-05T18:02:50.337+0000] {processor.py:179} INFO - Processing /usr/local/lib/python3.10/dist-packages/airflow/example_dags/example_short_circuit_decorator.py took 0.081 seconds
[2023-12-05T18:03:41.011+0000] {processor.py:157} INFO - Started process (PID=11751) to work on /usr/local/lib/python3.10/dist-packages/airflow/example_dags/example_short_circuit_decorator.py
[2023-12-05T18:03:41.013+0000] {processor.py:829} INFO - Processing file /usr/local/lib/python3.10/dist-packages/airflow/example_dags/example_short_circuit_decorator.py for tasks to queue
[2023-12-05T18:03:41.014+0000] {logging_mixin.py:154} INFO - [2023-12-05T18:03:41.013+0000] {dagbag.py:536} INFO - Filling up the DagBag from /usr/local/lib/python3.10/dist-packages/airflow/example_dags/example_short_circuit_decorator.py
[2023-12-05T18:03:41.025+0000] {processor.py:839} INFO - DAG(s) dict_keys(['example_short_circuit_decorator']) retrieved from /usr/local/lib/python3.10/dist-packages/airflow/example_dags/example_short_circuit_decorator.py
[2023-12-05T18:03:41.046+0000] {logging_mixin.py:154} INFO - [2023-12-05T18:03:41.046+0000] {dag.py:2941} INFO - Sync 1 DAGs
[2023-12-05T18:03:41.071+0000] {logging_mixin.py:154} INFO - [2023-12-05T18:03:41.070+0000] {dag.py:3722} INFO - Setting next_dagrun for example_short_circuit_decorator to 2023-12-04T18:03:41.070518+00:00, run_after=2023-12-05T18:03:41.070518+00:00
[2023-12-05T18:03:41.095+0000] {processor.py:179} INFO - Processing /usr/local/lib/python3.10/dist-packages/airflow/example_dags/example_short_circuit_decorator.py took 0.088 seconds
[2023-12-05T18:04:29.971+0000] {processor.py:157} INFO - Started process (PID=11872) to work on /usr/local/lib/python3.10/dist-packages/airflow/example_dags/example_short_circuit_decorator.py
[2023-12-05T18:04:29.972+0000] {processor.py:829} INFO - Processing file /usr/local/lib/python3.10/dist-packages/airflow/example_dags/example_short_circuit_decorator.py for tasks to queue
[2023-12-05T18:04:29.973+0000] {logging_mixin.py:154} INFO - [2023-12-05T18:04:29.973+0000] {dagbag.py:536} INFO - Filling up the DagBag from /usr/local/lib/python3.10/dist-packages/airflow/example_dags/example_short_circuit_decorator.py
[2023-12-05T18:04:29.988+0000] {processor.py:839} INFO - DAG(s) dict_keys(['example_short_circuit_decorator']) retrieved from /usr/local/lib/python3.10/dist-packages/airflow/example_dags/example_short_circuit_decorator.py
[2023-12-05T18:04:30.024+0000] {logging_mixin.py:154} INFO - [2023-12-05T18:04:30.024+0000] {dag.py:2941} INFO - Sync 1 DAGs
[2023-12-05T18:04:30.053+0000] {logging_mixin.py:154} INFO - [2023-12-05T18:04:30.053+0000] {dag.py:3722} INFO - Setting next_dagrun for example_short_circuit_decorator to 2023-12-04T18:04:30.053046+00:00, run_after=2023-12-05T18:04:30.053046+00:00
[2023-12-05T18:04:30.083+0000] {processor.py:179} INFO - Processing /usr/local/lib/python3.10/dist-packages/airflow/example_dags/example_short_circuit_decorator.py took 0.116 seconds
[2023-12-05T18:05:21.981+0000] {processor.py:157} INFO - Started process (PID=12445) to work on /usr/local/lib/python3.10/dist-packages/airflow/example_dags/example_short_circuit_decorator.py
[2023-12-05T18:05:21.983+0000] {processor.py:829} INFO - Processing file /usr/local/lib/python3.10/dist-packages/airflow/example_dags/example_short_circuit_decorator.py for tasks to queue
[2023-12-05T18:05:21.984+0000] {logging_mixin.py:154} INFO - [2023-12-05T18:05:21.984+0000] {dagbag.py:536} INFO - Filling up the DagBag from /usr/local/lib/python3.10/dist-packages/airflow/example_dags/example_short_circuit_decorator.py
[2023-12-05T18:05:21.993+0000] {processor.py:839} INFO - DAG(s) dict_keys(['example_short_circuit_decorator']) retrieved from /usr/local/lib/python3.10/dist-packages/airflow/example_dags/example_short_circuit_decorator.py
[2023-12-05T18:05:22.012+0000] {logging_mixin.py:154} INFO - [2023-12-05T18:05:22.012+0000] {dag.py:2941} INFO - Sync 1 DAGs
[2023-12-05T18:05:22.033+0000] {logging_mixin.py:154} INFO - [2023-12-05T18:05:22.033+0000] {dag.py:3722} INFO - Setting next_dagrun for example_short_circuit_decorator to 2023-12-04T18:05:22.033131+00:00, run_after=2023-12-05T18:05:22.033131+00:00
[2023-12-05T18:05:22.057+0000] {processor.py:179} INFO - Processing /usr/local/lib/python3.10/dist-packages/airflow/example_dags/example_short_circuit_decorator.py took 0.079 seconds
[2023-12-05T18:06:13.296+0000] {processor.py:157} INFO - Started process (PID=12736) to work on /usr/local/lib/python3.10/dist-packages/airflow/example_dags/example_short_circuit_decorator.py
[2023-12-05T18:06:13.300+0000] {processor.py:829} INFO - Processing file /usr/local/lib/python3.10/dist-packages/airflow/example_dags/example_short_circuit_decorator.py for tasks to queue
[2023-12-05T18:06:13.302+0000] {logging_mixin.py:154} INFO - [2023-12-05T18:06:13.302+0000] {dagbag.py:536} INFO - Filling up the DagBag from /usr/local/lib/python3.10/dist-packages/airflow/example_dags/example_short_circuit_decorator.py
[2023-12-05T18:06:13.324+0000] {processor.py:839} INFO - DAG(s) dict_keys(['example_short_circuit_decorator']) retrieved from /usr/local/lib/python3.10/dist-packages/airflow/example_dags/example_short_circuit_decorator.py
[2023-12-05T18:06:13.352+0000] {logging_mixin.py:154} INFO - [2023-12-05T18:06:13.352+0000] {dag.py:2941} INFO - Sync 1 DAGs
[2023-12-05T18:06:13.375+0000] {logging_mixin.py:154} INFO - [2023-12-05T18:06:13.375+0000] {dag.py:3722} INFO - Setting next_dagrun for example_short_circuit_decorator to 2023-12-04T18:06:13.375036+00:00, run_after=2023-12-05T18:06:13.375036+00:00
[2023-12-05T18:06:13.399+0000] {processor.py:179} INFO - Processing /usr/local/lib/python3.10/dist-packages/airflow/example_dags/example_short_circuit_decorator.py took 0.107 seconds
[2023-12-05T18:07:06.910+0000] {processor.py:157} INFO - Started process (PID=12981) to work on /usr/local/lib/python3.10/dist-packages/airflow/example_dags/example_short_circuit_decorator.py
[2023-12-05T18:07:06.913+0000] {processor.py:829} INFO - Processing file /usr/local/lib/python3.10/dist-packages/airflow/example_dags/example_short_circuit_decorator.py for tasks to queue
[2023-12-05T18:07:06.917+0000] {logging_mixin.py:154} INFO - [2023-12-05T18:07:06.916+0000] {dagbag.py:536} INFO - Filling up the DagBag from /usr/local/lib/python3.10/dist-packages/airflow/example_dags/example_short_circuit_decorator.py
[2023-12-05T18:07:06.934+0000] {processor.py:839} INFO - DAG(s) dict_keys(['example_short_circuit_decorator']) retrieved from /usr/local/lib/python3.10/dist-packages/airflow/example_dags/example_short_circuit_decorator.py
[2023-12-05T18:07:06.957+0000] {logging_mixin.py:154} INFO - [2023-12-05T18:07:06.957+0000] {dag.py:2941} INFO - Sync 1 DAGs
[2023-12-05T18:07:06.980+0000] {logging_mixin.py:154} INFO - [2023-12-05T18:07:06.980+0000] {dag.py:3722} INFO - Setting next_dagrun for example_short_circuit_decorator to 2023-12-04T18:07:06.979904+00:00, run_after=2023-12-05T18:07:06.979904+00:00
[2023-12-05T18:07:07.014+0000] {processor.py:179} INFO - Processing /usr/local/lib/python3.10/dist-packages/airflow/example_dags/example_short_circuit_decorator.py took 0.112 seconds
[2023-12-05T18:08:01.356+0000] {processor.py:157} INFO - Started process (PID=13110) to work on /usr/local/lib/python3.10/dist-packages/airflow/example_dags/example_short_circuit_decorator.py
[2023-12-05T18:08:01.358+0000] {processor.py:829} INFO - Processing file /usr/local/lib/python3.10/dist-packages/airflow/example_dags/example_short_circuit_decorator.py for tasks to queue
[2023-12-05T18:08:01.360+0000] {logging_mixin.py:154} INFO - [2023-12-05T18:08:01.359+0000] {dagbag.py:536} INFO - Filling up the DagBag from /usr/local/lib/python3.10/dist-packages/airflow/example_dags/example_short_circuit_decorator.py
[2023-12-05T18:08:01.378+0000] {processor.py:839} INFO - DAG(s) dict_keys(['example_short_circuit_decorator']) retrieved from /usr/local/lib/python3.10/dist-packages/airflow/example_dags/example_short_circuit_decorator.py
[2023-12-05T18:08:01.412+0000] {logging_mixin.py:154} INFO - [2023-12-05T18:08:01.411+0000] {dag.py:2941} INFO - Sync 1 DAGs
[2023-12-05T18:08:01.456+0000] {logging_mixin.py:154} INFO - [2023-12-05T18:08:01.455+0000] {dag.py:3722} INFO - Setting next_dagrun for example_short_circuit_decorator to 2023-12-04T18:08:01.455655+00:00, run_after=2023-12-05T18:08:01.455655+00:00
[2023-12-05T18:08:01.484+0000] {processor.py:179} INFO - Processing /usr/local/lib/python3.10/dist-packages/airflow/example_dags/example_short_circuit_decorator.py took 0.134 seconds
[2023-12-05T18:08:50.711+0000] {processor.py:157} INFO - Started process (PID=13465) to work on /usr/local/lib/python3.10/dist-packages/airflow/example_dags/example_short_circuit_decorator.py
[2023-12-05T18:08:50.712+0000] {processor.py:829} INFO - Processing file /usr/local/lib/python3.10/dist-packages/airflow/example_dags/example_short_circuit_decorator.py for tasks to queue
[2023-12-05T18:08:50.713+0000] {logging_mixin.py:154} INFO - [2023-12-05T18:08:50.713+0000] {dagbag.py:536} INFO - Filling up the DagBag from /usr/local/lib/python3.10/dist-packages/airflow/example_dags/example_short_circuit_decorator.py
[2023-12-05T18:08:50.728+0000] {processor.py:839} INFO - DAG(s) dict_keys(['example_short_circuit_decorator']) retrieved from /usr/local/lib/python3.10/dist-packages/airflow/example_dags/example_short_circuit_decorator.py
[2023-12-05T18:08:50.751+0000] {logging_mixin.py:154} INFO - [2023-12-05T18:08:50.751+0000] {dag.py:2941} INFO - Sync 1 DAGs
[2023-12-05T18:08:50.780+0000] {logging_mixin.py:154} INFO - [2023-12-05T18:08:50.780+0000] {dag.py:3722} INFO - Setting next_dagrun for example_short_circuit_decorator to 2023-12-04T18:08:50.780223+00:00, run_after=2023-12-05T18:08:50.780223+00:00
[2023-12-05T18:08:50.810+0000] {processor.py:179} INFO - Processing /usr/local/lib/python3.10/dist-packages/airflow/example_dags/example_short_circuit_decorator.py took 0.102 seconds
[2023-12-05T18:09:41.654+0000] {processor.py:157} INFO - Started process (PID=13648) to work on /usr/local/lib/python3.10/dist-packages/airflow/example_dags/example_short_circuit_decorator.py
[2023-12-05T18:09:41.656+0000] {processor.py:829} INFO - Processing file /usr/local/lib/python3.10/dist-packages/airflow/example_dags/example_short_circuit_decorator.py for tasks to queue
[2023-12-05T18:09:41.657+0000] {logging_mixin.py:154} INFO - [2023-12-05T18:09:41.657+0000] {dagbag.py:536} INFO - Filling up the DagBag from /usr/local/lib/python3.10/dist-packages/airflow/example_dags/example_short_circuit_decorator.py
[2023-12-05T18:09:41.668+0000] {processor.py:839} INFO - DAG(s) dict_keys(['example_short_circuit_decorator']) retrieved from /usr/local/lib/python3.10/dist-packages/airflow/example_dags/example_short_circuit_decorator.py
[2023-12-05T18:09:41.693+0000] {logging_mixin.py:154} INFO - [2023-12-05T18:09:41.693+0000] {dag.py:2941} INFO - Sync 1 DAGs
[2023-12-05T18:09:41.720+0000] {logging_mixin.py:154} INFO - [2023-12-05T18:09:41.719+0000] {dag.py:3722} INFO - Setting next_dagrun for example_short_circuit_decorator to 2023-12-04T18:09:41.719340+00:00, run_after=2023-12-05T18:09:41.719340+00:00
[2023-12-05T18:09:41.745+0000] {processor.py:179} INFO - Processing /usr/local/lib/python3.10/dist-packages/airflow/example_dags/example_short_circuit_decorator.py took 0.095 seconds
[2023-12-05T18:10:30.905+0000] {processor.py:157} INFO - Started process (PID=13826) to work on /usr/local/lib/python3.10/dist-packages/airflow/example_dags/example_short_circuit_decorator.py
[2023-12-05T18:10:30.907+0000] {processor.py:829} INFO - Processing file /usr/local/lib/python3.10/dist-packages/airflow/example_dags/example_short_circuit_decorator.py for tasks to queue
[2023-12-05T18:10:30.908+0000] {logging_mixin.py:154} INFO - [2023-12-05T18:10:30.908+0000] {dagbag.py:536} INFO - Filling up the DagBag from /usr/local/lib/python3.10/dist-packages/airflow/example_dags/example_short_circuit_decorator.py
[2023-12-05T18:10:30.921+0000] {processor.py:839} INFO - DAG(s) dict_keys(['example_short_circuit_decorator']) retrieved from /usr/local/lib/python3.10/dist-packages/airflow/example_dags/example_short_circuit_decorator.py
[2023-12-05T18:10:30.946+0000] {logging_mixin.py:154} INFO - [2023-12-05T18:10:30.946+0000] {dag.py:2941} INFO - Sync 1 DAGs
[2023-12-05T18:10:30.971+0000] {logging_mixin.py:154} INFO - [2023-12-05T18:10:30.970+0000] {dag.py:3722} INFO - Setting next_dagrun for example_short_circuit_decorator to 2023-12-04T18:10:30.970267+00:00, run_after=2023-12-05T18:10:30.970267+00:00
[2023-12-05T18:10:31.018+0000] {processor.py:179} INFO - Processing /usr/local/lib/python3.10/dist-packages/airflow/example_dags/example_short_circuit_decorator.py took 0.117 seconds
