[2023-12-05T17:44:53.992+0000] {processor.py:157} INFO - Started process (PID=8816) to work on /usr/local/lib/python3.10/dist-packages/airflow/example_dags/example_task_group_decorator.py
[2023-12-05T17:44:53.993+0000] {processor.py:829} INFO - Processing file /usr/local/lib/python3.10/dist-packages/airflow/example_dags/example_task_group_decorator.py for tasks to queue
[2023-12-05T17:44:53.994+0000] {logging_mixin.py:154} INFO - [2023-12-05T17:44:53.994+0000] {dagbag.py:536} INFO - Filling up the DagBag from /usr/local/lib/python3.10/dist-packages/airflow/example_dags/example_task_group_decorator.py
[2023-12-05T17:44:54.024+0000] {processor.py:839} INFO - DAG(s) dict_keys(['example_task_group_decorator']) retrieved from /usr/local/lib/python3.10/dist-packages/airflow/example_dags/example_task_group_decorator.py
[2023-12-05T17:44:54.292+0000] {logging_mixin.py:154} INFO - [2023-12-05T17:44:54.291+0000] {manager.py:499} INFO - Created Permission View: %s
[2023-12-05T17:44:54.328+0000] {logging_mixin.py:154} INFO - [2023-12-05T17:44:54.327+0000] {manager.py:499} INFO - Created Permission View: %s
[2023-12-05T17:44:54.360+0000] {logging_mixin.py:154} INFO - [2023-12-05T17:44:54.360+0000] {manager.py:499} INFO - Created Permission View: %s
[2023-12-05T17:44:54.361+0000] {logging_mixin.py:154} INFO - [2023-12-05T17:44:54.360+0000] {dag.py:2941} INFO - Sync 1 DAGs
[2023-12-05T17:44:54.396+0000] {logging_mixin.py:154} INFO - [2023-12-05T17:44:54.395+0000] {dag.py:2963} INFO - Creating ORM DAG for example_task_group_decorator
[2023-12-05T17:44:54.418+0000] {logging_mixin.py:154} INFO - [2023-12-05T17:44:54.417+0000] {dag.py:3722} INFO - Setting next_dagrun for example_task_group_decorator to 2023-12-04T17:44:54.416954+00:00, run_after=2023-12-05T17:44:54.416954+00:00
[2023-12-05T17:44:54.497+0000] {processor.py:179} INFO - Processing /usr/local/lib/python3.10/dist-packages/airflow/example_dags/example_task_group_decorator.py took 0.508 seconds
[2023-12-05T17:46:08.719+0000] {processor.py:157} INFO - Started process (PID=9182) to work on /usr/local/lib/python3.10/dist-packages/airflow/example_dags/example_task_group_decorator.py
[2023-12-05T17:46:08.720+0000] {processor.py:829} INFO - Processing file /usr/local/lib/python3.10/dist-packages/airflow/example_dags/example_task_group_decorator.py for tasks to queue
[2023-12-05T17:46:08.721+0000] {logging_mixin.py:154} INFO - [2023-12-05T17:46:08.721+0000] {dagbag.py:536} INFO - Filling up the DagBag from /usr/local/lib/python3.10/dist-packages/airflow/example_dags/example_task_group_decorator.py
[2023-12-05T17:46:08.738+0000] {processor.py:839} INFO - DAG(s) dict_keys(['example_task_group_decorator']) retrieved from /usr/local/lib/python3.10/dist-packages/airflow/example_dags/example_task_group_decorator.py
[2023-12-05T17:46:08.746+0000] {logging_mixin.py:154} INFO - [2023-12-05T17:46:08.746+0000] {dag.py:2941} INFO - Sync 1 DAGs
[2023-12-05T17:46:08.770+0000] {logging_mixin.py:154} INFO - [2023-12-05T17:46:08.770+0000] {dag.py:3722} INFO - Setting next_dagrun for example_task_group_decorator to 2023-12-04T17:46:08.770008+00:00, run_after=2023-12-05T17:46:08.770008+00:00
[2023-12-05T17:46:08.794+0000] {processor.py:179} INFO - Processing /usr/local/lib/python3.10/dist-packages/airflow/example_dags/example_task_group_decorator.py took 0.079 seconds
[2023-12-05T17:46:58.023+0000] {processor.py:157} INFO - Started process (PID=9292) to work on /usr/local/lib/python3.10/dist-packages/airflow/example_dags/example_task_group_decorator.py
[2023-12-05T17:46:58.024+0000] {processor.py:829} INFO - Processing file /usr/local/lib/python3.10/dist-packages/airflow/example_dags/example_task_group_decorator.py for tasks to queue
[2023-12-05T17:46:58.025+0000] {logging_mixin.py:154} INFO - [2023-12-05T17:46:58.025+0000] {dagbag.py:536} INFO - Filling up the DagBag from /usr/local/lib/python3.10/dist-packages/airflow/example_dags/example_task_group_decorator.py
[2023-12-05T17:46:58.042+0000] {processor.py:839} INFO - DAG(s) dict_keys(['example_task_group_decorator']) retrieved from /usr/local/lib/python3.10/dist-packages/airflow/example_dags/example_task_group_decorator.py
[2023-12-05T17:46:58.064+0000] {logging_mixin.py:154} INFO - [2023-12-05T17:46:58.064+0000] {dag.py:2941} INFO - Sync 1 DAGs
[2023-12-05T17:46:58.085+0000] {logging_mixin.py:154} INFO - [2023-12-05T17:46:58.085+0000] {dag.py:3722} INFO - Setting next_dagrun for example_task_group_decorator to 2023-12-04T17:46:58.084981+00:00, run_after=2023-12-05T17:46:58.084981+00:00
[2023-12-05T17:46:58.120+0000] {processor.py:179} INFO - Processing /usr/local/lib/python3.10/dist-packages/airflow/example_dags/example_task_group_decorator.py took 0.101 seconds
[2023-12-05T17:47:35.600+0000] {processor.py:157} INFO - Started process (PID=9394) to work on /usr/local/lib/python3.10/dist-packages/airflow/example_dags/example_task_group_decorator.py
[2023-12-05T17:47:35.602+0000] {processor.py:829} INFO - Processing file /usr/local/lib/python3.10/dist-packages/airflow/example_dags/example_task_group_decorator.py for tasks to queue
[2023-12-05T17:47:35.603+0000] {logging_mixin.py:154} INFO - [2023-12-05T17:47:35.603+0000] {dagbag.py:536} INFO - Filling up the DagBag from /usr/local/lib/python3.10/dist-packages/airflow/example_dags/example_task_group_decorator.py
[2023-12-05T17:47:35.629+0000] {processor.py:839} INFO - DAG(s) dict_keys(['example_task_group_decorator']) retrieved from /usr/local/lib/python3.10/dist-packages/airflow/example_dags/example_task_group_decorator.py
[2023-12-05T17:47:35.664+0000] {logging_mixin.py:154} INFO - [2023-12-05T17:47:35.664+0000] {dag.py:2941} INFO - Sync 1 DAGs
[2023-12-05T17:47:35.696+0000] {logging_mixin.py:154} INFO - [2023-12-05T17:47:35.696+0000] {dag.py:3722} INFO - Setting next_dagrun for example_task_group_decorator to 2023-12-04T17:47:35.696223+00:00, run_after=2023-12-05T17:47:35.696223+00:00
[2023-12-05T17:47:35.724+0000] {processor.py:179} INFO - Processing /usr/local/lib/python3.10/dist-packages/airflow/example_dags/example_task_group_decorator.py took 0.132 seconds
[2023-12-05T17:48:11.663+0000] {processor.py:157} INFO - Started process (PID=9551) to work on /usr/local/lib/python3.10/dist-packages/airflow/example_dags/example_task_group_decorator.py
[2023-12-05T17:48:11.664+0000] {processor.py:829} INFO - Processing file /usr/local/lib/python3.10/dist-packages/airflow/example_dags/example_task_group_decorator.py for tasks to queue
[2023-12-05T17:48:11.665+0000] {logging_mixin.py:154} INFO - [2023-12-05T17:48:11.665+0000] {dagbag.py:536} INFO - Filling up the DagBag from /usr/local/lib/python3.10/dist-packages/airflow/example_dags/example_task_group_decorator.py
[2023-12-05T17:48:11.699+0000] {processor.py:839} INFO - DAG(s) dict_keys(['example_task_group_decorator']) retrieved from /usr/local/lib/python3.10/dist-packages/airflow/example_dags/example_task_group_decorator.py
[2023-12-05T17:48:11.737+0000] {logging_mixin.py:154} INFO - [2023-12-05T17:48:11.736+0000] {dag.py:2941} INFO - Sync 1 DAGs
[2023-12-05T17:48:11.761+0000] {logging_mixin.py:154} INFO - [2023-12-05T17:48:11.761+0000] {dag.py:3722} INFO - Setting next_dagrun for example_task_group_decorator to 2023-12-04T17:48:11.761150+00:00, run_after=2023-12-05T17:48:11.761150+00:00
[2023-12-05T17:48:11.808+0000] {processor.py:179} INFO - Processing /usr/local/lib/python3.10/dist-packages/airflow/example_dags/example_task_group_decorator.py took 0.151 seconds
[2023-12-05T17:48:49.447+0000] {processor.py:157} INFO - Started process (PID=9591) to work on /usr/local/lib/python3.10/dist-packages/airflow/example_dags/example_task_group_decorator.py
[2023-12-05T17:48:49.448+0000] {processor.py:829} INFO - Processing file /usr/local/lib/python3.10/dist-packages/airflow/example_dags/example_task_group_decorator.py for tasks to queue
[2023-12-05T17:48:49.449+0000] {logging_mixin.py:154} INFO - [2023-12-05T17:48:49.449+0000] {dagbag.py:536} INFO - Filling up the DagBag from /usr/local/lib/python3.10/dist-packages/airflow/example_dags/example_task_group_decorator.py
[2023-12-05T17:48:49.476+0000] {processor.py:839} INFO - DAG(s) dict_keys(['example_task_group_decorator']) retrieved from /usr/local/lib/python3.10/dist-packages/airflow/example_dags/example_task_group_decorator.py
[2023-12-05T17:48:49.514+0000] {logging_mixin.py:154} INFO - [2023-12-05T17:48:49.514+0000] {dag.py:2941} INFO - Sync 1 DAGs
[2023-12-05T17:48:49.540+0000] {logging_mixin.py:154} INFO - [2023-12-05T17:48:49.539+0000] {dag.py:3722} INFO - Setting next_dagrun for example_task_group_decorator to 2023-12-04T17:48:49.539628+00:00, run_after=2023-12-05T17:48:49.539628+00:00
[2023-12-05T17:48:49.567+0000] {processor.py:179} INFO - Processing /usr/local/lib/python3.10/dist-packages/airflow/example_dags/example_task_group_decorator.py took 0.125 seconds
[2023-12-05T17:49:25.053+0000] {processor.py:157} INFO - Started process (PID=9690) to work on /usr/local/lib/python3.10/dist-packages/airflow/example_dags/example_task_group_decorator.py
[2023-12-05T17:49:25.057+0000] {processor.py:829} INFO - Processing file /usr/local/lib/python3.10/dist-packages/airflow/example_dags/example_task_group_decorator.py for tasks to queue
[2023-12-05T17:49:25.059+0000] {logging_mixin.py:154} INFO - [2023-12-05T17:49:25.058+0000] {dagbag.py:536} INFO - Filling up the DagBag from /usr/local/lib/python3.10/dist-packages/airflow/example_dags/example_task_group_decorator.py
[2023-12-05T17:49:25.073+0000] {processor.py:839} INFO - DAG(s) dict_keys(['example_task_group_decorator']) retrieved from /usr/local/lib/python3.10/dist-packages/airflow/example_dags/example_task_group_decorator.py
[2023-12-05T17:49:25.092+0000] {logging_mixin.py:154} INFO - [2023-12-05T17:49:25.091+0000] {dag.py:2941} INFO - Sync 1 DAGs
[2023-12-05T17:49:25.110+0000] {logging_mixin.py:154} INFO - [2023-12-05T17:49:25.110+0000] {dag.py:3722} INFO - Setting next_dagrun for example_task_group_decorator to 2023-12-04T17:49:25.110145+00:00, run_after=2023-12-05T17:49:25.110145+00:00
[2023-12-05T17:49:25.133+0000] {processor.py:179} INFO - Processing /usr/local/lib/python3.10/dist-packages/airflow/example_dags/example_task_group_decorator.py took 0.085 seconds
[2023-12-05T17:50:00.457+0000] {processor.py:157} INFO - Started process (PID=9729) to work on /usr/local/lib/python3.10/dist-packages/airflow/example_dags/example_task_group_decorator.py
[2023-12-05T17:50:00.460+0000] {processor.py:829} INFO - Processing file /usr/local/lib/python3.10/dist-packages/airflow/example_dags/example_task_group_decorator.py for tasks to queue
[2023-12-05T17:50:00.464+0000] {logging_mixin.py:154} INFO - [2023-12-05T17:50:00.463+0000] {dagbag.py:536} INFO - Filling up the DagBag from /usr/local/lib/python3.10/dist-packages/airflow/example_dags/example_task_group_decorator.py
[2023-12-05T17:50:00.510+0000] {processor.py:839} INFO - DAG(s) dict_keys(['example_task_group_decorator']) retrieved from /usr/local/lib/python3.10/dist-packages/airflow/example_dags/example_task_group_decorator.py
[2023-12-05T17:50:00.546+0000] {logging_mixin.py:154} INFO - [2023-12-05T17:50:00.546+0000] {dag.py:2941} INFO - Sync 1 DAGs
[2023-12-05T17:50:00.573+0000] {logging_mixin.py:154} INFO - [2023-12-05T17:50:00.573+0000] {dag.py:3722} INFO - Setting next_dagrun for example_task_group_decorator to 2023-12-04T17:50:00.572760+00:00, run_after=2023-12-05T17:50:00.572760+00:00
[2023-12-05T17:50:00.601+0000] {processor.py:179} INFO - Processing /usr/local/lib/python3.10/dist-packages/airflow/example_dags/example_task_group_decorator.py took 0.154 seconds
[2023-12-05T17:50:36.224+0000] {processor.py:157} INFO - Started process (PID=9833) to work on /usr/local/lib/python3.10/dist-packages/airflow/example_dags/example_task_group_decorator.py
[2023-12-05T17:50:36.225+0000] {processor.py:829} INFO - Processing file /usr/local/lib/python3.10/dist-packages/airflow/example_dags/example_task_group_decorator.py for tasks to queue
[2023-12-05T17:50:36.227+0000] {logging_mixin.py:154} INFO - [2023-12-05T17:50:36.226+0000] {dagbag.py:536} INFO - Filling up the DagBag from /usr/local/lib/python3.10/dist-packages/airflow/example_dags/example_task_group_decorator.py
[2023-12-05T17:50:36.245+0000] {processor.py:839} INFO - DAG(s) dict_keys(['example_task_group_decorator']) retrieved from /usr/local/lib/python3.10/dist-packages/airflow/example_dags/example_task_group_decorator.py
[2023-12-05T17:50:36.265+0000] {logging_mixin.py:154} INFO - [2023-12-05T17:50:36.265+0000] {dag.py:2941} INFO - Sync 1 DAGs
[2023-12-05T17:50:36.308+0000] {logging_mixin.py:154} INFO - [2023-12-05T17:50:36.308+0000] {dag.py:3722} INFO - Setting next_dagrun for example_task_group_decorator to 2023-12-04T17:50:36.308433+00:00, run_after=2023-12-05T17:50:36.308433+00:00
[2023-12-05T17:50:36.342+0000] {processor.py:179} INFO - Processing /usr/local/lib/python3.10/dist-packages/airflow/example_dags/example_task_group_decorator.py took 0.122 seconds
[2023-12-05T17:51:23.800+0000] {processor.py:157} INFO - Started process (PID=10003) to work on /usr/local/lib/python3.10/dist-packages/airflow/example_dags/example_task_group_decorator.py
[2023-12-05T17:51:23.801+0000] {processor.py:829} INFO - Processing file /usr/local/lib/python3.10/dist-packages/airflow/example_dags/example_task_group_decorator.py for tasks to queue
[2023-12-05T17:51:23.802+0000] {logging_mixin.py:154} INFO - [2023-12-05T17:51:23.801+0000] {dagbag.py:536} INFO - Filling up the DagBag from /usr/local/lib/python3.10/dist-packages/airflow/example_dags/example_task_group_decorator.py
[2023-12-05T17:51:23.820+0000] {processor.py:839} INFO - DAG(s) dict_keys(['example_task_group_decorator']) retrieved from /usr/local/lib/python3.10/dist-packages/airflow/example_dags/example_task_group_decorator.py
[2023-12-05T17:51:23.842+0000] {logging_mixin.py:154} INFO - [2023-12-05T17:51:23.842+0000] {dag.py:2941} INFO - Sync 1 DAGs
[2023-12-05T17:51:23.865+0000] {logging_mixin.py:154} INFO - [2023-12-05T17:51:23.864+0000] {dag.py:3722} INFO - Setting next_dagrun for example_task_group_decorator to 2023-12-04T17:51:23.864671+00:00, run_after=2023-12-05T17:51:23.864671+00:00
[2023-12-05T17:51:23.890+0000] {processor.py:179} INFO - Processing /usr/local/lib/python3.10/dist-packages/airflow/example_dags/example_task_group_decorator.py took 0.095 seconds
[2023-12-05T17:52:00.091+0000] {processor.py:157} INFO - Started process (PID=10044) to work on /usr/local/lib/python3.10/dist-packages/airflow/example_dags/example_task_group_decorator.py
[2023-12-05T17:52:00.092+0000] {processor.py:829} INFO - Processing file /usr/local/lib/python3.10/dist-packages/airflow/example_dags/example_task_group_decorator.py for tasks to queue
[2023-12-05T17:52:00.094+0000] {logging_mixin.py:154} INFO - [2023-12-05T17:52:00.093+0000] {dagbag.py:536} INFO - Filling up the DagBag from /usr/local/lib/python3.10/dist-packages/airflow/example_dags/example_task_group_decorator.py
[2023-12-05T17:52:00.113+0000] {processor.py:839} INFO - DAG(s) dict_keys(['example_task_group_decorator']) retrieved from /usr/local/lib/python3.10/dist-packages/airflow/example_dags/example_task_group_decorator.py
[2023-12-05T17:52:00.135+0000] {logging_mixin.py:154} INFO - [2023-12-05T17:52:00.135+0000] {dag.py:2941} INFO - Sync 1 DAGs
[2023-12-05T17:52:00.175+0000] {logging_mixin.py:154} INFO - [2023-12-05T17:52:00.175+0000] {dag.py:3722} INFO - Setting next_dagrun for example_task_group_decorator to 2023-12-04T17:52:00.174907+00:00, run_after=2023-12-05T17:52:00.174907+00:00
[2023-12-05T17:52:00.226+0000] {processor.py:179} INFO - Processing /usr/local/lib/python3.10/dist-packages/airflow/example_dags/example_task_group_decorator.py took 0.139 seconds
[2023-12-05T17:52:32.193+0000] {processor.py:157} INFO - Started process (PID=10141) to work on /usr/local/lib/python3.10/dist-packages/airflow/example_dags/example_task_group_decorator.py
[2023-12-05T17:52:32.194+0000] {processor.py:829} INFO - Processing file /usr/local/lib/python3.10/dist-packages/airflow/example_dags/example_task_group_decorator.py for tasks to queue
[2023-12-05T17:52:32.195+0000] {logging_mixin.py:154} INFO - [2023-12-05T17:52:32.195+0000] {dagbag.py:536} INFO - Filling up the DagBag from /usr/local/lib/python3.10/dist-packages/airflow/example_dags/example_task_group_decorator.py
[2023-12-05T17:52:32.219+0000] {processor.py:839} INFO - DAG(s) dict_keys(['example_task_group_decorator']) retrieved from /usr/local/lib/python3.10/dist-packages/airflow/example_dags/example_task_group_decorator.py
[2023-12-05T17:52:32.251+0000] {logging_mixin.py:154} INFO - [2023-12-05T17:52:32.251+0000] {dag.py:2941} INFO - Sync 1 DAGs
[2023-12-05T17:52:32.272+0000] {logging_mixin.py:154} INFO - [2023-12-05T17:52:32.272+0000] {dag.py:3722} INFO - Setting next_dagrun for example_task_group_decorator to 2023-12-04T17:52:32.272216+00:00, run_after=2023-12-05T17:52:32.272216+00:00
[2023-12-05T17:52:32.295+0000] {processor.py:179} INFO - Processing /usr/local/lib/python3.10/dist-packages/airflow/example_dags/example_task_group_decorator.py took 0.106 seconds
[2023-12-05T17:53:08.396+0000] {processor.py:157} INFO - Started process (PID=10244) to work on /usr/local/lib/python3.10/dist-packages/airflow/example_dags/example_task_group_decorator.py
[2023-12-05T17:53:08.398+0000] {processor.py:829} INFO - Processing file /usr/local/lib/python3.10/dist-packages/airflow/example_dags/example_task_group_decorator.py for tasks to queue
[2023-12-05T17:53:08.399+0000] {logging_mixin.py:154} INFO - [2023-12-05T17:53:08.398+0000] {dagbag.py:536} INFO - Filling up the DagBag from /usr/local/lib/python3.10/dist-packages/airflow/example_dags/example_task_group_decorator.py
[2023-12-05T17:53:08.419+0000] {processor.py:839} INFO - DAG(s) dict_keys(['example_task_group_decorator']) retrieved from /usr/local/lib/python3.10/dist-packages/airflow/example_dags/example_task_group_decorator.py
[2023-12-05T17:53:08.448+0000] {logging_mixin.py:154} INFO - [2023-12-05T17:53:08.447+0000] {dag.py:2941} INFO - Sync 1 DAGs
[2023-12-05T17:53:08.480+0000] {logging_mixin.py:154} INFO - [2023-12-05T17:53:08.480+0000] {dag.py:3722} INFO - Setting next_dagrun for example_task_group_decorator to 2023-12-04T17:53:08.480430+00:00, run_after=2023-12-05T17:53:08.480430+00:00
[2023-12-05T17:53:08.520+0000] {processor.py:179} INFO - Processing /usr/local/lib/python3.10/dist-packages/airflow/example_dags/example_task_group_decorator.py took 0.127 seconds
[2023-12-05T17:53:41.757+0000] {processor.py:157} INFO - Started process (PID=10340) to work on /usr/local/lib/python3.10/dist-packages/airflow/example_dags/example_task_group_decorator.py
[2023-12-05T17:53:41.759+0000] {processor.py:829} INFO - Processing file /usr/local/lib/python3.10/dist-packages/airflow/example_dags/example_task_group_decorator.py for tasks to queue
[2023-12-05T17:53:41.760+0000] {logging_mixin.py:154} INFO - [2023-12-05T17:53:41.759+0000] {dagbag.py:536} INFO - Filling up the DagBag from /usr/local/lib/python3.10/dist-packages/airflow/example_dags/example_task_group_decorator.py
[2023-12-05T17:53:41.776+0000] {processor.py:839} INFO - DAG(s) dict_keys(['example_task_group_decorator']) retrieved from /usr/local/lib/python3.10/dist-packages/airflow/example_dags/example_task_group_decorator.py
[2023-12-05T17:53:41.796+0000] {logging_mixin.py:154} INFO - [2023-12-05T17:53:41.796+0000] {dag.py:2941} INFO - Sync 1 DAGs
[2023-12-05T17:53:41.817+0000] {logging_mixin.py:154} INFO - [2023-12-05T17:53:41.817+0000] {dag.py:3722} INFO - Setting next_dagrun for example_task_group_decorator to 2023-12-04T17:53:41.816908+00:00, run_after=2023-12-05T17:53:41.816908+00:00
[2023-12-05T17:53:41.847+0000] {processor.py:179} INFO - Processing /usr/local/lib/python3.10/dist-packages/airflow/example_dags/example_task_group_decorator.py took 0.094 seconds
[2023-12-05T17:54:14.123+0000] {processor.py:157} INFO - Started process (PID=10439) to work on /usr/local/lib/python3.10/dist-packages/airflow/example_dags/example_task_group_decorator.py
[2023-12-05T17:54:14.126+0000] {processor.py:829} INFO - Processing file /usr/local/lib/python3.10/dist-packages/airflow/example_dags/example_task_group_decorator.py for tasks to queue
[2023-12-05T17:54:14.129+0000] {logging_mixin.py:154} INFO - [2023-12-05T17:54:14.127+0000] {dagbag.py:536} INFO - Filling up the DagBag from /usr/local/lib/python3.10/dist-packages/airflow/example_dags/example_task_group_decorator.py
[2023-12-05T17:54:14.150+0000] {processor.py:839} INFO - DAG(s) dict_keys(['example_task_group_decorator']) retrieved from /usr/local/lib/python3.10/dist-packages/airflow/example_dags/example_task_group_decorator.py
[2023-12-05T17:54:14.173+0000] {logging_mixin.py:154} INFO - [2023-12-05T17:54:14.172+0000] {dag.py:2941} INFO - Sync 1 DAGs
[2023-12-05T17:54:14.194+0000] {logging_mixin.py:154} INFO - [2023-12-05T17:54:14.194+0000] {dag.py:3722} INFO - Setting next_dagrun for example_task_group_decorator to 2023-12-04T17:54:14.194415+00:00, run_after=2023-12-05T17:54:14.194415+00:00
[2023-12-05T17:54:14.226+0000] {processor.py:179} INFO - Processing /usr/local/lib/python3.10/dist-packages/airflow/example_dags/example_task_group_decorator.py took 0.110 seconds
[2023-12-05T17:54:50.327+0000] {processor.py:157} INFO - Started process (PID=10479) to work on /usr/local/lib/python3.10/dist-packages/airflow/example_dags/example_task_group_decorator.py
[2023-12-05T17:54:50.328+0000] {processor.py:829} INFO - Processing file /usr/local/lib/python3.10/dist-packages/airflow/example_dags/example_task_group_decorator.py for tasks to queue
[2023-12-05T17:54:50.329+0000] {logging_mixin.py:154} INFO - [2023-12-05T17:54:50.329+0000] {dagbag.py:536} INFO - Filling up the DagBag from /usr/local/lib/python3.10/dist-packages/airflow/example_dags/example_task_group_decorator.py
[2023-12-05T17:54:50.343+0000] {processor.py:839} INFO - DAG(s) dict_keys(['example_task_group_decorator']) retrieved from /usr/local/lib/python3.10/dist-packages/airflow/example_dags/example_task_group_decorator.py
[2023-12-05T17:54:50.361+0000] {logging_mixin.py:154} INFO - [2023-12-05T17:54:50.361+0000] {dag.py:2941} INFO - Sync 1 DAGs
[2023-12-05T17:54:50.380+0000] {logging_mixin.py:154} INFO - [2023-12-05T17:54:50.380+0000] {dag.py:3722} INFO - Setting next_dagrun for example_task_group_decorator to 2023-12-04T17:54:50.379911+00:00, run_after=2023-12-05T17:54:50.379911+00:00
[2023-12-05T17:54:50.402+0000] {processor.py:179} INFO - Processing /usr/local/lib/python3.10/dist-packages/airflow/example_dags/example_task_group_decorator.py took 0.078 seconds
[2023-12-05T17:55:25.703+0000] {processor.py:157} INFO - Started process (PID=10579) to work on /usr/local/lib/python3.10/dist-packages/airflow/example_dags/example_task_group_decorator.py
[2023-12-05T17:55:25.704+0000] {processor.py:829} INFO - Processing file /usr/local/lib/python3.10/dist-packages/airflow/example_dags/example_task_group_decorator.py for tasks to queue
[2023-12-05T17:55:25.705+0000] {logging_mixin.py:154} INFO - [2023-12-05T17:55:25.705+0000] {dagbag.py:536} INFO - Filling up the DagBag from /usr/local/lib/python3.10/dist-packages/airflow/example_dags/example_task_group_decorator.py
[2023-12-05T17:55:25.727+0000] {processor.py:839} INFO - DAG(s) dict_keys(['example_task_group_decorator']) retrieved from /usr/local/lib/python3.10/dist-packages/airflow/example_dags/example_task_group_decorator.py
[2023-12-05T17:55:25.750+0000] {logging_mixin.py:154} INFO - [2023-12-05T17:55:25.750+0000] {dag.py:2941} INFO - Sync 1 DAGs
[2023-12-05T17:55:25.782+0000] {logging_mixin.py:154} INFO - [2023-12-05T17:55:25.782+0000] {dag.py:3722} INFO - Setting next_dagrun for example_task_group_decorator to 2023-12-04T17:55:25.782352+00:00, run_after=2023-12-05T17:55:25.782352+00:00
[2023-12-05T17:55:25.822+0000] {processor.py:179} INFO - Processing /usr/local/lib/python3.10/dist-packages/airflow/example_dags/example_task_group_decorator.py took 0.122 seconds
[2023-12-05T17:56:00.774+0000] {processor.py:157} INFO - Started process (PID=10619) to work on /usr/local/lib/python3.10/dist-packages/airflow/example_dags/example_task_group_decorator.py
[2023-12-05T17:56:00.776+0000] {processor.py:829} INFO - Processing file /usr/local/lib/python3.10/dist-packages/airflow/example_dags/example_task_group_decorator.py for tasks to queue
[2023-12-05T17:56:00.780+0000] {logging_mixin.py:154} INFO - [2023-12-05T17:56:00.778+0000] {dagbag.py:536} INFO - Filling up the DagBag from /usr/local/lib/python3.10/dist-packages/airflow/example_dags/example_task_group_decorator.py
[2023-12-05T17:56:00.798+0000] {processor.py:839} INFO - DAG(s) dict_keys(['example_task_group_decorator']) retrieved from /usr/local/lib/python3.10/dist-packages/airflow/example_dags/example_task_group_decorator.py
[2023-12-05T17:56:00.818+0000] {logging_mixin.py:154} INFO - [2023-12-05T17:56:00.817+0000] {dag.py:2941} INFO - Sync 1 DAGs
[2023-12-05T17:56:00.836+0000] {logging_mixin.py:154} INFO - [2023-12-05T17:56:00.836+0000] {dag.py:3722} INFO - Setting next_dagrun for example_task_group_decorator to 2023-12-04T17:56:00.835845+00:00, run_after=2023-12-05T17:56:00.835845+00:00
[2023-12-05T17:56:00.860+0000] {processor.py:179} INFO - Processing /usr/local/lib/python3.10/dist-packages/airflow/example_dags/example_task_group_decorator.py took 0.093 seconds
[2023-12-05T17:56:34.138+0000] {processor.py:157} INFO - Started process (PID=10777) to work on /usr/local/lib/python3.10/dist-packages/airflow/example_dags/example_task_group_decorator.py
[2023-12-05T17:56:34.140+0000] {processor.py:829} INFO - Processing file /usr/local/lib/python3.10/dist-packages/airflow/example_dags/example_task_group_decorator.py for tasks to queue
[2023-12-05T17:56:34.141+0000] {logging_mixin.py:154} INFO - [2023-12-05T17:56:34.140+0000] {dagbag.py:536} INFO - Filling up the DagBag from /usr/local/lib/python3.10/dist-packages/airflow/example_dags/example_task_group_decorator.py
[2023-12-05T17:56:34.159+0000] {processor.py:839} INFO - DAG(s) dict_keys(['example_task_group_decorator']) retrieved from /usr/local/lib/python3.10/dist-packages/airflow/example_dags/example_task_group_decorator.py
[2023-12-05T17:56:34.183+0000] {logging_mixin.py:154} INFO - [2023-12-05T17:56:34.182+0000] {dag.py:2941} INFO - Sync 1 DAGs
[2023-12-05T17:56:34.212+0000] {logging_mixin.py:154} INFO - [2023-12-05T17:56:34.212+0000] {dag.py:3722} INFO - Setting next_dagrun for example_task_group_decorator to 2023-12-04T17:56:34.211907+00:00, run_after=2023-12-05T17:56:34.211907+00:00
[2023-12-05T17:56:34.239+0000] {processor.py:179} INFO - Processing /usr/local/lib/python3.10/dist-packages/airflow/example_dags/example_task_group_decorator.py took 0.104 seconds
[2023-12-05T17:57:09.627+0000] {processor.py:157} INFO - Started process (PID=10881) to work on /usr/local/lib/python3.10/dist-packages/airflow/example_dags/example_task_group_decorator.py
[2023-12-05T17:57:09.633+0000] {processor.py:829} INFO - Processing file /usr/local/lib/python3.10/dist-packages/airflow/example_dags/example_task_group_decorator.py for tasks to queue
[2023-12-05T17:57:09.635+0000] {logging_mixin.py:154} INFO - [2023-12-05T17:57:09.634+0000] {dagbag.py:536} INFO - Filling up the DagBag from /usr/local/lib/python3.10/dist-packages/airflow/example_dags/example_task_group_decorator.py
[2023-12-05T17:57:09.657+0000] {processor.py:839} INFO - DAG(s) dict_keys(['example_task_group_decorator']) retrieved from /usr/local/lib/python3.10/dist-packages/airflow/example_dags/example_task_group_decorator.py
[2023-12-05T17:57:09.687+0000] {logging_mixin.py:154} INFO - [2023-12-05T17:57:09.686+0000] {dag.py:2941} INFO - Sync 1 DAGs
[2023-12-05T17:57:09.723+0000] {logging_mixin.py:154} INFO - [2023-12-05T17:57:09.723+0000] {dag.py:3722} INFO - Setting next_dagrun for example_task_group_decorator to 2023-12-04T17:57:09.723510+00:00, run_after=2023-12-05T17:57:09.723510+00:00
[2023-12-05T17:57:09.784+0000] {processor.py:179} INFO - Processing /usr/local/lib/python3.10/dist-packages/airflow/example_dags/example_task_group_decorator.py took 0.161 seconds
[2023-12-05T17:57:48.239+0000] {processor.py:157} INFO - Started process (PID=10919) to work on /usr/local/lib/python3.10/dist-packages/airflow/example_dags/example_task_group_decorator.py
[2023-12-05T17:57:48.242+0000] {processor.py:829} INFO - Processing file /usr/local/lib/python3.10/dist-packages/airflow/example_dags/example_task_group_decorator.py for tasks to queue
[2023-12-05T17:57:48.244+0000] {logging_mixin.py:154} INFO - [2023-12-05T17:57:48.244+0000] {dagbag.py:536} INFO - Filling up the DagBag from /usr/local/lib/python3.10/dist-packages/airflow/example_dags/example_task_group_decorator.py
[2023-12-05T17:57:48.268+0000] {processor.py:839} INFO - DAG(s) dict_keys(['example_task_group_decorator']) retrieved from /usr/local/lib/python3.10/dist-packages/airflow/example_dags/example_task_group_decorator.py
[2023-12-05T17:57:48.295+0000] {logging_mixin.py:154} INFO - [2023-12-05T17:57:48.295+0000] {dag.py:2941} INFO - Sync 1 DAGs
[2023-12-05T17:57:48.332+0000] {logging_mixin.py:154} INFO - [2023-12-05T17:57:48.332+0000] {dag.py:3722} INFO - Setting next_dagrun for example_task_group_decorator to 2023-12-04T17:57:48.332540+00:00, run_after=2023-12-05T17:57:48.332540+00:00
[2023-12-05T17:57:48.368+0000] {processor.py:179} INFO - Processing /usr/local/lib/python3.10/dist-packages/airflow/example_dags/example_task_group_decorator.py took 0.135 seconds
[2023-12-05T17:58:25.985+0000] {processor.py:157} INFO - Started process (PID=11026) to work on /usr/local/lib/python3.10/dist-packages/airflow/example_dags/example_task_group_decorator.py
[2023-12-05T17:58:25.987+0000] {processor.py:829} INFO - Processing file /usr/local/lib/python3.10/dist-packages/airflow/example_dags/example_task_group_decorator.py for tasks to queue
[2023-12-05T17:58:25.988+0000] {logging_mixin.py:154} INFO - [2023-12-05T17:58:25.987+0000] {dagbag.py:536} INFO - Filling up the DagBag from /usr/local/lib/python3.10/dist-packages/airflow/example_dags/example_task_group_decorator.py
[2023-12-05T17:58:26.021+0000] {processor.py:839} INFO - DAG(s) dict_keys(['example_task_group_decorator']) retrieved from /usr/local/lib/python3.10/dist-packages/airflow/example_dags/example_task_group_decorator.py
[2023-12-05T17:58:26.063+0000] {logging_mixin.py:154} INFO - [2023-12-05T17:58:26.063+0000] {dag.py:2941} INFO - Sync 1 DAGs
[2023-12-05T17:58:26.086+0000] {logging_mixin.py:154} INFO - [2023-12-05T17:58:26.086+0000] {dag.py:3722} INFO - Setting next_dagrun for example_task_group_decorator to 2023-12-04T17:58:26.086093+00:00, run_after=2023-12-05T17:58:26.086093+00:00
[2023-12-05T17:58:26.112+0000] {processor.py:179} INFO - Processing /usr/local/lib/python3.10/dist-packages/airflow/example_dags/example_task_group_decorator.py took 0.132 seconds
[2023-12-05T17:58:58.532+0000] {processor.py:157} INFO - Started process (PID=11065) to work on /usr/local/lib/python3.10/dist-packages/airflow/example_dags/example_task_group_decorator.py
[2023-12-05T17:58:58.533+0000] {processor.py:829} INFO - Processing file /usr/local/lib/python3.10/dist-packages/airflow/example_dags/example_task_group_decorator.py for tasks to queue
[2023-12-05T17:58:58.534+0000] {logging_mixin.py:154} INFO - [2023-12-05T17:58:58.533+0000] {dagbag.py:536} INFO - Filling up the DagBag from /usr/local/lib/python3.10/dist-packages/airflow/example_dags/example_task_group_decorator.py
[2023-12-05T17:58:58.550+0000] {processor.py:839} INFO - DAG(s) dict_keys(['example_task_group_decorator']) retrieved from /usr/local/lib/python3.10/dist-packages/airflow/example_dags/example_task_group_decorator.py
[2023-12-05T17:58:58.572+0000] {logging_mixin.py:154} INFO - [2023-12-05T17:58:58.572+0000] {dag.py:2941} INFO - Sync 1 DAGs
[2023-12-05T17:58:58.600+0000] {logging_mixin.py:154} INFO - [2023-12-05T17:58:58.600+0000] {dag.py:3722} INFO - Setting next_dagrun for example_task_group_decorator to 2023-12-04T17:58:58.600219+00:00, run_after=2023-12-05T17:58:58.600219+00:00
[2023-12-05T17:58:58.626+0000] {processor.py:179} INFO - Processing /usr/local/lib/python3.10/dist-packages/airflow/example_dags/example_task_group_decorator.py took 0.101 seconds
[2023-12-05T17:59:32.741+0000] {processor.py:157} INFO - Started process (PID=11169) to work on /usr/local/lib/python3.10/dist-packages/airflow/example_dags/example_task_group_decorator.py
[2023-12-05T17:59:32.743+0000] {processor.py:829} INFO - Processing file /usr/local/lib/python3.10/dist-packages/airflow/example_dags/example_task_group_decorator.py for tasks to queue
[2023-12-05T17:59:32.744+0000] {logging_mixin.py:154} INFO - [2023-12-05T17:59:32.743+0000] {dagbag.py:536} INFO - Filling up the DagBag from /usr/local/lib/python3.10/dist-packages/airflow/example_dags/example_task_group_decorator.py
[2023-12-05T17:59:32.763+0000] {processor.py:839} INFO - DAG(s) dict_keys(['example_task_group_decorator']) retrieved from /usr/local/lib/python3.10/dist-packages/airflow/example_dags/example_task_group_decorator.py
[2023-12-05T17:59:32.786+0000] {logging_mixin.py:154} INFO - [2023-12-05T17:59:32.785+0000] {dag.py:2941} INFO - Sync 1 DAGs
[2023-12-05T17:59:32.809+0000] {logging_mixin.py:154} INFO - [2023-12-05T17:59:32.809+0000] {dag.py:3722} INFO - Setting next_dagrun for example_task_group_decorator to 2023-12-04T17:59:32.808817+00:00, run_after=2023-12-05T17:59:32.808817+00:00
[2023-12-05T17:59:32.832+0000] {processor.py:179} INFO - Processing /usr/local/lib/python3.10/dist-packages/airflow/example_dags/example_task_group_decorator.py took 0.097 seconds
[2023-12-05T18:00:09.631+0000] {processor.py:157} INFO - Started process (PID=11266) to work on /usr/local/lib/python3.10/dist-packages/airflow/example_dags/example_task_group_decorator.py
[2023-12-05T18:00:09.632+0000] {processor.py:829} INFO - Processing file /usr/local/lib/python3.10/dist-packages/airflow/example_dags/example_task_group_decorator.py for tasks to queue
[2023-12-05T18:00:09.633+0000] {logging_mixin.py:154} INFO - [2023-12-05T18:00:09.633+0000] {dagbag.py:536} INFO - Filling up the DagBag from /usr/local/lib/python3.10/dist-packages/airflow/example_dags/example_task_group_decorator.py
[2023-12-05T18:00:09.650+0000] {processor.py:839} INFO - DAG(s) dict_keys(['example_task_group_decorator']) retrieved from /usr/local/lib/python3.10/dist-packages/airflow/example_dags/example_task_group_decorator.py
[2023-12-05T18:00:09.671+0000] {logging_mixin.py:154} INFO - [2023-12-05T18:00:09.671+0000] {dag.py:2941} INFO - Sync 1 DAGs
[2023-12-05T18:00:09.700+0000] {logging_mixin.py:154} INFO - [2023-12-05T18:00:09.700+0000] {dag.py:3722} INFO - Setting next_dagrun for example_task_group_decorator to 2023-12-04T18:00:09.700308+00:00, run_after=2023-12-05T18:00:09.700308+00:00
[2023-12-05T18:00:09.727+0000] {processor.py:179} INFO - Processing /usr/local/lib/python3.10/dist-packages/airflow/example_dags/example_task_group_decorator.py took 0.100 seconds
[2023-12-05T18:00:42.725+0000] {processor.py:157} INFO - Started process (PID=11307) to work on /usr/local/lib/python3.10/dist-packages/airflow/example_dags/example_task_group_decorator.py
[2023-12-05T18:00:42.726+0000] {processor.py:829} INFO - Processing file /usr/local/lib/python3.10/dist-packages/airflow/example_dags/example_task_group_decorator.py for tasks to queue
[2023-12-05T18:00:42.727+0000] {logging_mixin.py:154} INFO - [2023-12-05T18:00:42.726+0000] {dagbag.py:536} INFO - Filling up the DagBag from /usr/local/lib/python3.10/dist-packages/airflow/example_dags/example_task_group_decorator.py
[2023-12-05T18:00:42.757+0000] {processor.py:839} INFO - DAG(s) dict_keys(['example_task_group_decorator']) retrieved from /usr/local/lib/python3.10/dist-packages/airflow/example_dags/example_task_group_decorator.py
[2023-12-05T18:00:42.785+0000] {logging_mixin.py:154} INFO - [2023-12-05T18:00:42.785+0000] {dag.py:2941} INFO - Sync 1 DAGs
[2023-12-05T18:00:42.812+0000] {logging_mixin.py:154} INFO - [2023-12-05T18:00:42.812+0000] {dag.py:3722} INFO - Setting next_dagrun for example_task_group_decorator to 2023-12-04T18:00:42.812304+00:00, run_after=2023-12-05T18:00:42.812304+00:00
[2023-12-05T18:00:42.840+0000] {processor.py:179} INFO - Processing /usr/local/lib/python3.10/dist-packages/airflow/example_dags/example_task_group_decorator.py took 0.118 seconds
[2023-12-05T18:01:29.480+0000] {processor.py:157} INFO - Started process (PID=11478) to work on /usr/local/lib/python3.10/dist-packages/airflow/example_dags/example_task_group_decorator.py
[2023-12-05T18:01:29.481+0000] {processor.py:829} INFO - Processing file /usr/local/lib/python3.10/dist-packages/airflow/example_dags/example_task_group_decorator.py for tasks to queue
[2023-12-05T18:01:29.482+0000] {logging_mixin.py:154} INFO - [2023-12-05T18:01:29.482+0000] {dagbag.py:536} INFO - Filling up the DagBag from /usr/local/lib/python3.10/dist-packages/airflow/example_dags/example_task_group_decorator.py
[2023-12-05T18:01:29.504+0000] {processor.py:839} INFO - DAG(s) dict_keys(['example_task_group_decorator']) retrieved from /usr/local/lib/python3.10/dist-packages/airflow/example_dags/example_task_group_decorator.py
[2023-12-05T18:01:29.532+0000] {logging_mixin.py:154} INFO - [2023-12-05T18:01:29.532+0000] {dag.py:2941} INFO - Sync 1 DAGs
[2023-12-05T18:01:29.560+0000] {logging_mixin.py:154} INFO - [2023-12-05T18:01:29.560+0000] {dag.py:3722} INFO - Setting next_dagrun for example_task_group_decorator to 2023-12-04T18:01:29.559825+00:00, run_after=2023-12-05T18:01:29.559825+00:00
[2023-12-05T18:01:29.591+0000] {processor.py:179} INFO - Processing /usr/local/lib/python3.10/dist-packages/airflow/example_dags/example_task_group_decorator.py took 0.116 seconds
[2023-12-05T18:02:01.853+0000] {processor.py:157} INFO - Started process (PID=11520) to work on /usr/local/lib/python3.10/dist-packages/airflow/example_dags/example_task_group_decorator.py
[2023-12-05T18:02:01.857+0000] {processor.py:829} INFO - Processing file /usr/local/lib/python3.10/dist-packages/airflow/example_dags/example_task_group_decorator.py for tasks to queue
[2023-12-05T18:02:01.859+0000] {logging_mixin.py:154} INFO - [2023-12-05T18:02:01.858+0000] {dagbag.py:536} INFO - Filling up the DagBag from /usr/local/lib/python3.10/dist-packages/airflow/example_dags/example_task_group_decorator.py
[2023-12-05T18:02:01.877+0000] {processor.py:839} INFO - DAG(s) dict_keys(['example_task_group_decorator']) retrieved from /usr/local/lib/python3.10/dist-packages/airflow/example_dags/example_task_group_decorator.py
[2023-12-05T18:02:01.920+0000] {logging_mixin.py:154} INFO - [2023-12-05T18:02:01.920+0000] {dag.py:2941} INFO - Sync 1 DAGs
[2023-12-05T18:02:01.977+0000] {logging_mixin.py:154} INFO - [2023-12-05T18:02:01.977+0000] {dag.py:3722} INFO - Setting next_dagrun for example_task_group_decorator to 2023-12-04T18:02:01.976929+00:00, run_after=2023-12-05T18:02:01.976929+00:00
[2023-12-05T18:02:02.020+0000] {processor.py:179} INFO - Processing /usr/local/lib/python3.10/dist-packages/airflow/example_dags/example_task_group_decorator.py took 0.177 seconds
[2023-12-05T18:02:35.921+0000] {processor.py:157} INFO - Started process (PID=11617) to work on /usr/local/lib/python3.10/dist-packages/airflow/example_dags/example_task_group_decorator.py
[2023-12-05T18:02:35.922+0000] {processor.py:829} INFO - Processing file /usr/local/lib/python3.10/dist-packages/airflow/example_dags/example_task_group_decorator.py for tasks to queue
[2023-12-05T18:02:35.923+0000] {logging_mixin.py:154} INFO - [2023-12-05T18:02:35.923+0000] {dagbag.py:536} INFO - Filling up the DagBag from /usr/local/lib/python3.10/dist-packages/airflow/example_dags/example_task_group_decorator.py
[2023-12-05T18:02:35.945+0000] {processor.py:839} INFO - DAG(s) dict_keys(['example_task_group_decorator']) retrieved from /usr/local/lib/python3.10/dist-packages/airflow/example_dags/example_task_group_decorator.py
[2023-12-05T18:02:35.992+0000] {logging_mixin.py:154} INFO - [2023-12-05T18:02:35.992+0000] {dag.py:2941} INFO - Sync 1 DAGs
[2023-12-05T18:02:36.028+0000] {logging_mixin.py:154} INFO - [2023-12-05T18:02:36.028+0000] {dag.py:3722} INFO - Setting next_dagrun for example_task_group_decorator to 2023-12-04T18:02:36.028198+00:00, run_after=2023-12-05T18:02:36.028198+00:00
[2023-12-05T18:02:36.075+0000] {processor.py:179} INFO - Processing /usr/local/lib/python3.10/dist-packages/airflow/example_dags/example_task_group_decorator.py took 0.158 seconds
[2023-12-05T18:03:12.273+0000] {processor.py:157} INFO - Started process (PID=11721) to work on /usr/local/lib/python3.10/dist-packages/airflow/example_dags/example_task_group_decorator.py
[2023-12-05T18:03:12.275+0000] {processor.py:829} INFO - Processing file /usr/local/lib/python3.10/dist-packages/airflow/example_dags/example_task_group_decorator.py for tasks to queue
[2023-12-05T18:03:12.278+0000] {logging_mixin.py:154} INFO - [2023-12-05T18:03:12.276+0000] {dagbag.py:536} INFO - Filling up the DagBag from /usr/local/lib/python3.10/dist-packages/airflow/example_dags/example_task_group_decorator.py
[2023-12-05T18:03:12.318+0000] {processor.py:839} INFO - DAG(s) dict_keys(['example_task_group_decorator']) retrieved from /usr/local/lib/python3.10/dist-packages/airflow/example_dags/example_task_group_decorator.py
[2023-12-05T18:03:12.338+0000] {logging_mixin.py:154} INFO - [2023-12-05T18:03:12.338+0000] {dag.py:2941} INFO - Sync 1 DAGs
[2023-12-05T18:03:12.357+0000] {logging_mixin.py:154} INFO - [2023-12-05T18:03:12.357+0000] {dag.py:3722} INFO - Setting next_dagrun for example_task_group_decorator to 2023-12-04T18:03:12.357363+00:00, run_after=2023-12-05T18:03:12.357363+00:00
[2023-12-05T18:03:12.382+0000] {processor.py:179} INFO - Processing /usr/local/lib/python3.10/dist-packages/airflow/example_dags/example_task_group_decorator.py took 0.115 seconds
[2023-12-05T18:03:45.042+0000] {processor.py:157} INFO - Started process (PID=11757) to work on /usr/local/lib/python3.10/dist-packages/airflow/example_dags/example_task_group_decorator.py
[2023-12-05T18:03:45.044+0000] {processor.py:829} INFO - Processing file /usr/local/lib/python3.10/dist-packages/airflow/example_dags/example_task_group_decorator.py for tasks to queue
[2023-12-05T18:03:45.045+0000] {logging_mixin.py:154} INFO - [2023-12-05T18:03:45.044+0000] {dagbag.py:536} INFO - Filling up the DagBag from /usr/local/lib/python3.10/dist-packages/airflow/example_dags/example_task_group_decorator.py
[2023-12-05T18:03:45.062+0000] {processor.py:839} INFO - DAG(s) dict_keys(['example_task_group_decorator']) retrieved from /usr/local/lib/python3.10/dist-packages/airflow/example_dags/example_task_group_decorator.py
[2023-12-05T18:03:45.085+0000] {logging_mixin.py:154} INFO - [2023-12-05T18:03:45.085+0000] {dag.py:2941} INFO - Sync 1 DAGs
[2023-12-05T18:03:45.108+0000] {logging_mixin.py:154} INFO - [2023-12-05T18:03:45.108+0000] {dag.py:3722} INFO - Setting next_dagrun for example_task_group_decorator to 2023-12-04T18:03:45.108123+00:00, run_after=2023-12-05T18:03:45.108123+00:00
[2023-12-05T18:03:45.144+0000] {processor.py:179} INFO - Processing /usr/local/lib/python3.10/dist-packages/airflow/example_dags/example_task_group_decorator.py took 0.105 seconds
[2023-12-05T18:04:33.620+0000] {processor.py:157} INFO - Started process (PID=11876) to work on /usr/local/lib/python3.10/dist-packages/airflow/example_dags/example_task_group_decorator.py
[2023-12-05T18:04:33.623+0000] {processor.py:829} INFO - Processing file /usr/local/lib/python3.10/dist-packages/airflow/example_dags/example_task_group_decorator.py for tasks to queue
[2023-12-05T18:04:33.628+0000] {logging_mixin.py:154} INFO - [2023-12-05T18:04:33.627+0000] {dagbag.py:536} INFO - Filling up the DagBag from /usr/local/lib/python3.10/dist-packages/airflow/example_dags/example_task_group_decorator.py
[2023-12-05T18:04:33.648+0000] {processor.py:839} INFO - DAG(s) dict_keys(['example_task_group_decorator']) retrieved from /usr/local/lib/python3.10/dist-packages/airflow/example_dags/example_task_group_decorator.py
[2023-12-05T18:04:33.668+0000] {logging_mixin.py:154} INFO - [2023-12-05T18:04:33.668+0000] {dag.py:2941} INFO - Sync 1 DAGs
[2023-12-05T18:04:33.690+0000] {logging_mixin.py:154} INFO - [2023-12-05T18:04:33.690+0000] {dag.py:3722} INFO - Setting next_dagrun for example_task_group_decorator to 2023-12-04T18:04:33.690499+00:00, run_after=2023-12-05T18:04:33.690499+00:00
[2023-12-05T18:04:33.734+0000] {processor.py:179} INFO - Processing /usr/local/lib/python3.10/dist-packages/airflow/example_dags/example_task_group_decorator.py took 0.125 seconds
[2023-12-05T18:05:09.477+0000] {processor.py:157} INFO - Started process (PID=12426) to work on /usr/local/lib/python3.10/dist-packages/airflow/example_dags/example_task_group_decorator.py
[2023-12-05T18:05:09.478+0000] {processor.py:829} INFO - Processing file /usr/local/lib/python3.10/dist-packages/airflow/example_dags/example_task_group_decorator.py for tasks to queue
[2023-12-05T18:05:09.480+0000] {logging_mixin.py:154} INFO - [2023-12-05T18:05:09.479+0000] {dagbag.py:536} INFO - Filling up the DagBag from /usr/local/lib/python3.10/dist-packages/airflow/example_dags/example_task_group_decorator.py
[2023-12-05T18:05:09.500+0000] {processor.py:839} INFO - DAG(s) dict_keys(['example_task_group_decorator']) retrieved from /usr/local/lib/python3.10/dist-packages/airflow/example_dags/example_task_group_decorator.py
[2023-12-05T18:05:09.521+0000] {logging_mixin.py:154} INFO - [2023-12-05T18:05:09.521+0000] {dag.py:2941} INFO - Sync 1 DAGs
[2023-12-05T18:05:09.544+0000] {logging_mixin.py:154} INFO - [2023-12-05T18:05:09.544+0000] {dag.py:3722} INFO - Setting next_dagrun for example_task_group_decorator to 2023-12-04T18:05:09.543907+00:00, run_after=2023-12-05T18:05:09.543907+00:00
[2023-12-05T18:05:09.572+0000] {processor.py:179} INFO - Processing /usr/local/lib/python3.10/dist-packages/airflow/example_dags/example_task_group_decorator.py took 0.099 seconds
[2023-12-05T18:05:42.692+0000] {processor.py:157} INFO - Started process (PID=12526) to work on /usr/local/lib/python3.10/dist-packages/airflow/example_dags/example_task_group_decorator.py
[2023-12-05T18:05:42.693+0000] {processor.py:829} INFO - Processing file /usr/local/lib/python3.10/dist-packages/airflow/example_dags/example_task_group_decorator.py for tasks to queue
[2023-12-05T18:05:42.694+0000] {logging_mixin.py:154} INFO - [2023-12-05T18:05:42.693+0000] {dagbag.py:536} INFO - Filling up the DagBag from /usr/local/lib/python3.10/dist-packages/airflow/example_dags/example_task_group_decorator.py
[2023-12-05T18:05:42.715+0000] {processor.py:839} INFO - DAG(s) dict_keys(['example_task_group_decorator']) retrieved from /usr/local/lib/python3.10/dist-packages/airflow/example_dags/example_task_group_decorator.py
[2023-12-05T18:05:42.740+0000] {logging_mixin.py:154} INFO - [2023-12-05T18:05:42.740+0000] {dag.py:2941} INFO - Sync 1 DAGs
[2023-12-05T18:05:42.761+0000] {logging_mixin.py:154} INFO - [2023-12-05T18:05:42.761+0000] {dag.py:3722} INFO - Setting next_dagrun for example_task_group_decorator to 2023-12-04T18:05:42.761037+00:00, run_after=2023-12-05T18:05:42.761037+00:00
[2023-12-05T18:05:42.790+0000] {processor.py:179} INFO - Processing /usr/local/lib/python3.10/dist-packages/airflow/example_dags/example_task_group_decorator.py took 0.102 seconds
[2023-12-05T18:06:17.304+0000] {processor.py:157} INFO - Started process (PID=12742) to work on /usr/local/lib/python3.10/dist-packages/airflow/example_dags/example_task_group_decorator.py
[2023-12-05T18:06:17.306+0000] {processor.py:829} INFO - Processing file /usr/local/lib/python3.10/dist-packages/airflow/example_dags/example_task_group_decorator.py for tasks to queue
[2023-12-05T18:06:17.307+0000] {logging_mixin.py:154} INFO - [2023-12-05T18:06:17.307+0000] {dagbag.py:536} INFO - Filling up the DagBag from /usr/local/lib/python3.10/dist-packages/airflow/example_dags/example_task_group_decorator.py
[2023-12-05T18:06:17.324+0000] {processor.py:839} INFO - DAG(s) dict_keys(['example_task_group_decorator']) retrieved from /usr/local/lib/python3.10/dist-packages/airflow/example_dags/example_task_group_decorator.py
[2023-12-05T18:06:17.345+0000] {logging_mixin.py:154} INFO - [2023-12-05T18:06:17.344+0000] {dag.py:2941} INFO - Sync 1 DAGs
[2023-12-05T18:06:17.367+0000] {logging_mixin.py:154} INFO - [2023-12-05T18:06:17.367+0000] {dag.py:3722} INFO - Setting next_dagrun for example_task_group_decorator to 2023-12-04T18:06:17.366927+00:00, run_after=2023-12-05T18:06:17.366927+00:00
[2023-12-05T18:06:17.392+0000] {processor.py:179} INFO - Processing /usr/local/lib/python3.10/dist-packages/airflow/example_dags/example_task_group_decorator.py took 0.091 seconds
[2023-12-05T18:06:52.461+0000] {processor.py:157} INFO - Started process (PID=12812) to work on /usr/local/lib/python3.10/dist-packages/airflow/example_dags/example_task_group_decorator.py
[2023-12-05T18:06:52.464+0000] {processor.py:829} INFO - Processing file /usr/local/lib/python3.10/dist-packages/airflow/example_dags/example_task_group_decorator.py for tasks to queue
[2023-12-05T18:06:52.465+0000] {logging_mixin.py:154} INFO - [2023-12-05T18:06:52.464+0000] {dagbag.py:536} INFO - Filling up the DagBag from /usr/local/lib/python3.10/dist-packages/airflow/example_dags/example_task_group_decorator.py
[2023-12-05T18:06:52.497+0000] {processor.py:839} INFO - DAG(s) dict_keys(['example_task_group_decorator']) retrieved from /usr/local/lib/python3.10/dist-packages/airflow/example_dags/example_task_group_decorator.py
[2023-12-05T18:06:52.529+0000] {logging_mixin.py:154} INFO - [2023-12-05T18:06:52.529+0000] {dag.py:2941} INFO - Sync 1 DAGs
[2023-12-05T18:06:52.554+0000] {logging_mixin.py:154} INFO - [2023-12-05T18:06:52.554+0000] {dag.py:3722} INFO - Setting next_dagrun for example_task_group_decorator to 2023-12-04T18:06:52.554043+00:00, run_after=2023-12-05T18:06:52.554043+00:00
[2023-12-05T18:06:52.579+0000] {processor.py:179} INFO - Processing /usr/local/lib/python3.10/dist-packages/airflow/example_dags/example_task_group_decorator.py took 0.122 seconds
[2023-12-05T18:07:29.617+0000] {processor.py:157} INFO - Started process (PID=13068) to work on /usr/local/lib/python3.10/dist-packages/airflow/example_dags/example_task_group_decorator.py
[2023-12-05T18:07:29.618+0000] {processor.py:829} INFO - Processing file /usr/local/lib/python3.10/dist-packages/airflow/example_dags/example_task_group_decorator.py for tasks to queue
[2023-12-05T18:07:29.619+0000] {logging_mixin.py:154} INFO - [2023-12-05T18:07:29.619+0000] {dagbag.py:536} INFO - Filling up the DagBag from /usr/local/lib/python3.10/dist-packages/airflow/example_dags/example_task_group_decorator.py
[2023-12-05T18:07:29.640+0000] {processor.py:839} INFO - DAG(s) dict_keys(['example_task_group_decorator']) retrieved from /usr/local/lib/python3.10/dist-packages/airflow/example_dags/example_task_group_decorator.py
[2023-12-05T18:07:29.661+0000] {logging_mixin.py:154} INFO - [2023-12-05T18:07:29.661+0000] {dag.py:2941} INFO - Sync 1 DAGs
[2023-12-05T18:07:29.686+0000] {logging_mixin.py:154} INFO - [2023-12-05T18:07:29.685+0000] {dag.py:3722} INFO - Setting next_dagrun for example_task_group_decorator to 2023-12-04T18:07:29.685681+00:00, run_after=2023-12-05T18:07:29.685681+00:00
[2023-12-05T18:07:29.708+0000] {processor.py:179} INFO - Processing /usr/local/lib/python3.10/dist-packages/airflow/example_dags/example_task_group_decorator.py took 0.094 seconds
[2023-12-05T18:08:04.640+0000] {processor.py:157} INFO - Started process (PID=13114) to work on /usr/local/lib/python3.10/dist-packages/airflow/example_dags/example_task_group_decorator.py
[2023-12-05T18:08:04.641+0000] {processor.py:829} INFO - Processing file /usr/local/lib/python3.10/dist-packages/airflow/example_dags/example_task_group_decorator.py for tasks to queue
[2023-12-05T18:08:04.642+0000] {logging_mixin.py:154} INFO - [2023-12-05T18:08:04.642+0000] {dagbag.py:536} INFO - Filling up the DagBag from /usr/local/lib/python3.10/dist-packages/airflow/example_dags/example_task_group_decorator.py
[2023-12-05T18:08:04.659+0000] {processor.py:839} INFO - DAG(s) dict_keys(['example_task_group_decorator']) retrieved from /usr/local/lib/python3.10/dist-packages/airflow/example_dags/example_task_group_decorator.py
[2023-12-05T18:08:04.679+0000] {logging_mixin.py:154} INFO - [2023-12-05T18:08:04.679+0000] {dag.py:2941} INFO - Sync 1 DAGs
[2023-12-05T18:08:04.698+0000] {logging_mixin.py:154} INFO - [2023-12-05T18:08:04.697+0000] {dag.py:3722} INFO - Setting next_dagrun for example_task_group_decorator to 2023-12-04T18:08:04.697534+00:00, run_after=2023-12-05T18:08:04.697534+00:00
[2023-12-05T18:08:04.735+0000] {processor.py:179} INFO - Processing /usr/local/lib/python3.10/dist-packages/airflow/example_dags/example_task_group_decorator.py took 0.099 seconds
[2023-12-05T18:08:45.497+0000] {processor.py:157} INFO - Started process (PID=13400) to work on /usr/local/lib/python3.10/dist-packages/airflow/example_dags/example_task_group_decorator.py
[2023-12-05T18:08:45.502+0000] {processor.py:829} INFO - Processing file /usr/local/lib/python3.10/dist-packages/airflow/example_dags/example_task_group_decorator.py for tasks to queue
[2023-12-05T18:08:45.503+0000] {logging_mixin.py:154} INFO - [2023-12-05T18:08:45.502+0000] {dagbag.py:536} INFO - Filling up the DagBag from /usr/local/lib/python3.10/dist-packages/airflow/example_dags/example_task_group_decorator.py
[2023-12-05T18:08:45.524+0000] {processor.py:839} INFO - DAG(s) dict_keys(['example_task_group_decorator']) retrieved from /usr/local/lib/python3.10/dist-packages/airflow/example_dags/example_task_group_decorator.py
[2023-12-05T18:08:45.550+0000] {logging_mixin.py:154} INFO - [2023-12-05T18:08:45.549+0000] {dag.py:2941} INFO - Sync 1 DAGs
[2023-12-05T18:08:45.571+0000] {logging_mixin.py:154} INFO - [2023-12-05T18:08:45.570+0000] {dag.py:3722} INFO - Setting next_dagrun for example_task_group_decorator to 2023-12-04T18:08:45.570652+00:00, run_after=2023-12-05T18:08:45.570652+00:00
[2023-12-05T18:08:45.606+0000] {processor.py:179} INFO - Processing /usr/local/lib/python3.10/dist-packages/airflow/example_dags/example_task_group_decorator.py took 0.118 seconds
[2023-12-05T18:09:22.166+0000] {processor.py:157} INFO - Started process (PID=13626) to work on /usr/local/lib/python3.10/dist-packages/airflow/example_dags/example_task_group_decorator.py
[2023-12-05T18:09:22.167+0000] {processor.py:829} INFO - Processing file /usr/local/lib/python3.10/dist-packages/airflow/example_dags/example_task_group_decorator.py for tasks to queue
[2023-12-05T18:09:22.168+0000] {logging_mixin.py:154} INFO - [2023-12-05T18:09:22.168+0000] {dagbag.py:536} INFO - Filling up the DagBag from /usr/local/lib/python3.10/dist-packages/airflow/example_dags/example_task_group_decorator.py
[2023-12-05T18:09:22.189+0000] {processor.py:839} INFO - DAG(s) dict_keys(['example_task_group_decorator']) retrieved from /usr/local/lib/python3.10/dist-packages/airflow/example_dags/example_task_group_decorator.py
[2023-12-05T18:09:22.216+0000] {logging_mixin.py:154} INFO - [2023-12-05T18:09:22.215+0000] {dag.py:2941} INFO - Sync 1 DAGs
[2023-12-05T18:09:22.237+0000] {logging_mixin.py:154} INFO - [2023-12-05T18:09:22.237+0000] {dag.py:3722} INFO - Setting next_dagrun for example_task_group_decorator to 2023-12-04T18:09:22.236913+00:00, run_after=2023-12-05T18:09:22.236913+00:00
[2023-12-05T18:09:22.273+0000] {processor.py:179} INFO - Processing /usr/local/lib/python3.10/dist-packages/airflow/example_dags/example_task_group_decorator.py took 0.113 seconds
[2023-12-05T18:09:55.566+0000] {processor.py:157} INFO - Started process (PID=13664) to work on /usr/local/lib/python3.10/dist-packages/airflow/example_dags/example_task_group_decorator.py
[2023-12-05T18:09:55.567+0000] {processor.py:829} INFO - Processing file /usr/local/lib/python3.10/dist-packages/airflow/example_dags/example_task_group_decorator.py for tasks to queue
[2023-12-05T18:09:55.569+0000] {logging_mixin.py:154} INFO - [2023-12-05T18:09:55.568+0000] {dagbag.py:536} INFO - Filling up the DagBag from /usr/local/lib/python3.10/dist-packages/airflow/example_dags/example_task_group_decorator.py
[2023-12-05T18:09:55.590+0000] {processor.py:839} INFO - DAG(s) dict_keys(['example_task_group_decorator']) retrieved from /usr/local/lib/python3.10/dist-packages/airflow/example_dags/example_task_group_decorator.py
[2023-12-05T18:09:55.613+0000] {logging_mixin.py:154} INFO - [2023-12-05T18:09:55.613+0000] {dag.py:2941} INFO - Sync 1 DAGs
[2023-12-05T18:09:55.643+0000] {logging_mixin.py:154} INFO - [2023-12-05T18:09:55.642+0000] {dag.py:3722} INFO - Setting next_dagrun for example_task_group_decorator to 2023-12-04T18:09:55.642301+00:00, run_after=2023-12-05T18:09:55.642301+00:00
[2023-12-05T18:09:55.690+0000] {processor.py:179} INFO - Processing /usr/local/lib/python3.10/dist-packages/airflow/example_dags/example_task_group_decorator.py took 0.128 seconds
[2023-12-05T18:10:45.854+0000] {processor.py:157} INFO - Started process (PID=14025) to work on /usr/local/lib/python3.10/dist-packages/airflow/example_dags/example_task_group_decorator.py
[2023-12-05T18:10:45.855+0000] {processor.py:829} INFO - Processing file /usr/local/lib/python3.10/dist-packages/airflow/example_dags/example_task_group_decorator.py for tasks to queue
[2023-12-05T18:10:45.856+0000] {logging_mixin.py:154} INFO - [2023-12-05T18:10:45.856+0000] {dagbag.py:536} INFO - Filling up the DagBag from /usr/local/lib/python3.10/dist-packages/airflow/example_dags/example_task_group_decorator.py
[2023-12-05T18:10:45.871+0000] {processor.py:839} INFO - DAG(s) dict_keys(['example_task_group_decorator']) retrieved from /usr/local/lib/python3.10/dist-packages/airflow/example_dags/example_task_group_decorator.py
[2023-12-05T18:10:45.892+0000] {logging_mixin.py:154} INFO - [2023-12-05T18:10:45.892+0000] {dag.py:2941} INFO - Sync 1 DAGs
[2023-12-05T18:10:45.912+0000] {logging_mixin.py:154} INFO - [2023-12-05T18:10:45.912+0000] {dag.py:3722} INFO - Setting next_dagrun for example_task_group_decorator to 2023-12-04T18:10:45.911874+00:00, run_after=2023-12-05T18:10:45.911874+00:00
[2023-12-05T18:10:45.938+0000] {processor.py:179} INFO - Processing /usr/local/lib/python3.10/dist-packages/airflow/example_dags/example_task_group_decorator.py took 0.087 seconds
