[2023-12-05T17:46:34.718+0000] {processor.py:157} INFO - Started process (PID=9269) to work on /usr/local/lib/python3.10/dist-packages/airflow/example_dags/example_sla_dag.py
[2023-12-05T17:46:34.719+0000] {processor.py:829} INFO - Processing file /usr/local/lib/python3.10/dist-packages/airflow/example_dags/example_sla_dag.py for tasks to queue
[2023-12-05T17:46:34.720+0000] {logging_mixin.py:154} INFO - [2023-12-05T17:46:34.720+0000] {dagbag.py:536} INFO - Filling up the DagBag from /usr/local/lib/python3.10/dist-packages/airflow/example_dags/example_sla_dag.py
[2023-12-05T17:46:34.738+0000] {processor.py:839} INFO - DAG(s) dict_keys(['example_sla_dag']) retrieved from /usr/local/lib/python3.10/dist-packages/airflow/example_dags/example_sla_dag.py
[2023-12-05T17:46:34.756+0000] {logging_mixin.py:154} INFO - [2023-12-05T17:46:34.755+0000] {dag.py:2941} INFO - Sync 1 DAGs
[2023-12-05T17:46:34.780+0000] {logging_mixin.py:154} INFO - [2023-12-05T17:46:34.780+0000] {dag.py:3722} INFO - Setting next_dagrun for example_sla_dag to 2023-12-05T17:44:00+00:00, run_after=2023-12-05T17:46:00+00:00
[2023-12-05T17:46:34.802+0000] {processor.py:179} INFO - Processing /usr/local/lib/python3.10/dist-packages/airflow/example_dags/example_sla_dag.py took 0.087 seconds
[2023-12-05T17:47:24.910+0000] {processor.py:157} INFO - Started process (PID=9379) to work on /usr/local/lib/python3.10/dist-packages/airflow/example_dags/example_sla_dag.py
[2023-12-05T17:47:24.913+0000] {processor.py:829} INFO - Processing file /usr/local/lib/python3.10/dist-packages/airflow/example_dags/example_sla_dag.py for tasks to queue
[2023-12-05T17:47:24.914+0000] {logging_mixin.py:154} INFO - [2023-12-05T17:47:24.914+0000] {dagbag.py:536} INFO - Filling up the DagBag from /usr/local/lib/python3.10/dist-packages/airflow/example_dags/example_sla_dag.py
[2023-12-05T17:47:24.942+0000] {processor.py:839} INFO - DAG(s) dict_keys(['example_sla_dag']) retrieved from /usr/local/lib/python3.10/dist-packages/airflow/example_dags/example_sla_dag.py
[2023-12-05T17:47:24.985+0000] {logging_mixin.py:154} INFO - [2023-12-05T17:47:24.985+0000] {dag.py:2941} INFO - Sync 1 DAGs
[2023-12-05T17:47:25.037+0000] {logging_mixin.py:154} INFO - [2023-12-05T17:47:25.037+0000] {dag.py:3722} INFO - Setting next_dagrun for example_sla_dag to 2023-12-05T17:44:00+00:00, run_after=2023-12-05T17:46:00+00:00
[2023-12-05T17:47:25.069+0000] {processor.py:179} INFO - Processing /usr/local/lib/python3.10/dist-packages/airflow/example_dags/example_sla_dag.py took 0.171 seconds
[2023-12-05T17:48:18.533+0000] {processor.py:157} INFO - Started process (PID=9559) to work on /usr/local/lib/python3.10/dist-packages/airflow/example_dags/example_sla_dag.py
[2023-12-05T17:48:18.534+0000] {processor.py:829} INFO - Processing file /usr/local/lib/python3.10/dist-packages/airflow/example_dags/example_sla_dag.py for tasks to queue
[2023-12-05T17:48:18.536+0000] {logging_mixin.py:154} INFO - [2023-12-05T17:48:18.536+0000] {dagbag.py:536} INFO - Filling up the DagBag from /usr/local/lib/python3.10/dist-packages/airflow/example_dags/example_sla_dag.py
[2023-12-05T17:48:18.559+0000] {processor.py:839} INFO - DAG(s) dict_keys(['example_sla_dag']) retrieved from /usr/local/lib/python3.10/dist-packages/airflow/example_dags/example_sla_dag.py
[2023-12-05T17:48:18.584+0000] {logging_mixin.py:154} INFO - [2023-12-05T17:48:18.584+0000] {dag.py:2941} INFO - Sync 1 DAGs
[2023-12-05T17:48:18.608+0000] {logging_mixin.py:154} INFO - [2023-12-05T17:48:18.608+0000] {dag.py:3722} INFO - Setting next_dagrun for example_sla_dag to 2023-12-05T17:46:00+00:00, run_after=2023-12-05T17:48:00+00:00
[2023-12-05T17:48:18.632+0000] {processor.py:179} INFO - Processing /usr/local/lib/python3.10/dist-packages/airflow/example_dags/example_sla_dag.py took 0.106 seconds
[2023-12-05T17:49:14.111+0000] {processor.py:157} INFO - Started process (PID=9679) to work on /usr/local/lib/python3.10/dist-packages/airflow/example_dags/example_sla_dag.py
[2023-12-05T17:49:14.115+0000] {processor.py:829} INFO - Processing file /usr/local/lib/python3.10/dist-packages/airflow/example_dags/example_sla_dag.py for tasks to queue
[2023-12-05T17:49:14.117+0000] {logging_mixin.py:154} INFO - [2023-12-05T17:49:14.116+0000] {dagbag.py:536} INFO - Filling up the DagBag from /usr/local/lib/python3.10/dist-packages/airflow/example_dags/example_sla_dag.py
[2023-12-05T17:49:14.130+0000] {processor.py:839} INFO - DAG(s) dict_keys(['example_sla_dag']) retrieved from /usr/local/lib/python3.10/dist-packages/airflow/example_dags/example_sla_dag.py
[2023-12-05T17:49:14.147+0000] {logging_mixin.py:154} INFO - [2023-12-05T17:49:14.147+0000] {dag.py:2941} INFO - Sync 1 DAGs
[2023-12-05T17:49:14.174+0000] {logging_mixin.py:154} INFO - [2023-12-05T17:49:14.174+0000] {dag.py:3722} INFO - Setting next_dagrun for example_sla_dag to 2023-12-05T17:46:00+00:00, run_after=2023-12-05T17:48:00+00:00
[2023-12-05T17:49:14.208+0000] {processor.py:179} INFO - Processing /usr/local/lib/python3.10/dist-packages/airflow/example_dags/example_sla_dag.py took 0.111 seconds
[2023-12-05T17:50:06.800+0000] {processor.py:157} INFO - Started process (PID=9800) to work on /usr/local/lib/python3.10/dist-packages/airflow/example_dags/example_sla_dag.py
[2023-12-05T17:50:06.801+0000] {processor.py:829} INFO - Processing file /usr/local/lib/python3.10/dist-packages/airflow/example_dags/example_sla_dag.py for tasks to queue
[2023-12-05T17:50:06.802+0000] {logging_mixin.py:154} INFO - [2023-12-05T17:50:06.802+0000] {dagbag.py:536} INFO - Filling up the DagBag from /usr/local/lib/python3.10/dist-packages/airflow/example_dags/example_sla_dag.py
[2023-12-05T17:50:06.815+0000] {processor.py:839} INFO - DAG(s) dict_keys(['example_sla_dag']) retrieved from /usr/local/lib/python3.10/dist-packages/airflow/example_dags/example_sla_dag.py
[2023-12-05T17:50:06.833+0000] {logging_mixin.py:154} INFO - [2023-12-05T17:50:06.833+0000] {dag.py:2941} INFO - Sync 1 DAGs
[2023-12-05T17:50:06.859+0000] {logging_mixin.py:154} INFO - [2023-12-05T17:50:06.859+0000] {dag.py:3722} INFO - Setting next_dagrun for example_sla_dag to 2023-12-05T17:48:00+00:00, run_after=2023-12-05T17:50:00+00:00
[2023-12-05T17:50:06.887+0000] {processor.py:179} INFO - Processing /usr/local/lib/python3.10/dist-packages/airflow/example_dags/example_sla_dag.py took 0.092 seconds
[2023-12-05T17:50:59.599+0000] {processor.py:157} INFO - Started process (PID=9856) to work on /usr/local/lib/python3.10/dist-packages/airflow/example_dags/example_sla_dag.py
[2023-12-05T17:50:59.601+0000] {processor.py:829} INFO - Processing file /usr/local/lib/python3.10/dist-packages/airflow/example_dags/example_sla_dag.py for tasks to queue
[2023-12-05T17:50:59.601+0000] {logging_mixin.py:154} INFO - [2023-12-05T17:50:59.601+0000] {dagbag.py:536} INFO - Filling up the DagBag from /usr/local/lib/python3.10/dist-packages/airflow/example_dags/example_sla_dag.py
[2023-12-05T17:50:59.610+0000] {processor.py:839} INFO - DAG(s) dict_keys(['example_sla_dag']) retrieved from /usr/local/lib/python3.10/dist-packages/airflow/example_dags/example_sla_dag.py
[2023-12-05T17:50:59.625+0000] {logging_mixin.py:154} INFO - [2023-12-05T17:50:59.625+0000] {dag.py:2941} INFO - Sync 1 DAGs
[2023-12-05T17:50:59.647+0000] {logging_mixin.py:154} INFO - [2023-12-05T17:50:59.646+0000] {dag.py:3722} INFO - Setting next_dagrun for example_sla_dag to 2023-12-05T17:48:00+00:00, run_after=2023-12-05T17:50:00+00:00
[2023-12-05T17:50:59.669+0000] {processor.py:179} INFO - Processing /usr/local/lib/python3.10/dist-packages/airflow/example_dags/example_sla_dag.py took 0.073 seconds
[2023-12-05T17:51:52.909+0000] {processor.py:157} INFO - Started process (PID=10037) to work on /usr/local/lib/python3.10/dist-packages/airflow/example_dags/example_sla_dag.py
[2023-12-05T17:51:52.916+0000] {processor.py:829} INFO - Processing file /usr/local/lib/python3.10/dist-packages/airflow/example_dags/example_sla_dag.py for tasks to queue
[2023-12-05T17:51:52.920+0000] {logging_mixin.py:154} INFO - [2023-12-05T17:51:52.919+0000] {dagbag.py:536} INFO - Filling up the DagBag from /usr/local/lib/python3.10/dist-packages/airflow/example_dags/example_sla_dag.py
[2023-12-05T17:51:52.935+0000] {processor.py:839} INFO - DAG(s) dict_keys(['example_sla_dag']) retrieved from /usr/local/lib/python3.10/dist-packages/airflow/example_dags/example_sla_dag.py
[2023-12-05T17:51:52.950+0000] {logging_mixin.py:154} INFO - [2023-12-05T17:51:52.950+0000] {dag.py:2941} INFO - Sync 1 DAGs
[2023-12-05T17:51:52.972+0000] {logging_mixin.py:154} INFO - [2023-12-05T17:51:52.971+0000] {dag.py:3722} INFO - Setting next_dagrun for example_sla_dag to 2023-12-05T17:48:00+00:00, run_after=2023-12-05T17:50:00+00:00
[2023-12-05T17:51:52.996+0000] {processor.py:179} INFO - Processing /usr/local/lib/python3.10/dist-packages/airflow/example_dags/example_sla_dag.py took 0.095 seconds
[2023-12-05T17:52:42.228+0000] {processor.py:157} INFO - Started process (PID=10151) to work on /usr/local/lib/python3.10/dist-packages/airflow/example_dags/example_sla_dag.py
[2023-12-05T17:52:42.229+0000] {processor.py:829} INFO - Processing file /usr/local/lib/python3.10/dist-packages/airflow/example_dags/example_sla_dag.py for tasks to queue
[2023-12-05T17:52:42.230+0000] {logging_mixin.py:154} INFO - [2023-12-05T17:52:42.230+0000] {dagbag.py:536} INFO - Filling up the DagBag from /usr/local/lib/python3.10/dist-packages/airflow/example_dags/example_sla_dag.py
[2023-12-05T17:52:42.241+0000] {processor.py:839} INFO - DAG(s) dict_keys(['example_sla_dag']) retrieved from /usr/local/lib/python3.10/dist-packages/airflow/example_dags/example_sla_dag.py
[2023-12-05T17:52:42.260+0000] {logging_mixin.py:154} INFO - [2023-12-05T17:52:42.260+0000] {dag.py:2941} INFO - Sync 1 DAGs
[2023-12-05T17:52:42.287+0000] {logging_mixin.py:154} INFO - [2023-12-05T17:52:42.287+0000] {dag.py:3722} INFO - Setting next_dagrun for example_sla_dag to 2023-12-05T17:50:00+00:00, run_after=2023-12-05T17:52:00+00:00
[2023-12-05T17:52:42.314+0000] {processor.py:179} INFO - Processing /usr/local/lib/python3.10/dist-packages/airflow/example_dags/example_sla_dag.py took 0.090 seconds
[2023-12-05T17:53:34.570+0000] {processor.py:157} INFO - Started process (PID=10333) to work on /usr/local/lib/python3.10/dist-packages/airflow/example_dags/example_sla_dag.py
[2023-12-05T17:53:34.572+0000] {processor.py:829} INFO - Processing file /usr/local/lib/python3.10/dist-packages/airflow/example_dags/example_sla_dag.py for tasks to queue
[2023-12-05T17:53:34.573+0000] {logging_mixin.py:154} INFO - [2023-12-05T17:53:34.572+0000] {dagbag.py:536} INFO - Filling up the DagBag from /usr/local/lib/python3.10/dist-packages/airflow/example_dags/example_sla_dag.py
[2023-12-05T17:53:34.584+0000] {processor.py:839} INFO - DAG(s) dict_keys(['example_sla_dag']) retrieved from /usr/local/lib/python3.10/dist-packages/airflow/example_dags/example_sla_dag.py
[2023-12-05T17:53:34.601+0000] {logging_mixin.py:154} INFO - [2023-12-05T17:53:34.601+0000] {dag.py:2941} INFO - Sync 1 DAGs
[2023-12-05T17:53:34.624+0000] {logging_mixin.py:154} INFO - [2023-12-05T17:53:34.624+0000] {dag.py:3722} INFO - Setting next_dagrun for example_sla_dag to 2023-12-05T17:50:00+00:00, run_after=2023-12-05T17:52:00+00:00
[2023-12-05T17:53:34.646+0000] {processor.py:179} INFO - Processing /usr/local/lib/python3.10/dist-packages/airflow/example_dags/example_sla_dag.py took 0.079 seconds
[2023-12-05T17:54:23.111+0000] {processor.py:157} INFO - Started process (PID=10452) to work on /usr/local/lib/python3.10/dist-packages/airflow/example_dags/example_sla_dag.py
[2023-12-05T17:54:23.112+0000] {processor.py:829} INFO - Processing file /usr/local/lib/python3.10/dist-packages/airflow/example_dags/example_sla_dag.py for tasks to queue
[2023-12-05T17:54:23.113+0000] {logging_mixin.py:154} INFO - [2023-12-05T17:54:23.113+0000] {dagbag.py:536} INFO - Filling up the DagBag from /usr/local/lib/python3.10/dist-packages/airflow/example_dags/example_sla_dag.py
[2023-12-05T17:54:23.122+0000] {processor.py:839} INFO - DAG(s) dict_keys(['example_sla_dag']) retrieved from /usr/local/lib/python3.10/dist-packages/airflow/example_dags/example_sla_dag.py
[2023-12-05T17:54:23.138+0000] {logging_mixin.py:154} INFO - [2023-12-05T17:54:23.137+0000] {dag.py:2941} INFO - Sync 1 DAGs
[2023-12-05T17:54:23.161+0000] {logging_mixin.py:154} INFO - [2023-12-05T17:54:23.161+0000] {dag.py:3722} INFO - Setting next_dagrun for example_sla_dag to 2023-12-05T17:52:00+00:00, run_after=2023-12-05T17:54:00+00:00
[2023-12-05T17:54:23.186+0000] {processor.py:179} INFO - Processing /usr/local/lib/python3.10/dist-packages/airflow/example_dags/example_sla_dag.py took 0.079 seconds
[2023-12-05T17:55:16.389+0000] {processor.py:157} INFO - Started process (PID=10568) to work on /usr/local/lib/python3.10/dist-packages/airflow/example_dags/example_sla_dag.py
[2023-12-05T17:55:16.391+0000] {processor.py:829} INFO - Processing file /usr/local/lib/python3.10/dist-packages/airflow/example_dags/example_sla_dag.py for tasks to queue
[2023-12-05T17:55:16.392+0000] {logging_mixin.py:154} INFO - [2023-12-05T17:55:16.392+0000] {dagbag.py:536} INFO - Filling up the DagBag from /usr/local/lib/python3.10/dist-packages/airflow/example_dags/example_sla_dag.py
[2023-12-05T17:55:16.403+0000] {processor.py:839} INFO - DAG(s) dict_keys(['example_sla_dag']) retrieved from /usr/local/lib/python3.10/dist-packages/airflow/example_dags/example_sla_dag.py
[2023-12-05T17:55:16.423+0000] {logging_mixin.py:154} INFO - [2023-12-05T17:55:16.423+0000] {dag.py:2941} INFO - Sync 1 DAGs
[2023-12-05T17:55:16.455+0000] {logging_mixin.py:154} INFO - [2023-12-05T17:55:16.455+0000] {dag.py:3722} INFO - Setting next_dagrun for example_sla_dag to 2023-12-05T17:52:00+00:00, run_after=2023-12-05T17:54:00+00:00
[2023-12-05T17:55:16.478+0000] {processor.py:179} INFO - Processing /usr/local/lib/python3.10/dist-packages/airflow/example_dags/example_sla_dag.py took 0.093 seconds
[2023-12-05T17:56:08.368+0000] {processor.py:157} INFO - Started process (PID=10688) to work on /usr/local/lib/python3.10/dist-packages/airflow/example_dags/example_sla_dag.py
[2023-12-05T17:56:08.369+0000] {processor.py:829} INFO - Processing file /usr/local/lib/python3.10/dist-packages/airflow/example_dags/example_sla_dag.py for tasks to queue
[2023-12-05T17:56:08.370+0000] {logging_mixin.py:154} INFO - [2023-12-05T17:56:08.370+0000] {dagbag.py:536} INFO - Filling up the DagBag from /usr/local/lib/python3.10/dist-packages/airflow/example_dags/example_sla_dag.py
[2023-12-05T17:56:08.380+0000] {processor.py:839} INFO - DAG(s) dict_keys(['example_sla_dag']) retrieved from /usr/local/lib/python3.10/dist-packages/airflow/example_dags/example_sla_dag.py
[2023-12-05T17:56:08.396+0000] {logging_mixin.py:154} INFO - [2023-12-05T17:56:08.396+0000] {dag.py:2941} INFO - Sync 1 DAGs
[2023-12-05T17:56:08.419+0000] {logging_mixin.py:154} INFO - [2023-12-05T17:56:08.419+0000] {dag.py:3722} INFO - Setting next_dagrun for example_sla_dag to 2023-12-05T17:54:00+00:00, run_after=2023-12-05T17:56:00+00:00
[2023-12-05T17:56:08.443+0000] {processor.py:179} INFO - Processing /usr/local/lib/python3.10/dist-packages/airflow/example_dags/example_sla_dag.py took 0.079 seconds
[2023-12-05T17:57:00.319+0000] {processor.py:157} INFO - Started process (PID=10810) to work on /usr/local/lib/python3.10/dist-packages/airflow/example_dags/example_sla_dag.py
[2023-12-05T17:57:00.321+0000] {processor.py:829} INFO - Processing file /usr/local/lib/python3.10/dist-packages/airflow/example_dags/example_sla_dag.py for tasks to queue
[2023-12-05T17:57:00.322+0000] {logging_mixin.py:154} INFO - [2023-12-05T17:57:00.321+0000] {dagbag.py:536} INFO - Filling up the DagBag from /usr/local/lib/python3.10/dist-packages/airflow/example_dags/example_sla_dag.py
[2023-12-05T17:57:00.332+0000] {processor.py:839} INFO - DAG(s) dict_keys(['example_sla_dag']) retrieved from /usr/local/lib/python3.10/dist-packages/airflow/example_dags/example_sla_dag.py
[2023-12-05T17:57:00.351+0000] {logging_mixin.py:154} INFO - [2023-12-05T17:57:00.351+0000] {dag.py:2941} INFO - Sync 1 DAGs
[2023-12-05T17:57:00.381+0000] {logging_mixin.py:154} INFO - [2023-12-05T17:57:00.381+0000] {dag.py:3722} INFO - Setting next_dagrun for example_sla_dag to 2023-12-05T17:54:00+00:00, run_after=2023-12-05T17:56:00+00:00
[2023-12-05T17:57:00.406+0000] {processor.py:179} INFO - Processing /usr/local/lib/python3.10/dist-packages/airflow/example_dags/example_sla_dag.py took 0.090 seconds
[2023-12-05T17:57:57.221+0000] {processor.py:157} INFO - Started process (PID=10930) to work on /usr/local/lib/python3.10/dist-packages/airflow/example_dags/example_sla_dag.py
[2023-12-05T17:57:57.223+0000] {processor.py:829} INFO - Processing file /usr/local/lib/python3.10/dist-packages/airflow/example_dags/example_sla_dag.py for tasks to queue
[2023-12-05T17:57:57.225+0000] {logging_mixin.py:154} INFO - [2023-12-05T17:57:57.224+0000] {dagbag.py:536} INFO - Filling up the DagBag from /usr/local/lib/python3.10/dist-packages/airflow/example_dags/example_sla_dag.py
[2023-12-05T17:57:57.240+0000] {processor.py:839} INFO - DAG(s) dict_keys(['example_sla_dag']) retrieved from /usr/local/lib/python3.10/dist-packages/airflow/example_dags/example_sla_dag.py
[2023-12-05T17:57:57.258+0000] {logging_mixin.py:154} INFO - [2023-12-05T17:57:57.258+0000] {dag.py:2941} INFO - Sync 1 DAGs
[2023-12-05T17:57:57.281+0000] {logging_mixin.py:154} INFO - [2023-12-05T17:57:57.281+0000] {dag.py:3722} INFO - Setting next_dagrun for example_sla_dag to 2023-12-05T17:54:00+00:00, run_after=2023-12-05T17:56:00+00:00
[2023-12-05T17:57:57.307+0000] {processor.py:179} INFO - Processing /usr/local/lib/python3.10/dist-packages/airflow/example_dags/example_sla_dag.py took 0.089 seconds
[2023-12-05T17:58:49.585+0000] {processor.py:157} INFO - Started process (PID=11056) to work on /usr/local/lib/python3.10/dist-packages/airflow/example_dags/example_sla_dag.py
[2023-12-05T17:58:49.587+0000] {processor.py:829} INFO - Processing file /usr/local/lib/python3.10/dist-packages/airflow/example_dags/example_sla_dag.py for tasks to queue
[2023-12-05T17:58:49.588+0000] {logging_mixin.py:154} INFO - [2023-12-05T17:58:49.587+0000] {dagbag.py:536} INFO - Filling up the DagBag from /usr/local/lib/python3.10/dist-packages/airflow/example_dags/example_sla_dag.py
[2023-12-05T17:58:49.597+0000] {processor.py:839} INFO - DAG(s) dict_keys(['example_sla_dag']) retrieved from /usr/local/lib/python3.10/dist-packages/airflow/example_dags/example_sla_dag.py
[2023-12-05T17:58:49.613+0000] {logging_mixin.py:154} INFO - [2023-12-05T17:58:49.613+0000] {dag.py:2941} INFO - Sync 1 DAGs
[2023-12-05T17:58:49.636+0000] {logging_mixin.py:154} INFO - [2023-12-05T17:58:49.636+0000] {dag.py:3722} INFO - Setting next_dagrun for example_sla_dag to 2023-12-05T17:56:00+00:00, run_after=2023-12-05T17:58:00+00:00
[2023-12-05T17:58:49.662+0000] {processor.py:179} INFO - Processing /usr/local/lib/python3.10/dist-packages/airflow/example_dags/example_sla_dag.py took 0.080 seconds
[2023-12-05T17:59:41.672+0000] {processor.py:157} INFO - Started process (PID=11177) to work on /usr/local/lib/python3.10/dist-packages/airflow/example_dags/example_sla_dag.py
[2023-12-05T17:59:41.676+0000] {processor.py:829} INFO - Processing file /usr/local/lib/python3.10/dist-packages/airflow/example_dags/example_sla_dag.py for tasks to queue
[2023-12-05T17:59:41.682+0000] {logging_mixin.py:154} INFO - [2023-12-05T17:59:41.677+0000] {dagbag.py:536} INFO - Filling up the DagBag from /usr/local/lib/python3.10/dist-packages/airflow/example_dags/example_sla_dag.py
[2023-12-05T17:59:41.693+0000] {processor.py:839} INFO - DAG(s) dict_keys(['example_sla_dag']) retrieved from /usr/local/lib/python3.10/dist-packages/airflow/example_dags/example_sla_dag.py
[2023-12-05T17:59:41.709+0000] {logging_mixin.py:154} INFO - [2023-12-05T17:59:41.708+0000] {dag.py:2941} INFO - Sync 1 DAGs
[2023-12-05T17:59:41.744+0000] {logging_mixin.py:154} INFO - [2023-12-05T17:59:41.744+0000] {dag.py:3722} INFO - Setting next_dagrun for example_sla_dag to 2023-12-05T17:56:00+00:00, run_after=2023-12-05T17:58:00+00:00
[2023-12-05T17:59:41.770+0000] {processor.py:179} INFO - Processing /usr/local/lib/python3.10/dist-packages/airflow/example_dags/example_sla_dag.py took 0.101 seconds
[2023-12-05T18:00:33.461+0000] {processor.py:157} INFO - Started process (PID=11296) to work on /usr/local/lib/python3.10/dist-packages/airflow/example_dags/example_sla_dag.py
[2023-12-05T18:00:33.462+0000] {processor.py:829} INFO - Processing file /usr/local/lib/python3.10/dist-packages/airflow/example_dags/example_sla_dag.py for tasks to queue
[2023-12-05T18:00:33.463+0000] {logging_mixin.py:154} INFO - [2023-12-05T18:00:33.463+0000] {dagbag.py:536} INFO - Filling up the DagBag from /usr/local/lib/python3.10/dist-packages/airflow/example_dags/example_sla_dag.py
[2023-12-05T18:00:33.473+0000] {processor.py:839} INFO - DAG(s) dict_keys(['example_sla_dag']) retrieved from /usr/local/lib/python3.10/dist-packages/airflow/example_dags/example_sla_dag.py
[2023-12-05T18:00:33.499+0000] {logging_mixin.py:154} INFO - [2023-12-05T18:00:33.498+0000] {dag.py:2941} INFO - Sync 1 DAGs
[2023-12-05T18:00:33.529+0000] {logging_mixin.py:154} INFO - [2023-12-05T18:00:33.529+0000] {dag.py:3722} INFO - Setting next_dagrun for example_sla_dag to 2023-12-05T17:58:00+00:00, run_after=2023-12-05T18:00:00+00:00
[2023-12-05T18:00:33.555+0000] {processor.py:179} INFO - Processing /usr/local/lib/python3.10/dist-packages/airflow/example_dags/example_sla_dag.py took 0.098 seconds
[2023-12-05T18:01:20.931+0000] {processor.py:157} INFO - Started process (PID=11469) to work on /usr/local/lib/python3.10/dist-packages/airflow/example_dags/example_sla_dag.py
[2023-12-05T18:01:20.933+0000] {processor.py:829} INFO - Processing file /usr/local/lib/python3.10/dist-packages/airflow/example_dags/example_sla_dag.py for tasks to queue
[2023-12-05T18:01:20.934+0000] {logging_mixin.py:154} INFO - [2023-12-05T18:01:20.933+0000] {dagbag.py:536} INFO - Filling up the DagBag from /usr/local/lib/python3.10/dist-packages/airflow/example_dags/example_sla_dag.py
[2023-12-05T18:01:20.943+0000] {processor.py:839} INFO - DAG(s) dict_keys(['example_sla_dag']) retrieved from /usr/local/lib/python3.10/dist-packages/airflow/example_dags/example_sla_dag.py
[2023-12-05T18:01:20.959+0000] {logging_mixin.py:154} INFO - [2023-12-05T18:01:20.958+0000] {dag.py:2941} INFO - Sync 1 DAGs
[2023-12-05T18:01:20.985+0000] {logging_mixin.py:154} INFO - [2023-12-05T18:01:20.984+0000] {dag.py:3722} INFO - Setting next_dagrun for example_sla_dag to 2023-12-05T17:58:00+00:00, run_after=2023-12-05T18:00:00+00:00
[2023-12-05T18:01:21.020+0000] {processor.py:179} INFO - Processing /usr/local/lib/python3.10/dist-packages/airflow/example_dags/example_sla_dag.py took 0.091 seconds
[2023-12-05T18:02:08.784+0000] {processor.py:157} INFO - Started process (PID=11589) to work on /usr/local/lib/python3.10/dist-packages/airflow/example_dags/example_sla_dag.py
[2023-12-05T18:02:08.786+0000] {processor.py:829} INFO - Processing file /usr/local/lib/python3.10/dist-packages/airflow/example_dags/example_sla_dag.py for tasks to queue
[2023-12-05T18:02:08.786+0000] {logging_mixin.py:154} INFO - [2023-12-05T18:02:08.786+0000] {dagbag.py:536} INFO - Filling up the DagBag from /usr/local/lib/python3.10/dist-packages/airflow/example_dags/example_sla_dag.py
[2023-12-05T18:02:08.796+0000] {processor.py:839} INFO - DAG(s) dict_keys(['example_sla_dag']) retrieved from /usr/local/lib/python3.10/dist-packages/airflow/example_dags/example_sla_dag.py
[2023-12-05T18:02:08.811+0000] {logging_mixin.py:154} INFO - [2023-12-05T18:02:08.811+0000] {dag.py:2941} INFO - Sync 1 DAGs
[2023-12-05T18:02:08.834+0000] {logging_mixin.py:154} INFO - [2023-12-05T18:02:08.834+0000] {dag.py:3722} INFO - Setting next_dagrun for example_sla_dag to 2023-12-05T18:00:00+00:00, run_after=2023-12-05T18:02:00+00:00
[2023-12-05T18:02:08.858+0000] {processor.py:179} INFO - Processing /usr/local/lib/python3.10/dist-packages/airflow/example_dags/example_sla_dag.py took 0.077 seconds
[2023-12-05T18:03:02.287+0000] {processor.py:157} INFO - Started process (PID=11650) to work on /usr/local/lib/python3.10/dist-packages/airflow/example_dags/example_sla_dag.py
[2023-12-05T18:03:02.289+0000] {processor.py:829} INFO - Processing file /usr/local/lib/python3.10/dist-packages/airflow/example_dags/example_sla_dag.py for tasks to queue
[2023-12-05T18:03:02.291+0000] {logging_mixin.py:154} INFO - [2023-12-05T18:03:02.290+0000] {dagbag.py:536} INFO - Filling up the DagBag from /usr/local/lib/python3.10/dist-packages/airflow/example_dags/example_sla_dag.py
[2023-12-05T18:03:02.302+0000] {processor.py:839} INFO - DAG(s) dict_keys(['example_sla_dag']) retrieved from /usr/local/lib/python3.10/dist-packages/airflow/example_dags/example_sla_dag.py
[2023-12-05T18:03:02.338+0000] {logging_mixin.py:154} INFO - [2023-12-05T18:03:02.338+0000] {dag.py:2941} INFO - Sync 1 DAGs
[2023-12-05T18:03:02.396+0000] {logging_mixin.py:154} INFO - [2023-12-05T18:03:02.395+0000] {dag.py:3722} INFO - Setting next_dagrun for example_sla_dag to 2023-12-05T18:00:00+00:00, run_after=2023-12-05T18:02:00+00:00
[2023-12-05T18:03:02.433+0000] {processor.py:179} INFO - Processing /usr/local/lib/python3.10/dist-packages/airflow/example_dags/example_sla_dag.py took 0.152 seconds
[2023-12-05T18:03:52.610+0000] {processor.py:157} INFO - Started process (PID=11767) to work on /usr/local/lib/python3.10/dist-packages/airflow/example_dags/example_sla_dag.py
[2023-12-05T18:03:52.612+0000] {processor.py:829} INFO - Processing file /usr/local/lib/python3.10/dist-packages/airflow/example_dags/example_sla_dag.py for tasks to queue
[2023-12-05T18:03:52.613+0000] {logging_mixin.py:154} INFO - [2023-12-05T18:03:52.613+0000] {dagbag.py:536} INFO - Filling up the DagBag from /usr/local/lib/python3.10/dist-packages/airflow/example_dags/example_sla_dag.py
[2023-12-05T18:03:52.635+0000] {processor.py:839} INFO - DAG(s) dict_keys(['example_sla_dag']) retrieved from /usr/local/lib/python3.10/dist-packages/airflow/example_dags/example_sla_dag.py
[2023-12-05T18:03:52.654+0000] {logging_mixin.py:154} INFO - [2023-12-05T18:03:52.654+0000] {dag.py:2941} INFO - Sync 1 DAGs
[2023-12-05T18:03:52.706+0000] {logging_mixin.py:154} INFO - [2023-12-05T18:03:52.706+0000] {dag.py:3722} INFO - Setting next_dagrun for example_sla_dag to 2023-12-05T18:00:00+00:00, run_after=2023-12-05T18:02:00+00:00
[2023-12-05T18:03:52.738+0000] {processor.py:179} INFO - Processing /usr/local/lib/python3.10/dist-packages/airflow/example_dags/example_sla_dag.py took 0.137 seconds
[2023-12-05T18:04:40.956+0000] {processor.py:157} INFO - Started process (PID=11886) to work on /usr/local/lib/python3.10/dist-packages/airflow/example_dags/example_sla_dag.py
[2023-12-05T18:04:40.958+0000] {processor.py:829} INFO - Processing file /usr/local/lib/python3.10/dist-packages/airflow/example_dags/example_sla_dag.py for tasks to queue
[2023-12-05T18:04:40.958+0000] {logging_mixin.py:154} INFO - [2023-12-05T18:04:40.958+0000] {dagbag.py:536} INFO - Filling up the DagBag from /usr/local/lib/python3.10/dist-packages/airflow/example_dags/example_sla_dag.py
[2023-12-05T18:04:40.975+0000] {processor.py:839} INFO - DAG(s) dict_keys(['example_sla_dag']) retrieved from /usr/local/lib/python3.10/dist-packages/airflow/example_dags/example_sla_dag.py
[2023-12-05T18:04:40.996+0000] {logging_mixin.py:154} INFO - [2023-12-05T18:04:40.996+0000] {dag.py:2941} INFO - Sync 1 DAGs
[2023-12-05T18:04:41.020+0000] {logging_mixin.py:154} INFO - [2023-12-05T18:04:41.019+0000] {dag.py:3722} INFO - Setting next_dagrun for example_sla_dag to 2023-12-05T18:02:00+00:00, run_after=2023-12-05T18:04:00+00:00
[2023-12-05T18:04:41.042+0000] {processor.py:179} INFO - Processing /usr/local/lib/python3.10/dist-packages/airflow/example_dags/example_sla_dag.py took 0.090 seconds
[2023-12-05T18:05:33.169+0000] {processor.py:157} INFO - Started process (PID=12517) to work on /usr/local/lib/python3.10/dist-packages/airflow/example_dags/example_sla_dag.py
[2023-12-05T18:05:33.170+0000] {processor.py:829} INFO - Processing file /usr/local/lib/python3.10/dist-packages/airflow/example_dags/example_sla_dag.py for tasks to queue
[2023-12-05T18:05:33.171+0000] {logging_mixin.py:154} INFO - [2023-12-05T18:05:33.171+0000] {dagbag.py:536} INFO - Filling up the DagBag from /usr/local/lib/python3.10/dist-packages/airflow/example_dags/example_sla_dag.py
[2023-12-05T18:05:33.180+0000] {processor.py:839} INFO - DAG(s) dict_keys(['example_sla_dag']) retrieved from /usr/local/lib/python3.10/dist-packages/airflow/example_dags/example_sla_dag.py
[2023-12-05T18:05:33.195+0000] {logging_mixin.py:154} INFO - [2023-12-05T18:05:33.195+0000] {dag.py:2941} INFO - Sync 1 DAGs
[2023-12-05T18:05:33.217+0000] {logging_mixin.py:154} INFO - [2023-12-05T18:05:33.217+0000] {dag.py:3722} INFO - Setting next_dagrun for example_sla_dag to 2023-12-05T18:02:00+00:00, run_after=2023-12-05T18:04:00+00:00
[2023-12-05T18:05:33.238+0000] {processor.py:179} INFO - Processing /usr/local/lib/python3.10/dist-packages/airflow/example_dags/example_sla_dag.py took 0.072 seconds
[2023-12-05T18:06:25.267+0000] {processor.py:157} INFO - Started process (PID=12751) to work on /usr/local/lib/python3.10/dist-packages/airflow/example_dags/example_sla_dag.py
[2023-12-05T18:06:25.268+0000] {processor.py:829} INFO - Processing file /usr/local/lib/python3.10/dist-packages/airflow/example_dags/example_sla_dag.py for tasks to queue
[2023-12-05T18:06:25.269+0000] {logging_mixin.py:154} INFO - [2023-12-05T18:06:25.269+0000] {dagbag.py:536} INFO - Filling up the DagBag from /usr/local/lib/python3.10/dist-packages/airflow/example_dags/example_sla_dag.py
[2023-12-05T18:06:25.287+0000] {processor.py:839} INFO - DAG(s) dict_keys(['example_sla_dag']) retrieved from /usr/local/lib/python3.10/dist-packages/airflow/example_dags/example_sla_dag.py
[2023-12-05T18:06:25.311+0000] {logging_mixin.py:154} INFO - [2023-12-05T18:06:25.311+0000] {dag.py:2941} INFO - Sync 1 DAGs
[2023-12-05T18:06:25.352+0000] {logging_mixin.py:154} INFO - [2023-12-05T18:06:25.351+0000] {dag.py:3722} INFO - Setting next_dagrun for example_sla_dag to 2023-12-05T18:04:00+00:00, run_after=2023-12-05T18:06:00+00:00
[2023-12-05T18:06:25.396+0000] {processor.py:179} INFO - Processing /usr/local/lib/python3.10/dist-packages/airflow/example_dags/example_sla_dag.py took 0.133 seconds
[2023-12-05T18:07:20.336+0000] {processor.py:157} INFO - Started process (PID=13056) to work on /usr/local/lib/python3.10/dist-packages/airflow/example_dags/example_sla_dag.py
[2023-12-05T18:07:20.338+0000] {processor.py:829} INFO - Processing file /usr/local/lib/python3.10/dist-packages/airflow/example_dags/example_sla_dag.py for tasks to queue
[2023-12-05T18:07:20.339+0000] {logging_mixin.py:154} INFO - [2023-12-05T18:07:20.339+0000] {dagbag.py:536} INFO - Filling up the DagBag from /usr/local/lib/python3.10/dist-packages/airflow/example_dags/example_sla_dag.py
[2023-12-05T18:07:20.350+0000] {processor.py:839} INFO - DAG(s) dict_keys(['example_sla_dag']) retrieved from /usr/local/lib/python3.10/dist-packages/airflow/example_dags/example_sla_dag.py
[2023-12-05T18:07:20.366+0000] {logging_mixin.py:154} INFO - [2023-12-05T18:07:20.366+0000] {dag.py:2941} INFO - Sync 1 DAGs
[2023-12-05T18:07:20.392+0000] {logging_mixin.py:154} INFO - [2023-12-05T18:07:20.392+0000] {dag.py:3722} INFO - Setting next_dagrun for example_sla_dag to 2023-12-05T18:04:00+00:00, run_after=2023-12-05T18:06:00+00:00
[2023-12-05T18:07:20.425+0000] {processor.py:179} INFO - Processing /usr/local/lib/python3.10/dist-packages/airflow/example_dags/example_sla_dag.py took 0.093 seconds
[2023-12-05T18:08:08.178+0000] {processor.py:157} INFO - Started process (PID=13180) to work on /usr/local/lib/python3.10/dist-packages/airflow/example_dags/example_sla_dag.py
[2023-12-05T18:08:08.179+0000] {processor.py:829} INFO - Processing file /usr/local/lib/python3.10/dist-packages/airflow/example_dags/example_sla_dag.py for tasks to queue
[2023-12-05T18:08:08.180+0000] {logging_mixin.py:154} INFO - [2023-12-05T18:08:08.180+0000] {dagbag.py:536} INFO - Filling up the DagBag from /usr/local/lib/python3.10/dist-packages/airflow/example_dags/example_sla_dag.py
[2023-12-05T18:08:08.190+0000] {processor.py:839} INFO - DAG(s) dict_keys(['example_sla_dag']) retrieved from /usr/local/lib/python3.10/dist-packages/airflow/example_dags/example_sla_dag.py
[2023-12-05T18:08:08.216+0000] {logging_mixin.py:154} INFO - [2023-12-05T18:08:08.216+0000] {dag.py:2941} INFO - Sync 1 DAGs
[2023-12-05T18:08:08.244+0000] {logging_mixin.py:154} INFO - [2023-12-05T18:08:08.244+0000] {dag.py:3722} INFO - Setting next_dagrun for example_sla_dag to 2023-12-05T18:06:00+00:00, run_after=2023-12-05T18:08:00+00:00
[2023-12-05T18:08:08.266+0000] {processor.py:179} INFO - Processing /usr/local/lib/python3.10/dist-packages/airflow/example_dags/example_sla_dag.py took 0.092 seconds
[2023-12-05T18:08:56.023+0000] {processor.py:157} INFO - Started process (PID=13536) to work on /usr/local/lib/python3.10/dist-packages/airflow/example_dags/example_sla_dag.py
[2023-12-05T18:08:56.025+0000] {processor.py:829} INFO - Processing file /usr/local/lib/python3.10/dist-packages/airflow/example_dags/example_sla_dag.py for tasks to queue
[2023-12-05T18:08:56.027+0000] {logging_mixin.py:154} INFO - [2023-12-05T18:08:56.026+0000] {dagbag.py:536} INFO - Filling up the DagBag from /usr/local/lib/python3.10/dist-packages/airflow/example_dags/example_sla_dag.py
[2023-12-05T18:08:56.040+0000] {processor.py:839} INFO - DAG(s) dict_keys(['example_sla_dag']) retrieved from /usr/local/lib/python3.10/dist-packages/airflow/example_dags/example_sla_dag.py
[2023-12-05T18:08:56.064+0000] {logging_mixin.py:154} INFO - [2023-12-05T18:08:56.064+0000] {dag.py:2941} INFO - Sync 1 DAGs
[2023-12-05T18:08:56.102+0000] {logging_mixin.py:154} INFO - [2023-12-05T18:08:56.101+0000] {dag.py:3722} INFO - Setting next_dagrun for example_sla_dag to 2023-12-05T18:06:00+00:00, run_after=2023-12-05T18:08:00+00:00
[2023-12-05T18:08:56.131+0000] {processor.py:179} INFO - Processing /usr/local/lib/python3.10/dist-packages/airflow/example_dags/example_sla_dag.py took 0.112 seconds
[2023-12-05T18:09:46.821+0000] {processor.py:157} INFO - Started process (PID=13656) to work on /usr/local/lib/python3.10/dist-packages/airflow/example_dags/example_sla_dag.py
[2023-12-05T18:09:46.824+0000] {processor.py:829} INFO - Processing file /usr/local/lib/python3.10/dist-packages/airflow/example_dags/example_sla_dag.py for tasks to queue
[2023-12-05T18:09:46.828+0000] {logging_mixin.py:154} INFO - [2023-12-05T18:09:46.827+0000] {dagbag.py:536} INFO - Filling up the DagBag from /usr/local/lib/python3.10/dist-packages/airflow/example_dags/example_sla_dag.py
[2023-12-05T18:09:46.848+0000] {processor.py:839} INFO - DAG(s) dict_keys(['example_sla_dag']) retrieved from /usr/local/lib/python3.10/dist-packages/airflow/example_dags/example_sla_dag.py
[2023-12-05T18:09:46.865+0000] {logging_mixin.py:154} INFO - [2023-12-05T18:09:46.865+0000] {dag.py:2941} INFO - Sync 1 DAGs
[2023-12-05T18:09:46.889+0000] {logging_mixin.py:154} INFO - [2023-12-05T18:09:46.889+0000] {dag.py:3722} INFO - Setting next_dagrun for example_sla_dag to 2023-12-05T18:06:00+00:00, run_after=2023-12-05T18:08:00+00:00
[2023-12-05T18:09:46.910+0000] {processor.py:179} INFO - Processing /usr/local/lib/python3.10/dist-packages/airflow/example_dags/example_sla_dag.py took 0.095 seconds
[2023-12-05T18:10:36.981+0000] {processor.py:157} INFO - Started process (PID=13893) to work on /usr/local/lib/python3.10/dist-packages/airflow/example_dags/example_sla_dag.py
[2023-12-05T18:10:36.983+0000] {processor.py:829} INFO - Processing file /usr/local/lib/python3.10/dist-packages/airflow/example_dags/example_sla_dag.py for tasks to queue
[2023-12-05T18:10:36.985+0000] {logging_mixin.py:154} INFO - [2023-12-05T18:10:36.984+0000] {dagbag.py:536} INFO - Filling up the DagBag from /usr/local/lib/python3.10/dist-packages/airflow/example_dags/example_sla_dag.py
[2023-12-05T18:10:37.004+0000] {processor.py:839} INFO - DAG(s) dict_keys(['example_sla_dag']) retrieved from /usr/local/lib/python3.10/dist-packages/airflow/example_dags/example_sla_dag.py
[2023-12-05T18:10:37.028+0000] {logging_mixin.py:154} INFO - [2023-12-05T18:10:37.028+0000] {dag.py:2941} INFO - Sync 1 DAGs
[2023-12-05T18:10:37.062+0000] {logging_mixin.py:154} INFO - [2023-12-05T18:10:37.062+0000] {dag.py:3722} INFO - Setting next_dagrun for example_sla_dag to 2023-12-05T18:08:00+00:00, run_after=2023-12-05T18:10:00+00:00
[2023-12-05T18:10:37.089+0000] {processor.py:179} INFO - Processing /usr/local/lib/python3.10/dist-packages/airflow/example_dags/example_sla_dag.py took 0.115 seconds
