[2023-12-05T17:46:24.198+0000] {processor.py:157} INFO - Started process (PID=9258) to work on /usr/local/lib/python3.10/dist-packages/airflow/example_dags/example_sensors.py
[2023-12-05T17:46:24.201+0000] {processor.py:829} INFO - Processing file /usr/local/lib/python3.10/dist-packages/airflow/example_dags/example_sensors.py for tasks to queue
[2023-12-05T17:46:24.204+0000] {logging_mixin.py:154} INFO - [2023-12-05T17:46:24.203+0000] {dagbag.py:536} INFO - Filling up the DagBag from /usr/local/lib/python3.10/dist-packages/airflow/example_dags/example_sensors.py
[2023-12-05T17:46:24.225+0000] {processor.py:839} INFO - DAG(s) dict_keys(['example_sensors']) retrieved from /usr/local/lib/python3.10/dist-packages/airflow/example_dags/example_sensors.py
[2023-12-05T17:46:24.233+0000] {logging_mixin.py:154} INFO - [2023-12-05T17:46:24.233+0000] {dag.py:2941} INFO - Sync 1 DAGs
[2023-12-05T17:46:24.251+0000] {logging_mixin.py:154} INFO - [2023-12-05T17:46:24.251+0000] {dag.py:3722} INFO - Setting next_dagrun for example_sensors to None, run_after=None
[2023-12-05T17:46:24.300+0000] {processor.py:179} INFO - Processing /usr/local/lib/python3.10/dist-packages/airflow/example_dags/example_sensors.py took 0.106 seconds
[2023-12-05T17:47:14.671+0000] {processor.py:157} INFO - Started process (PID=9369) to work on /usr/local/lib/python3.10/dist-packages/airflow/example_dags/example_sensors.py
[2023-12-05T17:47:14.673+0000] {processor.py:829} INFO - Processing file /usr/local/lib/python3.10/dist-packages/airflow/example_dags/example_sensors.py for tasks to queue
[2023-12-05T17:47:14.674+0000] {logging_mixin.py:154} INFO - [2023-12-05T17:47:14.673+0000] {dagbag.py:536} INFO - Filling up the DagBag from /usr/local/lib/python3.10/dist-packages/airflow/example_dags/example_sensors.py
[2023-12-05T17:47:14.690+0000] {processor.py:839} INFO - DAG(s) dict_keys(['example_sensors']) retrieved from /usr/local/lib/python3.10/dist-packages/airflow/example_dags/example_sensors.py
[2023-12-05T17:47:14.733+0000] {logging_mixin.py:154} INFO - [2023-12-05T17:47:14.732+0000] {dag.py:2941} INFO - Sync 1 DAGs
[2023-12-05T17:47:14.753+0000] {logging_mixin.py:154} INFO - [2023-12-05T17:47:14.753+0000] {dag.py:3722} INFO - Setting next_dagrun for example_sensors to None, run_after=None
[2023-12-05T17:47:14.800+0000] {processor.py:179} INFO - Processing /usr/local/lib/python3.10/dist-packages/airflow/example_dags/example_sensors.py took 0.135 seconds
[2023-12-05T17:48:02.838+0000] {processor.py:157} INFO - Started process (PID=9422) to work on /usr/local/lib/python3.10/dist-packages/airflow/example_dags/example_sensors.py
[2023-12-05T17:48:02.841+0000] {processor.py:829} INFO - Processing file /usr/local/lib/python3.10/dist-packages/airflow/example_dags/example_sensors.py for tasks to queue
[2023-12-05T17:48:02.842+0000] {logging_mixin.py:154} INFO - [2023-12-05T17:48:02.842+0000] {dagbag.py:536} INFO - Filling up the DagBag from /usr/local/lib/python3.10/dist-packages/airflow/example_dags/example_sensors.py
[2023-12-05T17:48:02.855+0000] {processor.py:839} INFO - DAG(s) dict_keys(['example_sensors']) retrieved from /usr/local/lib/python3.10/dist-packages/airflow/example_dags/example_sensors.py
[2023-12-05T17:48:02.882+0000] {logging_mixin.py:154} INFO - [2023-12-05T17:48:02.881+0000] {dag.py:2941} INFO - Sync 1 DAGs
[2023-12-05T17:48:02.898+0000] {logging_mixin.py:154} INFO - [2023-12-05T17:48:02.898+0000] {dag.py:3722} INFO - Setting next_dagrun for example_sensors to None, run_after=None
[2023-12-05T17:48:02.930+0000] {processor.py:179} INFO - Processing /usr/local/lib/python3.10/dist-packages/airflow/example_dags/example_sensors.py took 0.102 seconds
[2023-12-05T17:48:56.201+0000] {processor.py:157} INFO - Started process (PID=9599) to work on /usr/local/lib/python3.10/dist-packages/airflow/example_dags/example_sensors.py
[2023-12-05T17:48:56.204+0000] {processor.py:829} INFO - Processing file /usr/local/lib/python3.10/dist-packages/airflow/example_dags/example_sensors.py for tasks to queue
[2023-12-05T17:48:56.205+0000] {logging_mixin.py:154} INFO - [2023-12-05T17:48:56.204+0000] {dagbag.py:536} INFO - Filling up the DagBag from /usr/local/lib/python3.10/dist-packages/airflow/example_dags/example_sensors.py
[2023-12-05T17:48:56.222+0000] {processor.py:839} INFO - DAG(s) dict_keys(['example_sensors']) retrieved from /usr/local/lib/python3.10/dist-packages/airflow/example_dags/example_sensors.py
[2023-12-05T17:48:56.264+0000] {logging_mixin.py:154} INFO - [2023-12-05T17:48:56.264+0000] {dag.py:2941} INFO - Sync 1 DAGs
[2023-12-05T17:48:56.284+0000] {logging_mixin.py:154} INFO - [2023-12-05T17:48:56.283+0000] {dag.py:3722} INFO - Setting next_dagrun for example_sensors to None, run_after=None
[2023-12-05T17:48:56.321+0000] {processor.py:179} INFO - Processing /usr/local/lib/python3.10/dist-packages/airflow/example_dags/example_sensors.py took 0.126 seconds
[2023-12-05T17:49:49.171+0000] {processor.py:157} INFO - Started process (PID=9717) to work on /usr/local/lib/python3.10/dist-packages/airflow/example_dags/example_sensors.py
[2023-12-05T17:49:49.174+0000] {processor.py:829} INFO - Processing file /usr/local/lib/python3.10/dist-packages/airflow/example_dags/example_sensors.py for tasks to queue
[2023-12-05T17:49:49.176+0000] {logging_mixin.py:154} INFO - [2023-12-05T17:49:49.175+0000] {dagbag.py:536} INFO - Filling up the DagBag from /usr/local/lib/python3.10/dist-packages/airflow/example_dags/example_sensors.py
[2023-12-05T17:49:49.194+0000] {processor.py:839} INFO - DAG(s) dict_keys(['example_sensors']) retrieved from /usr/local/lib/python3.10/dist-packages/airflow/example_dags/example_sensors.py
[2023-12-05T17:49:49.225+0000] {logging_mixin.py:154} INFO - [2023-12-05T17:49:49.225+0000] {dag.py:2941} INFO - Sync 1 DAGs
[2023-12-05T17:49:49.254+0000] {logging_mixin.py:154} INFO - [2023-12-05T17:49:49.253+0000] {dag.py:3722} INFO - Setting next_dagrun for example_sensors to None, run_after=None
[2023-12-05T17:49:49.282+0000] {processor.py:179} INFO - Processing /usr/local/lib/python3.10/dist-packages/airflow/example_dags/example_sensors.py took 0.119 seconds
[2023-12-05T17:50:42.310+0000] {processor.py:157} INFO - Started process (PID=9839) to work on /usr/local/lib/python3.10/dist-packages/airflow/example_dags/example_sensors.py
[2023-12-05T17:50:42.312+0000] {processor.py:829} INFO - Processing file /usr/local/lib/python3.10/dist-packages/airflow/example_dags/example_sensors.py for tasks to queue
[2023-12-05T17:50:42.314+0000] {logging_mixin.py:154} INFO - [2023-12-05T17:50:42.313+0000] {dagbag.py:536} INFO - Filling up the DagBag from /usr/local/lib/python3.10/dist-packages/airflow/example_dags/example_sensors.py
[2023-12-05T17:50:42.325+0000] {processor.py:839} INFO - DAG(s) dict_keys(['example_sensors']) retrieved from /usr/local/lib/python3.10/dist-packages/airflow/example_dags/example_sensors.py
[2023-12-05T17:50:42.345+0000] {logging_mixin.py:154} INFO - [2023-12-05T17:50:42.345+0000] {dag.py:2941} INFO - Sync 1 DAGs
[2023-12-05T17:50:42.357+0000] {logging_mixin.py:154} INFO - [2023-12-05T17:50:42.356+0000] {dag.py:3722} INFO - Setting next_dagrun for example_sensors to None, run_after=None
[2023-12-05T17:50:42.380+0000] {processor.py:179} INFO - Processing /usr/local/lib/python3.10/dist-packages/airflow/example_dags/example_sensors.py took 0.073 seconds
[2023-12-05T17:51:35.830+0000] {processor.py:157} INFO - Started process (PID=10016) to work on /usr/local/lib/python3.10/dist-packages/airflow/example_dags/example_sensors.py
[2023-12-05T17:51:35.831+0000] {processor.py:829} INFO - Processing file /usr/local/lib/python3.10/dist-packages/airflow/example_dags/example_sensors.py for tasks to queue
[2023-12-05T17:51:35.832+0000] {logging_mixin.py:154} INFO - [2023-12-05T17:51:35.832+0000] {dagbag.py:536} INFO - Filling up the DagBag from /usr/local/lib/python3.10/dist-packages/airflow/example_dags/example_sensors.py
[2023-12-05T17:51:35.842+0000] {processor.py:839} INFO - DAG(s) dict_keys(['example_sensors']) retrieved from /usr/local/lib/python3.10/dist-packages/airflow/example_dags/example_sensors.py
[2023-12-05T17:51:35.864+0000] {logging_mixin.py:154} INFO - [2023-12-05T17:51:35.863+0000] {dag.py:2941} INFO - Sync 1 DAGs
[2023-12-05T17:51:35.876+0000] {logging_mixin.py:154} INFO - [2023-12-05T17:51:35.876+0000] {dag.py:3722} INFO - Setting next_dagrun for example_sensors to None, run_after=None
[2023-12-05T17:51:35.899+0000] {processor.py:179} INFO - Processing /usr/local/lib/python3.10/dist-packages/airflow/example_dags/example_sensors.py took 0.072 seconds
[2023-12-05T17:52:24.585+0000] {processor.py:157} INFO - Started process (PID=10133) to work on /usr/local/lib/python3.10/dist-packages/airflow/example_dags/example_sensors.py
[2023-12-05T17:52:24.590+0000] {processor.py:829} INFO - Processing file /usr/local/lib/python3.10/dist-packages/airflow/example_dags/example_sensors.py for tasks to queue
[2023-12-05T17:52:24.591+0000] {logging_mixin.py:154} INFO - [2023-12-05T17:52:24.591+0000] {dagbag.py:536} INFO - Filling up the DagBag from /usr/local/lib/python3.10/dist-packages/airflow/example_dags/example_sensors.py
[2023-12-05T17:52:24.606+0000] {processor.py:839} INFO - DAG(s) dict_keys(['example_sensors']) retrieved from /usr/local/lib/python3.10/dist-packages/airflow/example_dags/example_sensors.py
[2023-12-05T17:52:24.652+0000] {logging_mixin.py:154} INFO - [2023-12-05T17:52:24.652+0000] {dag.py:2941} INFO - Sync 1 DAGs
[2023-12-05T17:52:24.678+0000] {logging_mixin.py:154} INFO - [2023-12-05T17:52:24.678+0000] {dag.py:3722} INFO - Setting next_dagrun for example_sensors to None, run_after=None
[2023-12-05T17:52:24.711+0000] {processor.py:179} INFO - Processing /usr/local/lib/python3.10/dist-packages/airflow/example_dags/example_sensors.py took 0.129 seconds
[2023-12-05T17:53:16.922+0000] {processor.py:157} INFO - Started process (PID=10314) to work on /usr/local/lib/python3.10/dist-packages/airflow/example_dags/example_sensors.py
[2023-12-05T17:53:16.924+0000] {processor.py:829} INFO - Processing file /usr/local/lib/python3.10/dist-packages/airflow/example_dags/example_sensors.py for tasks to queue
[2023-12-05T17:53:16.925+0000] {logging_mixin.py:154} INFO - [2023-12-05T17:53:16.925+0000] {dagbag.py:536} INFO - Filling up the DagBag from /usr/local/lib/python3.10/dist-packages/airflow/example_dags/example_sensors.py
[2023-12-05T17:53:16.936+0000] {processor.py:839} INFO - DAG(s) dict_keys(['example_sensors']) retrieved from /usr/local/lib/python3.10/dist-packages/airflow/example_dags/example_sensors.py
[2023-12-05T17:53:16.959+0000] {logging_mixin.py:154} INFO - [2023-12-05T17:53:16.959+0000] {dag.py:2941} INFO - Sync 1 DAGs
[2023-12-05T17:53:16.975+0000] {logging_mixin.py:154} INFO - [2023-12-05T17:53:16.974+0000] {dag.py:3722} INFO - Setting next_dagrun for example_sensors to None, run_after=None
[2023-12-05T17:53:17.008+0000] {processor.py:179} INFO - Processing /usr/local/lib/python3.10/dist-packages/airflow/example_dags/example_sensors.py took 0.090 seconds
[2023-12-05T17:54:06.560+0000] {processor.py:157} INFO - Started process (PID=10431) to work on /usr/local/lib/python3.10/dist-packages/airflow/example_dags/example_sensors.py
[2023-12-05T17:54:06.562+0000] {processor.py:829} INFO - Processing file /usr/local/lib/python3.10/dist-packages/airflow/example_dags/example_sensors.py for tasks to queue
[2023-12-05T17:54:06.563+0000] {logging_mixin.py:154} INFO - [2023-12-05T17:54:06.562+0000] {dagbag.py:536} INFO - Filling up the DagBag from /usr/local/lib/python3.10/dist-packages/airflow/example_dags/example_sensors.py
[2023-12-05T17:54:06.573+0000] {processor.py:839} INFO - DAG(s) dict_keys(['example_sensors']) retrieved from /usr/local/lib/python3.10/dist-packages/airflow/example_dags/example_sensors.py
[2023-12-05T17:54:06.595+0000] {logging_mixin.py:154} INFO - [2023-12-05T17:54:06.595+0000] {dag.py:2941} INFO - Sync 1 DAGs
[2023-12-05T17:54:06.607+0000] {logging_mixin.py:154} INFO - [2023-12-05T17:54:06.607+0000] {dag.py:3722} INFO - Setting next_dagrun for example_sensors to None, run_after=None
[2023-12-05T17:54:06.632+0000] {processor.py:179} INFO - Processing /usr/local/lib/python3.10/dist-packages/airflow/example_dags/example_sensors.py took 0.075 seconds
[2023-12-05T17:54:59.400+0000] {processor.py:157} INFO - Started process (PID=10489) to work on /usr/local/lib/python3.10/dist-packages/airflow/example_dags/example_sensors.py
[2023-12-05T17:54:59.401+0000] {processor.py:829} INFO - Processing file /usr/local/lib/python3.10/dist-packages/airflow/example_dags/example_sensors.py for tasks to queue
[2023-12-05T17:54:59.402+0000] {logging_mixin.py:154} INFO - [2023-12-05T17:54:59.402+0000] {dagbag.py:536} INFO - Filling up the DagBag from /usr/local/lib/python3.10/dist-packages/airflow/example_dags/example_sensors.py
[2023-12-05T17:54:59.411+0000] {processor.py:839} INFO - DAG(s) dict_keys(['example_sensors']) retrieved from /usr/local/lib/python3.10/dist-packages/airflow/example_dags/example_sensors.py
[2023-12-05T17:54:59.434+0000] {logging_mixin.py:154} INFO - [2023-12-05T17:54:59.434+0000] {dag.py:2941} INFO - Sync 1 DAGs
[2023-12-05T17:54:59.446+0000] {logging_mixin.py:154} INFO - [2023-12-05T17:54:59.446+0000] {dag.py:3722} INFO - Setting next_dagrun for example_sensors to None, run_after=None
[2023-12-05T17:54:59.473+0000] {processor.py:179} INFO - Processing /usr/local/lib/python3.10/dist-packages/airflow/example_dags/example_sensors.py took 0.077 seconds
[2023-12-05T17:55:51.511+0000] {processor.py:157} INFO - Started process (PID=10609) to work on /usr/local/lib/python3.10/dist-packages/airflow/example_dags/example_sensors.py
[2023-12-05T17:55:51.513+0000] {processor.py:829} INFO - Processing file /usr/local/lib/python3.10/dist-packages/airflow/example_dags/example_sensors.py for tasks to queue
[2023-12-05T17:55:51.513+0000] {logging_mixin.py:154} INFO - [2023-12-05T17:55:51.513+0000] {dagbag.py:536} INFO - Filling up the DagBag from /usr/local/lib/python3.10/dist-packages/airflow/example_dags/example_sensors.py
[2023-12-05T17:55:51.529+0000] {processor.py:839} INFO - DAG(s) dict_keys(['example_sensors']) retrieved from /usr/local/lib/python3.10/dist-packages/airflow/example_dags/example_sensors.py
[2023-12-05T17:55:51.554+0000] {logging_mixin.py:154} INFO - [2023-12-05T17:55:51.554+0000] {dag.py:2941} INFO - Sync 1 DAGs
[2023-12-05T17:55:51.567+0000] {logging_mixin.py:154} INFO - [2023-12-05T17:55:51.567+0000] {dag.py:3722} INFO - Setting next_dagrun for example_sensors to None, run_after=None
[2023-12-05T17:55:51.593+0000] {processor.py:179} INFO - Processing /usr/local/lib/python3.10/dist-packages/airflow/example_dags/example_sensors.py took 0.086 seconds
[2023-12-05T17:56:41.686+0000] {processor.py:157} INFO - Started process (PID=10787) to work on /usr/local/lib/python3.10/dist-packages/airflow/example_dags/example_sensors.py
[2023-12-05T17:56:41.688+0000] {processor.py:829} INFO - Processing file /usr/local/lib/python3.10/dist-packages/airflow/example_dags/example_sensors.py for tasks to queue
[2023-12-05T17:56:41.689+0000] {logging_mixin.py:154} INFO - [2023-12-05T17:56:41.688+0000] {dagbag.py:536} INFO - Filling up the DagBag from /usr/local/lib/python3.10/dist-packages/airflow/example_dags/example_sensors.py
[2023-12-05T17:56:41.705+0000] {processor.py:839} INFO - DAG(s) dict_keys(['example_sensors']) retrieved from /usr/local/lib/python3.10/dist-packages/airflow/example_dags/example_sensors.py
[2023-12-05T17:56:41.738+0000] {logging_mixin.py:154} INFO - [2023-12-05T17:56:41.737+0000] {dag.py:2941} INFO - Sync 1 DAGs
[2023-12-05T17:56:41.752+0000] {logging_mixin.py:154} INFO - [2023-12-05T17:56:41.752+0000] {dag.py:3722} INFO - Setting next_dagrun for example_sensors to None, run_after=None
[2023-12-05T17:56:41.783+0000] {processor.py:179} INFO - Processing /usr/local/lib/python3.10/dist-packages/airflow/example_dags/example_sensors.py took 0.100 seconds
[2023-12-05T17:57:38.146+0000] {processor.py:157} INFO - Started process (PID=10909) to work on /usr/local/lib/python3.10/dist-packages/airflow/example_dags/example_sensors.py
[2023-12-05T17:57:38.149+0000] {processor.py:829} INFO - Processing file /usr/local/lib/python3.10/dist-packages/airflow/example_dags/example_sensors.py for tasks to queue
[2023-12-05T17:57:38.150+0000] {logging_mixin.py:154} INFO - [2023-12-05T17:57:38.150+0000] {dagbag.py:536} INFO - Filling up the DagBag from /usr/local/lib/python3.10/dist-packages/airflow/example_dags/example_sensors.py
[2023-12-05T17:57:38.164+0000] {processor.py:839} INFO - DAG(s) dict_keys(['example_sensors']) retrieved from /usr/local/lib/python3.10/dist-packages/airflow/example_dags/example_sensors.py
[2023-12-05T17:57:38.188+0000] {logging_mixin.py:154} INFO - [2023-12-05T17:57:38.188+0000] {dag.py:2941} INFO - Sync 1 DAGs
[2023-12-05T17:57:38.200+0000] {logging_mixin.py:154} INFO - [2023-12-05T17:57:38.200+0000] {dag.py:3722} INFO - Setting next_dagrun for example_sensors to None, run_after=None
[2023-12-05T17:57:38.229+0000] {processor.py:179} INFO - Processing /usr/local/lib/python3.10/dist-packages/airflow/example_dags/example_sensors.py took 0.087 seconds
[2023-12-05T17:58:33.905+0000] {processor.py:157} INFO - Started process (PID=11039) to work on /usr/local/lib/python3.10/dist-packages/airflow/example_dags/example_sensors.py
[2023-12-05T17:58:33.907+0000] {processor.py:829} INFO - Processing file /usr/local/lib/python3.10/dist-packages/airflow/example_dags/example_sensors.py for tasks to queue
[2023-12-05T17:58:33.908+0000] {logging_mixin.py:154} INFO - [2023-12-05T17:58:33.907+0000] {dagbag.py:536} INFO - Filling up the DagBag from /usr/local/lib/python3.10/dist-packages/airflow/example_dags/example_sensors.py
[2023-12-05T17:58:33.918+0000] {processor.py:839} INFO - DAG(s) dict_keys(['example_sensors']) retrieved from /usr/local/lib/python3.10/dist-packages/airflow/example_dags/example_sensors.py
[2023-12-05T17:58:33.940+0000] {logging_mixin.py:154} INFO - [2023-12-05T17:58:33.939+0000] {dag.py:2941} INFO - Sync 1 DAGs
[2023-12-05T17:58:33.953+0000] {logging_mixin.py:154} INFO - [2023-12-05T17:58:33.953+0000] {dag.py:3722} INFO - Setting next_dagrun for example_sensors to None, run_after=None
[2023-12-05T17:58:33.989+0000] {processor.py:179} INFO - Processing /usr/local/lib/python3.10/dist-packages/airflow/example_dags/example_sensors.py took 0.087 seconds
[2023-12-05T17:59:23.707+0000] {processor.py:157} INFO - Started process (PID=11158) to work on /usr/local/lib/python3.10/dist-packages/airflow/example_dags/example_sensors.py
[2023-12-05T17:59:23.708+0000] {processor.py:829} INFO - Processing file /usr/local/lib/python3.10/dist-packages/airflow/example_dags/example_sensors.py for tasks to queue
[2023-12-05T17:59:23.709+0000] {logging_mixin.py:154} INFO - [2023-12-05T17:59:23.708+0000] {dagbag.py:536} INFO - Filling up the DagBag from /usr/local/lib/python3.10/dist-packages/airflow/example_dags/example_sensors.py
[2023-12-05T17:59:23.718+0000] {processor.py:839} INFO - DAG(s) dict_keys(['example_sensors']) retrieved from /usr/local/lib/python3.10/dist-packages/airflow/example_dags/example_sensors.py
[2023-12-05T17:59:23.736+0000] {logging_mixin.py:154} INFO - [2023-12-05T17:59:23.736+0000] {dag.py:2941} INFO - Sync 1 DAGs
[2023-12-05T17:59:23.748+0000] {logging_mixin.py:154} INFO - [2023-12-05T17:59:23.748+0000] {dag.py:3722} INFO - Setting next_dagrun for example_sensors to None, run_after=None
[2023-12-05T17:59:23.771+0000] {processor.py:179} INFO - Processing /usr/local/lib/python3.10/dist-packages/airflow/example_dags/example_sensors.py took 0.067 seconds
[2023-12-05T18:00:16.694+0000] {processor.py:157} INFO - Started process (PID=11277) to work on /usr/local/lib/python3.10/dist-packages/airflow/example_dags/example_sensors.py
[2023-12-05T18:00:16.695+0000] {processor.py:829} INFO - Processing file /usr/local/lib/python3.10/dist-packages/airflow/example_dags/example_sensors.py for tasks to queue
[2023-12-05T18:00:16.696+0000] {logging_mixin.py:154} INFO - [2023-12-05T18:00:16.696+0000] {dagbag.py:536} INFO - Filling up the DagBag from /usr/local/lib/python3.10/dist-packages/airflow/example_dags/example_sensors.py
[2023-12-05T18:00:16.706+0000] {processor.py:839} INFO - DAG(s) dict_keys(['example_sensors']) retrieved from /usr/local/lib/python3.10/dist-packages/airflow/example_dags/example_sensors.py
[2023-12-05T18:00:16.725+0000] {logging_mixin.py:154} INFO - [2023-12-05T18:00:16.725+0000] {dag.py:2941} INFO - Sync 1 DAGs
[2023-12-05T18:00:16.736+0000] {logging_mixin.py:154} INFO - [2023-12-05T18:00:16.736+0000] {dag.py:3722} INFO - Setting next_dagrun for example_sensors to None, run_after=None
[2023-12-05T18:00:16.757+0000] {processor.py:179} INFO - Processing /usr/local/lib/python3.10/dist-packages/airflow/example_dags/example_sensors.py took 0.066 seconds
[2023-12-05T18:01:06.229+0000] {processor.py:157} INFO - Started process (PID=11393) to work on /usr/local/lib/python3.10/dist-packages/airflow/example_dags/example_sensors.py
[2023-12-05T18:01:06.232+0000] {processor.py:829} INFO - Processing file /usr/local/lib/python3.10/dist-packages/airflow/example_dags/example_sensors.py for tasks to queue
[2023-12-05T18:01:06.233+0000] {logging_mixin.py:154} INFO - [2023-12-05T18:01:06.233+0000] {dagbag.py:536} INFO - Filling up the DagBag from /usr/local/lib/python3.10/dist-packages/airflow/example_dags/example_sensors.py
[2023-12-05T18:01:06.243+0000] {processor.py:839} INFO - DAG(s) dict_keys(['example_sensors']) retrieved from /usr/local/lib/python3.10/dist-packages/airflow/example_dags/example_sensors.py
[2023-12-05T18:01:06.264+0000] {logging_mixin.py:154} INFO - [2023-12-05T18:01:06.264+0000] {dag.py:2941} INFO - Sync 1 DAGs
[2023-12-05T18:01:06.276+0000] {logging_mixin.py:154} INFO - [2023-12-05T18:01:06.276+0000] {dag.py:3722} INFO - Setting next_dagrun for example_sensors to None, run_after=None
[2023-12-05T18:01:06.301+0000] {processor.py:179} INFO - Processing /usr/local/lib/python3.10/dist-packages/airflow/example_dags/example_sensors.py took 0.075 seconds
[2023-12-05T18:01:53.987+0000] {processor.py:157} INFO - Started process (PID=11510) to work on /usr/local/lib/python3.10/dist-packages/airflow/example_dags/example_sensors.py
[2023-12-05T18:01:53.989+0000] {processor.py:829} INFO - Processing file /usr/local/lib/python3.10/dist-packages/airflow/example_dags/example_sensors.py for tasks to queue
[2023-12-05T18:01:53.990+0000] {logging_mixin.py:154} INFO - [2023-12-05T18:01:53.989+0000] {dagbag.py:536} INFO - Filling up the DagBag from /usr/local/lib/python3.10/dist-packages/airflow/example_dags/example_sensors.py
[2023-12-05T18:01:54.002+0000] {processor.py:839} INFO - DAG(s) dict_keys(['example_sensors']) retrieved from /usr/local/lib/python3.10/dist-packages/airflow/example_dags/example_sensors.py
[2023-12-05T18:01:54.026+0000] {logging_mixin.py:154} INFO - [2023-12-05T18:01:54.025+0000] {dag.py:2941} INFO - Sync 1 DAGs
[2023-12-05T18:01:54.039+0000] {logging_mixin.py:154} INFO - [2023-12-05T18:01:54.039+0000] {dag.py:3722} INFO - Setting next_dagrun for example_sensors to None, run_after=None
[2023-12-05T18:01:54.070+0000] {processor.py:179} INFO - Processing /usr/local/lib/python3.10/dist-packages/airflow/example_dags/example_sensors.py took 0.086 seconds
[2023-12-05T18:02:45.061+0000] {processor.py:157} INFO - Started process (PID=11628) to work on /usr/local/lib/python3.10/dist-packages/airflow/example_dags/example_sensors.py
[2023-12-05T18:02:45.063+0000] {processor.py:829} INFO - Processing file /usr/local/lib/python3.10/dist-packages/airflow/example_dags/example_sensors.py for tasks to queue
[2023-12-05T18:02:45.063+0000] {logging_mixin.py:154} INFO - [2023-12-05T18:02:45.063+0000] {dagbag.py:536} INFO - Filling up the DagBag from /usr/local/lib/python3.10/dist-packages/airflow/example_dags/example_sensors.py
[2023-12-05T18:02:45.076+0000] {processor.py:839} INFO - DAG(s) dict_keys(['example_sensors']) retrieved from /usr/local/lib/python3.10/dist-packages/airflow/example_dags/example_sensors.py
[2023-12-05T18:02:45.113+0000] {logging_mixin.py:154} INFO - [2023-12-05T18:02:45.113+0000] {dag.py:2941} INFO - Sync 1 DAGs
[2023-12-05T18:02:45.137+0000] {logging_mixin.py:154} INFO - [2023-12-05T18:02:45.137+0000] {dag.py:3722} INFO - Setting next_dagrun for example_sensors to None, run_after=None
[2023-12-05T18:02:45.169+0000] {processor.py:179} INFO - Processing /usr/local/lib/python3.10/dist-packages/airflow/example_dags/example_sensors.py took 0.112 seconds
[2023-12-05T18:03:36.029+0000] {processor.py:157} INFO - Started process (PID=11746) to work on /usr/local/lib/python3.10/dist-packages/airflow/example_dags/example_sensors.py
[2023-12-05T18:03:36.032+0000] {processor.py:829} INFO - Processing file /usr/local/lib/python3.10/dist-packages/airflow/example_dags/example_sensors.py for tasks to queue
[2023-12-05T18:03:36.033+0000] {logging_mixin.py:154} INFO - [2023-12-05T18:03:36.032+0000] {dagbag.py:536} INFO - Filling up the DagBag from /usr/local/lib/python3.10/dist-packages/airflow/example_dags/example_sensors.py
[2023-12-05T18:03:36.055+0000] {processor.py:839} INFO - DAG(s) dict_keys(['example_sensors']) retrieved from /usr/local/lib/python3.10/dist-packages/airflow/example_dags/example_sensors.py
[2023-12-05T18:03:36.076+0000] {logging_mixin.py:154} INFO - [2023-12-05T18:03:36.076+0000] {dag.py:2941} INFO - Sync 1 DAGs
[2023-12-05T18:03:36.092+0000] {logging_mixin.py:154} INFO - [2023-12-05T18:03:36.091+0000] {dag.py:3722} INFO - Setting next_dagrun for example_sensors to None, run_after=None
[2023-12-05T18:03:36.115+0000] {processor.py:179} INFO - Processing /usr/local/lib/python3.10/dist-packages/airflow/example_dags/example_sensors.py took 0.093 seconds
[2023-12-05T18:04:24.515+0000] {processor.py:157} INFO - Started process (PID=11863) to work on /usr/local/lib/python3.10/dist-packages/airflow/example_dags/example_sensors.py
[2023-12-05T18:04:24.517+0000] {processor.py:829} INFO - Processing file /usr/local/lib/python3.10/dist-packages/airflow/example_dags/example_sensors.py for tasks to queue
[2023-12-05T18:04:24.518+0000] {logging_mixin.py:154} INFO - [2023-12-05T18:04:24.518+0000] {dagbag.py:536} INFO - Filling up the DagBag from /usr/local/lib/python3.10/dist-packages/airflow/example_dags/example_sensors.py
[2023-12-05T18:04:24.530+0000] {processor.py:839} INFO - DAG(s) dict_keys(['example_sensors']) retrieved from /usr/local/lib/python3.10/dist-packages/airflow/example_dags/example_sensors.py
[2023-12-05T18:04:24.555+0000] {logging_mixin.py:154} INFO - [2023-12-05T18:04:24.554+0000] {dag.py:2941} INFO - Sync 1 DAGs
[2023-12-05T18:04:24.567+0000] {logging_mixin.py:154} INFO - [2023-12-05T18:04:24.567+0000] {dag.py:3722} INFO - Setting next_dagrun for example_sensors to None, run_after=None
[2023-12-05T18:04:24.592+0000] {processor.py:179} INFO - Processing /usr/local/lib/python3.10/dist-packages/airflow/example_dags/example_sensors.py took 0.081 seconds
[2023-12-05T18:05:16.815+0000] {processor.py:157} INFO - Started process (PID=12437) to work on /usr/local/lib/python3.10/dist-packages/airflow/example_dags/example_sensors.py
[2023-12-05T18:05:16.817+0000] {processor.py:829} INFO - Processing file /usr/local/lib/python3.10/dist-packages/airflow/example_dags/example_sensors.py for tasks to queue
[2023-12-05T18:05:16.818+0000] {logging_mixin.py:154} INFO - [2023-12-05T18:05:16.818+0000] {dagbag.py:536} INFO - Filling up the DagBag from /usr/local/lib/python3.10/dist-packages/airflow/example_dags/example_sensors.py
[2023-12-05T18:05:16.834+0000] {processor.py:839} INFO - DAG(s) dict_keys(['example_sensors']) retrieved from /usr/local/lib/python3.10/dist-packages/airflow/example_dags/example_sensors.py
[2023-12-05T18:05:16.855+0000] {logging_mixin.py:154} INFO - [2023-12-05T18:05:16.855+0000] {dag.py:2941} INFO - Sync 1 DAGs
[2023-12-05T18:05:16.867+0000] {logging_mixin.py:154} INFO - [2023-12-05T18:05:16.867+0000] {dag.py:3722} INFO - Setting next_dagrun for example_sensors to None, run_after=None
[2023-12-05T18:05:16.907+0000] {processor.py:179} INFO - Processing /usr/local/lib/python3.10/dist-packages/airflow/example_dags/example_sensors.py took 0.096 seconds
[2023-12-05T18:06:08.326+0000] {processor.py:157} INFO - Started process (PID=12696) to work on /usr/local/lib/python3.10/dist-packages/airflow/example_dags/example_sensors.py
[2023-12-05T18:06:08.328+0000] {processor.py:829} INFO - Processing file /usr/local/lib/python3.10/dist-packages/airflow/example_dags/example_sensors.py for tasks to queue
[2023-12-05T18:06:08.329+0000] {logging_mixin.py:154} INFO - [2023-12-05T18:06:08.329+0000] {dagbag.py:536} INFO - Filling up the DagBag from /usr/local/lib/python3.10/dist-packages/airflow/example_dags/example_sensors.py
[2023-12-05T18:06:08.345+0000] {processor.py:839} INFO - DAG(s) dict_keys(['example_sensors']) retrieved from /usr/local/lib/python3.10/dist-packages/airflow/example_dags/example_sensors.py
[2023-12-05T18:06:08.369+0000] {logging_mixin.py:154} INFO - [2023-12-05T18:06:08.369+0000] {dag.py:2941} INFO - Sync 1 DAGs
[2023-12-05T18:06:08.381+0000] {logging_mixin.py:154} INFO - [2023-12-05T18:06:08.381+0000] {dag.py:3722} INFO - Setting next_dagrun for example_sensors to None, run_after=None
[2023-12-05T18:06:08.404+0000] {processor.py:179} INFO - Processing /usr/local/lib/python3.10/dist-packages/airflow/example_dags/example_sensors.py took 0.084 seconds
[2023-12-05T18:07:01.625+0000] {processor.py:157} INFO - Started process (PID=12916) to work on /usr/local/lib/python3.10/dist-packages/airflow/example_dags/example_sensors.py
[2023-12-05T18:07:01.629+0000] {processor.py:829} INFO - Processing file /usr/local/lib/python3.10/dist-packages/airflow/example_dags/example_sensors.py for tasks to queue
[2023-12-05T18:07:01.630+0000] {logging_mixin.py:154} INFO - [2023-12-05T18:07:01.630+0000] {dagbag.py:536} INFO - Filling up the DagBag from /usr/local/lib/python3.10/dist-packages/airflow/example_dags/example_sensors.py
[2023-12-05T18:07:01.650+0000] {processor.py:839} INFO - DAG(s) dict_keys(['example_sensors']) retrieved from /usr/local/lib/python3.10/dist-packages/airflow/example_dags/example_sensors.py
[2023-12-05T18:07:01.676+0000] {logging_mixin.py:154} INFO - [2023-12-05T18:07:01.675+0000] {dag.py:2941} INFO - Sync 1 DAGs
[2023-12-05T18:07:01.696+0000] {logging_mixin.py:154} INFO - [2023-12-05T18:07:01.696+0000] {dag.py:3722} INFO - Setting next_dagrun for example_sensors to None, run_after=None
[2023-12-05T18:07:01.740+0000] {processor.py:179} INFO - Processing /usr/local/lib/python3.10/dist-packages/airflow/example_dags/example_sensors.py took 0.122 seconds
[2023-12-05T18:07:56.259+0000] {processor.py:157} INFO - Started process (PID=13104) to work on /usr/local/lib/python3.10/dist-packages/airflow/example_dags/example_sensors.py
[2023-12-05T18:07:56.261+0000] {processor.py:829} INFO - Processing file /usr/local/lib/python3.10/dist-packages/airflow/example_dags/example_sensors.py for tasks to queue
[2023-12-05T18:07:56.262+0000] {logging_mixin.py:154} INFO - [2023-12-05T18:07:56.261+0000] {dagbag.py:536} INFO - Filling up the DagBag from /usr/local/lib/python3.10/dist-packages/airflow/example_dags/example_sensors.py
[2023-12-05T18:07:56.274+0000] {processor.py:839} INFO - DAG(s) dict_keys(['example_sensors']) retrieved from /usr/local/lib/python3.10/dist-packages/airflow/example_dags/example_sensors.py
[2023-12-05T18:07:56.295+0000] {logging_mixin.py:154} INFO - [2023-12-05T18:07:56.295+0000] {dag.py:2941} INFO - Sync 1 DAGs
[2023-12-05T18:07:56.307+0000] {logging_mixin.py:154} INFO - [2023-12-05T18:07:56.306+0000] {dag.py:3722} INFO - Setting next_dagrun for example_sensors to None, run_after=None
[2023-12-05T18:07:56.330+0000] {processor.py:179} INFO - Processing /usr/local/lib/python3.10/dist-packages/airflow/example_dags/example_sensors.py took 0.074 seconds
[2023-12-05T18:08:39.164+0000] {processor.py:157} INFO - Started process (PID=13298) to work on /usr/local/lib/python3.10/dist-packages/airflow/example_dags/example_sensors.py
[2023-12-05T18:08:39.166+0000] {processor.py:829} INFO - Processing file /usr/local/lib/python3.10/dist-packages/airflow/example_dags/example_sensors.py for tasks to queue
[2023-12-05T18:08:39.167+0000] {logging_mixin.py:154} INFO - [2023-12-05T18:08:39.166+0000] {dagbag.py:536} INFO - Filling up the DagBag from /usr/local/lib/python3.10/dist-packages/airflow/example_dags/example_sensors.py
[2023-12-05T18:08:39.179+0000] {processor.py:839} INFO - DAG(s) dict_keys(['example_sensors']) retrieved from /usr/local/lib/python3.10/dist-packages/airflow/example_dags/example_sensors.py
[2023-12-05T18:08:39.202+0000] {logging_mixin.py:154} INFO - [2023-12-05T18:08:39.202+0000] {dag.py:2941} INFO - Sync 1 DAGs
[2023-12-05T18:08:39.217+0000] {logging_mixin.py:154} INFO - [2023-12-05T18:08:39.217+0000] {dag.py:3722} INFO - Setting next_dagrun for example_sensors to None, run_after=None
[2023-12-05T18:08:39.240+0000] {processor.py:179} INFO - Processing /usr/local/lib/python3.10/dist-packages/airflow/example_dags/example_sensors.py took 0.079 seconds
[2023-12-05T18:09:31.320+0000] {processor.py:157} INFO - Started process (PID=13637) to work on /usr/local/lib/python3.10/dist-packages/airflow/example_dags/example_sensors.py
[2023-12-05T18:09:31.322+0000] {processor.py:829} INFO - Processing file /usr/local/lib/python3.10/dist-packages/airflow/example_dags/example_sensors.py for tasks to queue
[2023-12-05T18:09:31.323+0000] {logging_mixin.py:154} INFO - [2023-12-05T18:09:31.322+0000] {dagbag.py:536} INFO - Filling up the DagBag from /usr/local/lib/python3.10/dist-packages/airflow/example_dags/example_sensors.py
[2023-12-05T18:09:31.335+0000] {processor.py:839} INFO - DAG(s) dict_keys(['example_sensors']) retrieved from /usr/local/lib/python3.10/dist-packages/airflow/example_dags/example_sensors.py
[2023-12-05T18:09:31.363+0000] {logging_mixin.py:154} INFO - [2023-12-05T18:09:31.363+0000] {dag.py:2941} INFO - Sync 1 DAGs
[2023-12-05T18:09:31.377+0000] {logging_mixin.py:154} INFO - [2023-12-05T18:09:31.377+0000] {dag.py:3722} INFO - Setting next_dagrun for example_sensors to None, run_after=None
[2023-12-05T18:09:31.403+0000] {processor.py:179} INFO - Processing /usr/local/lib/python3.10/dist-packages/airflow/example_dags/example_sensors.py took 0.087 seconds
[2023-12-05T18:10:19.027+0000] {processor.py:157} INFO - Started process (PID=13754) to work on /usr/local/lib/python3.10/dist-packages/airflow/example_dags/example_sensors.py
[2023-12-05T18:10:19.028+0000] {processor.py:829} INFO - Processing file /usr/local/lib/python3.10/dist-packages/airflow/example_dags/example_sensors.py for tasks to queue
[2023-12-05T18:10:19.029+0000] {logging_mixin.py:154} INFO - [2023-12-05T18:10:19.029+0000] {dagbag.py:536} INFO - Filling up the DagBag from /usr/local/lib/python3.10/dist-packages/airflow/example_dags/example_sensors.py
[2023-12-05T18:10:19.040+0000] {processor.py:839} INFO - DAG(s) dict_keys(['example_sensors']) retrieved from /usr/local/lib/python3.10/dist-packages/airflow/example_dags/example_sensors.py
[2023-12-05T18:10:19.065+0000] {logging_mixin.py:154} INFO - [2023-12-05T18:10:19.064+0000] {dag.py:2941} INFO - Sync 1 DAGs
[2023-12-05T18:10:19.083+0000] {logging_mixin.py:154} INFO - [2023-12-05T18:10:19.083+0000] {dag.py:3722} INFO - Setting next_dagrun for example_sensors to None, run_after=None
[2023-12-05T18:10:19.110+0000] {processor.py:179} INFO - Processing /usr/local/lib/python3.10/dist-packages/airflow/example_dags/example_sensors.py took 0.086 seconds
