[2023-12-05T17:46:43.452+0000] {processor.py:157} INFO - Started process (PID=9276) to work on /usr/local/lib/python3.10/dist-packages/airflow/example_dags/example_dynamic_task_mapping_with_no_taskflow_operators.py
[2023-12-05T17:46:43.453+0000] {processor.py:829} INFO - Processing file /usr/local/lib/python3.10/dist-packages/airflow/example_dags/example_dynamic_task_mapping_with_no_taskflow_operators.py for tasks to queue
[2023-12-05T17:46:43.455+0000] {logging_mixin.py:154} INFO - [2023-12-05T17:46:43.454+0000] {dagbag.py:536} INFO - Filling up the DagBag from /usr/local/lib/python3.10/dist-packages/airflow/example_dags/example_dynamic_task_mapping_with_no_taskflow_operators.py
[2023-12-05T17:46:43.463+0000] {processor.py:839} INFO - DAG(s) dict_keys(['example_dynamic_task_mapping_with_no_taskflow_operators']) retrieved from /usr/local/lib/python3.10/dist-packages/airflow/example_dags/example_dynamic_task_mapping_with_no_taskflow_operators.py
[2023-12-05T17:46:43.482+0000] {logging_mixin.py:154} INFO - [2023-12-05T17:46:43.482+0000] {dag.py:2941} INFO - Sync 1 DAGs
[2023-12-05T17:46:43.513+0000] {logging_mixin.py:154} INFO - [2023-12-05T17:46:43.513+0000] {dag.py:3722} INFO - Setting next_dagrun for example_dynamic_task_mapping_with_no_taskflow_operators to 2023-12-04T17:46:43.512834+00:00, run_after=2023-12-05T17:46:43.512834+00:00
[2023-12-05T17:46:43.546+0000] {processor.py:179} INFO - Processing /usr/local/lib/python3.10/dist-packages/airflow/example_dags/example_dynamic_task_mapping_with_no_taskflow_operators.py took 0.098 seconds
[2023-12-05T17:47:39.340+0000] {processor.py:157} INFO - Started process (PID=9397) to work on /usr/local/lib/python3.10/dist-packages/airflow/example_dags/example_dynamic_task_mapping_with_no_taskflow_operators.py
[2023-12-05T17:47:39.342+0000] {processor.py:829} INFO - Processing file /usr/local/lib/python3.10/dist-packages/airflow/example_dags/example_dynamic_task_mapping_with_no_taskflow_operators.py for tasks to queue
[2023-12-05T17:47:39.343+0000] {logging_mixin.py:154} INFO - [2023-12-05T17:47:39.342+0000] {dagbag.py:536} INFO - Filling up the DagBag from /usr/local/lib/python3.10/dist-packages/airflow/example_dags/example_dynamic_task_mapping_with_no_taskflow_operators.py
[2023-12-05T17:47:39.357+0000] {processor.py:839} INFO - DAG(s) dict_keys(['example_dynamic_task_mapping_with_no_taskflow_operators']) retrieved from /usr/local/lib/python3.10/dist-packages/airflow/example_dags/example_dynamic_task_mapping_with_no_taskflow_operators.py
[2023-12-05T17:47:39.378+0000] {logging_mixin.py:154} INFO - [2023-12-05T17:47:39.378+0000] {dag.py:2941} INFO - Sync 1 DAGs
[2023-12-05T17:47:39.403+0000] {logging_mixin.py:154} INFO - [2023-12-05T17:47:39.403+0000] {dag.py:3722} INFO - Setting next_dagrun for example_dynamic_task_mapping_with_no_taskflow_operators to 2023-12-04T17:47:39.402306+00:00, run_after=2023-12-05T17:47:39.402306+00:00
[2023-12-05T17:47:39.437+0000] {processor.py:179} INFO - Processing /usr/local/lib/python3.10/dist-packages/airflow/example_dags/example_dynamic_task_mapping_with_no_taskflow_operators.py took 0.101 seconds
[2023-12-05T17:48:34.129+0000] {processor.py:157} INFO - Started process (PID=9575) to work on /usr/local/lib/python3.10/dist-packages/airflow/example_dags/example_dynamic_task_mapping_with_no_taskflow_operators.py
[2023-12-05T17:48:34.131+0000] {processor.py:829} INFO - Processing file /usr/local/lib/python3.10/dist-packages/airflow/example_dags/example_dynamic_task_mapping_with_no_taskflow_operators.py for tasks to queue
[2023-12-05T17:48:34.132+0000] {logging_mixin.py:154} INFO - [2023-12-05T17:48:34.132+0000] {dagbag.py:536} INFO - Filling up the DagBag from /usr/local/lib/python3.10/dist-packages/airflow/example_dags/example_dynamic_task_mapping_with_no_taskflow_operators.py
[2023-12-05T17:48:34.140+0000] {processor.py:839} INFO - DAG(s) dict_keys(['example_dynamic_task_mapping_with_no_taskflow_operators']) retrieved from /usr/local/lib/python3.10/dist-packages/airflow/example_dags/example_dynamic_task_mapping_with_no_taskflow_operators.py
[2023-12-05T17:48:34.157+0000] {logging_mixin.py:154} INFO - [2023-12-05T17:48:34.156+0000] {dag.py:2941} INFO - Sync 1 DAGs
[2023-12-05T17:48:34.185+0000] {logging_mixin.py:154} INFO - [2023-12-05T17:48:34.184+0000] {dag.py:3722} INFO - Setting next_dagrun for example_dynamic_task_mapping_with_no_taskflow_operators to 2023-12-04T17:48:34.184449+00:00, run_after=2023-12-05T17:48:34.184449+00:00
[2023-12-05T17:48:34.215+0000] {processor.py:179} INFO - Processing /usr/local/lib/python3.10/dist-packages/airflow/example_dags/example_dynamic_task_mapping_with_no_taskflow_operators.py took 0.089 seconds
[2023-12-05T17:49:27.802+0000] {processor.py:157} INFO - Started process (PID=9693) to work on /usr/local/lib/python3.10/dist-packages/airflow/example_dags/example_dynamic_task_mapping_with_no_taskflow_operators.py
[2023-12-05T17:49:27.806+0000] {processor.py:829} INFO - Processing file /usr/local/lib/python3.10/dist-packages/airflow/example_dags/example_dynamic_task_mapping_with_no_taskflow_operators.py for tasks to queue
[2023-12-05T17:49:27.807+0000] {logging_mixin.py:154} INFO - [2023-12-05T17:49:27.807+0000] {dagbag.py:536} INFO - Filling up the DagBag from /usr/local/lib/python3.10/dist-packages/airflow/example_dags/example_dynamic_task_mapping_with_no_taskflow_operators.py
[2023-12-05T17:49:27.815+0000] {processor.py:839} INFO - DAG(s) dict_keys(['example_dynamic_task_mapping_with_no_taskflow_operators']) retrieved from /usr/local/lib/python3.10/dist-packages/airflow/example_dags/example_dynamic_task_mapping_with_no_taskflow_operators.py
[2023-12-05T17:49:27.831+0000] {logging_mixin.py:154} INFO - [2023-12-05T17:49:27.831+0000] {dag.py:2941} INFO - Sync 1 DAGs
[2023-12-05T17:49:27.861+0000] {logging_mixin.py:154} INFO - [2023-12-05T17:49:27.860+0000] {dag.py:3722} INFO - Setting next_dagrun for example_dynamic_task_mapping_with_no_taskflow_operators to 2023-12-04T17:49:27.860721+00:00, run_after=2023-12-05T17:49:27.860721+00:00
[2023-12-05T17:49:27.889+0000] {processor.py:179} INFO - Processing /usr/local/lib/python3.10/dist-packages/airflow/example_dags/example_dynamic_task_mapping_with_no_taskflow_operators.py took 0.093 seconds
[2023-12-05T17:50:21.958+0000] {processor.py:157} INFO - Started process (PID=9816) to work on /usr/local/lib/python3.10/dist-packages/airflow/example_dags/example_dynamic_task_mapping_with_no_taskflow_operators.py
[2023-12-05T17:50:21.961+0000] {processor.py:829} INFO - Processing file /usr/local/lib/python3.10/dist-packages/airflow/example_dags/example_dynamic_task_mapping_with_no_taskflow_operators.py for tasks to queue
[2023-12-05T17:50:21.962+0000] {logging_mixin.py:154} INFO - [2023-12-05T17:50:21.962+0000] {dagbag.py:536} INFO - Filling up the DagBag from /usr/local/lib/python3.10/dist-packages/airflow/example_dags/example_dynamic_task_mapping_with_no_taskflow_operators.py
[2023-12-05T17:50:21.971+0000] {processor.py:839} INFO - DAG(s) dict_keys(['example_dynamic_task_mapping_with_no_taskflow_operators']) retrieved from /usr/local/lib/python3.10/dist-packages/airflow/example_dags/example_dynamic_task_mapping_with_no_taskflow_operators.py
[2023-12-05T17:50:21.995+0000] {logging_mixin.py:154} INFO - [2023-12-05T17:50:21.994+0000] {dag.py:2941} INFO - Sync 1 DAGs
[2023-12-05T17:50:22.016+0000] {logging_mixin.py:154} INFO - [2023-12-05T17:50:22.016+0000] {dag.py:3722} INFO - Setting next_dagrun for example_dynamic_task_mapping_with_no_taskflow_operators to 2023-12-04T17:50:22.016292+00:00, run_after=2023-12-05T17:50:22.016292+00:00
[2023-12-05T17:50:22.040+0000] {processor.py:179} INFO - Processing /usr/local/lib/python3.10/dist-packages/airflow/example_dags/example_dynamic_task_mapping_with_no_taskflow_operators.py took 0.087 seconds
[2023-12-05T17:51:11.706+0000] {processor.py:157} INFO - Started process (PID=9993) to work on /usr/local/lib/python3.10/dist-packages/airflow/example_dags/example_dynamic_task_mapping_with_no_taskflow_operators.py
[2023-12-05T17:51:11.708+0000] {processor.py:829} INFO - Processing file /usr/local/lib/python3.10/dist-packages/airflow/example_dags/example_dynamic_task_mapping_with_no_taskflow_operators.py for tasks to queue
[2023-12-05T17:51:11.710+0000] {logging_mixin.py:154} INFO - [2023-12-05T17:51:11.709+0000] {dagbag.py:536} INFO - Filling up the DagBag from /usr/local/lib/python3.10/dist-packages/airflow/example_dags/example_dynamic_task_mapping_with_no_taskflow_operators.py
[2023-12-05T17:51:11.720+0000] {processor.py:839} INFO - DAG(s) dict_keys(['example_dynamic_task_mapping_with_no_taskflow_operators']) retrieved from /usr/local/lib/python3.10/dist-packages/airflow/example_dags/example_dynamic_task_mapping_with_no_taskflow_operators.py
[2023-12-05T17:51:11.739+0000] {logging_mixin.py:154} INFO - [2023-12-05T17:51:11.738+0000] {dag.py:2941} INFO - Sync 1 DAGs
[2023-12-05T17:51:11.769+0000] {logging_mixin.py:154} INFO - [2023-12-05T17:51:11.769+0000] {dag.py:3722} INFO - Setting next_dagrun for example_dynamic_task_mapping_with_no_taskflow_operators to 2023-12-04T17:51:11.769194+00:00, run_after=2023-12-05T17:51:11.769194+00:00
[2023-12-05T17:51:11.799+0000] {processor.py:179} INFO - Processing /usr/local/lib/python3.10/dist-packages/airflow/example_dags/example_dynamic_task_mapping_with_no_taskflow_operators.py took 0.097 seconds
[2023-12-05T17:52:05.572+0000] {processor.py:157} INFO - Started process (PID=10110) to work on /usr/local/lib/python3.10/dist-packages/airflow/example_dags/example_dynamic_task_mapping_with_no_taskflow_operators.py
[2023-12-05T17:52:05.574+0000] {processor.py:829} INFO - Processing file /usr/local/lib/python3.10/dist-packages/airflow/example_dags/example_dynamic_task_mapping_with_no_taskflow_operators.py for tasks to queue
[2023-12-05T17:52:05.575+0000] {logging_mixin.py:154} INFO - [2023-12-05T17:52:05.574+0000] {dagbag.py:536} INFO - Filling up the DagBag from /usr/local/lib/python3.10/dist-packages/airflow/example_dags/example_dynamic_task_mapping_with_no_taskflow_operators.py
[2023-12-05T17:52:05.585+0000] {processor.py:839} INFO - DAG(s) dict_keys(['example_dynamic_task_mapping_with_no_taskflow_operators']) retrieved from /usr/local/lib/python3.10/dist-packages/airflow/example_dags/example_dynamic_task_mapping_with_no_taskflow_operators.py
[2023-12-05T17:52:05.608+0000] {logging_mixin.py:154} INFO - [2023-12-05T17:52:05.608+0000] {dag.py:2941} INFO - Sync 1 DAGs
[2023-12-05T17:52:05.632+0000] {logging_mixin.py:154} INFO - [2023-12-05T17:52:05.632+0000] {dag.py:3722} INFO - Setting next_dagrun for example_dynamic_task_mapping_with_no_taskflow_operators to 2023-12-04T17:52:05.632307+00:00, run_after=2023-12-05T17:52:05.632307+00:00
[2023-12-05T17:52:05.675+0000] {processor.py:179} INFO - Processing /usr/local/lib/python3.10/dist-packages/airflow/example_dags/example_dynamic_task_mapping_with_no_taskflow_operators.py took 0.106 seconds
[2023-12-05T17:52:58.458+0000] {processor.py:157} INFO - Started process (PID=10169) to work on /usr/local/lib/python3.10/dist-packages/airflow/example_dags/example_dynamic_task_mapping_with_no_taskflow_operators.py
[2023-12-05T17:52:58.460+0000] {processor.py:829} INFO - Processing file /usr/local/lib/python3.10/dist-packages/airflow/example_dags/example_dynamic_task_mapping_with_no_taskflow_operators.py for tasks to queue
[2023-12-05T17:52:58.461+0000] {logging_mixin.py:154} INFO - [2023-12-05T17:52:58.460+0000] {dagbag.py:536} INFO - Filling up the DagBag from /usr/local/lib/python3.10/dist-packages/airflow/example_dags/example_dynamic_task_mapping_with_no_taskflow_operators.py
[2023-12-05T17:52:58.467+0000] {processor.py:839} INFO - DAG(s) dict_keys(['example_dynamic_task_mapping_with_no_taskflow_operators']) retrieved from /usr/local/lib/python3.10/dist-packages/airflow/example_dags/example_dynamic_task_mapping_with_no_taskflow_operators.py
[2023-12-05T17:52:58.483+0000] {logging_mixin.py:154} INFO - [2023-12-05T17:52:58.482+0000] {dag.py:2941} INFO - Sync 1 DAGs
[2023-12-05T17:52:58.502+0000] {logging_mixin.py:154} INFO - [2023-12-05T17:52:58.502+0000] {dag.py:3722} INFO - Setting next_dagrun for example_dynamic_task_mapping_with_no_taskflow_operators to 2023-12-04T17:52:58.502109+00:00, run_after=2023-12-05T17:52:58.502109+00:00
[2023-12-05T17:52:58.524+0000] {processor.py:179} INFO - Processing /usr/local/lib/python3.10/dist-packages/airflow/example_dags/example_dynamic_task_mapping_with_no_taskflow_operators.py took 0.069 seconds
[2023-12-05T17:53:49.219+0000] {processor.py:157} INFO - Started process (PID=10349) to work on /usr/local/lib/python3.10/dist-packages/airflow/example_dags/example_dynamic_task_mapping_with_no_taskflow_operators.py
[2023-12-05T17:53:49.220+0000] {processor.py:829} INFO - Processing file /usr/local/lib/python3.10/dist-packages/airflow/example_dags/example_dynamic_task_mapping_with_no_taskflow_operators.py for tasks to queue
[2023-12-05T17:53:49.221+0000] {logging_mixin.py:154} INFO - [2023-12-05T17:53:49.220+0000] {dagbag.py:536} INFO - Filling up the DagBag from /usr/local/lib/python3.10/dist-packages/airflow/example_dags/example_dynamic_task_mapping_with_no_taskflow_operators.py
[2023-12-05T17:53:49.228+0000] {processor.py:839} INFO - DAG(s) dict_keys(['example_dynamic_task_mapping_with_no_taskflow_operators']) retrieved from /usr/local/lib/python3.10/dist-packages/airflow/example_dags/example_dynamic_task_mapping_with_no_taskflow_operators.py
[2023-12-05T17:53:49.242+0000] {logging_mixin.py:154} INFO - [2023-12-05T17:53:49.242+0000] {dag.py:2941} INFO - Sync 1 DAGs
[2023-12-05T17:53:49.261+0000] {logging_mixin.py:154} INFO - [2023-12-05T17:53:49.260+0000] {dag.py:3722} INFO - Setting next_dagrun for example_dynamic_task_mapping_with_no_taskflow_operators to 2023-12-04T17:53:49.260664+00:00, run_after=2023-12-05T17:53:49.260664+00:00
[2023-12-05T17:53:49.283+0000] {processor.py:179} INFO - Processing /usr/local/lib/python3.10/dist-packages/airflow/example_dags/example_dynamic_task_mapping_with_no_taskflow_operators.py took 0.068 seconds
[2023-12-05T17:54:36.846+0000] {processor.py:157} INFO - Started process (PID=10465) to work on /usr/local/lib/python3.10/dist-packages/airflow/example_dags/example_dynamic_task_mapping_with_no_taskflow_operators.py
[2023-12-05T17:54:36.848+0000] {processor.py:829} INFO - Processing file /usr/local/lib/python3.10/dist-packages/airflow/example_dags/example_dynamic_task_mapping_with_no_taskflow_operators.py for tasks to queue
[2023-12-05T17:54:36.851+0000] {logging_mixin.py:154} INFO - [2023-12-05T17:54:36.850+0000] {dagbag.py:536} INFO - Filling up the DagBag from /usr/local/lib/python3.10/dist-packages/airflow/example_dags/example_dynamic_task_mapping_with_no_taskflow_operators.py
[2023-12-05T17:54:36.869+0000] {processor.py:839} INFO - DAG(s) dict_keys(['example_dynamic_task_mapping_with_no_taskflow_operators']) retrieved from /usr/local/lib/python3.10/dist-packages/airflow/example_dags/example_dynamic_task_mapping_with_no_taskflow_operators.py
[2023-12-05T17:54:36.914+0000] {logging_mixin.py:154} INFO - [2023-12-05T17:54:36.914+0000] {dag.py:2941} INFO - Sync 1 DAGs
[2023-12-05T17:54:36.958+0000] {logging_mixin.py:154} INFO - [2023-12-05T17:54:36.958+0000] {dag.py:3722} INFO - Setting next_dagrun for example_dynamic_task_mapping_with_no_taskflow_operators to 2023-12-04T17:54:36.957980+00:00, run_after=2023-12-05T17:54:36.957980+00:00
[2023-12-05T17:54:36.987+0000] {processor.py:179} INFO - Processing /usr/local/lib/python3.10/dist-packages/airflow/example_dags/example_dynamic_task_mapping_with_no_taskflow_operators.py took 0.145 seconds
[2023-12-05T17:55:31.675+0000] {processor.py:157} INFO - Started process (PID=10585) to work on /usr/local/lib/python3.10/dist-packages/airflow/example_dags/example_dynamic_task_mapping_with_no_taskflow_operators.py
[2023-12-05T17:55:31.677+0000] {processor.py:829} INFO - Processing file /usr/local/lib/python3.10/dist-packages/airflow/example_dags/example_dynamic_task_mapping_with_no_taskflow_operators.py for tasks to queue
[2023-12-05T17:55:31.678+0000] {logging_mixin.py:154} INFO - [2023-12-05T17:55:31.677+0000] {dagbag.py:536} INFO - Filling up the DagBag from /usr/local/lib/python3.10/dist-packages/airflow/example_dags/example_dynamic_task_mapping_with_no_taskflow_operators.py
[2023-12-05T17:55:31.687+0000] {processor.py:839} INFO - DAG(s) dict_keys(['example_dynamic_task_mapping_with_no_taskflow_operators']) retrieved from /usr/local/lib/python3.10/dist-packages/airflow/example_dags/example_dynamic_task_mapping_with_no_taskflow_operators.py
[2023-12-05T17:55:31.706+0000] {logging_mixin.py:154} INFO - [2023-12-05T17:55:31.706+0000] {dag.py:2941} INFO - Sync 1 DAGs
[2023-12-05T17:55:31.732+0000] {logging_mixin.py:154} INFO - [2023-12-05T17:55:31.731+0000] {dag.py:3722} INFO - Setting next_dagrun for example_dynamic_task_mapping_with_no_taskflow_operators to 2023-12-04T17:55:31.731733+00:00, run_after=2023-12-05T17:55:31.731733+00:00
[2023-12-05T17:55:31.763+0000] {processor.py:179} INFO - Processing /usr/local/lib/python3.10/dist-packages/airflow/example_dags/example_dynamic_task_mapping_with_no_taskflow_operators.py took 0.091 seconds
[2023-12-05T17:56:21.351+0000] {processor.py:157} INFO - Started process (PID=10764) to work on /usr/local/lib/python3.10/dist-packages/airflow/example_dags/example_dynamic_task_mapping_with_no_taskflow_operators.py
[2023-12-05T17:56:21.352+0000] {processor.py:829} INFO - Processing file /usr/local/lib/python3.10/dist-packages/airflow/example_dags/example_dynamic_task_mapping_with_no_taskflow_operators.py for tasks to queue
[2023-12-05T17:56:21.353+0000] {logging_mixin.py:154} INFO - [2023-12-05T17:56:21.353+0000] {dagbag.py:536} INFO - Filling up the DagBag from /usr/local/lib/python3.10/dist-packages/airflow/example_dags/example_dynamic_task_mapping_with_no_taskflow_operators.py
[2023-12-05T17:56:21.361+0000] {processor.py:839} INFO - DAG(s) dict_keys(['example_dynamic_task_mapping_with_no_taskflow_operators']) retrieved from /usr/local/lib/python3.10/dist-packages/airflow/example_dags/example_dynamic_task_mapping_with_no_taskflow_operators.py
[2023-12-05T17:56:21.377+0000] {logging_mixin.py:154} INFO - [2023-12-05T17:56:21.377+0000] {dag.py:2941} INFO - Sync 1 DAGs
[2023-12-05T17:56:21.398+0000] {logging_mixin.py:154} INFO - [2023-12-05T17:56:21.398+0000] {dag.py:3722} INFO - Setting next_dagrun for example_dynamic_task_mapping_with_no_taskflow_operators to 2023-12-04T17:56:21.397856+00:00, run_after=2023-12-05T17:56:21.397856+00:00
[2023-12-05T17:56:21.422+0000] {processor.py:179} INFO - Processing /usr/local/lib/python3.10/dist-packages/airflow/example_dags/example_dynamic_task_mapping_with_no_taskflow_operators.py took 0.074 seconds
[2023-12-05T17:57:15.920+0000] {processor.py:157} INFO - Started process (PID=10887) to work on /usr/local/lib/python3.10/dist-packages/airflow/example_dags/example_dynamic_task_mapping_with_no_taskflow_operators.py
[2023-12-05T17:57:15.922+0000] {processor.py:829} INFO - Processing file /usr/local/lib/python3.10/dist-packages/airflow/example_dags/example_dynamic_task_mapping_with_no_taskflow_operators.py for tasks to queue
[2023-12-05T17:57:15.923+0000] {logging_mixin.py:154} INFO - [2023-12-05T17:57:15.923+0000] {dagbag.py:536} INFO - Filling up the DagBag from /usr/local/lib/python3.10/dist-packages/airflow/example_dags/example_dynamic_task_mapping_with_no_taskflow_operators.py
[2023-12-05T17:57:15.931+0000] {processor.py:839} INFO - DAG(s) dict_keys(['example_dynamic_task_mapping_with_no_taskflow_operators']) retrieved from /usr/local/lib/python3.10/dist-packages/airflow/example_dags/example_dynamic_task_mapping_with_no_taskflow_operators.py
[2023-12-05T17:57:15.949+0000] {logging_mixin.py:154} INFO - [2023-12-05T17:57:15.948+0000] {dag.py:2941} INFO - Sync 1 DAGs
[2023-12-05T17:57:15.974+0000] {logging_mixin.py:154} INFO - [2023-12-05T17:57:15.974+0000] {dag.py:3722} INFO - Setting next_dagrun for example_dynamic_task_mapping_with_no_taskflow_operators to 2023-12-04T17:57:15.973853+00:00, run_after=2023-12-05T17:57:15.973853+00:00
[2023-12-05T17:57:16.002+0000] {processor.py:179} INFO - Processing /usr/local/lib/python3.10/dist-packages/airflow/example_dags/example_dynamic_task_mapping_with_no_taskflow_operators.py took 0.086 seconds
[2023-12-05T17:58:12.964+0000] {processor.py:157} INFO - Started process (PID=11014) to work on /usr/local/lib/python3.10/dist-packages/airflow/example_dags/example_dynamic_task_mapping_with_no_taskflow_operators.py
[2023-12-05T17:58:12.967+0000] {processor.py:829} INFO - Processing file /usr/local/lib/python3.10/dist-packages/airflow/example_dags/example_dynamic_task_mapping_with_no_taskflow_operators.py for tasks to queue
[2023-12-05T17:58:12.972+0000] {logging_mixin.py:154} INFO - [2023-12-05T17:58:12.968+0000] {dagbag.py:536} INFO - Filling up the DagBag from /usr/local/lib/python3.10/dist-packages/airflow/example_dags/example_dynamic_task_mapping_with_no_taskflow_operators.py
[2023-12-05T17:58:12.990+0000] {processor.py:839} INFO - DAG(s) dict_keys(['example_dynamic_task_mapping_with_no_taskflow_operators']) retrieved from /usr/local/lib/python3.10/dist-packages/airflow/example_dags/example_dynamic_task_mapping_with_no_taskflow_operators.py
[2023-12-05T17:58:13.023+0000] {logging_mixin.py:154} INFO - [2023-12-05T17:58:13.022+0000] {dag.py:2941} INFO - Sync 1 DAGs
[2023-12-05T17:58:13.071+0000] {logging_mixin.py:154} INFO - [2023-12-05T17:58:13.071+0000] {dag.py:3722} INFO - Setting next_dagrun for example_dynamic_task_mapping_with_no_taskflow_operators to 2023-12-04T17:58:13.071013+00:00, run_after=2023-12-05T17:58:13.071013+00:00
[2023-12-05T17:58:13.107+0000] {processor.py:179} INFO - Processing /usr/local/lib/python3.10/dist-packages/airflow/example_dags/example_dynamic_task_mapping_with_no_taskflow_operators.py took 0.148 seconds
[2023-12-05T17:59:02.753+0000] {processor.py:157} INFO - Started process (PID=11071) to work on /usr/local/lib/python3.10/dist-packages/airflow/example_dags/example_dynamic_task_mapping_with_no_taskflow_operators.py
[2023-12-05T17:59:02.754+0000] {processor.py:829} INFO - Processing file /usr/local/lib/python3.10/dist-packages/airflow/example_dags/example_dynamic_task_mapping_with_no_taskflow_operators.py for tasks to queue
[2023-12-05T17:59:02.755+0000] {logging_mixin.py:154} INFO - [2023-12-05T17:59:02.755+0000] {dagbag.py:536} INFO - Filling up the DagBag from /usr/local/lib/python3.10/dist-packages/airflow/example_dags/example_dynamic_task_mapping_with_no_taskflow_operators.py
[2023-12-05T17:59:02.762+0000] {processor.py:839} INFO - DAG(s) dict_keys(['example_dynamic_task_mapping_with_no_taskflow_operators']) retrieved from /usr/local/lib/python3.10/dist-packages/airflow/example_dags/example_dynamic_task_mapping_with_no_taskflow_operators.py
[2023-12-05T17:59:02.776+0000] {logging_mixin.py:154} INFO - [2023-12-05T17:59:02.776+0000] {dag.py:2941} INFO - Sync 1 DAGs
[2023-12-05T17:59:02.795+0000] {logging_mixin.py:154} INFO - [2023-12-05T17:59:02.795+0000] {dag.py:3722} INFO - Setting next_dagrun for example_dynamic_task_mapping_with_no_taskflow_operators to 2023-12-04T17:59:02.794845+00:00, run_after=2023-12-05T17:59:02.794845+00:00
[2023-12-05T17:59:02.817+0000] {processor.py:179} INFO - Processing /usr/local/lib/python3.10/dist-packages/airflow/example_dags/example_dynamic_task_mapping_with_no_taskflow_operators.py took 0.067 seconds
[2023-12-05T17:59:58.689+0000] {processor.py:157} INFO - Started process (PID=11194) to work on /usr/local/lib/python3.10/dist-packages/airflow/example_dags/example_dynamic_task_mapping_with_no_taskflow_operators.py
[2023-12-05T17:59:58.691+0000] {processor.py:829} INFO - Processing file /usr/local/lib/python3.10/dist-packages/airflow/example_dags/example_dynamic_task_mapping_with_no_taskflow_operators.py for tasks to queue
[2023-12-05T17:59:58.691+0000] {logging_mixin.py:154} INFO - [2023-12-05T17:59:58.691+0000] {dagbag.py:536} INFO - Filling up the DagBag from /usr/local/lib/python3.10/dist-packages/airflow/example_dags/example_dynamic_task_mapping_with_no_taskflow_operators.py
[2023-12-05T17:59:58.701+0000] {processor.py:839} INFO - DAG(s) dict_keys(['example_dynamic_task_mapping_with_no_taskflow_operators']) retrieved from /usr/local/lib/python3.10/dist-packages/airflow/example_dags/example_dynamic_task_mapping_with_no_taskflow_operators.py
[2023-12-05T17:59:58.746+0000] {logging_mixin.py:154} INFO - [2023-12-05T17:59:58.746+0000] {dag.py:2941} INFO - Sync 1 DAGs
[2023-12-05T17:59:58.780+0000] {logging_mixin.py:154} INFO - [2023-12-05T17:59:58.779+0000] {dag.py:3722} INFO - Setting next_dagrun for example_dynamic_task_mapping_with_no_taskflow_operators to 2023-12-04T17:59:58.779588+00:00, run_after=2023-12-05T17:59:58.779588+00:00
[2023-12-05T17:59:58.804+0000] {processor.py:179} INFO - Processing /usr/local/lib/python3.10/dist-packages/airflow/example_dags/example_dynamic_task_mapping_with_no_taskflow_operators.py took 0.119 seconds
[2023-12-05T18:00:46.731+0000] {processor.py:157} INFO - Started process (PID=11312) to work on /usr/local/lib/python3.10/dist-packages/airflow/example_dags/example_dynamic_task_mapping_with_no_taskflow_operators.py
[2023-12-05T18:00:46.735+0000] {processor.py:829} INFO - Processing file /usr/local/lib/python3.10/dist-packages/airflow/example_dags/example_dynamic_task_mapping_with_no_taskflow_operators.py for tasks to queue
[2023-12-05T18:00:46.736+0000] {logging_mixin.py:154} INFO - [2023-12-05T18:00:46.736+0000] {dagbag.py:536} INFO - Filling up the DagBag from /usr/local/lib/python3.10/dist-packages/airflow/example_dags/example_dynamic_task_mapping_with_no_taskflow_operators.py
[2023-12-05T18:00:46.754+0000] {processor.py:839} INFO - DAG(s) dict_keys(['example_dynamic_task_mapping_with_no_taskflow_operators']) retrieved from /usr/local/lib/python3.10/dist-packages/airflow/example_dags/example_dynamic_task_mapping_with_no_taskflow_operators.py
[2023-12-05T18:00:46.787+0000] {logging_mixin.py:154} INFO - [2023-12-05T18:00:46.786+0000] {dag.py:2941} INFO - Sync 1 DAGs
[2023-12-05T18:00:46.807+0000] {logging_mixin.py:154} INFO - [2023-12-05T18:00:46.807+0000] {dag.py:3722} INFO - Setting next_dagrun for example_dynamic_task_mapping_with_no_taskflow_operators to 2023-12-04T18:00:46.807302+00:00, run_after=2023-12-05T18:00:46.807302+00:00
[2023-12-05T18:00:46.832+0000] {processor.py:179} INFO - Processing /usr/local/lib/python3.10/dist-packages/airflow/example_dags/example_dynamic_task_mapping_with_no_taskflow_operators.py took 0.107 seconds
[2023-12-05T18:01:33.477+0000] {processor.py:157} INFO - Started process (PID=11486) to work on /usr/local/lib/python3.10/dist-packages/airflow/example_dags/example_dynamic_task_mapping_with_no_taskflow_operators.py
[2023-12-05T18:01:33.479+0000] {processor.py:829} INFO - Processing file /usr/local/lib/python3.10/dist-packages/airflow/example_dags/example_dynamic_task_mapping_with_no_taskflow_operators.py for tasks to queue
[2023-12-05T18:01:33.480+0000] {logging_mixin.py:154} INFO - [2023-12-05T18:01:33.480+0000] {dagbag.py:536} INFO - Filling up the DagBag from /usr/local/lib/python3.10/dist-packages/airflow/example_dags/example_dynamic_task_mapping_with_no_taskflow_operators.py
[2023-12-05T18:01:33.489+0000] {processor.py:839} INFO - DAG(s) dict_keys(['example_dynamic_task_mapping_with_no_taskflow_operators']) retrieved from /usr/local/lib/python3.10/dist-packages/airflow/example_dags/example_dynamic_task_mapping_with_no_taskflow_operators.py
[2023-12-05T18:01:33.515+0000] {logging_mixin.py:154} INFO - [2023-12-05T18:01:33.514+0000] {dag.py:2941} INFO - Sync 1 DAGs
[2023-12-05T18:01:33.542+0000] {logging_mixin.py:154} INFO - [2023-12-05T18:01:33.542+0000] {dag.py:3722} INFO - Setting next_dagrun for example_dynamic_task_mapping_with_no_taskflow_operators to 2023-12-04T18:01:33.541918+00:00, run_after=2023-12-05T18:01:33.541918+00:00
[2023-12-05T18:01:33.568+0000] {processor.py:179} INFO - Processing /usr/local/lib/python3.10/dist-packages/airflow/example_dags/example_dynamic_task_mapping_with_no_taskflow_operators.py took 0.094 seconds
[2023-12-05T18:02:22.241+0000] {processor.py:157} INFO - Started process (PID=11603) to work on /usr/local/lib/python3.10/dist-packages/airflow/example_dags/example_dynamic_task_mapping_with_no_taskflow_operators.py
[2023-12-05T18:02:22.242+0000] {processor.py:829} INFO - Processing file /usr/local/lib/python3.10/dist-packages/airflow/example_dags/example_dynamic_task_mapping_with_no_taskflow_operators.py for tasks to queue
[2023-12-05T18:02:22.243+0000] {logging_mixin.py:154} INFO - [2023-12-05T18:02:22.243+0000] {dagbag.py:536} INFO - Filling up the DagBag from /usr/local/lib/python3.10/dist-packages/airflow/example_dags/example_dynamic_task_mapping_with_no_taskflow_operators.py
[2023-12-05T18:02:22.250+0000] {processor.py:839} INFO - DAG(s) dict_keys(['example_dynamic_task_mapping_with_no_taskflow_operators']) retrieved from /usr/local/lib/python3.10/dist-packages/airflow/example_dags/example_dynamic_task_mapping_with_no_taskflow_operators.py
[2023-12-05T18:02:22.266+0000] {logging_mixin.py:154} INFO - [2023-12-05T18:02:22.266+0000] {dag.py:2941} INFO - Sync 1 DAGs
[2023-12-05T18:02:22.286+0000] {logging_mixin.py:154} INFO - [2023-12-05T18:02:22.286+0000] {dag.py:3722} INFO - Setting next_dagrun for example_dynamic_task_mapping_with_no_taskflow_operators to 2023-12-04T18:02:22.286349+00:00, run_after=2023-12-05T18:02:22.286349+00:00
[2023-12-05T18:02:22.314+0000] {processor.py:179} INFO - Processing /usr/local/lib/python3.10/dist-packages/airflow/example_dags/example_dynamic_task_mapping_with_no_taskflow_operators.py took 0.076 seconds
[2023-12-05T18:03:16.734+0000] {processor.py:157} INFO - Started process (PID=11726) to work on /usr/local/lib/python3.10/dist-packages/airflow/example_dags/example_dynamic_task_mapping_with_no_taskflow_operators.py
[2023-12-05T18:03:16.736+0000] {processor.py:829} INFO - Processing file /usr/local/lib/python3.10/dist-packages/airflow/example_dags/example_dynamic_task_mapping_with_no_taskflow_operators.py for tasks to queue
[2023-12-05T18:03:16.737+0000] {logging_mixin.py:154} INFO - [2023-12-05T18:03:16.737+0000] {dagbag.py:536} INFO - Filling up the DagBag from /usr/local/lib/python3.10/dist-packages/airflow/example_dags/example_dynamic_task_mapping_with_no_taskflow_operators.py
[2023-12-05T18:03:16.745+0000] {processor.py:839} INFO - DAG(s) dict_keys(['example_dynamic_task_mapping_with_no_taskflow_operators']) retrieved from /usr/local/lib/python3.10/dist-packages/airflow/example_dags/example_dynamic_task_mapping_with_no_taskflow_operators.py
[2023-12-05T18:03:16.762+0000] {logging_mixin.py:154} INFO - [2023-12-05T18:03:16.761+0000] {dag.py:2941} INFO - Sync 1 DAGs
[2023-12-05T18:03:16.785+0000] {logging_mixin.py:154} INFO - [2023-12-05T18:03:16.785+0000] {dag.py:3722} INFO - Setting next_dagrun for example_dynamic_task_mapping_with_no_taskflow_operators to 2023-12-04T18:03:16.783862+00:00, run_after=2023-12-05T18:03:16.783862+00:00
[2023-12-05T18:03:16.810+0000] {processor.py:179} INFO - Processing /usr/local/lib/python3.10/dist-packages/airflow/example_dags/example_dynamic_task_mapping_with_no_taskflow_operators.py took 0.079 seconds
[2023-12-05T18:04:04.640+0000] {processor.py:157} INFO - Started process (PID=11782) to work on /usr/local/lib/python3.10/dist-packages/airflow/example_dags/example_dynamic_task_mapping_with_no_taskflow_operators.py
[2023-12-05T18:04:04.641+0000] {processor.py:829} INFO - Processing file /usr/local/lib/python3.10/dist-packages/airflow/example_dags/example_dynamic_task_mapping_with_no_taskflow_operators.py for tasks to queue
[2023-12-05T18:04:04.642+0000] {logging_mixin.py:154} INFO - [2023-12-05T18:04:04.642+0000] {dagbag.py:536} INFO - Filling up the DagBag from /usr/local/lib/python3.10/dist-packages/airflow/example_dags/example_dynamic_task_mapping_with_no_taskflow_operators.py
[2023-12-05T18:04:04.649+0000] {processor.py:839} INFO - DAG(s) dict_keys(['example_dynamic_task_mapping_with_no_taskflow_operators']) retrieved from /usr/local/lib/python3.10/dist-packages/airflow/example_dags/example_dynamic_task_mapping_with_no_taskflow_operators.py
[2023-12-05T18:04:04.671+0000] {logging_mixin.py:154} INFO - [2023-12-05T18:04:04.671+0000] {dag.py:2941} INFO - Sync 1 DAGs
[2023-12-05T18:04:04.691+0000] {logging_mixin.py:154} INFO - [2023-12-05T18:04:04.691+0000] {dag.py:3722} INFO - Setting next_dagrun for example_dynamic_task_mapping_with_no_taskflow_operators to 2023-12-04T18:04:04.691322+00:00, run_after=2023-12-05T18:04:04.691322+00:00
[2023-12-05T18:04:04.720+0000] {processor.py:179} INFO - Processing /usr/local/lib/python3.10/dist-packages/airflow/example_dags/example_dynamic_task_mapping_with_no_taskflow_operators.py took 0.084 seconds
[2023-12-05T18:04:56.280+0000] {processor.py:157} INFO - Started process (PID=12256) to work on /usr/local/lib/python3.10/dist-packages/airflow/example_dags/example_dynamic_task_mapping_with_no_taskflow_operators.py
[2023-12-05T18:04:56.282+0000] {processor.py:829} INFO - Processing file /usr/local/lib/python3.10/dist-packages/airflow/example_dags/example_dynamic_task_mapping_with_no_taskflow_operators.py for tasks to queue
[2023-12-05T18:04:56.283+0000] {logging_mixin.py:154} INFO - [2023-12-05T18:04:56.283+0000] {dagbag.py:536} INFO - Filling up the DagBag from /usr/local/lib/python3.10/dist-packages/airflow/example_dags/example_dynamic_task_mapping_with_no_taskflow_operators.py
[2023-12-05T18:04:56.291+0000] {processor.py:839} INFO - DAG(s) dict_keys(['example_dynamic_task_mapping_with_no_taskflow_operators']) retrieved from /usr/local/lib/python3.10/dist-packages/airflow/example_dags/example_dynamic_task_mapping_with_no_taskflow_operators.py
[2023-12-05T18:04:56.309+0000] {logging_mixin.py:154} INFO - [2023-12-05T18:04:56.309+0000] {dag.py:2941} INFO - Sync 1 DAGs
[2023-12-05T18:04:56.336+0000] {logging_mixin.py:154} INFO - [2023-12-05T18:04:56.336+0000] {dag.py:3722} INFO - Setting next_dagrun for example_dynamic_task_mapping_with_no_taskflow_operators to 2023-12-04T18:04:56.336477+00:00, run_after=2023-12-05T18:04:56.336477+00:00
[2023-12-05T18:04:56.360+0000] {processor.py:179} INFO - Processing /usr/local/lib/python3.10/dist-packages/airflow/example_dags/example_dynamic_task_mapping_with_no_taskflow_operators.py took 0.083 seconds
[2023-12-05T18:05:47.968+0000] {processor.py:157} INFO - Started process (PID=12531) to work on /usr/local/lib/python3.10/dist-packages/airflow/example_dags/example_dynamic_task_mapping_with_no_taskflow_operators.py
[2023-12-05T18:05:47.970+0000] {processor.py:829} INFO - Processing file /usr/local/lib/python3.10/dist-packages/airflow/example_dags/example_dynamic_task_mapping_with_no_taskflow_operators.py for tasks to queue
[2023-12-05T18:05:47.971+0000] {logging_mixin.py:154} INFO - [2023-12-05T18:05:47.970+0000] {dagbag.py:536} INFO - Filling up the DagBag from /usr/local/lib/python3.10/dist-packages/airflow/example_dags/example_dynamic_task_mapping_with_no_taskflow_operators.py
[2023-12-05T18:05:47.980+0000] {processor.py:839} INFO - DAG(s) dict_keys(['example_dynamic_task_mapping_with_no_taskflow_operators']) retrieved from /usr/local/lib/python3.10/dist-packages/airflow/example_dags/example_dynamic_task_mapping_with_no_taskflow_operators.py
[2023-12-05T18:05:48.020+0000] {logging_mixin.py:154} INFO - [2023-12-05T18:05:48.019+0000] {dag.py:2941} INFO - Sync 1 DAGs
[2023-12-05T18:05:48.047+0000] {logging_mixin.py:154} INFO - [2023-12-05T18:05:48.046+0000] {dag.py:3722} INFO - Setting next_dagrun for example_dynamic_task_mapping_with_no_taskflow_operators to 2023-12-04T18:05:48.046681+00:00, run_after=2023-12-05T18:05:48.046681+00:00
[2023-12-05T18:05:48.073+0000] {processor.py:179} INFO - Processing /usr/local/lib/python3.10/dist-packages/airflow/example_dags/example_dynamic_task_mapping_with_no_taskflow_operators.py took 0.111 seconds
[2023-12-05T18:06:39.673+0000] {processor.py:157} INFO - Started process (PID=12774) to work on /usr/local/lib/python3.10/dist-packages/airflow/example_dags/example_dynamic_task_mapping_with_no_taskflow_operators.py
[2023-12-05T18:06:39.675+0000] {processor.py:829} INFO - Processing file /usr/local/lib/python3.10/dist-packages/airflow/example_dags/example_dynamic_task_mapping_with_no_taskflow_operators.py for tasks to queue
[2023-12-05T18:06:39.676+0000] {logging_mixin.py:154} INFO - [2023-12-05T18:06:39.676+0000] {dagbag.py:536} INFO - Filling up the DagBag from /usr/local/lib/python3.10/dist-packages/airflow/example_dags/example_dynamic_task_mapping_with_no_taskflow_operators.py
[2023-12-05T18:06:39.686+0000] {processor.py:839} INFO - DAG(s) dict_keys(['example_dynamic_task_mapping_with_no_taskflow_operators']) retrieved from /usr/local/lib/python3.10/dist-packages/airflow/example_dags/example_dynamic_task_mapping_with_no_taskflow_operators.py
[2023-12-05T18:06:39.709+0000] {logging_mixin.py:154} INFO - [2023-12-05T18:06:39.708+0000] {dag.py:2941} INFO - Sync 1 DAGs
[2023-12-05T18:06:39.742+0000] {logging_mixin.py:154} INFO - [2023-12-05T18:06:39.742+0000] {dag.py:3722} INFO - Setting next_dagrun for example_dynamic_task_mapping_with_no_taskflow_operators to 2023-12-04T18:06:39.741848+00:00, run_after=2023-12-05T18:06:39.741848+00:00
[2023-12-05T18:06:39.774+0000] {processor.py:179} INFO - Processing /usr/local/lib/python3.10/dist-packages/airflow/example_dags/example_dynamic_task_mapping_with_no_taskflow_operators.py took 0.105 seconds
[2023-12-05T18:07:36.631+0000] {processor.py:157} INFO - Started process (PID=13075) to work on /usr/local/lib/python3.10/dist-packages/airflow/example_dags/example_dynamic_task_mapping_with_no_taskflow_operators.py
[2023-12-05T18:07:36.632+0000] {processor.py:829} INFO - Processing file /usr/local/lib/python3.10/dist-packages/airflow/example_dags/example_dynamic_task_mapping_with_no_taskflow_operators.py for tasks to queue
[2023-12-05T18:07:36.633+0000] {logging_mixin.py:154} INFO - [2023-12-05T18:07:36.633+0000] {dagbag.py:536} INFO - Filling up the DagBag from /usr/local/lib/python3.10/dist-packages/airflow/example_dags/example_dynamic_task_mapping_with_no_taskflow_operators.py
[2023-12-05T18:07:36.641+0000] {processor.py:839} INFO - DAG(s) dict_keys(['example_dynamic_task_mapping_with_no_taskflow_operators']) retrieved from /usr/local/lib/python3.10/dist-packages/airflow/example_dags/example_dynamic_task_mapping_with_no_taskflow_operators.py
[2023-12-05T18:07:36.659+0000] {logging_mixin.py:154} INFO - [2023-12-05T18:07:36.659+0000] {dag.py:2941} INFO - Sync 1 DAGs
[2023-12-05T18:07:36.678+0000] {logging_mixin.py:154} INFO - [2023-12-05T18:07:36.678+0000] {dag.py:3722} INFO - Setting next_dagrun for example_dynamic_task_mapping_with_no_taskflow_operators to 2023-12-04T18:07:36.678125+00:00, run_after=2023-12-05T18:07:36.678125+00:00
[2023-12-05T18:07:36.700+0000] {processor.py:179} INFO - Processing /usr/local/lib/python3.10/dist-packages/airflow/example_dags/example_dynamic_task_mapping_with_no_taskflow_operators.py took 0.073 seconds
[2023-12-05T18:08:19.705+0000] {processor.py:157} INFO - Started process (PID=13191) to work on /usr/local/lib/python3.10/dist-packages/airflow/example_dags/example_dynamic_task_mapping_with_no_taskflow_operators.py
[2023-12-05T18:08:19.710+0000] {processor.py:829} INFO - Processing file /usr/local/lib/python3.10/dist-packages/airflow/example_dags/example_dynamic_task_mapping_with_no_taskflow_operators.py for tasks to queue
[2023-12-05T18:08:19.711+0000] {logging_mixin.py:154} INFO - [2023-12-05T18:08:19.710+0000] {dagbag.py:536} INFO - Filling up the DagBag from /usr/local/lib/python3.10/dist-packages/airflow/example_dags/example_dynamic_task_mapping_with_no_taskflow_operators.py
[2023-12-05T18:08:19.721+0000] {processor.py:839} INFO - DAG(s) dict_keys(['example_dynamic_task_mapping_with_no_taskflow_operators']) retrieved from /usr/local/lib/python3.10/dist-packages/airflow/example_dags/example_dynamic_task_mapping_with_no_taskflow_operators.py
[2023-12-05T18:08:19.743+0000] {logging_mixin.py:154} INFO - [2023-12-05T18:08:19.742+0000] {dag.py:2941} INFO - Sync 1 DAGs
[2023-12-05T18:08:19.782+0000] {logging_mixin.py:154} INFO - [2023-12-05T18:08:19.782+0000] {dag.py:3722} INFO - Setting next_dagrun for example_dynamic_task_mapping_with_no_taskflow_operators to 2023-12-04T18:08:19.781790+00:00, run_after=2023-12-05T18:08:19.781790+00:00
[2023-12-05T18:08:19.812+0000] {processor.py:179} INFO - Processing /usr/local/lib/python3.10/dist-packages/airflow/example_dags/example_dynamic_task_mapping_with_no_taskflow_operators.py took 0.117 seconds
[2023-12-05T18:09:10.575+0000] {processor.py:157} INFO - Started process (PID=13614) to work on /usr/local/lib/python3.10/dist-packages/airflow/example_dags/example_dynamic_task_mapping_with_no_taskflow_operators.py
[2023-12-05T18:09:10.576+0000] {processor.py:829} INFO - Processing file /usr/local/lib/python3.10/dist-packages/airflow/example_dags/example_dynamic_task_mapping_with_no_taskflow_operators.py for tasks to queue
[2023-12-05T18:09:10.577+0000] {logging_mixin.py:154} INFO - [2023-12-05T18:09:10.576+0000] {dagbag.py:536} INFO - Filling up the DagBag from /usr/local/lib/python3.10/dist-packages/airflow/example_dags/example_dynamic_task_mapping_with_no_taskflow_operators.py
[2023-12-05T18:09:10.586+0000] {processor.py:839} INFO - DAG(s) dict_keys(['example_dynamic_task_mapping_with_no_taskflow_operators']) retrieved from /usr/local/lib/python3.10/dist-packages/airflow/example_dags/example_dynamic_task_mapping_with_no_taskflow_operators.py
[2023-12-05T18:09:10.604+0000] {logging_mixin.py:154} INFO - [2023-12-05T18:09:10.604+0000] {dag.py:2941} INFO - Sync 1 DAGs
[2023-12-05T18:09:10.628+0000] {logging_mixin.py:154} INFO - [2023-12-05T18:09:10.628+0000] {dag.py:3722} INFO - Setting next_dagrun for example_dynamic_task_mapping_with_no_taskflow_operators to 2023-12-04T18:09:10.627863+00:00, run_after=2023-12-05T18:09:10.627863+00:00
[2023-12-05T18:09:10.655+0000] {processor.py:179} INFO - Processing /usr/local/lib/python3.10/dist-packages/airflow/example_dags/example_dynamic_task_mapping_with_no_taskflow_operators.py took 0.085 seconds
[2023-12-05T18:10:00.347+0000] {processor.py:157} INFO - Started process (PID=13670) to work on /usr/local/lib/python3.10/dist-packages/airflow/example_dags/example_dynamic_task_mapping_with_no_taskflow_operators.py
[2023-12-05T18:10:00.349+0000] {processor.py:829} INFO - Processing file /usr/local/lib/python3.10/dist-packages/airflow/example_dags/example_dynamic_task_mapping_with_no_taskflow_operators.py for tasks to queue
[2023-12-05T18:10:00.350+0000] {logging_mixin.py:154} INFO - [2023-12-05T18:10:00.349+0000] {dagbag.py:536} INFO - Filling up the DagBag from /usr/local/lib/python3.10/dist-packages/airflow/example_dags/example_dynamic_task_mapping_with_no_taskflow_operators.py
[2023-12-05T18:10:00.373+0000] {processor.py:839} INFO - DAG(s) dict_keys(['example_dynamic_task_mapping_with_no_taskflow_operators']) retrieved from /usr/local/lib/python3.10/dist-packages/airflow/example_dags/example_dynamic_task_mapping_with_no_taskflow_operators.py
[2023-12-05T18:10:00.399+0000] {logging_mixin.py:154} INFO - [2023-12-05T18:10:00.399+0000] {dag.py:2941} INFO - Sync 1 DAGs
[2023-12-05T18:10:00.426+0000] {logging_mixin.py:154} INFO - [2023-12-05T18:10:00.426+0000] {dag.py:3722} INFO - Setting next_dagrun for example_dynamic_task_mapping_with_no_taskflow_operators to 2023-12-04T18:10:00.426220+00:00, run_after=2023-12-05T18:10:00.426220+00:00
[2023-12-05T18:10:00.450+0000] {processor.py:179} INFO - Processing /usr/local/lib/python3.10/dist-packages/airflow/example_dags/example_dynamic_task_mapping_with_no_taskflow_operators.py took 0.109 seconds
