[2023-12-05T17:46:44.951+0000] {processor.py:157} INFO - Started process (PID=9278) to work on /usr/local/lib/python3.10/dist-packages/airflow/example_dags/example_external_task_marker_dag.py
[2023-12-05T17:46:44.952+0000] {processor.py:829} INFO - Processing file /usr/local/lib/python3.10/dist-packages/airflow/example_dags/example_external_task_marker_dag.py for tasks to queue
[2023-12-05T17:46:44.952+0000] {logging_mixin.py:154} INFO - [2023-12-05T17:46:44.952+0000] {dagbag.py:536} INFO - Filling up the DagBag from /usr/local/lib/python3.10/dist-packages/airflow/example_dags/example_external_task_marker_dag.py
[2023-12-05T17:46:44.959+0000] {processor.py:839} INFO - DAG(s) dict_keys(['example_external_task_marker_parent', 'example_external_task_marker_child']) retrieved from /usr/local/lib/python3.10/dist-packages/airflow/example_dags/example_external_task_marker_dag.py
[2023-12-05T17:46:44.980+0000] {logging_mixin.py:154} INFO - [2023-12-05T17:46:44.980+0000] {dag.py:2941} INFO - Sync 2 DAGs
[2023-12-05T17:46:44.992+0000] {logging_mixin.py:154} INFO - [2023-12-05T17:46:44.992+0000] {dag.py:3722} INFO - Setting next_dagrun for example_external_task_marker_child to None, run_after=None
[2023-12-05T17:46:44.995+0000] {logging_mixin.py:154} INFO - [2023-12-05T17:46:44.995+0000] {dag.py:3722} INFO - Setting next_dagrun for example_external_task_marker_parent to None, run_after=None
[2023-12-05T17:46:45.019+0000] {processor.py:179} INFO - Processing /usr/local/lib/python3.10/dist-packages/airflow/example_dags/example_external_task_marker_dag.py took 0.072 seconds
[2023-12-05T17:47:41.741+0000] {processor.py:157} INFO - Started process (PID=9399) to work on /usr/local/lib/python3.10/dist-packages/airflow/example_dags/example_external_task_marker_dag.py
[2023-12-05T17:47:41.742+0000] {processor.py:829} INFO - Processing file /usr/local/lib/python3.10/dist-packages/airflow/example_dags/example_external_task_marker_dag.py for tasks to queue
[2023-12-05T17:47:41.743+0000] {logging_mixin.py:154} INFO - [2023-12-05T17:47:41.743+0000] {dagbag.py:536} INFO - Filling up the DagBag from /usr/local/lib/python3.10/dist-packages/airflow/example_dags/example_external_task_marker_dag.py
[2023-12-05T17:47:41.754+0000] {processor.py:839} INFO - DAG(s) dict_keys(['example_external_task_marker_child', 'example_external_task_marker_parent']) retrieved from /usr/local/lib/python3.10/dist-packages/airflow/example_dags/example_external_task_marker_dag.py
[2023-12-05T17:47:41.776+0000] {logging_mixin.py:154} INFO - [2023-12-05T17:47:41.776+0000] {dag.py:2941} INFO - Sync 2 DAGs
[2023-12-05T17:47:41.789+0000] {logging_mixin.py:154} INFO - [2023-12-05T17:47:41.789+0000] {dag.py:3722} INFO - Setting next_dagrun for example_external_task_marker_child to None, run_after=None
[2023-12-05T17:47:41.795+0000] {logging_mixin.py:154} INFO - [2023-12-05T17:47:41.794+0000] {dag.py:3722} INFO - Setting next_dagrun for example_external_task_marker_parent to None, run_after=None
[2023-12-05T17:47:41.819+0000] {processor.py:179} INFO - Processing /usr/local/lib/python3.10/dist-packages/airflow/example_dags/example_external_task_marker_dag.py took 0.084 seconds
[2023-12-05T17:48:35.724+0000] {processor.py:157} INFO - Started process (PID=9579) to work on /usr/local/lib/python3.10/dist-packages/airflow/example_dags/example_external_task_marker_dag.py
[2023-12-05T17:48:35.726+0000] {processor.py:829} INFO - Processing file /usr/local/lib/python3.10/dist-packages/airflow/example_dags/example_external_task_marker_dag.py for tasks to queue
[2023-12-05T17:48:35.727+0000] {logging_mixin.py:154} INFO - [2023-12-05T17:48:35.726+0000] {dagbag.py:536} INFO - Filling up the DagBag from /usr/local/lib/python3.10/dist-packages/airflow/example_dags/example_external_task_marker_dag.py
[2023-12-05T17:48:35.737+0000] {processor.py:839} INFO - DAG(s) dict_keys(['example_external_task_marker_parent', 'example_external_task_marker_child']) retrieved from /usr/local/lib/python3.10/dist-packages/airflow/example_dags/example_external_task_marker_dag.py
[2023-12-05T17:48:35.770+0000] {logging_mixin.py:154} INFO - [2023-12-05T17:48:35.770+0000] {dag.py:2941} INFO - Sync 2 DAGs
[2023-12-05T17:48:35.785+0000] {logging_mixin.py:154} INFO - [2023-12-05T17:48:35.785+0000] {dag.py:3722} INFO - Setting next_dagrun for example_external_task_marker_child to None, run_after=None
[2023-12-05T17:48:35.790+0000] {logging_mixin.py:154} INFO - [2023-12-05T17:48:35.790+0000] {dag.py:3722} INFO - Setting next_dagrun for example_external_task_marker_parent to None, run_after=None
[2023-12-05T17:48:35.817+0000] {processor.py:179} INFO - Processing /usr/local/lib/python3.10/dist-packages/airflow/example_dags/example_external_task_marker_dag.py took 0.097 seconds
[2023-12-05T17:49:30.214+0000] {processor.py:157} INFO - Started process (PID=9696) to work on /usr/local/lib/python3.10/dist-packages/airflow/example_dags/example_external_task_marker_dag.py
[2023-12-05T17:49:30.222+0000] {processor.py:829} INFO - Processing file /usr/local/lib/python3.10/dist-packages/airflow/example_dags/example_external_task_marker_dag.py for tasks to queue
[2023-12-05T17:49:30.225+0000] {logging_mixin.py:154} INFO - [2023-12-05T17:49:30.223+0000] {dagbag.py:536} INFO - Filling up the DagBag from /usr/local/lib/python3.10/dist-packages/airflow/example_dags/example_external_task_marker_dag.py
[2023-12-05T17:49:30.239+0000] {processor.py:839} INFO - DAG(s) dict_keys(['example_external_task_marker_parent', 'example_external_task_marker_child']) retrieved from /usr/local/lib/python3.10/dist-packages/airflow/example_dags/example_external_task_marker_dag.py
[2023-12-05T17:49:30.302+0000] {logging_mixin.py:154} INFO - [2023-12-05T17:49:30.301+0000] {dag.py:2941} INFO - Sync 2 DAGs
[2023-12-05T17:49:30.315+0000] {logging_mixin.py:154} INFO - [2023-12-05T17:49:30.315+0000] {dag.py:3722} INFO - Setting next_dagrun for example_external_task_marker_child to None, run_after=None
[2023-12-05T17:49:30.319+0000] {logging_mixin.py:154} INFO - [2023-12-05T17:49:30.318+0000] {dag.py:3722} INFO - Setting next_dagrun for example_external_task_marker_parent to None, run_after=None
[2023-12-05T17:49:30.343+0000] {processor.py:179} INFO - Processing /usr/local/lib/python3.10/dist-packages/airflow/example_dags/example_external_task_marker_dag.py took 0.143 seconds
[2023-12-05T17:50:23.529+0000] {processor.py:157} INFO - Started process (PID=9818) to work on /usr/local/lib/python3.10/dist-packages/airflow/example_dags/example_external_task_marker_dag.py
[2023-12-05T17:50:23.531+0000] {processor.py:829} INFO - Processing file /usr/local/lib/python3.10/dist-packages/airflow/example_dags/example_external_task_marker_dag.py for tasks to queue
[2023-12-05T17:50:23.532+0000] {logging_mixin.py:154} INFO - [2023-12-05T17:50:23.531+0000] {dagbag.py:536} INFO - Filling up the DagBag from /usr/local/lib/python3.10/dist-packages/airflow/example_dags/example_external_task_marker_dag.py
[2023-12-05T17:50:23.538+0000] {processor.py:839} INFO - DAG(s) dict_keys(['example_external_task_marker_parent', 'example_external_task_marker_child']) retrieved from /usr/local/lib/python3.10/dist-packages/airflow/example_dags/example_external_task_marker_dag.py
[2023-12-05T17:50:23.558+0000] {logging_mixin.py:154} INFO - [2023-12-05T17:50:23.557+0000] {dag.py:2941} INFO - Sync 2 DAGs
[2023-12-05T17:50:23.569+0000] {logging_mixin.py:154} INFO - [2023-12-05T17:50:23.569+0000] {dag.py:3722} INFO - Setting next_dagrun for example_external_task_marker_child to None, run_after=None
[2023-12-05T17:50:23.572+0000] {logging_mixin.py:154} INFO - [2023-12-05T17:50:23.572+0000] {dag.py:3722} INFO - Setting next_dagrun for example_external_task_marker_parent to None, run_after=None
[2023-12-05T17:50:23.597+0000] {processor.py:179} INFO - Processing /usr/local/lib/python3.10/dist-packages/airflow/example_dags/example_external_task_marker_dag.py took 0.072 seconds
[2023-12-05T17:51:14.204+0000] {processor.py:157} INFO - Started process (PID=9995) to work on /usr/local/lib/python3.10/dist-packages/airflow/example_dags/example_external_task_marker_dag.py
[2023-12-05T17:51:14.206+0000] {processor.py:829} INFO - Processing file /usr/local/lib/python3.10/dist-packages/airflow/example_dags/example_external_task_marker_dag.py for tasks to queue
[2023-12-05T17:51:14.210+0000] {logging_mixin.py:154} INFO - [2023-12-05T17:51:14.207+0000] {dagbag.py:536} INFO - Filling up the DagBag from /usr/local/lib/python3.10/dist-packages/airflow/example_dags/example_external_task_marker_dag.py
[2023-12-05T17:51:14.218+0000] {processor.py:839} INFO - DAG(s) dict_keys(['example_external_task_marker_child', 'example_external_task_marker_parent']) retrieved from /usr/local/lib/python3.10/dist-packages/airflow/example_dags/example_external_task_marker_dag.py
[2023-12-05T17:51:14.240+0000] {logging_mixin.py:154} INFO - [2023-12-05T17:51:14.240+0000] {dag.py:2941} INFO - Sync 2 DAGs
[2023-12-05T17:51:14.254+0000] {logging_mixin.py:154} INFO - [2023-12-05T17:51:14.253+0000] {dag.py:3722} INFO - Setting next_dagrun for example_external_task_marker_child to None, run_after=None
[2023-12-05T17:51:14.257+0000] {logging_mixin.py:154} INFO - [2023-12-05T17:51:14.257+0000] {dag.py:3722} INFO - Setting next_dagrun for example_external_task_marker_parent to None, run_after=None
[2023-12-05T17:51:14.303+0000] {processor.py:179} INFO - Processing /usr/local/lib/python3.10/dist-packages/airflow/example_dags/example_external_task_marker_dag.py took 0.108 seconds
[2023-12-05T17:52:07.349+0000] {processor.py:157} INFO - Started process (PID=10112) to work on /usr/local/lib/python3.10/dist-packages/airflow/example_dags/example_external_task_marker_dag.py
[2023-12-05T17:52:07.354+0000] {processor.py:829} INFO - Processing file /usr/local/lib/python3.10/dist-packages/airflow/example_dags/example_external_task_marker_dag.py for tasks to queue
[2023-12-05T17:52:07.355+0000] {logging_mixin.py:154} INFO - [2023-12-05T17:52:07.354+0000] {dagbag.py:536} INFO - Filling up the DagBag from /usr/local/lib/python3.10/dist-packages/airflow/example_dags/example_external_task_marker_dag.py
[2023-12-05T17:52:07.361+0000] {processor.py:839} INFO - DAG(s) dict_keys(['example_external_task_marker_child', 'example_external_task_marker_parent']) retrieved from /usr/local/lib/python3.10/dist-packages/airflow/example_dags/example_external_task_marker_dag.py
[2023-12-05T17:52:07.381+0000] {logging_mixin.py:154} INFO - [2023-12-05T17:52:07.380+0000] {dag.py:2941} INFO - Sync 2 DAGs
[2023-12-05T17:52:07.392+0000] {logging_mixin.py:154} INFO - [2023-12-05T17:52:07.391+0000] {dag.py:3722} INFO - Setting next_dagrun for example_external_task_marker_child to None, run_after=None
[2023-12-05T17:52:07.395+0000] {logging_mixin.py:154} INFO - [2023-12-05T17:52:07.395+0000] {dag.py:3722} INFO - Setting next_dagrun for example_external_task_marker_parent to None, run_after=None
[2023-12-05T17:52:07.416+0000] {processor.py:179} INFO - Processing /usr/local/lib/python3.10/dist-packages/airflow/example_dags/example_external_task_marker_dag.py took 0.074 seconds
[2023-12-05T17:53:00.077+0000] {processor.py:157} INFO - Started process (PID=10171) to work on /usr/local/lib/python3.10/dist-packages/airflow/example_dags/example_external_task_marker_dag.py
[2023-12-05T17:53:00.078+0000] {processor.py:829} INFO - Processing file /usr/local/lib/python3.10/dist-packages/airflow/example_dags/example_external_task_marker_dag.py for tasks to queue
[2023-12-05T17:53:00.079+0000] {logging_mixin.py:154} INFO - [2023-12-05T17:53:00.079+0000] {dagbag.py:536} INFO - Filling up the DagBag from /usr/local/lib/python3.10/dist-packages/airflow/example_dags/example_external_task_marker_dag.py
[2023-12-05T17:53:00.086+0000] {processor.py:839} INFO - DAG(s) dict_keys(['example_external_task_marker_child', 'example_external_task_marker_parent']) retrieved from /usr/local/lib/python3.10/dist-packages/airflow/example_dags/example_external_task_marker_dag.py
[2023-12-05T17:53:00.107+0000] {logging_mixin.py:154} INFO - [2023-12-05T17:53:00.107+0000] {dag.py:2941} INFO - Sync 2 DAGs
[2023-12-05T17:53:00.120+0000] {logging_mixin.py:154} INFO - [2023-12-05T17:53:00.120+0000] {dag.py:3722} INFO - Setting next_dagrun for example_external_task_marker_child to None, run_after=None
[2023-12-05T17:53:00.124+0000] {logging_mixin.py:154} INFO - [2023-12-05T17:53:00.124+0000] {dag.py:3722} INFO - Setting next_dagrun for example_external_task_marker_parent to None, run_after=None
[2023-12-05T17:53:00.165+0000] {processor.py:179} INFO - Processing /usr/local/lib/python3.10/dist-packages/airflow/example_dags/example_external_task_marker_dag.py took 0.094 seconds
[2023-12-05T17:53:50.934+0000] {processor.py:157} INFO - Started process (PID=10351) to work on /usr/local/lib/python3.10/dist-packages/airflow/example_dags/example_external_task_marker_dag.py
[2023-12-05T17:53:50.936+0000] {processor.py:829} INFO - Processing file /usr/local/lib/python3.10/dist-packages/airflow/example_dags/example_external_task_marker_dag.py for tasks to queue
[2023-12-05T17:53:50.937+0000] {logging_mixin.py:154} INFO - [2023-12-05T17:53:50.937+0000] {dagbag.py:536} INFO - Filling up the DagBag from /usr/local/lib/python3.10/dist-packages/airflow/example_dags/example_external_task_marker_dag.py
[2023-12-05T17:53:50.944+0000] {processor.py:839} INFO - DAG(s) dict_keys(['example_external_task_marker_child', 'example_external_task_marker_parent']) retrieved from /usr/local/lib/python3.10/dist-packages/airflow/example_dags/example_external_task_marker_dag.py
[2023-12-05T17:53:50.966+0000] {logging_mixin.py:154} INFO - [2023-12-05T17:53:50.966+0000] {dag.py:2941} INFO - Sync 2 DAGs
[2023-12-05T17:53:50.981+0000] {logging_mixin.py:154} INFO - [2023-12-05T17:53:50.981+0000] {dag.py:3722} INFO - Setting next_dagrun for example_external_task_marker_child to None, run_after=None
[2023-12-05T17:53:50.984+0000] {logging_mixin.py:154} INFO - [2023-12-05T17:53:50.984+0000] {dag.py:3722} INFO - Setting next_dagrun for example_external_task_marker_parent to None, run_after=None
[2023-12-05T17:53:51.011+0000] {processor.py:179} INFO - Processing /usr/local/lib/python3.10/dist-packages/airflow/example_dags/example_external_task_marker_dag.py took 0.079 seconds
[2023-12-05T17:54:38.790+0000] {processor.py:157} INFO - Started process (PID=10469) to work on /usr/local/lib/python3.10/dist-packages/airflow/example_dags/example_external_task_marker_dag.py
[2023-12-05T17:54:38.792+0000] {processor.py:829} INFO - Processing file /usr/local/lib/python3.10/dist-packages/airflow/example_dags/example_external_task_marker_dag.py for tasks to queue
[2023-12-05T17:54:38.793+0000] {logging_mixin.py:154} INFO - [2023-12-05T17:54:38.792+0000] {dagbag.py:536} INFO - Filling up the DagBag from /usr/local/lib/python3.10/dist-packages/airflow/example_dags/example_external_task_marker_dag.py
[2023-12-05T17:54:38.810+0000] {processor.py:839} INFO - DAG(s) dict_keys(['example_external_task_marker_child', 'example_external_task_marker_parent']) retrieved from /usr/local/lib/python3.10/dist-packages/airflow/example_dags/example_external_task_marker_dag.py
[2023-12-05T17:54:38.854+0000] {logging_mixin.py:154} INFO - [2023-12-05T17:54:38.854+0000] {dag.py:2941} INFO - Sync 2 DAGs
[2023-12-05T17:54:38.901+0000] {logging_mixin.py:154} INFO - [2023-12-05T17:54:38.900+0000] {dag.py:3722} INFO - Setting next_dagrun for example_external_task_marker_child to None, run_after=None
[2023-12-05T17:54:38.905+0000] {logging_mixin.py:154} INFO - [2023-12-05T17:54:38.905+0000] {dag.py:3722} INFO - Setting next_dagrun for example_external_task_marker_parent to None, run_after=None
[2023-12-05T17:54:38.930+0000] {processor.py:179} INFO - Processing /usr/local/lib/python3.10/dist-packages/airflow/example_dags/example_external_task_marker_dag.py took 0.148 seconds
[2023-12-05T17:55:33.968+0000] {processor.py:157} INFO - Started process (PID=10587) to work on /usr/local/lib/python3.10/dist-packages/airflow/example_dags/example_external_task_marker_dag.py
[2023-12-05T17:55:33.970+0000] {processor.py:829} INFO - Processing file /usr/local/lib/python3.10/dist-packages/airflow/example_dags/example_external_task_marker_dag.py for tasks to queue
[2023-12-05T17:55:33.971+0000] {logging_mixin.py:154} INFO - [2023-12-05T17:55:33.970+0000] {dagbag.py:536} INFO - Filling up the DagBag from /usr/local/lib/python3.10/dist-packages/airflow/example_dags/example_external_task_marker_dag.py
[2023-12-05T17:55:33.978+0000] {processor.py:839} INFO - DAG(s) dict_keys(['example_external_task_marker_child', 'example_external_task_marker_parent']) retrieved from /usr/local/lib/python3.10/dist-packages/airflow/example_dags/example_external_task_marker_dag.py
[2023-12-05T17:55:34.006+0000] {logging_mixin.py:154} INFO - [2023-12-05T17:55:34.005+0000] {dag.py:2941} INFO - Sync 2 DAGs
[2023-12-05T17:55:34.020+0000] {logging_mixin.py:154} INFO - [2023-12-05T17:55:34.020+0000] {dag.py:3722} INFO - Setting next_dagrun for example_external_task_marker_child to None, run_after=None
[2023-12-05T17:55:34.024+0000] {logging_mixin.py:154} INFO - [2023-12-05T17:55:34.024+0000] {dag.py:3722} INFO - Setting next_dagrun for example_external_task_marker_parent to None, run_after=None
[2023-12-05T17:55:34.048+0000] {processor.py:179} INFO - Processing /usr/local/lib/python3.10/dist-packages/airflow/example_dags/example_external_task_marker_dag.py took 0.086 seconds
[2023-12-05T17:56:23.762+0000] {processor.py:157} INFO - Started process (PID=10767) to work on /usr/local/lib/python3.10/dist-packages/airflow/example_dags/example_external_task_marker_dag.py
[2023-12-05T17:56:23.764+0000] {processor.py:829} INFO - Processing file /usr/local/lib/python3.10/dist-packages/airflow/example_dags/example_external_task_marker_dag.py for tasks to queue
[2023-12-05T17:56:23.765+0000] {logging_mixin.py:154} INFO - [2023-12-05T17:56:23.764+0000] {dagbag.py:536} INFO - Filling up the DagBag from /usr/local/lib/python3.10/dist-packages/airflow/example_dags/example_external_task_marker_dag.py
[2023-12-05T17:56:23.772+0000] {processor.py:839} INFO - DAG(s) dict_keys(['example_external_task_marker_parent', 'example_external_task_marker_child']) retrieved from /usr/local/lib/python3.10/dist-packages/airflow/example_dags/example_external_task_marker_dag.py
[2023-12-05T17:56:23.806+0000] {logging_mixin.py:154} INFO - [2023-12-05T17:56:23.806+0000] {dag.py:2941} INFO - Sync 2 DAGs
[2023-12-05T17:56:23.818+0000] {logging_mixin.py:154} INFO - [2023-12-05T17:56:23.818+0000] {dag.py:3722} INFO - Setting next_dagrun for example_external_task_marker_child to None, run_after=None
[2023-12-05T17:56:23.822+0000] {logging_mixin.py:154} INFO - [2023-12-05T17:56:23.821+0000] {dag.py:3722} INFO - Setting next_dagrun for example_external_task_marker_parent to None, run_after=None
[2023-12-05T17:56:23.845+0000] {processor.py:179} INFO - Processing /usr/local/lib/python3.10/dist-packages/airflow/example_dags/example_external_task_marker_dag.py took 0.087 seconds
[2023-12-05T17:57:17.845+0000] {processor.py:157} INFO - Started process (PID=10889) to work on /usr/local/lib/python3.10/dist-packages/airflow/example_dags/example_external_task_marker_dag.py
[2023-12-05T17:57:17.848+0000] {processor.py:829} INFO - Processing file /usr/local/lib/python3.10/dist-packages/airflow/example_dags/example_external_task_marker_dag.py for tasks to queue
[2023-12-05T17:57:17.849+0000] {logging_mixin.py:154} INFO - [2023-12-05T17:57:17.849+0000] {dagbag.py:536} INFO - Filling up the DagBag from /usr/local/lib/python3.10/dist-packages/airflow/example_dags/example_external_task_marker_dag.py
[2023-12-05T17:57:17.861+0000] {processor.py:839} INFO - DAG(s) dict_keys(['example_external_task_marker_parent', 'example_external_task_marker_child']) retrieved from /usr/local/lib/python3.10/dist-packages/airflow/example_dags/example_external_task_marker_dag.py
[2023-12-05T17:57:17.885+0000] {logging_mixin.py:154} INFO - [2023-12-05T17:57:17.882+0000] {dag.py:2941} INFO - Sync 2 DAGs
[2023-12-05T17:57:17.904+0000] {logging_mixin.py:154} INFO - [2023-12-05T17:57:17.904+0000] {dag.py:3722} INFO - Setting next_dagrun for example_external_task_marker_child to None, run_after=None
[2023-12-05T17:57:17.908+0000] {logging_mixin.py:154} INFO - [2023-12-05T17:57:17.908+0000] {dag.py:3722} INFO - Setting next_dagrun for example_external_task_marker_parent to None, run_after=None
[2023-12-05T17:57:17.956+0000] {processor.py:179} INFO - Processing /usr/local/lib/python3.10/dist-packages/airflow/example_dags/example_external_task_marker_dag.py took 0.118 seconds
[2023-12-05T17:58:15.456+0000] {processor.py:157} INFO - Started process (PID=11016) to work on /usr/local/lib/python3.10/dist-packages/airflow/example_dags/example_external_task_marker_dag.py
[2023-12-05T17:58:15.457+0000] {processor.py:829} INFO - Processing file /usr/local/lib/python3.10/dist-packages/airflow/example_dags/example_external_task_marker_dag.py for tasks to queue
[2023-12-05T17:58:15.458+0000] {logging_mixin.py:154} INFO - [2023-12-05T17:58:15.458+0000] {dagbag.py:536} INFO - Filling up the DagBag from /usr/local/lib/python3.10/dist-packages/airflow/example_dags/example_external_task_marker_dag.py
[2023-12-05T17:58:15.465+0000] {processor.py:839} INFO - DAG(s) dict_keys(['example_external_task_marker_child', 'example_external_task_marker_parent']) retrieved from /usr/local/lib/python3.10/dist-packages/airflow/example_dags/example_external_task_marker_dag.py
[2023-12-05T17:58:15.491+0000] {logging_mixin.py:154} INFO - [2023-12-05T17:58:15.491+0000] {dag.py:2941} INFO - Sync 2 DAGs
[2023-12-05T17:58:15.515+0000] {logging_mixin.py:154} INFO - [2023-12-05T17:58:15.514+0000] {dag.py:3722} INFO - Setting next_dagrun for example_external_task_marker_child to None, run_after=None
[2023-12-05T17:58:15.518+0000] {logging_mixin.py:154} INFO - [2023-12-05T17:58:15.518+0000] {dag.py:3722} INFO - Setting next_dagrun for example_external_task_marker_parent to None, run_after=None
[2023-12-05T17:58:15.544+0000] {processor.py:179} INFO - Processing /usr/local/lib/python3.10/dist-packages/airflow/example_dags/example_external_task_marker_dag.py took 0.092 seconds
[2023-12-05T17:59:05.039+0000] {processor.py:157} INFO - Started process (PID=11099) to work on /usr/local/lib/python3.10/dist-packages/airflow/example_dags/example_external_task_marker_dag.py
[2023-12-05T17:59:05.040+0000] {processor.py:829} INFO - Processing file /usr/local/lib/python3.10/dist-packages/airflow/example_dags/example_external_task_marker_dag.py for tasks to queue
[2023-12-05T17:59:05.041+0000] {logging_mixin.py:154} INFO - [2023-12-05T17:59:05.041+0000] {dagbag.py:536} INFO - Filling up the DagBag from /usr/local/lib/python3.10/dist-packages/airflow/example_dags/example_external_task_marker_dag.py
[2023-12-05T17:59:05.048+0000] {processor.py:839} INFO - DAG(s) dict_keys(['example_external_task_marker_parent', 'example_external_task_marker_child']) retrieved from /usr/local/lib/python3.10/dist-packages/airflow/example_dags/example_external_task_marker_dag.py
[2023-12-05T17:59:05.074+0000] {logging_mixin.py:154} INFO - [2023-12-05T17:59:05.073+0000] {dag.py:2941} INFO - Sync 2 DAGs
[2023-12-05T17:59:05.094+0000] {logging_mixin.py:154} INFO - [2023-12-05T17:59:05.093+0000] {dag.py:3722} INFO - Setting next_dagrun for example_external_task_marker_child to None, run_after=None
[2023-12-05T17:59:05.104+0000] {logging_mixin.py:154} INFO - [2023-12-05T17:59:05.104+0000] {dag.py:3722} INFO - Setting next_dagrun for example_external_task_marker_parent to None, run_after=None
[2023-12-05T17:59:05.130+0000] {processor.py:179} INFO - Processing /usr/local/lib/python3.10/dist-packages/airflow/example_dags/example_external_task_marker_dag.py took 0.095 seconds
[2023-12-05T17:59:59.703+0000] {processor.py:157} INFO - Started process (PID=11196) to work on /usr/local/lib/python3.10/dist-packages/airflow/example_dags/example_external_task_marker_dag.py
[2023-12-05T17:59:59.704+0000] {processor.py:829} INFO - Processing file /usr/local/lib/python3.10/dist-packages/airflow/example_dags/example_external_task_marker_dag.py for tasks to queue
[2023-12-05T17:59:59.705+0000] {logging_mixin.py:154} INFO - [2023-12-05T17:59:59.705+0000] {dagbag.py:536} INFO - Filling up the DagBag from /usr/local/lib/python3.10/dist-packages/airflow/example_dags/example_external_task_marker_dag.py
[2023-12-05T17:59:59.712+0000] {processor.py:839} INFO - DAG(s) dict_keys(['example_external_task_marker_child', 'example_external_task_marker_parent']) retrieved from /usr/local/lib/python3.10/dist-packages/airflow/example_dags/example_external_task_marker_dag.py
[2023-12-05T17:59:59.732+0000] {logging_mixin.py:154} INFO - [2023-12-05T17:59:59.732+0000] {dag.py:2941} INFO - Sync 2 DAGs
[2023-12-05T17:59:59.754+0000] {logging_mixin.py:154} INFO - [2023-12-05T17:59:59.753+0000] {dag.py:3722} INFO - Setting next_dagrun for example_external_task_marker_child to None, run_after=None
[2023-12-05T17:59:59.759+0000] {logging_mixin.py:154} INFO - [2023-12-05T17:59:59.759+0000] {dag.py:3722} INFO - Setting next_dagrun for example_external_task_marker_parent to None, run_after=None
[2023-12-05T17:59:59.782+0000] {processor.py:179} INFO - Processing /usr/local/lib/python3.10/dist-packages/airflow/example_dags/example_external_task_marker_dag.py took 0.083 seconds
[2023-12-05T18:00:49.231+0000] {processor.py:157} INFO - Started process (PID=11314) to work on /usr/local/lib/python3.10/dist-packages/airflow/example_dags/example_external_task_marker_dag.py
[2023-12-05T18:00:49.234+0000] {processor.py:829} INFO - Processing file /usr/local/lib/python3.10/dist-packages/airflow/example_dags/example_external_task_marker_dag.py for tasks to queue
[2023-12-05T18:00:49.236+0000] {logging_mixin.py:154} INFO - [2023-12-05T18:00:49.235+0000] {dagbag.py:536} INFO - Filling up the DagBag from /usr/local/lib/python3.10/dist-packages/airflow/example_dags/example_external_task_marker_dag.py
[2023-12-05T18:00:49.243+0000] {processor.py:839} INFO - DAG(s) dict_keys(['example_external_task_marker_parent', 'example_external_task_marker_child']) retrieved from /usr/local/lib/python3.10/dist-packages/airflow/example_dags/example_external_task_marker_dag.py
[2023-12-05T18:00:49.264+0000] {logging_mixin.py:154} INFO - [2023-12-05T18:00:49.264+0000] {dag.py:2941} INFO - Sync 2 DAGs
[2023-12-05T18:00:49.276+0000] {logging_mixin.py:154} INFO - [2023-12-05T18:00:49.276+0000] {dag.py:3722} INFO - Setting next_dagrun for example_external_task_marker_child to None, run_after=None
[2023-12-05T18:00:49.280+0000] {logging_mixin.py:154} INFO - [2023-12-05T18:00:49.280+0000] {dag.py:3722} INFO - Setting next_dagrun for example_external_task_marker_parent to None, run_after=None
[2023-12-05T18:00:49.313+0000] {processor.py:179} INFO - Processing /usr/local/lib/python3.10/dist-packages/airflow/example_dags/example_external_task_marker_dag.py took 0.086 seconds
[2023-12-05T18:01:35.915+0000] {processor.py:157} INFO - Started process (PID=11488) to work on /usr/local/lib/python3.10/dist-packages/airflow/example_dags/example_external_task_marker_dag.py
[2023-12-05T18:01:35.916+0000] {processor.py:829} INFO - Processing file /usr/local/lib/python3.10/dist-packages/airflow/example_dags/example_external_task_marker_dag.py for tasks to queue
[2023-12-05T18:01:35.917+0000] {logging_mixin.py:154} INFO - [2023-12-05T18:01:35.917+0000] {dagbag.py:536} INFO - Filling up the DagBag from /usr/local/lib/python3.10/dist-packages/airflow/example_dags/example_external_task_marker_dag.py
[2023-12-05T18:01:35.924+0000] {processor.py:839} INFO - DAG(s) dict_keys(['example_external_task_marker_parent', 'example_external_task_marker_child']) retrieved from /usr/local/lib/python3.10/dist-packages/airflow/example_dags/example_external_task_marker_dag.py
[2023-12-05T18:01:35.944+0000] {logging_mixin.py:154} INFO - [2023-12-05T18:01:35.943+0000] {dag.py:2941} INFO - Sync 2 DAGs
[2023-12-05T18:01:35.954+0000] {logging_mixin.py:154} INFO - [2023-12-05T18:01:35.954+0000] {dag.py:3722} INFO - Setting next_dagrun for example_external_task_marker_child to None, run_after=None
[2023-12-05T18:01:35.957+0000] {logging_mixin.py:154} INFO - [2023-12-05T18:01:35.957+0000] {dag.py:3722} INFO - Setting next_dagrun for example_external_task_marker_parent to None, run_after=None
[2023-12-05T18:01:35.977+0000] {processor.py:179} INFO - Processing /usr/local/lib/python3.10/dist-packages/airflow/example_dags/example_external_task_marker_dag.py took 0.065 seconds
[2023-12-05T18:02:24.634+0000] {processor.py:157} INFO - Started process (PID=11607) to work on /usr/local/lib/python3.10/dist-packages/airflow/example_dags/example_external_task_marker_dag.py
[2023-12-05T18:02:24.636+0000] {processor.py:829} INFO - Processing file /usr/local/lib/python3.10/dist-packages/airflow/example_dags/example_external_task_marker_dag.py for tasks to queue
[2023-12-05T18:02:24.637+0000] {logging_mixin.py:154} INFO - [2023-12-05T18:02:24.637+0000] {dagbag.py:536} INFO - Filling up the DagBag from /usr/local/lib/python3.10/dist-packages/airflow/example_dags/example_external_task_marker_dag.py
[2023-12-05T18:02:24.646+0000] {processor.py:839} INFO - DAG(s) dict_keys(['example_external_task_marker_child', 'example_external_task_marker_parent']) retrieved from /usr/local/lib/python3.10/dist-packages/airflow/example_dags/example_external_task_marker_dag.py
[2023-12-05T18:02:24.680+0000] {logging_mixin.py:154} INFO - [2023-12-05T18:02:24.680+0000] {dag.py:2941} INFO - Sync 2 DAGs
[2023-12-05T18:02:24.698+0000] {logging_mixin.py:154} INFO - [2023-12-05T18:02:24.697+0000] {dag.py:3722} INFO - Setting next_dagrun for example_external_task_marker_child to None, run_after=None
[2023-12-05T18:02:24.702+0000] {logging_mixin.py:154} INFO - [2023-12-05T18:02:24.702+0000] {dag.py:3722} INFO - Setting next_dagrun for example_external_task_marker_parent to None, run_after=None
[2023-12-05T18:02:24.729+0000] {processor.py:179} INFO - Processing /usr/local/lib/python3.10/dist-packages/airflow/example_dags/example_external_task_marker_dag.py took 0.099 seconds
[2023-12-05T18:03:19.154+0000] {processor.py:157} INFO - Started process (PID=11728) to work on /usr/local/lib/python3.10/dist-packages/airflow/example_dags/example_external_task_marker_dag.py
[2023-12-05T18:03:19.156+0000] {processor.py:829} INFO - Processing file /usr/local/lib/python3.10/dist-packages/airflow/example_dags/example_external_task_marker_dag.py for tasks to queue
[2023-12-05T18:03:19.158+0000] {logging_mixin.py:154} INFO - [2023-12-05T18:03:19.157+0000] {dagbag.py:536} INFO - Filling up the DagBag from /usr/local/lib/python3.10/dist-packages/airflow/example_dags/example_external_task_marker_dag.py
[2023-12-05T18:03:19.166+0000] {processor.py:839} INFO - DAG(s) dict_keys(['example_external_task_marker_parent', 'example_external_task_marker_child']) retrieved from /usr/local/lib/python3.10/dist-packages/airflow/example_dags/example_external_task_marker_dag.py
[2023-12-05T18:03:19.195+0000] {logging_mixin.py:154} INFO - [2023-12-05T18:03:19.194+0000] {dag.py:2941} INFO - Sync 2 DAGs
[2023-12-05T18:03:19.208+0000] {logging_mixin.py:154} INFO - [2023-12-05T18:03:19.208+0000] {dag.py:3722} INFO - Setting next_dagrun for example_external_task_marker_child to None, run_after=None
[2023-12-05T18:03:19.212+0000] {logging_mixin.py:154} INFO - [2023-12-05T18:03:19.211+0000] {dag.py:3722} INFO - Setting next_dagrun for example_external_task_marker_parent to None, run_after=None
[2023-12-05T18:03:19.235+0000] {processor.py:179} INFO - Processing /usr/local/lib/python3.10/dist-packages/airflow/example_dags/example_external_task_marker_dag.py took 0.085 seconds
[2023-12-05T18:04:06.801+0000] {processor.py:157} INFO - Started process (PID=11844) to work on /usr/local/lib/python3.10/dist-packages/airflow/example_dags/example_external_task_marker_dag.py
[2023-12-05T18:04:06.802+0000] {processor.py:829} INFO - Processing file /usr/local/lib/python3.10/dist-packages/airflow/example_dags/example_external_task_marker_dag.py for tasks to queue
[2023-12-05T18:04:06.803+0000] {logging_mixin.py:154} INFO - [2023-12-05T18:04:06.803+0000] {dagbag.py:536} INFO - Filling up the DagBag from /usr/local/lib/python3.10/dist-packages/airflow/example_dags/example_external_task_marker_dag.py
[2023-12-05T18:04:06.809+0000] {processor.py:839} INFO - DAG(s) dict_keys(['example_external_task_marker_parent', 'example_external_task_marker_child']) retrieved from /usr/local/lib/python3.10/dist-packages/airflow/example_dags/example_external_task_marker_dag.py
[2023-12-05T18:04:06.828+0000] {logging_mixin.py:154} INFO - [2023-12-05T18:04:06.828+0000] {dag.py:2941} INFO - Sync 2 DAGs
[2023-12-05T18:04:06.839+0000] {logging_mixin.py:154} INFO - [2023-12-05T18:04:06.839+0000] {dag.py:3722} INFO - Setting next_dagrun for example_external_task_marker_child to None, run_after=None
[2023-12-05T18:04:06.842+0000] {logging_mixin.py:154} INFO - [2023-12-05T18:04:06.842+0000] {dag.py:3722} INFO - Setting next_dagrun for example_external_task_marker_parent to None, run_after=None
[2023-12-05T18:04:06.872+0000] {processor.py:179} INFO - Processing /usr/local/lib/python3.10/dist-packages/airflow/example_dags/example_external_task_marker_dag.py took 0.074 seconds
[2023-12-05T18:04:58.695+0000] {processor.py:157} INFO - Started process (PID=12293) to work on /usr/local/lib/python3.10/dist-packages/airflow/example_dags/example_external_task_marker_dag.py
[2023-12-05T18:04:58.696+0000] {processor.py:829} INFO - Processing file /usr/local/lib/python3.10/dist-packages/airflow/example_dags/example_external_task_marker_dag.py for tasks to queue
[2023-12-05T18:04:58.697+0000] {logging_mixin.py:154} INFO - [2023-12-05T18:04:58.696+0000] {dagbag.py:536} INFO - Filling up the DagBag from /usr/local/lib/python3.10/dist-packages/airflow/example_dags/example_external_task_marker_dag.py
[2023-12-05T18:04:58.703+0000] {processor.py:839} INFO - DAG(s) dict_keys(['example_external_task_marker_child', 'example_external_task_marker_parent']) retrieved from /usr/local/lib/python3.10/dist-packages/airflow/example_dags/example_external_task_marker_dag.py
[2023-12-05T18:04:58.722+0000] {logging_mixin.py:154} INFO - [2023-12-05T18:04:58.722+0000] {dag.py:2941} INFO - Sync 2 DAGs
[2023-12-05T18:04:58.734+0000] {logging_mixin.py:154} INFO - [2023-12-05T18:04:58.734+0000] {dag.py:3722} INFO - Setting next_dagrun for example_external_task_marker_child to None, run_after=None
[2023-12-05T18:04:58.737+0000] {logging_mixin.py:154} INFO - [2023-12-05T18:04:58.737+0000] {dag.py:3722} INFO - Setting next_dagrun for example_external_task_marker_parent to None, run_after=None
[2023-12-05T18:04:58.759+0000] {processor.py:179} INFO - Processing /usr/local/lib/python3.10/dist-packages/airflow/example_dags/example_external_task_marker_dag.py took 0.068 seconds
[2023-12-05T18:05:49.485+0000] {processor.py:157} INFO - Started process (PID=12533) to work on /usr/local/lib/python3.10/dist-packages/airflow/example_dags/example_external_task_marker_dag.py
[2023-12-05T18:05:49.487+0000] {processor.py:829} INFO - Processing file /usr/local/lib/python3.10/dist-packages/airflow/example_dags/example_external_task_marker_dag.py for tasks to queue
[2023-12-05T18:05:49.489+0000] {logging_mixin.py:154} INFO - [2023-12-05T18:05:49.488+0000] {dagbag.py:536} INFO - Filling up the DagBag from /usr/local/lib/python3.10/dist-packages/airflow/example_dags/example_external_task_marker_dag.py
[2023-12-05T18:05:49.502+0000] {processor.py:839} INFO - DAG(s) dict_keys(['example_external_task_marker_parent', 'example_external_task_marker_child']) retrieved from /usr/local/lib/python3.10/dist-packages/airflow/example_dags/example_external_task_marker_dag.py
[2023-12-05T18:05:49.547+0000] {logging_mixin.py:154} INFO - [2023-12-05T18:05:49.547+0000] {dag.py:2941} INFO - Sync 2 DAGs
[2023-12-05T18:05:49.567+0000] {logging_mixin.py:154} INFO - [2023-12-05T18:05:49.567+0000] {dag.py:3722} INFO - Setting next_dagrun for example_external_task_marker_child to None, run_after=None
[2023-12-05T18:05:49.571+0000] {logging_mixin.py:154} INFO - [2023-12-05T18:05:49.571+0000] {dag.py:3722} INFO - Setting next_dagrun for example_external_task_marker_parent to None, run_after=None
[2023-12-05T18:05:49.596+0000] {processor.py:179} INFO - Processing /usr/local/lib/python3.10/dist-packages/airflow/example_dags/example_external_task_marker_dag.py took 0.116 seconds
[2023-12-05T18:06:42.203+0000] {processor.py:157} INFO - Started process (PID=12776) to work on /usr/local/lib/python3.10/dist-packages/airflow/example_dags/example_external_task_marker_dag.py
[2023-12-05T18:06:42.205+0000] {processor.py:829} INFO - Processing file /usr/local/lib/python3.10/dist-packages/airflow/example_dags/example_external_task_marker_dag.py for tasks to queue
[2023-12-05T18:06:42.208+0000] {logging_mixin.py:154} INFO - [2023-12-05T18:06:42.207+0000] {dagbag.py:536} INFO - Filling up the DagBag from /usr/local/lib/python3.10/dist-packages/airflow/example_dags/example_external_task_marker_dag.py
[2023-12-05T18:06:42.216+0000] {processor.py:839} INFO - DAG(s) dict_keys(['example_external_task_marker_parent', 'example_external_task_marker_child']) retrieved from /usr/local/lib/python3.10/dist-packages/airflow/example_dags/example_external_task_marker_dag.py
[2023-12-05T18:06:42.251+0000] {logging_mixin.py:154} INFO - [2023-12-05T18:06:42.251+0000] {dag.py:2941} INFO - Sync 2 DAGs
[2023-12-05T18:06:42.264+0000] {logging_mixin.py:154} INFO - [2023-12-05T18:06:42.264+0000] {dag.py:3722} INFO - Setting next_dagrun for example_external_task_marker_child to None, run_after=None
[2023-12-05T18:06:42.268+0000] {logging_mixin.py:154} INFO - [2023-12-05T18:06:42.268+0000] {dag.py:3722} INFO - Setting next_dagrun for example_external_task_marker_parent to None, run_after=None
[2023-12-05T18:06:42.292+0000] {processor.py:179} INFO - Processing /usr/local/lib/python3.10/dist-packages/airflow/example_dags/example_external_task_marker_dag.py took 0.097 seconds
[2023-12-05T18:07:37.465+0000] {processor.py:157} INFO - Started process (PID=13077) to work on /usr/local/lib/python3.10/dist-packages/airflow/example_dags/example_external_task_marker_dag.py
[2023-12-05T18:07:37.466+0000] {processor.py:829} INFO - Processing file /usr/local/lib/python3.10/dist-packages/airflow/example_dags/example_external_task_marker_dag.py for tasks to queue
[2023-12-05T18:07:37.467+0000] {logging_mixin.py:154} INFO - [2023-12-05T18:07:37.467+0000] {dagbag.py:536} INFO - Filling up the DagBag from /usr/local/lib/python3.10/dist-packages/airflow/example_dags/example_external_task_marker_dag.py
[2023-12-05T18:07:37.473+0000] {processor.py:839} INFO - DAG(s) dict_keys(['example_external_task_marker_child', 'example_external_task_marker_parent']) retrieved from /usr/local/lib/python3.10/dist-packages/airflow/example_dags/example_external_task_marker_dag.py
[2023-12-05T18:07:37.495+0000] {logging_mixin.py:154} INFO - [2023-12-05T18:07:37.494+0000] {dag.py:2941} INFO - Sync 2 DAGs
[2023-12-05T18:07:37.506+0000] {logging_mixin.py:154} INFO - [2023-12-05T18:07:37.506+0000] {dag.py:3722} INFO - Setting next_dagrun for example_external_task_marker_child to None, run_after=None
[2023-12-05T18:07:37.509+0000] {logging_mixin.py:154} INFO - [2023-12-05T18:07:37.509+0000] {dag.py:3722} INFO - Setting next_dagrun for example_external_task_marker_parent to None, run_after=None
[2023-12-05T18:07:37.531+0000] {processor.py:179} INFO - Processing /usr/local/lib/python3.10/dist-packages/airflow/example_dags/example_external_task_marker_dag.py took 0.070 seconds
[2023-12-05T18:08:22.201+0000] {processor.py:157} INFO - Started process (PID=13193) to work on /usr/local/lib/python3.10/dist-packages/airflow/example_dags/example_external_task_marker_dag.py
[2023-12-05T18:08:22.202+0000] {processor.py:829} INFO - Processing file /usr/local/lib/python3.10/dist-packages/airflow/example_dags/example_external_task_marker_dag.py for tasks to queue
[2023-12-05T18:08:22.203+0000] {logging_mixin.py:154} INFO - [2023-12-05T18:08:22.203+0000] {dagbag.py:536} INFO - Filling up the DagBag from /usr/local/lib/python3.10/dist-packages/airflow/example_dags/example_external_task_marker_dag.py
[2023-12-05T18:08:22.210+0000] {processor.py:839} INFO - DAG(s) dict_keys(['example_external_task_marker_child', 'example_external_task_marker_parent']) retrieved from /usr/local/lib/python3.10/dist-packages/airflow/example_dags/example_external_task_marker_dag.py
[2023-12-05T18:08:22.247+0000] {logging_mixin.py:154} INFO - [2023-12-05T18:08:22.247+0000] {dag.py:2941} INFO - Sync 2 DAGs
[2023-12-05T18:08:22.265+0000] {logging_mixin.py:154} INFO - [2023-12-05T18:08:22.265+0000] {dag.py:3722} INFO - Setting next_dagrun for example_external_task_marker_child to None, run_after=None
[2023-12-05T18:08:22.270+0000] {logging_mixin.py:154} INFO - [2023-12-05T18:08:22.270+0000] {dag.py:3722} INFO - Setting next_dagrun for example_external_task_marker_parent to None, run_after=None
[2023-12-05T18:08:22.296+0000] {processor.py:179} INFO - Processing /usr/local/lib/python3.10/dist-packages/airflow/example_dags/example_external_task_marker_dag.py took 0.099 seconds
[2023-12-05T18:09:12.994+0000] {processor.py:157} INFO - Started process (PID=13616) to work on /usr/local/lib/python3.10/dist-packages/airflow/example_dags/example_external_task_marker_dag.py
[2023-12-05T18:09:12.995+0000] {processor.py:829} INFO - Processing file /usr/local/lib/python3.10/dist-packages/airflow/example_dags/example_external_task_marker_dag.py for tasks to queue
[2023-12-05T18:09:12.996+0000] {logging_mixin.py:154} INFO - [2023-12-05T18:09:12.996+0000] {dagbag.py:536} INFO - Filling up the DagBag from /usr/local/lib/python3.10/dist-packages/airflow/example_dags/example_external_task_marker_dag.py
[2023-12-05T18:09:13.004+0000] {processor.py:839} INFO - DAG(s) dict_keys(['example_external_task_marker_child', 'example_external_task_marker_parent']) retrieved from /usr/local/lib/python3.10/dist-packages/airflow/example_dags/example_external_task_marker_dag.py
[2023-12-05T18:09:13.029+0000] {logging_mixin.py:154} INFO - [2023-12-05T18:09:13.029+0000] {dag.py:2941} INFO - Sync 2 DAGs
[2023-12-05T18:09:13.042+0000] {logging_mixin.py:154} INFO - [2023-12-05T18:09:13.042+0000] {dag.py:3722} INFO - Setting next_dagrun for example_external_task_marker_child to None, run_after=None
[2023-12-05T18:09:13.045+0000] {logging_mixin.py:154} INFO - [2023-12-05T18:09:13.045+0000] {dag.py:3722} INFO - Setting next_dagrun for example_external_task_marker_parent to None, run_after=None
[2023-12-05T18:09:13.078+0000] {processor.py:179} INFO - Processing /usr/local/lib/python3.10/dist-packages/airflow/example_dags/example_external_task_marker_dag.py took 0.088 seconds
[2023-12-05T18:10:02.317+0000] {processor.py:157} INFO - Started process (PID=13674) to work on /usr/local/lib/python3.10/dist-packages/airflow/example_dags/example_external_task_marker_dag.py
[2023-12-05T18:10:02.327+0000] {processor.py:829} INFO - Processing file /usr/local/lib/python3.10/dist-packages/airflow/example_dags/example_external_task_marker_dag.py for tasks to queue
[2023-12-05T18:10:02.330+0000] {logging_mixin.py:154} INFO - [2023-12-05T18:10:02.327+0000] {dagbag.py:536} INFO - Filling up the DagBag from /usr/local/lib/python3.10/dist-packages/airflow/example_dags/example_external_task_marker_dag.py
[2023-12-05T18:10:02.340+0000] {processor.py:839} INFO - DAG(s) dict_keys(['example_external_task_marker_parent', 'example_external_task_marker_child']) retrieved from /usr/local/lib/python3.10/dist-packages/airflow/example_dags/example_external_task_marker_dag.py
[2023-12-05T18:10:02.375+0000] {logging_mixin.py:154} INFO - [2023-12-05T18:10:02.375+0000] {dag.py:2941} INFO - Sync 2 DAGs
[2023-12-05T18:10:02.390+0000] {logging_mixin.py:154} INFO - [2023-12-05T18:10:02.389+0000] {dag.py:3722} INFO - Setting next_dagrun for example_external_task_marker_child to None, run_after=None
[2023-12-05T18:10:02.393+0000] {logging_mixin.py:154} INFO - [2023-12-05T18:10:02.393+0000] {dag.py:3722} INFO - Setting next_dagrun for example_external_task_marker_parent to None, run_after=None
[2023-12-05T18:10:02.428+0000] {processor.py:179} INFO - Processing /usr/local/lib/python3.10/dist-packages/airflow/example_dags/example_external_task_marker_dag.py took 0.115 seconds
