[2023-12-05T17:46:52.723+0000] {processor.py:157} INFO - Started process (PID=9287) to work on /usr/local/lib/python3.10/dist-packages/airflow/example_dags/example_bash_operator.py
[2023-12-05T17:46:52.725+0000] {processor.py:829} INFO - Processing file /usr/local/lib/python3.10/dist-packages/airflow/example_dags/example_bash_operator.py for tasks to queue
[2023-12-05T17:46:52.726+0000] {logging_mixin.py:154} INFO - [2023-12-05T17:46:52.726+0000] {dagbag.py:536} INFO - Filling up the DagBag from /usr/local/lib/python3.10/dist-packages/airflow/example_dags/example_bash_operator.py
[2023-12-05T17:46:52.741+0000] {processor.py:839} INFO - DAG(s) dict_keys(['example_bash_operator']) retrieved from /usr/local/lib/python3.10/dist-packages/airflow/example_dags/example_bash_operator.py
[2023-12-05T17:46:52.766+0000] {logging_mixin.py:154} INFO - [2023-12-05T17:46:52.766+0000] {dag.py:2941} INFO - Sync 1 DAGs
[2023-12-05T17:46:52.789+0000] {logging_mixin.py:154} INFO - [2023-12-05T17:46:52.789+0000] {dag.py:3722} INFO - Setting next_dagrun for example_bash_operator to 2023-12-04T00:00:00+00:00, run_after=2023-12-05T00:00:00+00:00
[2023-12-05T17:46:52.821+0000] {processor.py:179} INFO - Processing /usr/local/lib/python3.10/dist-packages/airflow/example_dags/example_bash_operator.py took 0.102 seconds
[2023-12-05T17:47:48.528+0000] {processor.py:157} INFO - Started process (PID=9406) to work on /usr/local/lib/python3.10/dist-packages/airflow/example_dags/example_bash_operator.py
[2023-12-05T17:47:48.530+0000] {processor.py:829} INFO - Processing file /usr/local/lib/python3.10/dist-packages/airflow/example_dags/example_bash_operator.py for tasks to queue
[2023-12-05T17:47:48.531+0000] {logging_mixin.py:154} INFO - [2023-12-05T17:47:48.530+0000] {dagbag.py:536} INFO - Filling up the DagBag from /usr/local/lib/python3.10/dist-packages/airflow/example_dags/example_bash_operator.py
[2023-12-05T17:47:48.562+0000] {processor.py:839} INFO - DAG(s) dict_keys(['example_bash_operator']) retrieved from /usr/local/lib/python3.10/dist-packages/airflow/example_dags/example_bash_operator.py
[2023-12-05T17:47:48.590+0000] {logging_mixin.py:154} INFO - [2023-12-05T17:47:48.589+0000] {dag.py:2941} INFO - Sync 1 DAGs
[2023-12-05T17:47:48.612+0000] {logging_mixin.py:154} INFO - [2023-12-05T17:47:48.612+0000] {dag.py:3722} INFO - Setting next_dagrun for example_bash_operator to 2023-12-04T00:00:00+00:00, run_after=2023-12-05T00:00:00+00:00
[2023-12-05T17:47:48.639+0000] {processor.py:179} INFO - Processing /usr/local/lib/python3.10/dist-packages/airflow/example_dags/example_bash_operator.py took 0.115 seconds
[2023-12-05T17:48:44.470+0000] {processor.py:157} INFO - Started process (PID=9586) to work on /usr/local/lib/python3.10/dist-packages/airflow/example_dags/example_bash_operator.py
[2023-12-05T17:48:44.472+0000] {processor.py:829} INFO - Processing file /usr/local/lib/python3.10/dist-packages/airflow/example_dags/example_bash_operator.py for tasks to queue
[2023-12-05T17:48:44.472+0000] {logging_mixin.py:154} INFO - [2023-12-05T17:48:44.472+0000] {dagbag.py:536} INFO - Filling up the DagBag from /usr/local/lib/python3.10/dist-packages/airflow/example_dags/example_bash_operator.py
[2023-12-05T17:48:44.485+0000] {processor.py:839} INFO - DAG(s) dict_keys(['example_bash_operator']) retrieved from /usr/local/lib/python3.10/dist-packages/airflow/example_dags/example_bash_operator.py
[2023-12-05T17:48:44.511+0000] {logging_mixin.py:154} INFO - [2023-12-05T17:48:44.511+0000] {dag.py:2941} INFO - Sync 1 DAGs
[2023-12-05T17:48:44.535+0000] {logging_mixin.py:154} INFO - [2023-12-05T17:48:44.535+0000] {dag.py:3722} INFO - Setting next_dagrun for example_bash_operator to 2023-12-04T00:00:00+00:00, run_after=2023-12-05T00:00:00+00:00
[2023-12-05T17:48:44.560+0000] {processor.py:179} INFO - Processing /usr/local/lib/python3.10/dist-packages/airflow/example_dags/example_bash_operator.py took 0.098 seconds
[2023-12-05T17:49:37.711+0000] {processor.py:157} INFO - Started process (PID=9703) to work on /usr/local/lib/python3.10/dist-packages/airflow/example_dags/example_bash_operator.py
[2023-12-05T17:49:37.714+0000] {processor.py:829} INFO - Processing file /usr/local/lib/python3.10/dist-packages/airflow/example_dags/example_bash_operator.py for tasks to queue
[2023-12-05T17:49:37.715+0000] {logging_mixin.py:154} INFO - [2023-12-05T17:49:37.714+0000] {dagbag.py:536} INFO - Filling up the DagBag from /usr/local/lib/python3.10/dist-packages/airflow/example_dags/example_bash_operator.py
[2023-12-05T17:49:37.728+0000] {processor.py:839} INFO - DAG(s) dict_keys(['example_bash_operator']) retrieved from /usr/local/lib/python3.10/dist-packages/airflow/example_dags/example_bash_operator.py
[2023-12-05T17:49:37.754+0000] {logging_mixin.py:154} INFO - [2023-12-05T17:49:37.754+0000] {dag.py:2941} INFO - Sync 1 DAGs
[2023-12-05T17:49:37.779+0000] {logging_mixin.py:154} INFO - [2023-12-05T17:49:37.779+0000] {dag.py:3722} INFO - Setting next_dagrun for example_bash_operator to 2023-12-04T00:00:00+00:00, run_after=2023-12-05T00:00:00+00:00
[2023-12-05T17:49:37.802+0000] {processor.py:179} INFO - Processing /usr/local/lib/python3.10/dist-packages/airflow/example_dags/example_bash_operator.py took 0.096 seconds
[2023-12-05T17:50:30.981+0000] {processor.py:157} INFO - Started process (PID=9827) to work on /usr/local/lib/python3.10/dist-packages/airflow/example_dags/example_bash_operator.py
[2023-12-05T17:50:30.983+0000] {processor.py:829} INFO - Processing file /usr/local/lib/python3.10/dist-packages/airflow/example_dags/example_bash_operator.py for tasks to queue
[2023-12-05T17:50:30.984+0000] {logging_mixin.py:154} INFO - [2023-12-05T17:50:30.983+0000] {dagbag.py:536} INFO - Filling up the DagBag from /usr/local/lib/python3.10/dist-packages/airflow/example_dags/example_bash_operator.py
[2023-12-05T17:50:31.005+0000] {processor.py:839} INFO - DAG(s) dict_keys(['example_bash_operator']) retrieved from /usr/local/lib/python3.10/dist-packages/airflow/example_dags/example_bash_operator.py
[2023-12-05T17:50:31.043+0000] {logging_mixin.py:154} INFO - [2023-12-05T17:50:31.042+0000] {dag.py:2941} INFO - Sync 1 DAGs
[2023-12-05T17:50:31.068+0000] {logging_mixin.py:154} INFO - [2023-12-05T17:50:31.068+0000] {dag.py:3722} INFO - Setting next_dagrun for example_bash_operator to 2023-12-04T00:00:00+00:00, run_after=2023-12-05T00:00:00+00:00
[2023-12-05T17:50:31.112+0000] {processor.py:179} INFO - Processing /usr/local/lib/python3.10/dist-packages/airflow/example_dags/example_bash_operator.py took 0.140 seconds
[2023-12-05T17:51:22.548+0000] {processor.py:157} INFO - Started process (PID=10002) to work on /usr/local/lib/python3.10/dist-packages/airflow/example_dags/example_bash_operator.py
[2023-12-05T17:51:22.550+0000] {processor.py:829} INFO - Processing file /usr/local/lib/python3.10/dist-packages/airflow/example_dags/example_bash_operator.py for tasks to queue
[2023-12-05T17:51:22.551+0000] {logging_mixin.py:154} INFO - [2023-12-05T17:51:22.551+0000] {dagbag.py:536} INFO - Filling up the DagBag from /usr/local/lib/python3.10/dist-packages/airflow/example_dags/example_bash_operator.py
[2023-12-05T17:51:22.567+0000] {processor.py:839} INFO - DAG(s) dict_keys(['example_bash_operator']) retrieved from /usr/local/lib/python3.10/dist-packages/airflow/example_dags/example_bash_operator.py
[2023-12-05T17:51:22.605+0000] {logging_mixin.py:154} INFO - [2023-12-05T17:51:22.605+0000] {dag.py:2941} INFO - Sync 1 DAGs
[2023-12-05T17:51:22.633+0000] {logging_mixin.py:154} INFO - [2023-12-05T17:51:22.633+0000] {dag.py:3722} INFO - Setting next_dagrun for example_bash_operator to 2023-12-04T00:00:00+00:00, run_after=2023-12-05T00:00:00+00:00
[2023-12-05T17:51:22.662+0000] {processor.py:179} INFO - Processing /usr/local/lib/python3.10/dist-packages/airflow/example_dags/example_bash_operator.py took 0.117 seconds
[2023-12-05T17:52:15.046+0000] {processor.py:157} INFO - Started process (PID=10121) to work on /usr/local/lib/python3.10/dist-packages/airflow/example_dags/example_bash_operator.py
[2023-12-05T17:52:15.048+0000] {processor.py:829} INFO - Processing file /usr/local/lib/python3.10/dist-packages/airflow/example_dags/example_bash_operator.py for tasks to queue
[2023-12-05T17:52:15.049+0000] {logging_mixin.py:154} INFO - [2023-12-05T17:52:15.048+0000] {dagbag.py:536} INFO - Filling up the DagBag from /usr/local/lib/python3.10/dist-packages/airflow/example_dags/example_bash_operator.py
[2023-12-05T17:52:15.066+0000] {processor.py:839} INFO - DAG(s) dict_keys(['example_bash_operator']) retrieved from /usr/local/lib/python3.10/dist-packages/airflow/example_dags/example_bash_operator.py
[2023-12-05T17:52:15.109+0000] {logging_mixin.py:154} INFO - [2023-12-05T17:52:15.109+0000] {dag.py:2941} INFO - Sync 1 DAGs
[2023-12-05T17:52:15.137+0000] {logging_mixin.py:154} INFO - [2023-12-05T17:52:15.137+0000] {dag.py:3722} INFO - Setting next_dagrun for example_bash_operator to 2023-12-04T00:00:00+00:00, run_after=2023-12-05T00:00:00+00:00
[2023-12-05T17:52:15.164+0000] {processor.py:179} INFO - Processing /usr/local/lib/python3.10/dist-packages/airflow/example_dags/example_bash_operator.py took 0.121 seconds
[2023-12-05T17:53:07.151+0000] {processor.py:157} INFO - Started process (PID=10243) to work on /usr/local/lib/python3.10/dist-packages/airflow/example_dags/example_bash_operator.py
[2023-12-05T17:53:07.153+0000] {processor.py:829} INFO - Processing file /usr/local/lib/python3.10/dist-packages/airflow/example_dags/example_bash_operator.py for tasks to queue
[2023-12-05T17:53:07.153+0000] {logging_mixin.py:154} INFO - [2023-12-05T17:53:07.153+0000] {dagbag.py:536} INFO - Filling up the DagBag from /usr/local/lib/python3.10/dist-packages/airflow/example_dags/example_bash_operator.py
[2023-12-05T17:53:07.186+0000] {processor.py:839} INFO - DAG(s) dict_keys(['example_bash_operator']) retrieved from /usr/local/lib/python3.10/dist-packages/airflow/example_dags/example_bash_operator.py
[2023-12-05T17:53:07.219+0000] {logging_mixin.py:154} INFO - [2023-12-05T17:53:07.219+0000] {dag.py:2941} INFO - Sync 1 DAGs
[2023-12-05T17:53:07.250+0000] {logging_mixin.py:154} INFO - [2023-12-05T17:53:07.249+0000] {dag.py:3722} INFO - Setting next_dagrun for example_bash_operator to 2023-12-04T00:00:00+00:00, run_after=2023-12-05T00:00:00+00:00
[2023-12-05T17:53:07.283+0000] {processor.py:179} INFO - Processing /usr/local/lib/python3.10/dist-packages/airflow/example_dags/example_bash_operator.py took 0.140 seconds
[2023-12-05T17:53:57.286+0000] {processor.py:157} INFO - Started process (PID=10358) to work on /usr/local/lib/python3.10/dist-packages/airflow/example_dags/example_bash_operator.py
[2023-12-05T17:53:57.288+0000] {processor.py:829} INFO - Processing file /usr/local/lib/python3.10/dist-packages/airflow/example_dags/example_bash_operator.py for tasks to queue
[2023-12-05T17:53:57.289+0000] {logging_mixin.py:154} INFO - [2023-12-05T17:53:57.289+0000] {dagbag.py:536} INFO - Filling up the DagBag from /usr/local/lib/python3.10/dist-packages/airflow/example_dags/example_bash_operator.py
[2023-12-05T17:53:57.302+0000] {processor.py:839} INFO - DAG(s) dict_keys(['example_bash_operator']) retrieved from /usr/local/lib/python3.10/dist-packages/airflow/example_dags/example_bash_operator.py
[2023-12-05T17:53:57.328+0000] {logging_mixin.py:154} INFO - [2023-12-05T17:53:57.328+0000] {dag.py:2941} INFO - Sync 1 DAGs
[2023-12-05T17:53:57.349+0000] {logging_mixin.py:154} INFO - [2023-12-05T17:53:57.349+0000] {dag.py:3722} INFO - Setting next_dagrun for example_bash_operator to 2023-12-04T00:00:00+00:00, run_after=2023-12-05T00:00:00+00:00
[2023-12-05T17:53:57.374+0000] {processor.py:179} INFO - Processing /usr/local/lib/python3.10/dist-packages/airflow/example_dags/example_bash_operator.py took 0.092 seconds
[2023-12-05T17:54:47.195+0000] {processor.py:157} INFO - Started process (PID=10476) to work on /usr/local/lib/python3.10/dist-packages/airflow/example_dags/example_bash_operator.py
[2023-12-05T17:54:47.196+0000] {processor.py:829} INFO - Processing file /usr/local/lib/python3.10/dist-packages/airflow/example_dags/example_bash_operator.py for tasks to queue
[2023-12-05T17:54:47.197+0000] {logging_mixin.py:154} INFO - [2023-12-05T17:54:47.197+0000] {dagbag.py:536} INFO - Filling up the DagBag from /usr/local/lib/python3.10/dist-packages/airflow/example_dags/example_bash_operator.py
[2023-12-05T17:54:47.224+0000] {processor.py:839} INFO - DAG(s) dict_keys(['example_bash_operator']) retrieved from /usr/local/lib/python3.10/dist-packages/airflow/example_dags/example_bash_operator.py
[2023-12-05T17:54:47.255+0000] {logging_mixin.py:154} INFO - [2023-12-05T17:54:47.255+0000] {dag.py:2941} INFO - Sync 1 DAGs
[2023-12-05T17:54:47.280+0000] {logging_mixin.py:154} INFO - [2023-12-05T17:54:47.279+0000] {dag.py:3722} INFO - Setting next_dagrun for example_bash_operator to 2023-12-04T00:00:00+00:00, run_after=2023-12-05T00:00:00+00:00
[2023-12-05T17:54:47.306+0000] {processor.py:179} INFO - Processing /usr/local/lib/python3.10/dist-packages/airflow/example_dags/example_bash_operator.py took 0.116 seconds
[2023-12-05T17:55:39.807+0000] {processor.py:157} INFO - Started process (PID=10596) to work on /usr/local/lib/python3.10/dist-packages/airflow/example_dags/example_bash_operator.py
[2023-12-05T17:55:39.808+0000] {processor.py:829} INFO - Processing file /usr/local/lib/python3.10/dist-packages/airflow/example_dags/example_bash_operator.py for tasks to queue
[2023-12-05T17:55:39.809+0000] {logging_mixin.py:154} INFO - [2023-12-05T17:55:39.809+0000] {dagbag.py:536} INFO - Filling up the DagBag from /usr/local/lib/python3.10/dist-packages/airflow/example_dags/example_bash_operator.py
[2023-12-05T17:55:39.821+0000] {processor.py:839} INFO - DAG(s) dict_keys(['example_bash_operator']) retrieved from /usr/local/lib/python3.10/dist-packages/airflow/example_dags/example_bash_operator.py
[2023-12-05T17:55:39.848+0000] {logging_mixin.py:154} INFO - [2023-12-05T17:55:39.848+0000] {dag.py:2941} INFO - Sync 1 DAGs
[2023-12-05T17:55:39.868+0000] {logging_mixin.py:154} INFO - [2023-12-05T17:55:39.868+0000] {dag.py:3722} INFO - Setting next_dagrun for example_bash_operator to 2023-12-04T00:00:00+00:00, run_after=2023-12-05T00:00:00+00:00
[2023-12-05T17:55:39.893+0000] {processor.py:179} INFO - Processing /usr/local/lib/python3.10/dist-packages/airflow/example_dags/example_bash_operator.py took 0.089 seconds
[2023-12-05T17:56:31.483+0000] {processor.py:157} INFO - Started process (PID=10774) to work on /usr/local/lib/python3.10/dist-packages/airflow/example_dags/example_bash_operator.py
[2023-12-05T17:56:31.484+0000] {processor.py:829} INFO - Processing file /usr/local/lib/python3.10/dist-packages/airflow/example_dags/example_bash_operator.py for tasks to queue
[2023-12-05T17:56:31.485+0000] {logging_mixin.py:154} INFO - [2023-12-05T17:56:31.485+0000] {dagbag.py:536} INFO - Filling up the DagBag from /usr/local/lib/python3.10/dist-packages/airflow/example_dags/example_bash_operator.py
[2023-12-05T17:56:31.503+0000] {processor.py:839} INFO - DAG(s) dict_keys(['example_bash_operator']) retrieved from /usr/local/lib/python3.10/dist-packages/airflow/example_dags/example_bash_operator.py
[2023-12-05T17:56:31.531+0000] {logging_mixin.py:154} INFO - [2023-12-05T17:56:31.531+0000] {dag.py:2941} INFO - Sync 1 DAGs
[2023-12-05T17:56:31.558+0000] {logging_mixin.py:154} INFO - [2023-12-05T17:56:31.558+0000] {dag.py:3722} INFO - Setting next_dagrun for example_bash_operator to 2023-12-04T00:00:00+00:00, run_after=2023-12-05T00:00:00+00:00
[2023-12-05T17:56:31.588+0000] {processor.py:179} INFO - Processing /usr/local/lib/python3.10/dist-packages/airflow/example_dags/example_bash_operator.py took 0.109 seconds
[2023-12-05T17:57:26.253+0000] {processor.py:157} INFO - Started process (PID=10896) to work on /usr/local/lib/python3.10/dist-packages/airflow/example_dags/example_bash_operator.py
[2023-12-05T17:57:26.255+0000] {processor.py:829} INFO - Processing file /usr/local/lib/python3.10/dist-packages/airflow/example_dags/example_bash_operator.py for tasks to queue
[2023-12-05T17:57:26.256+0000] {logging_mixin.py:154} INFO - [2023-12-05T17:57:26.255+0000] {dagbag.py:536} INFO - Filling up the DagBag from /usr/local/lib/python3.10/dist-packages/airflow/example_dags/example_bash_operator.py
[2023-12-05T17:57:26.267+0000] {processor.py:839} INFO - DAG(s) dict_keys(['example_bash_operator']) retrieved from /usr/local/lib/python3.10/dist-packages/airflow/example_dags/example_bash_operator.py
[2023-12-05T17:57:26.289+0000] {logging_mixin.py:154} INFO - [2023-12-05T17:57:26.289+0000] {dag.py:2941} INFO - Sync 1 DAGs
[2023-12-05T17:57:26.310+0000] {logging_mixin.py:154} INFO - [2023-12-05T17:57:26.310+0000] {dag.py:3722} INFO - Setting next_dagrun for example_bash_operator to 2023-12-04T00:00:00+00:00, run_after=2023-12-05T00:00:00+00:00
[2023-12-05T17:57:26.336+0000] {processor.py:179} INFO - Processing /usr/local/lib/python3.10/dist-packages/airflow/example_dags/example_bash_operator.py took 0.085 seconds
[2023-12-05T17:58:22.429+0000] {processor.py:157} INFO - Started process (PID=11023) to work on /usr/local/lib/python3.10/dist-packages/airflow/example_dags/example_bash_operator.py
[2023-12-05T17:58:22.438+0000] {processor.py:829} INFO - Processing file /usr/local/lib/python3.10/dist-packages/airflow/example_dags/example_bash_operator.py for tasks to queue
[2023-12-05T17:58:22.442+0000] {logging_mixin.py:154} INFO - [2023-12-05T17:58:22.441+0000] {dagbag.py:536} INFO - Filling up the DagBag from /usr/local/lib/python3.10/dist-packages/airflow/example_dags/example_bash_operator.py
[2023-12-05T17:58:22.465+0000] {processor.py:839} INFO - DAG(s) dict_keys(['example_bash_operator']) retrieved from /usr/local/lib/python3.10/dist-packages/airflow/example_dags/example_bash_operator.py
[2023-12-05T17:58:22.494+0000] {logging_mixin.py:154} INFO - [2023-12-05T17:58:22.493+0000] {dag.py:2941} INFO - Sync 1 DAGs
[2023-12-05T17:58:22.521+0000] {logging_mixin.py:154} INFO - [2023-12-05T17:58:22.521+0000] {dag.py:3722} INFO - Setting next_dagrun for example_bash_operator to 2023-12-04T00:00:00+00:00, run_after=2023-12-05T00:00:00+00:00
[2023-12-05T17:58:22.565+0000] {processor.py:179} INFO - Processing /usr/local/lib/python3.10/dist-packages/airflow/example_dags/example_bash_operator.py took 0.147 seconds
[2023-12-05T17:59:12.463+0000] {processor.py:157} INFO - Started process (PID=11146) to work on /usr/local/lib/python3.10/dist-packages/airflow/example_dags/example_bash_operator.py
[2023-12-05T17:59:12.464+0000] {processor.py:829} INFO - Processing file /usr/local/lib/python3.10/dist-packages/airflow/example_dags/example_bash_operator.py for tasks to queue
[2023-12-05T17:59:12.465+0000] {logging_mixin.py:154} INFO - [2023-12-05T17:59:12.465+0000] {dagbag.py:536} INFO - Filling up the DagBag from /usr/local/lib/python3.10/dist-packages/airflow/example_dags/example_bash_operator.py
[2023-12-05T17:59:12.480+0000] {processor.py:839} INFO - DAG(s) dict_keys(['example_bash_operator']) retrieved from /usr/local/lib/python3.10/dist-packages/airflow/example_dags/example_bash_operator.py
[2023-12-05T17:59:12.511+0000] {logging_mixin.py:154} INFO - [2023-12-05T17:59:12.511+0000] {dag.py:2941} INFO - Sync 1 DAGs
[2023-12-05T17:59:12.542+0000] {logging_mixin.py:154} INFO - [2023-12-05T17:59:12.541+0000] {dag.py:3722} INFO - Setting next_dagrun for example_bash_operator to 2023-12-04T00:00:00+00:00, run_after=2023-12-05T00:00:00+00:00
[2023-12-05T17:59:12.572+0000] {processor.py:179} INFO - Processing /usr/local/lib/python3.10/dist-packages/airflow/example_dags/example_bash_operator.py took 0.113 seconds
[2023-12-05T18:00:05.995+0000] {processor.py:157} INFO - Started process (PID=11263) to work on /usr/local/lib/python3.10/dist-packages/airflow/example_dags/example_bash_operator.py
[2023-12-05T18:00:05.997+0000] {processor.py:829} INFO - Processing file /usr/local/lib/python3.10/dist-packages/airflow/example_dags/example_bash_operator.py for tasks to queue
[2023-12-05T18:00:06.002+0000] {logging_mixin.py:154} INFO - [2023-12-05T18:00:06.001+0000] {dagbag.py:536} INFO - Filling up the DagBag from /usr/local/lib/python3.10/dist-packages/airflow/example_dags/example_bash_operator.py
[2023-12-05T18:00:06.032+0000] {processor.py:839} INFO - DAG(s) dict_keys(['example_bash_operator']) retrieved from /usr/local/lib/python3.10/dist-packages/airflow/example_dags/example_bash_operator.py
[2023-12-05T18:00:06.080+0000] {logging_mixin.py:154} INFO - [2023-12-05T18:00:06.080+0000] {dag.py:2941} INFO - Sync 1 DAGs
[2023-12-05T18:00:06.105+0000] {logging_mixin.py:154} INFO - [2023-12-05T18:00:06.105+0000] {dag.py:3722} INFO - Setting next_dagrun for example_bash_operator to 2023-12-04T00:00:00+00:00, run_after=2023-12-05T00:00:00+00:00
[2023-12-05T18:00:06.135+0000] {processor.py:179} INFO - Processing /usr/local/lib/python3.10/dist-packages/airflow/example_dags/example_bash_operator.py took 0.154 seconds
[2023-12-05T18:00:57.014+0000] {processor.py:157} INFO - Started process (PID=11321) to work on /usr/local/lib/python3.10/dist-packages/airflow/example_dags/example_bash_operator.py
[2023-12-05T18:00:57.016+0000] {processor.py:829} INFO - Processing file /usr/local/lib/python3.10/dist-packages/airflow/example_dags/example_bash_operator.py for tasks to queue
[2023-12-05T18:00:57.017+0000] {logging_mixin.py:154} INFO - [2023-12-05T18:00:57.016+0000] {dagbag.py:536} INFO - Filling up the DagBag from /usr/local/lib/python3.10/dist-packages/airflow/example_dags/example_bash_operator.py
[2023-12-05T18:00:57.028+0000] {processor.py:839} INFO - DAG(s) dict_keys(['example_bash_operator']) retrieved from /usr/local/lib/python3.10/dist-packages/airflow/example_dags/example_bash_operator.py
[2023-12-05T18:00:57.051+0000] {logging_mixin.py:154} INFO - [2023-12-05T18:00:57.051+0000] {dag.py:2941} INFO - Sync 1 DAGs
[2023-12-05T18:00:57.077+0000] {logging_mixin.py:154} INFO - [2023-12-05T18:00:57.076+0000] {dag.py:3722} INFO - Setting next_dagrun for example_bash_operator to 2023-12-04T00:00:00+00:00, run_after=2023-12-05T00:00:00+00:00
[2023-12-05T18:00:57.107+0000] {processor.py:179} INFO - Processing /usr/local/lib/python3.10/dist-packages/airflow/example_dags/example_bash_operator.py took 0.096 seconds
[2023-12-05T18:01:42.688+0000] {processor.py:157} INFO - Started process (PID=11497) to work on /usr/local/lib/python3.10/dist-packages/airflow/example_dags/example_bash_operator.py
[2023-12-05T18:01:42.690+0000] {processor.py:829} INFO - Processing file /usr/local/lib/python3.10/dist-packages/airflow/example_dags/example_bash_operator.py for tasks to queue
[2023-12-05T18:01:42.692+0000] {logging_mixin.py:154} INFO - [2023-12-05T18:01:42.692+0000] {dagbag.py:536} INFO - Filling up the DagBag from /usr/local/lib/python3.10/dist-packages/airflow/example_dags/example_bash_operator.py
[2023-12-05T18:01:42.709+0000] {processor.py:839} INFO - DAG(s) dict_keys(['example_bash_operator']) retrieved from /usr/local/lib/python3.10/dist-packages/airflow/example_dags/example_bash_operator.py
[2023-12-05T18:01:42.739+0000] {logging_mixin.py:154} INFO - [2023-12-05T18:01:42.738+0000] {dag.py:2941} INFO - Sync 1 DAGs
[2023-12-05T18:01:42.765+0000] {logging_mixin.py:154} INFO - [2023-12-05T18:01:42.765+0000] {dag.py:3722} INFO - Setting next_dagrun for example_bash_operator to 2023-12-04T00:00:00+00:00, run_after=2023-12-05T00:00:00+00:00
[2023-12-05T18:01:42.793+0000] {processor.py:179} INFO - Processing /usr/local/lib/python3.10/dist-packages/airflow/example_dags/example_bash_operator.py took 0.110 seconds
[2023-12-05T18:02:32.392+0000] {processor.py:157} INFO - Started process (PID=11614) to work on /usr/local/lib/python3.10/dist-packages/airflow/example_dags/example_bash_operator.py
[2023-12-05T18:02:32.394+0000] {processor.py:829} INFO - Processing file /usr/local/lib/python3.10/dist-packages/airflow/example_dags/example_bash_operator.py for tasks to queue
[2023-12-05T18:02:32.399+0000] {logging_mixin.py:154} INFO - [2023-12-05T18:02:32.398+0000] {dagbag.py:536} INFO - Filling up the DagBag from /usr/local/lib/python3.10/dist-packages/airflow/example_dags/example_bash_operator.py
[2023-12-05T18:02:32.414+0000] {processor.py:839} INFO - DAG(s) dict_keys(['example_bash_operator']) retrieved from /usr/local/lib/python3.10/dist-packages/airflow/example_dags/example_bash_operator.py
[2023-12-05T18:02:32.438+0000] {logging_mixin.py:154} INFO - [2023-12-05T18:02:32.438+0000] {dag.py:2941} INFO - Sync 1 DAGs
[2023-12-05T18:02:32.462+0000] {logging_mixin.py:154} INFO - [2023-12-05T18:02:32.462+0000] {dag.py:3722} INFO - Setting next_dagrun for example_bash_operator to 2023-12-04T00:00:00+00:00, run_after=2023-12-05T00:00:00+00:00
[2023-12-05T18:02:32.484+0000] {processor.py:179} INFO - Processing /usr/local/lib/python3.10/dist-packages/airflow/example_dags/example_bash_operator.py took 0.096 seconds
[2023-12-05T18:03:25.877+0000] {processor.py:157} INFO - Started process (PID=11735) to work on /usr/local/lib/python3.10/dist-packages/airflow/example_dags/example_bash_operator.py
[2023-12-05T18:03:25.879+0000] {processor.py:829} INFO - Processing file /usr/local/lib/python3.10/dist-packages/airflow/example_dags/example_bash_operator.py for tasks to queue
[2023-12-05T18:03:25.879+0000] {logging_mixin.py:154} INFO - [2023-12-05T18:03:25.879+0000] {dagbag.py:536} INFO - Filling up the DagBag from /usr/local/lib/python3.10/dist-packages/airflow/example_dags/example_bash_operator.py
[2023-12-05T18:03:25.892+0000] {processor.py:839} INFO - DAG(s) dict_keys(['example_bash_operator']) retrieved from /usr/local/lib/python3.10/dist-packages/airflow/example_dags/example_bash_operator.py
[2023-12-05T18:03:25.919+0000] {logging_mixin.py:154} INFO - [2023-12-05T18:03:25.919+0000] {dag.py:2941} INFO - Sync 1 DAGs
[2023-12-05T18:03:25.940+0000] {logging_mixin.py:154} INFO - [2023-12-05T18:03:25.940+0000] {dag.py:3722} INFO - Setting next_dagrun for example_bash_operator to 2023-12-04T00:00:00+00:00, run_after=2023-12-05T00:00:00+00:00
[2023-12-05T18:03:25.962+0000] {processor.py:179} INFO - Processing /usr/local/lib/python3.10/dist-packages/airflow/example_dags/example_bash_operator.py took 0.088 seconds
[2023-12-05T18:04:14.262+0000] {processor.py:157} INFO - Started process (PID=11853) to work on /usr/local/lib/python3.10/dist-packages/airflow/example_dags/example_bash_operator.py
[2023-12-05T18:04:14.264+0000] {processor.py:829} INFO - Processing file /usr/local/lib/python3.10/dist-packages/airflow/example_dags/example_bash_operator.py for tasks to queue
[2023-12-05T18:04:14.265+0000] {logging_mixin.py:154} INFO - [2023-12-05T18:04:14.264+0000] {dagbag.py:536} INFO - Filling up the DagBag from /usr/local/lib/python3.10/dist-packages/airflow/example_dags/example_bash_operator.py
[2023-12-05T18:04:14.279+0000] {processor.py:839} INFO - DAG(s) dict_keys(['example_bash_operator']) retrieved from /usr/local/lib/python3.10/dist-packages/airflow/example_dags/example_bash_operator.py
[2023-12-05T18:04:14.311+0000] {logging_mixin.py:154} INFO - [2023-12-05T18:04:14.310+0000] {dag.py:2941} INFO - Sync 1 DAGs
[2023-12-05T18:04:14.338+0000] {logging_mixin.py:154} INFO - [2023-12-05T18:04:14.338+0000] {dag.py:3722} INFO - Setting next_dagrun for example_bash_operator to 2023-12-04T00:00:00+00:00, run_after=2023-12-05T00:00:00+00:00
[2023-12-05T18:04:14.361+0000] {processor.py:179} INFO - Processing /usr/local/lib/python3.10/dist-packages/airflow/example_dags/example_bash_operator.py took 0.103 seconds
[2023-12-05T18:05:06.287+0000] {processor.py:157} INFO - Started process (PID=12388) to work on /usr/local/lib/python3.10/dist-packages/airflow/example_dags/example_bash_operator.py
[2023-12-05T18:05:06.288+0000] {processor.py:829} INFO - Processing file /usr/local/lib/python3.10/dist-packages/airflow/example_dags/example_bash_operator.py for tasks to queue
[2023-12-05T18:05:06.290+0000] {logging_mixin.py:154} INFO - [2023-12-05T18:05:06.289+0000] {dagbag.py:536} INFO - Filling up the DagBag from /usr/local/lib/python3.10/dist-packages/airflow/example_dags/example_bash_operator.py
[2023-12-05T18:05:06.305+0000] {processor.py:839} INFO - DAG(s) dict_keys(['example_bash_operator']) retrieved from /usr/local/lib/python3.10/dist-packages/airflow/example_dags/example_bash_operator.py
[2023-12-05T18:05:06.333+0000] {logging_mixin.py:154} INFO - [2023-12-05T18:05:06.333+0000] {dag.py:2941} INFO - Sync 1 DAGs
[2023-12-05T18:05:06.354+0000] {logging_mixin.py:154} INFO - [2023-12-05T18:05:06.353+0000] {dag.py:3722} INFO - Setting next_dagrun for example_bash_operator to 2023-12-04T00:00:00+00:00, run_after=2023-12-05T00:00:00+00:00
[2023-12-05T18:05:06.383+0000] {processor.py:179} INFO - Processing /usr/local/lib/python3.10/dist-packages/airflow/example_dags/example_bash_operator.py took 0.099 seconds
[2023-12-05T18:05:57.019+0000] {processor.py:157} INFO - Started process (PID=12540) to work on /usr/local/lib/python3.10/dist-packages/airflow/example_dags/example_bash_operator.py
[2023-12-05T18:05:57.020+0000] {processor.py:829} INFO - Processing file /usr/local/lib/python3.10/dist-packages/airflow/example_dags/example_bash_operator.py for tasks to queue
[2023-12-05T18:05:57.021+0000] {logging_mixin.py:154} INFO - [2023-12-05T18:05:57.021+0000] {dagbag.py:536} INFO - Filling up the DagBag from /usr/local/lib/python3.10/dist-packages/airflow/example_dags/example_bash_operator.py
[2023-12-05T18:05:57.047+0000] {processor.py:839} INFO - DAG(s) dict_keys(['example_bash_operator']) retrieved from /usr/local/lib/python3.10/dist-packages/airflow/example_dags/example_bash_operator.py
[2023-12-05T18:05:57.080+0000] {logging_mixin.py:154} INFO - [2023-12-05T18:05:57.080+0000] {dag.py:2941} INFO - Sync 1 DAGs
[2023-12-05T18:05:57.111+0000] {logging_mixin.py:154} INFO - [2023-12-05T18:05:57.111+0000] {dag.py:3722} INFO - Setting next_dagrun for example_bash_operator to 2023-12-04T00:00:00+00:00, run_after=2023-12-05T00:00:00+00:00
[2023-12-05T18:05:57.150+0000] {processor.py:179} INFO - Processing /usr/local/lib/python3.10/dist-packages/airflow/example_dags/example_bash_operator.py took 0.135 seconds
[2023-12-05T18:06:48.902+0000] {processor.py:157} INFO - Started process (PID=12783) to work on /usr/local/lib/python3.10/dist-packages/airflow/example_dags/example_bash_operator.py
[2023-12-05T18:06:48.904+0000] {processor.py:829} INFO - Processing file /usr/local/lib/python3.10/dist-packages/airflow/example_dags/example_bash_operator.py for tasks to queue
[2023-12-05T18:06:48.904+0000] {logging_mixin.py:154} INFO - [2023-12-05T18:06:48.904+0000] {dagbag.py:536} INFO - Filling up the DagBag from /usr/local/lib/python3.10/dist-packages/airflow/example_dags/example_bash_operator.py
[2023-12-05T18:06:48.917+0000] {processor.py:839} INFO - DAG(s) dict_keys(['example_bash_operator']) retrieved from /usr/local/lib/python3.10/dist-packages/airflow/example_dags/example_bash_operator.py
[2023-12-05T18:06:48.941+0000] {logging_mixin.py:154} INFO - [2023-12-05T18:06:48.941+0000] {dag.py:2941} INFO - Sync 1 DAGs
[2023-12-05T18:06:48.962+0000] {logging_mixin.py:154} INFO - [2023-12-05T18:06:48.962+0000] {dag.py:3722} INFO - Setting next_dagrun for example_bash_operator to 2023-12-04T00:00:00+00:00, run_after=2023-12-05T00:00:00+00:00
[2023-12-05T18:06:48.984+0000] {processor.py:179} INFO - Processing /usr/local/lib/python3.10/dist-packages/airflow/example_dags/example_bash_operator.py took 0.085 seconds
[2023-12-05T18:07:45.729+0000] {processor.py:157} INFO - Started process (PID=13087) to work on /usr/local/lib/python3.10/dist-packages/airflow/example_dags/example_bash_operator.py
[2023-12-05T18:07:45.731+0000] {processor.py:829} INFO - Processing file /usr/local/lib/python3.10/dist-packages/airflow/example_dags/example_bash_operator.py for tasks to queue
[2023-12-05T18:07:45.732+0000] {logging_mixin.py:154} INFO - [2023-12-05T18:07:45.731+0000] {dagbag.py:536} INFO - Filling up the DagBag from /usr/local/lib/python3.10/dist-packages/airflow/example_dags/example_bash_operator.py
[2023-12-05T18:07:45.745+0000] {processor.py:839} INFO - DAG(s) dict_keys(['example_bash_operator']) retrieved from /usr/local/lib/python3.10/dist-packages/airflow/example_dags/example_bash_operator.py
[2023-12-05T18:07:45.774+0000] {logging_mixin.py:154} INFO - [2023-12-05T18:07:45.773+0000] {dag.py:2941} INFO - Sync 1 DAGs
[2023-12-05T18:07:45.810+0000] {logging_mixin.py:154} INFO - [2023-12-05T18:07:45.809+0000] {dag.py:3722} INFO - Setting next_dagrun for example_bash_operator to 2023-12-04T00:00:00+00:00, run_after=2023-12-05T00:00:00+00:00
[2023-12-05T18:07:45.836+0000] {processor.py:179} INFO - Processing /usr/local/lib/python3.10/dist-packages/airflow/example_dags/example_bash_operator.py took 0.111 seconds
[2023-12-05T18:08:42.617+0000] {processor.py:157} INFO - Started process (PID=13337) to work on /usr/local/lib/python3.10/dist-packages/airflow/example_dags/example_bash_operator.py
[2023-12-05T18:08:42.624+0000] {processor.py:829} INFO - Processing file /usr/local/lib/python3.10/dist-packages/airflow/example_dags/example_bash_operator.py for tasks to queue
[2023-12-05T18:08:42.625+0000] {logging_mixin.py:154} INFO - [2023-12-05T18:08:42.625+0000] {dagbag.py:536} INFO - Filling up the DagBag from /usr/local/lib/python3.10/dist-packages/airflow/example_dags/example_bash_operator.py
[2023-12-05T18:08:42.641+0000] {processor.py:839} INFO - DAG(s) dict_keys(['example_bash_operator']) retrieved from /usr/local/lib/python3.10/dist-packages/airflow/example_dags/example_bash_operator.py
[2023-12-05T18:08:42.669+0000] {logging_mixin.py:154} INFO - [2023-12-05T18:08:42.668+0000] {dag.py:2941} INFO - Sync 1 DAGs
[2023-12-05T18:08:42.696+0000] {logging_mixin.py:154} INFO - [2023-12-05T18:08:42.696+0000] {dag.py:3722} INFO - Setting next_dagrun for example_bash_operator to 2023-12-04T00:00:00+00:00, run_after=2023-12-05T00:00:00+00:00
[2023-12-05T18:08:42.728+0000] {processor.py:179} INFO - Processing /usr/local/lib/python3.10/dist-packages/airflow/example_dags/example_bash_operator.py took 0.114 seconds
[2023-12-05T18:09:36.149+0000] {processor.py:157} INFO - Started process (PID=13642) to work on /usr/local/lib/python3.10/dist-packages/airflow/example_dags/example_bash_operator.py
[2023-12-05T18:09:36.150+0000] {processor.py:829} INFO - Processing file /usr/local/lib/python3.10/dist-packages/airflow/example_dags/example_bash_operator.py for tasks to queue
[2023-12-05T18:09:36.151+0000] {logging_mixin.py:154} INFO - [2023-12-05T18:09:36.150+0000] {dagbag.py:536} INFO - Filling up the DagBag from /usr/local/lib/python3.10/dist-packages/airflow/example_dags/example_bash_operator.py
[2023-12-05T18:09:36.164+0000] {processor.py:839} INFO - DAG(s) dict_keys(['example_bash_operator']) retrieved from /usr/local/lib/python3.10/dist-packages/airflow/example_dags/example_bash_operator.py
[2023-12-05T18:09:36.193+0000] {logging_mixin.py:154} INFO - [2023-12-05T18:09:36.192+0000] {dag.py:2941} INFO - Sync 1 DAGs
[2023-12-05T18:09:36.216+0000] {logging_mixin.py:154} INFO - [2023-12-05T18:09:36.216+0000] {dag.py:3722} INFO - Setting next_dagrun for example_bash_operator to 2023-12-04T00:00:00+00:00, run_after=2023-12-05T00:00:00+00:00
[2023-12-05T18:09:36.254+0000] {processor.py:179} INFO - Processing /usr/local/lib/python3.10/dist-packages/airflow/example_dags/example_bash_operator.py took 0.109 seconds
[2023-12-05T18:10:24.165+0000] {processor.py:157} INFO - Started process (PID=13759) to work on /usr/local/lib/python3.10/dist-packages/airflow/example_dags/example_bash_operator.py
[2023-12-05T18:10:24.167+0000] {processor.py:829} INFO - Processing file /usr/local/lib/python3.10/dist-packages/airflow/example_dags/example_bash_operator.py for tasks to queue
[2023-12-05T18:10:24.168+0000] {logging_mixin.py:154} INFO - [2023-12-05T18:10:24.167+0000] {dagbag.py:536} INFO - Filling up the DagBag from /usr/local/lib/python3.10/dist-packages/airflow/example_dags/example_bash_operator.py
[2023-12-05T18:10:24.181+0000] {processor.py:839} INFO - DAG(s) dict_keys(['example_bash_operator']) retrieved from /usr/local/lib/python3.10/dist-packages/airflow/example_dags/example_bash_operator.py
[2023-12-05T18:10:24.212+0000] {logging_mixin.py:154} INFO - [2023-12-05T18:10:24.212+0000] {dag.py:2941} INFO - Sync 1 DAGs
[2023-12-05T18:10:24.237+0000] {logging_mixin.py:154} INFO - [2023-12-05T18:10:24.237+0000] {dag.py:3722} INFO - Setting next_dagrun for example_bash_operator to 2023-12-04T00:00:00+00:00, run_after=2023-12-05T00:00:00+00:00
[2023-12-05T18:10:24.262+0000] {processor.py:179} INFO - Processing /usr/local/lib/python3.10/dist-packages/airflow/example_dags/example_bash_operator.py took 0.101 seconds
