[2023-12-05T17:45:00.312+0000] {processor.py:157} INFO - Started process (PID=8885) to work on /usr/local/lib/python3.10/dist-packages/airflow/example_dags/example_time_delta_sensor_async.py
[2023-12-05T17:45:00.313+0000] {processor.py:829} INFO - Processing file /usr/local/lib/python3.10/dist-packages/airflow/example_dags/example_time_delta_sensor_async.py for tasks to queue
[2023-12-05T17:45:00.314+0000] {logging_mixin.py:154} INFO - [2023-12-05T17:45:00.313+0000] {dagbag.py:536} INFO - Filling up the DagBag from /usr/local/lib/python3.10/dist-packages/airflow/example_dags/example_time_delta_sensor_async.py
[2023-12-05T17:45:00.320+0000] {processor.py:839} INFO - DAG(s) dict_keys(['example_time_delta_sensor_async']) retrieved from /usr/local/lib/python3.10/dist-packages/airflow/example_dags/example_time_delta_sensor_async.py
[2023-12-05T17:45:00.464+0000] {logging_mixin.py:154} INFO - [2023-12-05T17:45:00.464+0000] {manager.py:499} INFO - Created Permission View: %s
[2023-12-05T17:45:00.483+0000] {logging_mixin.py:154} INFO - [2023-12-05T17:45:00.483+0000] {manager.py:499} INFO - Created Permission View: %s
[2023-12-05T17:45:00.496+0000] {logging_mixin.py:154} INFO - [2023-12-05T17:45:00.496+0000] {manager.py:499} INFO - Created Permission View: %s
[2023-12-05T17:45:00.497+0000] {logging_mixin.py:154} INFO - [2023-12-05T17:45:00.497+0000] {dag.py:2941} INFO - Sync 1 DAGs
[2023-12-05T17:45:00.512+0000] {logging_mixin.py:154} INFO - [2023-12-05T17:45:00.511+0000] {dag.py:2963} INFO - Creating ORM DAG for example_time_delta_sensor_async
[2023-12-05T17:45:00.512+0000] {logging_mixin.py:154} INFO - [2023-12-05T17:45:00.512+0000] {dag.py:3722} INFO - Setting next_dagrun for example_time_delta_sensor_async to None, run_after=None
[2023-12-05T17:45:00.544+0000] {processor.py:179} INFO - Processing /usr/local/lib/python3.10/dist-packages/airflow/example_dags/example_time_delta_sensor_async.py took 0.236 seconds
[2023-12-05T17:46:13.733+0000] {processor.py:157} INFO - Started process (PID=9247) to work on /usr/local/lib/python3.10/dist-packages/airflow/example_dags/example_time_delta_sensor_async.py
[2023-12-05T17:46:13.736+0000] {processor.py:829} INFO - Processing file /usr/local/lib/python3.10/dist-packages/airflow/example_dags/example_time_delta_sensor_async.py for tasks to queue
[2023-12-05T17:46:13.737+0000] {logging_mixin.py:154} INFO - [2023-12-05T17:46:13.736+0000] {dagbag.py:536} INFO - Filling up the DagBag from /usr/local/lib/python3.10/dist-packages/airflow/example_dags/example_time_delta_sensor_async.py
[2023-12-05T17:46:13.747+0000] {processor.py:839} INFO - DAG(s) dict_keys(['example_time_delta_sensor_async']) retrieved from /usr/local/lib/python3.10/dist-packages/airflow/example_dags/example_time_delta_sensor_async.py
[2023-12-05T17:46:13.761+0000] {logging_mixin.py:154} INFO - [2023-12-05T17:46:13.761+0000] {dag.py:2941} INFO - Sync 1 DAGs
[2023-12-05T17:46:13.787+0000] {logging_mixin.py:154} INFO - [2023-12-05T17:46:13.787+0000] {dag.py:3722} INFO - Setting next_dagrun for example_time_delta_sensor_async to None, run_after=None
[2023-12-05T17:46:13.841+0000] {processor.py:179} INFO - Processing /usr/local/lib/python3.10/dist-packages/airflow/example_dags/example_time_delta_sensor_async.py took 0.114 seconds
[2023-12-05T17:47:03.722+0000] {processor.py:157} INFO - Started process (PID=9298) to work on /usr/local/lib/python3.10/dist-packages/airflow/example_dags/example_time_delta_sensor_async.py
[2023-12-05T17:47:03.723+0000] {processor.py:829} INFO - Processing file /usr/local/lib/python3.10/dist-packages/airflow/example_dags/example_time_delta_sensor_async.py for tasks to queue
[2023-12-05T17:47:03.724+0000] {logging_mixin.py:154} INFO - [2023-12-05T17:47:03.724+0000] {dagbag.py:536} INFO - Filling up the DagBag from /usr/local/lib/python3.10/dist-packages/airflow/example_dags/example_time_delta_sensor_async.py
[2023-12-05T17:47:03.730+0000] {processor.py:839} INFO - DAG(s) dict_keys(['example_time_delta_sensor_async']) retrieved from /usr/local/lib/python3.10/dist-packages/airflow/example_dags/example_time_delta_sensor_async.py
[2023-12-05T17:47:03.751+0000] {logging_mixin.py:154} INFO - [2023-12-05T17:47:03.750+0000] {dag.py:2941} INFO - Sync 1 DAGs
[2023-12-05T17:47:03.766+0000] {logging_mixin.py:154} INFO - [2023-12-05T17:47:03.765+0000] {dag.py:3722} INFO - Setting next_dagrun for example_time_delta_sensor_async to None, run_after=None
[2023-12-05T17:47:03.794+0000] {processor.py:179} INFO - Processing /usr/local/lib/python3.10/dist-packages/airflow/example_dags/example_time_delta_sensor_async.py took 0.076 seconds
[2023-12-05T17:47:51.311+0000] {processor.py:157} INFO - Started process (PID=9409) to work on /usr/local/lib/python3.10/dist-packages/airflow/example_dags/example_time_delta_sensor_async.py
[2023-12-05T17:47:51.313+0000] {processor.py:829} INFO - Processing file /usr/local/lib/python3.10/dist-packages/airflow/example_dags/example_time_delta_sensor_async.py for tasks to queue
[2023-12-05T17:47:51.313+0000] {logging_mixin.py:154} INFO - [2023-12-05T17:47:51.313+0000] {dagbag.py:536} INFO - Filling up the DagBag from /usr/local/lib/python3.10/dist-packages/airflow/example_dags/example_time_delta_sensor_async.py
[2023-12-05T17:47:51.324+0000] {processor.py:839} INFO - DAG(s) dict_keys(['example_time_delta_sensor_async']) retrieved from /usr/local/lib/python3.10/dist-packages/airflow/example_dags/example_time_delta_sensor_async.py
[2023-12-05T17:47:51.351+0000] {logging_mixin.py:154} INFO - [2023-12-05T17:47:51.349+0000] {dag.py:2941} INFO - Sync 1 DAGs
[2023-12-05T17:47:51.373+0000] {logging_mixin.py:154} INFO - [2023-12-05T17:47:51.373+0000] {dag.py:3722} INFO - Setting next_dagrun for example_time_delta_sensor_async to None, run_after=None
[2023-12-05T17:47:51.423+0000] {processor.py:179} INFO - Processing /usr/local/lib/python3.10/dist-packages/airflow/example_dags/example_time_delta_sensor_async.py took 0.117 seconds
[2023-12-05T17:48:28.959+0000] {processor.py:157} INFO - Started process (PID=9570) to work on /usr/local/lib/python3.10/dist-packages/airflow/example_dags/example_time_delta_sensor_async.py
[2023-12-05T17:48:28.961+0000] {processor.py:829} INFO - Processing file /usr/local/lib/python3.10/dist-packages/airflow/example_dags/example_time_delta_sensor_async.py for tasks to queue
[2023-12-05T17:48:28.962+0000] {logging_mixin.py:154} INFO - [2023-12-05T17:48:28.962+0000] {dagbag.py:536} INFO - Filling up the DagBag from /usr/local/lib/python3.10/dist-packages/airflow/example_dags/example_time_delta_sensor_async.py
[2023-12-05T17:48:28.972+0000] {processor.py:839} INFO - DAG(s) dict_keys(['example_time_delta_sensor_async']) retrieved from /usr/local/lib/python3.10/dist-packages/airflow/example_dags/example_time_delta_sensor_async.py
[2023-12-05T17:48:28.993+0000] {logging_mixin.py:154} INFO - [2023-12-05T17:48:28.993+0000] {dag.py:2941} INFO - Sync 1 DAGs
[2023-12-05T17:48:29.006+0000] {logging_mixin.py:154} INFO - [2023-12-05T17:48:29.005+0000] {dag.py:3722} INFO - Setting next_dagrun for example_time_delta_sensor_async to None, run_after=None
[2023-12-05T17:48:29.037+0000] {processor.py:179} INFO - Processing /usr/local/lib/python3.10/dist-packages/airflow/example_dags/example_time_delta_sensor_async.py took 0.081 seconds
[2023-12-05T17:49:06.343+0000] {processor.py:157} INFO - Started process (PID=9670) to work on /usr/local/lib/python3.10/dist-packages/airflow/example_dags/example_time_delta_sensor_async.py
[2023-12-05T17:49:06.345+0000] {processor.py:829} INFO - Processing file /usr/local/lib/python3.10/dist-packages/airflow/example_dags/example_time_delta_sensor_async.py for tasks to queue
[2023-12-05T17:49:06.345+0000] {logging_mixin.py:154} INFO - [2023-12-05T17:49:06.345+0000] {dagbag.py:536} INFO - Filling up the DagBag from /usr/local/lib/python3.10/dist-packages/airflow/example_dags/example_time_delta_sensor_async.py
[2023-12-05T17:49:06.350+0000] {processor.py:839} INFO - DAG(s) dict_keys(['example_time_delta_sensor_async']) retrieved from /usr/local/lib/python3.10/dist-packages/airflow/example_dags/example_time_delta_sensor_async.py
[2023-12-05T17:49:06.367+0000] {logging_mixin.py:154} INFO - [2023-12-05T17:49:06.367+0000] {dag.py:2941} INFO - Sync 1 DAGs
[2023-12-05T17:49:06.379+0000] {logging_mixin.py:154} INFO - [2023-12-05T17:49:06.379+0000] {dag.py:3722} INFO - Setting next_dagrun for example_time_delta_sensor_async to None, run_after=None
[2023-12-05T17:49:06.408+0000] {processor.py:179} INFO - Processing /usr/local/lib/python3.10/dist-packages/airflow/example_dags/example_time_delta_sensor_async.py took 0.068 seconds
[2023-12-05T17:49:41.389+0000] {processor.py:157} INFO - Started process (PID=9707) to work on /usr/local/lib/python3.10/dist-packages/airflow/example_dags/example_time_delta_sensor_async.py
[2023-12-05T17:49:41.390+0000] {processor.py:829} INFO - Processing file /usr/local/lib/python3.10/dist-packages/airflow/example_dags/example_time_delta_sensor_async.py for tasks to queue
[2023-12-05T17:49:41.391+0000] {logging_mixin.py:154} INFO - [2023-12-05T17:49:41.391+0000] {dagbag.py:536} INFO - Filling up the DagBag from /usr/local/lib/python3.10/dist-packages/airflow/example_dags/example_time_delta_sensor_async.py
[2023-12-05T17:49:41.397+0000] {processor.py:839} INFO - DAG(s) dict_keys(['example_time_delta_sensor_async']) retrieved from /usr/local/lib/python3.10/dist-packages/airflow/example_dags/example_time_delta_sensor_async.py
[2023-12-05T17:49:41.417+0000] {logging_mixin.py:154} INFO - [2023-12-05T17:49:41.416+0000] {dag.py:2941} INFO - Sync 1 DAGs
[2023-12-05T17:49:41.428+0000] {logging_mixin.py:154} INFO - [2023-12-05T17:49:41.428+0000] {dag.py:3722} INFO - Setting next_dagrun for example_time_delta_sensor_async to None, run_after=None
[2023-12-05T17:49:41.450+0000] {processor.py:179} INFO - Processing /usr/local/lib/python3.10/dist-packages/airflow/example_dags/example_time_delta_sensor_async.py took 0.065 seconds
[2023-12-05T17:50:17.812+0000] {processor.py:157} INFO - Started process (PID=9811) to work on /usr/local/lib/python3.10/dist-packages/airflow/example_dags/example_time_delta_sensor_async.py
[2023-12-05T17:50:17.813+0000] {processor.py:829} INFO - Processing file /usr/local/lib/python3.10/dist-packages/airflow/example_dags/example_time_delta_sensor_async.py for tasks to queue
[2023-12-05T17:50:17.814+0000] {logging_mixin.py:154} INFO - [2023-12-05T17:50:17.814+0000] {dagbag.py:536} INFO - Filling up the DagBag from /usr/local/lib/python3.10/dist-packages/airflow/example_dags/example_time_delta_sensor_async.py
[2023-12-05T17:50:17.819+0000] {processor.py:839} INFO - DAG(s) dict_keys(['example_time_delta_sensor_async']) retrieved from /usr/local/lib/python3.10/dist-packages/airflow/example_dags/example_time_delta_sensor_async.py
[2023-12-05T17:50:17.845+0000] {logging_mixin.py:154} INFO - [2023-12-05T17:50:17.845+0000] {dag.py:2941} INFO - Sync 1 DAGs
[2023-12-05T17:50:17.859+0000] {logging_mixin.py:154} INFO - [2023-12-05T17:50:17.858+0000] {dag.py:3722} INFO - Setting next_dagrun for example_time_delta_sensor_async to None, run_after=None
[2023-12-05T17:50:17.884+0000] {processor.py:179} INFO - Processing /usr/local/lib/python3.10/dist-packages/airflow/example_dags/example_time_delta_sensor_async.py took 0.075 seconds
[2023-12-05T17:50:52.270+0000] {processor.py:157} INFO - Started process (PID=9849) to work on /usr/local/lib/python3.10/dist-packages/airflow/example_dags/example_time_delta_sensor_async.py
[2023-12-05T17:50:52.271+0000] {processor.py:829} INFO - Processing file /usr/local/lib/python3.10/dist-packages/airflow/example_dags/example_time_delta_sensor_async.py for tasks to queue
[2023-12-05T17:50:52.273+0000] {logging_mixin.py:154} INFO - [2023-12-05T17:50:52.272+0000] {dagbag.py:536} INFO - Filling up the DagBag from /usr/local/lib/python3.10/dist-packages/airflow/example_dags/example_time_delta_sensor_async.py
[2023-12-05T17:50:52.279+0000] {processor.py:839} INFO - DAG(s) dict_keys(['example_time_delta_sensor_async']) retrieved from /usr/local/lib/python3.10/dist-packages/airflow/example_dags/example_time_delta_sensor_async.py
[2023-12-05T17:50:52.296+0000] {logging_mixin.py:154} INFO - [2023-12-05T17:50:52.296+0000] {dag.py:2941} INFO - Sync 1 DAGs
[2023-12-05T17:50:52.312+0000] {logging_mixin.py:154} INFO - [2023-12-05T17:50:52.310+0000] {dag.py:3722} INFO - Setting next_dagrun for example_time_delta_sensor_async to None, run_after=None
[2023-12-05T17:50:52.350+0000] {processor.py:179} INFO - Processing /usr/local/lib/python3.10/dist-packages/airflow/example_dags/example_time_delta_sensor_async.py took 0.086 seconds
[2023-12-05T17:51:29.417+0000] {processor.py:157} INFO - Started process (PID=10008) to work on /usr/local/lib/python3.10/dist-packages/airflow/example_dags/example_time_delta_sensor_async.py
[2023-12-05T17:51:29.424+0000] {processor.py:829} INFO - Processing file /usr/local/lib/python3.10/dist-packages/airflow/example_dags/example_time_delta_sensor_async.py for tasks to queue
[2023-12-05T17:51:29.425+0000] {logging_mixin.py:154} INFO - [2023-12-05T17:51:29.424+0000] {dagbag.py:536} INFO - Filling up the DagBag from /usr/local/lib/python3.10/dist-packages/airflow/example_dags/example_time_delta_sensor_async.py
[2023-12-05T17:51:29.434+0000] {processor.py:839} INFO - DAG(s) dict_keys(['example_time_delta_sensor_async']) retrieved from /usr/local/lib/python3.10/dist-packages/airflow/example_dags/example_time_delta_sensor_async.py
[2023-12-05T17:51:29.466+0000] {logging_mixin.py:154} INFO - [2023-12-05T17:51:29.466+0000] {dag.py:2941} INFO - Sync 1 DAGs
[2023-12-05T17:51:29.482+0000] {logging_mixin.py:154} INFO - [2023-12-05T17:51:29.481+0000] {dag.py:3722} INFO - Setting next_dagrun for example_time_delta_sensor_async to None, run_after=None
[2023-12-05T17:51:29.511+0000] {processor.py:179} INFO - Processing /usr/local/lib/python3.10/dist-packages/airflow/example_dags/example_time_delta_sensor_async.py took 0.097 seconds
[2023-12-05T17:52:04.425+0000] {processor.py:157} INFO - Started process (PID=10074) to work on /usr/local/lib/python3.10/dist-packages/airflow/example_dags/example_time_delta_sensor_async.py
[2023-12-05T17:52:04.426+0000] {processor.py:829} INFO - Processing file /usr/local/lib/python3.10/dist-packages/airflow/example_dags/example_time_delta_sensor_async.py for tasks to queue
[2023-12-05T17:52:04.427+0000] {logging_mixin.py:154} INFO - [2023-12-05T17:52:04.427+0000] {dagbag.py:536} INFO - Filling up the DagBag from /usr/local/lib/python3.10/dist-packages/airflow/example_dags/example_time_delta_sensor_async.py
[2023-12-05T17:52:04.432+0000] {processor.py:839} INFO - DAG(s) dict_keys(['example_time_delta_sensor_async']) retrieved from /usr/local/lib/python3.10/dist-packages/airflow/example_dags/example_time_delta_sensor_async.py
[2023-12-05T17:52:04.452+0000] {logging_mixin.py:154} INFO - [2023-12-05T17:52:04.452+0000] {dag.py:2941} INFO - Sync 1 DAGs
[2023-12-05T17:52:04.466+0000] {logging_mixin.py:154} INFO - [2023-12-05T17:52:04.465+0000] {dag.py:3722} INFO - Setting next_dagrun for example_time_delta_sensor_async to None, run_after=None
[2023-12-05T17:52:04.493+0000] {processor.py:179} INFO - Processing /usr/local/lib/python3.10/dist-packages/airflow/example_dags/example_time_delta_sensor_async.py took 0.073 seconds
[2023-12-05T17:52:57.210+0000] {processor.py:157} INFO - Started process (PID=10168) to work on /usr/local/lib/python3.10/dist-packages/airflow/example_dags/example_time_delta_sensor_async.py
[2023-12-05T17:52:57.211+0000] {processor.py:829} INFO - Processing file /usr/local/lib/python3.10/dist-packages/airflow/example_dags/example_time_delta_sensor_async.py for tasks to queue
[2023-12-05T17:52:57.212+0000] {logging_mixin.py:154} INFO - [2023-12-05T17:52:57.212+0000] {dagbag.py:536} INFO - Filling up the DagBag from /usr/local/lib/python3.10/dist-packages/airflow/example_dags/example_time_delta_sensor_async.py
[2023-12-05T17:52:57.218+0000] {processor.py:839} INFO - DAG(s) dict_keys(['example_time_delta_sensor_async']) retrieved from /usr/local/lib/python3.10/dist-packages/airflow/example_dags/example_time_delta_sensor_async.py
[2023-12-05T17:52:57.243+0000] {logging_mixin.py:154} INFO - [2023-12-05T17:52:57.242+0000] {dag.py:2941} INFO - Sync 1 DAGs
[2023-12-05T17:52:57.257+0000] {logging_mixin.py:154} INFO - [2023-12-05T17:52:57.257+0000] {dag.py:3722} INFO - Setting next_dagrun for example_time_delta_sensor_async to None, run_after=None
[2023-12-05T17:52:57.307+0000] {processor.py:179} INFO - Processing /usr/local/lib/python3.10/dist-packages/airflow/example_dags/example_time_delta_sensor_async.py took 0.100 seconds
[2023-12-05T17:53:45.759+0000] {processor.py:157} INFO - Started process (PID=10345) to work on /usr/local/lib/python3.10/dist-packages/airflow/example_dags/example_time_delta_sensor_async.py
[2023-12-05T17:53:45.760+0000] {processor.py:829} INFO - Processing file /usr/local/lib/python3.10/dist-packages/airflow/example_dags/example_time_delta_sensor_async.py for tasks to queue
[2023-12-05T17:53:45.761+0000] {logging_mixin.py:154} INFO - [2023-12-05T17:53:45.760+0000] {dagbag.py:536} INFO - Filling up the DagBag from /usr/local/lib/python3.10/dist-packages/airflow/example_dags/example_time_delta_sensor_async.py
[2023-12-05T17:53:45.766+0000] {processor.py:839} INFO - DAG(s) dict_keys(['example_time_delta_sensor_async']) retrieved from /usr/local/lib/python3.10/dist-packages/airflow/example_dags/example_time_delta_sensor_async.py
[2023-12-05T17:53:45.784+0000] {logging_mixin.py:154} INFO - [2023-12-05T17:53:45.784+0000] {dag.py:2941} INFO - Sync 1 DAGs
[2023-12-05T17:53:45.796+0000] {logging_mixin.py:154} INFO - [2023-12-05T17:53:45.795+0000] {dag.py:3722} INFO - Setting next_dagrun for example_time_delta_sensor_async to None, run_after=None
[2023-12-05T17:53:45.851+0000] {processor.py:179} INFO - Processing /usr/local/lib/python3.10/dist-packages/airflow/example_dags/example_time_delta_sensor_async.py took 0.096 seconds
[2023-12-05T17:54:33.260+0000] {processor.py:157} INFO - Started process (PID=10462) to work on /usr/local/lib/python3.10/dist-packages/airflow/example_dags/example_time_delta_sensor_async.py
[2023-12-05T17:54:33.262+0000] {processor.py:829} INFO - Processing file /usr/local/lib/python3.10/dist-packages/airflow/example_dags/example_time_delta_sensor_async.py for tasks to queue
[2023-12-05T17:54:33.263+0000] {logging_mixin.py:154} INFO - [2023-12-05T17:54:33.262+0000] {dagbag.py:536} INFO - Filling up the DagBag from /usr/local/lib/python3.10/dist-packages/airflow/example_dags/example_time_delta_sensor_async.py
[2023-12-05T17:54:33.269+0000] {processor.py:839} INFO - DAG(s) dict_keys(['example_time_delta_sensor_async']) retrieved from /usr/local/lib/python3.10/dist-packages/airflow/example_dags/example_time_delta_sensor_async.py
[2023-12-05T17:54:33.293+0000] {logging_mixin.py:154} INFO - [2023-12-05T17:54:33.293+0000] {dag.py:2941} INFO - Sync 1 DAGs
[2023-12-05T17:54:33.307+0000] {logging_mixin.py:154} INFO - [2023-12-05T17:54:33.307+0000] {dag.py:3722} INFO - Setting next_dagrun for example_time_delta_sensor_async to None, run_after=None
[2023-12-05T17:54:33.350+0000] {processor.py:179} INFO - Processing /usr/local/lib/python3.10/dist-packages/airflow/example_dags/example_time_delta_sensor_async.py took 0.093 seconds
[2023-12-05T17:55:09.700+0000] {processor.py:157} INFO - Started process (PID=10559) to work on /usr/local/lib/python3.10/dist-packages/airflow/example_dags/example_time_delta_sensor_async.py
[2023-12-05T17:55:09.703+0000] {processor.py:829} INFO - Processing file /usr/local/lib/python3.10/dist-packages/airflow/example_dags/example_time_delta_sensor_async.py for tasks to queue
[2023-12-05T17:55:09.705+0000] {logging_mixin.py:154} INFO - [2023-12-05T17:55:09.704+0000] {dagbag.py:536} INFO - Filling up the DagBag from /usr/local/lib/python3.10/dist-packages/airflow/example_dags/example_time_delta_sensor_async.py
[2023-12-05T17:55:09.722+0000] {processor.py:839} INFO - DAG(s) dict_keys(['example_time_delta_sensor_async']) retrieved from /usr/local/lib/python3.10/dist-packages/airflow/example_dags/example_time_delta_sensor_async.py
[2023-12-05T17:55:09.759+0000] {logging_mixin.py:154} INFO - [2023-12-05T17:55:09.758+0000] {dag.py:2941} INFO - Sync 1 DAGs
[2023-12-05T17:55:09.775+0000] {logging_mixin.py:154} INFO - [2023-12-05T17:55:09.775+0000] {dag.py:3722} INFO - Setting next_dagrun for example_time_delta_sensor_async to None, run_after=None
[2023-12-05T17:55:09.825+0000] {processor.py:179} INFO - Processing /usr/local/lib/python3.10/dist-packages/airflow/example_dags/example_time_delta_sensor_async.py took 0.131 seconds
[2023-12-05T17:55:44.377+0000] {processor.py:157} INFO - Started process (PID=10602) to work on /usr/local/lib/python3.10/dist-packages/airflow/example_dags/example_time_delta_sensor_async.py
[2023-12-05T17:55:44.378+0000] {processor.py:829} INFO - Processing file /usr/local/lib/python3.10/dist-packages/airflow/example_dags/example_time_delta_sensor_async.py for tasks to queue
[2023-12-05T17:55:44.379+0000] {logging_mixin.py:154} INFO - [2023-12-05T17:55:44.378+0000] {dagbag.py:536} INFO - Filling up the DagBag from /usr/local/lib/python3.10/dist-packages/airflow/example_dags/example_time_delta_sensor_async.py
[2023-12-05T17:55:44.384+0000] {processor.py:839} INFO - DAG(s) dict_keys(['example_time_delta_sensor_async']) retrieved from /usr/local/lib/python3.10/dist-packages/airflow/example_dags/example_time_delta_sensor_async.py
[2023-12-05T17:55:44.417+0000] {logging_mixin.py:154} INFO - [2023-12-05T17:55:44.417+0000] {dag.py:2941} INFO - Sync 1 DAGs
[2023-12-05T17:55:44.439+0000] {logging_mixin.py:154} INFO - [2023-12-05T17:55:44.438+0000] {dag.py:3722} INFO - Setting next_dagrun for example_time_delta_sensor_async to None, run_after=None
[2023-12-05T17:55:44.486+0000] {processor.py:179} INFO - Processing /usr/local/lib/python3.10/dist-packages/airflow/example_dags/example_time_delta_sensor_async.py took 0.113 seconds
[2023-12-05T17:56:19.653+0000] {processor.py:157} INFO - Started process (PID=10761) to work on /usr/local/lib/python3.10/dist-packages/airflow/example_dags/example_time_delta_sensor_async.py
[2023-12-05T17:56:19.655+0000] {processor.py:829} INFO - Processing file /usr/local/lib/python3.10/dist-packages/airflow/example_dags/example_time_delta_sensor_async.py for tasks to queue
[2023-12-05T17:56:19.656+0000] {logging_mixin.py:154} INFO - [2023-12-05T17:56:19.656+0000] {dagbag.py:536} INFO - Filling up the DagBag from /usr/local/lib/python3.10/dist-packages/airflow/example_dags/example_time_delta_sensor_async.py
[2023-12-05T17:56:19.662+0000] {processor.py:839} INFO - DAG(s) dict_keys(['example_time_delta_sensor_async']) retrieved from /usr/local/lib/python3.10/dist-packages/airflow/example_dags/example_time_delta_sensor_async.py
[2023-12-05T17:56:19.681+0000] {logging_mixin.py:154} INFO - [2023-12-05T17:56:19.681+0000] {dag.py:2941} INFO - Sync 1 DAGs
[2023-12-05T17:56:19.696+0000] {logging_mixin.py:154} INFO - [2023-12-05T17:56:19.695+0000] {dag.py:3722} INFO - Setting next_dagrun for example_time_delta_sensor_async to None, run_after=None
[2023-12-05T17:56:19.723+0000] {processor.py:179} INFO - Processing /usr/local/lib/python3.10/dist-packages/airflow/example_dags/example_time_delta_sensor_async.py took 0.075 seconds
[2023-12-05T17:57:10.881+0000] {processor.py:157} INFO - Started process (PID=10882) to work on /usr/local/lib/python3.10/dist-packages/airflow/example_dags/example_time_delta_sensor_async.py
[2023-12-05T17:57:10.883+0000] {processor.py:829} INFO - Processing file /usr/local/lib/python3.10/dist-packages/airflow/example_dags/example_time_delta_sensor_async.py for tasks to queue
[2023-12-05T17:57:10.884+0000] {logging_mixin.py:154} INFO - [2023-12-05T17:57:10.883+0000] {dagbag.py:536} INFO - Filling up the DagBag from /usr/local/lib/python3.10/dist-packages/airflow/example_dags/example_time_delta_sensor_async.py
[2023-12-05T17:57:10.890+0000] {processor.py:839} INFO - DAG(s) dict_keys(['example_time_delta_sensor_async']) retrieved from /usr/local/lib/python3.10/dist-packages/airflow/example_dags/example_time_delta_sensor_async.py
[2023-12-05T17:57:10.909+0000] {logging_mixin.py:154} INFO - [2023-12-05T17:57:10.908+0000] {dag.py:2941} INFO - Sync 1 DAGs
[2023-12-05T17:57:10.922+0000] {logging_mixin.py:154} INFO - [2023-12-05T17:57:10.921+0000] {dag.py:3722} INFO - Setting next_dagrun for example_time_delta_sensor_async to None, run_after=None
[2023-12-05T17:57:10.947+0000] {processor.py:179} INFO - Processing /usr/local/lib/python3.10/dist-packages/airflow/example_dags/example_time_delta_sensor_async.py took 0.071 seconds
[2023-12-05T17:57:49.499+0000] {processor.py:157} INFO - Started process (PID=10920) to work on /usr/local/lib/python3.10/dist-packages/airflow/example_dags/example_time_delta_sensor_async.py
[2023-12-05T17:57:49.500+0000] {processor.py:829} INFO - Processing file /usr/local/lib/python3.10/dist-packages/airflow/example_dags/example_time_delta_sensor_async.py for tasks to queue
[2023-12-05T17:57:49.501+0000] {logging_mixin.py:154} INFO - [2023-12-05T17:57:49.501+0000] {dagbag.py:536} INFO - Filling up the DagBag from /usr/local/lib/python3.10/dist-packages/airflow/example_dags/example_time_delta_sensor_async.py
[2023-12-05T17:57:49.507+0000] {processor.py:839} INFO - DAG(s) dict_keys(['example_time_delta_sensor_async']) retrieved from /usr/local/lib/python3.10/dist-packages/airflow/example_dags/example_time_delta_sensor_async.py
[2023-12-05T17:57:49.531+0000] {logging_mixin.py:154} INFO - [2023-12-05T17:57:49.530+0000] {dag.py:2941} INFO - Sync 1 DAGs
[2023-12-05T17:57:49.544+0000] {logging_mixin.py:154} INFO - [2023-12-05T17:57:49.544+0000] {dag.py:3722} INFO - Setting next_dagrun for example_time_delta_sensor_async to None, run_after=None
[2023-12-05T17:57:49.573+0000] {processor.py:179} INFO - Processing /usr/local/lib/python3.10/dist-packages/airflow/example_dags/example_time_delta_sensor_async.py took 0.078 seconds
[2023-12-05T17:58:26.403+0000] {processor.py:157} INFO - Started process (PID=11027) to work on /usr/local/lib/python3.10/dist-packages/airflow/example_dags/example_time_delta_sensor_async.py
[2023-12-05T17:58:26.405+0000] {processor.py:829} INFO - Processing file /usr/local/lib/python3.10/dist-packages/airflow/example_dags/example_time_delta_sensor_async.py for tasks to queue
[2023-12-05T17:58:26.405+0000] {logging_mixin.py:154} INFO - [2023-12-05T17:58:26.405+0000] {dagbag.py:536} INFO - Filling up the DagBag from /usr/local/lib/python3.10/dist-packages/airflow/example_dags/example_time_delta_sensor_async.py
[2023-12-05T17:58:26.411+0000] {processor.py:839} INFO - DAG(s) dict_keys(['example_time_delta_sensor_async']) retrieved from /usr/local/lib/python3.10/dist-packages/airflow/example_dags/example_time_delta_sensor_async.py
[2023-12-05T17:58:26.431+0000] {logging_mixin.py:154} INFO - [2023-12-05T17:58:26.430+0000] {dag.py:2941} INFO - Sync 1 DAGs
[2023-12-05T17:58:26.442+0000] {logging_mixin.py:154} INFO - [2023-12-05T17:58:26.442+0000] {dag.py:3722} INFO - Setting next_dagrun for example_time_delta_sensor_async to None, run_after=None
[2023-12-05T17:58:26.466+0000] {processor.py:179} INFO - Processing /usr/local/lib/python3.10/dist-packages/airflow/example_dags/example_time_delta_sensor_async.py took 0.066 seconds
[2023-12-05T17:58:59.792+0000] {processor.py:157} INFO - Started process (PID=11066) to work on /usr/local/lib/python3.10/dist-packages/airflow/example_dags/example_time_delta_sensor_async.py
[2023-12-05T17:58:59.793+0000] {processor.py:829} INFO - Processing file /usr/local/lib/python3.10/dist-packages/airflow/example_dags/example_time_delta_sensor_async.py for tasks to queue
[2023-12-05T17:58:59.794+0000] {logging_mixin.py:154} INFO - [2023-12-05T17:58:59.794+0000] {dagbag.py:536} INFO - Filling up the DagBag from /usr/local/lib/python3.10/dist-packages/airflow/example_dags/example_time_delta_sensor_async.py
[2023-12-05T17:58:59.799+0000] {processor.py:839} INFO - DAG(s) dict_keys(['example_time_delta_sensor_async']) retrieved from /usr/local/lib/python3.10/dist-packages/airflow/example_dags/example_time_delta_sensor_async.py
[2023-12-05T17:58:59.817+0000] {logging_mixin.py:154} INFO - [2023-12-05T17:58:59.817+0000] {dag.py:2941} INFO - Sync 1 DAGs
[2023-12-05T17:58:59.830+0000] {logging_mixin.py:154} INFO - [2023-12-05T17:58:59.829+0000] {dag.py:3722} INFO - Setting next_dagrun for example_time_delta_sensor_async to None, run_after=None
[2023-12-05T17:58:59.853+0000] {processor.py:179} INFO - Processing /usr/local/lib/python3.10/dist-packages/airflow/example_dags/example_time_delta_sensor_async.py took 0.070 seconds
[2023-12-05T17:59:37.558+0000] {processor.py:157} INFO - Started process (PID=11173) to work on /usr/local/lib/python3.10/dist-packages/airflow/example_dags/example_time_delta_sensor_async.py
[2023-12-05T17:59:37.560+0000] {processor.py:829} INFO - Processing file /usr/local/lib/python3.10/dist-packages/airflow/example_dags/example_time_delta_sensor_async.py for tasks to queue
[2023-12-05T17:59:37.561+0000] {logging_mixin.py:154} INFO - [2023-12-05T17:59:37.561+0000] {dagbag.py:536} INFO - Filling up the DagBag from /usr/local/lib/python3.10/dist-packages/airflow/example_dags/example_time_delta_sensor_async.py
[2023-12-05T17:59:37.567+0000] {processor.py:839} INFO - DAG(s) dict_keys(['example_time_delta_sensor_async']) retrieved from /usr/local/lib/python3.10/dist-packages/airflow/example_dags/example_time_delta_sensor_async.py
[2023-12-05T17:59:37.586+0000] {logging_mixin.py:154} INFO - [2023-12-05T17:59:37.586+0000] {dag.py:2941} INFO - Sync 1 DAGs
[2023-12-05T17:59:37.601+0000] {logging_mixin.py:154} INFO - [2023-12-05T17:59:37.600+0000] {dag.py:3722} INFO - Setting next_dagrun for example_time_delta_sensor_async to None, run_after=None
[2023-12-05T17:59:37.630+0000] {processor.py:179} INFO - Processing /usr/local/lib/python3.10/dist-packages/airflow/example_dags/example_time_delta_sensor_async.py took 0.076 seconds
[2023-12-05T18:00:27.146+0000] {processor.py:157} INFO - Started process (PID=11288) to work on /usr/local/lib/python3.10/dist-packages/airflow/example_dags/example_time_delta_sensor_async.py
[2023-12-05T18:00:27.151+0000] {processor.py:829} INFO - Processing file /usr/local/lib/python3.10/dist-packages/airflow/example_dags/example_time_delta_sensor_async.py for tasks to queue
[2023-12-05T18:00:27.152+0000] {logging_mixin.py:154} INFO - [2023-12-05T18:00:27.152+0000] {dagbag.py:536} INFO - Filling up the DagBag from /usr/local/lib/python3.10/dist-packages/airflow/example_dags/example_time_delta_sensor_async.py
[2023-12-05T18:00:27.157+0000] {processor.py:839} INFO - DAG(s) dict_keys(['example_time_delta_sensor_async']) retrieved from /usr/local/lib/python3.10/dist-packages/airflow/example_dags/example_time_delta_sensor_async.py
[2023-12-05T18:00:27.191+0000] {logging_mixin.py:154} INFO - [2023-12-05T18:00:27.189+0000] {dag.py:2941} INFO - Sync 1 DAGs
[2023-12-05T18:00:27.202+0000] {logging_mixin.py:154} INFO - [2023-12-05T18:00:27.202+0000] {dag.py:3722} INFO - Setting next_dagrun for example_time_delta_sensor_async to None, run_after=None
[2023-12-05T18:00:27.226+0000] {processor.py:179} INFO - Processing /usr/local/lib/python3.10/dist-packages/airflow/example_dags/example_time_delta_sensor_async.py took 0.084 seconds
[2023-12-05T18:01:02.537+0000] {processor.py:157} INFO - Started process (PID=11328) to work on /usr/local/lib/python3.10/dist-packages/airflow/example_dags/example_time_delta_sensor_async.py
[2023-12-05T18:01:02.539+0000] {processor.py:829} INFO - Processing file /usr/local/lib/python3.10/dist-packages/airflow/example_dags/example_time_delta_sensor_async.py for tasks to queue
[2023-12-05T18:01:02.541+0000] {logging_mixin.py:154} INFO - [2023-12-05T18:01:02.540+0000] {dagbag.py:536} INFO - Filling up the DagBag from /usr/local/lib/python3.10/dist-packages/airflow/example_dags/example_time_delta_sensor_async.py
[2023-12-05T18:01:02.547+0000] {processor.py:839} INFO - DAG(s) dict_keys(['example_time_delta_sensor_async']) retrieved from /usr/local/lib/python3.10/dist-packages/airflow/example_dags/example_time_delta_sensor_async.py
[2023-12-05T18:01:02.567+0000] {logging_mixin.py:154} INFO - [2023-12-05T18:01:02.567+0000] {dag.py:2941} INFO - Sync 1 DAGs
[2023-12-05T18:01:02.583+0000] {logging_mixin.py:154} INFO - [2023-12-05T18:01:02.582+0000] {dag.py:3722} INFO - Setting next_dagrun for example_time_delta_sensor_async to None, run_after=None
[2023-12-05T18:01:02.610+0000] {processor.py:179} INFO - Processing /usr/local/lib/python3.10/dist-packages/airflow/example_dags/example_time_delta_sensor_async.py took 0.078 seconds
[2023-12-05T18:01:50.215+0000] {processor.py:157} INFO - Started process (PID=11504) to work on /usr/local/lib/python3.10/dist-packages/airflow/example_dags/example_time_delta_sensor_async.py
[2023-12-05T18:01:50.216+0000] {processor.py:829} INFO - Processing file /usr/local/lib/python3.10/dist-packages/airflow/example_dags/example_time_delta_sensor_async.py for tasks to queue
[2023-12-05T18:01:50.217+0000] {logging_mixin.py:154} INFO - [2023-12-05T18:01:50.217+0000] {dagbag.py:536} INFO - Filling up the DagBag from /usr/local/lib/python3.10/dist-packages/airflow/example_dags/example_time_delta_sensor_async.py
[2023-12-05T18:01:50.221+0000] {processor.py:839} INFO - DAG(s) dict_keys(['example_time_delta_sensor_async']) retrieved from /usr/local/lib/python3.10/dist-packages/airflow/example_dags/example_time_delta_sensor_async.py
[2023-12-05T18:01:50.237+0000] {logging_mixin.py:154} INFO - [2023-12-05T18:01:50.237+0000] {dag.py:2941} INFO - Sync 1 DAGs
[2023-12-05T18:01:50.248+0000] {logging_mixin.py:154} INFO - [2023-12-05T18:01:50.248+0000] {dag.py:3722} INFO - Setting next_dagrun for example_time_delta_sensor_async to None, run_after=None
[2023-12-05T18:01:50.288+0000] {processor.py:179} INFO - Processing /usr/local/lib/python3.10/dist-packages/airflow/example_dags/example_time_delta_sensor_async.py took 0.076 seconds
[2023-12-05T18:02:40.062+0000] {processor.py:157} INFO - Started process (PID=11621) to work on /usr/local/lib/python3.10/dist-packages/airflow/example_dags/example_time_delta_sensor_async.py
[2023-12-05T18:02:40.064+0000] {processor.py:829} INFO - Processing file /usr/local/lib/python3.10/dist-packages/airflow/example_dags/example_time_delta_sensor_async.py for tasks to queue
[2023-12-05T18:02:40.066+0000] {logging_mixin.py:154} INFO - [2023-12-05T18:02:40.065+0000] {dagbag.py:536} INFO - Filling up the DagBag from /usr/local/lib/python3.10/dist-packages/airflow/example_dags/example_time_delta_sensor_async.py
[2023-12-05T18:02:40.073+0000] {processor.py:839} INFO - DAG(s) dict_keys(['example_time_delta_sensor_async']) retrieved from /usr/local/lib/python3.10/dist-packages/airflow/example_dags/example_time_delta_sensor_async.py
[2023-12-05T18:02:40.107+0000] {logging_mixin.py:154} INFO - [2023-12-05T18:02:40.106+0000] {dag.py:2941} INFO - Sync 1 DAGs
[2023-12-05T18:02:40.130+0000] {logging_mixin.py:154} INFO - [2023-12-05T18:02:40.129+0000] {dag.py:3722} INFO - Setting next_dagrun for example_time_delta_sensor_async to None, run_after=None
[2023-12-05T18:02:40.167+0000] {processor.py:179} INFO - Processing /usr/local/lib/python3.10/dist-packages/airflow/example_dags/example_time_delta_sensor_async.py took 0.110 seconds
[2023-12-05T18:03:29.462+0000] {processor.py:157} INFO - Started process (PID=11739) to work on /usr/local/lib/python3.10/dist-packages/airflow/example_dags/example_time_delta_sensor_async.py
[2023-12-05T18:03:29.464+0000] {processor.py:829} INFO - Processing file /usr/local/lib/python3.10/dist-packages/airflow/example_dags/example_time_delta_sensor_async.py for tasks to queue
[2023-12-05T18:03:29.465+0000] {logging_mixin.py:154} INFO - [2023-12-05T18:03:29.464+0000] {dagbag.py:536} INFO - Filling up the DagBag from /usr/local/lib/python3.10/dist-packages/airflow/example_dags/example_time_delta_sensor_async.py
[2023-12-05T18:03:29.470+0000] {processor.py:839} INFO - DAG(s) dict_keys(['example_time_delta_sensor_async']) retrieved from /usr/local/lib/python3.10/dist-packages/airflow/example_dags/example_time_delta_sensor_async.py
[2023-12-05T18:03:29.489+0000] {logging_mixin.py:154} INFO - [2023-12-05T18:03:29.489+0000] {dag.py:2941} INFO - Sync 1 DAGs
[2023-12-05T18:03:29.506+0000] {logging_mixin.py:154} INFO - [2023-12-05T18:03:29.505+0000] {dag.py:3722} INFO - Setting next_dagrun for example_time_delta_sensor_async to None, run_after=None
[2023-12-05T18:03:29.531+0000] {processor.py:179} INFO - Processing /usr/local/lib/python3.10/dist-packages/airflow/example_dags/example_time_delta_sensor_async.py took 0.072 seconds
[2023-12-05T18:04:17.325+0000] {processor.py:157} INFO - Started process (PID=11856) to work on /usr/local/lib/python3.10/dist-packages/airflow/example_dags/example_time_delta_sensor_async.py
[2023-12-05T18:04:17.329+0000] {processor.py:829} INFO - Processing file /usr/local/lib/python3.10/dist-packages/airflow/example_dags/example_time_delta_sensor_async.py for tasks to queue
[2023-12-05T18:04:17.332+0000] {logging_mixin.py:154} INFO - [2023-12-05T18:04:17.331+0000] {dagbag.py:536} INFO - Filling up the DagBag from /usr/local/lib/python3.10/dist-packages/airflow/example_dags/example_time_delta_sensor_async.py
[2023-12-05T18:04:17.341+0000] {processor.py:839} INFO - DAG(s) dict_keys(['example_time_delta_sensor_async']) retrieved from /usr/local/lib/python3.10/dist-packages/airflow/example_dags/example_time_delta_sensor_async.py
[2023-12-05T18:04:17.363+0000] {logging_mixin.py:154} INFO - [2023-12-05T18:04:17.362+0000] {dag.py:2941} INFO - Sync 1 DAGs
[2023-12-05T18:04:17.381+0000] {logging_mixin.py:154} INFO - [2023-12-05T18:04:17.381+0000] {dag.py:3722} INFO - Setting next_dagrun for example_time_delta_sensor_async to None, run_after=None
[2023-12-05T18:04:17.405+0000] {processor.py:179} INFO - Processing /usr/local/lib/python3.10/dist-packages/airflow/example_dags/example_time_delta_sensor_async.py took 0.092 seconds
[2023-12-05T18:04:54.588+0000] {processor.py:157} INFO - Started process (PID=12228) to work on /usr/local/lib/python3.10/dist-packages/airflow/example_dags/example_time_delta_sensor_async.py
[2023-12-05T18:04:54.589+0000] {processor.py:829} INFO - Processing file /usr/local/lib/python3.10/dist-packages/airflow/example_dags/example_time_delta_sensor_async.py for tasks to queue
[2023-12-05T18:04:54.590+0000] {logging_mixin.py:154} INFO - [2023-12-05T18:04:54.590+0000] {dagbag.py:536} INFO - Filling up the DagBag from /usr/local/lib/python3.10/dist-packages/airflow/example_dags/example_time_delta_sensor_async.py
[2023-12-05T18:04:54.595+0000] {processor.py:839} INFO - DAG(s) dict_keys(['example_time_delta_sensor_async']) retrieved from /usr/local/lib/python3.10/dist-packages/airflow/example_dags/example_time_delta_sensor_async.py
[2023-12-05T18:04:54.613+0000] {logging_mixin.py:154} INFO - [2023-12-05T18:04:54.613+0000] {dag.py:2941} INFO - Sync 1 DAGs
[2023-12-05T18:04:54.636+0000] {logging_mixin.py:154} INFO - [2023-12-05T18:04:54.635+0000] {dag.py:3722} INFO - Setting next_dagrun for example_time_delta_sensor_async to None, run_after=None
[2023-12-05T18:04:54.669+0000] {processor.py:179} INFO - Processing /usr/local/lib/python3.10/dist-packages/airflow/example_dags/example_time_delta_sensor_async.py took 0.085 seconds
[2023-12-05T18:05:45.209+0000] {processor.py:157} INFO - Started process (PID=12528) to work on /usr/local/lib/python3.10/dist-packages/airflow/example_dags/example_time_delta_sensor_async.py
[2023-12-05T18:05:45.211+0000] {processor.py:829} INFO - Processing file /usr/local/lib/python3.10/dist-packages/airflow/example_dags/example_time_delta_sensor_async.py for tasks to queue
[2023-12-05T18:05:45.212+0000] {logging_mixin.py:154} INFO - [2023-12-05T18:05:45.212+0000] {dagbag.py:536} INFO - Filling up the DagBag from /usr/local/lib/python3.10/dist-packages/airflow/example_dags/example_time_delta_sensor_async.py
[2023-12-05T18:05:45.218+0000] {processor.py:839} INFO - DAG(s) dict_keys(['example_time_delta_sensor_async']) retrieved from /usr/local/lib/python3.10/dist-packages/airflow/example_dags/example_time_delta_sensor_async.py
[2023-12-05T18:05:45.239+0000] {logging_mixin.py:154} INFO - [2023-12-05T18:05:45.239+0000] {dag.py:2941} INFO - Sync 1 DAGs
[2023-12-05T18:05:45.252+0000] {logging_mixin.py:154} INFO - [2023-12-05T18:05:45.252+0000] {dag.py:3722} INFO - Setting next_dagrun for example_time_delta_sensor_async to None, run_after=None
[2023-12-05T18:05:45.279+0000] {processor.py:179} INFO - Processing /usr/local/lib/python3.10/dist-packages/airflow/example_dags/example_time_delta_sensor_async.py took 0.073 seconds
[2023-12-05T18:06:36.548+0000] {processor.py:157} INFO - Started process (PID=12771) to work on /usr/local/lib/python3.10/dist-packages/airflow/example_dags/example_time_delta_sensor_async.py
[2023-12-05T18:06:36.549+0000] {processor.py:829} INFO - Processing file /usr/local/lib/python3.10/dist-packages/airflow/example_dags/example_time_delta_sensor_async.py for tasks to queue
[2023-12-05T18:06:36.550+0000] {logging_mixin.py:154} INFO - [2023-12-05T18:06:36.550+0000] {dagbag.py:536} INFO - Filling up the DagBag from /usr/local/lib/python3.10/dist-packages/airflow/example_dags/example_time_delta_sensor_async.py
[2023-12-05T18:06:36.556+0000] {processor.py:839} INFO - DAG(s) dict_keys(['example_time_delta_sensor_async']) retrieved from /usr/local/lib/python3.10/dist-packages/airflow/example_dags/example_time_delta_sensor_async.py
[2023-12-05T18:06:36.577+0000] {logging_mixin.py:154} INFO - [2023-12-05T18:06:36.577+0000] {dag.py:2941} INFO - Sync 1 DAGs
[2023-12-05T18:06:36.589+0000] {logging_mixin.py:154} INFO - [2023-12-05T18:06:36.589+0000] {dag.py:3722} INFO - Setting next_dagrun for example_time_delta_sensor_async to None, run_after=None
[2023-12-05T18:06:36.611+0000] {processor.py:179} INFO - Processing /usr/local/lib/python3.10/dist-packages/airflow/example_dags/example_time_delta_sensor_async.py took 0.067 seconds
[2023-12-05T18:07:13.289+0000] {processor.py:157} INFO - Started process (PID=13049) to work on /usr/local/lib/python3.10/dist-packages/airflow/example_dags/example_time_delta_sensor_async.py
[2023-12-05T18:07:13.291+0000] {processor.py:829} INFO - Processing file /usr/local/lib/python3.10/dist-packages/airflow/example_dags/example_time_delta_sensor_async.py for tasks to queue
[2023-12-05T18:07:13.292+0000] {logging_mixin.py:154} INFO - [2023-12-05T18:07:13.291+0000] {dagbag.py:536} INFO - Filling up the DagBag from /usr/local/lib/python3.10/dist-packages/airflow/example_dags/example_time_delta_sensor_async.py
[2023-12-05T18:07:13.296+0000] {processor.py:839} INFO - DAG(s) dict_keys(['example_time_delta_sensor_async']) retrieved from /usr/local/lib/python3.10/dist-packages/airflow/example_dags/example_time_delta_sensor_async.py
[2023-12-05T18:07:13.314+0000] {logging_mixin.py:154} INFO - [2023-12-05T18:07:13.314+0000] {dag.py:2941} INFO - Sync 1 DAGs
[2023-12-05T18:07:13.327+0000] {logging_mixin.py:154} INFO - [2023-12-05T18:07:13.326+0000] {dag.py:3722} INFO - Setting next_dagrun for example_time_delta_sensor_async to None, run_after=None
[2023-12-05T18:07:13.350+0000] {processor.py:179} INFO - Processing /usr/local/lib/python3.10/dist-packages/airflow/example_dags/example_time_delta_sensor_async.py took 0.065 seconds
[2023-12-05T18:07:49.484+0000] {processor.py:157} INFO - Started process (PID=13097) to work on /usr/local/lib/python3.10/dist-packages/airflow/example_dags/example_time_delta_sensor_async.py
[2023-12-05T18:07:49.486+0000] {processor.py:829} INFO - Processing file /usr/local/lib/python3.10/dist-packages/airflow/example_dags/example_time_delta_sensor_async.py for tasks to queue
[2023-12-05T18:07:49.486+0000] {logging_mixin.py:154} INFO - [2023-12-05T18:07:49.486+0000] {dagbag.py:536} INFO - Filling up the DagBag from /usr/local/lib/python3.10/dist-packages/airflow/example_dags/example_time_delta_sensor_async.py
[2023-12-05T18:07:49.492+0000] {processor.py:839} INFO - DAG(s) dict_keys(['example_time_delta_sensor_async']) retrieved from /usr/local/lib/python3.10/dist-packages/airflow/example_dags/example_time_delta_sensor_async.py
[2023-12-05T18:07:49.513+0000] {logging_mixin.py:154} INFO - [2023-12-05T18:07:49.512+0000] {dag.py:2941} INFO - Sync 1 DAGs
[2023-12-05T18:07:49.525+0000] {logging_mixin.py:154} INFO - [2023-12-05T18:07:49.525+0000] {dag.py:3722} INFO - Setting next_dagrun for example_time_delta_sensor_async to None, run_after=None
[2023-12-05T18:07:49.557+0000] {processor.py:179} INFO - Processing /usr/local/lib/python3.10/dist-packages/airflow/example_dags/example_time_delta_sensor_async.py took 0.076 seconds
[2023-12-05T18:08:33.502+0000] {processor.py:157} INFO - Started process (PID=13229) to work on /usr/local/lib/python3.10/dist-packages/airflow/example_dags/example_time_delta_sensor_async.py
[2023-12-05T18:08:33.506+0000] {processor.py:829} INFO - Processing file /usr/local/lib/python3.10/dist-packages/airflow/example_dags/example_time_delta_sensor_async.py for tasks to queue
[2023-12-05T18:08:33.508+0000] {logging_mixin.py:154} INFO - [2023-12-05T18:08:33.507+0000] {dagbag.py:536} INFO - Filling up the DagBag from /usr/local/lib/python3.10/dist-packages/airflow/example_dags/example_time_delta_sensor_async.py
[2023-12-05T18:08:33.518+0000] {processor.py:839} INFO - DAG(s) dict_keys(['example_time_delta_sensor_async']) retrieved from /usr/local/lib/python3.10/dist-packages/airflow/example_dags/example_time_delta_sensor_async.py
[2023-12-05T18:08:33.547+0000] {logging_mixin.py:154} INFO - [2023-12-05T18:08:33.547+0000] {dag.py:2941} INFO - Sync 1 DAGs
[2023-12-05T18:08:33.559+0000] {logging_mixin.py:154} INFO - [2023-12-05T18:08:33.559+0000] {dag.py:3722} INFO - Setting next_dagrun for example_time_delta_sensor_async to None, run_after=None
[2023-12-05T18:08:33.587+0000] {processor.py:179} INFO - Processing /usr/local/lib/python3.10/dist-packages/airflow/example_dags/example_time_delta_sensor_async.py took 0.094 seconds
[2023-12-05T18:09:25.804+0000] {processor.py:157} INFO - Started process (PID=13629) to work on /usr/local/lib/python3.10/dist-packages/airflow/example_dags/example_time_delta_sensor_async.py
[2023-12-05T18:09:25.832+0000] {processor.py:829} INFO - Processing file /usr/local/lib/python3.10/dist-packages/airflow/example_dags/example_time_delta_sensor_async.py for tasks to queue
[2023-12-05T18:09:25.833+0000] {logging_mixin.py:154} INFO - [2023-12-05T18:09:25.833+0000] {dagbag.py:536} INFO - Filling up the DagBag from /usr/local/lib/python3.10/dist-packages/airflow/example_dags/example_time_delta_sensor_async.py
[2023-12-05T18:09:25.839+0000] {processor.py:839} INFO - DAG(s) dict_keys(['example_time_delta_sensor_async']) retrieved from /usr/local/lib/python3.10/dist-packages/airflow/example_dags/example_time_delta_sensor_async.py
[2023-12-05T18:09:25.861+0000] {logging_mixin.py:154} INFO - [2023-12-05T18:09:25.860+0000] {dag.py:2941} INFO - Sync 1 DAGs
[2023-12-05T18:09:25.873+0000] {logging_mixin.py:154} INFO - [2023-12-05T18:09:25.873+0000] {dag.py:3722} INFO - Setting next_dagrun for example_time_delta_sensor_async to None, run_after=None
[2023-12-05T18:09:25.899+0000] {processor.py:179} INFO - Processing /usr/local/lib/python3.10/dist-packages/airflow/example_dags/example_time_delta_sensor_async.py took 0.098 seconds
[2023-12-05T18:10:11.754+0000] {processor.py:157} INFO - Started process (PID=13745) to work on /usr/local/lib/python3.10/dist-packages/airflow/example_dags/example_time_delta_sensor_async.py
[2023-12-05T18:10:11.755+0000] {processor.py:829} INFO - Processing file /usr/local/lib/python3.10/dist-packages/airflow/example_dags/example_time_delta_sensor_async.py for tasks to queue
[2023-12-05T18:10:11.756+0000] {logging_mixin.py:154} INFO - [2023-12-05T18:10:11.756+0000] {dagbag.py:536} INFO - Filling up the DagBag from /usr/local/lib/python3.10/dist-packages/airflow/example_dags/example_time_delta_sensor_async.py
[2023-12-05T18:10:11.763+0000] {processor.py:839} INFO - DAG(s) dict_keys(['example_time_delta_sensor_async']) retrieved from /usr/local/lib/python3.10/dist-packages/airflow/example_dags/example_time_delta_sensor_async.py
[2023-12-05T18:10:11.786+0000] {logging_mixin.py:154} INFO - [2023-12-05T18:10:11.786+0000] {dag.py:2941} INFO - Sync 1 DAGs
[2023-12-05T18:10:11.799+0000] {logging_mixin.py:154} INFO - [2023-12-05T18:10:11.798+0000] {dag.py:3722} INFO - Setting next_dagrun for example_time_delta_sensor_async to None, run_after=None
[2023-12-05T18:10:11.825+0000] {processor.py:179} INFO - Processing /usr/local/lib/python3.10/dist-packages/airflow/example_dags/example_time_delta_sensor_async.py took 0.076 seconds
[2023-12-05T18:10:48.610+0000] {processor.py:157} INFO - Started process (PID=14030) to work on /usr/local/lib/python3.10/dist-packages/airflow/example_dags/example_time_delta_sensor_async.py
[2023-12-05T18:10:48.611+0000] {processor.py:829} INFO - Processing file /usr/local/lib/python3.10/dist-packages/airflow/example_dags/example_time_delta_sensor_async.py for tasks to queue
[2023-12-05T18:10:48.612+0000] {logging_mixin.py:154} INFO - [2023-12-05T18:10:48.612+0000] {dagbag.py:536} INFO - Filling up the DagBag from /usr/local/lib/python3.10/dist-packages/airflow/example_dags/example_time_delta_sensor_async.py
[2023-12-05T18:10:48.617+0000] {processor.py:839} INFO - DAG(s) dict_keys(['example_time_delta_sensor_async']) retrieved from /usr/local/lib/python3.10/dist-packages/airflow/example_dags/example_time_delta_sensor_async.py
[2023-12-05T18:10:48.634+0000] {logging_mixin.py:154} INFO - [2023-12-05T18:10:48.634+0000] {dag.py:2941} INFO - Sync 1 DAGs
[2023-12-05T18:10:48.645+0000] {logging_mixin.py:154} INFO - [2023-12-05T18:10:48.645+0000] {dag.py:3722} INFO - Setting next_dagrun for example_time_delta_sensor_async to None, run_after=None
[2023-12-05T18:10:48.666+0000] {processor.py:179} INFO - Processing /usr/local/lib/python3.10/dist-packages/airflow/example_dags/example_time_delta_sensor_async.py took 0.059 seconds
