[2023-12-05T17:46:47.247+0000] {processor.py:157} INFO - Started process (PID=9282) to work on /usr/local/lib/python3.10/dist-packages/airflow/example_dags/example_branch_datetime_operator.py
[2023-12-05T17:46:47.248+0000] {processor.py:829} INFO - Processing file /usr/local/lib/python3.10/dist-packages/airflow/example_dags/example_branch_datetime_operator.py for tasks to queue
[2023-12-05T17:46:47.249+0000] {logging_mixin.py:154} INFO - [2023-12-05T17:46:47.249+0000] {dagbag.py:536} INFO - Filling up the DagBag from /usr/local/lib/python3.10/dist-packages/airflow/example_dags/example_branch_datetime_operator.py
[2023-12-05T17:46:47.261+0000] {processor.py:839} INFO - DAG(s) dict_keys(['example_branch_datetime_operator_3', 'example_branch_datetime_operator_2', 'example_branch_datetime_operator']) retrieved from /usr/local/lib/python3.10/dist-packages/airflow/example_dags/example_branch_datetime_operator.py
[2023-12-05T17:46:47.289+0000] {logging_mixin.py:154} INFO - [2023-12-05T17:46:47.289+0000] {dag.py:2941} INFO - Sync 3 DAGs
[2023-12-05T17:46:47.312+0000] {logging_mixin.py:154} INFO - [2023-12-05T17:46:47.312+0000] {dag.py:3722} INFO - Setting next_dagrun for example_branch_datetime_operator to 2023-12-04T00:00:00+00:00, run_after=2023-12-05T00:00:00+00:00
[2023-12-05T17:46:47.317+0000] {logging_mixin.py:154} INFO - [2023-12-05T17:46:47.317+0000] {dag.py:3722} INFO - Setting next_dagrun for example_branch_datetime_operator_2 to 2023-12-04T00:00:00+00:00, run_after=2023-12-05T00:00:00+00:00
[2023-12-05T17:46:47.320+0000] {logging_mixin.py:154} INFO - [2023-12-05T17:46:47.320+0000] {dag.py:3722} INFO - Setting next_dagrun for example_branch_datetime_operator_3 to 2023-12-04T00:00:00+00:00, run_after=2023-12-05T00:00:00+00:00
[2023-12-05T17:46:47.368+0000] {processor.py:179} INFO - Processing /usr/local/lib/python3.10/dist-packages/airflow/example_dags/example_branch_datetime_operator.py took 0.124 seconds
[2023-12-05T17:47:43.365+0000] {processor.py:157} INFO - Started process (PID=9401) to work on /usr/local/lib/python3.10/dist-packages/airflow/example_dags/example_branch_datetime_operator.py
[2023-12-05T17:47:43.368+0000] {processor.py:829} INFO - Processing file /usr/local/lib/python3.10/dist-packages/airflow/example_dags/example_branch_datetime_operator.py for tasks to queue
[2023-12-05T17:47:43.369+0000] {logging_mixin.py:154} INFO - [2023-12-05T17:47:43.369+0000] {dagbag.py:536} INFO - Filling up the DagBag from /usr/local/lib/python3.10/dist-packages/airflow/example_dags/example_branch_datetime_operator.py
[2023-12-05T17:47:43.388+0000] {processor.py:839} INFO - DAG(s) dict_keys(['example_branch_datetime_operator_3', 'example_branch_datetime_operator_2', 'example_branch_datetime_operator']) retrieved from /usr/local/lib/python3.10/dist-packages/airflow/example_dags/example_branch_datetime_operator.py
[2023-12-05T17:47:43.434+0000] {logging_mixin.py:154} INFO - [2023-12-05T17:47:43.433+0000] {dag.py:2941} INFO - Sync 3 DAGs
[2023-12-05T17:47:43.480+0000] {logging_mixin.py:154} INFO - [2023-12-05T17:47:43.480+0000] {dag.py:3722} INFO - Setting next_dagrun for example_branch_datetime_operator to 2023-12-04T00:00:00+00:00, run_after=2023-12-05T00:00:00+00:00
[2023-12-05T17:47:43.489+0000] {logging_mixin.py:154} INFO - [2023-12-05T17:47:43.489+0000] {dag.py:3722} INFO - Setting next_dagrun for example_branch_datetime_operator_2 to 2023-12-04T00:00:00+00:00, run_after=2023-12-05T00:00:00+00:00
[2023-12-05T17:47:43.494+0000] {logging_mixin.py:154} INFO - [2023-12-05T17:47:43.493+0000] {dag.py:3722} INFO - Setting next_dagrun for example_branch_datetime_operator_3 to 2023-12-04T00:00:00+00:00, run_after=2023-12-05T00:00:00+00:00
[2023-12-05T17:47:43.526+0000] {processor.py:179} INFO - Processing /usr/local/lib/python3.10/dist-packages/airflow/example_dags/example_branch_datetime_operator.py took 0.166 seconds
[2023-12-05T17:48:38.159+0000] {processor.py:157} INFO - Started process (PID=9581) to work on /usr/local/lib/python3.10/dist-packages/airflow/example_dags/example_branch_datetime_operator.py
[2023-12-05T17:48:38.160+0000] {processor.py:829} INFO - Processing file /usr/local/lib/python3.10/dist-packages/airflow/example_dags/example_branch_datetime_operator.py for tasks to queue
[2023-12-05T17:48:38.161+0000] {logging_mixin.py:154} INFO - [2023-12-05T17:48:38.161+0000] {dagbag.py:536} INFO - Filling up the DagBag from /usr/local/lib/python3.10/dist-packages/airflow/example_dags/example_branch_datetime_operator.py
[2023-12-05T17:48:38.172+0000] {processor.py:839} INFO - DAG(s) dict_keys(['example_branch_datetime_operator_2', 'example_branch_datetime_operator_3', 'example_branch_datetime_operator']) retrieved from /usr/local/lib/python3.10/dist-packages/airflow/example_dags/example_branch_datetime_operator.py
[2023-12-05T17:48:38.204+0000] {logging_mixin.py:154} INFO - [2023-12-05T17:48:38.204+0000] {dag.py:2941} INFO - Sync 3 DAGs
[2023-12-05T17:48:38.260+0000] {logging_mixin.py:154} INFO - [2023-12-05T17:48:38.260+0000] {dag.py:3722} INFO - Setting next_dagrun for example_branch_datetime_operator to 2023-12-04T00:00:00+00:00, run_after=2023-12-05T00:00:00+00:00
[2023-12-05T17:48:38.272+0000] {logging_mixin.py:154} INFO - [2023-12-05T17:48:38.272+0000] {dag.py:3722} INFO - Setting next_dagrun for example_branch_datetime_operator_2 to 2023-12-04T00:00:00+00:00, run_after=2023-12-05T00:00:00+00:00
[2023-12-05T17:48:38.276+0000] {logging_mixin.py:154} INFO - [2023-12-05T17:48:38.276+0000] {dag.py:3722} INFO - Setting next_dagrun for example_branch_datetime_operator_3 to 2023-12-04T00:00:00+00:00, run_after=2023-12-05T00:00:00+00:00
[2023-12-05T17:48:38.330+0000] {processor.py:179} INFO - Processing /usr/local/lib/python3.10/dist-packages/airflow/example_dags/example_branch_datetime_operator.py took 0.177 seconds
[2023-12-05T17:49:32.463+0000] {processor.py:157} INFO - Started process (PID=9698) to work on /usr/local/lib/python3.10/dist-packages/airflow/example_dags/example_branch_datetime_operator.py
[2023-12-05T17:49:32.465+0000] {processor.py:829} INFO - Processing file /usr/local/lib/python3.10/dist-packages/airflow/example_dags/example_branch_datetime_operator.py for tasks to queue
[2023-12-05T17:49:32.466+0000] {logging_mixin.py:154} INFO - [2023-12-05T17:49:32.466+0000] {dagbag.py:536} INFO - Filling up the DagBag from /usr/local/lib/python3.10/dist-packages/airflow/example_dags/example_branch_datetime_operator.py
[2023-12-05T17:49:32.501+0000] {processor.py:839} INFO - DAG(s) dict_keys(['example_branch_datetime_operator', 'example_branch_datetime_operator_2', 'example_branch_datetime_operator_3']) retrieved from /usr/local/lib/python3.10/dist-packages/airflow/example_dags/example_branch_datetime_operator.py
[2023-12-05T17:49:32.534+0000] {logging_mixin.py:154} INFO - [2023-12-05T17:49:32.534+0000] {dag.py:2941} INFO - Sync 3 DAGs
[2023-12-05T17:49:32.572+0000] {logging_mixin.py:154} INFO - [2023-12-05T17:49:32.571+0000] {dag.py:3722} INFO - Setting next_dagrun for example_branch_datetime_operator to 2023-12-04T00:00:00+00:00, run_after=2023-12-05T00:00:00+00:00
[2023-12-05T17:49:32.579+0000] {logging_mixin.py:154} INFO - [2023-12-05T17:49:32.579+0000] {dag.py:3722} INFO - Setting next_dagrun for example_branch_datetime_operator_2 to 2023-12-04T00:00:00+00:00, run_after=2023-12-05T00:00:00+00:00
[2023-12-05T17:49:32.582+0000] {logging_mixin.py:154} INFO - [2023-12-05T17:49:32.581+0000] {dag.py:3722} INFO - Setting next_dagrun for example_branch_datetime_operator_3 to 2023-12-04T00:00:00+00:00, run_after=2023-12-05T00:00:00+00:00
[2023-12-05T17:49:32.618+0000] {processor.py:179} INFO - Processing /usr/local/lib/python3.10/dist-packages/airflow/example_dags/example_branch_datetime_operator.py took 0.165 seconds
[2023-12-05T17:50:25.840+0000] {processor.py:157} INFO - Started process (PID=9820) to work on /usr/local/lib/python3.10/dist-packages/airflow/example_dags/example_branch_datetime_operator.py
[2023-12-05T17:50:25.841+0000] {processor.py:829} INFO - Processing file /usr/local/lib/python3.10/dist-packages/airflow/example_dags/example_branch_datetime_operator.py for tasks to queue
[2023-12-05T17:50:25.842+0000] {logging_mixin.py:154} INFO - [2023-12-05T17:50:25.841+0000] {dagbag.py:536} INFO - Filling up the DagBag from /usr/local/lib/python3.10/dist-packages/airflow/example_dags/example_branch_datetime_operator.py
[2023-12-05T17:50:25.852+0000] {processor.py:839} INFO - DAG(s) dict_keys(['example_branch_datetime_operator', 'example_branch_datetime_operator_2', 'example_branch_datetime_operator_3']) retrieved from /usr/local/lib/python3.10/dist-packages/airflow/example_dags/example_branch_datetime_operator.py
[2023-12-05T17:50:25.876+0000] {logging_mixin.py:154} INFO - [2023-12-05T17:50:25.876+0000] {dag.py:2941} INFO - Sync 3 DAGs
[2023-12-05T17:50:25.898+0000] {logging_mixin.py:154} INFO - [2023-12-05T17:50:25.898+0000] {dag.py:3722} INFO - Setting next_dagrun for example_branch_datetime_operator to 2023-12-04T00:00:00+00:00, run_after=2023-12-05T00:00:00+00:00
[2023-12-05T17:50:25.903+0000] {logging_mixin.py:154} INFO - [2023-12-05T17:50:25.903+0000] {dag.py:3722} INFO - Setting next_dagrun for example_branch_datetime_operator_2 to 2023-12-04T00:00:00+00:00, run_after=2023-12-05T00:00:00+00:00
[2023-12-05T17:50:25.905+0000] {logging_mixin.py:154} INFO - [2023-12-05T17:50:25.905+0000] {dag.py:3722} INFO - Setting next_dagrun for example_branch_datetime_operator_3 to 2023-12-04T00:00:00+00:00, run_after=2023-12-05T00:00:00+00:00
[2023-12-05T17:50:25.926+0000] {processor.py:179} INFO - Processing /usr/local/lib/python3.10/dist-packages/airflow/example_dags/example_branch_datetime_operator.py took 0.090 seconds
[2023-12-05T17:51:16.744+0000] {processor.py:157} INFO - Started process (PID=9997) to work on /usr/local/lib/python3.10/dist-packages/airflow/example_dags/example_branch_datetime_operator.py
[2023-12-05T17:51:16.746+0000] {processor.py:829} INFO - Processing file /usr/local/lib/python3.10/dist-packages/airflow/example_dags/example_branch_datetime_operator.py for tasks to queue
[2023-12-05T17:51:16.748+0000] {logging_mixin.py:154} INFO - [2023-12-05T17:51:16.748+0000] {dagbag.py:536} INFO - Filling up the DagBag from /usr/local/lib/python3.10/dist-packages/airflow/example_dags/example_branch_datetime_operator.py
[2023-12-05T17:51:16.770+0000] {processor.py:839} INFO - DAG(s) dict_keys(['example_branch_datetime_operator_2', 'example_branch_datetime_operator', 'example_branch_datetime_operator_3']) retrieved from /usr/local/lib/python3.10/dist-packages/airflow/example_dags/example_branch_datetime_operator.py
[2023-12-05T17:51:16.821+0000] {logging_mixin.py:154} INFO - [2023-12-05T17:51:16.820+0000] {dag.py:2941} INFO - Sync 3 DAGs
[2023-12-05T17:51:16.869+0000] {logging_mixin.py:154} INFO - [2023-12-05T17:51:16.869+0000] {dag.py:3722} INFO - Setting next_dagrun for example_branch_datetime_operator to 2023-12-04T00:00:00+00:00, run_after=2023-12-05T00:00:00+00:00
[2023-12-05T17:51:16.874+0000] {logging_mixin.py:154} INFO - [2023-12-05T17:51:16.873+0000] {dag.py:3722} INFO - Setting next_dagrun for example_branch_datetime_operator_2 to 2023-12-04T00:00:00+00:00, run_after=2023-12-05T00:00:00+00:00
[2023-12-05T17:51:16.876+0000] {logging_mixin.py:154} INFO - [2023-12-05T17:51:16.876+0000] {dag.py:3722} INFO - Setting next_dagrun for example_branch_datetime_operator_3 to 2023-12-04T00:00:00+00:00, run_after=2023-12-05T00:00:00+00:00
[2023-12-05T17:51:16.899+0000] {processor.py:179} INFO - Processing /usr/local/lib/python3.10/dist-packages/airflow/example_dags/example_branch_datetime_operator.py took 0.164 seconds
[2023-12-05T17:52:09.316+0000] {processor.py:157} INFO - Started process (PID=10114) to work on /usr/local/lib/python3.10/dist-packages/airflow/example_dags/example_branch_datetime_operator.py
[2023-12-05T17:52:09.318+0000] {processor.py:829} INFO - Processing file /usr/local/lib/python3.10/dist-packages/airflow/example_dags/example_branch_datetime_operator.py for tasks to queue
[2023-12-05T17:52:09.319+0000] {logging_mixin.py:154} INFO - [2023-12-05T17:52:09.318+0000] {dagbag.py:536} INFO - Filling up the DagBag from /usr/local/lib/python3.10/dist-packages/airflow/example_dags/example_branch_datetime_operator.py
[2023-12-05T17:52:09.331+0000] {processor.py:839} INFO - DAG(s) dict_keys(['example_branch_datetime_operator_3', 'example_branch_datetime_operator', 'example_branch_datetime_operator_2']) retrieved from /usr/local/lib/python3.10/dist-packages/airflow/example_dags/example_branch_datetime_operator.py
[2023-12-05T17:52:09.361+0000] {logging_mixin.py:154} INFO - [2023-12-05T17:52:09.361+0000] {dag.py:2941} INFO - Sync 3 DAGs
[2023-12-05T17:52:09.390+0000] {logging_mixin.py:154} INFO - [2023-12-05T17:52:09.390+0000] {dag.py:3722} INFO - Setting next_dagrun for example_branch_datetime_operator to 2023-12-04T00:00:00+00:00, run_after=2023-12-05T00:00:00+00:00
[2023-12-05T17:52:09.397+0000] {logging_mixin.py:154} INFO - [2023-12-05T17:52:09.397+0000] {dag.py:3722} INFO - Setting next_dagrun for example_branch_datetime_operator_2 to 2023-12-04T00:00:00+00:00, run_after=2023-12-05T00:00:00+00:00
[2023-12-05T17:52:09.400+0000] {logging_mixin.py:154} INFO - [2023-12-05T17:52:09.400+0000] {dag.py:3722} INFO - Setting next_dagrun for example_branch_datetime_operator_3 to 2023-12-04T00:00:00+00:00, run_after=2023-12-05T00:00:00+00:00
[2023-12-05T17:52:09.434+0000] {processor.py:179} INFO - Processing /usr/local/lib/python3.10/dist-packages/airflow/example_dags/example_branch_datetime_operator.py took 0.123 seconds
[2023-12-05T17:53:01.511+0000] {processor.py:157} INFO - Started process (PID=10174) to work on /usr/local/lib/python3.10/dist-packages/airflow/example_dags/example_branch_datetime_operator.py
[2023-12-05T17:53:01.513+0000] {processor.py:829} INFO - Processing file /usr/local/lib/python3.10/dist-packages/airflow/example_dags/example_branch_datetime_operator.py for tasks to queue
[2023-12-05T17:53:01.514+0000] {logging_mixin.py:154} INFO - [2023-12-05T17:53:01.514+0000] {dagbag.py:536} INFO - Filling up the DagBag from /usr/local/lib/python3.10/dist-packages/airflow/example_dags/example_branch_datetime_operator.py
[2023-12-05T17:53:01.526+0000] {processor.py:839} INFO - DAG(s) dict_keys(['example_branch_datetime_operator_2', 'example_branch_datetime_operator', 'example_branch_datetime_operator_3']) retrieved from /usr/local/lib/python3.10/dist-packages/airflow/example_dags/example_branch_datetime_operator.py
[2023-12-05T17:53:01.553+0000] {logging_mixin.py:154} INFO - [2023-12-05T17:53:01.553+0000] {dag.py:2941} INFO - Sync 3 DAGs
[2023-12-05T17:53:01.592+0000] {logging_mixin.py:154} INFO - [2023-12-05T17:53:01.592+0000] {dag.py:3722} INFO - Setting next_dagrun for example_branch_datetime_operator to 2023-12-04T00:00:00+00:00, run_after=2023-12-05T00:00:00+00:00
[2023-12-05T17:53:01.608+0000] {logging_mixin.py:154} INFO - [2023-12-05T17:53:01.608+0000] {dag.py:3722} INFO - Setting next_dagrun for example_branch_datetime_operator_2 to 2023-12-04T00:00:00+00:00, run_after=2023-12-05T00:00:00+00:00
[2023-12-05T17:53:01.620+0000] {logging_mixin.py:154} INFO - [2023-12-05T17:53:01.619+0000] {dag.py:3722} INFO - Setting next_dagrun for example_branch_datetime_operator_3 to 2023-12-04T00:00:00+00:00, run_after=2023-12-05T00:00:00+00:00
[2023-12-05T17:53:01.705+0000] {processor.py:179} INFO - Processing /usr/local/lib/python3.10/dist-packages/airflow/example_dags/example_branch_datetime_operator.py took 0.201 seconds
[2023-12-05T17:53:52.472+0000] {processor.py:157} INFO - Started process (PID=10353) to work on /usr/local/lib/python3.10/dist-packages/airflow/example_dags/example_branch_datetime_operator.py
[2023-12-05T17:53:52.473+0000] {processor.py:829} INFO - Processing file /usr/local/lib/python3.10/dist-packages/airflow/example_dags/example_branch_datetime_operator.py for tasks to queue
[2023-12-05T17:53:52.474+0000] {logging_mixin.py:154} INFO - [2023-12-05T17:53:52.474+0000] {dagbag.py:536} INFO - Filling up the DagBag from /usr/local/lib/python3.10/dist-packages/airflow/example_dags/example_branch_datetime_operator.py
[2023-12-05T17:53:52.486+0000] {processor.py:839} INFO - DAG(s) dict_keys(['example_branch_datetime_operator', 'example_branch_datetime_operator_2', 'example_branch_datetime_operator_3']) retrieved from /usr/local/lib/python3.10/dist-packages/airflow/example_dags/example_branch_datetime_operator.py
[2023-12-05T17:53:52.510+0000] {logging_mixin.py:154} INFO - [2023-12-05T17:53:52.510+0000] {dag.py:2941} INFO - Sync 3 DAGs
[2023-12-05T17:53:52.533+0000] {logging_mixin.py:154} INFO - [2023-12-05T17:53:52.532+0000] {dag.py:3722} INFO - Setting next_dagrun for example_branch_datetime_operator to 2023-12-04T00:00:00+00:00, run_after=2023-12-05T00:00:00+00:00
[2023-12-05T17:53:52.541+0000] {logging_mixin.py:154} INFO - [2023-12-05T17:53:52.540+0000] {dag.py:3722} INFO - Setting next_dagrun for example_branch_datetime_operator_2 to 2023-12-04T00:00:00+00:00, run_after=2023-12-05T00:00:00+00:00
[2023-12-05T17:53:52.545+0000] {logging_mixin.py:154} INFO - [2023-12-05T17:53:52.545+0000] {dag.py:3722} INFO - Setting next_dagrun for example_branch_datetime_operator_3 to 2023-12-04T00:00:00+00:00, run_after=2023-12-05T00:00:00+00:00
[2023-12-05T17:53:52.570+0000] {processor.py:179} INFO - Processing /usr/local/lib/python3.10/dist-packages/airflow/example_dags/example_branch_datetime_operator.py took 0.108 seconds
[2023-12-05T17:54:41.285+0000] {processor.py:157} INFO - Started process (PID=10471) to work on /usr/local/lib/python3.10/dist-packages/airflow/example_dags/example_branch_datetime_operator.py
[2023-12-05T17:54:41.288+0000] {processor.py:829} INFO - Processing file /usr/local/lib/python3.10/dist-packages/airflow/example_dags/example_branch_datetime_operator.py for tasks to queue
[2023-12-05T17:54:41.292+0000] {logging_mixin.py:154} INFO - [2023-12-05T17:54:41.290+0000] {dagbag.py:536} INFO - Filling up the DagBag from /usr/local/lib/python3.10/dist-packages/airflow/example_dags/example_branch_datetime_operator.py
[2023-12-05T17:54:41.316+0000] {processor.py:839} INFO - DAG(s) dict_keys(['example_branch_datetime_operator_3', 'example_branch_datetime_operator', 'example_branch_datetime_operator_2']) retrieved from /usr/local/lib/python3.10/dist-packages/airflow/example_dags/example_branch_datetime_operator.py
[2023-12-05T17:54:41.352+0000] {logging_mixin.py:154} INFO - [2023-12-05T17:54:41.352+0000] {dag.py:2941} INFO - Sync 3 DAGs
[2023-12-05T17:54:41.377+0000] {logging_mixin.py:154} INFO - [2023-12-05T17:54:41.377+0000] {dag.py:3722} INFO - Setting next_dagrun for example_branch_datetime_operator to 2023-12-04T00:00:00+00:00, run_after=2023-12-05T00:00:00+00:00
[2023-12-05T17:54:41.383+0000] {logging_mixin.py:154} INFO - [2023-12-05T17:54:41.383+0000] {dag.py:3722} INFO - Setting next_dagrun for example_branch_datetime_operator_2 to 2023-12-04T00:00:00+00:00, run_after=2023-12-05T00:00:00+00:00
[2023-12-05T17:54:41.388+0000] {logging_mixin.py:154} INFO - [2023-12-05T17:54:41.387+0000] {dag.py:3722} INFO - Setting next_dagrun for example_branch_datetime_operator_3 to 2023-12-04T00:00:00+00:00, run_after=2023-12-05T00:00:00+00:00
[2023-12-05T17:54:41.411+0000] {processor.py:179} INFO - Processing /usr/local/lib/python3.10/dist-packages/airflow/example_dags/example_branch_datetime_operator.py took 0.135 seconds
[2023-12-05T17:55:34.511+0000] {processor.py:157} INFO - Started process (PID=10589) to work on /usr/local/lib/python3.10/dist-packages/airflow/example_dags/example_branch_datetime_operator.py
[2023-12-05T17:55:34.512+0000] {processor.py:829} INFO - Processing file /usr/local/lib/python3.10/dist-packages/airflow/example_dags/example_branch_datetime_operator.py for tasks to queue
[2023-12-05T17:55:34.513+0000] {logging_mixin.py:154} INFO - [2023-12-05T17:55:34.513+0000] {dagbag.py:536} INFO - Filling up the DagBag from /usr/local/lib/python3.10/dist-packages/airflow/example_dags/example_branch_datetime_operator.py
[2023-12-05T17:55:34.527+0000] {processor.py:839} INFO - DAG(s) dict_keys(['example_branch_datetime_operator', 'example_branch_datetime_operator_2', 'example_branch_datetime_operator_3']) retrieved from /usr/local/lib/python3.10/dist-packages/airflow/example_dags/example_branch_datetime_operator.py
[2023-12-05T17:55:34.551+0000] {logging_mixin.py:154} INFO - [2023-12-05T17:55:34.551+0000] {dag.py:2941} INFO - Sync 3 DAGs
[2023-12-05T17:55:34.586+0000] {logging_mixin.py:154} INFO - [2023-12-05T17:55:34.586+0000] {dag.py:3722} INFO - Setting next_dagrun for example_branch_datetime_operator to 2023-12-04T00:00:00+00:00, run_after=2023-12-05T00:00:00+00:00
[2023-12-05T17:55:34.593+0000] {logging_mixin.py:154} INFO - [2023-12-05T17:55:34.593+0000] {dag.py:3722} INFO - Setting next_dagrun for example_branch_datetime_operator_2 to 2023-12-04T00:00:00+00:00, run_after=2023-12-05T00:00:00+00:00
[2023-12-05T17:55:34.596+0000] {logging_mixin.py:154} INFO - [2023-12-05T17:55:34.596+0000] {dag.py:3722} INFO - Setting next_dagrun for example_branch_datetime_operator_3 to 2023-12-04T00:00:00+00:00, run_after=2023-12-05T00:00:00+00:00
[2023-12-05T17:55:34.624+0000] {processor.py:179} INFO - Processing /usr/local/lib/python3.10/dist-packages/airflow/example_dags/example_branch_datetime_operator.py took 0.116 seconds
[2023-12-05T17:56:25.201+0000] {processor.py:157} INFO - Started process (PID=10769) to work on /usr/local/lib/python3.10/dist-packages/airflow/example_dags/example_branch_datetime_operator.py
[2023-12-05T17:56:25.204+0000] {processor.py:829} INFO - Processing file /usr/local/lib/python3.10/dist-packages/airflow/example_dags/example_branch_datetime_operator.py for tasks to queue
[2023-12-05T17:56:25.205+0000] {logging_mixin.py:154} INFO - [2023-12-05T17:56:25.204+0000] {dagbag.py:536} INFO - Filling up the DagBag from /usr/local/lib/python3.10/dist-packages/airflow/example_dags/example_branch_datetime_operator.py
[2023-12-05T17:56:25.217+0000] {processor.py:839} INFO - DAG(s) dict_keys(['example_branch_datetime_operator_2', 'example_branch_datetime_operator', 'example_branch_datetime_operator_3']) retrieved from /usr/local/lib/python3.10/dist-packages/airflow/example_dags/example_branch_datetime_operator.py
[2023-12-05T17:56:25.242+0000] {logging_mixin.py:154} INFO - [2023-12-05T17:56:25.242+0000] {dag.py:2941} INFO - Sync 3 DAGs
[2023-12-05T17:56:25.267+0000] {logging_mixin.py:154} INFO - [2023-12-05T17:56:25.267+0000] {dag.py:3722} INFO - Setting next_dagrun for example_branch_datetime_operator to 2023-12-04T00:00:00+00:00, run_after=2023-12-05T00:00:00+00:00
[2023-12-05T17:56:25.274+0000] {logging_mixin.py:154} INFO - [2023-12-05T17:56:25.274+0000] {dag.py:3722} INFO - Setting next_dagrun for example_branch_datetime_operator_2 to 2023-12-04T00:00:00+00:00, run_after=2023-12-05T00:00:00+00:00
[2023-12-05T17:56:25.277+0000] {logging_mixin.py:154} INFO - [2023-12-05T17:56:25.276+0000] {dag.py:3722} INFO - Setting next_dagrun for example_branch_datetime_operator_3 to 2023-12-04T00:00:00+00:00, run_after=2023-12-05T00:00:00+00:00
[2023-12-05T17:56:25.301+0000] {processor.py:179} INFO - Processing /usr/local/lib/python3.10/dist-packages/airflow/example_dags/example_branch_datetime_operator.py took 0.104 seconds
[2023-12-05T17:57:19.958+0000] {processor.py:157} INFO - Started process (PID=10891) to work on /usr/local/lib/python3.10/dist-packages/airflow/example_dags/example_branch_datetime_operator.py
[2023-12-05T17:57:19.962+0000] {processor.py:829} INFO - Processing file /usr/local/lib/python3.10/dist-packages/airflow/example_dags/example_branch_datetime_operator.py for tasks to queue
[2023-12-05T17:57:19.964+0000] {logging_mixin.py:154} INFO - [2023-12-05T17:57:19.963+0000] {dagbag.py:536} INFO - Filling up the DagBag from /usr/local/lib/python3.10/dist-packages/airflow/example_dags/example_branch_datetime_operator.py
[2023-12-05T17:57:19.978+0000] {processor.py:839} INFO - DAG(s) dict_keys(['example_branch_datetime_operator', 'example_branch_datetime_operator_2', 'example_branch_datetime_operator_3']) retrieved from /usr/local/lib/python3.10/dist-packages/airflow/example_dags/example_branch_datetime_operator.py
[2023-12-05T17:57:20.012+0000] {logging_mixin.py:154} INFO - [2023-12-05T17:57:20.011+0000] {dag.py:2941} INFO - Sync 3 DAGs
[2023-12-05T17:57:20.040+0000] {logging_mixin.py:154} INFO - [2023-12-05T17:57:20.039+0000] {dag.py:3722} INFO - Setting next_dagrun for example_branch_datetime_operator to 2023-12-04T00:00:00+00:00, run_after=2023-12-05T00:00:00+00:00
[2023-12-05T17:57:20.045+0000] {logging_mixin.py:154} INFO - [2023-12-05T17:57:20.045+0000] {dag.py:3722} INFO - Setting next_dagrun for example_branch_datetime_operator_2 to 2023-12-04T00:00:00+00:00, run_after=2023-12-05T00:00:00+00:00
[2023-12-05T17:57:20.048+0000] {logging_mixin.py:154} INFO - [2023-12-05T17:57:20.048+0000] {dag.py:3722} INFO - Setting next_dagrun for example_branch_datetime_operator_3 to 2023-12-04T00:00:00+00:00, run_after=2023-12-05T00:00:00+00:00
[2023-12-05T17:57:20.087+0000] {processor.py:179} INFO - Processing /usr/local/lib/python3.10/dist-packages/airflow/example_dags/example_branch_datetime_operator.py took 0.135 seconds
[2023-12-05T17:58:17.258+0000] {processor.py:157} INFO - Started process (PID=11018) to work on /usr/local/lib/python3.10/dist-packages/airflow/example_dags/example_branch_datetime_operator.py
[2023-12-05T17:58:17.261+0000] {processor.py:829} INFO - Processing file /usr/local/lib/python3.10/dist-packages/airflow/example_dags/example_branch_datetime_operator.py for tasks to queue
[2023-12-05T17:58:17.262+0000] {logging_mixin.py:154} INFO - [2023-12-05T17:58:17.261+0000] {dagbag.py:536} INFO - Filling up the DagBag from /usr/local/lib/python3.10/dist-packages/airflow/example_dags/example_branch_datetime_operator.py
[2023-12-05T17:58:17.277+0000] {processor.py:839} INFO - DAG(s) dict_keys(['example_branch_datetime_operator_3', 'example_branch_datetime_operator_2', 'example_branch_datetime_operator']) retrieved from /usr/local/lib/python3.10/dist-packages/airflow/example_dags/example_branch_datetime_operator.py
[2023-12-05T17:58:17.309+0000] {logging_mixin.py:154} INFO - [2023-12-05T17:58:17.309+0000] {dag.py:2941} INFO - Sync 3 DAGs
[2023-12-05T17:58:17.365+0000] {logging_mixin.py:154} INFO - [2023-12-05T17:58:17.365+0000] {dag.py:3722} INFO - Setting next_dagrun for example_branch_datetime_operator to 2023-12-04T00:00:00+00:00, run_after=2023-12-05T00:00:00+00:00
[2023-12-05T17:58:17.375+0000] {logging_mixin.py:154} INFO - [2023-12-05T17:58:17.375+0000] {dag.py:3722} INFO - Setting next_dagrun for example_branch_datetime_operator_2 to 2023-12-04T00:00:00+00:00, run_after=2023-12-05T00:00:00+00:00
[2023-12-05T17:58:17.378+0000] {logging_mixin.py:154} INFO - [2023-12-05T17:58:17.378+0000] {dag.py:3722} INFO - Setting next_dagrun for example_branch_datetime_operator_3 to 2023-12-04T00:00:00+00:00, run_after=2023-12-05T00:00:00+00:00
[2023-12-05T17:58:17.403+0000] {processor.py:179} INFO - Processing /usr/local/lib/python3.10/dist-packages/airflow/example_dags/example_branch_datetime_operator.py took 0.149 seconds
[2023-12-05T17:59:06.996+0000] {processor.py:157} INFO - Started process (PID=11139) to work on /usr/local/lib/python3.10/dist-packages/airflow/example_dags/example_branch_datetime_operator.py
[2023-12-05T17:59:06.998+0000] {processor.py:829} INFO - Processing file /usr/local/lib/python3.10/dist-packages/airflow/example_dags/example_branch_datetime_operator.py for tasks to queue
[2023-12-05T17:59:06.999+0000] {logging_mixin.py:154} INFO - [2023-12-05T17:59:06.998+0000] {dagbag.py:536} INFO - Filling up the DagBag from /usr/local/lib/python3.10/dist-packages/airflow/example_dags/example_branch_datetime_operator.py
[2023-12-05T17:59:07.011+0000] {processor.py:839} INFO - DAG(s) dict_keys(['example_branch_datetime_operator_3', 'example_branch_datetime_operator_2', 'example_branch_datetime_operator']) retrieved from /usr/local/lib/python3.10/dist-packages/airflow/example_dags/example_branch_datetime_operator.py
[2023-12-05T17:59:07.037+0000] {logging_mixin.py:154} INFO - [2023-12-05T17:59:07.036+0000] {dag.py:2941} INFO - Sync 3 DAGs
[2023-12-05T17:59:07.059+0000] {logging_mixin.py:154} INFO - [2023-12-05T17:59:07.059+0000] {dag.py:3722} INFO - Setting next_dagrun for example_branch_datetime_operator to 2023-12-04T00:00:00+00:00, run_after=2023-12-05T00:00:00+00:00
[2023-12-05T17:59:07.065+0000] {logging_mixin.py:154} INFO - [2023-12-05T17:59:07.064+0000] {dag.py:3722} INFO - Setting next_dagrun for example_branch_datetime_operator_2 to 2023-12-04T00:00:00+00:00, run_after=2023-12-05T00:00:00+00:00
[2023-12-05T17:59:07.068+0000] {logging_mixin.py:154} INFO - [2023-12-05T17:59:07.067+0000] {dag.py:3722} INFO - Setting next_dagrun for example_branch_datetime_operator_3 to 2023-12-04T00:00:00+00:00, run_after=2023-12-05T00:00:00+00:00
[2023-12-05T17:59:07.094+0000] {processor.py:179} INFO - Processing /usr/local/lib/python3.10/dist-packages/airflow/example_dags/example_branch_datetime_operator.py took 0.101 seconds
[2023-12-05T18:00:01.021+0000] {processor.py:157} INFO - Started process (PID=11198) to work on /usr/local/lib/python3.10/dist-packages/airflow/example_dags/example_branch_datetime_operator.py
[2023-12-05T18:00:01.023+0000] {processor.py:829} INFO - Processing file /usr/local/lib/python3.10/dist-packages/airflow/example_dags/example_branch_datetime_operator.py for tasks to queue
[2023-12-05T18:00:01.024+0000] {logging_mixin.py:154} INFO - [2023-12-05T18:00:01.023+0000] {dagbag.py:536} INFO - Filling up the DagBag from /usr/local/lib/python3.10/dist-packages/airflow/example_dags/example_branch_datetime_operator.py
[2023-12-05T18:00:01.038+0000] {processor.py:839} INFO - DAG(s) dict_keys(['example_branch_datetime_operator', 'example_branch_datetime_operator_2', 'example_branch_datetime_operator_3']) retrieved from /usr/local/lib/python3.10/dist-packages/airflow/example_dags/example_branch_datetime_operator.py
[2023-12-05T18:00:01.080+0000] {logging_mixin.py:154} INFO - [2023-12-05T18:00:01.079+0000] {dag.py:2941} INFO - Sync 3 DAGs
[2023-12-05T18:00:01.110+0000] {logging_mixin.py:154} INFO - [2023-12-05T18:00:01.110+0000] {dag.py:3722} INFO - Setting next_dagrun for example_branch_datetime_operator to 2023-12-04T00:00:00+00:00, run_after=2023-12-05T00:00:00+00:00
[2023-12-05T18:00:01.118+0000] {logging_mixin.py:154} INFO - [2023-12-05T18:00:01.118+0000] {dag.py:3722} INFO - Setting next_dagrun for example_branch_datetime_operator_2 to 2023-12-04T00:00:00+00:00, run_after=2023-12-05T00:00:00+00:00
[2023-12-05T18:00:01.122+0000] {logging_mixin.py:154} INFO - [2023-12-05T18:00:01.122+0000] {dag.py:3722} INFO - Setting next_dagrun for example_branch_datetime_operator_3 to 2023-12-04T00:00:00+00:00, run_after=2023-12-05T00:00:00+00:00
[2023-12-05T18:00:01.156+0000] {processor.py:179} INFO - Processing /usr/local/lib/python3.10/dist-packages/airflow/example_dags/example_branch_datetime_operator.py took 0.139 seconds
[2023-12-05T18:00:51.644+0000] {processor.py:157} INFO - Started process (PID=11316) to work on /usr/local/lib/python3.10/dist-packages/airflow/example_dags/example_branch_datetime_operator.py
[2023-12-05T18:00:51.645+0000] {processor.py:829} INFO - Processing file /usr/local/lib/python3.10/dist-packages/airflow/example_dags/example_branch_datetime_operator.py for tasks to queue
[2023-12-05T18:00:51.646+0000] {logging_mixin.py:154} INFO - [2023-12-05T18:00:51.646+0000] {dagbag.py:536} INFO - Filling up the DagBag from /usr/local/lib/python3.10/dist-packages/airflow/example_dags/example_branch_datetime_operator.py
[2023-12-05T18:00:51.670+0000] {processor.py:839} INFO - DAG(s) dict_keys(['example_branch_datetime_operator_3', 'example_branch_datetime_operator_2', 'example_branch_datetime_operator']) retrieved from /usr/local/lib/python3.10/dist-packages/airflow/example_dags/example_branch_datetime_operator.py
[2023-12-05T18:00:51.704+0000] {logging_mixin.py:154} INFO - [2023-12-05T18:00:51.704+0000] {dag.py:2941} INFO - Sync 3 DAGs
[2023-12-05T18:00:51.731+0000] {logging_mixin.py:154} INFO - [2023-12-05T18:00:51.730+0000] {dag.py:3722} INFO - Setting next_dagrun for example_branch_datetime_operator to 2023-12-04T00:00:00+00:00, run_after=2023-12-05T00:00:00+00:00
[2023-12-05T18:00:51.737+0000] {logging_mixin.py:154} INFO - [2023-12-05T18:00:51.737+0000] {dag.py:3722} INFO - Setting next_dagrun for example_branch_datetime_operator_2 to 2023-12-04T00:00:00+00:00, run_after=2023-12-05T00:00:00+00:00
[2023-12-05T18:00:51.740+0000] {logging_mixin.py:154} INFO - [2023-12-05T18:00:51.739+0000] {dag.py:3722} INFO - Setting next_dagrun for example_branch_datetime_operator_3 to 2023-12-04T00:00:00+00:00, run_after=2023-12-05T00:00:00+00:00
[2023-12-05T18:00:51.765+0000] {processor.py:179} INFO - Processing /usr/local/lib/python3.10/dist-packages/airflow/example_dags/example_branch_datetime_operator.py took 0.128 seconds
[2023-12-05T18:01:38.203+0000] {processor.py:157} INFO - Started process (PID=11492) to work on /usr/local/lib/python3.10/dist-packages/airflow/example_dags/example_branch_datetime_operator.py
[2023-12-05T18:01:38.204+0000] {processor.py:829} INFO - Processing file /usr/local/lib/python3.10/dist-packages/airflow/example_dags/example_branch_datetime_operator.py for tasks to queue
[2023-12-05T18:01:38.205+0000] {logging_mixin.py:154} INFO - [2023-12-05T18:01:38.205+0000] {dagbag.py:536} INFO - Filling up the DagBag from /usr/local/lib/python3.10/dist-packages/airflow/example_dags/example_branch_datetime_operator.py
[2023-12-05T18:01:38.216+0000] {processor.py:839} INFO - DAG(s) dict_keys(['example_branch_datetime_operator', 'example_branch_datetime_operator_2', 'example_branch_datetime_operator_3']) retrieved from /usr/local/lib/python3.10/dist-packages/airflow/example_dags/example_branch_datetime_operator.py
[2023-12-05T18:01:38.242+0000] {logging_mixin.py:154} INFO - [2023-12-05T18:01:38.242+0000] {dag.py:2941} INFO - Sync 3 DAGs
[2023-12-05T18:01:38.268+0000] {logging_mixin.py:154} INFO - [2023-12-05T18:01:38.267+0000] {dag.py:3722} INFO - Setting next_dagrun for example_branch_datetime_operator to 2023-12-04T00:00:00+00:00, run_after=2023-12-05T00:00:00+00:00
[2023-12-05T18:01:38.272+0000] {logging_mixin.py:154} INFO - [2023-12-05T18:01:38.272+0000] {dag.py:3722} INFO - Setting next_dagrun for example_branch_datetime_operator_2 to 2023-12-04T00:00:00+00:00, run_after=2023-12-05T00:00:00+00:00
[2023-12-05T18:01:38.275+0000] {logging_mixin.py:154} INFO - [2023-12-05T18:01:38.275+0000] {dag.py:3722} INFO - Setting next_dagrun for example_branch_datetime_operator_3 to 2023-12-04T00:00:00+00:00, run_after=2023-12-05T00:00:00+00:00
[2023-12-05T18:01:38.296+0000] {processor.py:179} INFO - Processing /usr/local/lib/python3.10/dist-packages/airflow/example_dags/example_branch_datetime_operator.py took 0.097 seconds
[2023-12-05T18:02:27.132+0000] {processor.py:157} INFO - Started process (PID=11609) to work on /usr/local/lib/python3.10/dist-packages/airflow/example_dags/example_branch_datetime_operator.py
[2023-12-05T18:02:27.135+0000] {processor.py:829} INFO - Processing file /usr/local/lib/python3.10/dist-packages/airflow/example_dags/example_branch_datetime_operator.py for tasks to queue
[2023-12-05T18:02:27.136+0000] {logging_mixin.py:154} INFO - [2023-12-05T18:02:27.136+0000] {dagbag.py:536} INFO - Filling up the DagBag from /usr/local/lib/python3.10/dist-packages/airflow/example_dags/example_branch_datetime_operator.py
[2023-12-05T18:02:27.150+0000] {processor.py:839} INFO - DAG(s) dict_keys(['example_branch_datetime_operator', 'example_branch_datetime_operator_3', 'example_branch_datetime_operator_2']) retrieved from /usr/local/lib/python3.10/dist-packages/airflow/example_dags/example_branch_datetime_operator.py
[2023-12-05T18:02:27.171+0000] {logging_mixin.py:154} INFO - [2023-12-05T18:02:27.171+0000] {dag.py:2941} INFO - Sync 3 DAGs
[2023-12-05T18:02:27.191+0000] {logging_mixin.py:154} INFO - [2023-12-05T18:02:27.191+0000] {dag.py:3722} INFO - Setting next_dagrun for example_branch_datetime_operator to 2023-12-04T00:00:00+00:00, run_after=2023-12-05T00:00:00+00:00
[2023-12-05T18:02:27.195+0000] {logging_mixin.py:154} INFO - [2023-12-05T18:02:27.195+0000] {dag.py:3722} INFO - Setting next_dagrun for example_branch_datetime_operator_2 to 2023-12-04T00:00:00+00:00, run_after=2023-12-05T00:00:00+00:00
[2023-12-05T18:02:27.197+0000] {logging_mixin.py:154} INFO - [2023-12-05T18:02:27.197+0000] {dag.py:3722} INFO - Setting next_dagrun for example_branch_datetime_operator_3 to 2023-12-04T00:00:00+00:00, run_after=2023-12-05T00:00:00+00:00
[2023-12-05T18:02:27.217+0000] {processor.py:179} INFO - Processing /usr/local/lib/python3.10/dist-packages/airflow/example_dags/example_branch_datetime_operator.py took 0.092 seconds
[2023-12-05T18:03:21.437+0000] {processor.py:157} INFO - Started process (PID=11730) to work on /usr/local/lib/python3.10/dist-packages/airflow/example_dags/example_branch_datetime_operator.py
[2023-12-05T18:03:21.438+0000] {processor.py:829} INFO - Processing file /usr/local/lib/python3.10/dist-packages/airflow/example_dags/example_branch_datetime_operator.py for tasks to queue
[2023-12-05T18:03:21.439+0000] {logging_mixin.py:154} INFO - [2023-12-05T18:03:21.439+0000] {dagbag.py:536} INFO - Filling up the DagBag from /usr/local/lib/python3.10/dist-packages/airflow/example_dags/example_branch_datetime_operator.py
[2023-12-05T18:03:21.451+0000] {processor.py:839} INFO - DAG(s) dict_keys(['example_branch_datetime_operator', 'example_branch_datetime_operator_2', 'example_branch_datetime_operator_3']) retrieved from /usr/local/lib/python3.10/dist-packages/airflow/example_dags/example_branch_datetime_operator.py
[2023-12-05T18:03:21.496+0000] {logging_mixin.py:154} INFO - [2023-12-05T18:03:21.496+0000] {dag.py:2941} INFO - Sync 3 DAGs
[2023-12-05T18:03:21.531+0000] {logging_mixin.py:154} INFO - [2023-12-05T18:03:21.530+0000] {dag.py:3722} INFO - Setting next_dagrun for example_branch_datetime_operator to 2023-12-04T00:00:00+00:00, run_after=2023-12-05T00:00:00+00:00
[2023-12-05T18:03:21.536+0000] {logging_mixin.py:154} INFO - [2023-12-05T18:03:21.535+0000] {dag.py:3722} INFO - Setting next_dagrun for example_branch_datetime_operator_2 to 2023-12-04T00:00:00+00:00, run_after=2023-12-05T00:00:00+00:00
[2023-12-05T18:03:21.538+0000] {logging_mixin.py:154} INFO - [2023-12-05T18:03:21.538+0000] {dag.py:3722} INFO - Setting next_dagrun for example_branch_datetime_operator_3 to 2023-12-04T00:00:00+00:00, run_after=2023-12-05T00:00:00+00:00
[2023-12-05T18:03:21.559+0000] {processor.py:179} INFO - Processing /usr/local/lib/python3.10/dist-packages/airflow/example_dags/example_branch_datetime_operator.py took 0.126 seconds
[2023-12-05T18:04:09.106+0000] {processor.py:157} INFO - Started process (PID=11846) to work on /usr/local/lib/python3.10/dist-packages/airflow/example_dags/example_branch_datetime_operator.py
[2023-12-05T18:04:09.108+0000] {processor.py:829} INFO - Processing file /usr/local/lib/python3.10/dist-packages/airflow/example_dags/example_branch_datetime_operator.py for tasks to queue
[2023-12-05T18:04:09.109+0000] {logging_mixin.py:154} INFO - [2023-12-05T18:04:09.109+0000] {dagbag.py:536} INFO - Filling up the DagBag from /usr/local/lib/python3.10/dist-packages/airflow/example_dags/example_branch_datetime_operator.py
[2023-12-05T18:04:09.123+0000] {processor.py:839} INFO - DAG(s) dict_keys(['example_branch_datetime_operator_2', 'example_branch_datetime_operator_3', 'example_branch_datetime_operator']) retrieved from /usr/local/lib/python3.10/dist-packages/airflow/example_dags/example_branch_datetime_operator.py
[2023-12-05T18:04:09.155+0000] {logging_mixin.py:154} INFO - [2023-12-05T18:04:09.155+0000] {dag.py:2941} INFO - Sync 3 DAGs
[2023-12-05T18:04:09.180+0000] {logging_mixin.py:154} INFO - [2023-12-05T18:04:09.180+0000] {dag.py:3722} INFO - Setting next_dagrun for example_branch_datetime_operator to 2023-12-04T00:00:00+00:00, run_after=2023-12-05T00:00:00+00:00
[2023-12-05T18:04:09.186+0000] {logging_mixin.py:154} INFO - [2023-12-05T18:04:09.186+0000] {dag.py:3722} INFO - Setting next_dagrun for example_branch_datetime_operator_2 to 2023-12-04T00:00:00+00:00, run_after=2023-12-05T00:00:00+00:00
[2023-12-05T18:04:09.189+0000] {logging_mixin.py:154} INFO - [2023-12-05T18:04:09.189+0000] {dag.py:3722} INFO - Setting next_dagrun for example_branch_datetime_operator_3 to 2023-12-04T00:00:00+00:00, run_after=2023-12-05T00:00:00+00:00
[2023-12-05T18:04:09.219+0000] {processor.py:179} INFO - Processing /usr/local/lib/python3.10/dist-packages/airflow/example_dags/example_branch_datetime_operator.py took 0.117 seconds
[2023-12-05T18:05:01.116+0000] {processor.py:157} INFO - Started process (PID=12321) to work on /usr/local/lib/python3.10/dist-packages/airflow/example_dags/example_branch_datetime_operator.py
[2023-12-05T18:05:01.117+0000] {processor.py:829} INFO - Processing file /usr/local/lib/python3.10/dist-packages/airflow/example_dags/example_branch_datetime_operator.py for tasks to queue
[2023-12-05T18:05:01.119+0000] {logging_mixin.py:154} INFO - [2023-12-05T18:05:01.118+0000] {dagbag.py:536} INFO - Filling up the DagBag from /usr/local/lib/python3.10/dist-packages/airflow/example_dags/example_branch_datetime_operator.py
[2023-12-05T18:05:01.137+0000] {processor.py:839} INFO - DAG(s) dict_keys(['example_branch_datetime_operator_3', 'example_branch_datetime_operator_2', 'example_branch_datetime_operator']) retrieved from /usr/local/lib/python3.10/dist-packages/airflow/example_dags/example_branch_datetime_operator.py
[2023-12-05T18:05:01.171+0000] {logging_mixin.py:154} INFO - [2023-12-05T18:05:01.171+0000] {dag.py:2941} INFO - Sync 3 DAGs
[2023-12-05T18:05:01.213+0000] {logging_mixin.py:154} INFO - [2023-12-05T18:05:01.212+0000] {dag.py:3722} INFO - Setting next_dagrun for example_branch_datetime_operator to 2023-12-04T00:00:00+00:00, run_after=2023-12-05T00:00:00+00:00
[2023-12-05T18:05:01.223+0000] {logging_mixin.py:154} INFO - [2023-12-05T18:05:01.223+0000] {dag.py:3722} INFO - Setting next_dagrun for example_branch_datetime_operator_2 to 2023-12-04T00:00:00+00:00, run_after=2023-12-05T00:00:00+00:00
[2023-12-05T18:05:01.231+0000] {logging_mixin.py:154} INFO - [2023-12-05T18:05:01.231+0000] {dag.py:3722} INFO - Setting next_dagrun for example_branch_datetime_operator_3 to 2023-12-04T00:00:00+00:00, run_after=2023-12-05T00:00:00+00:00
[2023-12-05T18:05:01.312+0000] {processor.py:179} INFO - Processing /usr/local/lib/python3.10/dist-packages/airflow/example_dags/example_branch_datetime_operator.py took 0.201 seconds
[2023-12-05T18:05:51.877+0000] {processor.py:157} INFO - Started process (PID=12535) to work on /usr/local/lib/python3.10/dist-packages/airflow/example_dags/example_branch_datetime_operator.py
[2023-12-05T18:05:51.878+0000] {processor.py:829} INFO - Processing file /usr/local/lib/python3.10/dist-packages/airflow/example_dags/example_branch_datetime_operator.py for tasks to queue
[2023-12-05T18:05:51.879+0000] {logging_mixin.py:154} INFO - [2023-12-05T18:05:51.879+0000] {dagbag.py:536} INFO - Filling up the DagBag from /usr/local/lib/python3.10/dist-packages/airflow/example_dags/example_branch_datetime_operator.py
[2023-12-05T18:05:51.889+0000] {processor.py:839} INFO - DAG(s) dict_keys(['example_branch_datetime_operator_2', 'example_branch_datetime_operator', 'example_branch_datetime_operator_3']) retrieved from /usr/local/lib/python3.10/dist-packages/airflow/example_dags/example_branch_datetime_operator.py
[2023-12-05T18:05:51.910+0000] {logging_mixin.py:154} INFO - [2023-12-05T18:05:51.910+0000] {dag.py:2941} INFO - Sync 3 DAGs
[2023-12-05T18:05:51.932+0000] {logging_mixin.py:154} INFO - [2023-12-05T18:05:51.932+0000] {dag.py:3722} INFO - Setting next_dagrun for example_branch_datetime_operator to 2023-12-04T00:00:00+00:00, run_after=2023-12-05T00:00:00+00:00
[2023-12-05T18:05:51.936+0000] {logging_mixin.py:154} INFO - [2023-12-05T18:05:51.936+0000] {dag.py:3722} INFO - Setting next_dagrun for example_branch_datetime_operator_2 to 2023-12-04T00:00:00+00:00, run_after=2023-12-05T00:00:00+00:00
[2023-12-05T18:05:51.939+0000] {logging_mixin.py:154} INFO - [2023-12-05T18:05:51.939+0000] {dag.py:3722} INFO - Setting next_dagrun for example_branch_datetime_operator_3 to 2023-12-04T00:00:00+00:00, run_after=2023-12-05T00:00:00+00:00
[2023-12-05T18:05:51.963+0000] {processor.py:179} INFO - Processing /usr/local/lib/python3.10/dist-packages/airflow/example_dags/example_branch_datetime_operator.py took 0.090 seconds
[2023-12-05T18:06:44.622+0000] {processor.py:157} INFO - Started process (PID=12778) to work on /usr/local/lib/python3.10/dist-packages/airflow/example_dags/example_branch_datetime_operator.py
[2023-12-05T18:06:44.624+0000] {processor.py:829} INFO - Processing file /usr/local/lib/python3.10/dist-packages/airflow/example_dags/example_branch_datetime_operator.py for tasks to queue
[2023-12-05T18:06:44.625+0000] {logging_mixin.py:154} INFO - [2023-12-05T18:06:44.625+0000] {dagbag.py:536} INFO - Filling up the DagBag from /usr/local/lib/python3.10/dist-packages/airflow/example_dags/example_branch_datetime_operator.py
[2023-12-05T18:06:44.646+0000] {processor.py:839} INFO - DAG(s) dict_keys(['example_branch_datetime_operator', 'example_branch_datetime_operator_3', 'example_branch_datetime_operator_2']) retrieved from /usr/local/lib/python3.10/dist-packages/airflow/example_dags/example_branch_datetime_operator.py
[2023-12-05T18:06:44.683+0000] {logging_mixin.py:154} INFO - [2023-12-05T18:06:44.683+0000] {dag.py:2941} INFO - Sync 3 DAGs
[2023-12-05T18:06:44.719+0000] {logging_mixin.py:154} INFO - [2023-12-05T18:06:44.719+0000] {dag.py:3722} INFO - Setting next_dagrun for example_branch_datetime_operator to 2023-12-04T00:00:00+00:00, run_after=2023-12-05T00:00:00+00:00
[2023-12-05T18:06:44.724+0000] {logging_mixin.py:154} INFO - [2023-12-05T18:06:44.724+0000] {dag.py:3722} INFO - Setting next_dagrun for example_branch_datetime_operator_2 to 2023-12-04T00:00:00+00:00, run_after=2023-12-05T00:00:00+00:00
[2023-12-05T18:06:44.726+0000] {logging_mixin.py:154} INFO - [2023-12-05T18:06:44.726+0000] {dag.py:3722} INFO - Setting next_dagrun for example_branch_datetime_operator_3 to 2023-12-04T00:00:00+00:00, run_after=2023-12-05T00:00:00+00:00
[2023-12-05T18:06:44.755+0000] {processor.py:179} INFO - Processing /usr/local/lib/python3.10/dist-packages/airflow/example_dags/example_branch_datetime_operator.py took 0.139 seconds
[2023-12-05T18:07:39.782+0000] {processor.py:157} INFO - Started process (PID=13079) to work on /usr/local/lib/python3.10/dist-packages/airflow/example_dags/example_branch_datetime_operator.py
[2023-12-05T18:07:39.784+0000] {processor.py:829} INFO - Processing file /usr/local/lib/python3.10/dist-packages/airflow/example_dags/example_branch_datetime_operator.py for tasks to queue
[2023-12-05T18:07:39.785+0000] {logging_mixin.py:154} INFO - [2023-12-05T18:07:39.784+0000] {dagbag.py:536} INFO - Filling up the DagBag from /usr/local/lib/python3.10/dist-packages/airflow/example_dags/example_branch_datetime_operator.py
[2023-12-05T18:07:39.800+0000] {processor.py:839} INFO - DAG(s) dict_keys(['example_branch_datetime_operator_3', 'example_branch_datetime_operator_2', 'example_branch_datetime_operator']) retrieved from /usr/local/lib/python3.10/dist-packages/airflow/example_dags/example_branch_datetime_operator.py
[2023-12-05T18:07:39.841+0000] {logging_mixin.py:154} INFO - [2023-12-05T18:07:39.841+0000] {dag.py:2941} INFO - Sync 3 DAGs
[2023-12-05T18:07:39.863+0000] {logging_mixin.py:154} INFO - [2023-12-05T18:07:39.863+0000] {dag.py:3722} INFO - Setting next_dagrun for example_branch_datetime_operator to 2023-12-04T00:00:00+00:00, run_after=2023-12-05T00:00:00+00:00
[2023-12-05T18:07:39.867+0000] {logging_mixin.py:154} INFO - [2023-12-05T18:07:39.867+0000] {dag.py:3722} INFO - Setting next_dagrun for example_branch_datetime_operator_2 to 2023-12-04T00:00:00+00:00, run_after=2023-12-05T00:00:00+00:00
[2023-12-05T18:07:39.870+0000] {logging_mixin.py:154} INFO - [2023-12-05T18:07:39.870+0000] {dag.py:3722} INFO - Setting next_dagrun for example_branch_datetime_operator_3 to 2023-12-04T00:00:00+00:00, run_after=2023-12-05T00:00:00+00:00
[2023-12-05T18:07:39.890+0000] {processor.py:179} INFO - Processing /usr/local/lib/python3.10/dist-packages/airflow/example_dags/example_branch_datetime_operator.py took 0.113 seconds
[2023-12-05T18:08:23.694+0000] {processor.py:157} INFO - Started process (PID=13195) to work on /usr/local/lib/python3.10/dist-packages/airflow/example_dags/example_branch_datetime_operator.py
[2023-12-05T18:08:23.696+0000] {processor.py:829} INFO - Processing file /usr/local/lib/python3.10/dist-packages/airflow/example_dags/example_branch_datetime_operator.py for tasks to queue
[2023-12-05T18:08:23.697+0000] {logging_mixin.py:154} INFO - [2023-12-05T18:08:23.696+0000] {dagbag.py:536} INFO - Filling up the DagBag from /usr/local/lib/python3.10/dist-packages/airflow/example_dags/example_branch_datetime_operator.py
[2023-12-05T18:08:23.707+0000] {processor.py:839} INFO - DAG(s) dict_keys(['example_branch_datetime_operator', 'example_branch_datetime_operator_2', 'example_branch_datetime_operator_3']) retrieved from /usr/local/lib/python3.10/dist-packages/airflow/example_dags/example_branch_datetime_operator.py
[2023-12-05T18:08:23.732+0000] {logging_mixin.py:154} INFO - [2023-12-05T18:08:23.732+0000] {dag.py:2941} INFO - Sync 3 DAGs
[2023-12-05T18:08:23.756+0000] {logging_mixin.py:154} INFO - [2023-12-05T18:08:23.756+0000] {dag.py:3722} INFO - Setting next_dagrun for example_branch_datetime_operator to 2023-12-04T00:00:00+00:00, run_after=2023-12-05T00:00:00+00:00
[2023-12-05T18:08:23.761+0000] {logging_mixin.py:154} INFO - [2023-12-05T18:08:23.760+0000] {dag.py:3722} INFO - Setting next_dagrun for example_branch_datetime_operator_2 to 2023-12-04T00:00:00+00:00, run_after=2023-12-05T00:00:00+00:00
[2023-12-05T18:08:23.763+0000] {logging_mixin.py:154} INFO - [2023-12-05T18:08:23.763+0000] {dag.py:3722} INFO - Setting next_dagrun for example_branch_datetime_operator_3 to 2023-12-04T00:00:00+00:00, run_after=2023-12-05T00:00:00+00:00
[2023-12-05T18:08:23.785+0000] {processor.py:179} INFO - Processing /usr/local/lib/python3.10/dist-packages/airflow/example_dags/example_branch_datetime_operator.py took 0.094 seconds
[2023-12-05T18:09:15.295+0000] {processor.py:157} INFO - Started process (PID=13619) to work on /usr/local/lib/python3.10/dist-packages/airflow/example_dags/example_branch_datetime_operator.py
[2023-12-05T18:09:15.296+0000] {processor.py:829} INFO - Processing file /usr/local/lib/python3.10/dist-packages/airflow/example_dags/example_branch_datetime_operator.py for tasks to queue
[2023-12-05T18:09:15.297+0000] {logging_mixin.py:154} INFO - [2023-12-05T18:09:15.297+0000] {dagbag.py:536} INFO - Filling up the DagBag from /usr/local/lib/python3.10/dist-packages/airflow/example_dags/example_branch_datetime_operator.py
[2023-12-05T18:09:15.308+0000] {processor.py:839} INFO - DAG(s) dict_keys(['example_branch_datetime_operator', 'example_branch_datetime_operator_3', 'example_branch_datetime_operator_2']) retrieved from /usr/local/lib/python3.10/dist-packages/airflow/example_dags/example_branch_datetime_operator.py
[2023-12-05T18:09:15.333+0000] {logging_mixin.py:154} INFO - [2023-12-05T18:09:15.333+0000] {dag.py:2941} INFO - Sync 3 DAGs
[2023-12-05T18:09:15.355+0000] {logging_mixin.py:154} INFO - [2023-12-05T18:09:15.355+0000] {dag.py:3722} INFO - Setting next_dagrun for example_branch_datetime_operator to 2023-12-04T00:00:00+00:00, run_after=2023-12-05T00:00:00+00:00
[2023-12-05T18:09:15.360+0000] {logging_mixin.py:154} INFO - [2023-12-05T18:09:15.359+0000] {dag.py:3722} INFO - Setting next_dagrun for example_branch_datetime_operator_2 to 2023-12-04T00:00:00+00:00, run_after=2023-12-05T00:00:00+00:00
[2023-12-05T18:09:15.363+0000] {logging_mixin.py:154} INFO - [2023-12-05T18:09:15.362+0000] {dag.py:3722} INFO - Setting next_dagrun for example_branch_datetime_operator_3 to 2023-12-04T00:00:00+00:00, run_after=2023-12-05T00:00:00+00:00
[2023-12-05T18:09:15.391+0000] {processor.py:179} INFO - Processing /usr/local/lib/python3.10/dist-packages/airflow/example_dags/example_branch_datetime_operator.py took 0.099 seconds
[2023-12-05T18:10:04.737+0000] {processor.py:157} INFO - Started process (PID=13676) to work on /usr/local/lib/python3.10/dist-packages/airflow/example_dags/example_branch_datetime_operator.py
[2023-12-05T18:10:04.739+0000] {processor.py:829} INFO - Processing file /usr/local/lib/python3.10/dist-packages/airflow/example_dags/example_branch_datetime_operator.py for tasks to queue
[2023-12-05T18:10:04.741+0000] {logging_mixin.py:154} INFO - [2023-12-05T18:10:04.741+0000] {dagbag.py:536} INFO - Filling up the DagBag from /usr/local/lib/python3.10/dist-packages/airflow/example_dags/example_branch_datetime_operator.py
[2023-12-05T18:10:04.754+0000] {processor.py:839} INFO - DAG(s) dict_keys(['example_branch_datetime_operator_3', 'example_branch_datetime_operator_2', 'example_branch_datetime_operator']) retrieved from /usr/local/lib/python3.10/dist-packages/airflow/example_dags/example_branch_datetime_operator.py
[2023-12-05T18:10:04.788+0000] {logging_mixin.py:154} INFO - [2023-12-05T18:10:04.788+0000] {dag.py:2941} INFO - Sync 3 DAGs
[2023-12-05T18:10:04.812+0000] {logging_mixin.py:154} INFO - [2023-12-05T18:10:04.812+0000] {dag.py:3722} INFO - Setting next_dagrun for example_branch_datetime_operator to 2023-12-04T00:00:00+00:00, run_after=2023-12-05T00:00:00+00:00
[2023-12-05T18:10:04.819+0000] {logging_mixin.py:154} INFO - [2023-12-05T18:10:04.819+0000] {dag.py:3722} INFO - Setting next_dagrun for example_branch_datetime_operator_2 to 2023-12-04T00:00:00+00:00, run_after=2023-12-05T00:00:00+00:00
[2023-12-05T18:10:04.824+0000] {logging_mixin.py:154} INFO - [2023-12-05T18:10:04.823+0000] {dag.py:3722} INFO - Setting next_dagrun for example_branch_datetime_operator_3 to 2023-12-04T00:00:00+00:00, run_after=2023-12-05T00:00:00+00:00
[2023-12-05T18:10:04.845+0000] {processor.py:179} INFO - Processing /usr/local/lib/python3.10/dist-packages/airflow/example_dags/example_branch_datetime_operator.py took 0.116 seconds
