[2023-12-05T17:46:51.475+0000] {processor.py:157} INFO - Started process (PID=9286) to work on /usr/local/lib/python3.10/dist-packages/airflow/example_dags/example_branch_labels.py
[2023-12-05T17:46:51.477+0000] {processor.py:829} INFO - Processing file /usr/local/lib/python3.10/dist-packages/airflow/example_dags/example_branch_labels.py for tasks to queue
[2023-12-05T17:46:51.479+0000] {logging_mixin.py:154} INFO - [2023-12-05T17:46:51.477+0000] {dagbag.py:536} INFO - Filling up the DagBag from /usr/local/lib/python3.10/dist-packages/airflow/example_dags/example_branch_labels.py
[2023-12-05T17:46:51.489+0000] {processor.py:839} INFO - DAG(s) dict_keys(['example_branch_labels']) retrieved from /usr/local/lib/python3.10/dist-packages/airflow/example_dags/example_branch_labels.py
[2023-12-05T17:46:51.513+0000] {logging_mixin.py:154} INFO - [2023-12-05T17:46:51.512+0000] {dag.py:2941} INFO - Sync 1 DAGs
[2023-12-05T17:46:51.552+0000] {logging_mixin.py:154} INFO - [2023-12-05T17:46:51.552+0000] {dag.py:3722} INFO - Setting next_dagrun for example_branch_labels to 2023-12-04T00:00:00+00:00, run_after=2023-12-05T00:00:00+00:00
[2023-12-05T17:46:51.583+0000] {processor.py:179} INFO - Processing /usr/local/lib/python3.10/dist-packages/airflow/example_dags/example_branch_labels.py took 0.112 seconds
[2023-12-05T17:47:47.355+0000] {processor.py:157} INFO - Started process (PID=9405) to work on /usr/local/lib/python3.10/dist-packages/airflow/example_dags/example_branch_labels.py
[2023-12-05T17:47:47.356+0000] {processor.py:829} INFO - Processing file /usr/local/lib/python3.10/dist-packages/airflow/example_dags/example_branch_labels.py for tasks to queue
[2023-12-05T17:47:47.357+0000] {logging_mixin.py:154} INFO - [2023-12-05T17:47:47.357+0000] {dagbag.py:536} INFO - Filling up the DagBag from /usr/local/lib/python3.10/dist-packages/airflow/example_dags/example_branch_labels.py
[2023-12-05T17:47:47.365+0000] {processor.py:839} INFO - DAG(s) dict_keys(['example_branch_labels']) retrieved from /usr/local/lib/python3.10/dist-packages/airflow/example_dags/example_branch_labels.py
[2023-12-05T17:47:47.382+0000] {logging_mixin.py:154} INFO - [2023-12-05T17:47:47.382+0000] {dag.py:2941} INFO - Sync 1 DAGs
[2023-12-05T17:47:47.403+0000] {logging_mixin.py:154} INFO - [2023-12-05T17:47:47.403+0000] {dag.py:3722} INFO - Setting next_dagrun for example_branch_labels to 2023-12-04T00:00:00+00:00, run_after=2023-12-05T00:00:00+00:00
[2023-12-05T17:47:47.433+0000] {processor.py:179} INFO - Processing /usr/local/lib/python3.10/dist-packages/airflow/example_dags/example_branch_labels.py took 0.081 seconds
[2023-12-05T17:48:43.185+0000] {processor.py:157} INFO - Started process (PID=9585) to work on /usr/local/lib/python3.10/dist-packages/airflow/example_dags/example_branch_labels.py
[2023-12-05T17:48:43.187+0000] {processor.py:829} INFO - Processing file /usr/local/lib/python3.10/dist-packages/airflow/example_dags/example_branch_labels.py for tasks to queue
[2023-12-05T17:48:43.188+0000] {logging_mixin.py:154} INFO - [2023-12-05T17:48:43.187+0000] {dagbag.py:536} INFO - Filling up the DagBag from /usr/local/lib/python3.10/dist-packages/airflow/example_dags/example_branch_labels.py
[2023-12-05T17:48:43.196+0000] {processor.py:839} INFO - DAG(s) dict_keys(['example_branch_labels']) retrieved from /usr/local/lib/python3.10/dist-packages/airflow/example_dags/example_branch_labels.py
[2023-12-05T17:48:43.221+0000] {logging_mixin.py:154} INFO - [2023-12-05T17:48:43.220+0000] {dag.py:2941} INFO - Sync 1 DAGs
[2023-12-05T17:48:43.262+0000] {logging_mixin.py:154} INFO - [2023-12-05T17:48:43.262+0000] {dag.py:3722} INFO - Setting next_dagrun for example_branch_labels to 2023-12-04T00:00:00+00:00, run_after=2023-12-05T00:00:00+00:00
[2023-12-05T17:48:43.293+0000] {processor.py:179} INFO - Processing /usr/local/lib/python3.10/dist-packages/airflow/example_dags/example_branch_labels.py took 0.112 seconds
[2023-12-05T17:49:36.448+0000] {processor.py:157} INFO - Started process (PID=9702) to work on /usr/local/lib/python3.10/dist-packages/airflow/example_dags/example_branch_labels.py
[2023-12-05T17:49:36.449+0000] {processor.py:829} INFO - Processing file /usr/local/lib/python3.10/dist-packages/airflow/example_dags/example_branch_labels.py for tasks to queue
[2023-12-05T17:49:36.450+0000] {logging_mixin.py:154} INFO - [2023-12-05T17:49:36.450+0000] {dagbag.py:536} INFO - Filling up the DagBag from /usr/local/lib/python3.10/dist-packages/airflow/example_dags/example_branch_labels.py
[2023-12-05T17:49:36.461+0000] {processor.py:839} INFO - DAG(s) dict_keys(['example_branch_labels']) retrieved from /usr/local/lib/python3.10/dist-packages/airflow/example_dags/example_branch_labels.py
[2023-12-05T17:49:36.484+0000] {logging_mixin.py:154} INFO - [2023-12-05T17:49:36.484+0000] {dag.py:2941} INFO - Sync 1 DAGs
[2023-12-05T17:49:36.509+0000] {logging_mixin.py:154} INFO - [2023-12-05T17:49:36.509+0000] {dag.py:3722} INFO - Setting next_dagrun for example_branch_labels to 2023-12-04T00:00:00+00:00, run_after=2023-12-05T00:00:00+00:00
[2023-12-05T17:49:36.556+0000] {processor.py:179} INFO - Processing /usr/local/lib/python3.10/dist-packages/airflow/example_dags/example_branch_labels.py took 0.111 seconds
[2023-12-05T17:50:29.818+0000] {processor.py:157} INFO - Started process (PID=9826) to work on /usr/local/lib/python3.10/dist-packages/airflow/example_dags/example_branch_labels.py
[2023-12-05T17:50:29.819+0000] {processor.py:829} INFO - Processing file /usr/local/lib/python3.10/dist-packages/airflow/example_dags/example_branch_labels.py for tasks to queue
[2023-12-05T17:50:29.820+0000] {logging_mixin.py:154} INFO - [2023-12-05T17:50:29.820+0000] {dagbag.py:536} INFO - Filling up the DagBag from /usr/local/lib/python3.10/dist-packages/airflow/example_dags/example_branch_labels.py
[2023-12-05T17:50:29.829+0000] {processor.py:839} INFO - DAG(s) dict_keys(['example_branch_labels']) retrieved from /usr/local/lib/python3.10/dist-packages/airflow/example_dags/example_branch_labels.py
[2023-12-05T17:50:29.848+0000] {logging_mixin.py:154} INFO - [2023-12-05T17:50:29.847+0000] {dag.py:2941} INFO - Sync 1 DAGs
[2023-12-05T17:50:29.869+0000] {logging_mixin.py:154} INFO - [2023-12-05T17:50:29.869+0000] {dag.py:3722} INFO - Setting next_dagrun for example_branch_labels to 2023-12-04T00:00:00+00:00, run_after=2023-12-05T00:00:00+00:00
[2023-12-05T17:50:29.899+0000] {processor.py:179} INFO - Processing /usr/local/lib/python3.10/dist-packages/airflow/example_dags/example_branch_labels.py took 0.085 seconds
[2023-12-05T17:51:21.848+0000] {processor.py:157} INFO - Started process (PID=10001) to work on /usr/local/lib/python3.10/dist-packages/airflow/example_dags/example_branch_labels.py
[2023-12-05T17:51:21.850+0000] {processor.py:829} INFO - Processing file /usr/local/lib/python3.10/dist-packages/airflow/example_dags/example_branch_labels.py for tasks to queue
[2023-12-05T17:51:21.851+0000] {logging_mixin.py:154} INFO - [2023-12-05T17:51:21.851+0000] {dagbag.py:536} INFO - Filling up the DagBag from /usr/local/lib/python3.10/dist-packages/airflow/example_dags/example_branch_labels.py
[2023-12-05T17:51:21.872+0000] {processor.py:839} INFO - DAG(s) dict_keys(['example_branch_labels']) retrieved from /usr/local/lib/python3.10/dist-packages/airflow/example_dags/example_branch_labels.py
[2023-12-05T17:51:21.911+0000] {logging_mixin.py:154} INFO - [2023-12-05T17:51:21.911+0000] {dag.py:2941} INFO - Sync 1 DAGs
[2023-12-05T17:51:21.943+0000] {logging_mixin.py:154} INFO - [2023-12-05T17:51:21.943+0000] {dag.py:3722} INFO - Setting next_dagrun for example_branch_labels to 2023-12-04T00:00:00+00:00, run_after=2023-12-05T00:00:00+00:00
[2023-12-05T17:51:21.968+0000] {processor.py:179} INFO - Processing /usr/local/lib/python3.10/dist-packages/airflow/example_dags/example_branch_labels.py took 0.124 seconds
[2023-12-05T17:52:13.764+0000] {processor.py:157} INFO - Started process (PID=10118) to work on /usr/local/lib/python3.10/dist-packages/airflow/example_dags/example_branch_labels.py
[2023-12-05T17:52:13.766+0000] {processor.py:829} INFO - Processing file /usr/local/lib/python3.10/dist-packages/airflow/example_dags/example_branch_labels.py for tasks to queue
[2023-12-05T17:52:13.767+0000] {logging_mixin.py:154} INFO - [2023-12-05T17:52:13.767+0000] {dagbag.py:536} INFO - Filling up the DagBag from /usr/local/lib/python3.10/dist-packages/airflow/example_dags/example_branch_labels.py
[2023-12-05T17:52:13.776+0000] {processor.py:839} INFO - DAG(s) dict_keys(['example_branch_labels']) retrieved from /usr/local/lib/python3.10/dist-packages/airflow/example_dags/example_branch_labels.py
[2023-12-05T17:52:13.798+0000] {logging_mixin.py:154} INFO - [2023-12-05T17:52:13.798+0000] {dag.py:2941} INFO - Sync 1 DAGs
[2023-12-05T17:52:13.855+0000] {logging_mixin.py:154} INFO - [2023-12-05T17:52:13.855+0000] {dag.py:3722} INFO - Setting next_dagrun for example_branch_labels to 2023-12-04T00:00:00+00:00, run_after=2023-12-05T00:00:00+00:00
[2023-12-05T17:52:13.910+0000] {processor.py:179} INFO - Processing /usr/local/lib/python3.10/dist-packages/airflow/example_dags/example_branch_labels.py took 0.150 seconds
[2023-12-05T17:53:05.861+0000] {processor.py:157} INFO - Started process (PID=10242) to work on /usr/local/lib/python3.10/dist-packages/airflow/example_dags/example_branch_labels.py
[2023-12-05T17:53:05.863+0000] {processor.py:829} INFO - Processing file /usr/local/lib/python3.10/dist-packages/airflow/example_dags/example_branch_labels.py for tasks to queue
[2023-12-05T17:53:05.864+0000] {logging_mixin.py:154} INFO - [2023-12-05T17:53:05.863+0000] {dagbag.py:536} INFO - Filling up the DagBag from /usr/local/lib/python3.10/dist-packages/airflow/example_dags/example_branch_labels.py
[2023-12-05T17:53:05.872+0000] {processor.py:839} INFO - DAG(s) dict_keys(['example_branch_labels']) retrieved from /usr/local/lib/python3.10/dist-packages/airflow/example_dags/example_branch_labels.py
[2023-12-05T17:53:05.896+0000] {logging_mixin.py:154} INFO - [2023-12-05T17:53:05.896+0000] {dag.py:2941} INFO - Sync 1 DAGs
[2023-12-05T17:53:05.938+0000] {logging_mixin.py:154} INFO - [2023-12-05T17:53:05.938+0000] {dag.py:3722} INFO - Setting next_dagrun for example_branch_labels to 2023-12-04T00:00:00+00:00, run_after=2023-12-05T00:00:00+00:00
[2023-12-05T17:53:05.986+0000] {processor.py:179} INFO - Processing /usr/local/lib/python3.10/dist-packages/airflow/example_dags/example_branch_labels.py took 0.128 seconds
[2023-12-05T17:53:56.112+0000] {processor.py:157} INFO - Started process (PID=10357) to work on /usr/local/lib/python3.10/dist-packages/airflow/example_dags/example_branch_labels.py
[2023-12-05T17:53:56.114+0000] {processor.py:829} INFO - Processing file /usr/local/lib/python3.10/dist-packages/airflow/example_dags/example_branch_labels.py for tasks to queue
[2023-12-05T17:53:56.115+0000] {logging_mixin.py:154} INFO - [2023-12-05T17:53:56.114+0000] {dagbag.py:536} INFO - Filling up the DagBag from /usr/local/lib/python3.10/dist-packages/airflow/example_dags/example_branch_labels.py
[2023-12-05T17:53:56.123+0000] {processor.py:839} INFO - DAG(s) dict_keys(['example_branch_labels']) retrieved from /usr/local/lib/python3.10/dist-packages/airflow/example_dags/example_branch_labels.py
[2023-12-05T17:53:56.141+0000] {logging_mixin.py:154} INFO - [2023-12-05T17:53:56.141+0000] {dag.py:2941} INFO - Sync 1 DAGs
[2023-12-05T17:53:56.161+0000] {logging_mixin.py:154} INFO - [2023-12-05T17:53:56.161+0000] {dag.py:3722} INFO - Setting next_dagrun for example_branch_labels to 2023-12-04T00:00:00+00:00, run_after=2023-12-05T00:00:00+00:00
[2023-12-05T17:53:56.183+0000] {processor.py:179} INFO - Processing /usr/local/lib/python3.10/dist-packages/airflow/example_dags/example_branch_labels.py took 0.074 seconds
[2023-12-05T17:54:45.943+0000] {processor.py:157} INFO - Started process (PID=10475) to work on /usr/local/lib/python3.10/dist-packages/airflow/example_dags/example_branch_labels.py
[2023-12-05T17:54:45.944+0000] {processor.py:829} INFO - Processing file /usr/local/lib/python3.10/dist-packages/airflow/example_dags/example_branch_labels.py for tasks to queue
[2023-12-05T17:54:45.945+0000] {logging_mixin.py:154} INFO - [2023-12-05T17:54:45.945+0000] {dagbag.py:536} INFO - Filling up the DagBag from /usr/local/lib/python3.10/dist-packages/airflow/example_dags/example_branch_labels.py
[2023-12-05T17:54:45.956+0000] {processor.py:839} INFO - DAG(s) dict_keys(['example_branch_labels']) retrieved from /usr/local/lib/python3.10/dist-packages/airflow/example_dags/example_branch_labels.py
[2023-12-05T17:54:45.978+0000] {logging_mixin.py:154} INFO - [2023-12-05T17:54:45.977+0000] {dag.py:2941} INFO - Sync 1 DAGs
[2023-12-05T17:54:46.015+0000] {logging_mixin.py:154} INFO - [2023-12-05T17:54:46.015+0000] {dag.py:3722} INFO - Setting next_dagrun for example_branch_labels to 2023-12-04T00:00:00+00:00, run_after=2023-12-05T00:00:00+00:00
[2023-12-05T17:54:46.050+0000] {processor.py:179} INFO - Processing /usr/local/lib/python3.10/dist-packages/airflow/example_dags/example_branch_labels.py took 0.112 seconds
[2023-12-05T17:55:39.576+0000] {processor.py:157} INFO - Started process (PID=10595) to work on /usr/local/lib/python3.10/dist-packages/airflow/example_dags/example_branch_labels.py
[2023-12-05T17:55:39.577+0000] {processor.py:829} INFO - Processing file /usr/local/lib/python3.10/dist-packages/airflow/example_dags/example_branch_labels.py for tasks to queue
[2023-12-05T17:55:39.578+0000] {logging_mixin.py:154} INFO - [2023-12-05T17:55:39.577+0000] {dagbag.py:536} INFO - Filling up the DagBag from /usr/local/lib/python3.10/dist-packages/airflow/example_dags/example_branch_labels.py
[2023-12-05T17:55:39.587+0000] {processor.py:839} INFO - DAG(s) dict_keys(['example_branch_labels']) retrieved from /usr/local/lib/python3.10/dist-packages/airflow/example_dags/example_branch_labels.py
[2023-12-05T17:55:39.606+0000] {logging_mixin.py:154} INFO - [2023-12-05T17:55:39.605+0000] {dag.py:2941} INFO - Sync 1 DAGs
[2023-12-05T17:55:39.626+0000] {logging_mixin.py:154} INFO - [2023-12-05T17:55:39.626+0000] {dag.py:3722} INFO - Setting next_dagrun for example_branch_labels to 2023-12-04T00:00:00+00:00, run_after=2023-12-05T00:00:00+00:00
[2023-12-05T17:55:39.649+0000] {processor.py:179} INFO - Processing /usr/local/lib/python3.10/dist-packages/airflow/example_dags/example_branch_labels.py took 0.077 seconds
[2023-12-05T17:56:30.219+0000] {processor.py:157} INFO - Started process (PID=10773) to work on /usr/local/lib/python3.10/dist-packages/airflow/example_dags/example_branch_labels.py
[2023-12-05T17:56:30.221+0000] {processor.py:829} INFO - Processing file /usr/local/lib/python3.10/dist-packages/airflow/example_dags/example_branch_labels.py for tasks to queue
[2023-12-05T17:56:30.223+0000] {logging_mixin.py:154} INFO - [2023-12-05T17:56:30.222+0000] {dagbag.py:536} INFO - Filling up the DagBag from /usr/local/lib/python3.10/dist-packages/airflow/example_dags/example_branch_labels.py
[2023-12-05T17:56:30.240+0000] {processor.py:839} INFO - DAG(s) dict_keys(['example_branch_labels']) retrieved from /usr/local/lib/python3.10/dist-packages/airflow/example_dags/example_branch_labels.py
[2023-12-05T17:56:30.273+0000] {logging_mixin.py:154} INFO - [2023-12-05T17:56:30.272+0000] {dag.py:2941} INFO - Sync 1 DAGs
[2023-12-05T17:56:30.322+0000] {logging_mixin.py:154} INFO - [2023-12-05T17:56:30.322+0000] {dag.py:3722} INFO - Setting next_dagrun for example_branch_labels to 2023-12-04T00:00:00+00:00, run_after=2023-12-05T00:00:00+00:00
[2023-12-05T17:56:30.369+0000] {processor.py:179} INFO - Processing /usr/local/lib/python3.10/dist-packages/airflow/example_dags/example_branch_labels.py took 0.154 seconds
[2023-12-05T17:57:25.016+0000] {processor.py:157} INFO - Started process (PID=10895) to work on /usr/local/lib/python3.10/dist-packages/airflow/example_dags/example_branch_labels.py
[2023-12-05T17:57:25.020+0000] {processor.py:829} INFO - Processing file /usr/local/lib/python3.10/dist-packages/airflow/example_dags/example_branch_labels.py for tasks to queue
[2023-12-05T17:57:25.022+0000] {logging_mixin.py:154} INFO - [2023-12-05T17:57:25.021+0000] {dagbag.py:536} INFO - Filling up the DagBag from /usr/local/lib/python3.10/dist-packages/airflow/example_dags/example_branch_labels.py
[2023-12-05T17:57:25.041+0000] {processor.py:839} INFO - DAG(s) dict_keys(['example_branch_labels']) retrieved from /usr/local/lib/python3.10/dist-packages/airflow/example_dags/example_branch_labels.py
[2023-12-05T17:57:25.064+0000] {logging_mixin.py:154} INFO - [2023-12-05T17:57:25.064+0000] {dag.py:2941} INFO - Sync 1 DAGs
[2023-12-05T17:57:25.087+0000] {logging_mixin.py:154} INFO - [2023-12-05T17:57:25.087+0000] {dag.py:3722} INFO - Setting next_dagrun for example_branch_labels to 2023-12-04T00:00:00+00:00, run_after=2023-12-05T00:00:00+00:00
[2023-12-05T17:57:25.114+0000] {processor.py:179} INFO - Processing /usr/local/lib/python3.10/dist-packages/airflow/example_dags/example_branch_labels.py took 0.104 seconds
[2023-12-05T17:58:21.252+0000] {processor.py:157} INFO - Started process (PID=11022) to work on /usr/local/lib/python3.10/dist-packages/airflow/example_dags/example_branch_labels.py
[2023-12-05T17:58:21.253+0000] {processor.py:829} INFO - Processing file /usr/local/lib/python3.10/dist-packages/airflow/example_dags/example_branch_labels.py for tasks to queue
[2023-12-05T17:58:21.254+0000] {logging_mixin.py:154} INFO - [2023-12-05T17:58:21.254+0000] {dagbag.py:536} INFO - Filling up the DagBag from /usr/local/lib/python3.10/dist-packages/airflow/example_dags/example_branch_labels.py
[2023-12-05T17:58:21.263+0000] {processor.py:839} INFO - DAG(s) dict_keys(['example_branch_labels']) retrieved from /usr/local/lib/python3.10/dist-packages/airflow/example_dags/example_branch_labels.py
[2023-12-05T17:58:21.281+0000] {logging_mixin.py:154} INFO - [2023-12-05T17:58:21.281+0000] {dag.py:2941} INFO - Sync 1 DAGs
[2023-12-05T17:58:21.305+0000] {logging_mixin.py:154} INFO - [2023-12-05T17:58:21.305+0000] {dag.py:3722} INFO - Setting next_dagrun for example_branch_labels to 2023-12-04T00:00:00+00:00, run_after=2023-12-05T00:00:00+00:00
[2023-12-05T17:58:21.332+0000] {processor.py:179} INFO - Processing /usr/local/lib/python3.10/dist-packages/airflow/example_dags/example_branch_labels.py took 0.083 seconds
[2023-12-05T17:59:11.329+0000] {processor.py:157} INFO - Started process (PID=11145) to work on /usr/local/lib/python3.10/dist-packages/airflow/example_dags/example_branch_labels.py
[2023-12-05T17:59:11.331+0000] {processor.py:829} INFO - Processing file /usr/local/lib/python3.10/dist-packages/airflow/example_dags/example_branch_labels.py for tasks to queue
[2023-12-05T17:59:11.332+0000] {logging_mixin.py:154} INFO - [2023-12-05T17:59:11.332+0000] {dagbag.py:536} INFO - Filling up the DagBag from /usr/local/lib/python3.10/dist-packages/airflow/example_dags/example_branch_labels.py
[2023-12-05T17:59:11.344+0000] {processor.py:839} INFO - DAG(s) dict_keys(['example_branch_labels']) retrieved from /usr/local/lib/python3.10/dist-packages/airflow/example_dags/example_branch_labels.py
[2023-12-05T17:59:11.363+0000] {logging_mixin.py:154} INFO - [2023-12-05T17:59:11.362+0000] {dag.py:2941} INFO - Sync 1 DAGs
[2023-12-05T17:59:11.382+0000] {logging_mixin.py:154} INFO - [2023-12-05T17:59:11.381+0000] {dag.py:3722} INFO - Setting next_dagrun for example_branch_labels to 2023-12-04T00:00:00+00:00, run_after=2023-12-05T00:00:00+00:00
[2023-12-05T17:59:11.404+0000] {processor.py:179} INFO - Processing /usr/local/lib/python3.10/dist-packages/airflow/example_dags/example_branch_labels.py took 0.085 seconds
[2023-12-05T18:00:05.394+0000] {processor.py:157} INFO - Started process (PID=11227) to work on /usr/local/lib/python3.10/dist-packages/airflow/example_dags/example_branch_labels.py
[2023-12-05T18:00:05.396+0000] {processor.py:829} INFO - Processing file /usr/local/lib/python3.10/dist-packages/airflow/example_dags/example_branch_labels.py for tasks to queue
[2023-12-05T18:00:05.397+0000] {logging_mixin.py:154} INFO - [2023-12-05T18:00:05.397+0000] {dagbag.py:536} INFO - Filling up the DagBag from /usr/local/lib/python3.10/dist-packages/airflow/example_dags/example_branch_labels.py
[2023-12-05T18:00:05.410+0000] {processor.py:839} INFO - DAG(s) dict_keys(['example_branch_labels']) retrieved from /usr/local/lib/python3.10/dist-packages/airflow/example_dags/example_branch_labels.py
[2023-12-05T18:00:05.442+0000] {logging_mixin.py:154} INFO - [2023-12-05T18:00:05.441+0000] {dag.py:2941} INFO - Sync 1 DAGs
[2023-12-05T18:00:05.479+0000] {logging_mixin.py:154} INFO - [2023-12-05T18:00:05.479+0000] {dag.py:3722} INFO - Setting next_dagrun for example_branch_labels to 2023-12-04T00:00:00+00:00, run_after=2023-12-05T00:00:00+00:00
[2023-12-05T18:00:05.506+0000] {processor.py:179} INFO - Processing /usr/local/lib/python3.10/dist-packages/airflow/example_dags/example_branch_labels.py took 0.118 seconds
[2023-12-05T18:00:55.758+0000] {processor.py:157} INFO - Started process (PID=11320) to work on /usr/local/lib/python3.10/dist-packages/airflow/example_dags/example_branch_labels.py
[2023-12-05T18:00:55.759+0000] {processor.py:829} INFO - Processing file /usr/local/lib/python3.10/dist-packages/airflow/example_dags/example_branch_labels.py for tasks to queue
[2023-12-05T18:00:55.761+0000] {logging_mixin.py:154} INFO - [2023-12-05T18:00:55.760+0000] {dagbag.py:536} INFO - Filling up the DagBag from /usr/local/lib/python3.10/dist-packages/airflow/example_dags/example_branch_labels.py
[2023-12-05T18:00:55.773+0000] {processor.py:839} INFO - DAG(s) dict_keys(['example_branch_labels']) retrieved from /usr/local/lib/python3.10/dist-packages/airflow/example_dags/example_branch_labels.py
[2023-12-05T18:00:55.800+0000] {logging_mixin.py:154} INFO - [2023-12-05T18:00:55.800+0000] {dag.py:2941} INFO - Sync 1 DAGs
[2023-12-05T18:00:55.829+0000] {logging_mixin.py:154} INFO - [2023-12-05T18:00:55.829+0000] {dag.py:3722} INFO - Setting next_dagrun for example_branch_labels to 2023-12-04T00:00:00+00:00, run_after=2023-12-05T00:00:00+00:00
[2023-12-05T18:00:55.860+0000] {processor.py:179} INFO - Processing /usr/local/lib/python3.10/dist-packages/airflow/example_dags/example_branch_labels.py took 0.107 seconds
[2023-12-05T18:01:41.544+0000] {processor.py:157} INFO - Started process (PID=11496) to work on /usr/local/lib/python3.10/dist-packages/airflow/example_dags/example_branch_labels.py
[2023-12-05T18:01:41.545+0000] {processor.py:829} INFO - Processing file /usr/local/lib/python3.10/dist-packages/airflow/example_dags/example_branch_labels.py for tasks to queue
[2023-12-05T18:01:41.546+0000] {logging_mixin.py:154} INFO - [2023-12-05T18:01:41.545+0000] {dagbag.py:536} INFO - Filling up the DagBag from /usr/local/lib/python3.10/dist-packages/airflow/example_dags/example_branch_labels.py
[2023-12-05T18:01:41.553+0000] {processor.py:839} INFO - DAG(s) dict_keys(['example_branch_labels']) retrieved from /usr/local/lib/python3.10/dist-packages/airflow/example_dags/example_branch_labels.py
[2023-12-05T18:01:41.570+0000] {logging_mixin.py:154} INFO - [2023-12-05T18:01:41.569+0000] {dag.py:2941} INFO - Sync 1 DAGs
[2023-12-05T18:01:41.590+0000] {logging_mixin.py:154} INFO - [2023-12-05T18:01:41.589+0000] {dag.py:3722} INFO - Setting next_dagrun for example_branch_labels to 2023-12-04T00:00:00+00:00, run_after=2023-12-05T00:00:00+00:00
[2023-12-05T18:01:41.611+0000] {processor.py:179} INFO - Processing /usr/local/lib/python3.10/dist-packages/airflow/example_dags/example_branch_labels.py took 0.070 seconds
[2023-12-05T18:02:31.139+0000] {processor.py:157} INFO - Started process (PID=11613) to work on /usr/local/lib/python3.10/dist-packages/airflow/example_dags/example_branch_labels.py
[2023-12-05T18:02:31.141+0000] {processor.py:829} INFO - Processing file /usr/local/lib/python3.10/dist-packages/airflow/example_dags/example_branch_labels.py for tasks to queue
[2023-12-05T18:02:31.142+0000] {logging_mixin.py:154} INFO - [2023-12-05T18:02:31.142+0000] {dagbag.py:536} INFO - Filling up the DagBag from /usr/local/lib/python3.10/dist-packages/airflow/example_dags/example_branch_labels.py
[2023-12-05T18:02:31.156+0000] {processor.py:839} INFO - DAG(s) dict_keys(['example_branch_labels']) retrieved from /usr/local/lib/python3.10/dist-packages/airflow/example_dags/example_branch_labels.py
[2023-12-05T18:02:31.180+0000] {logging_mixin.py:154} INFO - [2023-12-05T18:02:31.180+0000] {dag.py:2941} INFO - Sync 1 DAGs
[2023-12-05T18:02:31.213+0000] {logging_mixin.py:154} INFO - [2023-12-05T18:02:31.213+0000] {dag.py:3722} INFO - Setting next_dagrun for example_branch_labels to 2023-12-04T00:00:00+00:00, run_after=2023-12-05T00:00:00+00:00
[2023-12-05T18:02:31.242+0000] {processor.py:179} INFO - Processing /usr/local/lib/python3.10/dist-packages/airflow/example_dags/example_branch_labels.py took 0.108 seconds
[2023-12-05T18:03:24.732+0000] {processor.py:157} INFO - Started process (PID=11734) to work on /usr/local/lib/python3.10/dist-packages/airflow/example_dags/example_branch_labels.py
[2023-12-05T18:03:24.733+0000] {processor.py:829} INFO - Processing file /usr/local/lib/python3.10/dist-packages/airflow/example_dags/example_branch_labels.py for tasks to queue
[2023-12-05T18:03:24.734+0000] {logging_mixin.py:154} INFO - [2023-12-05T18:03:24.734+0000] {dagbag.py:536} INFO - Filling up the DagBag from /usr/local/lib/python3.10/dist-packages/airflow/example_dags/example_branch_labels.py
[2023-12-05T18:03:24.743+0000] {processor.py:839} INFO - DAG(s) dict_keys(['example_branch_labels']) retrieved from /usr/local/lib/python3.10/dist-packages/airflow/example_dags/example_branch_labels.py
[2023-12-05T18:03:24.761+0000] {logging_mixin.py:154} INFO - [2023-12-05T18:03:24.761+0000] {dag.py:2941} INFO - Sync 1 DAGs
[2023-12-05T18:03:24.782+0000] {logging_mixin.py:154} INFO - [2023-12-05T18:03:24.782+0000] {dag.py:3722} INFO - Setting next_dagrun for example_branch_labels to 2023-12-04T00:00:00+00:00, run_after=2023-12-05T00:00:00+00:00
[2023-12-05T18:03:24.805+0000] {processor.py:179} INFO - Processing /usr/local/lib/python3.10/dist-packages/airflow/example_dags/example_branch_labels.py took 0.078 seconds
[2023-12-05T18:04:13.438+0000] {processor.py:157} INFO - Started process (PID=11852) to work on /usr/local/lib/python3.10/dist-packages/airflow/example_dags/example_branch_labels.py
[2023-12-05T18:04:13.439+0000] {processor.py:829} INFO - Processing file /usr/local/lib/python3.10/dist-packages/airflow/example_dags/example_branch_labels.py for tasks to queue
[2023-12-05T18:04:13.440+0000] {logging_mixin.py:154} INFO - [2023-12-05T18:04:13.439+0000] {dagbag.py:536} INFO - Filling up the DagBag from /usr/local/lib/python3.10/dist-packages/airflow/example_dags/example_branch_labels.py
[2023-12-05T18:04:13.448+0000] {processor.py:839} INFO - DAG(s) dict_keys(['example_branch_labels']) retrieved from /usr/local/lib/python3.10/dist-packages/airflow/example_dags/example_branch_labels.py
[2023-12-05T18:04:13.466+0000] {logging_mixin.py:154} INFO - [2023-12-05T18:04:13.466+0000] {dag.py:2941} INFO - Sync 1 DAGs
[2023-12-05T18:04:13.494+0000] {logging_mixin.py:154} INFO - [2023-12-05T18:04:13.494+0000] {dag.py:3722} INFO - Setting next_dagrun for example_branch_labels to 2023-12-04T00:00:00+00:00, run_after=2023-12-05T00:00:00+00:00
[2023-12-05T18:04:13.524+0000] {processor.py:179} INFO - Processing /usr/local/lib/python3.10/dist-packages/airflow/example_dags/example_branch_labels.py took 0.091 seconds
[2023-12-05T18:05:05.027+0000] {processor.py:157} INFO - Started process (PID=12362) to work on /usr/local/lib/python3.10/dist-packages/airflow/example_dags/example_branch_labels.py
[2023-12-05T18:05:05.029+0000] {processor.py:829} INFO - Processing file /usr/local/lib/python3.10/dist-packages/airflow/example_dags/example_branch_labels.py for tasks to queue
[2023-12-05T18:05:05.029+0000] {logging_mixin.py:154} INFO - [2023-12-05T18:05:05.029+0000] {dagbag.py:536} INFO - Filling up the DagBag from /usr/local/lib/python3.10/dist-packages/airflow/example_dags/example_branch_labels.py
[2023-12-05T18:05:05.042+0000] {processor.py:839} INFO - DAG(s) dict_keys(['example_branch_labels']) retrieved from /usr/local/lib/python3.10/dist-packages/airflow/example_dags/example_branch_labels.py
[2023-12-05T18:05:05.086+0000] {logging_mixin.py:154} INFO - [2023-12-05T18:05:05.083+0000] {dag.py:2941} INFO - Sync 1 DAGs
[2023-12-05T18:05:05.125+0000] {logging_mixin.py:154} INFO - [2023-12-05T18:05:05.124+0000] {dag.py:3722} INFO - Setting next_dagrun for example_branch_labels to 2023-12-04T00:00:00+00:00, run_after=2023-12-05T00:00:00+00:00
[2023-12-05T18:05:05.152+0000] {processor.py:179} INFO - Processing /usr/local/lib/python3.10/dist-packages/airflow/example_dags/example_branch_labels.py took 0.140 seconds
[2023-12-05T18:05:55.869+0000] {processor.py:157} INFO - Started process (PID=12539) to work on /usr/local/lib/python3.10/dist-packages/airflow/example_dags/example_branch_labels.py
[2023-12-05T18:05:55.871+0000] {processor.py:829} INFO - Processing file /usr/local/lib/python3.10/dist-packages/airflow/example_dags/example_branch_labels.py for tasks to queue
[2023-12-05T18:05:55.872+0000] {logging_mixin.py:154} INFO - [2023-12-05T18:05:55.871+0000] {dagbag.py:536} INFO - Filling up the DagBag from /usr/local/lib/python3.10/dist-packages/airflow/example_dags/example_branch_labels.py
[2023-12-05T18:05:55.880+0000] {processor.py:839} INFO - DAG(s) dict_keys(['example_branch_labels']) retrieved from /usr/local/lib/python3.10/dist-packages/airflow/example_dags/example_branch_labels.py
[2023-12-05T18:05:55.898+0000] {logging_mixin.py:154} INFO - [2023-12-05T18:05:55.898+0000] {dag.py:2941} INFO - Sync 1 DAGs
[2023-12-05T18:05:55.920+0000] {logging_mixin.py:154} INFO - [2023-12-05T18:05:55.920+0000] {dag.py:3722} INFO - Setting next_dagrun for example_branch_labels to 2023-12-04T00:00:00+00:00, run_after=2023-12-05T00:00:00+00:00
[2023-12-05T18:05:55.951+0000] {processor.py:179} INFO - Processing /usr/local/lib/python3.10/dist-packages/airflow/example_dags/example_branch_labels.py took 0.085 seconds
[2023-12-05T18:06:47.844+0000] {processor.py:157} INFO - Started process (PID=12782) to work on /usr/local/lib/python3.10/dist-packages/airflow/example_dags/example_branch_labels.py
[2023-12-05T18:06:47.846+0000] {processor.py:829} INFO - Processing file /usr/local/lib/python3.10/dist-packages/airflow/example_dags/example_branch_labels.py for tasks to queue
[2023-12-05T18:06:47.847+0000] {logging_mixin.py:154} INFO - [2023-12-05T18:06:47.846+0000] {dagbag.py:536} INFO - Filling up the DagBag from /usr/local/lib/python3.10/dist-packages/airflow/example_dags/example_branch_labels.py
[2023-12-05T18:06:47.855+0000] {processor.py:839} INFO - DAG(s) dict_keys(['example_branch_labels']) retrieved from /usr/local/lib/python3.10/dist-packages/airflow/example_dags/example_branch_labels.py
[2023-12-05T18:06:47.882+0000] {logging_mixin.py:154} INFO - [2023-12-05T18:06:47.882+0000] {dag.py:2941} INFO - Sync 1 DAGs
[2023-12-05T18:06:47.906+0000] {logging_mixin.py:154} INFO - [2023-12-05T18:06:47.906+0000] {dag.py:3722} INFO - Setting next_dagrun for example_branch_labels to 2023-12-04T00:00:00+00:00, run_after=2023-12-05T00:00:00+00:00
[2023-12-05T18:06:47.932+0000] {processor.py:179} INFO - Processing /usr/local/lib/python3.10/dist-packages/airflow/example_dags/example_branch_labels.py took 0.090 seconds
[2023-12-05T18:07:44.580+0000] {processor.py:157} INFO - Started process (PID=13085) to work on /usr/local/lib/python3.10/dist-packages/airflow/example_dags/example_branch_labels.py
[2023-12-05T18:07:44.581+0000] {processor.py:829} INFO - Processing file /usr/local/lib/python3.10/dist-packages/airflow/example_dags/example_branch_labels.py for tasks to queue
[2023-12-05T18:07:44.582+0000] {logging_mixin.py:154} INFO - [2023-12-05T18:07:44.582+0000] {dagbag.py:536} INFO - Filling up the DagBag from /usr/local/lib/python3.10/dist-packages/airflow/example_dags/example_branch_labels.py
[2023-12-05T18:07:44.591+0000] {processor.py:839} INFO - DAG(s) dict_keys(['example_branch_labels']) retrieved from /usr/local/lib/python3.10/dist-packages/airflow/example_dags/example_branch_labels.py
[2023-12-05T18:07:44.611+0000] {logging_mixin.py:154} INFO - [2023-12-05T18:07:44.611+0000] {dag.py:2941} INFO - Sync 1 DAGs
[2023-12-05T18:07:44.638+0000] {logging_mixin.py:154} INFO - [2023-12-05T18:07:44.638+0000] {dag.py:3722} INFO - Setting next_dagrun for example_branch_labels to 2023-12-04T00:00:00+00:00, run_after=2023-12-05T00:00:00+00:00
[2023-12-05T18:07:44.664+0000] {processor.py:179} INFO - Processing /usr/local/lib/python3.10/dist-packages/airflow/example_dags/example_branch_labels.py took 0.088 seconds
[2023-12-05T18:08:28.333+0000] {processor.py:157} INFO - Started process (PID=13199) to work on /usr/local/lib/python3.10/dist-packages/airflow/example_dags/example_branch_labels.py
[2023-12-05T18:08:28.335+0000] {processor.py:829} INFO - Processing file /usr/local/lib/python3.10/dist-packages/airflow/example_dags/example_branch_labels.py for tasks to queue
[2023-12-05T18:08:28.336+0000] {logging_mixin.py:154} INFO - [2023-12-05T18:08:28.335+0000] {dagbag.py:536} INFO - Filling up the DagBag from /usr/local/lib/python3.10/dist-packages/airflow/example_dags/example_branch_labels.py
[2023-12-05T18:08:28.345+0000] {processor.py:839} INFO - DAG(s) dict_keys(['example_branch_labels']) retrieved from /usr/local/lib/python3.10/dist-packages/airflow/example_dags/example_branch_labels.py
[2023-12-05T18:08:28.363+0000] {logging_mixin.py:154} INFO - [2023-12-05T18:08:28.363+0000] {dag.py:2941} INFO - Sync 1 DAGs
[2023-12-05T18:08:28.386+0000] {logging_mixin.py:154} INFO - [2023-12-05T18:08:28.385+0000] {dag.py:3722} INFO - Setting next_dagrun for example_branch_labels to 2023-12-04T00:00:00+00:00, run_after=2023-12-05T00:00:00+00:00
[2023-12-05T18:08:28.418+0000] {processor.py:179} INFO - Processing /usr/local/lib/python3.10/dist-packages/airflow/example_dags/example_branch_labels.py took 0.088 seconds
[2023-12-05T18:09:19.506+0000] {processor.py:157} INFO - Started process (PID=13623) to work on /usr/local/lib/python3.10/dist-packages/airflow/example_dags/example_branch_labels.py
[2023-12-05T18:09:19.508+0000] {processor.py:829} INFO - Processing file /usr/local/lib/python3.10/dist-packages/airflow/example_dags/example_branch_labels.py for tasks to queue
[2023-12-05T18:09:19.509+0000] {logging_mixin.py:154} INFO - [2023-12-05T18:09:19.508+0000] {dagbag.py:536} INFO - Filling up the DagBag from /usr/local/lib/python3.10/dist-packages/airflow/example_dags/example_branch_labels.py
[2023-12-05T18:09:19.519+0000] {processor.py:839} INFO - DAG(s) dict_keys(['example_branch_labels']) retrieved from /usr/local/lib/python3.10/dist-packages/airflow/example_dags/example_branch_labels.py
[2023-12-05T18:09:19.546+0000] {logging_mixin.py:154} INFO - [2023-12-05T18:09:19.545+0000] {dag.py:2941} INFO - Sync 1 DAGs
[2023-12-05T18:09:19.570+0000] {logging_mixin.py:154} INFO - [2023-12-05T18:09:19.569+0000] {dag.py:3722} INFO - Setting next_dagrun for example_branch_labels to 2023-12-04T00:00:00+00:00, run_after=2023-12-05T00:00:00+00:00
[2023-12-05T18:09:19.593+0000] {processor.py:179} INFO - Processing /usr/local/lib/python3.10/dist-packages/airflow/example_dags/example_branch_labels.py took 0.092 seconds
[2023-12-05T18:10:07.585+0000] {processor.py:157} INFO - Started process (PID=13740) to work on /usr/local/lib/python3.10/dist-packages/airflow/example_dags/example_branch_labels.py
[2023-12-05T18:10:07.586+0000] {processor.py:829} INFO - Processing file /usr/local/lib/python3.10/dist-packages/airflow/example_dags/example_branch_labels.py for tasks to queue
[2023-12-05T18:10:07.587+0000] {logging_mixin.py:154} INFO - [2023-12-05T18:10:07.587+0000] {dagbag.py:536} INFO - Filling up the DagBag from /usr/local/lib/python3.10/dist-packages/airflow/example_dags/example_branch_labels.py
[2023-12-05T18:10:07.598+0000] {processor.py:839} INFO - DAG(s) dict_keys(['example_branch_labels']) retrieved from /usr/local/lib/python3.10/dist-packages/airflow/example_dags/example_branch_labels.py
[2023-12-05T18:10:07.631+0000] {logging_mixin.py:154} INFO - [2023-12-05T18:10:07.631+0000] {dag.py:2941} INFO - Sync 1 DAGs
[2023-12-05T18:10:07.674+0000] {logging_mixin.py:154} INFO - [2023-12-05T18:10:07.674+0000] {dag.py:3722} INFO - Setting next_dagrun for example_branch_labels to 2023-12-04T00:00:00+00:00, run_after=2023-12-05T00:00:00+00:00
[2023-12-05T18:10:07.718+0000] {processor.py:179} INFO - Processing /usr/local/lib/python3.10/dist-packages/airflow/example_dags/example_branch_labels.py took 0.141 seconds
