[2023-12-05T17:46:49.300+0000] {processor.py:157} INFO - Started process (PID=9284) to work on /usr/local/lib/python3.10/dist-packages/airflow/example_dags/example_complex.py
[2023-12-05T17:46:49.302+0000] {processor.py:829} INFO - Processing file /usr/local/lib/python3.10/dist-packages/airflow/example_dags/example_complex.py for tasks to queue
[2023-12-05T17:46:49.303+0000] {logging_mixin.py:154} INFO - [2023-12-05T17:46:49.303+0000] {dagbag.py:536} INFO - Filling up the DagBag from /usr/local/lib/python3.10/dist-packages/airflow/example_dags/example_complex.py
[2023-12-05T17:46:49.315+0000] {processor.py:839} INFO - DAG(s) dict_keys(['example_complex']) retrieved from /usr/local/lib/python3.10/dist-packages/airflow/example_dags/example_complex.py
[2023-12-05T17:46:49.343+0000] {logging_mixin.py:154} INFO - [2023-12-05T17:46:49.343+0000] {dag.py:2941} INFO - Sync 1 DAGs
[2023-12-05T17:46:49.355+0000] {logging_mixin.py:154} INFO - [2023-12-05T17:46:49.355+0000] {dag.py:3722} INFO - Setting next_dagrun for example_complex to None, run_after=None
[2023-12-05T17:46:49.378+0000] {processor.py:179} INFO - Processing /usr/local/lib/python3.10/dist-packages/airflow/example_dags/example_complex.py took 0.081 seconds
[2023-12-05T17:47:45.845+0000] {processor.py:157} INFO - Started process (PID=9403) to work on /usr/local/lib/python3.10/dist-packages/airflow/example_dags/example_complex.py
[2023-12-05T17:47:45.847+0000] {processor.py:829} INFO - Processing file /usr/local/lib/python3.10/dist-packages/airflow/example_dags/example_complex.py for tasks to queue
[2023-12-05T17:47:45.848+0000] {logging_mixin.py:154} INFO - [2023-12-05T17:47:45.848+0000] {dagbag.py:536} INFO - Filling up the DagBag from /usr/local/lib/python3.10/dist-packages/airflow/example_dags/example_complex.py
[2023-12-05T17:47:45.862+0000] {processor.py:839} INFO - DAG(s) dict_keys(['example_complex']) retrieved from /usr/local/lib/python3.10/dist-packages/airflow/example_dags/example_complex.py
[2023-12-05T17:47:45.894+0000] {logging_mixin.py:154} INFO - [2023-12-05T17:47:45.894+0000] {dag.py:2941} INFO - Sync 1 DAGs
[2023-12-05T17:47:45.910+0000] {logging_mixin.py:154} INFO - [2023-12-05T17:47:45.910+0000] {dag.py:3722} INFO - Setting next_dagrun for example_complex to None, run_after=None
[2023-12-05T17:47:45.936+0000] {processor.py:179} INFO - Processing /usr/local/lib/python3.10/dist-packages/airflow/example_dags/example_complex.py took 0.104 seconds
[2023-12-05T17:48:40.664+0000] {processor.py:157} INFO - Started process (PID=9583) to work on /usr/local/lib/python3.10/dist-packages/airflow/example_dags/example_complex.py
[2023-12-05T17:48:40.666+0000] {processor.py:829} INFO - Processing file /usr/local/lib/python3.10/dist-packages/airflow/example_dags/example_complex.py for tasks to queue
[2023-12-05T17:48:40.667+0000] {logging_mixin.py:154} INFO - [2023-12-05T17:48:40.666+0000] {dagbag.py:536} INFO - Filling up the DagBag from /usr/local/lib/python3.10/dist-packages/airflow/example_dags/example_complex.py
[2023-12-05T17:48:40.684+0000] {processor.py:839} INFO - DAG(s) dict_keys(['example_complex']) retrieved from /usr/local/lib/python3.10/dist-packages/airflow/example_dags/example_complex.py
[2023-12-05T17:48:40.714+0000] {logging_mixin.py:154} INFO - [2023-12-05T17:48:40.714+0000] {dag.py:2941} INFO - Sync 1 DAGs
[2023-12-05T17:48:40.728+0000] {logging_mixin.py:154} INFO - [2023-12-05T17:48:40.728+0000] {dag.py:3722} INFO - Setting next_dagrun for example_complex to None, run_after=None
[2023-12-05T17:48:40.763+0000] {processor.py:179} INFO - Processing /usr/local/lib/python3.10/dist-packages/airflow/example_dags/example_complex.py took 0.103 seconds
[2023-12-05T17:49:34.949+0000] {processor.py:157} INFO - Started process (PID=9700) to work on /usr/local/lib/python3.10/dist-packages/airflow/example_dags/example_complex.py
[2023-12-05T17:49:34.951+0000] {processor.py:829} INFO - Processing file /usr/local/lib/python3.10/dist-packages/airflow/example_dags/example_complex.py for tasks to queue
[2023-12-05T17:49:34.952+0000] {logging_mixin.py:154} INFO - [2023-12-05T17:49:34.951+0000] {dagbag.py:536} INFO - Filling up the DagBag from /usr/local/lib/python3.10/dist-packages/airflow/example_dags/example_complex.py
[2023-12-05T17:49:34.965+0000] {processor.py:839} INFO - DAG(s) dict_keys(['example_complex']) retrieved from /usr/local/lib/python3.10/dist-packages/airflow/example_dags/example_complex.py
[2023-12-05T17:49:34.997+0000] {logging_mixin.py:154} INFO - [2023-12-05T17:49:34.997+0000] {dag.py:2941} INFO - Sync 1 DAGs
[2023-12-05T17:49:35.014+0000] {logging_mixin.py:154} INFO - [2023-12-05T17:49:35.014+0000] {dag.py:3722} INFO - Setting next_dagrun for example_complex to None, run_after=None
[2023-12-05T17:49:35.044+0000] {processor.py:179} INFO - Processing /usr/local/lib/python3.10/dist-packages/airflow/example_dags/example_complex.py took 0.098 seconds
[2023-12-05T17:50:28.238+0000] {processor.py:157} INFO - Started process (PID=9824) to work on /usr/local/lib/python3.10/dist-packages/airflow/example_dags/example_complex.py
[2023-12-05T17:50:28.240+0000] {processor.py:829} INFO - Processing file /usr/local/lib/python3.10/dist-packages/airflow/example_dags/example_complex.py for tasks to queue
[2023-12-05T17:50:28.241+0000] {logging_mixin.py:154} INFO - [2023-12-05T17:50:28.240+0000] {dagbag.py:536} INFO - Filling up the DagBag from /usr/local/lib/python3.10/dist-packages/airflow/example_dags/example_complex.py
[2023-12-05T17:50:28.254+0000] {processor.py:839} INFO - DAG(s) dict_keys(['example_complex']) retrieved from /usr/local/lib/python3.10/dist-packages/airflow/example_dags/example_complex.py
[2023-12-05T17:50:28.281+0000] {logging_mixin.py:154} INFO - [2023-12-05T17:50:28.280+0000] {dag.py:2941} INFO - Sync 1 DAGs
[2023-12-05T17:50:28.296+0000] {logging_mixin.py:154} INFO - [2023-12-05T17:50:28.296+0000] {dag.py:3722} INFO - Setting next_dagrun for example_complex to None, run_after=None
[2023-12-05T17:50:28.317+0000] {processor.py:179} INFO - Processing /usr/local/lib/python3.10/dist-packages/airflow/example_dags/example_complex.py took 0.083 seconds
[2023-12-05T17:51:19.377+0000] {processor.py:157} INFO - Started process (PID=9999) to work on /usr/local/lib/python3.10/dist-packages/airflow/example_dags/example_complex.py
[2023-12-05T17:51:19.379+0000] {processor.py:829} INFO - Processing file /usr/local/lib/python3.10/dist-packages/airflow/example_dags/example_complex.py for tasks to queue
[2023-12-05T17:51:19.381+0000] {logging_mixin.py:154} INFO - [2023-12-05T17:51:19.380+0000] {dagbag.py:536} INFO - Filling up the DagBag from /usr/local/lib/python3.10/dist-packages/airflow/example_dags/example_complex.py
[2023-12-05T17:51:19.402+0000] {processor.py:839} INFO - DAG(s) dict_keys(['example_complex']) retrieved from /usr/local/lib/python3.10/dist-packages/airflow/example_dags/example_complex.py
[2023-12-05T17:51:19.448+0000] {logging_mixin.py:154} INFO - [2023-12-05T17:51:19.448+0000] {dag.py:2941} INFO - Sync 1 DAGs
[2023-12-05T17:51:19.460+0000] {logging_mixin.py:154} INFO - [2023-12-05T17:51:19.460+0000] {dag.py:3722} INFO - Setting next_dagrun for example_complex to None, run_after=None
[2023-12-05T17:51:19.498+0000] {processor.py:179} INFO - Processing /usr/local/lib/python3.10/dist-packages/airflow/example_dags/example_complex.py took 0.131 seconds
[2023-12-05T17:52:11.706+0000] {processor.py:157} INFO - Started process (PID=10116) to work on /usr/local/lib/python3.10/dist-packages/airflow/example_dags/example_complex.py
[2023-12-05T17:52:11.707+0000] {processor.py:829} INFO - Processing file /usr/local/lib/python3.10/dist-packages/airflow/example_dags/example_complex.py for tasks to queue
[2023-12-05T17:52:11.708+0000] {logging_mixin.py:154} INFO - [2023-12-05T17:52:11.708+0000] {dagbag.py:536} INFO - Filling up the DagBag from /usr/local/lib/python3.10/dist-packages/airflow/example_dags/example_complex.py
[2023-12-05T17:52:11.720+0000] {processor.py:839} INFO - DAG(s) dict_keys(['example_complex']) retrieved from /usr/local/lib/python3.10/dist-packages/airflow/example_dags/example_complex.py
[2023-12-05T17:52:11.754+0000] {logging_mixin.py:154} INFO - [2023-12-05T17:52:11.753+0000] {dag.py:2941} INFO - Sync 1 DAGs
[2023-12-05T17:52:11.780+0000] {logging_mixin.py:154} INFO - [2023-12-05T17:52:11.780+0000] {dag.py:3722} INFO - Setting next_dagrun for example_complex to None, run_after=None
[2023-12-05T17:52:11.806+0000] {processor.py:179} INFO - Processing /usr/local/lib/python3.10/dist-packages/airflow/example_dags/example_complex.py took 0.103 seconds
[2023-12-05T17:53:04.080+0000] {processor.py:157} INFO - Started process (PID=10178) to work on /usr/local/lib/python3.10/dist-packages/airflow/example_dags/example_complex.py
[2023-12-05T17:53:04.081+0000] {processor.py:829} INFO - Processing file /usr/local/lib/python3.10/dist-packages/airflow/example_dags/example_complex.py for tasks to queue
[2023-12-05T17:53:04.082+0000] {logging_mixin.py:154} INFO - [2023-12-05T17:53:04.082+0000] {dagbag.py:536} INFO - Filling up the DagBag from /usr/local/lib/python3.10/dist-packages/airflow/example_dags/example_complex.py
[2023-12-05T17:53:04.098+0000] {processor.py:839} INFO - DAG(s) dict_keys(['example_complex']) retrieved from /usr/local/lib/python3.10/dist-packages/airflow/example_dags/example_complex.py
[2023-12-05T17:53:04.142+0000] {logging_mixin.py:154} INFO - [2023-12-05T17:53:04.141+0000] {dag.py:2941} INFO - Sync 1 DAGs
[2023-12-05T17:53:04.162+0000] {logging_mixin.py:154} INFO - [2023-12-05T17:53:04.162+0000] {dag.py:3722} INFO - Setting next_dagrun for example_complex to None, run_after=None
[2023-12-05T17:53:04.225+0000] {processor.py:179} INFO - Processing /usr/local/lib/python3.10/dist-packages/airflow/example_dags/example_complex.py took 0.150 seconds
[2023-12-05T17:53:54.508+0000] {processor.py:157} INFO - Started process (PID=10355) to work on /usr/local/lib/python3.10/dist-packages/airflow/example_dags/example_complex.py
[2023-12-05T17:53:54.509+0000] {processor.py:829} INFO - Processing file /usr/local/lib/python3.10/dist-packages/airflow/example_dags/example_complex.py for tasks to queue
[2023-12-05T17:53:54.510+0000] {logging_mixin.py:154} INFO - [2023-12-05T17:53:54.510+0000] {dagbag.py:536} INFO - Filling up the DagBag from /usr/local/lib/python3.10/dist-packages/airflow/example_dags/example_complex.py
[2023-12-05T17:53:54.521+0000] {processor.py:839} INFO - DAG(s) dict_keys(['example_complex']) retrieved from /usr/local/lib/python3.10/dist-packages/airflow/example_dags/example_complex.py
[2023-12-05T17:53:54.552+0000] {logging_mixin.py:154} INFO - [2023-12-05T17:53:54.552+0000] {dag.py:2941} INFO - Sync 1 DAGs
[2023-12-05T17:53:54.568+0000] {logging_mixin.py:154} INFO - [2023-12-05T17:53:54.568+0000] {dag.py:3722} INFO - Setting next_dagrun for example_complex to None, run_after=None
[2023-12-05T17:53:54.601+0000] {processor.py:179} INFO - Processing /usr/local/lib/python3.10/dist-packages/airflow/example_dags/example_complex.py took 0.096 seconds
[2023-12-05T17:54:43.423+0000] {processor.py:157} INFO - Started process (PID=10473) to work on /usr/local/lib/python3.10/dist-packages/airflow/example_dags/example_complex.py
[2023-12-05T17:54:43.426+0000] {processor.py:829} INFO - Processing file /usr/local/lib/python3.10/dist-packages/airflow/example_dags/example_complex.py for tasks to queue
[2023-12-05T17:54:43.428+0000] {logging_mixin.py:154} INFO - [2023-12-05T17:54:43.427+0000] {dagbag.py:536} INFO - Filling up the DagBag from /usr/local/lib/python3.10/dist-packages/airflow/example_dags/example_complex.py
[2023-12-05T17:54:43.448+0000] {processor.py:839} INFO - DAG(s) dict_keys(['example_complex']) retrieved from /usr/local/lib/python3.10/dist-packages/airflow/example_dags/example_complex.py
[2023-12-05T17:54:43.485+0000] {logging_mixin.py:154} INFO - [2023-12-05T17:54:43.484+0000] {dag.py:2941} INFO - Sync 1 DAGs
[2023-12-05T17:54:43.500+0000] {logging_mixin.py:154} INFO - [2023-12-05T17:54:43.500+0000] {dag.py:3722} INFO - Setting next_dagrun for example_complex to None, run_after=None
[2023-12-05T17:54:43.530+0000] {processor.py:179} INFO - Processing /usr/local/lib/python3.10/dist-packages/airflow/example_dags/example_complex.py took 0.112 seconds
[2023-12-05T17:55:37.086+0000] {processor.py:157} INFO - Started process (PID=10593) to work on /usr/local/lib/python3.10/dist-packages/airflow/example_dags/example_complex.py
[2023-12-05T17:55:37.089+0000] {processor.py:829} INFO - Processing file /usr/local/lib/python3.10/dist-packages/airflow/example_dags/example_complex.py for tasks to queue
[2023-12-05T17:55:37.089+0000] {logging_mixin.py:154} INFO - [2023-12-05T17:55:37.089+0000] {dagbag.py:536} INFO - Filling up the DagBag from /usr/local/lib/python3.10/dist-packages/airflow/example_dags/example_complex.py
[2023-12-05T17:55:37.105+0000] {processor.py:839} INFO - DAG(s) dict_keys(['example_complex']) retrieved from /usr/local/lib/python3.10/dist-packages/airflow/example_dags/example_complex.py
[2023-12-05T17:55:37.146+0000] {logging_mixin.py:154} INFO - [2023-12-05T17:55:37.146+0000] {dag.py:2941} INFO - Sync 1 DAGs
[2023-12-05T17:55:37.162+0000] {logging_mixin.py:154} INFO - [2023-12-05T17:55:37.162+0000] {dag.py:3722} INFO - Setting next_dagrun for example_complex to None, run_after=None
[2023-12-05T17:55:37.196+0000] {processor.py:179} INFO - Processing /usr/local/lib/python3.10/dist-packages/airflow/example_dags/example_complex.py took 0.118 seconds
[2023-12-05T17:56:27.812+0000] {processor.py:157} INFO - Started process (PID=10771) to work on /usr/local/lib/python3.10/dist-packages/airflow/example_dags/example_complex.py
[2023-12-05T17:56:27.814+0000] {processor.py:829} INFO - Processing file /usr/local/lib/python3.10/dist-packages/airflow/example_dags/example_complex.py for tasks to queue
[2023-12-05T17:56:27.815+0000] {logging_mixin.py:154} INFO - [2023-12-05T17:56:27.814+0000] {dagbag.py:536} INFO - Filling up the DagBag from /usr/local/lib/python3.10/dist-packages/airflow/example_dags/example_complex.py
[2023-12-05T17:56:27.826+0000] {processor.py:839} INFO - DAG(s) dict_keys(['example_complex']) retrieved from /usr/local/lib/python3.10/dist-packages/airflow/example_dags/example_complex.py
[2023-12-05T17:56:27.853+0000] {logging_mixin.py:154} INFO - [2023-12-05T17:56:27.853+0000] {dag.py:2941} INFO - Sync 1 DAGs
[2023-12-05T17:56:27.867+0000] {logging_mixin.py:154} INFO - [2023-12-05T17:56:27.867+0000] {dag.py:3722} INFO - Setting next_dagrun for example_complex to None, run_after=None
[2023-12-05T17:56:27.894+0000] {processor.py:179} INFO - Processing /usr/local/lib/python3.10/dist-packages/airflow/example_dags/example_complex.py took 0.086 seconds
[2023-12-05T17:57:22.485+0000] {processor.py:157} INFO - Started process (PID=10893) to work on /usr/local/lib/python3.10/dist-packages/airflow/example_dags/example_complex.py
[2023-12-05T17:57:22.487+0000] {processor.py:829} INFO - Processing file /usr/local/lib/python3.10/dist-packages/airflow/example_dags/example_complex.py for tasks to queue
[2023-12-05T17:57:22.488+0000] {logging_mixin.py:154} INFO - [2023-12-05T17:57:22.488+0000] {dagbag.py:536} INFO - Filling up the DagBag from /usr/local/lib/python3.10/dist-packages/airflow/example_dags/example_complex.py
[2023-12-05T17:57:22.512+0000] {processor.py:839} INFO - DAG(s) dict_keys(['example_complex']) retrieved from /usr/local/lib/python3.10/dist-packages/airflow/example_dags/example_complex.py
[2023-12-05T17:57:22.542+0000] {logging_mixin.py:154} INFO - [2023-12-05T17:57:22.541+0000] {dag.py:2941} INFO - Sync 1 DAGs
[2023-12-05T17:57:22.561+0000] {logging_mixin.py:154} INFO - [2023-12-05T17:57:22.561+0000] {dag.py:3722} INFO - Setting next_dagrun for example_complex to None, run_after=None
[2023-12-05T17:57:22.594+0000] {processor.py:179} INFO - Processing /usr/local/lib/python3.10/dist-packages/airflow/example_dags/example_complex.py took 0.113 seconds
[2023-12-05T17:58:19.000+0000] {processor.py:157} INFO - Started process (PID=11020) to work on /usr/local/lib/python3.10/dist-packages/airflow/example_dags/example_complex.py
[2023-12-05T17:58:19.003+0000] {processor.py:829} INFO - Processing file /usr/local/lib/python3.10/dist-packages/airflow/example_dags/example_complex.py for tasks to queue
[2023-12-05T17:58:19.004+0000] {logging_mixin.py:154} INFO - [2023-12-05T17:58:19.004+0000] {dagbag.py:536} INFO - Filling up the DagBag from /usr/local/lib/python3.10/dist-packages/airflow/example_dags/example_complex.py
[2023-12-05T17:58:19.016+0000] {processor.py:839} INFO - DAG(s) dict_keys(['example_complex']) retrieved from /usr/local/lib/python3.10/dist-packages/airflow/example_dags/example_complex.py
[2023-12-05T17:58:19.061+0000] {logging_mixin.py:154} INFO - [2023-12-05T17:58:19.060+0000] {dag.py:2941} INFO - Sync 1 DAGs
[2023-12-05T17:58:19.073+0000] {logging_mixin.py:154} INFO - [2023-12-05T17:58:19.073+0000] {dag.py:3722} INFO - Setting next_dagrun for example_complex to None, run_after=None
[2023-12-05T17:58:19.110+0000] {processor.py:179} INFO - Processing /usr/local/lib/python3.10/dist-packages/airflow/example_dags/example_complex.py took 0.119 seconds
[2023-12-05T17:59:08.787+0000] {processor.py:157} INFO - Started process (PID=11141) to work on /usr/local/lib/python3.10/dist-packages/airflow/example_dags/example_complex.py
[2023-12-05T17:59:08.789+0000] {processor.py:829} INFO - Processing file /usr/local/lib/python3.10/dist-packages/airflow/example_dags/example_complex.py for tasks to queue
[2023-12-05T17:59:08.790+0000] {logging_mixin.py:154} INFO - [2023-12-05T17:59:08.789+0000] {dagbag.py:536} INFO - Filling up the DagBag from /usr/local/lib/python3.10/dist-packages/airflow/example_dags/example_complex.py
[2023-12-05T17:59:08.807+0000] {processor.py:839} INFO - DAG(s) dict_keys(['example_complex']) retrieved from /usr/local/lib/python3.10/dist-packages/airflow/example_dags/example_complex.py
[2023-12-05T17:59:08.841+0000] {logging_mixin.py:154} INFO - [2023-12-05T17:59:08.840+0000] {dag.py:2941} INFO - Sync 1 DAGs
[2023-12-05T17:59:08.856+0000] {logging_mixin.py:154} INFO - [2023-12-05T17:59:08.856+0000] {dag.py:3722} INFO - Setting next_dagrun for example_complex to None, run_after=None
[2023-12-05T17:59:08.886+0000] {processor.py:179} INFO - Processing /usr/local/lib/python3.10/dist-packages/airflow/example_dags/example_complex.py took 0.102 seconds
[2023-12-05T18:00:03.631+0000] {processor.py:157} INFO - Started process (PID=11200) to work on /usr/local/lib/python3.10/dist-packages/airflow/example_dags/example_complex.py
[2023-12-05T18:00:03.633+0000] {processor.py:829} INFO - Processing file /usr/local/lib/python3.10/dist-packages/airflow/example_dags/example_complex.py for tasks to queue
[2023-12-05T18:00:03.634+0000] {logging_mixin.py:154} INFO - [2023-12-05T18:00:03.633+0000] {dagbag.py:536} INFO - Filling up the DagBag from /usr/local/lib/python3.10/dist-packages/airflow/example_dags/example_complex.py
[2023-12-05T18:00:03.652+0000] {processor.py:839} INFO - DAG(s) dict_keys(['example_complex']) retrieved from /usr/local/lib/python3.10/dist-packages/airflow/example_dags/example_complex.py
[2023-12-05T18:00:03.681+0000] {logging_mixin.py:154} INFO - [2023-12-05T18:00:03.681+0000] {dag.py:2941} INFO - Sync 1 DAGs
[2023-12-05T18:00:03.694+0000] {logging_mixin.py:154} INFO - [2023-12-05T18:00:03.694+0000] {dag.py:3722} INFO - Setting next_dagrun for example_complex to None, run_after=None
[2023-12-05T18:00:03.744+0000] {processor.py:179} INFO - Processing /usr/local/lib/python3.10/dist-packages/airflow/example_dags/example_complex.py took 0.116 seconds
[2023-12-05T18:00:53.366+0000] {processor.py:157} INFO - Started process (PID=11318) to work on /usr/local/lib/python3.10/dist-packages/airflow/example_dags/example_complex.py
[2023-12-05T18:00:53.368+0000] {processor.py:829} INFO - Processing file /usr/local/lib/python3.10/dist-packages/airflow/example_dags/example_complex.py for tasks to queue
[2023-12-05T18:00:53.369+0000] {logging_mixin.py:154} INFO - [2023-12-05T18:00:53.368+0000] {dagbag.py:536} INFO - Filling up the DagBag from /usr/local/lib/python3.10/dist-packages/airflow/example_dags/example_complex.py
[2023-12-05T18:00:53.380+0000] {processor.py:839} INFO - DAG(s) dict_keys(['example_complex']) retrieved from /usr/local/lib/python3.10/dist-packages/airflow/example_dags/example_complex.py
[2023-12-05T18:00:53.411+0000] {logging_mixin.py:154} INFO - [2023-12-05T18:00:53.411+0000] {dag.py:2941} INFO - Sync 1 DAGs
[2023-12-05T18:00:53.423+0000] {logging_mixin.py:154} INFO - [2023-12-05T18:00:53.423+0000] {dag.py:3722} INFO - Setting next_dagrun for example_complex to None, run_after=None
[2023-12-05T18:00:53.448+0000] {processor.py:179} INFO - Processing /usr/local/lib/python3.10/dist-packages/airflow/example_dags/example_complex.py took 0.085 seconds
[2023-12-05T18:01:39.889+0000] {processor.py:157} INFO - Started process (PID=11494) to work on /usr/local/lib/python3.10/dist-packages/airflow/example_dags/example_complex.py
[2023-12-05T18:01:39.890+0000] {processor.py:829} INFO - Processing file /usr/local/lib/python3.10/dist-packages/airflow/example_dags/example_complex.py for tasks to queue
[2023-12-05T18:01:39.891+0000] {logging_mixin.py:154} INFO - [2023-12-05T18:01:39.891+0000] {dagbag.py:536} INFO - Filling up the DagBag from /usr/local/lib/python3.10/dist-packages/airflow/example_dags/example_complex.py
[2023-12-05T18:01:39.903+0000] {processor.py:839} INFO - DAG(s) dict_keys(['example_complex']) retrieved from /usr/local/lib/python3.10/dist-packages/airflow/example_dags/example_complex.py
[2023-12-05T18:01:39.948+0000] {logging_mixin.py:154} INFO - [2023-12-05T18:01:39.948+0000] {dag.py:2941} INFO - Sync 1 DAGs
[2023-12-05T18:01:39.959+0000] {logging_mixin.py:154} INFO - [2023-12-05T18:01:39.958+0000] {dag.py:3722} INFO - Setting next_dagrun for example_complex to None, run_after=None
[2023-12-05T18:01:39.983+0000] {processor.py:179} INFO - Processing /usr/local/lib/python3.10/dist-packages/airflow/example_dags/example_complex.py took 0.097 seconds
[2023-12-05T18:02:29.519+0000] {processor.py:157} INFO - Started process (PID=11611) to work on /usr/local/lib/python3.10/dist-packages/airflow/example_dags/example_complex.py
[2023-12-05T18:02:29.521+0000] {processor.py:829} INFO - Processing file /usr/local/lib/python3.10/dist-packages/airflow/example_dags/example_complex.py for tasks to queue
[2023-12-05T18:02:29.522+0000] {logging_mixin.py:154} INFO - [2023-12-05T18:02:29.522+0000] {dagbag.py:536} INFO - Filling up the DagBag from /usr/local/lib/python3.10/dist-packages/airflow/example_dags/example_complex.py
[2023-12-05T18:02:29.559+0000] {processor.py:839} INFO - DAG(s) dict_keys(['example_complex']) retrieved from /usr/local/lib/python3.10/dist-packages/airflow/example_dags/example_complex.py
[2023-12-05T18:02:29.604+0000] {logging_mixin.py:154} INFO - [2023-12-05T18:02:29.603+0000] {dag.py:2941} INFO - Sync 1 DAGs
[2023-12-05T18:02:29.630+0000] {logging_mixin.py:154} INFO - [2023-12-05T18:02:29.629+0000] {dag.py:3722} INFO - Setting next_dagrun for example_complex to None, run_after=None
[2023-12-05T18:02:29.679+0000] {processor.py:179} INFO - Processing /usr/local/lib/python3.10/dist-packages/airflow/example_dags/example_complex.py took 0.170 seconds
[2023-12-05T18:03:23.152+0000] {processor.py:157} INFO - Started process (PID=11732) to work on /usr/local/lib/python3.10/dist-packages/airflow/example_dags/example_complex.py
[2023-12-05T18:03:23.153+0000] {processor.py:829} INFO - Processing file /usr/local/lib/python3.10/dist-packages/airflow/example_dags/example_complex.py for tasks to queue
[2023-12-05T18:03:23.154+0000] {logging_mixin.py:154} INFO - [2023-12-05T18:03:23.154+0000] {dagbag.py:536} INFO - Filling up the DagBag from /usr/local/lib/python3.10/dist-packages/airflow/example_dags/example_complex.py
[2023-12-05T18:03:23.165+0000] {processor.py:839} INFO - DAG(s) dict_keys(['example_complex']) retrieved from /usr/local/lib/python3.10/dist-packages/airflow/example_dags/example_complex.py
[2023-12-05T18:03:23.191+0000] {logging_mixin.py:154} INFO - [2023-12-05T18:03:23.191+0000] {dag.py:2941} INFO - Sync 1 DAGs
[2023-12-05T18:03:23.204+0000] {logging_mixin.py:154} INFO - [2023-12-05T18:03:23.203+0000] {dag.py:3722} INFO - Setting next_dagrun for example_complex to None, run_after=None
[2023-12-05T18:03:23.227+0000] {processor.py:179} INFO - Processing /usr/local/lib/python3.10/dist-packages/airflow/example_dags/example_complex.py took 0.078 seconds
[2023-12-05T18:04:11.054+0000] {processor.py:157} INFO - Started process (PID=11850) to work on /usr/local/lib/python3.10/dist-packages/airflow/example_dags/example_complex.py
[2023-12-05T18:04:11.056+0000] {processor.py:829} INFO - Processing file /usr/local/lib/python3.10/dist-packages/airflow/example_dags/example_complex.py for tasks to queue
[2023-12-05T18:04:11.057+0000] {logging_mixin.py:154} INFO - [2023-12-05T18:04:11.056+0000] {dagbag.py:536} INFO - Filling up the DagBag from /usr/local/lib/python3.10/dist-packages/airflow/example_dags/example_complex.py
[2023-12-05T18:04:11.073+0000] {processor.py:839} INFO - DAG(s) dict_keys(['example_complex']) retrieved from /usr/local/lib/python3.10/dist-packages/airflow/example_dags/example_complex.py
[2023-12-05T18:04:11.110+0000] {logging_mixin.py:154} INFO - [2023-12-05T18:04:11.110+0000] {dag.py:2941} INFO - Sync 1 DAGs
[2023-12-05T18:04:11.129+0000] {logging_mixin.py:154} INFO - [2023-12-05T18:04:11.129+0000] {dag.py:3722} INFO - Setting next_dagrun for example_complex to None, run_after=None
[2023-12-05T18:04:11.167+0000] {processor.py:179} INFO - Processing /usr/local/lib/python3.10/dist-packages/airflow/example_dags/example_complex.py took 0.121 seconds
[2023-12-05T18:05:02.881+0000] {processor.py:157} INFO - Started process (PID=12360) to work on /usr/local/lib/python3.10/dist-packages/airflow/example_dags/example_complex.py
[2023-12-05T18:05:02.882+0000] {processor.py:829} INFO - Processing file /usr/local/lib/python3.10/dist-packages/airflow/example_dags/example_complex.py for tasks to queue
[2023-12-05T18:05:02.884+0000] {logging_mixin.py:154} INFO - [2023-12-05T18:05:02.883+0000] {dagbag.py:536} INFO - Filling up the DagBag from /usr/local/lib/python3.10/dist-packages/airflow/example_dags/example_complex.py
[2023-12-05T18:05:02.898+0000] {processor.py:839} INFO - DAG(s) dict_keys(['example_complex']) retrieved from /usr/local/lib/python3.10/dist-packages/airflow/example_dags/example_complex.py
[2023-12-05T18:05:02.941+0000] {logging_mixin.py:154} INFO - [2023-12-05T18:05:02.940+0000] {dag.py:2941} INFO - Sync 1 DAGs
[2023-12-05T18:05:02.955+0000] {logging_mixin.py:154} INFO - [2023-12-05T18:05:02.955+0000] {dag.py:3722} INFO - Setting next_dagrun for example_complex to None, run_after=None
[2023-12-05T18:05:03.000+0000] {processor.py:179} INFO - Processing /usr/local/lib/python3.10/dist-packages/airflow/example_dags/example_complex.py took 0.124 seconds
[2023-12-05T18:05:54.287+0000] {processor.py:157} INFO - Started process (PID=12537) to work on /usr/local/lib/python3.10/dist-packages/airflow/example_dags/example_complex.py
[2023-12-05T18:05:54.288+0000] {processor.py:829} INFO - Processing file /usr/local/lib/python3.10/dist-packages/airflow/example_dags/example_complex.py for tasks to queue
[2023-12-05T18:05:54.289+0000] {logging_mixin.py:154} INFO - [2023-12-05T18:05:54.289+0000] {dagbag.py:536} INFO - Filling up the DagBag from /usr/local/lib/python3.10/dist-packages/airflow/example_dags/example_complex.py
[2023-12-05T18:05:54.313+0000] {processor.py:839} INFO - DAG(s) dict_keys(['example_complex']) retrieved from /usr/local/lib/python3.10/dist-packages/airflow/example_dags/example_complex.py
[2023-12-05T18:05:54.342+0000] {logging_mixin.py:154} INFO - [2023-12-05T18:05:54.342+0000] {dag.py:2941} INFO - Sync 1 DAGs
[2023-12-05T18:05:54.353+0000] {logging_mixin.py:154} INFO - [2023-12-05T18:05:54.353+0000] {dag.py:3722} INFO - Setting next_dagrun for example_complex to None, run_after=None
[2023-12-05T18:05:54.377+0000] {processor.py:179} INFO - Processing /usr/local/lib/python3.10/dist-packages/airflow/example_dags/example_complex.py took 0.094 seconds
[2023-12-05T18:06:46.215+0000] {processor.py:157} INFO - Started process (PID=12780) to work on /usr/local/lib/python3.10/dist-packages/airflow/example_dags/example_complex.py
[2023-12-05T18:06:46.218+0000] {processor.py:829} INFO - Processing file /usr/local/lib/python3.10/dist-packages/airflow/example_dags/example_complex.py for tasks to queue
[2023-12-05T18:06:46.220+0000] {logging_mixin.py:154} INFO - [2023-12-05T18:06:46.220+0000] {dagbag.py:536} INFO - Filling up the DagBag from /usr/local/lib/python3.10/dist-packages/airflow/example_dags/example_complex.py
[2023-12-05T18:06:46.239+0000] {processor.py:839} INFO - DAG(s) dict_keys(['example_complex']) retrieved from /usr/local/lib/python3.10/dist-packages/airflow/example_dags/example_complex.py
[2023-12-05T18:06:46.271+0000] {logging_mixin.py:154} INFO - [2023-12-05T18:06:46.270+0000] {dag.py:2941} INFO - Sync 1 DAGs
[2023-12-05T18:06:46.286+0000] {logging_mixin.py:154} INFO - [2023-12-05T18:06:46.286+0000] {dag.py:3722} INFO - Setting next_dagrun for example_complex to None, run_after=None
[2023-12-05T18:06:46.311+0000] {processor.py:179} INFO - Processing /usr/local/lib/python3.10/dist-packages/airflow/example_dags/example_complex.py took 0.109 seconds
[2023-12-05T18:07:42.077+0000] {processor.py:157} INFO - Started process (PID=13081) to work on /usr/local/lib/python3.10/dist-packages/airflow/example_dags/example_complex.py
[2023-12-05T18:07:42.078+0000] {processor.py:829} INFO - Processing file /usr/local/lib/python3.10/dist-packages/airflow/example_dags/example_complex.py for tasks to queue
[2023-12-05T18:07:42.079+0000] {logging_mixin.py:154} INFO - [2023-12-05T18:07:42.079+0000] {dagbag.py:536} INFO - Filling up the DagBag from /usr/local/lib/python3.10/dist-packages/airflow/example_dags/example_complex.py
[2023-12-05T18:07:42.091+0000] {processor.py:839} INFO - DAG(s) dict_keys(['example_complex']) retrieved from /usr/local/lib/python3.10/dist-packages/airflow/example_dags/example_complex.py
[2023-12-05T18:07:42.122+0000] {logging_mixin.py:154} INFO - [2023-12-05T18:07:42.122+0000] {dag.py:2941} INFO - Sync 1 DAGs
[2023-12-05T18:07:42.143+0000] {logging_mixin.py:154} INFO - [2023-12-05T18:07:42.142+0000] {dag.py:3722} INFO - Setting next_dagrun for example_complex to None, run_after=None
[2023-12-05T18:07:42.173+0000] {processor.py:179} INFO - Processing /usr/local/lib/python3.10/dist-packages/airflow/example_dags/example_complex.py took 0.100 seconds
[2023-12-05T18:08:26.112+0000] {processor.py:157} INFO - Started process (PID=13197) to work on /usr/local/lib/python3.10/dist-packages/airflow/example_dags/example_complex.py
[2023-12-05T18:08:26.120+0000] {processor.py:829} INFO - Processing file /usr/local/lib/python3.10/dist-packages/airflow/example_dags/example_complex.py for tasks to queue
[2023-12-05T18:08:26.122+0000] {logging_mixin.py:154} INFO - [2023-12-05T18:08:26.121+0000] {dagbag.py:536} INFO - Filling up the DagBag from /usr/local/lib/python3.10/dist-packages/airflow/example_dags/example_complex.py
[2023-12-05T18:08:26.154+0000] {processor.py:839} INFO - DAG(s) dict_keys(['example_complex']) retrieved from /usr/local/lib/python3.10/dist-packages/airflow/example_dags/example_complex.py
[2023-12-05T18:08:26.213+0000] {logging_mixin.py:154} INFO - [2023-12-05T18:08:26.213+0000] {dag.py:2941} INFO - Sync 1 DAGs
[2023-12-05T18:08:26.229+0000] {logging_mixin.py:154} INFO - [2023-12-05T18:08:26.229+0000] {dag.py:3722} INFO - Setting next_dagrun for example_complex to None, run_after=None
[2023-12-05T18:08:26.254+0000] {processor.py:179} INFO - Processing /usr/local/lib/python3.10/dist-packages/airflow/example_dags/example_complex.py took 0.147 seconds
[2023-12-05T18:09:17.010+0000] {processor.py:157} INFO - Started process (PID=13621) to work on /usr/local/lib/python3.10/dist-packages/airflow/example_dags/example_complex.py
[2023-12-05T18:09:17.021+0000] {processor.py:829} INFO - Processing file /usr/local/lib/python3.10/dist-packages/airflow/example_dags/example_complex.py for tasks to queue
[2023-12-05T18:09:17.026+0000] {logging_mixin.py:154} INFO - [2023-12-05T18:09:17.023+0000] {dagbag.py:536} INFO - Filling up the DagBag from /usr/local/lib/python3.10/dist-packages/airflow/example_dags/example_complex.py
[2023-12-05T18:09:17.052+0000] {processor.py:839} INFO - DAG(s) dict_keys(['example_complex']) retrieved from /usr/local/lib/python3.10/dist-packages/airflow/example_dags/example_complex.py
[2023-12-05T18:09:17.102+0000] {logging_mixin.py:154} INFO - [2023-12-05T18:09:17.098+0000] {dag.py:2941} INFO - Sync 1 DAGs
[2023-12-05T18:09:17.121+0000] {logging_mixin.py:154} INFO - [2023-12-05T18:09:17.121+0000] {dag.py:3722} INFO - Setting next_dagrun for example_complex to None, run_after=None
[2023-12-05T18:09:17.150+0000] {processor.py:179} INFO - Processing /usr/local/lib/python3.10/dist-packages/airflow/example_dags/example_complex.py took 0.148 seconds
[2023-12-05T18:10:06.318+0000] {processor.py:157} INFO - Started process (PID=13731) to work on /usr/local/lib/python3.10/dist-packages/airflow/example_dags/example_complex.py
[2023-12-05T18:10:06.320+0000] {processor.py:829} INFO - Processing file /usr/local/lib/python3.10/dist-packages/airflow/example_dags/example_complex.py for tasks to queue
[2023-12-05T18:10:06.321+0000] {logging_mixin.py:154} INFO - [2023-12-05T18:10:06.320+0000] {dagbag.py:536} INFO - Filling up the DagBag from /usr/local/lib/python3.10/dist-packages/airflow/example_dags/example_complex.py
[2023-12-05T18:10:06.337+0000] {processor.py:839} INFO - DAG(s) dict_keys(['example_complex']) retrieved from /usr/local/lib/python3.10/dist-packages/airflow/example_dags/example_complex.py
[2023-12-05T18:10:06.370+0000] {logging_mixin.py:154} INFO - [2023-12-05T18:10:06.370+0000] {dag.py:2941} INFO - Sync 1 DAGs
[2023-12-05T18:10:06.402+0000] {logging_mixin.py:154} INFO - [2023-12-05T18:10:06.402+0000] {dag.py:3722} INFO - Setting next_dagrun for example_complex to None, run_after=None
[2023-12-05T18:10:06.443+0000] {processor.py:179} INFO - Processing /usr/local/lib/python3.10/dist-packages/airflow/example_dags/example_complex.py took 0.131 seconds
