[2023-12-05T17:44:57.292+0000] {processor.py:157} INFO - Started process (PID=8847) to work on /usr/local/lib/python3.10/dist-packages/airflow/example_dags/example_subdag_operator.py
[2023-12-05T17:44:57.293+0000] {processor.py:829} INFO - Processing file /usr/local/lib/python3.10/dist-packages/airflow/example_dags/example_subdag_operator.py for tasks to queue
[2023-12-05T17:44:57.295+0000] {logging_mixin.py:154} INFO - [2023-12-05T17:44:57.294+0000] {dagbag.py:536} INFO - Filling up the DagBag from /usr/local/lib/python3.10/dist-packages/airflow/example_dags/example_subdag_operator.py
[2023-12-05T17:44:57.319+0000] {processor.py:839} INFO - DAG(s) dict_keys(['example_subdag_operator.section-1', 'example_subdag_operator.section-2', 'example_subdag_operator']) retrieved from /usr/local/lib/python3.10/dist-packages/airflow/example_dags/example_subdag_operator.py
[2023-12-05T17:44:57.438+0000] {logging_mixin.py:154} INFO - [2023-12-05T17:44:57.438+0000] {manager.py:499} INFO - Created Permission View: %s
[2023-12-05T17:44:57.452+0000] {logging_mixin.py:154} INFO - [2023-12-05T17:44:57.451+0000] {manager.py:499} INFO - Created Permission View: %s
[2023-12-05T17:44:57.464+0000] {logging_mixin.py:154} INFO - [2023-12-05T17:44:57.464+0000] {manager.py:499} INFO - Created Permission View: %s
[2023-12-05T17:44:57.464+0000] {logging_mixin.py:154} INFO - [2023-12-05T17:44:57.464+0000] {dag.py:2941} INFO - Sync 3 DAGs
[2023-12-05T17:44:57.476+0000] {logging_mixin.py:154} INFO - [2023-12-05T17:44:57.476+0000] {dag.py:2963} INFO - Creating ORM DAG for example_subdag_operator.section-2
[2023-12-05T17:44:57.477+0000] {logging_mixin.py:154} INFO - [2023-12-05T17:44:57.477+0000] {dag.py:2963} INFO - Creating ORM DAG for example_subdag_operator.section-1
[2023-12-05T17:44:57.477+0000] {logging_mixin.py:154} INFO - [2023-12-05T17:44:57.477+0000] {dag.py:2963} INFO - Creating ORM DAG for example_subdag_operator
[2023-12-05T17:44:57.510+0000] {logging_mixin.py:154} INFO - [2023-12-05T17:44:57.510+0000] {dag.py:3722} INFO - Setting next_dagrun for example_subdag_operator to 2022-01-01T00:00:00+00:00, run_after=2022-01-01T00:00:00+00:00
[2023-12-05T17:44:57.516+0000] {logging_mixin.py:154} INFO - [2023-12-05T17:44:57.515+0000] {dag.py:3722} INFO - Setting next_dagrun for example_subdag_operator.section-1 to None, run_after=None
[2023-12-05T17:44:57.516+0000] {logging_mixin.py:154} INFO - [2023-12-05T17:44:57.516+0000] {dag.py:3722} INFO - Setting next_dagrun for example_subdag_operator.section-2 to None, run_after=None
[2023-12-05T17:44:57.529+0000] {logging_mixin.py:154} INFO - [2023-12-05T17:44:57.528+0000] {dag.py:2941} INFO - Sync 2 DAGs
[2023-12-05T17:44:57.536+0000] {logging_mixin.py:154} INFO - [2023-12-05T17:44:57.536+0000] {dag.py:3722} INFO - Setting next_dagrun for example_subdag_operator.section-1 to None, run_after=None
[2023-12-05T17:44:57.540+0000] {logging_mixin.py:154} INFO - [2023-12-05T17:44:57.540+0000] {dag.py:3722} INFO - Setting next_dagrun for example_subdag_operator.section-2 to None, run_after=None
[2023-12-05T17:44:57.569+0000] {processor.py:179} INFO - Processing /usr/local/lib/python3.10/dist-packages/airflow/example_dags/example_subdag_operator.py took 0.280 seconds
[2023-12-05T17:46:11.025+0000] {processor.py:157} INFO - Started process (PID=9184) to work on /usr/local/lib/python3.10/dist-packages/airflow/example_dags/example_subdag_operator.py
[2023-12-05T17:46:11.026+0000] {processor.py:829} INFO - Processing file /usr/local/lib/python3.10/dist-packages/airflow/example_dags/example_subdag_operator.py for tasks to queue
[2023-12-05T17:46:11.028+0000] {logging_mixin.py:154} INFO - [2023-12-05T17:46:11.027+0000] {dagbag.py:536} INFO - Filling up the DagBag from /usr/local/lib/python3.10/dist-packages/airflow/example_dags/example_subdag_operator.py
[2023-12-05T17:46:11.050+0000] {processor.py:839} INFO - DAG(s) dict_keys(['example_subdag_operator.section-1', 'example_subdag_operator.section-2', 'example_subdag_operator']) retrieved from /usr/local/lib/python3.10/dist-packages/airflow/example_dags/example_subdag_operator.py
[2023-12-05T17:46:11.055+0000] {logging_mixin.py:154} INFO - [2023-12-05T17:46:11.054+0000] {dag.py:2941} INFO - Sync 3 DAGs
[2023-12-05T17:46:11.076+0000] {logging_mixin.py:154} INFO - [2023-12-05T17:46:11.076+0000] {dag.py:3722} INFO - Setting next_dagrun for example_subdag_operator to 2022-01-01T00:00:00+00:00, run_after=2022-01-01T00:00:00+00:00
[2023-12-05T17:46:11.080+0000] {logging_mixin.py:154} INFO - [2023-12-05T17:46:11.080+0000] {dag.py:3722} INFO - Setting next_dagrun for example_subdag_operator.section-1 to None, run_after=None
[2023-12-05T17:46:11.082+0000] {logging_mixin.py:154} INFO - [2023-12-05T17:46:11.081+0000] {dag.py:3722} INFO - Setting next_dagrun for example_subdag_operator.section-2 to None, run_after=None
[2023-12-05T17:46:11.088+0000] {logging_mixin.py:154} INFO - [2023-12-05T17:46:11.088+0000] {dag.py:2941} INFO - Sync 2 DAGs
[2023-12-05T17:46:11.095+0000] {logging_mixin.py:154} INFO - [2023-12-05T17:46:11.095+0000] {dag.py:3722} INFO - Setting next_dagrun for example_subdag_operator.section-1 to None, run_after=None
[2023-12-05T17:46:11.095+0000] {logging_mixin.py:154} INFO - [2023-12-05T17:46:11.095+0000] {dag.py:3722} INFO - Setting next_dagrun for example_subdag_operator.section-2 to None, run_after=None
[2023-12-05T17:46:11.117+0000] {processor.py:179} INFO - Processing /usr/local/lib/python3.10/dist-packages/airflow/example_dags/example_subdag_operator.py took 0.097 seconds
[2023-12-05T17:47:00.545+0000] {processor.py:157} INFO - Started process (PID=9295) to work on /usr/local/lib/python3.10/dist-packages/airflow/example_dags/example_subdag_operator.py
[2023-12-05T17:47:00.549+0000] {processor.py:829} INFO - Processing file /usr/local/lib/python3.10/dist-packages/airflow/example_dags/example_subdag_operator.py for tasks to queue
[2023-12-05T17:47:00.549+0000] {logging_mixin.py:154} INFO - [2023-12-05T17:47:00.549+0000] {dagbag.py:536} INFO - Filling up the DagBag from /usr/local/lib/python3.10/dist-packages/airflow/example_dags/example_subdag_operator.py
[2023-12-05T17:47:00.607+0000] {processor.py:839} INFO - DAG(s) dict_keys(['example_subdag_operator.section-1', 'example_subdag_operator.section-2', 'example_subdag_operator']) retrieved from /usr/local/lib/python3.10/dist-packages/airflow/example_dags/example_subdag_operator.py
[2023-12-05T17:47:00.643+0000] {logging_mixin.py:154} INFO - [2023-12-05T17:47:00.643+0000] {dag.py:2941} INFO - Sync 3 DAGs
[2023-12-05T17:47:00.684+0000] {logging_mixin.py:154} INFO - [2023-12-05T17:47:00.684+0000] {dag.py:3722} INFO - Setting next_dagrun for example_subdag_operator to 2022-01-01T00:00:00+00:00, run_after=2022-01-01T00:00:00+00:00
[2023-12-05T17:47:00.689+0000] {logging_mixin.py:154} INFO - [2023-12-05T17:47:00.689+0000] {dag.py:3722} INFO - Setting next_dagrun for example_subdag_operator.section-1 to None, run_after=None
[2023-12-05T17:47:00.691+0000] {logging_mixin.py:154} INFO - [2023-12-05T17:47:00.691+0000] {dag.py:3722} INFO - Setting next_dagrun for example_subdag_operator.section-2 to None, run_after=None
[2023-12-05T17:47:00.705+0000] {logging_mixin.py:154} INFO - [2023-12-05T17:47:00.704+0000] {dag.py:2941} INFO - Sync 2 DAGs
[2023-12-05T17:47:00.720+0000] {logging_mixin.py:154} INFO - [2023-12-05T17:47:00.720+0000] {dag.py:3722} INFO - Setting next_dagrun for example_subdag_operator.section-1 to None, run_after=None
[2023-12-05T17:47:00.721+0000] {logging_mixin.py:154} INFO - [2023-12-05T17:47:00.720+0000] {dag.py:3722} INFO - Setting next_dagrun for example_subdag_operator.section-2 to None, run_after=None
[2023-12-05T17:47:00.737+0000] {processor.py:179} INFO - Processing /usr/local/lib/python3.10/dist-packages/airflow/example_dags/example_subdag_operator.py took 0.200 seconds
[2023-12-05T17:47:38.078+0000] {processor.py:157} INFO - Started process (PID=9396) to work on /usr/local/lib/python3.10/dist-packages/airflow/example_dags/example_subdag_operator.py
[2023-12-05T17:47:38.080+0000] {processor.py:829} INFO - Processing file /usr/local/lib/python3.10/dist-packages/airflow/example_dags/example_subdag_operator.py for tasks to queue
[2023-12-05T17:47:38.081+0000] {logging_mixin.py:154} INFO - [2023-12-05T17:47:38.081+0000] {dagbag.py:536} INFO - Filling up the DagBag from /usr/local/lib/python3.10/dist-packages/airflow/example_dags/example_subdag_operator.py
[2023-12-05T17:47:38.108+0000] {processor.py:839} INFO - DAG(s) dict_keys(['example_subdag_operator.section-1', 'example_subdag_operator.section-2', 'example_subdag_operator']) retrieved from /usr/local/lib/python3.10/dist-packages/airflow/example_dags/example_subdag_operator.py
[2023-12-05T17:47:38.151+0000] {logging_mixin.py:154} INFO - [2023-12-05T17:47:38.150+0000] {dag.py:2941} INFO - Sync 3 DAGs
[2023-12-05T17:47:38.192+0000] {logging_mixin.py:154} INFO - [2023-12-05T17:47:38.192+0000] {dag.py:3722} INFO - Setting next_dagrun for example_subdag_operator to 2022-01-01T00:00:00+00:00, run_after=2022-01-01T00:00:00+00:00
[2023-12-05T17:47:38.201+0000] {logging_mixin.py:154} INFO - [2023-12-05T17:47:38.201+0000] {dag.py:3722} INFO - Setting next_dagrun for example_subdag_operator.section-1 to None, run_after=None
[2023-12-05T17:47:38.203+0000] {logging_mixin.py:154} INFO - [2023-12-05T17:47:38.203+0000] {dag.py:3722} INFO - Setting next_dagrun for example_subdag_operator.section-2 to None, run_after=None
[2023-12-05T17:47:38.213+0000] {logging_mixin.py:154} INFO - [2023-12-05T17:47:38.213+0000] {dag.py:2941} INFO - Sync 2 DAGs
[2023-12-05T17:47:38.219+0000] {logging_mixin.py:154} INFO - [2023-12-05T17:47:38.218+0000] {dag.py:3722} INFO - Setting next_dagrun for example_subdag_operator.section-1 to None, run_after=None
[2023-12-05T17:47:38.219+0000] {logging_mixin.py:154} INFO - [2023-12-05T17:47:38.219+0000] {dag.py:3722} INFO - Setting next_dagrun for example_subdag_operator.section-2 to None, run_after=None
[2023-12-05T17:47:38.237+0000] {processor.py:179} INFO - Processing /usr/local/lib/python3.10/dist-packages/airflow/example_dags/example_subdag_operator.py took 0.163 seconds
[2023-12-05T17:48:26.206+0000] {processor.py:157} INFO - Started process (PID=9567) to work on /usr/local/lib/python3.10/dist-packages/airflow/example_dags/example_subdag_operator.py
[2023-12-05T17:48:26.213+0000] {processor.py:829} INFO - Processing file /usr/local/lib/python3.10/dist-packages/airflow/example_dags/example_subdag_operator.py for tasks to queue
[2023-12-05T17:48:26.216+0000] {logging_mixin.py:154} INFO - [2023-12-05T17:48:26.215+0000] {dagbag.py:536} INFO - Filling up the DagBag from /usr/local/lib/python3.10/dist-packages/airflow/example_dags/example_subdag_operator.py
[2023-12-05T17:48:26.276+0000] {processor.py:839} INFO - DAG(s) dict_keys(['example_subdag_operator.section-1', 'example_subdag_operator.section-2', 'example_subdag_operator']) retrieved from /usr/local/lib/python3.10/dist-packages/airflow/example_dags/example_subdag_operator.py
[2023-12-05T17:48:26.305+0000] {logging_mixin.py:154} INFO - [2023-12-05T17:48:26.304+0000] {dag.py:2941} INFO - Sync 3 DAGs
[2023-12-05T17:48:26.342+0000] {logging_mixin.py:154} INFO - [2023-12-05T17:48:26.342+0000] {dag.py:3722} INFO - Setting next_dagrun for example_subdag_operator to 2022-01-01T00:00:00+00:00, run_after=2022-01-01T00:00:00+00:00
[2023-12-05T17:48:26.346+0000] {logging_mixin.py:154} INFO - [2023-12-05T17:48:26.346+0000] {dag.py:3722} INFO - Setting next_dagrun for example_subdag_operator.section-1 to None, run_after=None
[2023-12-05T17:48:26.348+0000] {logging_mixin.py:154} INFO - [2023-12-05T17:48:26.348+0000] {dag.py:3722} INFO - Setting next_dagrun for example_subdag_operator.section-2 to None, run_after=None
[2023-12-05T17:48:26.356+0000] {logging_mixin.py:154} INFO - [2023-12-05T17:48:26.356+0000] {dag.py:2941} INFO - Sync 2 DAGs
[2023-12-05T17:48:26.365+0000] {logging_mixin.py:154} INFO - [2023-12-05T17:48:26.365+0000] {dag.py:3722} INFO - Setting next_dagrun for example_subdag_operator.section-1 to None, run_after=None
[2023-12-05T17:48:26.365+0000] {logging_mixin.py:154} INFO - [2023-12-05T17:48:26.365+0000] {dag.py:3722} INFO - Setting next_dagrun for example_subdag_operator.section-2 to None, run_after=None
[2023-12-05T17:48:26.413+0000] {processor.py:179} INFO - Processing /usr/local/lib/python3.10/dist-packages/airflow/example_dags/example_subdag_operator.py took 0.211 seconds
[2023-12-05T17:49:03.780+0000] {processor.py:157} INFO - Started process (PID=9606) to work on /usr/local/lib/python3.10/dist-packages/airflow/example_dags/example_subdag_operator.py
[2023-12-05T17:49:03.781+0000] {processor.py:829} INFO - Processing file /usr/local/lib/python3.10/dist-packages/airflow/example_dags/example_subdag_operator.py for tasks to queue
[2023-12-05T17:49:03.782+0000] {logging_mixin.py:154} INFO - [2023-12-05T17:49:03.782+0000] {dagbag.py:536} INFO - Filling up the DagBag from /usr/local/lib/python3.10/dist-packages/airflow/example_dags/example_subdag_operator.py
[2023-12-05T17:49:03.804+0000] {processor.py:839} INFO - DAG(s) dict_keys(['example_subdag_operator.section-1', 'example_subdag_operator.section-2', 'example_subdag_operator']) retrieved from /usr/local/lib/python3.10/dist-packages/airflow/example_dags/example_subdag_operator.py
[2023-12-05T17:49:03.818+0000] {logging_mixin.py:154} INFO - [2023-12-05T17:49:03.818+0000] {dag.py:2941} INFO - Sync 3 DAGs
[2023-12-05T17:49:03.837+0000] {logging_mixin.py:154} INFO - [2023-12-05T17:49:03.837+0000] {dag.py:3722} INFO - Setting next_dagrun for example_subdag_operator to 2022-01-01T00:00:00+00:00, run_after=2022-01-01T00:00:00+00:00
[2023-12-05T17:49:03.841+0000] {logging_mixin.py:154} INFO - [2023-12-05T17:49:03.841+0000] {dag.py:3722} INFO - Setting next_dagrun for example_subdag_operator.section-1 to None, run_after=None
[2023-12-05T17:49:03.842+0000] {logging_mixin.py:154} INFO - [2023-12-05T17:49:03.842+0000] {dag.py:3722} INFO - Setting next_dagrun for example_subdag_operator.section-2 to None, run_after=None
[2023-12-05T17:49:03.849+0000] {logging_mixin.py:154} INFO - [2023-12-05T17:49:03.849+0000] {dag.py:2941} INFO - Sync 2 DAGs
[2023-12-05T17:49:03.855+0000] {logging_mixin.py:154} INFO - [2023-12-05T17:49:03.855+0000] {dag.py:3722} INFO - Setting next_dagrun for example_subdag_operator.section-1 to None, run_after=None
[2023-12-05T17:49:03.855+0000] {logging_mixin.py:154} INFO - [2023-12-05T17:49:03.855+0000] {dag.py:3722} INFO - Setting next_dagrun for example_subdag_operator.section-2 to None, run_after=None
[2023-12-05T17:49:03.873+0000] {processor.py:179} INFO - Processing /usr/local/lib/python3.10/dist-packages/airflow/example_dags/example_subdag_operator.py took 0.097 seconds
[2023-12-05T17:49:37.953+0000] {processor.py:157} INFO - Started process (PID=9704) to work on /usr/local/lib/python3.10/dist-packages/airflow/example_dags/example_subdag_operator.py
[2023-12-05T17:49:37.955+0000] {processor.py:829} INFO - Processing file /usr/local/lib/python3.10/dist-packages/airflow/example_dags/example_subdag_operator.py for tasks to queue
[2023-12-05T17:49:37.955+0000] {logging_mixin.py:154} INFO - [2023-12-05T17:49:37.955+0000] {dagbag.py:536} INFO - Filling up the DagBag from /usr/local/lib/python3.10/dist-packages/airflow/example_dags/example_subdag_operator.py
[2023-12-05T17:49:37.978+0000] {processor.py:839} INFO - DAG(s) dict_keys(['example_subdag_operator.section-1', 'example_subdag_operator.section-2', 'example_subdag_operator']) retrieved from /usr/local/lib/python3.10/dist-packages/airflow/example_dags/example_subdag_operator.py
[2023-12-05T17:49:37.993+0000] {logging_mixin.py:154} INFO - [2023-12-05T17:49:37.993+0000] {dag.py:2941} INFO - Sync 3 DAGs
[2023-12-05T17:49:38.013+0000] {logging_mixin.py:154} INFO - [2023-12-05T17:49:38.013+0000] {dag.py:3722} INFO - Setting next_dagrun for example_subdag_operator to 2022-01-01T00:00:00+00:00, run_after=2022-01-01T00:00:00+00:00
[2023-12-05T17:49:38.016+0000] {logging_mixin.py:154} INFO - [2023-12-05T17:49:38.016+0000] {dag.py:3722} INFO - Setting next_dagrun for example_subdag_operator.section-1 to None, run_after=None
[2023-12-05T17:49:38.017+0000] {logging_mixin.py:154} INFO - [2023-12-05T17:49:38.017+0000] {dag.py:3722} INFO - Setting next_dagrun for example_subdag_operator.section-2 to None, run_after=None
[2023-12-05T17:49:38.023+0000] {logging_mixin.py:154} INFO - [2023-12-05T17:49:38.023+0000] {dag.py:2941} INFO - Sync 2 DAGs
[2023-12-05T17:49:38.028+0000] {logging_mixin.py:154} INFO - [2023-12-05T17:49:38.027+0000] {dag.py:3722} INFO - Setting next_dagrun for example_subdag_operator.section-1 to None, run_after=None
[2023-12-05T17:49:38.028+0000] {logging_mixin.py:154} INFO - [2023-12-05T17:49:38.028+0000] {dag.py:3722} INFO - Setting next_dagrun for example_subdag_operator.section-2 to None, run_after=None
[2023-12-05T17:49:38.044+0000] {processor.py:179} INFO - Processing /usr/local/lib/python3.10/dist-packages/airflow/example_dags/example_subdag_operator.py took 0.095 seconds
[2023-12-05T17:50:14.268+0000] {processor.py:157} INFO - Started process (PID=9807) to work on /usr/local/lib/python3.10/dist-packages/airflow/example_dags/example_subdag_operator.py
[2023-12-05T17:50:14.269+0000] {processor.py:829} INFO - Processing file /usr/local/lib/python3.10/dist-packages/airflow/example_dags/example_subdag_operator.py for tasks to queue
[2023-12-05T17:50:14.270+0000] {logging_mixin.py:154} INFO - [2023-12-05T17:50:14.270+0000] {dagbag.py:536} INFO - Filling up the DagBag from /usr/local/lib/python3.10/dist-packages/airflow/example_dags/example_subdag_operator.py
[2023-12-05T17:50:14.299+0000] {processor.py:839} INFO - DAG(s) dict_keys(['example_subdag_operator.section-1', 'example_subdag_operator.section-2', 'example_subdag_operator']) retrieved from /usr/local/lib/python3.10/dist-packages/airflow/example_dags/example_subdag_operator.py
[2023-12-05T17:50:14.315+0000] {logging_mixin.py:154} INFO - [2023-12-05T17:50:14.315+0000] {dag.py:2941} INFO - Sync 3 DAGs
[2023-12-05T17:50:14.334+0000] {logging_mixin.py:154} INFO - [2023-12-05T17:50:14.334+0000] {dag.py:3722} INFO - Setting next_dagrun for example_subdag_operator to 2022-01-01T00:00:00+00:00, run_after=2022-01-01T00:00:00+00:00
[2023-12-05T17:50:14.337+0000] {logging_mixin.py:154} INFO - [2023-12-05T17:50:14.337+0000] {dag.py:3722} INFO - Setting next_dagrun for example_subdag_operator.section-1 to None, run_after=None
[2023-12-05T17:50:14.338+0000] {logging_mixin.py:154} INFO - [2023-12-05T17:50:14.338+0000] {dag.py:3722} INFO - Setting next_dagrun for example_subdag_operator.section-2 to None, run_after=None
[2023-12-05T17:50:14.344+0000] {logging_mixin.py:154} INFO - [2023-12-05T17:50:14.343+0000] {dag.py:2941} INFO - Sync 2 DAGs
[2023-12-05T17:50:14.348+0000] {logging_mixin.py:154} INFO - [2023-12-05T17:50:14.348+0000] {dag.py:3722} INFO - Setting next_dagrun for example_subdag_operator.section-1 to None, run_after=None
[2023-12-05T17:50:14.349+0000] {logging_mixin.py:154} INFO - [2023-12-05T17:50:14.349+0000] {dag.py:3722} INFO - Setting next_dagrun for example_subdag_operator.section-2 to None, run_after=None
[2023-12-05T17:50:14.365+0000] {processor.py:179} INFO - Processing /usr/local/lib/python3.10/dist-packages/airflow/example_dags/example_subdag_operator.py took 0.102 seconds
[2023-12-05T17:50:49.173+0000] {processor.py:157} INFO - Started process (PID=9846) to work on /usr/local/lib/python3.10/dist-packages/airflow/example_dags/example_subdag_operator.py
[2023-12-05T17:50:49.174+0000] {processor.py:829} INFO - Processing file /usr/local/lib/python3.10/dist-packages/airflow/example_dags/example_subdag_operator.py for tasks to queue
[2023-12-05T17:50:49.175+0000] {logging_mixin.py:154} INFO - [2023-12-05T17:50:49.175+0000] {dagbag.py:536} INFO - Filling up the DagBag from /usr/local/lib/python3.10/dist-packages/airflow/example_dags/example_subdag_operator.py
[2023-12-05T17:50:49.197+0000] {processor.py:839} INFO - DAG(s) dict_keys(['example_subdag_operator.section-1', 'example_subdag_operator.section-2', 'example_subdag_operator']) retrieved from /usr/local/lib/python3.10/dist-packages/airflow/example_dags/example_subdag_operator.py
[2023-12-05T17:50:49.214+0000] {logging_mixin.py:154} INFO - [2023-12-05T17:50:49.214+0000] {dag.py:2941} INFO - Sync 3 DAGs
[2023-12-05T17:50:49.239+0000] {logging_mixin.py:154} INFO - [2023-12-05T17:50:49.239+0000] {dag.py:3722} INFO - Setting next_dagrun for example_subdag_operator to 2022-01-01T00:00:00+00:00, run_after=2022-01-01T00:00:00+00:00
[2023-12-05T17:50:49.242+0000] {logging_mixin.py:154} INFO - [2023-12-05T17:50:49.242+0000] {dag.py:3722} INFO - Setting next_dagrun for example_subdag_operator.section-1 to None, run_after=None
[2023-12-05T17:50:49.243+0000] {logging_mixin.py:154} INFO - [2023-12-05T17:50:49.243+0000] {dag.py:3722} INFO - Setting next_dagrun for example_subdag_operator.section-2 to None, run_after=None
[2023-12-05T17:50:49.250+0000] {logging_mixin.py:154} INFO - [2023-12-05T17:50:49.249+0000] {dag.py:2941} INFO - Sync 2 DAGs
[2023-12-05T17:50:49.255+0000] {logging_mixin.py:154} INFO - [2023-12-05T17:50:49.254+0000] {dag.py:3722} INFO - Setting next_dagrun for example_subdag_operator.section-1 to None, run_after=None
[2023-12-05T17:50:49.255+0000] {logging_mixin.py:154} INFO - [2023-12-05T17:50:49.255+0000] {dag.py:3722} INFO - Setting next_dagrun for example_subdag_operator.section-2 to None, run_after=None
[2023-12-05T17:50:49.272+0000] {processor.py:179} INFO - Processing /usr/local/lib/python3.10/dist-packages/airflow/example_dags/example_subdag_operator.py took 0.103 seconds
[2023-12-05T17:51:25.837+0000] {processor.py:157} INFO - Started process (PID=10005) to work on /usr/local/lib/python3.10/dist-packages/airflow/example_dags/example_subdag_operator.py
[2023-12-05T17:51:25.839+0000] {processor.py:829} INFO - Processing file /usr/local/lib/python3.10/dist-packages/airflow/example_dags/example_subdag_operator.py for tasks to queue
[2023-12-05T17:51:25.840+0000] {logging_mixin.py:154} INFO - [2023-12-05T17:51:25.839+0000] {dagbag.py:536} INFO - Filling up the DagBag from /usr/local/lib/python3.10/dist-packages/airflow/example_dags/example_subdag_operator.py
[2023-12-05T17:51:25.863+0000] {processor.py:839} INFO - DAG(s) dict_keys(['example_subdag_operator.section-1', 'example_subdag_operator.section-2', 'example_subdag_operator']) retrieved from /usr/local/lib/python3.10/dist-packages/airflow/example_dags/example_subdag_operator.py
[2023-12-05T17:51:25.882+0000] {logging_mixin.py:154} INFO - [2023-12-05T17:51:25.881+0000] {dag.py:2941} INFO - Sync 3 DAGs
[2023-12-05T17:51:25.903+0000] {logging_mixin.py:154} INFO - [2023-12-05T17:51:25.903+0000] {dag.py:3722} INFO - Setting next_dagrun for example_subdag_operator to 2022-01-01T00:00:00+00:00, run_after=2022-01-01T00:00:00+00:00
[2023-12-05T17:51:25.906+0000] {logging_mixin.py:154} INFO - [2023-12-05T17:51:25.906+0000] {dag.py:3722} INFO - Setting next_dagrun for example_subdag_operator.section-1 to None, run_after=None
[2023-12-05T17:51:25.908+0000] {logging_mixin.py:154} INFO - [2023-12-05T17:51:25.907+0000] {dag.py:3722} INFO - Setting next_dagrun for example_subdag_operator.section-2 to None, run_after=None
[2023-12-05T17:51:25.918+0000] {logging_mixin.py:154} INFO - [2023-12-05T17:51:25.918+0000] {dag.py:2941} INFO - Sync 2 DAGs
[2023-12-05T17:51:25.924+0000] {logging_mixin.py:154} INFO - [2023-12-05T17:51:25.924+0000] {dag.py:3722} INFO - Setting next_dagrun for example_subdag_operator.section-1 to None, run_after=None
[2023-12-05T17:51:25.925+0000] {logging_mixin.py:154} INFO - [2023-12-05T17:51:25.924+0000] {dag.py:3722} INFO - Setting next_dagrun for example_subdag_operator.section-2 to None, run_after=None
[2023-12-05T17:51:25.943+0000] {processor.py:179} INFO - Processing /usr/local/lib/python3.10/dist-packages/airflow/example_dags/example_subdag_operator.py took 0.113 seconds
[2023-12-05T17:52:02.076+0000] {processor.py:157} INFO - Started process (PID=10046) to work on /usr/local/lib/python3.10/dist-packages/airflow/example_dags/example_subdag_operator.py
[2023-12-05T17:52:02.078+0000] {processor.py:829} INFO - Processing file /usr/local/lib/python3.10/dist-packages/airflow/example_dags/example_subdag_operator.py for tasks to queue
[2023-12-05T17:52:02.079+0000] {logging_mixin.py:154} INFO - [2023-12-05T17:52:02.079+0000] {dagbag.py:536} INFO - Filling up the DagBag from /usr/local/lib/python3.10/dist-packages/airflow/example_dags/example_subdag_operator.py
[2023-12-05T17:52:02.111+0000] {processor.py:839} INFO - DAG(s) dict_keys(['example_subdag_operator.section-1', 'example_subdag_operator.section-2', 'example_subdag_operator']) retrieved from /usr/local/lib/python3.10/dist-packages/airflow/example_dags/example_subdag_operator.py
[2023-12-05T17:52:02.132+0000] {logging_mixin.py:154} INFO - [2023-12-05T17:52:02.131+0000] {dag.py:2941} INFO - Sync 3 DAGs
[2023-12-05T17:52:02.165+0000] {logging_mixin.py:154} INFO - [2023-12-05T17:52:02.164+0000] {dag.py:3722} INFO - Setting next_dagrun for example_subdag_operator to 2022-01-01T00:00:00+00:00, run_after=2022-01-01T00:00:00+00:00
[2023-12-05T17:52:02.171+0000] {logging_mixin.py:154} INFO - [2023-12-05T17:52:02.171+0000] {dag.py:3722} INFO - Setting next_dagrun for example_subdag_operator.section-1 to None, run_after=None
[2023-12-05T17:52:02.175+0000] {logging_mixin.py:154} INFO - [2023-12-05T17:52:02.174+0000] {dag.py:3722} INFO - Setting next_dagrun for example_subdag_operator.section-2 to None, run_after=None
[2023-12-05T17:52:02.190+0000] {logging_mixin.py:154} INFO - [2023-12-05T17:52:02.190+0000] {dag.py:2941} INFO - Sync 2 DAGs
[2023-12-05T17:52:02.204+0000] {logging_mixin.py:154} INFO - [2023-12-05T17:52:02.204+0000] {dag.py:3722} INFO - Setting next_dagrun for example_subdag_operator.section-1 to None, run_after=None
[2023-12-05T17:52:02.206+0000] {logging_mixin.py:154} INFO - [2023-12-05T17:52:02.205+0000] {dag.py:3722} INFO - Setting next_dagrun for example_subdag_operator.section-2 to None, run_after=None
[2023-12-05T17:52:02.231+0000] {processor.py:179} INFO - Processing /usr/local/lib/python3.10/dist-packages/airflow/example_dags/example_subdag_operator.py took 0.158 seconds
[2023-12-05T17:52:53.650+0000] {processor.py:157} INFO - Started process (PID=10165) to work on /usr/local/lib/python3.10/dist-packages/airflow/example_dags/example_subdag_operator.py
[2023-12-05T17:52:53.651+0000] {processor.py:829} INFO - Processing file /usr/local/lib/python3.10/dist-packages/airflow/example_dags/example_subdag_operator.py for tasks to queue
[2023-12-05T17:52:53.652+0000] {logging_mixin.py:154} INFO - [2023-12-05T17:52:53.651+0000] {dagbag.py:536} INFO - Filling up the DagBag from /usr/local/lib/python3.10/dist-packages/airflow/example_dags/example_subdag_operator.py
[2023-12-05T17:52:53.673+0000] {processor.py:839} INFO - DAG(s) dict_keys(['example_subdag_operator.section-1', 'example_subdag_operator.section-2', 'example_subdag_operator']) retrieved from /usr/local/lib/python3.10/dist-packages/airflow/example_dags/example_subdag_operator.py
[2023-12-05T17:52:53.687+0000] {logging_mixin.py:154} INFO - [2023-12-05T17:52:53.687+0000] {dag.py:2941} INFO - Sync 3 DAGs
[2023-12-05T17:52:53.711+0000] {logging_mixin.py:154} INFO - [2023-12-05T17:52:53.711+0000] {dag.py:3722} INFO - Setting next_dagrun for example_subdag_operator to 2022-01-01T00:00:00+00:00, run_after=2022-01-01T00:00:00+00:00
[2023-12-05T17:52:53.714+0000] {logging_mixin.py:154} INFO - [2023-12-05T17:52:53.714+0000] {dag.py:3722} INFO - Setting next_dagrun for example_subdag_operator.section-1 to None, run_after=None
[2023-12-05T17:52:53.720+0000] {logging_mixin.py:154} INFO - [2023-12-05T17:52:53.719+0000] {dag.py:3722} INFO - Setting next_dagrun for example_subdag_operator.section-2 to None, run_after=None
[2023-12-05T17:52:53.726+0000] {logging_mixin.py:154} INFO - [2023-12-05T17:52:53.726+0000] {dag.py:2941} INFO - Sync 2 DAGs
[2023-12-05T17:52:53.730+0000] {logging_mixin.py:154} INFO - [2023-12-05T17:52:53.730+0000] {dag.py:3722} INFO - Setting next_dagrun for example_subdag_operator.section-1 to None, run_after=None
[2023-12-05T17:52:53.731+0000] {logging_mixin.py:154} INFO - [2023-12-05T17:52:53.731+0000] {dag.py:3722} INFO - Setting next_dagrun for example_subdag_operator.section-2 to None, run_after=None
[2023-12-05T17:52:53.750+0000] {processor.py:179} INFO - Processing /usr/local/lib/python3.10/dist-packages/airflow/example_dags/example_subdag_operator.py took 0.103 seconds
[2023-12-05T17:53:28.745+0000] {processor.py:157} INFO - Started process (PID=10327) to work on /usr/local/lib/python3.10/dist-packages/airflow/example_dags/example_subdag_operator.py
[2023-12-05T17:53:28.747+0000] {processor.py:829} INFO - Processing file /usr/local/lib/python3.10/dist-packages/airflow/example_dags/example_subdag_operator.py for tasks to queue
[2023-12-05T17:53:28.749+0000] {logging_mixin.py:154} INFO - [2023-12-05T17:53:28.749+0000] {dagbag.py:536} INFO - Filling up the DagBag from /usr/local/lib/python3.10/dist-packages/airflow/example_dags/example_subdag_operator.py
[2023-12-05T17:53:28.784+0000] {processor.py:839} INFO - DAG(s) dict_keys(['example_subdag_operator.section-1', 'example_subdag_operator.section-2', 'example_subdag_operator']) retrieved from /usr/local/lib/python3.10/dist-packages/airflow/example_dags/example_subdag_operator.py
[2023-12-05T17:53:28.808+0000] {logging_mixin.py:154} INFO - [2023-12-05T17:53:28.807+0000] {dag.py:2941} INFO - Sync 3 DAGs
[2023-12-05T17:53:28.845+0000] {logging_mixin.py:154} INFO - [2023-12-05T17:53:28.845+0000] {dag.py:3722} INFO - Setting next_dagrun for example_subdag_operator to 2022-01-01T00:00:00+00:00, run_after=2022-01-01T00:00:00+00:00
[2023-12-05T17:53:28.851+0000] {logging_mixin.py:154} INFO - [2023-12-05T17:53:28.851+0000] {dag.py:3722} INFO - Setting next_dagrun for example_subdag_operator.section-1 to None, run_after=None
[2023-12-05T17:53:28.852+0000] {logging_mixin.py:154} INFO - [2023-12-05T17:53:28.852+0000] {dag.py:3722} INFO - Setting next_dagrun for example_subdag_operator.section-2 to None, run_after=None
[2023-12-05T17:53:28.860+0000] {logging_mixin.py:154} INFO - [2023-12-05T17:53:28.860+0000] {dag.py:2941} INFO - Sync 2 DAGs
[2023-12-05T17:53:28.866+0000] {logging_mixin.py:154} INFO - [2023-12-05T17:53:28.866+0000] {dag.py:3722} INFO - Setting next_dagrun for example_subdag_operator.section-1 to None, run_after=None
[2023-12-05T17:53:28.867+0000] {logging_mixin.py:154} INFO - [2023-12-05T17:53:28.867+0000] {dag.py:3722} INFO - Setting next_dagrun for example_subdag_operator.section-2 to None, run_after=None
[2023-12-05T17:53:28.886+0000] {processor.py:179} INFO - Processing /usr/local/lib/python3.10/dist-packages/airflow/example_dags/example_subdag_operator.py took 0.145 seconds
[2023-12-05T17:54:16.520+0000] {processor.py:157} INFO - Started process (PID=10441) to work on /usr/local/lib/python3.10/dist-packages/airflow/example_dags/example_subdag_operator.py
[2023-12-05T17:54:16.521+0000] {processor.py:829} INFO - Processing file /usr/local/lib/python3.10/dist-packages/airflow/example_dags/example_subdag_operator.py for tasks to queue
[2023-12-05T17:54:16.522+0000] {logging_mixin.py:154} INFO - [2023-12-05T17:54:16.522+0000] {dagbag.py:536} INFO - Filling up the DagBag from /usr/local/lib/python3.10/dist-packages/airflow/example_dags/example_subdag_operator.py
[2023-12-05T17:54:16.543+0000] {processor.py:839} INFO - DAG(s) dict_keys(['example_subdag_operator.section-1', 'example_subdag_operator.section-2', 'example_subdag_operator']) retrieved from /usr/local/lib/python3.10/dist-packages/airflow/example_dags/example_subdag_operator.py
[2023-12-05T17:54:16.561+0000] {logging_mixin.py:154} INFO - [2023-12-05T17:54:16.561+0000] {dag.py:2941} INFO - Sync 3 DAGs
[2023-12-05T17:54:16.579+0000] {logging_mixin.py:154} INFO - [2023-12-05T17:54:16.579+0000] {dag.py:3722} INFO - Setting next_dagrun for example_subdag_operator to 2022-01-01T00:00:00+00:00, run_after=2022-01-01T00:00:00+00:00
[2023-12-05T17:54:16.582+0000] {logging_mixin.py:154} INFO - [2023-12-05T17:54:16.582+0000] {dag.py:3722} INFO - Setting next_dagrun for example_subdag_operator.section-1 to None, run_after=None
[2023-12-05T17:54:16.583+0000] {logging_mixin.py:154} INFO - [2023-12-05T17:54:16.583+0000] {dag.py:3722} INFO - Setting next_dagrun for example_subdag_operator.section-2 to None, run_after=None
[2023-12-05T17:54:16.589+0000] {logging_mixin.py:154} INFO - [2023-12-05T17:54:16.589+0000] {dag.py:2941} INFO - Sync 2 DAGs
[2023-12-05T17:54:16.594+0000] {logging_mixin.py:154} INFO - [2023-12-05T17:54:16.594+0000] {dag.py:3722} INFO - Setting next_dagrun for example_subdag_operator.section-1 to None, run_after=None
[2023-12-05T17:54:16.594+0000] {logging_mixin.py:154} INFO - [2023-12-05T17:54:16.594+0000] {dag.py:3722} INFO - Setting next_dagrun for example_subdag_operator.section-2 to None, run_after=None
[2023-12-05T17:54:16.611+0000] {processor.py:179} INFO - Processing /usr/local/lib/python3.10/dist-packages/airflow/example_dags/example_subdag_operator.py took 0.094 seconds
[2023-12-05T17:54:52.626+0000] {processor.py:157} INFO - Started process (PID=10481) to work on /usr/local/lib/python3.10/dist-packages/airflow/example_dags/example_subdag_operator.py
[2023-12-05T17:54:52.628+0000] {processor.py:829} INFO - Processing file /usr/local/lib/python3.10/dist-packages/airflow/example_dags/example_subdag_operator.py for tasks to queue
[2023-12-05T17:54:52.634+0000] {logging_mixin.py:154} INFO - [2023-12-05T17:54:52.633+0000] {dagbag.py:536} INFO - Filling up the DagBag from /usr/local/lib/python3.10/dist-packages/airflow/example_dags/example_subdag_operator.py
[2023-12-05T17:54:52.672+0000] {processor.py:839} INFO - DAG(s) dict_keys(['example_subdag_operator.section-1', 'example_subdag_operator.section-2', 'example_subdag_operator']) retrieved from /usr/local/lib/python3.10/dist-packages/airflow/example_dags/example_subdag_operator.py
[2023-12-05T17:54:52.690+0000] {logging_mixin.py:154} INFO - [2023-12-05T17:54:52.689+0000] {dag.py:2941} INFO - Sync 3 DAGs
[2023-12-05T17:54:52.709+0000] {logging_mixin.py:154} INFO - [2023-12-05T17:54:52.709+0000] {dag.py:3722} INFO - Setting next_dagrun for example_subdag_operator to 2022-01-01T00:00:00+00:00, run_after=2022-01-01T00:00:00+00:00
[2023-12-05T17:54:52.713+0000] {logging_mixin.py:154} INFO - [2023-12-05T17:54:52.712+0000] {dag.py:3722} INFO - Setting next_dagrun for example_subdag_operator.section-1 to None, run_after=None
[2023-12-05T17:54:52.714+0000] {logging_mixin.py:154} INFO - [2023-12-05T17:54:52.714+0000] {dag.py:3722} INFO - Setting next_dagrun for example_subdag_operator.section-2 to None, run_after=None
[2023-12-05T17:54:52.722+0000] {logging_mixin.py:154} INFO - [2023-12-05T17:54:52.721+0000] {dag.py:2941} INFO - Sync 2 DAGs
[2023-12-05T17:54:52.726+0000] {logging_mixin.py:154} INFO - [2023-12-05T17:54:52.726+0000] {dag.py:3722} INFO - Setting next_dagrun for example_subdag_operator.section-1 to None, run_after=None
[2023-12-05T17:54:52.726+0000] {logging_mixin.py:154} INFO - [2023-12-05T17:54:52.726+0000] {dag.py:3722} INFO - Setting next_dagrun for example_subdag_operator.section-2 to None, run_after=None
[2023-12-05T17:54:52.742+0000] {processor.py:179} INFO - Processing /usr/local/lib/python3.10/dist-packages/airflow/example_dags/example_subdag_operator.py took 0.132 seconds
[2023-12-05T17:55:28.116+0000] {processor.py:157} INFO - Started process (PID=10581) to work on /usr/local/lib/python3.10/dist-packages/airflow/example_dags/example_subdag_operator.py
[2023-12-05T17:55:28.118+0000] {processor.py:829} INFO - Processing file /usr/local/lib/python3.10/dist-packages/airflow/example_dags/example_subdag_operator.py for tasks to queue
[2023-12-05T17:55:28.119+0000] {logging_mixin.py:154} INFO - [2023-12-05T17:55:28.118+0000] {dagbag.py:536} INFO - Filling up the DagBag from /usr/local/lib/python3.10/dist-packages/airflow/example_dags/example_subdag_operator.py
[2023-12-05T17:55:28.143+0000] {processor.py:839} INFO - DAG(s) dict_keys(['example_subdag_operator.section-1', 'example_subdag_operator.section-2', 'example_subdag_operator']) retrieved from /usr/local/lib/python3.10/dist-packages/airflow/example_dags/example_subdag_operator.py
[2023-12-05T17:55:28.161+0000] {logging_mixin.py:154} INFO - [2023-12-05T17:55:28.161+0000] {dag.py:2941} INFO - Sync 3 DAGs
[2023-12-05T17:55:28.185+0000] {logging_mixin.py:154} INFO - [2023-12-05T17:55:28.185+0000] {dag.py:3722} INFO - Setting next_dagrun for example_subdag_operator to 2022-01-01T00:00:00+00:00, run_after=2022-01-01T00:00:00+00:00
[2023-12-05T17:55:28.188+0000] {logging_mixin.py:154} INFO - [2023-12-05T17:55:28.188+0000] {dag.py:3722} INFO - Setting next_dagrun for example_subdag_operator.section-1 to None, run_after=None
[2023-12-05T17:55:28.190+0000] {logging_mixin.py:154} INFO - [2023-12-05T17:55:28.189+0000] {dag.py:3722} INFO - Setting next_dagrun for example_subdag_operator.section-2 to None, run_after=None
[2023-12-05T17:55:28.196+0000] {logging_mixin.py:154} INFO - [2023-12-05T17:55:28.196+0000] {dag.py:2941} INFO - Sync 2 DAGs
[2023-12-05T17:55:28.201+0000] {logging_mixin.py:154} INFO - [2023-12-05T17:55:28.201+0000] {dag.py:3722} INFO - Setting next_dagrun for example_subdag_operator.section-1 to None, run_after=None
[2023-12-05T17:55:28.201+0000] {logging_mixin.py:154} INFO - [2023-12-05T17:55:28.201+0000] {dag.py:3722} INFO - Setting next_dagrun for example_subdag_operator.section-2 to None, run_after=None
[2023-12-05T17:55:28.218+0000] {processor.py:179} INFO - Processing /usr/local/lib/python3.10/dist-packages/airflow/example_dags/example_subdag_operator.py took 0.105 seconds
[2023-12-05T17:56:03.184+0000] {processor.py:157} INFO - Started process (PID=10621) to work on /usr/local/lib/python3.10/dist-packages/airflow/example_dags/example_subdag_operator.py
[2023-12-05T17:56:03.186+0000] {processor.py:829} INFO - Processing file /usr/local/lib/python3.10/dist-packages/airflow/example_dags/example_subdag_operator.py for tasks to queue
[2023-12-05T17:56:03.187+0000] {logging_mixin.py:154} INFO - [2023-12-05T17:56:03.186+0000] {dagbag.py:536} INFO - Filling up the DagBag from /usr/local/lib/python3.10/dist-packages/airflow/example_dags/example_subdag_operator.py
[2023-12-05T17:56:03.217+0000] {processor.py:839} INFO - DAG(s) dict_keys(['example_subdag_operator.section-1', 'example_subdag_operator.section-2', 'example_subdag_operator']) retrieved from /usr/local/lib/python3.10/dist-packages/airflow/example_dags/example_subdag_operator.py
[2023-12-05T17:56:03.239+0000] {logging_mixin.py:154} INFO - [2023-12-05T17:56:03.239+0000] {dag.py:2941} INFO - Sync 3 DAGs
[2023-12-05T17:56:03.266+0000] {logging_mixin.py:154} INFO - [2023-12-05T17:56:03.265+0000] {dag.py:3722} INFO - Setting next_dagrun for example_subdag_operator to 2022-01-01T00:00:00+00:00, run_after=2022-01-01T00:00:00+00:00
[2023-12-05T17:56:03.269+0000] {logging_mixin.py:154} INFO - [2023-12-05T17:56:03.269+0000] {dag.py:3722} INFO - Setting next_dagrun for example_subdag_operator.section-1 to None, run_after=None
[2023-12-05T17:56:03.271+0000] {logging_mixin.py:154} INFO - [2023-12-05T17:56:03.270+0000] {dag.py:3722} INFO - Setting next_dagrun for example_subdag_operator.section-2 to None, run_after=None
[2023-12-05T17:56:03.281+0000] {logging_mixin.py:154} INFO - [2023-12-05T17:56:03.280+0000] {dag.py:2941} INFO - Sync 2 DAGs
[2023-12-05T17:56:03.286+0000] {logging_mixin.py:154} INFO - [2023-12-05T17:56:03.286+0000] {dag.py:3722} INFO - Setting next_dagrun for example_subdag_operator.section-1 to None, run_after=None
[2023-12-05T17:56:03.287+0000] {logging_mixin.py:154} INFO - [2023-12-05T17:56:03.287+0000] {dag.py:3722} INFO - Setting next_dagrun for example_subdag_operator.section-2 to None, run_after=None
[2023-12-05T17:56:03.304+0000] {processor.py:179} INFO - Processing /usr/local/lib/python3.10/dist-packages/airflow/example_dags/example_subdag_operator.py took 0.125 seconds
[2023-12-05T17:56:52.136+0000] {processor.py:157} INFO - Started process (PID=10801) to work on /usr/local/lib/python3.10/dist-packages/airflow/example_dags/example_subdag_operator.py
[2023-12-05T17:56:52.141+0000] {processor.py:829} INFO - Processing file /usr/local/lib/python3.10/dist-packages/airflow/example_dags/example_subdag_operator.py for tasks to queue
[2023-12-05T17:56:52.143+0000] {logging_mixin.py:154} INFO - [2023-12-05T17:56:52.142+0000] {dagbag.py:536} INFO - Filling up the DagBag from /usr/local/lib/python3.10/dist-packages/airflow/example_dags/example_subdag_operator.py
[2023-12-05T17:56:52.203+0000] {processor.py:839} INFO - DAG(s) dict_keys(['example_subdag_operator.section-1', 'example_subdag_operator.section-2', 'example_subdag_operator']) retrieved from /usr/local/lib/python3.10/dist-packages/airflow/example_dags/example_subdag_operator.py
[2023-12-05T17:56:52.220+0000] {logging_mixin.py:154} INFO - [2023-12-05T17:56:52.220+0000] {dag.py:2941} INFO - Sync 3 DAGs
[2023-12-05T17:56:52.242+0000] {logging_mixin.py:154} INFO - [2023-12-05T17:56:52.241+0000] {dag.py:3722} INFO - Setting next_dagrun for example_subdag_operator to 2022-01-01T00:00:00+00:00, run_after=2022-01-01T00:00:00+00:00
[2023-12-05T17:56:52.245+0000] {logging_mixin.py:154} INFO - [2023-12-05T17:56:52.245+0000] {dag.py:3722} INFO - Setting next_dagrun for example_subdag_operator.section-1 to None, run_after=None
[2023-12-05T17:56:52.246+0000] {logging_mixin.py:154} INFO - [2023-12-05T17:56:52.246+0000] {dag.py:3722} INFO - Setting next_dagrun for example_subdag_operator.section-2 to None, run_after=None
[2023-12-05T17:56:52.258+0000] {logging_mixin.py:154} INFO - [2023-12-05T17:56:52.257+0000] {dag.py:2941} INFO - Sync 2 DAGs
[2023-12-05T17:56:52.267+0000] {logging_mixin.py:154} INFO - [2023-12-05T17:56:52.266+0000] {dag.py:3722} INFO - Setting next_dagrun for example_subdag_operator.section-1 to None, run_after=None
[2023-12-05T17:56:52.267+0000] {logging_mixin.py:154} INFO - [2023-12-05T17:56:52.267+0000] {dag.py:3722} INFO - Setting next_dagrun for example_subdag_operator.section-2 to None, run_after=None
[2023-12-05T17:56:52.290+0000] {processor.py:179} INFO - Processing /usr/local/lib/python3.10/dist-packages/airflow/example_dags/example_subdag_operator.py took 0.159 seconds
[2023-12-05T17:57:29.027+0000] {processor.py:157} INFO - Started process (PID=10900) to work on /usr/local/lib/python3.10/dist-packages/airflow/example_dags/example_subdag_operator.py
[2023-12-05T17:57:29.028+0000] {processor.py:829} INFO - Processing file /usr/local/lib/python3.10/dist-packages/airflow/example_dags/example_subdag_operator.py for tasks to queue
[2023-12-05T17:57:29.029+0000] {logging_mixin.py:154} INFO - [2023-12-05T17:57:29.029+0000] {dagbag.py:536} INFO - Filling up the DagBag from /usr/local/lib/python3.10/dist-packages/airflow/example_dags/example_subdag_operator.py
[2023-12-05T17:57:29.053+0000] {processor.py:839} INFO - DAG(s) dict_keys(['example_subdag_operator.section-1', 'example_subdag_operator.section-2', 'example_subdag_operator']) retrieved from /usr/local/lib/python3.10/dist-packages/airflow/example_dags/example_subdag_operator.py
[2023-12-05T17:57:29.072+0000] {logging_mixin.py:154} INFO - [2023-12-05T17:57:29.072+0000] {dag.py:2941} INFO - Sync 3 DAGs
[2023-12-05T17:57:29.098+0000] {logging_mixin.py:154} INFO - [2023-12-05T17:57:29.098+0000] {dag.py:3722} INFO - Setting next_dagrun for example_subdag_operator to 2022-01-01T00:00:00+00:00, run_after=2022-01-01T00:00:00+00:00
[2023-12-05T17:57:29.102+0000] {logging_mixin.py:154} INFO - [2023-12-05T17:57:29.102+0000] {dag.py:3722} INFO - Setting next_dagrun for example_subdag_operator.section-1 to None, run_after=None
[2023-12-05T17:57:29.103+0000] {logging_mixin.py:154} INFO - [2023-12-05T17:57:29.103+0000] {dag.py:3722} INFO - Setting next_dagrun for example_subdag_operator.section-2 to None, run_after=None
[2023-12-05T17:57:29.110+0000] {logging_mixin.py:154} INFO - [2023-12-05T17:57:29.110+0000] {dag.py:2941} INFO - Sync 2 DAGs
[2023-12-05T17:57:29.116+0000] {logging_mixin.py:154} INFO - [2023-12-05T17:57:29.116+0000] {dag.py:3722} INFO - Setting next_dagrun for example_subdag_operator.section-1 to None, run_after=None
[2023-12-05T17:57:29.117+0000] {logging_mixin.py:154} INFO - [2023-12-05T17:57:29.116+0000] {dag.py:3722} INFO - Setting next_dagrun for example_subdag_operator.section-2 to None, run_after=None
[2023-12-05T17:57:29.134+0000] {processor.py:179} INFO - Processing /usr/local/lib/python3.10/dist-packages/airflow/example_dags/example_subdag_operator.py took 0.122 seconds
[2023-12-05T17:58:07.368+0000] {processor.py:157} INFO - Started process (PID=11004) to work on /usr/local/lib/python3.10/dist-packages/airflow/example_dags/example_subdag_operator.py
[2023-12-05T17:58:07.370+0000] {processor.py:829} INFO - Processing file /usr/local/lib/python3.10/dist-packages/airflow/example_dags/example_subdag_operator.py for tasks to queue
[2023-12-05T17:58:07.372+0000] {logging_mixin.py:154} INFO - [2023-12-05T17:58:07.371+0000] {dagbag.py:536} INFO - Filling up the DagBag from /usr/local/lib/python3.10/dist-packages/airflow/example_dags/example_subdag_operator.py
[2023-12-05T17:58:07.406+0000] {processor.py:839} INFO - DAG(s) dict_keys(['example_subdag_operator.section-1', 'example_subdag_operator.section-2', 'example_subdag_operator']) retrieved from /usr/local/lib/python3.10/dist-packages/airflow/example_dags/example_subdag_operator.py
[2023-12-05T17:58:07.430+0000] {logging_mixin.py:154} INFO - [2023-12-05T17:58:07.430+0000] {dag.py:2941} INFO - Sync 3 DAGs
[2023-12-05T17:58:07.452+0000] {logging_mixin.py:154} INFO - [2023-12-05T17:58:07.451+0000] {dag.py:3722} INFO - Setting next_dagrun for example_subdag_operator to 2022-01-01T00:00:00+00:00, run_after=2022-01-01T00:00:00+00:00
[2023-12-05T17:58:07.455+0000] {logging_mixin.py:154} INFO - [2023-12-05T17:58:07.455+0000] {dag.py:3722} INFO - Setting next_dagrun for example_subdag_operator.section-1 to None, run_after=None
[2023-12-05T17:58:07.457+0000] {logging_mixin.py:154} INFO - [2023-12-05T17:58:07.457+0000] {dag.py:3722} INFO - Setting next_dagrun for example_subdag_operator.section-2 to None, run_after=None
[2023-12-05T17:58:07.470+0000] {logging_mixin.py:154} INFO - [2023-12-05T17:58:07.469+0000] {dag.py:2941} INFO - Sync 2 DAGs
[2023-12-05T17:58:07.475+0000] {logging_mixin.py:154} INFO - [2023-12-05T17:58:07.475+0000] {dag.py:3722} INFO - Setting next_dagrun for example_subdag_operator.section-1 to None, run_after=None
[2023-12-05T17:58:07.476+0000] {logging_mixin.py:154} INFO - [2023-12-05T17:58:07.476+0000] {dag.py:3722} INFO - Setting next_dagrun for example_subdag_operator.section-2 to None, run_after=None
[2023-12-05T17:58:07.496+0000] {processor.py:179} INFO - Processing /usr/local/lib/python3.10/dist-packages/airflow/example_dags/example_subdag_operator.py took 0.131 seconds
[2023-12-05T17:58:43.373+0000] {processor.py:157} INFO - Started process (PID=11050) to work on /usr/local/lib/python3.10/dist-packages/airflow/example_dags/example_subdag_operator.py
[2023-12-05T17:58:43.374+0000] {processor.py:829} INFO - Processing file /usr/local/lib/python3.10/dist-packages/airflow/example_dags/example_subdag_operator.py for tasks to queue
[2023-12-05T17:58:43.375+0000] {logging_mixin.py:154} INFO - [2023-12-05T17:58:43.375+0000] {dagbag.py:536} INFO - Filling up the DagBag from /usr/local/lib/python3.10/dist-packages/airflow/example_dags/example_subdag_operator.py
[2023-12-05T17:58:43.398+0000] {processor.py:839} INFO - DAG(s) dict_keys(['example_subdag_operator.section-1', 'example_subdag_operator.section-2', 'example_subdag_operator']) retrieved from /usr/local/lib/python3.10/dist-packages/airflow/example_dags/example_subdag_operator.py
[2023-12-05T17:58:43.413+0000] {logging_mixin.py:154} INFO - [2023-12-05T17:58:43.412+0000] {dag.py:2941} INFO - Sync 3 DAGs
[2023-12-05T17:58:43.431+0000] {logging_mixin.py:154} INFO - [2023-12-05T17:58:43.431+0000] {dag.py:3722} INFO - Setting next_dagrun for example_subdag_operator to 2022-01-01T00:00:00+00:00, run_after=2022-01-01T00:00:00+00:00
[2023-12-05T17:58:43.434+0000] {logging_mixin.py:154} INFO - [2023-12-05T17:58:43.434+0000] {dag.py:3722} INFO - Setting next_dagrun for example_subdag_operator.section-1 to None, run_after=None
[2023-12-05T17:58:43.435+0000] {logging_mixin.py:154} INFO - [2023-12-05T17:58:43.435+0000] {dag.py:3722} INFO - Setting next_dagrun for example_subdag_operator.section-2 to None, run_after=None
[2023-12-05T17:58:43.441+0000] {logging_mixin.py:154} INFO - [2023-12-05T17:58:43.441+0000] {dag.py:2941} INFO - Sync 2 DAGs
[2023-12-05T17:58:43.445+0000] {logging_mixin.py:154} INFO - [2023-12-05T17:58:43.445+0000] {dag.py:3722} INFO - Setting next_dagrun for example_subdag_operator.section-1 to None, run_after=None
[2023-12-05T17:58:43.446+0000] {logging_mixin.py:154} INFO - [2023-12-05T17:58:43.446+0000] {dag.py:3722} INFO - Setting next_dagrun for example_subdag_operator.section-2 to None, run_after=None
[2023-12-05T17:58:43.463+0000] {processor.py:179} INFO - Processing /usr/local/lib/python3.10/dist-packages/airflow/example_dags/example_subdag_operator.py took 0.094 seconds
[2023-12-05T17:59:33.986+0000] {processor.py:157} INFO - Started process (PID=11170) to work on /usr/local/lib/python3.10/dist-packages/airflow/example_dags/example_subdag_operator.py
[2023-12-05T17:59:33.988+0000] {processor.py:829} INFO - Processing file /usr/local/lib/python3.10/dist-packages/airflow/example_dags/example_subdag_operator.py for tasks to queue
[2023-12-05T17:59:33.989+0000] {logging_mixin.py:154} INFO - [2023-12-05T17:59:33.988+0000] {dagbag.py:536} INFO - Filling up the DagBag from /usr/local/lib/python3.10/dist-packages/airflow/example_dags/example_subdag_operator.py
[2023-12-05T17:59:34.021+0000] {processor.py:839} INFO - DAG(s) dict_keys(['example_subdag_operator.section-1', 'example_subdag_operator.section-2', 'example_subdag_operator']) retrieved from /usr/local/lib/python3.10/dist-packages/airflow/example_dags/example_subdag_operator.py
[2023-12-05T17:59:34.039+0000] {logging_mixin.py:154} INFO - [2023-12-05T17:59:34.039+0000] {dag.py:2941} INFO - Sync 3 DAGs
[2023-12-05T17:59:34.061+0000] {logging_mixin.py:154} INFO - [2023-12-05T17:59:34.061+0000] {dag.py:3722} INFO - Setting next_dagrun for example_subdag_operator to 2022-01-01T00:00:00+00:00, run_after=2022-01-01T00:00:00+00:00
[2023-12-05T17:59:34.065+0000] {logging_mixin.py:154} INFO - [2023-12-05T17:59:34.065+0000] {dag.py:3722} INFO - Setting next_dagrun for example_subdag_operator.section-1 to None, run_after=None
[2023-12-05T17:59:34.067+0000] {logging_mixin.py:154} INFO - [2023-12-05T17:59:34.066+0000] {dag.py:3722} INFO - Setting next_dagrun for example_subdag_operator.section-2 to None, run_after=None
[2023-12-05T17:59:34.072+0000] {logging_mixin.py:154} INFO - [2023-12-05T17:59:34.072+0000] {dag.py:2941} INFO - Sync 2 DAGs
[2023-12-05T17:59:34.078+0000] {logging_mixin.py:154} INFO - [2023-12-05T17:59:34.078+0000] {dag.py:3722} INFO - Setting next_dagrun for example_subdag_operator.section-1 to None, run_after=None
[2023-12-05T17:59:34.079+0000] {logging_mixin.py:154} INFO - [2023-12-05T17:59:34.079+0000] {dag.py:3722} INFO - Setting next_dagrun for example_subdag_operator.section-2 to None, run_after=None
[2023-12-05T17:59:34.103+0000] {processor.py:179} INFO - Processing /usr/local/lib/python3.10/dist-packages/airflow/example_dags/example_subdag_operator.py took 0.122 seconds
[2023-12-05T18:00:10.165+0000] {processor.py:157} INFO - Started process (PID=11267) to work on /usr/local/lib/python3.10/dist-packages/airflow/example_dags/example_subdag_operator.py
[2023-12-05T18:00:10.167+0000] {processor.py:829} INFO - Processing file /usr/local/lib/python3.10/dist-packages/airflow/example_dags/example_subdag_operator.py for tasks to queue
[2023-12-05T18:00:10.168+0000] {logging_mixin.py:154} INFO - [2023-12-05T18:00:10.167+0000] {dagbag.py:536} INFO - Filling up the DagBag from /usr/local/lib/python3.10/dist-packages/airflow/example_dags/example_subdag_operator.py
[2023-12-05T18:00:10.208+0000] {processor.py:839} INFO - DAG(s) dict_keys(['example_subdag_operator.section-1', 'example_subdag_operator.section-2', 'example_subdag_operator']) retrieved from /usr/local/lib/python3.10/dist-packages/airflow/example_dags/example_subdag_operator.py
[2023-12-05T18:00:10.231+0000] {logging_mixin.py:154} INFO - [2023-12-05T18:00:10.230+0000] {dag.py:2941} INFO - Sync 3 DAGs
[2023-12-05T18:00:10.261+0000] {logging_mixin.py:154} INFO - [2023-12-05T18:00:10.261+0000] {dag.py:3722} INFO - Setting next_dagrun for example_subdag_operator to 2022-01-01T00:00:00+00:00, run_after=2022-01-01T00:00:00+00:00
[2023-12-05T18:00:10.265+0000] {logging_mixin.py:154} INFO - [2023-12-05T18:00:10.265+0000] {dag.py:3722} INFO - Setting next_dagrun for example_subdag_operator.section-1 to None, run_after=None
[2023-12-05T18:00:10.266+0000] {logging_mixin.py:154} INFO - [2023-12-05T18:00:10.266+0000] {dag.py:3722} INFO - Setting next_dagrun for example_subdag_operator.section-2 to None, run_after=None
[2023-12-05T18:00:10.273+0000] {logging_mixin.py:154} INFO - [2023-12-05T18:00:10.272+0000] {dag.py:2941} INFO - Sync 2 DAGs
[2023-12-05T18:00:10.277+0000] {logging_mixin.py:154} INFO - [2023-12-05T18:00:10.277+0000] {dag.py:3722} INFO - Setting next_dagrun for example_subdag_operator.section-1 to None, run_after=None
[2023-12-05T18:00:10.277+0000] {logging_mixin.py:154} INFO - [2023-12-05T18:00:10.277+0000] {dag.py:3722} INFO - Setting next_dagrun for example_subdag_operator.section-2 to None, run_after=None
[2023-12-05T18:00:10.308+0000] {processor.py:179} INFO - Processing /usr/local/lib/python3.10/dist-packages/airflow/example_dags/example_subdag_operator.py took 0.154 seconds
[2023-12-05T18:01:00.369+0000] {processor.py:157} INFO - Started process (PID=11325) to work on /usr/local/lib/python3.10/dist-packages/airflow/example_dags/example_subdag_operator.py
[2023-12-05T18:01:00.371+0000] {processor.py:829} INFO - Processing file /usr/local/lib/python3.10/dist-packages/airflow/example_dags/example_subdag_operator.py for tasks to queue
[2023-12-05T18:01:00.372+0000] {logging_mixin.py:154} INFO - [2023-12-05T18:01:00.371+0000] {dagbag.py:536} INFO - Filling up the DagBag from /usr/local/lib/python3.10/dist-packages/airflow/example_dags/example_subdag_operator.py
[2023-12-05T18:01:00.408+0000] {processor.py:839} INFO - DAG(s) dict_keys(['example_subdag_operator.section-1', 'example_subdag_operator.section-2', 'example_subdag_operator']) retrieved from /usr/local/lib/python3.10/dist-packages/airflow/example_dags/example_subdag_operator.py
[2023-12-05T18:01:00.425+0000] {logging_mixin.py:154} INFO - [2023-12-05T18:01:00.425+0000] {dag.py:2941} INFO - Sync 3 DAGs
[2023-12-05T18:01:00.448+0000] {logging_mixin.py:154} INFO - [2023-12-05T18:01:00.447+0000] {dag.py:3722} INFO - Setting next_dagrun for example_subdag_operator to 2022-01-01T00:00:00+00:00, run_after=2022-01-01T00:00:00+00:00
[2023-12-05T18:01:00.452+0000] {logging_mixin.py:154} INFO - [2023-12-05T18:01:00.452+0000] {dag.py:3722} INFO - Setting next_dagrun for example_subdag_operator.section-1 to None, run_after=None
[2023-12-05T18:01:00.454+0000] {logging_mixin.py:154} INFO - [2023-12-05T18:01:00.454+0000] {dag.py:3722} INFO - Setting next_dagrun for example_subdag_operator.section-2 to None, run_after=None
[2023-12-05T18:01:00.464+0000] {logging_mixin.py:154} INFO - [2023-12-05T18:01:00.464+0000] {dag.py:2941} INFO - Sync 2 DAGs
[2023-12-05T18:01:00.469+0000] {logging_mixin.py:154} INFO - [2023-12-05T18:01:00.469+0000] {dag.py:3722} INFO - Setting next_dagrun for example_subdag_operator.section-1 to None, run_after=None
[2023-12-05T18:01:00.469+0000] {logging_mixin.py:154} INFO - [2023-12-05T18:01:00.469+0000] {dag.py:3722} INFO - Setting next_dagrun for example_subdag_operator.section-2 to None, run_after=None
[2023-12-05T18:01:00.489+0000] {processor.py:179} INFO - Processing /usr/local/lib/python3.10/dist-packages/airflow/example_dags/example_subdag_operator.py took 0.128 seconds
[2023-12-05T18:01:47.055+0000] {processor.py:157} INFO - Started process (PID=11501) to work on /usr/local/lib/python3.10/dist-packages/airflow/example_dags/example_subdag_operator.py
[2023-12-05T18:01:47.057+0000] {processor.py:829} INFO - Processing file /usr/local/lib/python3.10/dist-packages/airflow/example_dags/example_subdag_operator.py for tasks to queue
[2023-12-05T18:01:47.058+0000] {logging_mixin.py:154} INFO - [2023-12-05T18:01:47.057+0000] {dagbag.py:536} INFO - Filling up the DagBag from /usr/local/lib/python3.10/dist-packages/airflow/example_dags/example_subdag_operator.py
[2023-12-05T18:01:47.097+0000] {processor.py:839} INFO - DAG(s) dict_keys(['example_subdag_operator.section-1', 'example_subdag_operator.section-2', 'example_subdag_operator']) retrieved from /usr/local/lib/python3.10/dist-packages/airflow/example_dags/example_subdag_operator.py
[2023-12-05T18:01:47.127+0000] {logging_mixin.py:154} INFO - [2023-12-05T18:01:47.127+0000] {dag.py:2941} INFO - Sync 3 DAGs
[2023-12-05T18:01:47.151+0000] {logging_mixin.py:154} INFO - [2023-12-05T18:01:47.151+0000] {dag.py:3722} INFO - Setting next_dagrun for example_subdag_operator to 2022-01-01T00:00:00+00:00, run_after=2022-01-01T00:00:00+00:00
[2023-12-05T18:01:47.155+0000] {logging_mixin.py:154} INFO - [2023-12-05T18:01:47.154+0000] {dag.py:3722} INFO - Setting next_dagrun for example_subdag_operator.section-1 to None, run_after=None
[2023-12-05T18:01:47.156+0000] {logging_mixin.py:154} INFO - [2023-12-05T18:01:47.155+0000] {dag.py:3722} INFO - Setting next_dagrun for example_subdag_operator.section-2 to None, run_after=None
[2023-12-05T18:01:47.162+0000] {logging_mixin.py:154} INFO - [2023-12-05T18:01:47.161+0000] {dag.py:2941} INFO - Sync 2 DAGs
[2023-12-05T18:01:47.171+0000] {logging_mixin.py:154} INFO - [2023-12-05T18:01:47.171+0000] {dag.py:3722} INFO - Setting next_dagrun for example_subdag_operator.section-1 to None, run_after=None
[2023-12-05T18:01:47.172+0000] {logging_mixin.py:154} INFO - [2023-12-05T18:01:47.172+0000] {dag.py:3722} INFO - Setting next_dagrun for example_subdag_operator.section-2 to None, run_after=None
[2023-12-05T18:01:47.191+0000] {processor.py:179} INFO - Processing /usr/local/lib/python3.10/dist-packages/airflow/example_dags/example_subdag_operator.py took 0.139 seconds
[2023-12-05T18:02:36.395+0000] {processor.py:157} INFO - Started process (PID=11618) to work on /usr/local/lib/python3.10/dist-packages/airflow/example_dags/example_subdag_operator.py
[2023-12-05T18:02:36.397+0000] {processor.py:829} INFO - Processing file /usr/local/lib/python3.10/dist-packages/airflow/example_dags/example_subdag_operator.py for tasks to queue
[2023-12-05T18:02:36.398+0000] {logging_mixin.py:154} INFO - [2023-12-05T18:02:36.397+0000] {dagbag.py:536} INFO - Filling up the DagBag from /usr/local/lib/python3.10/dist-packages/airflow/example_dags/example_subdag_operator.py
[2023-12-05T18:02:36.422+0000] {processor.py:839} INFO - DAG(s) dict_keys(['example_subdag_operator.section-1', 'example_subdag_operator.section-2', 'example_subdag_operator']) retrieved from /usr/local/lib/python3.10/dist-packages/airflow/example_dags/example_subdag_operator.py
[2023-12-05T18:02:36.439+0000] {logging_mixin.py:154} INFO - [2023-12-05T18:02:36.438+0000] {dag.py:2941} INFO - Sync 3 DAGs
[2023-12-05T18:02:36.460+0000] {logging_mixin.py:154} INFO - [2023-12-05T18:02:36.459+0000] {dag.py:3722} INFO - Setting next_dagrun for example_subdag_operator to 2022-01-01T00:00:00+00:00, run_after=2022-01-01T00:00:00+00:00
[2023-12-05T18:02:36.463+0000] {logging_mixin.py:154} INFO - [2023-12-05T18:02:36.463+0000] {dag.py:3722} INFO - Setting next_dagrun for example_subdag_operator.section-1 to None, run_after=None
[2023-12-05T18:02:36.464+0000] {logging_mixin.py:154} INFO - [2023-12-05T18:02:36.464+0000] {dag.py:3722} INFO - Setting next_dagrun for example_subdag_operator.section-2 to None, run_after=None
[2023-12-05T18:02:36.470+0000] {logging_mixin.py:154} INFO - [2023-12-05T18:02:36.470+0000] {dag.py:2941} INFO - Sync 2 DAGs
[2023-12-05T18:02:36.474+0000] {logging_mixin.py:154} INFO - [2023-12-05T18:02:36.474+0000] {dag.py:3722} INFO - Setting next_dagrun for example_subdag_operator.section-1 to None, run_after=None
[2023-12-05T18:02:36.474+0000] {logging_mixin.py:154} INFO - [2023-12-05T18:02:36.474+0000] {dag.py:3722} INFO - Setting next_dagrun for example_subdag_operator.section-2 to None, run_after=None
[2023-12-05T18:02:36.489+0000] {processor.py:179} INFO - Processing /usr/local/lib/python3.10/dist-packages/airflow/example_dags/example_subdag_operator.py took 0.097 seconds
[2023-12-05T18:03:12.715+0000] {processor.py:157} INFO - Started process (PID=11722) to work on /usr/local/lib/python3.10/dist-packages/airflow/example_dags/example_subdag_operator.py
[2023-12-05T18:03:12.716+0000] {processor.py:829} INFO - Processing file /usr/local/lib/python3.10/dist-packages/airflow/example_dags/example_subdag_operator.py for tasks to queue
[2023-12-05T18:03:12.718+0000] {logging_mixin.py:154} INFO - [2023-12-05T18:03:12.717+0000] {dagbag.py:536} INFO - Filling up the DagBag from /usr/local/lib/python3.10/dist-packages/airflow/example_dags/example_subdag_operator.py
[2023-12-05T18:03:12.749+0000] {processor.py:839} INFO - DAG(s) dict_keys(['example_subdag_operator.section-1', 'example_subdag_operator.section-2', 'example_subdag_operator']) retrieved from /usr/local/lib/python3.10/dist-packages/airflow/example_dags/example_subdag_operator.py
[2023-12-05T18:03:12.776+0000] {logging_mixin.py:154} INFO - [2023-12-05T18:03:12.776+0000] {dag.py:2941} INFO - Sync 3 DAGs
[2023-12-05T18:03:12.801+0000] {logging_mixin.py:154} INFO - [2023-12-05T18:03:12.801+0000] {dag.py:3722} INFO - Setting next_dagrun for example_subdag_operator to 2022-01-01T00:00:00+00:00, run_after=2022-01-01T00:00:00+00:00
[2023-12-05T18:03:12.806+0000] {logging_mixin.py:154} INFO - [2023-12-05T18:03:12.806+0000] {dag.py:3722} INFO - Setting next_dagrun for example_subdag_operator.section-1 to None, run_after=None
[2023-12-05T18:03:12.807+0000] {logging_mixin.py:154} INFO - [2023-12-05T18:03:12.807+0000] {dag.py:3722} INFO - Setting next_dagrun for example_subdag_operator.section-2 to None, run_after=None
[2023-12-05T18:03:12.814+0000] {logging_mixin.py:154} INFO - [2023-12-05T18:03:12.814+0000] {dag.py:2941} INFO - Sync 2 DAGs
[2023-12-05T18:03:12.818+0000] {logging_mixin.py:154} INFO - [2023-12-05T18:03:12.818+0000] {dag.py:3722} INFO - Setting next_dagrun for example_subdag_operator.section-1 to None, run_after=None
[2023-12-05T18:03:12.819+0000] {logging_mixin.py:154} INFO - [2023-12-05T18:03:12.819+0000] {dag.py:3722} INFO - Setting next_dagrun for example_subdag_operator.section-2 to None, run_after=None
[2023-12-05T18:03:12.835+0000] {processor.py:179} INFO - Processing /usr/local/lib/python3.10/dist-packages/airflow/example_dags/example_subdag_operator.py took 0.125 seconds
[2023-12-05T18:03:46.288+0000] {processor.py:157} INFO - Started process (PID=11758) to work on /usr/local/lib/python3.10/dist-packages/airflow/example_dags/example_subdag_operator.py
[2023-12-05T18:03:46.289+0000] {processor.py:829} INFO - Processing file /usr/local/lib/python3.10/dist-packages/airflow/example_dags/example_subdag_operator.py for tasks to queue
[2023-12-05T18:03:46.290+0000] {logging_mixin.py:154} INFO - [2023-12-05T18:03:46.290+0000] {dagbag.py:536} INFO - Filling up the DagBag from /usr/local/lib/python3.10/dist-packages/airflow/example_dags/example_subdag_operator.py
[2023-12-05T18:03:46.316+0000] {processor.py:839} INFO - DAG(s) dict_keys(['example_subdag_operator.section-1', 'example_subdag_operator.section-2', 'example_subdag_operator']) retrieved from /usr/local/lib/python3.10/dist-packages/airflow/example_dags/example_subdag_operator.py
[2023-12-05T18:03:46.340+0000] {logging_mixin.py:154} INFO - [2023-12-05T18:03:46.340+0000] {dag.py:2941} INFO - Sync 3 DAGs
[2023-12-05T18:03:46.367+0000] {logging_mixin.py:154} INFO - [2023-12-05T18:03:46.366+0000] {dag.py:3722} INFO - Setting next_dagrun for example_subdag_operator to 2022-01-01T00:00:00+00:00, run_after=2022-01-01T00:00:00+00:00
[2023-12-05T18:03:46.372+0000] {logging_mixin.py:154} INFO - [2023-12-05T18:03:46.371+0000] {dag.py:3722} INFO - Setting next_dagrun for example_subdag_operator.section-1 to None, run_after=None
[2023-12-05T18:03:46.373+0000] {logging_mixin.py:154} INFO - [2023-12-05T18:03:46.373+0000] {dag.py:3722} INFO - Setting next_dagrun for example_subdag_operator.section-2 to None, run_after=None
[2023-12-05T18:03:46.380+0000] {logging_mixin.py:154} INFO - [2023-12-05T18:03:46.380+0000] {dag.py:2941} INFO - Sync 2 DAGs
[2023-12-05T18:03:46.390+0000] {logging_mixin.py:154} INFO - [2023-12-05T18:03:46.390+0000] {dag.py:3722} INFO - Setting next_dagrun for example_subdag_operator.section-1 to None, run_after=None
[2023-12-05T18:03:46.390+0000] {logging_mixin.py:154} INFO - [2023-12-05T18:03:46.390+0000] {dag.py:3722} INFO - Setting next_dagrun for example_subdag_operator.section-2 to None, run_after=None
[2023-12-05T18:03:46.413+0000] {processor.py:179} INFO - Processing /usr/local/lib/python3.10/dist-packages/airflow/example_dags/example_subdag_operator.py took 0.128 seconds
[2023-12-05T18:04:34.659+0000] {processor.py:157} INFO - Started process (PID=11877) to work on /usr/local/lib/python3.10/dist-packages/airflow/example_dags/example_subdag_operator.py
[2023-12-05T18:04:34.661+0000] {processor.py:829} INFO - Processing file /usr/local/lib/python3.10/dist-packages/airflow/example_dags/example_subdag_operator.py for tasks to queue
[2023-12-05T18:04:34.661+0000] {logging_mixin.py:154} INFO - [2023-12-05T18:04:34.661+0000] {dagbag.py:536} INFO - Filling up the DagBag from /usr/local/lib/python3.10/dist-packages/airflow/example_dags/example_subdag_operator.py
[2023-12-05T18:04:34.682+0000] {processor.py:839} INFO - DAG(s) dict_keys(['example_subdag_operator.section-1', 'example_subdag_operator.section-2', 'example_subdag_operator']) retrieved from /usr/local/lib/python3.10/dist-packages/airflow/example_dags/example_subdag_operator.py
[2023-12-05T18:04:34.696+0000] {logging_mixin.py:154} INFO - [2023-12-05T18:04:34.696+0000] {dag.py:2941} INFO - Sync 3 DAGs
[2023-12-05T18:04:34.713+0000] {logging_mixin.py:154} INFO - [2023-12-05T18:04:34.713+0000] {dag.py:3722} INFO - Setting next_dagrun for example_subdag_operator to 2022-01-01T00:00:00+00:00, run_after=2022-01-01T00:00:00+00:00
[2023-12-05T18:04:34.716+0000] {logging_mixin.py:154} INFO - [2023-12-05T18:04:34.716+0000] {dag.py:3722} INFO - Setting next_dagrun for example_subdag_operator.section-1 to None, run_after=None
[2023-12-05T18:04:34.717+0000] {logging_mixin.py:154} INFO - [2023-12-05T18:04:34.717+0000] {dag.py:3722} INFO - Setting next_dagrun for example_subdag_operator.section-2 to None, run_after=None
[2023-12-05T18:04:34.722+0000] {logging_mixin.py:154} INFO - [2023-12-05T18:04:34.722+0000] {dag.py:2941} INFO - Sync 2 DAGs
[2023-12-05T18:04:34.726+0000] {logging_mixin.py:154} INFO - [2023-12-05T18:04:34.726+0000] {dag.py:3722} INFO - Setting next_dagrun for example_subdag_operator.section-1 to None, run_after=None
[2023-12-05T18:04:34.727+0000] {logging_mixin.py:154} INFO - [2023-12-05T18:04:34.726+0000] {dag.py:3722} INFO - Setting next_dagrun for example_subdag_operator.section-2 to None, run_after=None
[2023-12-05T18:04:34.740+0000] {processor.py:179} INFO - Processing /usr/local/lib/python3.10/dist-packages/airflow/example_dags/example_subdag_operator.py took 0.084 seconds
[2023-12-05T18:05:10.734+0000] {processor.py:157} INFO - Started process (PID=12427) to work on /usr/local/lib/python3.10/dist-packages/airflow/example_dags/example_subdag_operator.py
[2023-12-05T18:05:10.735+0000] {processor.py:829} INFO - Processing file /usr/local/lib/python3.10/dist-packages/airflow/example_dags/example_subdag_operator.py for tasks to queue
[2023-12-05T18:05:10.736+0000] {logging_mixin.py:154} INFO - [2023-12-05T18:05:10.735+0000] {dagbag.py:536} INFO - Filling up the DagBag from /usr/local/lib/python3.10/dist-packages/airflow/example_dags/example_subdag_operator.py
[2023-12-05T18:05:10.760+0000] {processor.py:839} INFO - DAG(s) dict_keys(['example_subdag_operator.section-1', 'example_subdag_operator.section-2', 'example_subdag_operator']) retrieved from /usr/local/lib/python3.10/dist-packages/airflow/example_dags/example_subdag_operator.py
[2023-12-05T18:05:10.778+0000] {logging_mixin.py:154} INFO - [2023-12-05T18:05:10.777+0000] {dag.py:2941} INFO - Sync 3 DAGs
[2023-12-05T18:05:10.802+0000] {logging_mixin.py:154} INFO - [2023-12-05T18:05:10.801+0000] {dag.py:3722} INFO - Setting next_dagrun for example_subdag_operator to 2022-01-01T00:00:00+00:00, run_after=2022-01-01T00:00:00+00:00
[2023-12-05T18:05:10.808+0000] {logging_mixin.py:154} INFO - [2023-12-05T18:05:10.807+0000] {dag.py:3722} INFO - Setting next_dagrun for example_subdag_operator.section-1 to None, run_after=None
[2023-12-05T18:05:10.809+0000] {logging_mixin.py:154} INFO - [2023-12-05T18:05:10.809+0000] {dag.py:3722} INFO - Setting next_dagrun for example_subdag_operator.section-2 to None, run_after=None
[2023-12-05T18:05:10.815+0000] {logging_mixin.py:154} INFO - [2023-12-05T18:05:10.815+0000] {dag.py:2941} INFO - Sync 2 DAGs
[2023-12-05T18:05:10.820+0000] {logging_mixin.py:154} INFO - [2023-12-05T18:05:10.819+0000] {dag.py:3722} INFO - Setting next_dagrun for example_subdag_operator.section-1 to None, run_after=None
[2023-12-05T18:05:10.820+0000] {logging_mixin.py:154} INFO - [2023-12-05T18:05:10.820+0000] {dag.py:3722} INFO - Setting next_dagrun for example_subdag_operator.section-2 to None, run_after=None
[2023-12-05T18:05:10.838+0000] {processor.py:179} INFO - Processing /usr/local/lib/python3.10/dist-packages/airflow/example_dags/example_subdag_operator.py took 0.108 seconds
[2023-12-05T18:05:43.968+0000] {processor.py:157} INFO - Started process (PID=12527) to work on /usr/local/lib/python3.10/dist-packages/airflow/example_dags/example_subdag_operator.py
[2023-12-05T18:05:43.969+0000] {processor.py:829} INFO - Processing file /usr/local/lib/python3.10/dist-packages/airflow/example_dags/example_subdag_operator.py for tasks to queue
[2023-12-05T18:05:43.970+0000] {logging_mixin.py:154} INFO - [2023-12-05T18:05:43.970+0000] {dagbag.py:536} INFO - Filling up the DagBag from /usr/local/lib/python3.10/dist-packages/airflow/example_dags/example_subdag_operator.py
[2023-12-05T18:05:43.993+0000] {processor.py:839} INFO - DAG(s) dict_keys(['example_subdag_operator.section-1', 'example_subdag_operator.section-2', 'example_subdag_operator']) retrieved from /usr/local/lib/python3.10/dist-packages/airflow/example_dags/example_subdag_operator.py
[2023-12-05T18:05:44.010+0000] {logging_mixin.py:154} INFO - [2023-12-05T18:05:44.010+0000] {dag.py:2941} INFO - Sync 3 DAGs
[2023-12-05T18:05:44.034+0000] {logging_mixin.py:154} INFO - [2023-12-05T18:05:44.033+0000] {dag.py:3722} INFO - Setting next_dagrun for example_subdag_operator to 2022-01-01T00:00:00+00:00, run_after=2022-01-01T00:00:00+00:00
[2023-12-05T18:05:44.039+0000] {logging_mixin.py:154} INFO - [2023-12-05T18:05:44.039+0000] {dag.py:3722} INFO - Setting next_dagrun for example_subdag_operator.section-1 to None, run_after=None
[2023-12-05T18:05:44.040+0000] {logging_mixin.py:154} INFO - [2023-12-05T18:05:44.040+0000] {dag.py:3722} INFO - Setting next_dagrun for example_subdag_operator.section-2 to None, run_after=None
[2023-12-05T18:05:44.047+0000] {logging_mixin.py:154} INFO - [2023-12-05T18:05:44.047+0000] {dag.py:2941} INFO - Sync 2 DAGs
[2023-12-05T18:05:44.053+0000] {logging_mixin.py:154} INFO - [2023-12-05T18:05:44.053+0000] {dag.py:3722} INFO - Setting next_dagrun for example_subdag_operator.section-1 to None, run_after=None
[2023-12-05T18:05:44.054+0000] {logging_mixin.py:154} INFO - [2023-12-05T18:05:44.054+0000] {dag.py:3722} INFO - Setting next_dagrun for example_subdag_operator.section-2 to None, run_after=None
[2023-12-05T18:05:44.070+0000] {processor.py:179} INFO - Processing /usr/local/lib/python3.10/dist-packages/airflow/example_dags/example_subdag_operator.py took 0.106 seconds
[2023-12-05T18:06:18.505+0000] {processor.py:157} INFO - Started process (PID=12743) to work on /usr/local/lib/python3.10/dist-packages/airflow/example_dags/example_subdag_operator.py
[2023-12-05T18:06:18.507+0000] {processor.py:829} INFO - Processing file /usr/local/lib/python3.10/dist-packages/airflow/example_dags/example_subdag_operator.py for tasks to queue
[2023-12-05T18:06:18.511+0000] {logging_mixin.py:154} INFO - [2023-12-05T18:06:18.510+0000] {dagbag.py:536} INFO - Filling up the DagBag from /usr/local/lib/python3.10/dist-packages/airflow/example_dags/example_subdag_operator.py
[2023-12-05T18:06:18.552+0000] {processor.py:839} INFO - DAG(s) dict_keys(['example_subdag_operator.section-1', 'example_subdag_operator.section-2', 'example_subdag_operator']) retrieved from /usr/local/lib/python3.10/dist-packages/airflow/example_dags/example_subdag_operator.py
[2023-12-05T18:06:18.569+0000] {logging_mixin.py:154} INFO - [2023-12-05T18:06:18.568+0000] {dag.py:2941} INFO - Sync 3 DAGs
[2023-12-05T18:06:18.589+0000] {logging_mixin.py:154} INFO - [2023-12-05T18:06:18.588+0000] {dag.py:3722} INFO - Setting next_dagrun for example_subdag_operator to 2022-01-01T00:00:00+00:00, run_after=2022-01-01T00:00:00+00:00
[2023-12-05T18:06:18.592+0000] {logging_mixin.py:154} INFO - [2023-12-05T18:06:18.592+0000] {dag.py:3722} INFO - Setting next_dagrun for example_subdag_operator.section-1 to None, run_after=None
[2023-12-05T18:06:18.593+0000] {logging_mixin.py:154} INFO - [2023-12-05T18:06:18.593+0000] {dag.py:3722} INFO - Setting next_dagrun for example_subdag_operator.section-2 to None, run_after=None
[2023-12-05T18:06:18.600+0000] {logging_mixin.py:154} INFO - [2023-12-05T18:06:18.600+0000] {dag.py:2941} INFO - Sync 2 DAGs
[2023-12-05T18:06:18.605+0000] {logging_mixin.py:154} INFO - [2023-12-05T18:06:18.605+0000] {dag.py:3722} INFO - Setting next_dagrun for example_subdag_operator.section-1 to None, run_after=None
[2023-12-05T18:06:18.605+0000] {logging_mixin.py:154} INFO - [2023-12-05T18:06:18.605+0000] {dag.py:3722} INFO - Setting next_dagrun for example_subdag_operator.section-2 to None, run_after=None
[2023-12-05T18:06:18.624+0000] {processor.py:179} INFO - Processing /usr/local/lib/python3.10/dist-packages/airflow/example_dags/example_subdag_operator.py took 0.130 seconds
[2023-12-05T18:06:53.709+0000] {processor.py:157} INFO - Started process (PID=12848) to work on /usr/local/lib/python3.10/dist-packages/airflow/example_dags/example_subdag_operator.py
[2023-12-05T18:06:53.710+0000] {processor.py:829} INFO - Processing file /usr/local/lib/python3.10/dist-packages/airflow/example_dags/example_subdag_operator.py for tasks to queue
[2023-12-05T18:06:53.711+0000] {logging_mixin.py:154} INFO - [2023-12-05T18:06:53.710+0000] {dagbag.py:536} INFO - Filling up the DagBag from /usr/local/lib/python3.10/dist-packages/airflow/example_dags/example_subdag_operator.py
[2023-12-05T18:06:53.733+0000] {processor.py:839} INFO - DAG(s) dict_keys(['example_subdag_operator.section-1', 'example_subdag_operator.section-2', 'example_subdag_operator']) retrieved from /usr/local/lib/python3.10/dist-packages/airflow/example_dags/example_subdag_operator.py
[2023-12-05T18:06:53.748+0000] {logging_mixin.py:154} INFO - [2023-12-05T18:06:53.748+0000] {dag.py:2941} INFO - Sync 3 DAGs
[2023-12-05T18:06:53.768+0000] {logging_mixin.py:154} INFO - [2023-12-05T18:06:53.768+0000] {dag.py:3722} INFO - Setting next_dagrun for example_subdag_operator to 2022-01-01T00:00:00+00:00, run_after=2022-01-01T00:00:00+00:00
[2023-12-05T18:06:53.772+0000] {logging_mixin.py:154} INFO - [2023-12-05T18:06:53.772+0000] {dag.py:3722} INFO - Setting next_dagrun for example_subdag_operator.section-1 to None, run_after=None
[2023-12-05T18:06:53.773+0000] {logging_mixin.py:154} INFO - [2023-12-05T18:06:53.773+0000] {dag.py:3722} INFO - Setting next_dagrun for example_subdag_operator.section-2 to None, run_after=None
[2023-12-05T18:06:53.779+0000] {logging_mixin.py:154} INFO - [2023-12-05T18:06:53.779+0000] {dag.py:2941} INFO - Sync 2 DAGs
[2023-12-05T18:06:53.785+0000] {logging_mixin.py:154} INFO - [2023-12-05T18:06:53.785+0000] {dag.py:3722} INFO - Setting next_dagrun for example_subdag_operator.section-1 to None, run_after=None
[2023-12-05T18:06:53.786+0000] {logging_mixin.py:154} INFO - [2023-12-05T18:06:53.786+0000] {dag.py:3722} INFO - Setting next_dagrun for example_subdag_operator.section-2 to None, run_after=None
[2023-12-05T18:06:53.803+0000] {processor.py:179} INFO - Processing /usr/local/lib/python3.10/dist-packages/airflow/example_dags/example_subdag_operator.py took 0.097 seconds
[2023-12-05T18:07:30.760+0000] {processor.py:157} INFO - Started process (PID=13069) to work on /usr/local/lib/python3.10/dist-packages/airflow/example_dags/example_subdag_operator.py
[2023-12-05T18:07:30.762+0000] {processor.py:829} INFO - Processing file /usr/local/lib/python3.10/dist-packages/airflow/example_dags/example_subdag_operator.py for tasks to queue
[2023-12-05T18:07:30.763+0000] {logging_mixin.py:154} INFO - [2023-12-05T18:07:30.763+0000] {dagbag.py:536} INFO - Filling up the DagBag from /usr/local/lib/python3.10/dist-packages/airflow/example_dags/example_subdag_operator.py
[2023-12-05T18:07:30.786+0000] {processor.py:839} INFO - DAG(s) dict_keys(['example_subdag_operator.section-1', 'example_subdag_operator.section-2', 'example_subdag_operator']) retrieved from /usr/local/lib/python3.10/dist-packages/airflow/example_dags/example_subdag_operator.py
[2023-12-05T18:07:30.801+0000] {logging_mixin.py:154} INFO - [2023-12-05T18:07:30.801+0000] {dag.py:2941} INFO - Sync 3 DAGs
[2023-12-05T18:07:30.824+0000] {logging_mixin.py:154} INFO - [2023-12-05T18:07:30.823+0000] {dag.py:3722} INFO - Setting next_dagrun for example_subdag_operator to 2022-01-01T00:00:00+00:00, run_after=2022-01-01T00:00:00+00:00
[2023-12-05T18:07:30.832+0000] {logging_mixin.py:154} INFO - [2023-12-05T18:07:30.832+0000] {dag.py:3722} INFO - Setting next_dagrun for example_subdag_operator.section-1 to None, run_after=None
[2023-12-05T18:07:30.834+0000] {logging_mixin.py:154} INFO - [2023-12-05T18:07:30.834+0000] {dag.py:3722} INFO - Setting next_dagrun for example_subdag_operator.section-2 to None, run_after=None
[2023-12-05T18:07:30.841+0000] {logging_mixin.py:154} INFO - [2023-12-05T18:07:30.841+0000] {dag.py:2941} INFO - Sync 2 DAGs
[2023-12-05T18:07:30.848+0000] {logging_mixin.py:154} INFO - [2023-12-05T18:07:30.848+0000] {dag.py:3722} INFO - Setting next_dagrun for example_subdag_operator.section-1 to None, run_after=None
[2023-12-05T18:07:30.849+0000] {logging_mixin.py:154} INFO - [2023-12-05T18:07:30.849+0000] {dag.py:3722} INFO - Setting next_dagrun for example_subdag_operator.section-2 to None, run_after=None
[2023-12-05T18:07:30.865+0000] {processor.py:179} INFO - Processing /usr/local/lib/python3.10/dist-packages/airflow/example_dags/example_subdag_operator.py took 0.109 seconds
[2023-12-05T18:08:05.890+0000] {processor.py:157} INFO - Started process (PID=13140) to work on /usr/local/lib/python3.10/dist-packages/airflow/example_dags/example_subdag_operator.py
[2023-12-05T18:08:05.891+0000] {processor.py:829} INFO - Processing file /usr/local/lib/python3.10/dist-packages/airflow/example_dags/example_subdag_operator.py for tasks to queue
[2023-12-05T18:08:05.892+0000] {logging_mixin.py:154} INFO - [2023-12-05T18:08:05.892+0000] {dagbag.py:536} INFO - Filling up the DagBag from /usr/local/lib/python3.10/dist-packages/airflow/example_dags/example_subdag_operator.py
[2023-12-05T18:08:05.915+0000] {processor.py:839} INFO - DAG(s) dict_keys(['example_subdag_operator.section-1', 'example_subdag_operator.section-2', 'example_subdag_operator']) retrieved from /usr/local/lib/python3.10/dist-packages/airflow/example_dags/example_subdag_operator.py
[2023-12-05T18:08:05.929+0000] {logging_mixin.py:154} INFO - [2023-12-05T18:08:05.929+0000] {dag.py:2941} INFO - Sync 3 DAGs
[2023-12-05T18:08:05.947+0000] {logging_mixin.py:154} INFO - [2023-12-05T18:08:05.947+0000] {dag.py:3722} INFO - Setting next_dagrun for example_subdag_operator to 2022-01-01T00:00:00+00:00, run_after=2022-01-01T00:00:00+00:00
[2023-12-05T18:08:05.951+0000] {logging_mixin.py:154} INFO - [2023-12-05T18:08:05.950+0000] {dag.py:3722} INFO - Setting next_dagrun for example_subdag_operator.section-1 to None, run_after=None
[2023-12-05T18:08:05.952+0000] {logging_mixin.py:154} INFO - [2023-12-05T18:08:05.952+0000] {dag.py:3722} INFO - Setting next_dagrun for example_subdag_operator.section-2 to None, run_after=None
[2023-12-05T18:08:05.958+0000] {logging_mixin.py:154} INFO - [2023-12-05T18:08:05.957+0000] {dag.py:2941} INFO - Sync 2 DAGs
[2023-12-05T18:08:05.963+0000] {logging_mixin.py:154} INFO - [2023-12-05T18:08:05.962+0000] {dag.py:3722} INFO - Setting next_dagrun for example_subdag_operator.section-1 to None, run_after=None
[2023-12-05T18:08:05.963+0000] {logging_mixin.py:154} INFO - [2023-12-05T18:08:05.963+0000] {dag.py:3722} INFO - Setting next_dagrun for example_subdag_operator.section-2 to None, run_after=None
[2023-12-05T18:08:05.979+0000] {processor.py:179} INFO - Processing /usr/local/lib/python3.10/dist-packages/airflow/example_dags/example_subdag_operator.py took 0.092 seconds
[2023-12-05T18:08:46.752+0000] {processor.py:157} INFO - Started process (PID=13401) to work on /usr/local/lib/python3.10/dist-packages/airflow/example_dags/example_subdag_operator.py
[2023-12-05T18:08:46.754+0000] {processor.py:829} INFO - Processing file /usr/local/lib/python3.10/dist-packages/airflow/example_dags/example_subdag_operator.py for tasks to queue
[2023-12-05T18:08:46.755+0000] {logging_mixin.py:154} INFO - [2023-12-05T18:08:46.754+0000] {dagbag.py:536} INFO - Filling up the DagBag from /usr/local/lib/python3.10/dist-packages/airflow/example_dags/example_subdag_operator.py
[2023-12-05T18:08:46.779+0000] {processor.py:839} INFO - DAG(s) dict_keys(['example_subdag_operator.section-1', 'example_subdag_operator.section-2', 'example_subdag_operator']) retrieved from /usr/local/lib/python3.10/dist-packages/airflow/example_dags/example_subdag_operator.py
[2023-12-05T18:08:46.804+0000] {logging_mixin.py:154} INFO - [2023-12-05T18:08:46.804+0000] {dag.py:2941} INFO - Sync 3 DAGs
[2023-12-05T18:08:46.831+0000] {logging_mixin.py:154} INFO - [2023-12-05T18:08:46.831+0000] {dag.py:3722} INFO - Setting next_dagrun for example_subdag_operator to 2022-01-01T00:00:00+00:00, run_after=2022-01-01T00:00:00+00:00
[2023-12-05T18:08:46.835+0000] {logging_mixin.py:154} INFO - [2023-12-05T18:08:46.835+0000] {dag.py:3722} INFO - Setting next_dagrun for example_subdag_operator.section-1 to None, run_after=None
[2023-12-05T18:08:46.836+0000] {logging_mixin.py:154} INFO - [2023-12-05T18:08:46.836+0000] {dag.py:3722} INFO - Setting next_dagrun for example_subdag_operator.section-2 to None, run_after=None
[2023-12-05T18:08:46.844+0000] {logging_mixin.py:154} INFO - [2023-12-05T18:08:46.844+0000] {dag.py:2941} INFO - Sync 2 DAGs
[2023-12-05T18:08:46.849+0000] {logging_mixin.py:154} INFO - [2023-12-05T18:08:46.849+0000] {dag.py:3722} INFO - Setting next_dagrun for example_subdag_operator.section-1 to None, run_after=None
[2023-12-05T18:08:46.849+0000] {logging_mixin.py:154} INFO - [2023-12-05T18:08:46.849+0000] {dag.py:3722} INFO - Setting next_dagrun for example_subdag_operator.section-2 to None, run_after=None
[2023-12-05T18:08:46.872+0000] {processor.py:179} INFO - Processing /usr/local/lib/python3.10/dist-packages/airflow/example_dags/example_subdag_operator.py took 0.123 seconds
[2023-12-05T18:09:23.407+0000] {processor.py:157} INFO - Started process (PID=13627) to work on /usr/local/lib/python3.10/dist-packages/airflow/example_dags/example_subdag_operator.py
[2023-12-05T18:09:23.409+0000] {processor.py:829} INFO - Processing file /usr/local/lib/python3.10/dist-packages/airflow/example_dags/example_subdag_operator.py for tasks to queue
[2023-12-05T18:09:23.410+0000] {logging_mixin.py:154} INFO - [2023-12-05T18:09:23.409+0000] {dagbag.py:536} INFO - Filling up the DagBag from /usr/local/lib/python3.10/dist-packages/airflow/example_dags/example_subdag_operator.py
[2023-12-05T18:09:23.434+0000] {processor.py:839} INFO - DAG(s) dict_keys(['example_subdag_operator.section-1', 'example_subdag_operator.section-2', 'example_subdag_operator']) retrieved from /usr/local/lib/python3.10/dist-packages/airflow/example_dags/example_subdag_operator.py
[2023-12-05T18:09:23.450+0000] {logging_mixin.py:154} INFO - [2023-12-05T18:09:23.450+0000] {dag.py:2941} INFO - Sync 3 DAGs
[2023-12-05T18:09:23.472+0000] {logging_mixin.py:154} INFO - [2023-12-05T18:09:23.472+0000] {dag.py:3722} INFO - Setting next_dagrun for example_subdag_operator to 2022-01-01T00:00:00+00:00, run_after=2022-01-01T00:00:00+00:00
[2023-12-05T18:09:23.477+0000] {logging_mixin.py:154} INFO - [2023-12-05T18:09:23.477+0000] {dag.py:3722} INFO - Setting next_dagrun for example_subdag_operator.section-1 to None, run_after=None
[2023-12-05T18:09:23.478+0000] {logging_mixin.py:154} INFO - [2023-12-05T18:09:23.478+0000] {dag.py:3722} INFO - Setting next_dagrun for example_subdag_operator.section-2 to None, run_after=None
[2023-12-05T18:09:23.485+0000] {logging_mixin.py:154} INFO - [2023-12-05T18:09:23.485+0000] {dag.py:2941} INFO - Sync 2 DAGs
[2023-12-05T18:09:23.492+0000] {logging_mixin.py:154} INFO - [2023-12-05T18:09:23.492+0000] {dag.py:3722} INFO - Setting next_dagrun for example_subdag_operator.section-1 to None, run_after=None
[2023-12-05T18:09:23.493+0000] {logging_mixin.py:154} INFO - [2023-12-05T18:09:23.493+0000] {dag.py:3722} INFO - Setting next_dagrun for example_subdag_operator.section-2 to None, run_after=None
[2023-12-05T18:09:23.512+0000] {processor.py:179} INFO - Processing /usr/local/lib/python3.10/dist-packages/airflow/example_dags/example_subdag_operator.py took 0.108 seconds
[2023-12-05T18:10:10.164+0000] {processor.py:157} INFO - Started process (PID=13743) to work on /usr/local/lib/python3.10/dist-packages/airflow/example_dags/example_subdag_operator.py
[2023-12-05T18:10:10.165+0000] {processor.py:829} INFO - Processing file /usr/local/lib/python3.10/dist-packages/airflow/example_dags/example_subdag_operator.py for tasks to queue
[2023-12-05T18:10:10.167+0000] {logging_mixin.py:154} INFO - [2023-12-05T18:10:10.166+0000] {dagbag.py:536} INFO - Filling up the DagBag from /usr/local/lib/python3.10/dist-packages/airflow/example_dags/example_subdag_operator.py
[2023-12-05T18:10:10.193+0000] {processor.py:839} INFO - DAG(s) dict_keys(['example_subdag_operator.section-1', 'example_subdag_operator.section-2', 'example_subdag_operator']) retrieved from /usr/local/lib/python3.10/dist-packages/airflow/example_dags/example_subdag_operator.py
[2023-12-05T18:10:10.211+0000] {logging_mixin.py:154} INFO - [2023-12-05T18:10:10.210+0000] {dag.py:2941} INFO - Sync 3 DAGs
[2023-12-05T18:10:10.237+0000] {logging_mixin.py:154} INFO - [2023-12-05T18:10:10.237+0000] {dag.py:3722} INFO - Setting next_dagrun for example_subdag_operator to 2022-01-01T00:00:00+00:00, run_after=2022-01-01T00:00:00+00:00
[2023-12-05T18:10:10.241+0000] {logging_mixin.py:154} INFO - [2023-12-05T18:10:10.240+0000] {dag.py:3722} INFO - Setting next_dagrun for example_subdag_operator.section-1 to None, run_after=None
[2023-12-05T18:10:10.242+0000] {logging_mixin.py:154} INFO - [2023-12-05T18:10:10.242+0000] {dag.py:3722} INFO - Setting next_dagrun for example_subdag_operator.section-2 to None, run_after=None
[2023-12-05T18:10:10.248+0000] {logging_mixin.py:154} INFO - [2023-12-05T18:10:10.248+0000] {dag.py:2941} INFO - Sync 2 DAGs
[2023-12-05T18:10:10.253+0000] {logging_mixin.py:154} INFO - [2023-12-05T18:10:10.253+0000] {dag.py:3722} INFO - Setting next_dagrun for example_subdag_operator.section-1 to None, run_after=None
[2023-12-05T18:10:10.253+0000] {logging_mixin.py:154} INFO - [2023-12-05T18:10:10.253+0000] {dag.py:3722} INFO - Setting next_dagrun for example_subdag_operator.section-2 to None, run_after=None
[2023-12-05T18:10:10.273+0000] {processor.py:179} INFO - Processing /usr/local/lib/python3.10/dist-packages/airflow/example_dags/example_subdag_operator.py took 0.112 seconds
[2023-12-05T18:10:47.005+0000] {processor.py:157} INFO - Started process (PID=14027) to work on /usr/local/lib/python3.10/dist-packages/airflow/example_dags/example_subdag_operator.py
[2023-12-05T18:10:47.007+0000] {processor.py:829} INFO - Processing file /usr/local/lib/python3.10/dist-packages/airflow/example_dags/example_subdag_operator.py for tasks to queue
[2023-12-05T18:10:47.007+0000] {logging_mixin.py:154} INFO - [2023-12-05T18:10:47.007+0000] {dagbag.py:536} INFO - Filling up the DagBag from /usr/local/lib/python3.10/dist-packages/airflow/example_dags/example_subdag_operator.py
[2023-12-05T18:10:47.028+0000] {processor.py:839} INFO - DAG(s) dict_keys(['example_subdag_operator.section-1', 'example_subdag_operator.section-2', 'example_subdag_operator']) retrieved from /usr/local/lib/python3.10/dist-packages/airflow/example_dags/example_subdag_operator.py
[2023-12-05T18:10:47.042+0000] {logging_mixin.py:154} INFO - [2023-12-05T18:10:47.042+0000] {dag.py:2941} INFO - Sync 3 DAGs
[2023-12-05T18:10:47.062+0000] {logging_mixin.py:154} INFO - [2023-12-05T18:10:47.062+0000] {dag.py:3722} INFO - Setting next_dagrun for example_subdag_operator to 2022-01-01T00:00:00+00:00, run_after=2022-01-01T00:00:00+00:00
[2023-12-05T18:10:47.066+0000] {logging_mixin.py:154} INFO - [2023-12-05T18:10:47.066+0000] {dag.py:3722} INFO - Setting next_dagrun for example_subdag_operator.section-1 to None, run_after=None
[2023-12-05T18:10:47.067+0000] {logging_mixin.py:154} INFO - [2023-12-05T18:10:47.067+0000] {dag.py:3722} INFO - Setting next_dagrun for example_subdag_operator.section-2 to None, run_after=None
[2023-12-05T18:10:47.073+0000] {logging_mixin.py:154} INFO - [2023-12-05T18:10:47.072+0000] {dag.py:2941} INFO - Sync 2 DAGs
[2023-12-05T18:10:47.077+0000] {logging_mixin.py:154} INFO - [2023-12-05T18:10:47.077+0000] {dag.py:3722} INFO - Setting next_dagrun for example_subdag_operator.section-1 to None, run_after=None
[2023-12-05T18:10:47.078+0000] {logging_mixin.py:154} INFO - [2023-12-05T18:10:47.078+0000] {dag.py:3722} INFO - Setting next_dagrun for example_subdag_operator.section-2 to None, run_after=None
[2023-12-05T18:10:47.093+0000] {processor.py:179} INFO - Processing /usr/local/lib/python3.10/dist-packages/airflow/example_dags/example_subdag_operator.py took 0.091 seconds
