[2023-12-05T17:46:35.893+0000] {processor.py:157} INFO - Started process (PID=9270) to work on /usr/local/lib/python3.10/dist-packages/airflow/example_dags/example_params_trigger_ui.py
[2023-12-05T17:46:35.894+0000] {processor.py:829} INFO - Processing file /usr/local/lib/python3.10/dist-packages/airflow/example_dags/example_params_trigger_ui.py for tasks to queue
[2023-12-05T17:46:35.897+0000] {logging_mixin.py:154} INFO - [2023-12-05T17:46:35.897+0000] {dagbag.py:536} INFO - Filling up the DagBag from /usr/local/lib/python3.10/dist-packages/airflow/example_dags/example_params_trigger_ui.py
[2023-12-05T17:46:35.941+0000] {processor.py:839} INFO - DAG(s) dict_keys(['example_params_trigger_ui']) retrieved from /usr/local/lib/python3.10/dist-packages/airflow/example_dags/example_params_trigger_ui.py
[2023-12-05T17:46:36.023+0000] {logging_mixin.py:154} INFO - [2023-12-05T17:46:36.023+0000] {dag.py:2941} INFO - Sync 1 DAGs
[2023-12-05T17:46:36.041+0000] {logging_mixin.py:154} INFO - [2023-12-05T17:46:36.041+0000] {dag.py:3722} INFO - Setting next_dagrun for example_params_trigger_ui to None, run_after=None
[2023-12-05T17:46:36.076+0000] {processor.py:179} INFO - Processing /usr/local/lib/python3.10/dist-packages/airflow/example_dags/example_params_trigger_ui.py took 0.190 seconds
[2023-12-05T17:47:25.349+0000] {processor.py:157} INFO - Started process (PID=9380) to work on /usr/local/lib/python3.10/dist-packages/airflow/example_dags/example_params_trigger_ui.py
[2023-12-05T17:47:25.351+0000] {processor.py:829} INFO - Processing file /usr/local/lib/python3.10/dist-packages/airflow/example_dags/example_params_trigger_ui.py for tasks to queue
[2023-12-05T17:47:25.353+0000] {logging_mixin.py:154} INFO - [2023-12-05T17:47:25.353+0000] {dagbag.py:536} INFO - Filling up the DagBag from /usr/local/lib/python3.10/dist-packages/airflow/example_dags/example_params_trigger_ui.py
[2023-12-05T17:47:25.393+0000] {processor.py:839} INFO - DAG(s) dict_keys(['example_params_trigger_ui']) retrieved from /usr/local/lib/python3.10/dist-packages/airflow/example_dags/example_params_trigger_ui.py
[2023-12-05T17:47:25.470+0000] {logging_mixin.py:154} INFO - [2023-12-05T17:47:25.469+0000] {dag.py:2941} INFO - Sync 1 DAGs
[2023-12-05T17:47:25.492+0000] {logging_mixin.py:154} INFO - [2023-12-05T17:47:25.492+0000] {dag.py:3722} INFO - Setting next_dagrun for example_params_trigger_ui to None, run_after=None
[2023-12-05T17:47:25.521+0000] {processor.py:179} INFO - Processing /usr/local/lib/python3.10/dist-packages/airflow/example_dags/example_params_trigger_ui.py took 0.181 seconds
[2023-12-05T17:48:19.820+0000] {processor.py:157} INFO - Started process (PID=9560) to work on /usr/local/lib/python3.10/dist-packages/airflow/example_dags/example_params_trigger_ui.py
[2023-12-05T17:48:19.821+0000] {processor.py:829} INFO - Processing file /usr/local/lib/python3.10/dist-packages/airflow/example_dags/example_params_trigger_ui.py for tasks to queue
[2023-12-05T17:48:19.822+0000] {logging_mixin.py:154} INFO - [2023-12-05T17:48:19.822+0000] {dagbag.py:536} INFO - Filling up the DagBag from /usr/local/lib/python3.10/dist-packages/airflow/example_dags/example_params_trigger_ui.py
[2023-12-05T17:48:19.843+0000] {processor.py:839} INFO - DAG(s) dict_keys(['example_params_trigger_ui']) retrieved from /usr/local/lib/python3.10/dist-packages/airflow/example_dags/example_params_trigger_ui.py
[2023-12-05T17:48:19.910+0000] {logging_mixin.py:154} INFO - [2023-12-05T17:48:19.909+0000] {dag.py:2941} INFO - Sync 1 DAGs
[2023-12-05T17:48:19.924+0000] {logging_mixin.py:154} INFO - [2023-12-05T17:48:19.924+0000] {dag.py:3722} INFO - Setting next_dagrun for example_params_trigger_ui to None, run_after=None
[2023-12-05T17:48:19.953+0000] {processor.py:179} INFO - Processing /usr/local/lib/python3.10/dist-packages/airflow/example_dags/example_params_trigger_ui.py took 0.151 seconds
[2023-12-05T17:49:15.370+0000] {processor.py:157} INFO - Started process (PID=9680) to work on /usr/local/lib/python3.10/dist-packages/airflow/example_dags/example_params_trigger_ui.py
[2023-12-05T17:49:15.373+0000] {processor.py:829} INFO - Processing file /usr/local/lib/python3.10/dist-packages/airflow/example_dags/example_params_trigger_ui.py for tasks to queue
[2023-12-05T17:49:15.374+0000] {logging_mixin.py:154} INFO - [2023-12-05T17:49:15.374+0000] {dagbag.py:536} INFO - Filling up the DagBag from /usr/local/lib/python3.10/dist-packages/airflow/example_dags/example_params_trigger_ui.py
[2023-12-05T17:49:15.404+0000] {processor.py:839} INFO - DAG(s) dict_keys(['example_params_trigger_ui']) retrieved from /usr/local/lib/python3.10/dist-packages/airflow/example_dags/example_params_trigger_ui.py
[2023-12-05T17:49:15.455+0000] {logging_mixin.py:154} INFO - [2023-12-05T17:49:15.455+0000] {dag.py:2941} INFO - Sync 1 DAGs
[2023-12-05T17:49:15.473+0000] {logging_mixin.py:154} INFO - [2023-12-05T17:49:15.472+0000] {dag.py:3722} INFO - Setting next_dagrun for example_params_trigger_ui to None, run_after=None
[2023-12-05T17:49:15.501+0000] {processor.py:179} INFO - Processing /usr/local/lib/python3.10/dist-packages/airflow/example_dags/example_params_trigger_ui.py took 0.139 seconds
[2023-12-05T17:50:07.819+0000] {processor.py:157} INFO - Started process (PID=9801) to work on /usr/local/lib/python3.10/dist-packages/airflow/example_dags/example_params_trigger_ui.py
[2023-12-05T17:50:07.821+0000] {processor.py:829} INFO - Processing file /usr/local/lib/python3.10/dist-packages/airflow/example_dags/example_params_trigger_ui.py for tasks to queue
[2023-12-05T17:50:07.822+0000] {logging_mixin.py:154} INFO - [2023-12-05T17:50:07.822+0000] {dagbag.py:536} INFO - Filling up the DagBag from /usr/local/lib/python3.10/dist-packages/airflow/example_dags/example_params_trigger_ui.py
[2023-12-05T17:50:07.844+0000] {processor.py:839} INFO - DAG(s) dict_keys(['example_params_trigger_ui']) retrieved from /usr/local/lib/python3.10/dist-packages/airflow/example_dags/example_params_trigger_ui.py
[2023-12-05T17:50:07.893+0000] {logging_mixin.py:154} INFO - [2023-12-05T17:50:07.893+0000] {dag.py:2941} INFO - Sync 1 DAGs
[2023-12-05T17:50:07.905+0000] {logging_mixin.py:154} INFO - [2023-12-05T17:50:07.905+0000] {dag.py:3722} INFO - Setting next_dagrun for example_params_trigger_ui to None, run_after=None
[2023-12-05T17:50:07.930+0000] {processor.py:179} INFO - Processing /usr/local/lib/python3.10/dist-packages/airflow/example_dags/example_params_trigger_ui.py took 0.122 seconds
[2023-12-05T17:51:00.754+0000] {processor.py:157} INFO - Started process (PID=9857) to work on /usr/local/lib/python3.10/dist-packages/airflow/example_dags/example_params_trigger_ui.py
[2023-12-05T17:51:00.756+0000] {processor.py:829} INFO - Processing file /usr/local/lib/python3.10/dist-packages/airflow/example_dags/example_params_trigger_ui.py for tasks to queue
[2023-12-05T17:51:00.756+0000] {logging_mixin.py:154} INFO - [2023-12-05T17:51:00.756+0000] {dagbag.py:536} INFO - Filling up the DagBag from /usr/local/lib/python3.10/dist-packages/airflow/example_dags/example_params_trigger_ui.py
[2023-12-05T17:51:00.773+0000] {processor.py:839} INFO - DAG(s) dict_keys(['example_params_trigger_ui']) retrieved from /usr/local/lib/python3.10/dist-packages/airflow/example_dags/example_params_trigger_ui.py
[2023-12-05T17:51:00.814+0000] {logging_mixin.py:154} INFO - [2023-12-05T17:51:00.814+0000] {dag.py:2941} INFO - Sync 1 DAGs
[2023-12-05T17:51:00.833+0000] {logging_mixin.py:154} INFO - [2023-12-05T17:51:00.833+0000] {dag.py:3722} INFO - Setting next_dagrun for example_params_trigger_ui to None, run_after=None
[2023-12-05T17:51:00.859+0000] {processor.py:179} INFO - Processing /usr/local/lib/python3.10/dist-packages/airflow/example_dags/example_params_trigger_ui.py took 0.109 seconds
[2023-12-05T17:51:54.057+0000] {processor.py:157} INFO - Started process (PID=10038) to work on /usr/local/lib/python3.10/dist-packages/airflow/example_dags/example_params_trigger_ui.py
[2023-12-05T17:51:54.066+0000] {processor.py:829} INFO - Processing file /usr/local/lib/python3.10/dist-packages/airflow/example_dags/example_params_trigger_ui.py for tasks to queue
[2023-12-05T17:51:54.067+0000] {logging_mixin.py:154} INFO - [2023-12-05T17:51:54.066+0000] {dagbag.py:536} INFO - Filling up the DagBag from /usr/local/lib/python3.10/dist-packages/airflow/example_dags/example_params_trigger_ui.py
[2023-12-05T17:51:54.083+0000] {processor.py:839} INFO - DAG(s) dict_keys(['example_params_trigger_ui']) retrieved from /usr/local/lib/python3.10/dist-packages/airflow/example_dags/example_params_trigger_ui.py
[2023-12-05T17:51:54.121+0000] {logging_mixin.py:154} INFO - [2023-12-05T17:51:54.121+0000] {dag.py:2941} INFO - Sync 1 DAGs
[2023-12-05T17:51:54.132+0000] {logging_mixin.py:154} INFO - [2023-12-05T17:51:54.132+0000] {dag.py:3722} INFO - Setting next_dagrun for example_params_trigger_ui to None, run_after=None
[2023-12-05T17:51:54.152+0000] {processor.py:179} INFO - Processing /usr/local/lib/python3.10/dist-packages/airflow/example_dags/example_params_trigger_ui.py took 0.099 seconds
[2023-12-05T17:52:43.378+0000] {processor.py:157} INFO - Started process (PID=10152) to work on /usr/local/lib/python3.10/dist-packages/airflow/example_dags/example_params_trigger_ui.py
[2023-12-05T17:52:43.379+0000] {processor.py:829} INFO - Processing file /usr/local/lib/python3.10/dist-packages/airflow/example_dags/example_params_trigger_ui.py for tasks to queue
[2023-12-05T17:52:43.380+0000] {logging_mixin.py:154} INFO - [2023-12-05T17:52:43.380+0000] {dagbag.py:536} INFO - Filling up the DagBag from /usr/local/lib/python3.10/dist-packages/airflow/example_dags/example_params_trigger_ui.py
[2023-12-05T17:52:43.406+0000] {processor.py:839} INFO - DAG(s) dict_keys(['example_params_trigger_ui']) retrieved from /usr/local/lib/python3.10/dist-packages/airflow/example_dags/example_params_trigger_ui.py
[2023-12-05T17:52:43.455+0000] {logging_mixin.py:154} INFO - [2023-12-05T17:52:43.455+0000] {dag.py:2941} INFO - Sync 1 DAGs
[2023-12-05T17:52:43.468+0000] {logging_mixin.py:154} INFO - [2023-12-05T17:52:43.468+0000] {dag.py:3722} INFO - Setting next_dagrun for example_params_trigger_ui to None, run_after=None
[2023-12-05T17:52:43.497+0000] {processor.py:179} INFO - Processing /usr/local/lib/python3.10/dist-packages/airflow/example_dags/example_params_trigger_ui.py took 0.124 seconds
[2023-12-05T17:53:35.466+0000] {processor.py:157} INFO - Started process (PID=10334) to work on /usr/local/lib/python3.10/dist-packages/airflow/example_dags/example_params_trigger_ui.py
[2023-12-05T17:53:35.468+0000] {processor.py:829} INFO - Processing file /usr/local/lib/python3.10/dist-packages/airflow/example_dags/example_params_trigger_ui.py for tasks to queue
[2023-12-05T17:53:35.469+0000] {logging_mixin.py:154} INFO - [2023-12-05T17:53:35.469+0000] {dagbag.py:536} INFO - Filling up the DagBag from /usr/local/lib/python3.10/dist-packages/airflow/example_dags/example_params_trigger_ui.py
[2023-12-05T17:53:35.486+0000] {processor.py:839} INFO - DAG(s) dict_keys(['example_params_trigger_ui']) retrieved from /usr/local/lib/python3.10/dist-packages/airflow/example_dags/example_params_trigger_ui.py
[2023-12-05T17:53:35.538+0000] {logging_mixin.py:154} INFO - [2023-12-05T17:53:35.538+0000] {dag.py:2941} INFO - Sync 1 DAGs
[2023-12-05T17:53:35.550+0000] {logging_mixin.py:154} INFO - [2023-12-05T17:53:35.550+0000] {dag.py:3722} INFO - Setting next_dagrun for example_params_trigger_ui to None, run_after=None
[2023-12-05T17:53:35.574+0000] {processor.py:179} INFO - Processing /usr/local/lib/python3.10/dist-packages/airflow/example_dags/example_params_trigger_ui.py took 0.112 seconds
[2023-12-05T17:54:24.259+0000] {processor.py:157} INFO - Started process (PID=10453) to work on /usr/local/lib/python3.10/dist-packages/airflow/example_dags/example_params_trigger_ui.py
[2023-12-05T17:54:24.262+0000] {processor.py:829} INFO - Processing file /usr/local/lib/python3.10/dist-packages/airflow/example_dags/example_params_trigger_ui.py for tasks to queue
[2023-12-05T17:54:24.265+0000] {logging_mixin.py:154} INFO - [2023-12-05T17:54:24.264+0000] {dagbag.py:536} INFO - Filling up the DagBag from /usr/local/lib/python3.10/dist-packages/airflow/example_dags/example_params_trigger_ui.py
[2023-12-05T17:54:24.293+0000] {processor.py:839} INFO - DAG(s) dict_keys(['example_params_trigger_ui']) retrieved from /usr/local/lib/python3.10/dist-packages/airflow/example_dags/example_params_trigger_ui.py
[2023-12-05T17:54:24.333+0000] {logging_mixin.py:154} INFO - [2023-12-05T17:54:24.333+0000] {dag.py:2941} INFO - Sync 1 DAGs
[2023-12-05T17:54:24.345+0000] {logging_mixin.py:154} INFO - [2023-12-05T17:54:24.345+0000] {dag.py:3722} INFO - Setting next_dagrun for example_params_trigger_ui to None, run_after=None
[2023-12-05T17:54:24.370+0000] {processor.py:179} INFO - Processing /usr/local/lib/python3.10/dist-packages/airflow/example_dags/example_params_trigger_ui.py took 0.118 seconds
[2023-12-05T17:55:17.536+0000] {processor.py:157} INFO - Started process (PID=10569) to work on /usr/local/lib/python3.10/dist-packages/airflow/example_dags/example_params_trigger_ui.py
[2023-12-05T17:55:17.537+0000] {processor.py:829} INFO - Processing file /usr/local/lib/python3.10/dist-packages/airflow/example_dags/example_params_trigger_ui.py for tasks to queue
[2023-12-05T17:55:17.538+0000] {logging_mixin.py:154} INFO - [2023-12-05T17:55:17.538+0000] {dagbag.py:536} INFO - Filling up the DagBag from /usr/local/lib/python3.10/dist-packages/airflow/example_dags/example_params_trigger_ui.py
[2023-12-05T17:55:17.560+0000] {processor.py:839} INFO - DAG(s) dict_keys(['example_params_trigger_ui']) retrieved from /usr/local/lib/python3.10/dist-packages/airflow/example_dags/example_params_trigger_ui.py
[2023-12-05T17:55:17.615+0000] {logging_mixin.py:154} INFO - [2023-12-05T17:55:17.615+0000] {dag.py:2941} INFO - Sync 1 DAGs
[2023-12-05T17:55:17.640+0000] {logging_mixin.py:154} INFO - [2023-12-05T17:55:17.639+0000] {dag.py:3722} INFO - Setting next_dagrun for example_params_trigger_ui to None, run_after=None
[2023-12-05T17:55:17.668+0000] {processor.py:179} INFO - Processing /usr/local/lib/python3.10/dist-packages/airflow/example_dags/example_params_trigger_ui.py took 0.135 seconds
[2023-12-05T17:56:09.544+0000] {processor.py:157} INFO - Started process (PID=10714) to work on /usr/local/lib/python3.10/dist-packages/airflow/example_dags/example_params_trigger_ui.py
[2023-12-05T17:56:09.546+0000] {processor.py:829} INFO - Processing file /usr/local/lib/python3.10/dist-packages/airflow/example_dags/example_params_trigger_ui.py for tasks to queue
[2023-12-05T17:56:09.547+0000] {logging_mixin.py:154} INFO - [2023-12-05T17:56:09.547+0000] {dagbag.py:536} INFO - Filling up the DagBag from /usr/local/lib/python3.10/dist-packages/airflow/example_dags/example_params_trigger_ui.py
[2023-12-05T17:56:09.564+0000] {processor.py:839} INFO - DAG(s) dict_keys(['example_params_trigger_ui']) retrieved from /usr/local/lib/python3.10/dist-packages/airflow/example_dags/example_params_trigger_ui.py
[2023-12-05T17:56:09.605+0000] {logging_mixin.py:154} INFO - [2023-12-05T17:56:09.605+0000] {dag.py:2941} INFO - Sync 1 DAGs
[2023-12-05T17:56:09.616+0000] {logging_mixin.py:154} INFO - [2023-12-05T17:56:09.616+0000] {dag.py:3722} INFO - Setting next_dagrun for example_params_trigger_ui to None, run_after=None
[2023-12-05T17:56:09.639+0000] {processor.py:179} INFO - Processing /usr/local/lib/python3.10/dist-packages/airflow/example_dags/example_params_trigger_ui.py took 0.102 seconds
[2023-12-05T17:57:01.480+0000] {processor.py:157} INFO - Started process (PID=10811) to work on /usr/local/lib/python3.10/dist-packages/airflow/example_dags/example_params_trigger_ui.py
[2023-12-05T17:57:01.482+0000] {processor.py:829} INFO - Processing file /usr/local/lib/python3.10/dist-packages/airflow/example_dags/example_params_trigger_ui.py for tasks to queue
[2023-12-05T17:57:01.483+0000] {logging_mixin.py:154} INFO - [2023-12-05T17:57:01.482+0000] {dagbag.py:536} INFO - Filling up the DagBag from /usr/local/lib/python3.10/dist-packages/airflow/example_dags/example_params_trigger_ui.py
[2023-12-05T17:57:01.502+0000] {processor.py:839} INFO - DAG(s) dict_keys(['example_params_trigger_ui']) retrieved from /usr/local/lib/python3.10/dist-packages/airflow/example_dags/example_params_trigger_ui.py
[2023-12-05T17:57:01.582+0000] {logging_mixin.py:154} INFO - [2023-12-05T17:57:01.581+0000] {dag.py:2941} INFO - Sync 1 DAGs
[2023-12-05T17:57:01.610+0000] {logging_mixin.py:154} INFO - [2023-12-05T17:57:01.610+0000] {dag.py:3722} INFO - Setting next_dagrun for example_params_trigger_ui to None, run_after=None
[2023-12-05T17:57:01.646+0000] {processor.py:179} INFO - Processing /usr/local/lib/python3.10/dist-packages/airflow/example_dags/example_params_trigger_ui.py took 0.172 seconds
[2023-12-05T17:57:57.689+0000] {processor.py:157} INFO - Started process (PID=10931) to work on /usr/local/lib/python3.10/dist-packages/airflow/example_dags/example_params_trigger_ui.py
[2023-12-05T17:57:57.690+0000] {processor.py:829} INFO - Processing file /usr/local/lib/python3.10/dist-packages/airflow/example_dags/example_params_trigger_ui.py for tasks to queue
[2023-12-05T17:57:57.691+0000] {logging_mixin.py:154} INFO - [2023-12-05T17:57:57.691+0000] {dagbag.py:536} INFO - Filling up the DagBag from /usr/local/lib/python3.10/dist-packages/airflow/example_dags/example_params_trigger_ui.py
[2023-12-05T17:57:57.710+0000] {processor.py:839} INFO - DAG(s) dict_keys(['example_params_trigger_ui']) retrieved from /usr/local/lib/python3.10/dist-packages/airflow/example_dags/example_params_trigger_ui.py
[2023-12-05T17:57:57.773+0000] {logging_mixin.py:154} INFO - [2023-12-05T17:57:57.770+0000] {dag.py:2941} INFO - Sync 1 DAGs
[2023-12-05T17:57:57.791+0000] {logging_mixin.py:154} INFO - [2023-12-05T17:57:57.791+0000] {dag.py:3722} INFO - Setting next_dagrun for example_params_trigger_ui to None, run_after=None
[2023-12-05T17:57:57.830+0000] {processor.py:179} INFO - Processing /usr/local/lib/python3.10/dist-packages/airflow/example_dags/example_params_trigger_ui.py took 0.145 seconds
[2023-12-05T17:58:50.739+0000] {processor.py:157} INFO - Started process (PID=11057) to work on /usr/local/lib/python3.10/dist-packages/airflow/example_dags/example_params_trigger_ui.py
[2023-12-05T17:58:50.741+0000] {processor.py:829} INFO - Processing file /usr/local/lib/python3.10/dist-packages/airflow/example_dags/example_params_trigger_ui.py for tasks to queue
[2023-12-05T17:58:50.742+0000] {logging_mixin.py:154} INFO - [2023-12-05T17:58:50.741+0000] {dagbag.py:536} INFO - Filling up the DagBag from /usr/local/lib/python3.10/dist-packages/airflow/example_dags/example_params_trigger_ui.py
[2023-12-05T17:58:50.763+0000] {processor.py:839} INFO - DAG(s) dict_keys(['example_params_trigger_ui']) retrieved from /usr/local/lib/python3.10/dist-packages/airflow/example_dags/example_params_trigger_ui.py
[2023-12-05T17:58:50.815+0000] {logging_mixin.py:154} INFO - [2023-12-05T17:58:50.814+0000] {dag.py:2941} INFO - Sync 1 DAGs
[2023-12-05T17:58:50.828+0000] {logging_mixin.py:154} INFO - [2023-12-05T17:58:50.827+0000] {dag.py:3722} INFO - Setting next_dagrun for example_params_trigger_ui to None, run_after=None
[2023-12-05T17:58:50.855+0000] {processor.py:179} INFO - Processing /usr/local/lib/python3.10/dist-packages/airflow/example_dags/example_params_trigger_ui.py took 0.123 seconds
[2023-12-05T17:59:42.841+0000] {processor.py:157} INFO - Started process (PID=11178) to work on /usr/local/lib/python3.10/dist-packages/airflow/example_dags/example_params_trigger_ui.py
[2023-12-05T17:59:42.842+0000] {processor.py:829} INFO - Processing file /usr/local/lib/python3.10/dist-packages/airflow/example_dags/example_params_trigger_ui.py for tasks to queue
[2023-12-05T17:59:42.844+0000] {logging_mixin.py:154} INFO - [2023-12-05T17:59:42.843+0000] {dagbag.py:536} INFO - Filling up the DagBag from /usr/local/lib/python3.10/dist-packages/airflow/example_dags/example_params_trigger_ui.py
[2023-12-05T17:59:42.867+0000] {processor.py:839} INFO - DAG(s) dict_keys(['example_params_trigger_ui']) retrieved from /usr/local/lib/python3.10/dist-packages/airflow/example_dags/example_params_trigger_ui.py
[2023-12-05T17:59:42.922+0000] {logging_mixin.py:154} INFO - [2023-12-05T17:59:42.921+0000] {dag.py:2941} INFO - Sync 1 DAGs
[2023-12-05T17:59:42.940+0000] {logging_mixin.py:154} INFO - [2023-12-05T17:59:42.940+0000] {dag.py:3722} INFO - Setting next_dagrun for example_params_trigger_ui to None, run_after=None
[2023-12-05T17:59:42.974+0000] {processor.py:179} INFO - Processing /usr/local/lib/python3.10/dist-packages/airflow/example_dags/example_params_trigger_ui.py took 0.136 seconds
[2023-12-05T18:00:34.713+0000] {processor.py:157} INFO - Started process (PID=11297) to work on /usr/local/lib/python3.10/dist-packages/airflow/example_dags/example_params_trigger_ui.py
[2023-12-05T18:00:34.716+0000] {processor.py:829} INFO - Processing file /usr/local/lib/python3.10/dist-packages/airflow/example_dags/example_params_trigger_ui.py for tasks to queue
[2023-12-05T18:00:34.719+0000] {logging_mixin.py:154} INFO - [2023-12-05T18:00:34.718+0000] {dagbag.py:536} INFO - Filling up the DagBag from /usr/local/lib/python3.10/dist-packages/airflow/example_dags/example_params_trigger_ui.py
[2023-12-05T18:00:34.742+0000] {processor.py:839} INFO - DAG(s) dict_keys(['example_params_trigger_ui']) retrieved from /usr/local/lib/python3.10/dist-packages/airflow/example_dags/example_params_trigger_ui.py
[2023-12-05T18:00:34.784+0000] {logging_mixin.py:154} INFO - [2023-12-05T18:00:34.784+0000] {dag.py:2941} INFO - Sync 1 DAGs
[2023-12-05T18:00:34.796+0000] {logging_mixin.py:154} INFO - [2023-12-05T18:00:34.796+0000] {dag.py:3722} INFO - Setting next_dagrun for example_params_trigger_ui to None, run_after=None
[2023-12-05T18:00:34.822+0000] {processor.py:179} INFO - Processing /usr/local/lib/python3.10/dist-packages/airflow/example_dags/example_params_trigger_ui.py took 0.114 seconds
[2023-12-05T18:01:22.103+0000] {processor.py:157} INFO - Started process (PID=11470) to work on /usr/local/lib/python3.10/dist-packages/airflow/example_dags/example_params_trigger_ui.py
[2023-12-05T18:01:22.105+0000] {processor.py:829} INFO - Processing file /usr/local/lib/python3.10/dist-packages/airflow/example_dags/example_params_trigger_ui.py for tasks to queue
[2023-12-05T18:01:22.106+0000] {logging_mixin.py:154} INFO - [2023-12-05T18:01:22.105+0000] {dagbag.py:536} INFO - Filling up the DagBag from /usr/local/lib/python3.10/dist-packages/airflow/example_dags/example_params_trigger_ui.py
[2023-12-05T18:01:22.128+0000] {processor.py:839} INFO - DAG(s) dict_keys(['example_params_trigger_ui']) retrieved from /usr/local/lib/python3.10/dist-packages/airflow/example_dags/example_params_trigger_ui.py
[2023-12-05T18:01:22.182+0000] {logging_mixin.py:154} INFO - [2023-12-05T18:01:22.182+0000] {dag.py:2941} INFO - Sync 1 DAGs
[2023-12-05T18:01:22.195+0000] {logging_mixin.py:154} INFO - [2023-12-05T18:01:22.194+0000] {dag.py:3722} INFO - Setting next_dagrun for example_params_trigger_ui to None, run_after=None
[2023-12-05T18:01:22.223+0000] {processor.py:179} INFO - Processing /usr/local/lib/python3.10/dist-packages/airflow/example_dags/example_params_trigger_ui.py took 0.125 seconds
[2023-12-05T18:02:09.882+0000] {processor.py:157} INFO - Started process (PID=11590) to work on /usr/local/lib/python3.10/dist-packages/airflow/example_dags/example_params_trigger_ui.py
[2023-12-05T18:02:09.884+0000] {processor.py:829} INFO - Processing file /usr/local/lib/python3.10/dist-packages/airflow/example_dags/example_params_trigger_ui.py for tasks to queue
[2023-12-05T18:02:09.885+0000] {logging_mixin.py:154} INFO - [2023-12-05T18:02:09.884+0000] {dagbag.py:536} INFO - Filling up the DagBag from /usr/local/lib/python3.10/dist-packages/airflow/example_dags/example_params_trigger_ui.py
[2023-12-05T18:02:09.905+0000] {processor.py:839} INFO - DAG(s) dict_keys(['example_params_trigger_ui']) retrieved from /usr/local/lib/python3.10/dist-packages/airflow/example_dags/example_params_trigger_ui.py
[2023-12-05T18:02:09.984+0000] {logging_mixin.py:154} INFO - [2023-12-05T18:02:09.983+0000] {dag.py:2941} INFO - Sync 1 DAGs
[2023-12-05T18:02:09.998+0000] {logging_mixin.py:154} INFO - [2023-12-05T18:02:09.997+0000] {dag.py:3722} INFO - Setting next_dagrun for example_params_trigger_ui to None, run_after=None
[2023-12-05T18:02:10.028+0000] {processor.py:179} INFO - Processing /usr/local/lib/python3.10/dist-packages/airflow/example_dags/example_params_trigger_ui.py took 0.149 seconds
[2023-12-05T18:03:03.081+0000] {processor.py:157} INFO - Started process (PID=11651) to work on /usr/local/lib/python3.10/dist-packages/airflow/example_dags/example_params_trigger_ui.py
[2023-12-05T18:03:03.087+0000] {processor.py:829} INFO - Processing file /usr/local/lib/python3.10/dist-packages/airflow/example_dags/example_params_trigger_ui.py for tasks to queue
[2023-12-05T18:03:03.088+0000] {logging_mixin.py:154} INFO - [2023-12-05T18:03:03.088+0000] {dagbag.py:536} INFO - Filling up the DagBag from /usr/local/lib/python3.10/dist-packages/airflow/example_dags/example_params_trigger_ui.py
[2023-12-05T18:03:03.106+0000] {processor.py:839} INFO - DAG(s) dict_keys(['example_params_trigger_ui']) retrieved from /usr/local/lib/python3.10/dist-packages/airflow/example_dags/example_params_trigger_ui.py
[2023-12-05T18:03:03.157+0000] {logging_mixin.py:154} INFO - [2023-12-05T18:03:03.156+0000] {dag.py:2941} INFO - Sync 1 DAGs
[2023-12-05T18:03:03.173+0000] {logging_mixin.py:154} INFO - [2023-12-05T18:03:03.172+0000] {dag.py:3722} INFO - Setting next_dagrun for example_params_trigger_ui to None, run_after=None
[2023-12-05T18:03:03.212+0000] {processor.py:179} INFO - Processing /usr/local/lib/python3.10/dist-packages/airflow/example_dags/example_params_trigger_ui.py took 0.140 seconds
[2023-12-05T18:03:53.849+0000] {processor.py:157} INFO - Started process (PID=11768) to work on /usr/local/lib/python3.10/dist-packages/airflow/example_dags/example_params_trigger_ui.py
[2023-12-05T18:03:53.851+0000] {processor.py:829} INFO - Processing file /usr/local/lib/python3.10/dist-packages/airflow/example_dags/example_params_trigger_ui.py for tasks to queue
[2023-12-05T18:03:53.852+0000] {logging_mixin.py:154} INFO - [2023-12-05T18:03:53.851+0000] {dagbag.py:536} INFO - Filling up the DagBag from /usr/local/lib/python3.10/dist-packages/airflow/example_dags/example_params_trigger_ui.py
[2023-12-05T18:03:53.872+0000] {processor.py:839} INFO - DAG(s) dict_keys(['example_params_trigger_ui']) retrieved from /usr/local/lib/python3.10/dist-packages/airflow/example_dags/example_params_trigger_ui.py
[2023-12-05T18:03:53.924+0000] {logging_mixin.py:154} INFO - [2023-12-05T18:03:53.924+0000] {dag.py:2941} INFO - Sync 1 DAGs
[2023-12-05T18:03:53.938+0000] {logging_mixin.py:154} INFO - [2023-12-05T18:03:53.938+0000] {dag.py:3722} INFO - Setting next_dagrun for example_params_trigger_ui to None, run_after=None
[2023-12-05T18:03:53.964+0000] {processor.py:179} INFO - Processing /usr/local/lib/python3.10/dist-packages/airflow/example_dags/example_params_trigger_ui.py took 0.118 seconds
[2023-12-05T18:04:42.114+0000] {processor.py:157} INFO - Started process (PID=11887) to work on /usr/local/lib/python3.10/dist-packages/airflow/example_dags/example_params_trigger_ui.py
[2023-12-05T18:04:42.119+0000] {processor.py:829} INFO - Processing file /usr/local/lib/python3.10/dist-packages/airflow/example_dags/example_params_trigger_ui.py for tasks to queue
[2023-12-05T18:04:42.121+0000] {logging_mixin.py:154} INFO - [2023-12-05T18:04:42.120+0000] {dagbag.py:536} INFO - Filling up the DagBag from /usr/local/lib/python3.10/dist-packages/airflow/example_dags/example_params_trigger_ui.py
[2023-12-05T18:04:42.145+0000] {processor.py:839} INFO - DAG(s) dict_keys(['example_params_trigger_ui']) retrieved from /usr/local/lib/python3.10/dist-packages/airflow/example_dags/example_params_trigger_ui.py
[2023-12-05T18:04:42.191+0000] {logging_mixin.py:154} INFO - [2023-12-05T18:04:42.191+0000] {dag.py:2941} INFO - Sync 1 DAGs
[2023-12-05T18:04:42.207+0000] {logging_mixin.py:154} INFO - [2023-12-05T18:04:42.207+0000] {dag.py:3722} INFO - Setting next_dagrun for example_params_trigger_ui to None, run_after=None
[2023-12-05T18:04:42.230+0000] {processor.py:179} INFO - Processing /usr/local/lib/python3.10/dist-packages/airflow/example_dags/example_params_trigger_ui.py took 0.119 seconds
[2023-12-05T18:05:34.328+0000] {processor.py:157} INFO - Started process (PID=12518) to work on /usr/local/lib/python3.10/dist-packages/airflow/example_dags/example_params_trigger_ui.py
[2023-12-05T18:05:34.330+0000] {processor.py:829} INFO - Processing file /usr/local/lib/python3.10/dist-packages/airflow/example_dags/example_params_trigger_ui.py for tasks to queue
[2023-12-05T18:05:34.331+0000] {logging_mixin.py:154} INFO - [2023-12-05T18:05:34.331+0000] {dagbag.py:536} INFO - Filling up the DagBag from /usr/local/lib/python3.10/dist-packages/airflow/example_dags/example_params_trigger_ui.py
[2023-12-05T18:05:34.348+0000] {processor.py:839} INFO - DAG(s) dict_keys(['example_params_trigger_ui']) retrieved from /usr/local/lib/python3.10/dist-packages/airflow/example_dags/example_params_trigger_ui.py
[2023-12-05T18:05:34.391+0000] {logging_mixin.py:154} INFO - [2023-12-05T18:05:34.391+0000] {dag.py:2941} INFO - Sync 1 DAGs
[2023-12-05T18:05:34.402+0000] {logging_mixin.py:154} INFO - [2023-12-05T18:05:34.402+0000] {dag.py:3722} INFO - Setting next_dagrun for example_params_trigger_ui to None, run_after=None
[2023-12-05T18:05:34.429+0000] {processor.py:179} INFO - Processing /usr/local/lib/python3.10/dist-packages/airflow/example_dags/example_params_trigger_ui.py took 0.106 seconds
[2023-12-05T18:06:26.303+0000] {processor.py:157} INFO - Started process (PID=12752) to work on /usr/local/lib/python3.10/dist-packages/airflow/example_dags/example_params_trigger_ui.py
[2023-12-05T18:06:26.304+0000] {processor.py:829} INFO - Processing file /usr/local/lib/python3.10/dist-packages/airflow/example_dags/example_params_trigger_ui.py for tasks to queue
[2023-12-05T18:06:26.305+0000] {logging_mixin.py:154} INFO - [2023-12-05T18:06:26.305+0000] {dagbag.py:536} INFO - Filling up the DagBag from /usr/local/lib/python3.10/dist-packages/airflow/example_dags/example_params_trigger_ui.py
[2023-12-05T18:06:26.324+0000] {processor.py:839} INFO - DAG(s) dict_keys(['example_params_trigger_ui']) retrieved from /usr/local/lib/python3.10/dist-packages/airflow/example_dags/example_params_trigger_ui.py
[2023-12-05T18:06:26.378+0000] {logging_mixin.py:154} INFO - [2023-12-05T18:06:26.378+0000] {dag.py:2941} INFO - Sync 1 DAGs
[2023-12-05T18:06:26.390+0000] {logging_mixin.py:154} INFO - [2023-12-05T18:06:26.390+0000] {dag.py:3722} INFO - Setting next_dagrun for example_params_trigger_ui to None, run_after=None
[2023-12-05T18:06:26.417+0000] {processor.py:179} INFO - Processing /usr/local/lib/python3.10/dist-packages/airflow/example_dags/example_params_trigger_ui.py took 0.117 seconds
[2023-12-05T18:07:21.240+0000] {processor.py:157} INFO - Started process (PID=13057) to work on /usr/local/lib/python3.10/dist-packages/airflow/example_dags/example_params_trigger_ui.py
[2023-12-05T18:07:21.242+0000] {processor.py:829} INFO - Processing file /usr/local/lib/python3.10/dist-packages/airflow/example_dags/example_params_trigger_ui.py for tasks to queue
[2023-12-05T18:07:21.243+0000] {logging_mixin.py:154} INFO - [2023-12-05T18:07:21.243+0000] {dagbag.py:536} INFO - Filling up the DagBag from /usr/local/lib/python3.10/dist-packages/airflow/example_dags/example_params_trigger_ui.py
[2023-12-05T18:07:21.265+0000] {processor.py:839} INFO - DAG(s) dict_keys(['example_params_trigger_ui']) retrieved from /usr/local/lib/python3.10/dist-packages/airflow/example_dags/example_params_trigger_ui.py
[2023-12-05T18:07:21.310+0000] {logging_mixin.py:154} INFO - [2023-12-05T18:07:21.310+0000] {dag.py:2941} INFO - Sync 1 DAGs
[2023-12-05T18:07:21.322+0000] {logging_mixin.py:154} INFO - [2023-12-05T18:07:21.322+0000] {dag.py:3722} INFO - Setting next_dagrun for example_params_trigger_ui to None, run_after=None
[2023-12-05T18:07:21.347+0000] {processor.py:179} INFO - Processing /usr/local/lib/python3.10/dist-packages/airflow/example_dags/example_params_trigger_ui.py took 0.110 seconds
[2023-12-05T18:08:09.339+0000] {processor.py:157} INFO - Started process (PID=13181) to work on /usr/local/lib/python3.10/dist-packages/airflow/example_dags/example_params_trigger_ui.py
[2023-12-05T18:08:09.340+0000] {processor.py:829} INFO - Processing file /usr/local/lib/python3.10/dist-packages/airflow/example_dags/example_params_trigger_ui.py for tasks to queue
[2023-12-05T18:08:09.341+0000] {logging_mixin.py:154} INFO - [2023-12-05T18:08:09.340+0000] {dagbag.py:536} INFO - Filling up the DagBag from /usr/local/lib/python3.10/dist-packages/airflow/example_dags/example_params_trigger_ui.py
[2023-12-05T18:08:09.370+0000] {processor.py:839} INFO - DAG(s) dict_keys(['example_params_trigger_ui']) retrieved from /usr/local/lib/python3.10/dist-packages/airflow/example_dags/example_params_trigger_ui.py
[2023-12-05T18:08:09.420+0000] {logging_mixin.py:154} INFO - [2023-12-05T18:08:09.419+0000] {dag.py:2941} INFO - Sync 1 DAGs
[2023-12-05T18:08:09.431+0000] {logging_mixin.py:154} INFO - [2023-12-05T18:08:09.431+0000] {dag.py:3722} INFO - Setting next_dagrun for example_params_trigger_ui to None, run_after=None
[2023-12-05T18:08:09.455+0000] {processor.py:179} INFO - Processing /usr/local/lib/python3.10/dist-packages/airflow/example_dags/example_params_trigger_ui.py took 0.119 seconds
[2023-12-05T18:08:57.289+0000] {processor.py:157} INFO - Started process (PID=13537) to work on /usr/local/lib/python3.10/dist-packages/airflow/example_dags/example_params_trigger_ui.py
[2023-12-05T18:08:57.290+0000] {processor.py:829} INFO - Processing file /usr/local/lib/python3.10/dist-packages/airflow/example_dags/example_params_trigger_ui.py for tasks to queue
[2023-12-05T18:08:57.295+0000] {logging_mixin.py:154} INFO - [2023-12-05T18:08:57.291+0000] {dagbag.py:536} INFO - Filling up the DagBag from /usr/local/lib/python3.10/dist-packages/airflow/example_dags/example_params_trigger_ui.py
[2023-12-05T18:08:57.334+0000] {processor.py:839} INFO - DAG(s) dict_keys(['example_params_trigger_ui']) retrieved from /usr/local/lib/python3.10/dist-packages/airflow/example_dags/example_params_trigger_ui.py
[2023-12-05T18:08:57.420+0000] {logging_mixin.py:154} INFO - [2023-12-05T18:08:57.420+0000] {dag.py:2941} INFO - Sync 1 DAGs
[2023-12-05T18:08:57.453+0000] {logging_mixin.py:154} INFO - [2023-12-05T18:08:57.452+0000] {dag.py:3722} INFO - Setting next_dagrun for example_params_trigger_ui to None, run_after=None
[2023-12-05T18:08:57.482+0000] {processor.py:179} INFO - Processing /usr/local/lib/python3.10/dist-packages/airflow/example_dags/example_params_trigger_ui.py took 0.199 seconds
[2023-12-05T18:09:47.984+0000] {processor.py:157} INFO - Started process (PID=13657) to work on /usr/local/lib/python3.10/dist-packages/airflow/example_dags/example_params_trigger_ui.py
[2023-12-05T18:09:47.986+0000] {processor.py:829} INFO - Processing file /usr/local/lib/python3.10/dist-packages/airflow/example_dags/example_params_trigger_ui.py for tasks to queue
[2023-12-05T18:09:47.987+0000] {logging_mixin.py:154} INFO - [2023-12-05T18:09:47.986+0000] {dagbag.py:536} INFO - Filling up the DagBag from /usr/local/lib/python3.10/dist-packages/airflow/example_dags/example_params_trigger_ui.py
[2023-12-05T18:09:48.007+0000] {processor.py:839} INFO - DAG(s) dict_keys(['example_params_trigger_ui']) retrieved from /usr/local/lib/python3.10/dist-packages/airflow/example_dags/example_params_trigger_ui.py
[2023-12-05T18:09:48.067+0000] {logging_mixin.py:154} INFO - [2023-12-05T18:09:48.066+0000] {dag.py:2941} INFO - Sync 1 DAGs
[2023-12-05T18:09:48.092+0000] {logging_mixin.py:154} INFO - [2023-12-05T18:09:48.092+0000] {dag.py:3722} INFO - Setting next_dagrun for example_params_trigger_ui to None, run_after=None
[2023-12-05T18:09:48.115+0000] {processor.py:179} INFO - Processing /usr/local/lib/python3.10/dist-packages/airflow/example_dags/example_params_trigger_ui.py took 0.138 seconds
[2023-12-05T18:10:38.219+0000] {processor.py:157} INFO - Started process (PID=13894) to work on /usr/local/lib/python3.10/dist-packages/airflow/example_dags/example_params_trigger_ui.py
[2023-12-05T18:10:38.221+0000] {processor.py:829} INFO - Processing file /usr/local/lib/python3.10/dist-packages/airflow/example_dags/example_params_trigger_ui.py for tasks to queue
[2023-12-05T18:10:38.222+0000] {logging_mixin.py:154} INFO - [2023-12-05T18:10:38.222+0000] {dagbag.py:536} INFO - Filling up the DagBag from /usr/local/lib/python3.10/dist-packages/airflow/example_dags/example_params_trigger_ui.py
[2023-12-05T18:10:38.238+0000] {processor.py:839} INFO - DAG(s) dict_keys(['example_params_trigger_ui']) retrieved from /usr/local/lib/python3.10/dist-packages/airflow/example_dags/example_params_trigger_ui.py
[2023-12-05T18:10:38.283+0000] {logging_mixin.py:154} INFO - [2023-12-05T18:10:38.283+0000] {dag.py:2941} INFO - Sync 1 DAGs
[2023-12-05T18:10:38.295+0000] {logging_mixin.py:154} INFO - [2023-12-05T18:10:38.294+0000] {dag.py:3722} INFO - Setting next_dagrun for example_params_trigger_ui to None, run_after=None
[2023-12-05T18:10:38.319+0000] {processor.py:179} INFO - Processing /usr/local/lib/python3.10/dist-packages/airflow/example_dags/example_params_trigger_ui.py took 0.103 seconds
