[2023-12-05T17:45:02.781+0000] {processor.py:157} INFO - Started process (PID=8947) to work on /usr/local/lib/python3.10/dist-packages/airflow/example_dags/tutorial_dag.py
[2023-12-05T17:45:02.782+0000] {processor.py:829} INFO - Processing file /usr/local/lib/python3.10/dist-packages/airflow/example_dags/tutorial_dag.py for tasks to queue
[2023-12-05T17:45:02.783+0000] {logging_mixin.py:154} INFO - [2023-12-05T17:45:02.783+0000] {dagbag.py:536} INFO - Filling up the DagBag from /usr/local/lib/python3.10/dist-packages/airflow/example_dags/tutorial_dag.py
[2023-12-05T17:45:02.790+0000] {processor.py:839} INFO - DAG(s) dict_keys(['tutorial_dag']) retrieved from /usr/local/lib/python3.10/dist-packages/airflow/example_dags/tutorial_dag.py
[2023-12-05T17:45:02.941+0000] {logging_mixin.py:154} INFO - [2023-12-05T17:45:02.940+0000] {manager.py:499} INFO - Created Permission View: %s
[2023-12-05T17:45:02.956+0000] {logging_mixin.py:154} INFO - [2023-12-05T17:45:02.956+0000] {manager.py:499} INFO - Created Permission View: %s
[2023-12-05T17:45:02.969+0000] {logging_mixin.py:154} INFO - [2023-12-05T17:45:02.968+0000] {manager.py:499} INFO - Created Permission View: %s
[2023-12-05T17:45:02.969+0000] {logging_mixin.py:154} INFO - [2023-12-05T17:45:02.969+0000] {dag.py:2941} INFO - Sync 1 DAGs
[2023-12-05T17:45:02.982+0000] {logging_mixin.py:154} INFO - [2023-12-05T17:45:02.982+0000] {dag.py:2963} INFO - Creating ORM DAG for tutorial_dag
[2023-12-05T17:45:02.983+0000] {logging_mixin.py:154} INFO - [2023-12-05T17:45:02.983+0000] {dag.py:3722} INFO - Setting next_dagrun for tutorial_dag to None, run_after=None
[2023-12-05T17:45:03.031+0000] {processor.py:179} INFO - Processing /usr/local/lib/python3.10/dist-packages/airflow/example_dags/tutorial_dag.py took 0.254 seconds
[2023-12-05T17:46:16.153+0000] {processor.py:157} INFO - Started process (PID=9249) to work on /usr/local/lib/python3.10/dist-packages/airflow/example_dags/tutorial_dag.py
[2023-12-05T17:46:16.155+0000] {processor.py:829} INFO - Processing file /usr/local/lib/python3.10/dist-packages/airflow/example_dags/tutorial_dag.py for tasks to queue
[2023-12-05T17:46:16.156+0000] {logging_mixin.py:154} INFO - [2023-12-05T17:46:16.155+0000] {dagbag.py:536} INFO - Filling up the DagBag from /usr/local/lib/python3.10/dist-packages/airflow/example_dags/tutorial_dag.py
[2023-12-05T17:46:16.163+0000] {processor.py:839} INFO - DAG(s) dict_keys(['tutorial_dag']) retrieved from /usr/local/lib/python3.10/dist-packages/airflow/example_dags/tutorial_dag.py
[2023-12-05T17:46:16.175+0000] {logging_mixin.py:154} INFO - [2023-12-05T17:46:16.175+0000] {dag.py:2941} INFO - Sync 1 DAGs
[2023-12-05T17:46:16.196+0000] {logging_mixin.py:154} INFO - [2023-12-05T17:46:16.196+0000] {dag.py:3722} INFO - Setting next_dagrun for tutorial_dag to None, run_after=None
[2023-12-05T17:46:16.220+0000] {processor.py:179} INFO - Processing /usr/local/lib/python3.10/dist-packages/airflow/example_dags/tutorial_dag.py took 0.073 seconds
[2023-12-05T17:47:04.817+0000] {processor.py:157} INFO - Started process (PID=9325) to work on /usr/local/lib/python3.10/dist-packages/airflow/example_dags/tutorial_dag.py
[2023-12-05T17:47:04.819+0000] {processor.py:829} INFO - Processing file /usr/local/lib/python3.10/dist-packages/airflow/example_dags/tutorial_dag.py for tasks to queue
[2023-12-05T17:47:04.820+0000] {logging_mixin.py:154} INFO - [2023-12-05T17:47:04.819+0000] {dagbag.py:536} INFO - Filling up the DagBag from /usr/local/lib/python3.10/dist-packages/airflow/example_dags/tutorial_dag.py
[2023-12-05T17:47:04.826+0000] {processor.py:839} INFO - DAG(s) dict_keys(['tutorial_dag']) retrieved from /usr/local/lib/python3.10/dist-packages/airflow/example_dags/tutorial_dag.py
[2023-12-05T17:47:04.849+0000] {logging_mixin.py:154} INFO - [2023-12-05T17:47:04.849+0000] {dag.py:2941} INFO - Sync 1 DAGs
[2023-12-05T17:47:04.890+0000] {logging_mixin.py:154} INFO - [2023-12-05T17:47:04.890+0000] {dag.py:3722} INFO - Setting next_dagrun for tutorial_dag to None, run_after=None
[2023-12-05T17:47:04.919+0000] {processor.py:179} INFO - Processing /usr/local/lib/python3.10/dist-packages/airflow/example_dags/tutorial_dag.py took 0.110 seconds
[2023-12-05T17:47:53.719+0000] {processor.py:157} INFO - Started process (PID=9411) to work on /usr/local/lib/python3.10/dist-packages/airflow/example_dags/tutorial_dag.py
[2023-12-05T17:47:53.723+0000] {processor.py:829} INFO - Processing file /usr/local/lib/python3.10/dist-packages/airflow/example_dags/tutorial_dag.py for tasks to queue
[2023-12-05T17:47:53.726+0000] {logging_mixin.py:154} INFO - [2023-12-05T17:47:53.725+0000] {dagbag.py:536} INFO - Filling up the DagBag from /usr/local/lib/python3.10/dist-packages/airflow/example_dags/tutorial_dag.py
[2023-12-05T17:47:53.738+0000] {processor.py:839} INFO - DAG(s) dict_keys(['tutorial_dag']) retrieved from /usr/local/lib/python3.10/dist-packages/airflow/example_dags/tutorial_dag.py
[2023-12-05T17:47:53.775+0000] {logging_mixin.py:154} INFO - [2023-12-05T17:47:53.775+0000] {dag.py:2941} INFO - Sync 1 DAGs
[2023-12-05T17:47:53.805+0000] {logging_mixin.py:154} INFO - [2023-12-05T17:47:53.805+0000] {dag.py:3722} INFO - Setting next_dagrun for tutorial_dag to None, run_after=None
[2023-12-05T17:47:53.844+0000] {processor.py:179} INFO - Processing /usr/local/lib/python3.10/dist-packages/airflow/example_dags/tutorial_dag.py took 0.136 seconds
[2023-12-05T17:48:31.388+0000] {processor.py:157} INFO - Started process (PID=9572) to work on /usr/local/lib/python3.10/dist-packages/airflow/example_dags/tutorial_dag.py
[2023-12-05T17:48:31.391+0000] {processor.py:829} INFO - Processing file /usr/local/lib/python3.10/dist-packages/airflow/example_dags/tutorial_dag.py for tasks to queue
[2023-12-05T17:48:31.392+0000] {logging_mixin.py:154} INFO - [2023-12-05T17:48:31.392+0000] {dagbag.py:536} INFO - Filling up the DagBag from /usr/local/lib/python3.10/dist-packages/airflow/example_dags/tutorial_dag.py
[2023-12-05T17:48:31.400+0000] {processor.py:839} INFO - DAG(s) dict_keys(['tutorial_dag']) retrieved from /usr/local/lib/python3.10/dist-packages/airflow/example_dags/tutorial_dag.py
[2023-12-05T17:48:31.418+0000] {logging_mixin.py:154} INFO - [2023-12-05T17:48:31.418+0000] {dag.py:2941} INFO - Sync 1 DAGs
[2023-12-05T17:48:31.429+0000] {logging_mixin.py:154} INFO - [2023-12-05T17:48:31.429+0000] {dag.py:3722} INFO - Setting next_dagrun for tutorial_dag to None, run_after=None
[2023-12-05T17:48:31.453+0000] {processor.py:179} INFO - Processing /usr/local/lib/python3.10/dist-packages/airflow/example_dags/tutorial_dag.py took 0.072 seconds
[2023-12-05T17:49:08.646+0000] {processor.py:157} INFO - Started process (PID=9672) to work on /usr/local/lib/python3.10/dist-packages/airflow/example_dags/tutorial_dag.py
[2023-12-05T17:49:08.648+0000] {processor.py:829} INFO - Processing file /usr/local/lib/python3.10/dist-packages/airflow/example_dags/tutorial_dag.py for tasks to queue
[2023-12-05T17:49:08.649+0000] {logging_mixin.py:154} INFO - [2023-12-05T17:49:08.649+0000] {dagbag.py:536} INFO - Filling up the DagBag from /usr/local/lib/python3.10/dist-packages/airflow/example_dags/tutorial_dag.py
[2023-12-05T17:49:08.655+0000] {processor.py:839} INFO - DAG(s) dict_keys(['tutorial_dag']) retrieved from /usr/local/lib/python3.10/dist-packages/airflow/example_dags/tutorial_dag.py
[2023-12-05T17:49:08.673+0000] {logging_mixin.py:154} INFO - [2023-12-05T17:49:08.672+0000] {dag.py:2941} INFO - Sync 1 DAGs
[2023-12-05T17:49:08.685+0000] {logging_mixin.py:154} INFO - [2023-12-05T17:49:08.685+0000] {dag.py:3722} INFO - Setting next_dagrun for tutorial_dag to None, run_after=None
[2023-12-05T17:49:08.710+0000] {processor.py:179} INFO - Processing /usr/local/lib/python3.10/dist-packages/airflow/example_dags/tutorial_dag.py took 0.067 seconds
[2023-12-05T17:50:02.535+0000] {processor.py:157} INFO - Started process (PID=9733) to work on /usr/local/lib/python3.10/dist-packages/airflow/example_dags/tutorial_dag.py
[2023-12-05T17:50:02.538+0000] {processor.py:829} INFO - Processing file /usr/local/lib/python3.10/dist-packages/airflow/example_dags/tutorial_dag.py for tasks to queue
[2023-12-05T17:50:02.541+0000] {logging_mixin.py:154} INFO - [2023-12-05T17:50:02.539+0000] {dagbag.py:536} INFO - Filling up the DagBag from /usr/local/lib/python3.10/dist-packages/airflow/example_dags/tutorial_dag.py
[2023-12-05T17:50:02.554+0000] {processor.py:839} INFO - DAG(s) dict_keys(['tutorial_dag']) retrieved from /usr/local/lib/python3.10/dist-packages/airflow/example_dags/tutorial_dag.py
[2023-12-05T17:50:02.580+0000] {logging_mixin.py:154} INFO - [2023-12-05T17:50:02.580+0000] {dag.py:2941} INFO - Sync 1 DAGs
[2023-12-05T17:50:02.598+0000] {logging_mixin.py:154} INFO - [2023-12-05T17:50:02.598+0000] {dag.py:3722} INFO - Setting next_dagrun for tutorial_dag to None, run_after=None
[2023-12-05T17:50:02.629+0000] {processor.py:179} INFO - Processing /usr/local/lib/python3.10/dist-packages/airflow/example_dags/tutorial_dag.py took 0.102 seconds
[2023-12-05T17:50:54.431+0000] {processor.py:157} INFO - Started process (PID=9851) to work on /usr/local/lib/python3.10/dist-packages/airflow/example_dags/tutorial_dag.py
[2023-12-05T17:50:54.432+0000] {processor.py:829} INFO - Processing file /usr/local/lib/python3.10/dist-packages/airflow/example_dags/tutorial_dag.py for tasks to queue
[2023-12-05T17:50:54.433+0000] {logging_mixin.py:154} INFO - [2023-12-05T17:50:54.433+0000] {dagbag.py:536} INFO - Filling up the DagBag from /usr/local/lib/python3.10/dist-packages/airflow/example_dags/tutorial_dag.py
[2023-12-05T17:50:54.442+0000] {processor.py:839} INFO - DAG(s) dict_keys(['tutorial_dag']) retrieved from /usr/local/lib/python3.10/dist-packages/airflow/example_dags/tutorial_dag.py
[2023-12-05T17:50:54.460+0000] {logging_mixin.py:154} INFO - [2023-12-05T17:50:54.460+0000] {dag.py:2941} INFO - Sync 1 DAGs
[2023-12-05T17:50:54.471+0000] {logging_mixin.py:154} INFO - [2023-12-05T17:50:54.471+0000] {dag.py:3722} INFO - Setting next_dagrun for tutorial_dag to None, run_after=None
[2023-12-05T17:50:54.496+0000] {processor.py:179} INFO - Processing /usr/local/lib/python3.10/dist-packages/airflow/example_dags/tutorial_dag.py took 0.068 seconds
[2023-12-05T17:51:46.231+0000] {processor.py:157} INFO - Started process (PID=10029) to work on /usr/local/lib/python3.10/dist-packages/airflow/example_dags/tutorial_dag.py
[2023-12-05T17:51:46.238+0000] {processor.py:829} INFO - Processing file /usr/local/lib/python3.10/dist-packages/airflow/example_dags/tutorial_dag.py for tasks to queue
[2023-12-05T17:51:46.240+0000] {logging_mixin.py:154} INFO - [2023-12-05T17:51:46.239+0000] {dagbag.py:536} INFO - Filling up the DagBag from /usr/local/lib/python3.10/dist-packages/airflow/example_dags/tutorial_dag.py
[2023-12-05T17:51:46.248+0000] {processor.py:839} INFO - DAG(s) dict_keys(['tutorial_dag']) retrieved from /usr/local/lib/python3.10/dist-packages/airflow/example_dags/tutorial_dag.py
[2023-12-05T17:51:46.280+0000] {logging_mixin.py:154} INFO - [2023-12-05T17:51:46.280+0000] {dag.py:2941} INFO - Sync 1 DAGs
[2023-12-05T17:51:46.297+0000] {logging_mixin.py:154} INFO - [2023-12-05T17:51:46.296+0000] {dag.py:3722} INFO - Setting next_dagrun for tutorial_dag to None, run_after=None
[2023-12-05T17:51:46.324+0000] {processor.py:179} INFO - Processing /usr/local/lib/python3.10/dist-packages/airflow/example_dags/tutorial_dag.py took 0.098 seconds
[2023-12-05T17:52:34.522+0000] {processor.py:157} INFO - Started process (PID=10143) to work on /usr/local/lib/python3.10/dist-packages/airflow/example_dags/tutorial_dag.py
[2023-12-05T17:52:34.523+0000] {processor.py:829} INFO - Processing file /usr/local/lib/python3.10/dist-packages/airflow/example_dags/tutorial_dag.py for tasks to queue
[2023-12-05T17:52:34.524+0000] {logging_mixin.py:154} INFO - [2023-12-05T17:52:34.524+0000] {dagbag.py:536} INFO - Filling up the DagBag from /usr/local/lib/python3.10/dist-packages/airflow/example_dags/tutorial_dag.py
[2023-12-05T17:52:34.530+0000] {processor.py:839} INFO - DAG(s) dict_keys(['tutorial_dag']) retrieved from /usr/local/lib/python3.10/dist-packages/airflow/example_dags/tutorial_dag.py
[2023-12-05T17:52:34.549+0000] {logging_mixin.py:154} INFO - [2023-12-05T17:52:34.549+0000] {dag.py:2941} INFO - Sync 1 DAGs
[2023-12-05T17:52:34.563+0000] {logging_mixin.py:154} INFO - [2023-12-05T17:52:34.562+0000] {dag.py:3722} INFO - Setting next_dagrun for tutorial_dag to None, run_after=None
[2023-12-05T17:52:34.587+0000] {processor.py:179} INFO - Processing /usr/local/lib/python3.10/dist-packages/airflow/example_dags/tutorial_dag.py took 0.069 seconds
[2023-12-05T17:53:10.502+0000] {processor.py:157} INFO - Started process (PID=10307) to work on /usr/local/lib/python3.10/dist-packages/airflow/example_dags/tutorial_dag.py
[2023-12-05T17:53:10.503+0000] {processor.py:829} INFO - Processing file /usr/local/lib/python3.10/dist-packages/airflow/example_dags/tutorial_dag.py for tasks to queue
[2023-12-05T17:53:10.504+0000] {logging_mixin.py:154} INFO - [2023-12-05T17:53:10.504+0000] {dagbag.py:536} INFO - Filling up the DagBag from /usr/local/lib/python3.10/dist-packages/airflow/example_dags/tutorial_dag.py
[2023-12-05T17:53:10.510+0000] {processor.py:839} INFO - DAG(s) dict_keys(['tutorial_dag']) retrieved from /usr/local/lib/python3.10/dist-packages/airflow/example_dags/tutorial_dag.py
[2023-12-05T17:53:10.526+0000] {logging_mixin.py:154} INFO - [2023-12-05T17:53:10.525+0000] {dag.py:2941} INFO - Sync 1 DAGs
[2023-12-05T17:53:10.537+0000] {logging_mixin.py:154} INFO - [2023-12-05T17:53:10.537+0000] {dag.py:3722} INFO - Setting next_dagrun for tutorial_dag to None, run_after=None
[2023-12-05T17:53:10.572+0000] {processor.py:179} INFO - Processing /usr/local/lib/python3.10/dist-packages/airflow/example_dags/tutorial_dag.py took 0.073 seconds
[2023-12-05T17:53:48.080+0000] {processor.py:157} INFO - Started process (PID=10348) to work on /usr/local/lib/python3.10/dist-packages/airflow/example_dags/tutorial_dag.py
[2023-12-05T17:53:48.081+0000] {processor.py:829} INFO - Processing file /usr/local/lib/python3.10/dist-packages/airflow/example_dags/tutorial_dag.py for tasks to queue
[2023-12-05T17:53:48.082+0000] {logging_mixin.py:154} INFO - [2023-12-05T17:53:48.082+0000] {dagbag.py:536} INFO - Filling up the DagBag from /usr/local/lib/python3.10/dist-packages/airflow/example_dags/tutorial_dag.py
[2023-12-05T17:53:48.089+0000] {processor.py:839} INFO - DAG(s) dict_keys(['tutorial_dag']) retrieved from /usr/local/lib/python3.10/dist-packages/airflow/example_dags/tutorial_dag.py
[2023-12-05T17:53:48.110+0000] {logging_mixin.py:154} INFO - [2023-12-05T17:53:48.110+0000] {dag.py:2941} INFO - Sync 1 DAGs
[2023-12-05T17:53:48.122+0000] {logging_mixin.py:154} INFO - [2023-12-05T17:53:48.121+0000] {dag.py:3722} INFO - Setting next_dagrun for tutorial_dag to None, run_after=None
[2023-12-05T17:53:48.146+0000] {processor.py:179} INFO - Processing /usr/local/lib/python3.10/dist-packages/airflow/example_dags/tutorial_dag.py took 0.070 seconds
[2023-12-05T17:54:35.670+0000] {processor.py:157} INFO - Started process (PID=10464) to work on /usr/local/lib/python3.10/dist-packages/airflow/example_dags/tutorial_dag.py
[2023-12-05T17:54:35.673+0000] {processor.py:829} INFO - Processing file /usr/local/lib/python3.10/dist-packages/airflow/example_dags/tutorial_dag.py for tasks to queue
[2023-12-05T17:54:35.675+0000] {logging_mixin.py:154} INFO - [2023-12-05T17:54:35.675+0000] {dagbag.py:536} INFO - Filling up the DagBag from /usr/local/lib/python3.10/dist-packages/airflow/example_dags/tutorial_dag.py
[2023-12-05T17:54:35.683+0000] {processor.py:839} INFO - DAG(s) dict_keys(['tutorial_dag']) retrieved from /usr/local/lib/python3.10/dist-packages/airflow/example_dags/tutorial_dag.py
[2023-12-05T17:54:35.702+0000] {logging_mixin.py:154} INFO - [2023-12-05T17:54:35.701+0000] {dag.py:2941} INFO - Sync 1 DAGs
[2023-12-05T17:54:35.713+0000] {logging_mixin.py:154} INFO - [2023-12-05T17:54:35.713+0000] {dag.py:3722} INFO - Setting next_dagrun for tutorial_dag to None, run_after=None
[2023-12-05T17:54:35.736+0000] {processor.py:179} INFO - Processing /usr/local/lib/python3.10/dist-packages/airflow/example_dags/tutorial_dag.py took 0.069 seconds
[2023-12-05T17:55:11.705+0000] {processor.py:157} INFO - Started process (PID=10561) to work on /usr/local/lib/python3.10/dist-packages/airflow/example_dags/tutorial_dag.py
[2023-12-05T17:55:11.706+0000] {processor.py:829} INFO - Processing file /usr/local/lib/python3.10/dist-packages/airflow/example_dags/tutorial_dag.py for tasks to queue
[2023-12-05T17:55:11.708+0000] {logging_mixin.py:154} INFO - [2023-12-05T17:55:11.707+0000] {dagbag.py:536} INFO - Filling up the DagBag from /usr/local/lib/python3.10/dist-packages/airflow/example_dags/tutorial_dag.py
[2023-12-05T17:55:11.714+0000] {processor.py:839} INFO - DAG(s) dict_keys(['tutorial_dag']) retrieved from /usr/local/lib/python3.10/dist-packages/airflow/example_dags/tutorial_dag.py
[2023-12-05T17:55:11.732+0000] {logging_mixin.py:154} INFO - [2023-12-05T17:55:11.732+0000] {dag.py:2941} INFO - Sync 1 DAGs
[2023-12-05T17:55:11.743+0000] {logging_mixin.py:154} INFO - [2023-12-05T17:55:11.743+0000] {dag.py:3722} INFO - Setting next_dagrun for tutorial_dag to None, run_after=None
[2023-12-05T17:55:11.768+0000] {processor.py:179} INFO - Processing /usr/local/lib/python3.10/dist-packages/airflow/example_dags/tutorial_dag.py took 0.067 seconds
[2023-12-05T17:56:03.888+0000] {processor.py:157} INFO - Started process (PID=10622) to work on /usr/local/lib/python3.10/dist-packages/airflow/example_dags/tutorial_dag.py
[2023-12-05T17:56:03.890+0000] {processor.py:829} INFO - Processing file /usr/local/lib/python3.10/dist-packages/airflow/example_dags/tutorial_dag.py for tasks to queue
[2023-12-05T17:56:03.891+0000] {logging_mixin.py:154} INFO - [2023-12-05T17:56:03.890+0000] {dagbag.py:536} INFO - Filling up the DagBag from /usr/local/lib/python3.10/dist-packages/airflow/example_dags/tutorial_dag.py
[2023-12-05T17:56:03.897+0000] {processor.py:839} INFO - DAG(s) dict_keys(['tutorial_dag']) retrieved from /usr/local/lib/python3.10/dist-packages/airflow/example_dags/tutorial_dag.py
[2023-12-05T17:56:03.915+0000] {logging_mixin.py:154} INFO - [2023-12-05T17:56:03.915+0000] {dag.py:2941} INFO - Sync 1 DAGs
[2023-12-05T17:56:03.926+0000] {logging_mixin.py:154} INFO - [2023-12-05T17:56:03.926+0000] {dag.py:3722} INFO - Setting next_dagrun for tutorial_dag to None, run_after=None
[2023-12-05T17:56:03.948+0000] {processor.py:179} INFO - Processing /usr/local/lib/python3.10/dist-packages/airflow/example_dags/tutorial_dag.py took 0.064 seconds
[2023-12-05T17:56:55.058+0000] {processor.py:157} INFO - Started process (PID=10804) to work on /usr/local/lib/python3.10/dist-packages/airflow/example_dags/tutorial_dag.py
[2023-12-05T17:56:55.062+0000] {processor.py:829} INFO - Processing file /usr/local/lib/python3.10/dist-packages/airflow/example_dags/tutorial_dag.py for tasks to queue
[2023-12-05T17:56:55.063+0000] {logging_mixin.py:154} INFO - [2023-12-05T17:56:55.063+0000] {dagbag.py:536} INFO - Filling up the DagBag from /usr/local/lib/python3.10/dist-packages/airflow/example_dags/tutorial_dag.py
[2023-12-05T17:56:55.079+0000] {processor.py:839} INFO - DAG(s) dict_keys(['tutorial_dag']) retrieved from /usr/local/lib/python3.10/dist-packages/airflow/example_dags/tutorial_dag.py
[2023-12-05T17:56:55.099+0000] {logging_mixin.py:154} INFO - [2023-12-05T17:56:55.099+0000] {dag.py:2941} INFO - Sync 1 DAGs
[2023-12-05T17:56:55.115+0000] {logging_mixin.py:154} INFO - [2023-12-05T17:56:55.115+0000] {dag.py:3722} INFO - Setting next_dagrun for tutorial_dag to None, run_after=None
[2023-12-05T17:56:55.142+0000] {processor.py:179} INFO - Processing /usr/local/lib/python3.10/dist-packages/airflow/example_dags/tutorial_dag.py took 0.086 seconds
[2023-12-05T17:57:32.685+0000] {processor.py:157} INFO - Started process (PID=10903) to work on /usr/local/lib/python3.10/dist-packages/airflow/example_dags/tutorial_dag.py
[2023-12-05T17:57:32.687+0000] {processor.py:829} INFO - Processing file /usr/local/lib/python3.10/dist-packages/airflow/example_dags/tutorial_dag.py for tasks to queue
[2023-12-05T17:57:32.688+0000] {logging_mixin.py:154} INFO - [2023-12-05T17:57:32.687+0000] {dagbag.py:536} INFO - Filling up the DagBag from /usr/local/lib/python3.10/dist-packages/airflow/example_dags/tutorial_dag.py
[2023-12-05T17:57:32.696+0000] {processor.py:839} INFO - DAG(s) dict_keys(['tutorial_dag']) retrieved from /usr/local/lib/python3.10/dist-packages/airflow/example_dags/tutorial_dag.py
[2023-12-05T17:57:32.725+0000] {logging_mixin.py:154} INFO - [2023-12-05T17:57:32.725+0000] {dag.py:2941} INFO - Sync 1 DAGs
[2023-12-05T17:57:32.739+0000] {logging_mixin.py:154} INFO - [2023-12-05T17:57:32.739+0000] {dag.py:3722} INFO - Setting next_dagrun for tutorial_dag to None, run_after=None
[2023-12-05T17:57:32.764+0000] {processor.py:179} INFO - Processing /usr/local/lib/python3.10/dist-packages/airflow/example_dags/tutorial_dag.py took 0.083 seconds
[2023-12-05T17:58:10.723+0000] {processor.py:157} INFO - Started process (PID=11009) to work on /usr/local/lib/python3.10/dist-packages/airflow/example_dags/tutorial_dag.py
[2023-12-05T17:58:10.724+0000] {processor.py:829} INFO - Processing file /usr/local/lib/python3.10/dist-packages/airflow/example_dags/tutorial_dag.py for tasks to queue
[2023-12-05T17:58:10.726+0000] {logging_mixin.py:154} INFO - [2023-12-05T17:58:10.725+0000] {dagbag.py:536} INFO - Filling up the DagBag from /usr/local/lib/python3.10/dist-packages/airflow/example_dags/tutorial_dag.py
[2023-12-05T17:58:10.733+0000] {processor.py:839} INFO - DAG(s) dict_keys(['tutorial_dag']) retrieved from /usr/local/lib/python3.10/dist-packages/airflow/example_dags/tutorial_dag.py
[2023-12-05T17:58:10.770+0000] {logging_mixin.py:154} INFO - [2023-12-05T17:58:10.770+0000] {dag.py:2941} INFO - Sync 1 DAGs
[2023-12-05T17:58:10.801+0000] {logging_mixin.py:154} INFO - [2023-12-05T17:58:10.800+0000] {dag.py:3722} INFO - Setting next_dagrun for tutorial_dag to None, run_after=None
[2023-12-05T17:58:10.854+0000] {processor.py:179} INFO - Processing /usr/local/lib/python3.10/dist-packages/airflow/example_dags/tutorial_dag.py took 0.139 seconds
[2023-12-05T17:59:00.951+0000] {processor.py:157} INFO - Started process (PID=11068) to work on /usr/local/lib/python3.10/dist-packages/airflow/example_dags/tutorial_dag.py
[2023-12-05T17:59:00.953+0000] {processor.py:829} INFO - Processing file /usr/local/lib/python3.10/dist-packages/airflow/example_dags/tutorial_dag.py for tasks to queue
[2023-12-05T17:59:00.954+0000] {logging_mixin.py:154} INFO - [2023-12-05T17:59:00.953+0000] {dagbag.py:536} INFO - Filling up the DagBag from /usr/local/lib/python3.10/dist-packages/airflow/example_dags/tutorial_dag.py
[2023-12-05T17:59:00.962+0000] {processor.py:839} INFO - DAG(s) dict_keys(['tutorial_dag']) retrieved from /usr/local/lib/python3.10/dist-packages/airflow/example_dags/tutorial_dag.py
[2023-12-05T17:59:00.987+0000] {logging_mixin.py:154} INFO - [2023-12-05T17:59:00.987+0000] {dag.py:2941} INFO - Sync 1 DAGs
[2023-12-05T17:59:01.000+0000] {logging_mixin.py:154} INFO - [2023-12-05T17:59:01.000+0000] {dag.py:3722} INFO - Setting next_dagrun for tutorial_dag to None, run_after=None
[2023-12-05T17:59:01.028+0000] {processor.py:179} INFO - Processing /usr/local/lib/python3.10/dist-packages/airflow/example_dags/tutorial_dag.py took 0.083 seconds
[2023-12-05T17:59:53.112+0000] {processor.py:157} INFO - Started process (PID=11188) to work on /usr/local/lib/python3.10/dist-packages/airflow/example_dags/tutorial_dag.py
[2023-12-05T17:59:53.114+0000] {processor.py:829} INFO - Processing file /usr/local/lib/python3.10/dist-packages/airflow/example_dags/tutorial_dag.py for tasks to queue
[2023-12-05T17:59:53.115+0000] {logging_mixin.py:154} INFO - [2023-12-05T17:59:53.115+0000] {dagbag.py:536} INFO - Filling up the DagBag from /usr/local/lib/python3.10/dist-packages/airflow/example_dags/tutorial_dag.py
[2023-12-05T17:59:53.121+0000] {processor.py:839} INFO - DAG(s) dict_keys(['tutorial_dag']) retrieved from /usr/local/lib/python3.10/dist-packages/airflow/example_dags/tutorial_dag.py
[2023-12-05T17:59:53.140+0000] {logging_mixin.py:154} INFO - [2023-12-05T17:59:53.139+0000] {dag.py:2941} INFO - Sync 1 DAGs
[2023-12-05T17:59:53.152+0000] {logging_mixin.py:154} INFO - [2023-12-05T17:59:53.152+0000] {dag.py:3722} INFO - Setting next_dagrun for tutorial_dag to None, run_after=None
[2023-12-05T17:59:53.177+0000] {processor.py:179} INFO - Processing /usr/local/lib/python3.10/dist-packages/airflow/example_dags/tutorial_dag.py took 0.072 seconds
[2023-12-05T18:00:29.430+0000] {processor.py:157} INFO - Started process (PID=11290) to work on /usr/local/lib/python3.10/dist-packages/airflow/example_dags/tutorial_dag.py
[2023-12-05T18:00:29.431+0000] {processor.py:829} INFO - Processing file /usr/local/lib/python3.10/dist-packages/airflow/example_dags/tutorial_dag.py for tasks to queue
[2023-12-05T18:00:29.432+0000] {logging_mixin.py:154} INFO - [2023-12-05T18:00:29.432+0000] {dagbag.py:536} INFO - Filling up the DagBag from /usr/local/lib/python3.10/dist-packages/airflow/example_dags/tutorial_dag.py
[2023-12-05T18:00:29.438+0000] {processor.py:839} INFO - DAG(s) dict_keys(['tutorial_dag']) retrieved from /usr/local/lib/python3.10/dist-packages/airflow/example_dags/tutorial_dag.py
[2023-12-05T18:00:29.454+0000] {logging_mixin.py:154} INFO - [2023-12-05T18:00:29.453+0000] {dag.py:2941} INFO - Sync 1 DAGs
[2023-12-05T18:00:29.465+0000] {logging_mixin.py:154} INFO - [2023-12-05T18:00:29.465+0000] {dag.py:3722} INFO - Setting next_dagrun for tutorial_dag to None, run_after=None
[2023-12-05T18:00:29.487+0000] {processor.py:179} INFO - Processing /usr/local/lib/python3.10/dist-packages/airflow/example_dags/tutorial_dag.py took 0.060 seconds
[2023-12-05T18:01:15.612+0000] {processor.py:157} INFO - Started process (PID=11464) to work on /usr/local/lib/python3.10/dist-packages/airflow/example_dags/tutorial_dag.py
[2023-12-05T18:01:15.613+0000] {processor.py:829} INFO - Processing file /usr/local/lib/python3.10/dist-packages/airflow/example_dags/tutorial_dag.py for tasks to queue
[2023-12-05T18:01:15.614+0000] {logging_mixin.py:154} INFO - [2023-12-05T18:01:15.614+0000] {dagbag.py:536} INFO - Filling up the DagBag from /usr/local/lib/python3.10/dist-packages/airflow/example_dags/tutorial_dag.py
[2023-12-05T18:01:15.620+0000] {processor.py:839} INFO - DAG(s) dict_keys(['tutorial_dag']) retrieved from /usr/local/lib/python3.10/dist-packages/airflow/example_dags/tutorial_dag.py
[2023-12-05T18:01:15.640+0000] {logging_mixin.py:154} INFO - [2023-12-05T18:01:15.639+0000] {dag.py:2941} INFO - Sync 1 DAGs
[2023-12-05T18:01:15.652+0000] {logging_mixin.py:154} INFO - [2023-12-05T18:01:15.652+0000] {dag.py:3722} INFO - Setting next_dagrun for tutorial_dag to None, run_after=None
[2023-12-05T18:01:15.679+0000] {processor.py:179} INFO - Processing /usr/local/lib/python3.10/dist-packages/airflow/example_dags/tutorial_dag.py took 0.071 seconds
[2023-12-05T18:02:04.261+0000] {processor.py:157} INFO - Started process (PID=11522) to work on /usr/local/lib/python3.10/dist-packages/airflow/example_dags/tutorial_dag.py
[2023-12-05T18:02:04.263+0000] {processor.py:829} INFO - Processing file /usr/local/lib/python3.10/dist-packages/airflow/example_dags/tutorial_dag.py for tasks to queue
[2023-12-05T18:02:04.264+0000] {logging_mixin.py:154} INFO - [2023-12-05T18:02:04.263+0000] {dagbag.py:536} INFO - Filling up the DagBag from /usr/local/lib/python3.10/dist-packages/airflow/example_dags/tutorial_dag.py
[2023-12-05T18:02:04.270+0000] {processor.py:839} INFO - DAG(s) dict_keys(['tutorial_dag']) retrieved from /usr/local/lib/python3.10/dist-packages/airflow/example_dags/tutorial_dag.py
[2023-12-05T18:02:04.291+0000] {logging_mixin.py:154} INFO - [2023-12-05T18:02:04.290+0000] {dag.py:2941} INFO - Sync 1 DAGs
[2023-12-05T18:02:04.306+0000] {logging_mixin.py:154} INFO - [2023-12-05T18:02:04.305+0000] {dag.py:3722} INFO - Setting next_dagrun for tutorial_dag to None, run_after=None
[2023-12-05T18:02:04.331+0000] {processor.py:179} INFO - Processing /usr/local/lib/python3.10/dist-packages/airflow/example_dags/tutorial_dag.py took 0.075 seconds
[2023-12-05T18:02:55.208+0000] {processor.py:157} INFO - Started process (PID=11640) to work on /usr/local/lib/python3.10/dist-packages/airflow/example_dags/tutorial_dag.py
[2023-12-05T18:02:55.210+0000] {processor.py:829} INFO - Processing file /usr/local/lib/python3.10/dist-packages/airflow/example_dags/tutorial_dag.py for tasks to queue
[2023-12-05T18:02:55.211+0000] {logging_mixin.py:154} INFO - [2023-12-05T18:02:55.210+0000] {dagbag.py:536} INFO - Filling up the DagBag from /usr/local/lib/python3.10/dist-packages/airflow/example_dags/tutorial_dag.py
[2023-12-05T18:02:55.216+0000] {processor.py:839} INFO - DAG(s) dict_keys(['tutorial_dag']) retrieved from /usr/local/lib/python3.10/dist-packages/airflow/example_dags/tutorial_dag.py
[2023-12-05T18:02:55.239+0000] {logging_mixin.py:154} INFO - [2023-12-05T18:02:55.239+0000] {dag.py:2941} INFO - Sync 1 DAGs
[2023-12-05T18:02:55.257+0000] {logging_mixin.py:154} INFO - [2023-12-05T18:02:55.257+0000] {dag.py:3722} INFO - Setting next_dagrun for tutorial_dag to None, run_after=None
[2023-12-05T18:02:55.290+0000] {processor.py:179} INFO - Processing /usr/local/lib/python3.10/dist-packages/airflow/example_dags/tutorial_dag.py took 0.085 seconds
[2023-12-05T18:03:31.751+0000] {processor.py:157} INFO - Started process (PID=11741) to work on /usr/local/lib/python3.10/dist-packages/airflow/example_dags/tutorial_dag.py
[2023-12-05T18:03:31.752+0000] {processor.py:829} INFO - Processing file /usr/local/lib/python3.10/dist-packages/airflow/example_dags/tutorial_dag.py for tasks to queue
[2023-12-05T18:03:31.753+0000] {logging_mixin.py:154} INFO - [2023-12-05T18:03:31.753+0000] {dagbag.py:536} INFO - Filling up the DagBag from /usr/local/lib/python3.10/dist-packages/airflow/example_dags/tutorial_dag.py
[2023-12-05T18:03:31.759+0000] {processor.py:839} INFO - DAG(s) dict_keys(['tutorial_dag']) retrieved from /usr/local/lib/python3.10/dist-packages/airflow/example_dags/tutorial_dag.py
[2023-12-05T18:03:31.777+0000] {logging_mixin.py:154} INFO - [2023-12-05T18:03:31.777+0000] {dag.py:2941} INFO - Sync 1 DAGs
[2023-12-05T18:03:31.788+0000] {logging_mixin.py:154} INFO - [2023-12-05T18:03:31.788+0000] {dag.py:3722} INFO - Setting next_dagrun for tutorial_dag to None, run_after=None
[2023-12-05T18:03:31.810+0000] {processor.py:179} INFO - Processing /usr/local/lib/python3.10/dist-packages/airflow/example_dags/tutorial_dag.py took 0.063 seconds
[2023-12-05T18:04:19.603+0000] {processor.py:157} INFO - Started process (PID=11858) to work on /usr/local/lib/python3.10/dist-packages/airflow/example_dags/tutorial_dag.py
[2023-12-05T18:04:19.606+0000] {processor.py:829} INFO - Processing file /usr/local/lib/python3.10/dist-packages/airflow/example_dags/tutorial_dag.py for tasks to queue
[2023-12-05T18:04:19.606+0000] {logging_mixin.py:154} INFO - [2023-12-05T18:04:19.606+0000] {dagbag.py:536} INFO - Filling up the DagBag from /usr/local/lib/python3.10/dist-packages/airflow/example_dags/tutorial_dag.py
[2023-12-05T18:04:19.613+0000] {processor.py:839} INFO - DAG(s) dict_keys(['tutorial_dag']) retrieved from /usr/local/lib/python3.10/dist-packages/airflow/example_dags/tutorial_dag.py
[2023-12-05T18:04:19.632+0000] {logging_mixin.py:154} INFO - [2023-12-05T18:04:19.632+0000] {dag.py:2941} INFO - Sync 1 DAGs
[2023-12-05T18:04:19.644+0000] {logging_mixin.py:154} INFO - [2023-12-05T18:04:19.644+0000] {dag.py:3722} INFO - Setting next_dagrun for tutorial_dag to None, run_after=None
[2023-12-05T18:04:19.668+0000] {processor.py:179} INFO - Processing /usr/local/lib/python3.10/dist-packages/airflow/example_dags/tutorial_dag.py took 0.068 seconds
[2023-12-05T18:05:11.550+0000] {processor.py:157} INFO - Started process (PID=12428) to work on /usr/local/lib/python3.10/dist-packages/airflow/example_dags/tutorial_dag.py
[2023-12-05T18:05:11.552+0000] {processor.py:829} INFO - Processing file /usr/local/lib/python3.10/dist-packages/airflow/example_dags/tutorial_dag.py for tasks to queue
[2023-12-05T18:05:11.553+0000] {logging_mixin.py:154} INFO - [2023-12-05T18:05:11.552+0000] {dagbag.py:536} INFO - Filling up the DagBag from /usr/local/lib/python3.10/dist-packages/airflow/example_dags/tutorial_dag.py
[2023-12-05T18:05:11.585+0000] {processor.py:839} INFO - DAG(s) dict_keys(['tutorial_dag']) retrieved from /usr/local/lib/python3.10/dist-packages/airflow/example_dags/tutorial_dag.py
[2023-12-05T18:05:11.611+0000] {logging_mixin.py:154} INFO - [2023-12-05T18:05:11.611+0000] {dag.py:2941} INFO - Sync 1 DAGs
[2023-12-05T18:05:11.627+0000] {logging_mixin.py:154} INFO - [2023-12-05T18:05:11.627+0000] {dag.py:3722} INFO - Setting next_dagrun for tutorial_dag to None, run_after=None
[2023-12-05T18:05:11.660+0000] {processor.py:179} INFO - Processing /usr/local/lib/python3.10/dist-packages/airflow/example_dags/tutorial_dag.py took 0.113 seconds
[2023-12-05T18:06:03.036+0000] {processor.py:157} INFO - Started process (PID=12630) to work on /usr/local/lib/python3.10/dist-packages/airflow/example_dags/tutorial_dag.py
[2023-12-05T18:06:03.038+0000] {processor.py:829} INFO - Processing file /usr/local/lib/python3.10/dist-packages/airflow/example_dags/tutorial_dag.py for tasks to queue
[2023-12-05T18:06:03.039+0000] {logging_mixin.py:154} INFO - [2023-12-05T18:06:03.038+0000] {dagbag.py:536} INFO - Filling up the DagBag from /usr/local/lib/python3.10/dist-packages/airflow/example_dags/tutorial_dag.py
[2023-12-05T18:06:03.047+0000] {processor.py:839} INFO - DAG(s) dict_keys(['tutorial_dag']) retrieved from /usr/local/lib/python3.10/dist-packages/airflow/example_dags/tutorial_dag.py
[2023-12-05T18:06:03.066+0000] {logging_mixin.py:154} INFO - [2023-12-05T18:06:03.065+0000] {dag.py:2941} INFO - Sync 1 DAGs
[2023-12-05T18:06:03.089+0000] {logging_mixin.py:154} INFO - [2023-12-05T18:06:03.088+0000] {dag.py:3722} INFO - Setting next_dagrun for tutorial_dag to None, run_after=None
[2023-12-05T18:06:03.119+0000] {processor.py:179} INFO - Processing /usr/local/lib/python3.10/dist-packages/airflow/example_dags/tutorial_dag.py took 0.091 seconds
[2023-12-05T18:06:55.211+0000] {processor.py:157} INFO - Started process (PID=12850) to work on /usr/local/lib/python3.10/dist-packages/airflow/example_dags/tutorial_dag.py
[2023-12-05T18:06:55.212+0000] {processor.py:829} INFO - Processing file /usr/local/lib/python3.10/dist-packages/airflow/example_dags/tutorial_dag.py for tasks to queue
[2023-12-05T18:06:55.213+0000] {logging_mixin.py:154} INFO - [2023-12-05T18:06:55.213+0000] {dagbag.py:536} INFO - Filling up the DagBag from /usr/local/lib/python3.10/dist-packages/airflow/example_dags/tutorial_dag.py
[2023-12-05T18:06:55.220+0000] {processor.py:839} INFO - DAG(s) dict_keys(['tutorial_dag']) retrieved from /usr/local/lib/python3.10/dist-packages/airflow/example_dags/tutorial_dag.py
[2023-12-05T18:06:55.242+0000] {logging_mixin.py:154} INFO - [2023-12-05T18:06:55.241+0000] {dag.py:2941} INFO - Sync 1 DAGs
[2023-12-05T18:06:55.257+0000] {logging_mixin.py:154} INFO - [2023-12-05T18:06:55.257+0000] {dag.py:3722} INFO - Setting next_dagrun for tutorial_dag to None, run_after=None
[2023-12-05T18:06:55.287+0000] {processor.py:179} INFO - Processing /usr/local/lib/python3.10/dist-packages/airflow/example_dags/tutorial_dag.py took 0.080 seconds
[2023-12-05T18:07:32.927+0000] {processor.py:157} INFO - Started process (PID=13071) to work on /usr/local/lib/python3.10/dist-packages/airflow/example_dags/tutorial_dag.py
[2023-12-05T18:07:32.928+0000] {processor.py:829} INFO - Processing file /usr/local/lib/python3.10/dist-packages/airflow/example_dags/tutorial_dag.py for tasks to queue
[2023-12-05T18:07:32.929+0000] {logging_mixin.py:154} INFO - [2023-12-05T18:07:32.928+0000] {dagbag.py:536} INFO - Filling up the DagBag from /usr/local/lib/python3.10/dist-packages/airflow/example_dags/tutorial_dag.py
[2023-12-05T18:07:32.936+0000] {processor.py:839} INFO - DAG(s) dict_keys(['tutorial_dag']) retrieved from /usr/local/lib/python3.10/dist-packages/airflow/example_dags/tutorial_dag.py
[2023-12-05T18:07:32.957+0000] {logging_mixin.py:154} INFO - [2023-12-05T18:07:32.957+0000] {dag.py:2941} INFO - Sync 1 DAGs
[2023-12-05T18:07:32.971+0000] {logging_mixin.py:154} INFO - [2023-12-05T18:07:32.971+0000] {dag.py:3722} INFO - Setting next_dagrun for tutorial_dag to None, run_after=None
[2023-12-05T18:07:33.005+0000] {processor.py:179} INFO - Processing /usr/local/lib/python3.10/dist-packages/airflow/example_dags/tutorial_dag.py took 0.081 seconds
[2023-12-05T18:08:15.765+0000] {processor.py:157} INFO - Started process (PID=13187) to work on /usr/local/lib/python3.10/dist-packages/airflow/example_dags/tutorial_dag.py
[2023-12-05T18:08:15.766+0000] {processor.py:829} INFO - Processing file /usr/local/lib/python3.10/dist-packages/airflow/example_dags/tutorial_dag.py for tasks to queue
[2023-12-05T18:08:15.767+0000] {logging_mixin.py:154} INFO - [2023-12-05T18:08:15.766+0000] {dagbag.py:536} INFO - Filling up the DagBag from /usr/local/lib/python3.10/dist-packages/airflow/example_dags/tutorial_dag.py
[2023-12-05T18:08:15.778+0000] {processor.py:839} INFO - DAG(s) dict_keys(['tutorial_dag']) retrieved from /usr/local/lib/python3.10/dist-packages/airflow/example_dags/tutorial_dag.py
[2023-12-05T18:08:15.824+0000] {logging_mixin.py:154} INFO - [2023-12-05T18:08:15.824+0000] {dag.py:2941} INFO - Sync 1 DAGs
[2023-12-05T18:08:15.850+0000] {logging_mixin.py:154} INFO - [2023-12-05T18:08:15.850+0000] {dag.py:3722} INFO - Setting next_dagrun for tutorial_dag to None, run_after=None
[2023-12-05T18:08:15.912+0000] {processor.py:179} INFO - Processing /usr/local/lib/python3.10/dist-packages/airflow/example_dags/tutorial_dag.py took 0.150 seconds
[2023-12-05T18:09:05.982+0000] {processor.py:157} INFO - Started process (PID=13574) to work on /usr/local/lib/python3.10/dist-packages/airflow/example_dags/tutorial_dag.py
[2023-12-05T18:09:05.984+0000] {processor.py:829} INFO - Processing file /usr/local/lib/python3.10/dist-packages/airflow/example_dags/tutorial_dag.py for tasks to queue
[2023-12-05T18:09:05.986+0000] {logging_mixin.py:154} INFO - [2023-12-05T18:09:05.986+0000] {dagbag.py:536} INFO - Filling up the DagBag from /usr/local/lib/python3.10/dist-packages/airflow/example_dags/tutorial_dag.py
[2023-12-05T18:09:05.993+0000] {processor.py:839} INFO - DAG(s) dict_keys(['tutorial_dag']) retrieved from /usr/local/lib/python3.10/dist-packages/airflow/example_dags/tutorial_dag.py
[2023-12-05T18:09:06.017+0000] {logging_mixin.py:154} INFO - [2023-12-05T18:09:06.016+0000] {dag.py:2941} INFO - Sync 1 DAGs
[2023-12-05T18:09:06.032+0000] {logging_mixin.py:154} INFO - [2023-12-05T18:09:06.032+0000] {dag.py:3722} INFO - Setting next_dagrun for tutorial_dag to None, run_after=None
[2023-12-05T18:09:06.060+0000] {processor.py:179} INFO - Processing /usr/local/lib/python3.10/dist-packages/airflow/example_dags/tutorial_dag.py took 0.082 seconds
[2023-12-05T18:09:41.100+0000] {processor.py:157} INFO - Started process (PID=13647) to work on /usr/local/lib/python3.10/dist-packages/airflow/example_dags/tutorial_dag.py
[2023-12-05T18:09:41.106+0000] {processor.py:829} INFO - Processing file /usr/local/lib/python3.10/dist-packages/airflow/example_dags/tutorial_dag.py for tasks to queue
[2023-12-05T18:09:41.107+0000] {logging_mixin.py:154} INFO - [2023-12-05T18:09:41.107+0000] {dagbag.py:536} INFO - Filling up the DagBag from /usr/local/lib/python3.10/dist-packages/airflow/example_dags/tutorial_dag.py
[2023-12-05T18:09:41.127+0000] {processor.py:839} INFO - DAG(s) dict_keys(['tutorial_dag']) retrieved from /usr/local/lib/python3.10/dist-packages/airflow/example_dags/tutorial_dag.py
[2023-12-05T18:09:41.152+0000] {logging_mixin.py:154} INFO - [2023-12-05T18:09:41.151+0000] {dag.py:2941} INFO - Sync 1 DAGs
[2023-12-05T18:09:41.167+0000] {logging_mixin.py:154} INFO - [2023-12-05T18:09:41.167+0000] {dag.py:3722} INFO - Setting next_dagrun for tutorial_dag to None, run_after=None
[2023-12-05T18:09:41.198+0000] {processor.py:179} INFO - Processing /usr/local/lib/python3.10/dist-packages/airflow/example_dags/tutorial_dag.py took 0.112 seconds
[2023-12-05T18:10:30.436+0000] {processor.py:157} INFO - Started process (PID=13790) to work on /usr/local/lib/python3.10/dist-packages/airflow/example_dags/tutorial_dag.py
[2023-12-05T18:10:30.438+0000] {processor.py:829} INFO - Processing file /usr/local/lib/python3.10/dist-packages/airflow/example_dags/tutorial_dag.py for tasks to queue
[2023-12-05T18:10:30.438+0000] {logging_mixin.py:154} INFO - [2023-12-05T18:10:30.438+0000] {dagbag.py:536} INFO - Filling up the DagBag from /usr/local/lib/python3.10/dist-packages/airflow/example_dags/tutorial_dag.py
[2023-12-05T18:10:30.443+0000] {processor.py:839} INFO - DAG(s) dict_keys(['tutorial_dag']) retrieved from /usr/local/lib/python3.10/dist-packages/airflow/example_dags/tutorial_dag.py
[2023-12-05T18:10:30.460+0000] {logging_mixin.py:154} INFO - [2023-12-05T18:10:30.459+0000] {dag.py:2941} INFO - Sync 1 DAGs
[2023-12-05T18:10:30.471+0000] {logging_mixin.py:154} INFO - [2023-12-05T18:10:30.470+0000] {dag.py:3722} INFO - Setting next_dagrun for tutorial_dag to None, run_after=None
[2023-12-05T18:10:30.500+0000] {processor.py:179} INFO - Processing /usr/local/lib/python3.10/dist-packages/airflow/example_dags/tutorial_dag.py took 0.067 seconds
