[2023-12-05T17:44:57.744+0000] {processor.py:157} INFO - Started process (PID=8882) to work on /usr/local/lib/python3.10/dist-packages/airflow/example_dags/tutorial_taskflow_api.py
[2023-12-05T17:44:57.745+0000] {processor.py:829} INFO - Processing file /usr/local/lib/python3.10/dist-packages/airflow/example_dags/tutorial_taskflow_api.py for tasks to queue
[2023-12-05T17:44:57.746+0000] {logging_mixin.py:154} INFO - [2023-12-05T17:44:57.745+0000] {dagbag.py:536} INFO - Filling up the DagBag from /usr/local/lib/python3.10/dist-packages/airflow/example_dags/tutorial_taskflow_api.py
[2023-12-05T17:44:57.755+0000] {processor.py:839} INFO - DAG(s) dict_keys(['tutorial_taskflow_api']) retrieved from /usr/local/lib/python3.10/dist-packages/airflow/example_dags/tutorial_taskflow_api.py
[2023-12-05T17:44:57.907+0000] {logging_mixin.py:154} INFO - [2023-12-05T17:44:57.907+0000] {manager.py:499} INFO - Created Permission View: %s
[2023-12-05T17:44:57.923+0000] {logging_mixin.py:154} INFO - [2023-12-05T17:44:57.923+0000] {manager.py:499} INFO - Created Permission View: %s
[2023-12-05T17:44:57.934+0000] {logging_mixin.py:154} INFO - [2023-12-05T17:44:57.934+0000] {manager.py:499} INFO - Created Permission View: %s
[2023-12-05T17:44:57.935+0000] {logging_mixin.py:154} INFO - [2023-12-05T17:44:57.935+0000] {dag.py:2941} INFO - Sync 1 DAGs
[2023-12-05T17:44:57.947+0000] {logging_mixin.py:154} INFO - [2023-12-05T17:44:57.947+0000] {dag.py:2963} INFO - Creating ORM DAG for tutorial_taskflow_api
[2023-12-05T17:44:57.948+0000] {logging_mixin.py:154} INFO - [2023-12-05T17:44:57.948+0000] {dag.py:3722} INFO - Setting next_dagrun for tutorial_taskflow_api to None, run_after=None
[2023-12-05T17:44:57.974+0000] {processor.py:179} INFO - Processing /usr/local/lib/python3.10/dist-packages/airflow/example_dags/tutorial_taskflow_api.py took 0.234 seconds
[2023-12-05T17:46:12.275+0000] {processor.py:157} INFO - Started process (PID=9210) to work on /usr/local/lib/python3.10/dist-packages/airflow/example_dags/tutorial_taskflow_api.py
[2023-12-05T17:46:12.277+0000] {processor.py:829} INFO - Processing file /usr/local/lib/python3.10/dist-packages/airflow/example_dags/tutorial_taskflow_api.py for tasks to queue
[2023-12-05T17:46:12.278+0000] {logging_mixin.py:154} INFO - [2023-12-05T17:46:12.278+0000] {dagbag.py:536} INFO - Filling up the DagBag from /usr/local/lib/python3.10/dist-packages/airflow/example_dags/tutorial_taskflow_api.py
[2023-12-05T17:46:12.285+0000] {processor.py:839} INFO - DAG(s) dict_keys(['tutorial_taskflow_api']) retrieved from /usr/local/lib/python3.10/dist-packages/airflow/example_dags/tutorial_taskflow_api.py
[2023-12-05T17:46:12.304+0000] {logging_mixin.py:154} INFO - [2023-12-05T17:46:12.303+0000] {dag.py:2941} INFO - Sync 1 DAGs
[2023-12-05T17:46:12.322+0000] {logging_mixin.py:154} INFO - [2023-12-05T17:46:12.322+0000] {dag.py:3722} INFO - Setting next_dagrun for tutorial_taskflow_api to None, run_after=None
[2023-12-05T17:46:12.361+0000] {processor.py:179} INFO - Processing /usr/local/lib/python3.10/dist-packages/airflow/example_dags/tutorial_taskflow_api.py took 0.091 seconds
[2023-12-05T17:47:01.899+0000] {processor.py:157} INFO - Started process (PID=9296) to work on /usr/local/lib/python3.10/dist-packages/airflow/example_dags/tutorial_taskflow_api.py
[2023-12-05T17:47:01.909+0000] {processor.py:829} INFO - Processing file /usr/local/lib/python3.10/dist-packages/airflow/example_dags/tutorial_taskflow_api.py for tasks to queue
[2023-12-05T17:47:01.913+0000] {logging_mixin.py:154} INFO - [2023-12-05T17:47:01.912+0000] {dagbag.py:536} INFO - Filling up the DagBag from /usr/local/lib/python3.10/dist-packages/airflow/example_dags/tutorial_taskflow_api.py
[2023-12-05T17:47:01.926+0000] {processor.py:839} INFO - DAG(s) dict_keys(['tutorial_taskflow_api']) retrieved from /usr/local/lib/python3.10/dist-packages/airflow/example_dags/tutorial_taskflow_api.py
[2023-12-05T17:47:01.968+0000] {logging_mixin.py:154} INFO - [2023-12-05T17:47:01.968+0000] {dag.py:2941} INFO - Sync 1 DAGs
[2023-12-05T17:47:02.004+0000] {logging_mixin.py:154} INFO - [2023-12-05T17:47:02.004+0000] {dag.py:3722} INFO - Setting next_dagrun for tutorial_taskflow_api to None, run_after=None
[2023-12-05T17:47:02.054+0000] {processor.py:179} INFO - Processing /usr/local/lib/python3.10/dist-packages/airflow/example_dags/tutorial_taskflow_api.py took 0.159 seconds
[2023-12-05T17:47:49.774+0000] {processor.py:157} INFO - Started process (PID=9407) to work on /usr/local/lib/python3.10/dist-packages/airflow/example_dags/tutorial_taskflow_api.py
[2023-12-05T17:47:49.775+0000] {processor.py:829} INFO - Processing file /usr/local/lib/python3.10/dist-packages/airflow/example_dags/tutorial_taskflow_api.py for tasks to queue
[2023-12-05T17:47:49.777+0000] {logging_mixin.py:154} INFO - [2023-12-05T17:47:49.776+0000] {dagbag.py:536} INFO - Filling up the DagBag from /usr/local/lib/python3.10/dist-packages/airflow/example_dags/tutorial_taskflow_api.py
[2023-12-05T17:47:49.795+0000] {processor.py:839} INFO - DAG(s) dict_keys(['tutorial_taskflow_api']) retrieved from /usr/local/lib/python3.10/dist-packages/airflow/example_dags/tutorial_taskflow_api.py
[2023-12-05T17:47:49.829+0000] {logging_mixin.py:154} INFO - [2023-12-05T17:47:49.829+0000] {dag.py:2941} INFO - Sync 1 DAGs
[2023-12-05T17:47:49.846+0000] {logging_mixin.py:154} INFO - [2023-12-05T17:47:49.846+0000] {dag.py:3722} INFO - Setting next_dagrun for tutorial_taskflow_api to None, run_after=None
[2023-12-05T17:47:49.877+0000] {processor.py:179} INFO - Processing /usr/local/lib/python3.10/dist-packages/airflow/example_dags/tutorial_taskflow_api.py took 0.106 seconds
[2023-12-05T17:48:26.651+0000] {processor.py:157} INFO - Started process (PID=9568) to work on /usr/local/lib/python3.10/dist-packages/airflow/example_dags/tutorial_taskflow_api.py
[2023-12-05T17:48:26.653+0000] {processor.py:829} INFO - Processing file /usr/local/lib/python3.10/dist-packages/airflow/example_dags/tutorial_taskflow_api.py for tasks to queue
[2023-12-05T17:48:26.655+0000] {logging_mixin.py:154} INFO - [2023-12-05T17:48:26.654+0000] {dagbag.py:536} INFO - Filling up the DagBag from /usr/local/lib/python3.10/dist-packages/airflow/example_dags/tutorial_taskflow_api.py
[2023-12-05T17:48:26.664+0000] {processor.py:839} INFO - DAG(s) dict_keys(['tutorial_taskflow_api']) retrieved from /usr/local/lib/python3.10/dist-packages/airflow/example_dags/tutorial_taskflow_api.py
[2023-12-05T17:48:26.700+0000] {logging_mixin.py:154} INFO - [2023-12-05T17:48:26.700+0000] {dag.py:2941} INFO - Sync 1 DAGs
[2023-12-05T17:48:26.746+0000] {logging_mixin.py:154} INFO - [2023-12-05T17:48:26.745+0000] {dag.py:3722} INFO - Setting next_dagrun for tutorial_taskflow_api to None, run_after=None
[2023-12-05T17:48:26.783+0000] {processor.py:179} INFO - Processing /usr/local/lib/python3.10/dist-packages/airflow/example_dags/tutorial_taskflow_api.py took 0.137 seconds
[2023-12-05T17:49:05.055+0000] {processor.py:157} INFO - Started process (PID=9644) to work on /usr/local/lib/python3.10/dist-packages/airflow/example_dags/tutorial_taskflow_api.py
[2023-12-05T17:49:05.057+0000] {processor.py:829} INFO - Processing file /usr/local/lib/python3.10/dist-packages/airflow/example_dags/tutorial_taskflow_api.py for tasks to queue
[2023-12-05T17:49:05.059+0000] {logging_mixin.py:154} INFO - [2023-12-05T17:49:05.059+0000] {dagbag.py:536} INFO - Filling up the DagBag from /usr/local/lib/python3.10/dist-packages/airflow/example_dags/tutorial_taskflow_api.py
[2023-12-05T17:49:05.069+0000] {processor.py:839} INFO - DAG(s) dict_keys(['tutorial_taskflow_api']) retrieved from /usr/local/lib/python3.10/dist-packages/airflow/example_dags/tutorial_taskflow_api.py
[2023-12-05T17:49:05.091+0000] {logging_mixin.py:154} INFO - [2023-12-05T17:49:05.090+0000] {dag.py:2941} INFO - Sync 1 DAGs
[2023-12-05T17:49:05.104+0000] {logging_mixin.py:154} INFO - [2023-12-05T17:49:05.103+0000] {dag.py:3722} INFO - Setting next_dagrun for tutorial_taskflow_api to None, run_after=None
[2023-12-05T17:49:05.136+0000] {processor.py:179} INFO - Processing /usr/local/lib/python3.10/dist-packages/airflow/example_dags/tutorial_taskflow_api.py took 0.085 seconds
[2023-12-05T17:49:39.103+0000] {processor.py:157} INFO - Started process (PID=9705) to work on /usr/local/lib/python3.10/dist-packages/airflow/example_dags/tutorial_taskflow_api.py
[2023-12-05T17:49:39.105+0000] {processor.py:829} INFO - Processing file /usr/local/lib/python3.10/dist-packages/airflow/example_dags/tutorial_taskflow_api.py for tasks to queue
[2023-12-05T17:49:39.106+0000] {logging_mixin.py:154} INFO - [2023-12-05T17:49:39.105+0000] {dagbag.py:536} INFO - Filling up the DagBag from /usr/local/lib/python3.10/dist-packages/airflow/example_dags/tutorial_taskflow_api.py
[2023-12-05T17:49:39.113+0000] {processor.py:839} INFO - DAG(s) dict_keys(['tutorial_taskflow_api']) retrieved from /usr/local/lib/python3.10/dist-packages/airflow/example_dags/tutorial_taskflow_api.py
[2023-12-05T17:49:39.132+0000] {logging_mixin.py:154} INFO - [2023-12-05T17:49:39.132+0000] {dag.py:2941} INFO - Sync 1 DAGs
[2023-12-05T17:49:39.145+0000] {logging_mixin.py:154} INFO - [2023-12-05T17:49:39.145+0000] {dag.py:3722} INFO - Setting next_dagrun for tutorial_taskflow_api to None, run_after=None
[2023-12-05T17:49:39.171+0000] {processor.py:179} INFO - Processing /usr/local/lib/python3.10/dist-packages/airflow/example_dags/tutorial_taskflow_api.py took 0.072 seconds
[2023-12-05T17:50:15.511+0000] {processor.py:157} INFO - Started process (PID=9808) to work on /usr/local/lib/python3.10/dist-packages/airflow/example_dags/tutorial_taskflow_api.py
[2023-12-05T17:50:15.512+0000] {processor.py:829} INFO - Processing file /usr/local/lib/python3.10/dist-packages/airflow/example_dags/tutorial_taskflow_api.py for tasks to queue
[2023-12-05T17:50:15.513+0000] {logging_mixin.py:154} INFO - [2023-12-05T17:50:15.513+0000] {dagbag.py:536} INFO - Filling up the DagBag from /usr/local/lib/python3.10/dist-packages/airflow/example_dags/tutorial_taskflow_api.py
[2023-12-05T17:50:15.520+0000] {processor.py:839} INFO - DAG(s) dict_keys(['tutorial_taskflow_api']) retrieved from /usr/local/lib/python3.10/dist-packages/airflow/example_dags/tutorial_taskflow_api.py
[2023-12-05T17:50:15.538+0000] {logging_mixin.py:154} INFO - [2023-12-05T17:50:15.538+0000] {dag.py:2941} INFO - Sync 1 DAGs
[2023-12-05T17:50:15.549+0000] {logging_mixin.py:154} INFO - [2023-12-05T17:50:15.549+0000] {dag.py:3722} INFO - Setting next_dagrun for tutorial_taskflow_api to None, run_after=None
[2023-12-05T17:50:15.571+0000] {processor.py:179} INFO - Processing /usr/local/lib/python3.10/dist-packages/airflow/example_dags/tutorial_taskflow_api.py took 0.063 seconds
[2023-12-05T17:50:50.437+0000] {processor.py:157} INFO - Started process (PID=9847) to work on /usr/local/lib/python3.10/dist-packages/airflow/example_dags/tutorial_taskflow_api.py
[2023-12-05T17:50:50.439+0000] {processor.py:829} INFO - Processing file /usr/local/lib/python3.10/dist-packages/airflow/example_dags/tutorial_taskflow_api.py for tasks to queue
[2023-12-05T17:50:50.446+0000] {logging_mixin.py:154} INFO - [2023-12-05T17:50:50.441+0000] {dagbag.py:536} INFO - Filling up the DagBag from /usr/local/lib/python3.10/dist-packages/airflow/example_dags/tutorial_taskflow_api.py
[2023-12-05T17:50:50.461+0000] {processor.py:839} INFO - DAG(s) dict_keys(['tutorial_taskflow_api']) retrieved from /usr/local/lib/python3.10/dist-packages/airflow/example_dags/tutorial_taskflow_api.py
[2023-12-05T17:50:50.486+0000] {logging_mixin.py:154} INFO - [2023-12-05T17:50:50.485+0000] {dag.py:2941} INFO - Sync 1 DAGs
[2023-12-05T17:50:50.504+0000] {logging_mixin.py:154} INFO - [2023-12-05T17:50:50.504+0000] {dag.py:3722} INFO - Setting next_dagrun for tutorial_taskflow_api to None, run_after=None
[2023-12-05T17:50:50.574+0000] {processor.py:179} INFO - Processing /usr/local/lib/python3.10/dist-packages/airflow/example_dags/tutorial_taskflow_api.py took 0.143 seconds
[2023-12-05T17:51:27.118+0000] {processor.py:157} INFO - Started process (PID=10006) to work on /usr/local/lib/python3.10/dist-packages/airflow/example_dags/tutorial_taskflow_api.py
[2023-12-05T17:51:27.120+0000] {processor.py:829} INFO - Processing file /usr/local/lib/python3.10/dist-packages/airflow/example_dags/tutorial_taskflow_api.py for tasks to queue
[2023-12-05T17:51:27.121+0000] {logging_mixin.py:154} INFO - [2023-12-05T17:51:27.120+0000] {dagbag.py:536} INFO - Filling up the DagBag from /usr/local/lib/python3.10/dist-packages/airflow/example_dags/tutorial_taskflow_api.py
[2023-12-05T17:51:27.131+0000] {processor.py:839} INFO - DAG(s) dict_keys(['tutorial_taskflow_api']) retrieved from /usr/local/lib/python3.10/dist-packages/airflow/example_dags/tutorial_taskflow_api.py
[2023-12-05T17:51:27.154+0000] {logging_mixin.py:154} INFO - [2023-12-05T17:51:27.153+0000] {dag.py:2941} INFO - Sync 1 DAGs
[2023-12-05T17:51:27.167+0000] {logging_mixin.py:154} INFO - [2023-12-05T17:51:27.166+0000] {dag.py:3722} INFO - Setting next_dagrun for tutorial_taskflow_api to None, run_after=None
[2023-12-05T17:51:27.196+0000] {processor.py:179} INFO - Processing /usr/local/lib/python3.10/dist-packages/airflow/example_dags/tutorial_taskflow_api.py took 0.087 seconds
[2023-12-05T17:52:03.344+0000] {processor.py:157} INFO - Started process (PID=10047) to work on /usr/local/lib/python3.10/dist-packages/airflow/example_dags/tutorial_taskflow_api.py
[2023-12-05T17:52:03.346+0000] {processor.py:829} INFO - Processing file /usr/local/lib/python3.10/dist-packages/airflow/example_dags/tutorial_taskflow_api.py for tasks to queue
[2023-12-05T17:52:03.348+0000] {logging_mixin.py:154} INFO - [2023-12-05T17:52:03.347+0000] {dagbag.py:536} INFO - Filling up the DagBag from /usr/local/lib/python3.10/dist-packages/airflow/example_dags/tutorial_taskflow_api.py
[2023-12-05T17:52:03.358+0000] {processor.py:839} INFO - DAG(s) dict_keys(['tutorial_taskflow_api']) retrieved from /usr/local/lib/python3.10/dist-packages/airflow/example_dags/tutorial_taskflow_api.py
[2023-12-05T17:52:03.398+0000] {logging_mixin.py:154} INFO - [2023-12-05T17:52:03.398+0000] {dag.py:2941} INFO - Sync 1 DAGs
[2023-12-05T17:52:03.418+0000] {logging_mixin.py:154} INFO - [2023-12-05T17:52:03.417+0000] {dag.py:3722} INFO - Setting next_dagrun for tutorial_taskflow_api to None, run_after=None
[2023-12-05T17:52:03.462+0000] {processor.py:179} INFO - Processing /usr/local/lib/python3.10/dist-packages/airflow/example_dags/tutorial_taskflow_api.py took 0.124 seconds
[2023-12-05T17:52:54.921+0000] {processor.py:157} INFO - Started process (PID=10166) to work on /usr/local/lib/python3.10/dist-packages/airflow/example_dags/tutorial_taskflow_api.py
[2023-12-05T17:52:54.922+0000] {processor.py:829} INFO - Processing file /usr/local/lib/python3.10/dist-packages/airflow/example_dags/tutorial_taskflow_api.py for tasks to queue
[2023-12-05T17:52:54.923+0000] {logging_mixin.py:154} INFO - [2023-12-05T17:52:54.923+0000] {dagbag.py:536} INFO - Filling up the DagBag from /usr/local/lib/python3.10/dist-packages/airflow/example_dags/tutorial_taskflow_api.py
[2023-12-05T17:52:54.931+0000] {processor.py:839} INFO - DAG(s) dict_keys(['tutorial_taskflow_api']) retrieved from /usr/local/lib/python3.10/dist-packages/airflow/example_dags/tutorial_taskflow_api.py
[2023-12-05T17:52:54.951+0000] {logging_mixin.py:154} INFO - [2023-12-05T17:52:54.951+0000] {dag.py:2941} INFO - Sync 1 DAGs
[2023-12-05T17:52:54.965+0000] {logging_mixin.py:154} INFO - [2023-12-05T17:52:54.965+0000] {dag.py:3722} INFO - Setting next_dagrun for tutorial_taskflow_api to None, run_after=None
[2023-12-05T17:52:54.997+0000] {processor.py:179} INFO - Processing /usr/local/lib/python3.10/dist-packages/airflow/example_dags/tutorial_taskflow_api.py took 0.080 seconds
[2023-12-05T17:53:43.466+0000] {processor.py:157} INFO - Started process (PID=10343) to work on /usr/local/lib/python3.10/dist-packages/airflow/example_dags/tutorial_taskflow_api.py
[2023-12-05T17:53:43.467+0000] {processor.py:829} INFO - Processing file /usr/local/lib/python3.10/dist-packages/airflow/example_dags/tutorial_taskflow_api.py for tasks to queue
[2023-12-05T17:53:43.468+0000] {logging_mixin.py:154} INFO - [2023-12-05T17:53:43.468+0000] {dagbag.py:536} INFO - Filling up the DagBag from /usr/local/lib/python3.10/dist-packages/airflow/example_dags/tutorial_taskflow_api.py
[2023-12-05T17:53:43.474+0000] {processor.py:839} INFO - DAG(s) dict_keys(['tutorial_taskflow_api']) retrieved from /usr/local/lib/python3.10/dist-packages/airflow/example_dags/tutorial_taskflow_api.py
[2023-12-05T17:53:43.490+0000] {logging_mixin.py:154} INFO - [2023-12-05T17:53:43.490+0000] {dag.py:2941} INFO - Sync 1 DAGs
[2023-12-05T17:53:43.507+0000] {logging_mixin.py:154} INFO - [2023-12-05T17:53:43.507+0000] {dag.py:3722} INFO - Setting next_dagrun for tutorial_taskflow_api to None, run_after=None
[2023-12-05T17:53:43.532+0000] {processor.py:179} INFO - Processing /usr/local/lib/python3.10/dist-packages/airflow/example_dags/tutorial_taskflow_api.py took 0.069 seconds
[2023-12-05T17:54:16.877+0000] {processor.py:157} INFO - Started process (PID=10442) to work on /usr/local/lib/python3.10/dist-packages/airflow/example_dags/tutorial_taskflow_api.py
[2023-12-05T17:54:16.879+0000] {processor.py:829} INFO - Processing file /usr/local/lib/python3.10/dist-packages/airflow/example_dags/tutorial_taskflow_api.py for tasks to queue
[2023-12-05T17:54:16.880+0000] {logging_mixin.py:154} INFO - [2023-12-05T17:54:16.879+0000] {dagbag.py:536} INFO - Filling up the DagBag from /usr/local/lib/python3.10/dist-packages/airflow/example_dags/tutorial_taskflow_api.py
[2023-12-05T17:54:16.887+0000] {processor.py:839} INFO - DAG(s) dict_keys(['tutorial_taskflow_api']) retrieved from /usr/local/lib/python3.10/dist-packages/airflow/example_dags/tutorial_taskflow_api.py
[2023-12-05T17:54:16.904+0000] {logging_mixin.py:154} INFO - [2023-12-05T17:54:16.904+0000] {dag.py:2941} INFO - Sync 1 DAGs
[2023-12-05T17:54:16.918+0000] {logging_mixin.py:154} INFO - [2023-12-05T17:54:16.917+0000] {dag.py:3722} INFO - Setting next_dagrun for tutorial_taskflow_api to None, run_after=None
[2023-12-05T17:54:16.942+0000] {processor.py:179} INFO - Processing /usr/local/lib/python3.10/dist-packages/airflow/example_dags/tutorial_taskflow_api.py took 0.071 seconds
[2023-12-05T17:54:53.077+0000] {processor.py:157} INFO - Started process (PID=10482) to work on /usr/local/lib/python3.10/dist-packages/airflow/example_dags/tutorial_taskflow_api.py
[2023-12-05T17:54:53.078+0000] {processor.py:829} INFO - Processing file /usr/local/lib/python3.10/dist-packages/airflow/example_dags/tutorial_taskflow_api.py for tasks to queue
[2023-12-05T17:54:53.079+0000] {logging_mixin.py:154} INFO - [2023-12-05T17:54:53.079+0000] {dagbag.py:536} INFO - Filling up the DagBag from /usr/local/lib/python3.10/dist-packages/airflow/example_dags/tutorial_taskflow_api.py
[2023-12-05T17:54:53.087+0000] {processor.py:839} INFO - DAG(s) dict_keys(['tutorial_taskflow_api']) retrieved from /usr/local/lib/python3.10/dist-packages/airflow/example_dags/tutorial_taskflow_api.py
[2023-12-05T17:54:53.104+0000] {logging_mixin.py:154} INFO - [2023-12-05T17:54:53.104+0000] {dag.py:2941} INFO - Sync 1 DAGs
[2023-12-05T17:54:53.117+0000] {logging_mixin.py:154} INFO - [2023-12-05T17:54:53.117+0000] {dag.py:3722} INFO - Setting next_dagrun for tutorial_taskflow_api to None, run_after=None
[2023-12-05T17:54:53.141+0000] {processor.py:179} INFO - Processing /usr/local/lib/python3.10/dist-packages/airflow/example_dags/tutorial_taskflow_api.py took 0.067 seconds
[2023-12-05T17:55:29.232+0000] {processor.py:157} INFO - Started process (PID=10583) to work on /usr/local/lib/python3.10/dist-packages/airflow/example_dags/tutorial_taskflow_api.py
[2023-12-05T17:55:29.234+0000] {processor.py:829} INFO - Processing file /usr/local/lib/python3.10/dist-packages/airflow/example_dags/tutorial_taskflow_api.py for tasks to queue
[2023-12-05T17:55:29.235+0000] {logging_mixin.py:154} INFO - [2023-12-05T17:55:29.234+0000] {dagbag.py:536} INFO - Filling up the DagBag from /usr/local/lib/python3.10/dist-packages/airflow/example_dags/tutorial_taskflow_api.py
[2023-12-05T17:55:29.254+0000] {processor.py:839} INFO - DAG(s) dict_keys(['tutorial_taskflow_api']) retrieved from /usr/local/lib/python3.10/dist-packages/airflow/example_dags/tutorial_taskflow_api.py
[2023-12-05T17:55:29.286+0000] {logging_mixin.py:154} INFO - [2023-12-05T17:55:29.286+0000] {dag.py:2941} INFO - Sync 1 DAGs
[2023-12-05T17:55:29.302+0000] {logging_mixin.py:154} INFO - [2023-12-05T17:55:29.301+0000] {dag.py:3722} INFO - Setting next_dagrun for tutorial_taskflow_api to None, run_after=None
[2023-12-05T17:55:29.330+0000] {processor.py:179} INFO - Processing /usr/local/lib/python3.10/dist-packages/airflow/example_dags/tutorial_taskflow_api.py took 0.103 seconds
[2023-12-05T17:56:17.352+0000] {processor.py:157} INFO - Started process (PID=10759) to work on /usr/local/lib/python3.10/dist-packages/airflow/example_dags/tutorial_taskflow_api.py
[2023-12-05T17:56:17.354+0000] {processor.py:829} INFO - Processing file /usr/local/lib/python3.10/dist-packages/airflow/example_dags/tutorial_taskflow_api.py for tasks to queue
[2023-12-05T17:56:17.355+0000] {logging_mixin.py:154} INFO - [2023-12-05T17:56:17.355+0000] {dagbag.py:536} INFO - Filling up the DagBag from /usr/local/lib/python3.10/dist-packages/airflow/example_dags/tutorial_taskflow_api.py
[2023-12-05T17:56:17.363+0000] {processor.py:839} INFO - DAG(s) dict_keys(['tutorial_taskflow_api']) retrieved from /usr/local/lib/python3.10/dist-packages/airflow/example_dags/tutorial_taskflow_api.py
[2023-12-05T17:56:17.382+0000] {logging_mixin.py:154} INFO - [2023-12-05T17:56:17.381+0000] {dag.py:2941} INFO - Sync 1 DAGs
[2023-12-05T17:56:17.393+0000] {logging_mixin.py:154} INFO - [2023-12-05T17:56:17.393+0000] {dag.py:3722} INFO - Setting next_dagrun for tutorial_taskflow_api to None, run_after=None
[2023-12-05T17:56:17.419+0000] {processor.py:179} INFO - Processing /usr/local/lib/python3.10/dist-packages/airflow/example_dags/tutorial_taskflow_api.py took 0.071 seconds
[2023-12-05T17:56:52.715+0000] {processor.py:157} INFO - Started process (PID=10802) to work on /usr/local/lib/python3.10/dist-packages/airflow/example_dags/tutorial_taskflow_api.py
[2023-12-05T17:56:52.717+0000] {processor.py:829} INFO - Processing file /usr/local/lib/python3.10/dist-packages/airflow/example_dags/tutorial_taskflow_api.py for tasks to queue
[2023-12-05T17:56:52.719+0000] {logging_mixin.py:154} INFO - [2023-12-05T17:56:52.718+0000] {dagbag.py:536} INFO - Filling up the DagBag from /usr/local/lib/python3.10/dist-packages/airflow/example_dags/tutorial_taskflow_api.py
[2023-12-05T17:56:52.728+0000] {processor.py:839} INFO - DAG(s) dict_keys(['tutorial_taskflow_api']) retrieved from /usr/local/lib/python3.10/dist-packages/airflow/example_dags/tutorial_taskflow_api.py
[2023-12-05T17:56:52.745+0000] {logging_mixin.py:154} INFO - [2023-12-05T17:56:52.745+0000] {dag.py:2941} INFO - Sync 1 DAGs
[2023-12-05T17:56:52.757+0000] {logging_mixin.py:154} INFO - [2023-12-05T17:56:52.757+0000] {dag.py:3722} INFO - Setting next_dagrun for tutorial_taskflow_api to None, run_after=None
[2023-12-05T17:56:52.800+0000] {processor.py:179} INFO - Processing /usr/local/lib/python3.10/dist-packages/airflow/example_dags/tutorial_taskflow_api.py took 0.089 seconds
[2023-12-05T17:57:30.297+0000] {processor.py:157} INFO - Started process (PID=10901) to work on /usr/local/lib/python3.10/dist-packages/airflow/example_dags/tutorial_taskflow_api.py
[2023-12-05T17:57:30.299+0000] {processor.py:829} INFO - Processing file /usr/local/lib/python3.10/dist-packages/airflow/example_dags/tutorial_taskflow_api.py for tasks to queue
[2023-12-05T17:57:30.301+0000] {logging_mixin.py:154} INFO - [2023-12-05T17:57:30.300+0000] {dagbag.py:536} INFO - Filling up the DagBag from /usr/local/lib/python3.10/dist-packages/airflow/example_dags/tutorial_taskflow_api.py
[2023-12-05T17:57:30.310+0000] {processor.py:839} INFO - DAG(s) dict_keys(['tutorial_taskflow_api']) retrieved from /usr/local/lib/python3.10/dist-packages/airflow/example_dags/tutorial_taskflow_api.py
[2023-12-05T17:57:30.340+0000] {logging_mixin.py:154} INFO - [2023-12-05T17:57:30.340+0000] {dag.py:2941} INFO - Sync 1 DAGs
[2023-12-05T17:57:30.358+0000] {logging_mixin.py:154} INFO - [2023-12-05T17:57:30.358+0000] {dag.py:3722} INFO - Setting next_dagrun for tutorial_taskflow_api to None, run_after=None
[2023-12-05T17:57:30.396+0000] {processor.py:179} INFO - Processing /usr/local/lib/python3.10/dist-packages/airflow/example_dags/tutorial_taskflow_api.py took 0.105 seconds
[2023-12-05T17:58:08.615+0000] {processor.py:157} INFO - Started process (PID=11007) to work on /usr/local/lib/python3.10/dist-packages/airflow/example_dags/tutorial_taskflow_api.py
[2023-12-05T17:58:08.617+0000] {processor.py:829} INFO - Processing file /usr/local/lib/python3.10/dist-packages/airflow/example_dags/tutorial_taskflow_api.py for tasks to queue
[2023-12-05T17:58:08.618+0000] {logging_mixin.py:154} INFO - [2023-12-05T17:58:08.617+0000] {dagbag.py:536} INFO - Filling up the DagBag from /usr/local/lib/python3.10/dist-packages/airflow/example_dags/tutorial_taskflow_api.py
[2023-12-05T17:58:08.626+0000] {processor.py:839} INFO - DAG(s) dict_keys(['tutorial_taskflow_api']) retrieved from /usr/local/lib/python3.10/dist-packages/airflow/example_dags/tutorial_taskflow_api.py
[2023-12-05T17:58:08.647+0000] {logging_mixin.py:154} INFO - [2023-12-05T17:58:08.647+0000] {dag.py:2941} INFO - Sync 1 DAGs
[2023-12-05T17:58:08.660+0000] {logging_mixin.py:154} INFO - [2023-12-05T17:58:08.660+0000] {dag.py:3722} INFO - Setting next_dagrun for tutorial_taskflow_api to None, run_after=None
[2023-12-05T17:58:08.683+0000] {processor.py:179} INFO - Processing /usr/local/lib/python3.10/dist-packages/airflow/example_dags/tutorial_taskflow_api.py took 0.071 seconds
[2023-12-05T17:58:44.526+0000] {processor.py:157} INFO - Started process (PID=11051) to work on /usr/local/lib/python3.10/dist-packages/airflow/example_dags/tutorial_taskflow_api.py
[2023-12-05T17:58:44.528+0000] {processor.py:829} INFO - Processing file /usr/local/lib/python3.10/dist-packages/airflow/example_dags/tutorial_taskflow_api.py for tasks to queue
[2023-12-05T17:58:44.529+0000] {logging_mixin.py:154} INFO - [2023-12-05T17:58:44.529+0000] {dagbag.py:536} INFO - Filling up the DagBag from /usr/local/lib/python3.10/dist-packages/airflow/example_dags/tutorial_taskflow_api.py
[2023-12-05T17:58:44.537+0000] {processor.py:839} INFO - DAG(s) dict_keys(['tutorial_taskflow_api']) retrieved from /usr/local/lib/python3.10/dist-packages/airflow/example_dags/tutorial_taskflow_api.py
[2023-12-05T17:58:44.554+0000] {logging_mixin.py:154} INFO - [2023-12-05T17:58:44.553+0000] {dag.py:2941} INFO - Sync 1 DAGs
[2023-12-05T17:58:44.576+0000] {logging_mixin.py:154} INFO - [2023-12-05T17:58:44.575+0000] {dag.py:3722} INFO - Setting next_dagrun for tutorial_taskflow_api to None, run_after=None
[2023-12-05T17:58:44.602+0000] {processor.py:179} INFO - Processing /usr/local/lib/python3.10/dist-packages/airflow/example_dags/tutorial_taskflow_api.py took 0.081 seconds
[2023-12-05T17:59:35.270+0000] {processor.py:157} INFO - Started process (PID=11171) to work on /usr/local/lib/python3.10/dist-packages/airflow/example_dags/tutorial_taskflow_api.py
[2023-12-05T17:59:35.272+0000] {processor.py:829} INFO - Processing file /usr/local/lib/python3.10/dist-packages/airflow/example_dags/tutorial_taskflow_api.py for tasks to queue
[2023-12-05T17:59:35.273+0000] {logging_mixin.py:154} INFO - [2023-12-05T17:59:35.272+0000] {dagbag.py:536} INFO - Filling up the DagBag from /usr/local/lib/python3.10/dist-packages/airflow/example_dags/tutorial_taskflow_api.py
[2023-12-05T17:59:35.279+0000] {processor.py:839} INFO - DAG(s) dict_keys(['tutorial_taskflow_api']) retrieved from /usr/local/lib/python3.10/dist-packages/airflow/example_dags/tutorial_taskflow_api.py
[2023-12-05T17:59:35.294+0000] {logging_mixin.py:154} INFO - [2023-12-05T17:59:35.294+0000] {dag.py:2941} INFO - Sync 1 DAGs
[2023-12-05T17:59:35.305+0000] {logging_mixin.py:154} INFO - [2023-12-05T17:59:35.305+0000] {dag.py:3722} INFO - Setting next_dagrun for tutorial_taskflow_api to None, run_after=None
[2023-12-05T17:59:35.330+0000] {processor.py:179} INFO - Processing /usr/local/lib/python3.10/dist-packages/airflow/example_dags/tutorial_taskflow_api.py took 0.063 seconds
[2023-12-05T18:00:11.416+0000] {processor.py:157} INFO - Started process (PID=11268) to work on /usr/local/lib/python3.10/dist-packages/airflow/example_dags/tutorial_taskflow_api.py
[2023-12-05T18:00:11.418+0000] {processor.py:829} INFO - Processing file /usr/local/lib/python3.10/dist-packages/airflow/example_dags/tutorial_taskflow_api.py for tasks to queue
[2023-12-05T18:00:11.418+0000] {logging_mixin.py:154} INFO - [2023-12-05T18:00:11.418+0000] {dagbag.py:536} INFO - Filling up the DagBag from /usr/local/lib/python3.10/dist-packages/airflow/example_dags/tutorial_taskflow_api.py
[2023-12-05T18:00:11.432+0000] {processor.py:839} INFO - DAG(s) dict_keys(['tutorial_taskflow_api']) retrieved from /usr/local/lib/python3.10/dist-packages/airflow/example_dags/tutorial_taskflow_api.py
[2023-12-05T18:00:11.454+0000] {logging_mixin.py:154} INFO - [2023-12-05T18:00:11.454+0000] {dag.py:2941} INFO - Sync 1 DAGs
[2023-12-05T18:00:11.467+0000] {logging_mixin.py:154} INFO - [2023-12-05T18:00:11.467+0000] {dag.py:3722} INFO - Setting next_dagrun for tutorial_taskflow_api to None, run_after=None
[2023-12-05T18:00:11.491+0000] {processor.py:179} INFO - Processing /usr/local/lib/python3.10/dist-packages/airflow/example_dags/tutorial_taskflow_api.py took 0.078 seconds
[2023-12-05T18:01:00.628+0000] {processor.py:157} INFO - Started process (PID=11326) to work on /usr/local/lib/python3.10/dist-packages/airflow/example_dags/tutorial_taskflow_api.py
[2023-12-05T18:01:00.630+0000] {processor.py:829} INFO - Processing file /usr/local/lib/python3.10/dist-packages/airflow/example_dags/tutorial_taskflow_api.py for tasks to queue
[2023-12-05T18:01:00.635+0000] {logging_mixin.py:154} INFO - [2023-12-05T18:01:00.634+0000] {dagbag.py:536} INFO - Filling up the DagBag from /usr/local/lib/python3.10/dist-packages/airflow/example_dags/tutorial_taskflow_api.py
[2023-12-05T18:01:00.645+0000] {processor.py:839} INFO - DAG(s) dict_keys(['tutorial_taskflow_api']) retrieved from /usr/local/lib/python3.10/dist-packages/airflow/example_dags/tutorial_taskflow_api.py
[2023-12-05T18:01:00.668+0000] {logging_mixin.py:154} INFO - [2023-12-05T18:01:00.668+0000] {dag.py:2941} INFO - Sync 1 DAGs
[2023-12-05T18:01:00.682+0000] {logging_mixin.py:154} INFO - [2023-12-05T18:01:00.681+0000] {dag.py:3722} INFO - Setting next_dagrun for tutorial_taskflow_api to None, run_after=None
[2023-12-05T18:01:00.710+0000] {processor.py:179} INFO - Processing /usr/local/lib/python3.10/dist-packages/airflow/example_dags/tutorial_taskflow_api.py took 0.085 seconds
[2023-12-05T18:01:48.296+0000] {processor.py:157} INFO - Started process (PID=11502) to work on /usr/local/lib/python3.10/dist-packages/airflow/example_dags/tutorial_taskflow_api.py
[2023-12-05T18:01:48.297+0000] {processor.py:829} INFO - Processing file /usr/local/lib/python3.10/dist-packages/airflow/example_dags/tutorial_taskflow_api.py for tasks to queue
[2023-12-05T18:01:48.298+0000] {logging_mixin.py:154} INFO - [2023-12-05T18:01:48.297+0000] {dagbag.py:536} INFO - Filling up the DagBag from /usr/local/lib/python3.10/dist-packages/airflow/example_dags/tutorial_taskflow_api.py
[2023-12-05T18:01:48.305+0000] {processor.py:839} INFO - DAG(s) dict_keys(['tutorial_taskflow_api']) retrieved from /usr/local/lib/python3.10/dist-packages/airflow/example_dags/tutorial_taskflow_api.py
[2023-12-05T18:01:48.323+0000] {logging_mixin.py:154} INFO - [2023-12-05T18:01:48.323+0000] {dag.py:2941} INFO - Sync 1 DAGs
[2023-12-05T18:01:48.336+0000] {logging_mixin.py:154} INFO - [2023-12-05T18:01:48.336+0000] {dag.py:3722} INFO - Setting next_dagrun for tutorial_taskflow_api to None, run_after=None
[2023-12-05T18:01:48.359+0000] {processor.py:179} INFO - Processing /usr/local/lib/python3.10/dist-packages/airflow/example_dags/tutorial_taskflow_api.py took 0.067 seconds
[2023-12-05T18:02:37.659+0000] {processor.py:157} INFO - Started process (PID=11619) to work on /usr/local/lib/python3.10/dist-packages/airflow/example_dags/tutorial_taskflow_api.py
[2023-12-05T18:02:37.661+0000] {processor.py:829} INFO - Processing file /usr/local/lib/python3.10/dist-packages/airflow/example_dags/tutorial_taskflow_api.py for tasks to queue
[2023-12-05T18:02:37.662+0000] {logging_mixin.py:154} INFO - [2023-12-05T18:02:37.662+0000] {dagbag.py:536} INFO - Filling up the DagBag from /usr/local/lib/python3.10/dist-packages/airflow/example_dags/tutorial_taskflow_api.py
[2023-12-05T18:02:37.676+0000] {processor.py:839} INFO - DAG(s) dict_keys(['tutorial_taskflow_api']) retrieved from /usr/local/lib/python3.10/dist-packages/airflow/example_dags/tutorial_taskflow_api.py
[2023-12-05T18:02:37.698+0000] {logging_mixin.py:154} INFO - [2023-12-05T18:02:37.698+0000] {dag.py:2941} INFO - Sync 1 DAGs
[2023-12-05T18:02:37.717+0000] {logging_mixin.py:154} INFO - [2023-12-05T18:02:37.717+0000] {dag.py:3722} INFO - Setting next_dagrun for tutorial_taskflow_api to None, run_after=None
[2023-12-05T18:02:37.750+0000] {processor.py:179} INFO - Processing /usr/local/lib/python3.10/dist-packages/airflow/example_dags/tutorial_taskflow_api.py took 0.097 seconds
[2023-12-05T18:03:13.344+0000] {processor.py:157} INFO - Started process (PID=11723) to work on /usr/local/lib/python3.10/dist-packages/airflow/example_dags/tutorial_taskflow_api.py
[2023-12-05T18:03:13.345+0000] {processor.py:829} INFO - Processing file /usr/local/lib/python3.10/dist-packages/airflow/example_dags/tutorial_taskflow_api.py for tasks to queue
[2023-12-05T18:03:13.346+0000] {logging_mixin.py:154} INFO - [2023-12-05T18:03:13.346+0000] {dagbag.py:536} INFO - Filling up the DagBag from /usr/local/lib/python3.10/dist-packages/airflow/example_dags/tutorial_taskflow_api.py
[2023-12-05T18:03:13.352+0000] {processor.py:839} INFO - DAG(s) dict_keys(['tutorial_taskflow_api']) retrieved from /usr/local/lib/python3.10/dist-packages/airflow/example_dags/tutorial_taskflow_api.py
[2023-12-05T18:03:13.368+0000] {logging_mixin.py:154} INFO - [2023-12-05T18:03:13.368+0000] {dag.py:2941} INFO - Sync 1 DAGs
[2023-12-05T18:03:13.378+0000] {logging_mixin.py:154} INFO - [2023-12-05T18:03:13.378+0000] {dag.py:3722} INFO - Setting next_dagrun for tutorial_taskflow_api to None, run_after=None
[2023-12-05T18:03:13.400+0000] {processor.py:179} INFO - Processing /usr/local/lib/python3.10/dist-packages/airflow/example_dags/tutorial_taskflow_api.py took 0.059 seconds
[2023-12-05T18:04:02.053+0000] {processor.py:157} INFO - Started process (PID=11778) to work on /usr/local/lib/python3.10/dist-packages/airflow/example_dags/tutorial_taskflow_api.py
[2023-12-05T18:04:02.054+0000] {processor.py:829} INFO - Processing file /usr/local/lib/python3.10/dist-packages/airflow/example_dags/tutorial_taskflow_api.py for tasks to queue
[2023-12-05T18:04:02.055+0000] {logging_mixin.py:154} INFO - [2023-12-05T18:04:02.055+0000] {dagbag.py:536} INFO - Filling up the DagBag from /usr/local/lib/python3.10/dist-packages/airflow/example_dags/tutorial_taskflow_api.py
[2023-12-05T18:04:02.066+0000] {processor.py:839} INFO - DAG(s) dict_keys(['tutorial_taskflow_api']) retrieved from /usr/local/lib/python3.10/dist-packages/airflow/example_dags/tutorial_taskflow_api.py
[2023-12-05T18:04:02.088+0000] {logging_mixin.py:154} INFO - [2023-12-05T18:04:02.087+0000] {dag.py:2941} INFO - Sync 1 DAGs
[2023-12-05T18:04:02.102+0000] {logging_mixin.py:154} INFO - [2023-12-05T18:04:02.102+0000] {dag.py:3722} INFO - Setting next_dagrun for tutorial_taskflow_api to None, run_after=None
[2023-12-05T18:04:02.149+0000] {processor.py:179} INFO - Processing /usr/local/lib/python3.10/dist-packages/airflow/example_dags/tutorial_taskflow_api.py took 0.100 seconds
[2023-12-05T18:04:52.281+0000] {processor.py:157} INFO - Started process (PID=12226) to work on /usr/local/lib/python3.10/dist-packages/airflow/example_dags/tutorial_taskflow_api.py
[2023-12-05T18:04:52.282+0000] {processor.py:829} INFO - Processing file /usr/local/lib/python3.10/dist-packages/airflow/example_dags/tutorial_taskflow_api.py for tasks to queue
[2023-12-05T18:04:52.283+0000] {logging_mixin.py:154} INFO - [2023-12-05T18:04:52.282+0000] {dagbag.py:536} INFO - Filling up the DagBag from /usr/local/lib/python3.10/dist-packages/airflow/example_dags/tutorial_taskflow_api.py
[2023-12-05T18:04:52.290+0000] {processor.py:839} INFO - DAG(s) dict_keys(['tutorial_taskflow_api']) retrieved from /usr/local/lib/python3.10/dist-packages/airflow/example_dags/tutorial_taskflow_api.py
[2023-12-05T18:04:52.324+0000] {logging_mixin.py:154} INFO - [2023-12-05T18:04:52.323+0000] {dag.py:2941} INFO - Sync 1 DAGs
[2023-12-05T18:04:52.342+0000] {logging_mixin.py:154} INFO - [2023-12-05T18:04:52.341+0000] {dag.py:3722} INFO - Setting next_dagrun for tutorial_taskflow_api to None, run_after=None
[2023-12-05T18:04:52.368+0000] {processor.py:179} INFO - Processing /usr/local/lib/python3.10/dist-packages/airflow/example_dags/tutorial_taskflow_api.py took 0.090 seconds
[2023-12-05T18:05:27.195+0000] {processor.py:157} INFO - Started process (PID=12450) to work on /usr/local/lib/python3.10/dist-packages/airflow/example_dags/tutorial_taskflow_api.py
[2023-12-05T18:05:27.197+0000] {processor.py:829} INFO - Processing file /usr/local/lib/python3.10/dist-packages/airflow/example_dags/tutorial_taskflow_api.py for tasks to queue
[2023-12-05T18:05:27.198+0000] {logging_mixin.py:154} INFO - [2023-12-05T18:05:27.197+0000] {dagbag.py:536} INFO - Filling up the DagBag from /usr/local/lib/python3.10/dist-packages/airflow/example_dags/tutorial_taskflow_api.py
[2023-12-05T18:05:27.205+0000] {processor.py:839} INFO - DAG(s) dict_keys(['tutorial_taskflow_api']) retrieved from /usr/local/lib/python3.10/dist-packages/airflow/example_dags/tutorial_taskflow_api.py
[2023-12-05T18:05:27.227+0000] {logging_mixin.py:154} INFO - [2023-12-05T18:05:27.227+0000] {dag.py:2941} INFO - Sync 1 DAGs
[2023-12-05T18:05:27.239+0000] {logging_mixin.py:154} INFO - [2023-12-05T18:05:27.239+0000] {dag.py:3722} INFO - Setting next_dagrun for tutorial_taskflow_api to None, run_after=None
[2023-12-05T18:05:27.269+0000] {processor.py:179} INFO - Processing /usr/local/lib/python3.10/dist-packages/airflow/example_dags/tutorial_taskflow_api.py took 0.079 seconds
[2023-12-05T18:06:01.868+0000] {processor.py:157} INFO - Started process (PID=12604) to work on /usr/local/lib/python3.10/dist-packages/airflow/example_dags/tutorial_taskflow_api.py
[2023-12-05T18:06:01.869+0000] {processor.py:829} INFO - Processing file /usr/local/lib/python3.10/dist-packages/airflow/example_dags/tutorial_taskflow_api.py for tasks to queue
[2023-12-05T18:06:01.870+0000] {logging_mixin.py:154} INFO - [2023-12-05T18:06:01.870+0000] {dagbag.py:536} INFO - Filling up the DagBag from /usr/local/lib/python3.10/dist-packages/airflow/example_dags/tutorial_taskflow_api.py
[2023-12-05T18:06:01.881+0000] {processor.py:839} INFO - DAG(s) dict_keys(['tutorial_taskflow_api']) retrieved from /usr/local/lib/python3.10/dist-packages/airflow/example_dags/tutorial_taskflow_api.py
[2023-12-05T18:06:01.905+0000] {logging_mixin.py:154} INFO - [2023-12-05T18:06:01.904+0000] {dag.py:2941} INFO - Sync 1 DAGs
[2023-12-05T18:06:01.916+0000] {logging_mixin.py:154} INFO - [2023-12-05T18:06:01.916+0000] {dag.py:3722} INFO - Setting next_dagrun for tutorial_taskflow_api to None, run_after=None
[2023-12-05T18:06:01.940+0000] {processor.py:179} INFO - Processing /usr/local/lib/python3.10/dist-packages/airflow/example_dags/tutorial_taskflow_api.py took 0.076 seconds
[2023-12-05T18:06:35.671+0000] {processor.py:157} INFO - Started process (PID=12770) to work on /usr/local/lib/python3.10/dist-packages/airflow/example_dags/tutorial_taskflow_api.py
[2023-12-05T18:06:35.672+0000] {processor.py:829} INFO - Processing file /usr/local/lib/python3.10/dist-packages/airflow/example_dags/tutorial_taskflow_api.py for tasks to queue
[2023-12-05T18:06:35.673+0000] {logging_mixin.py:154} INFO - [2023-12-05T18:06:35.673+0000] {dagbag.py:536} INFO - Filling up the DagBag from /usr/local/lib/python3.10/dist-packages/airflow/example_dags/tutorial_taskflow_api.py
[2023-12-05T18:06:35.681+0000] {processor.py:839} INFO - DAG(s) dict_keys(['tutorial_taskflow_api']) retrieved from /usr/local/lib/python3.10/dist-packages/airflow/example_dags/tutorial_taskflow_api.py
[2023-12-05T18:06:35.701+0000] {logging_mixin.py:154} INFO - [2023-12-05T18:06:35.701+0000] {dag.py:2941} INFO - Sync 1 DAGs
[2023-12-05T18:06:35.714+0000] {logging_mixin.py:154} INFO - [2023-12-05T18:06:35.714+0000] {dag.py:3722} INFO - Setting next_dagrun for tutorial_taskflow_api to None, run_after=None
[2023-12-05T18:06:35.750+0000] {processor.py:179} INFO - Processing /usr/local/lib/python3.10/dist-packages/airflow/example_dags/tutorial_taskflow_api.py took 0.083 seconds
[2023-12-05T18:07:12.143+0000] {processor.py:157} INFO - Started process (PID=13048) to work on /usr/local/lib/python3.10/dist-packages/airflow/example_dags/tutorial_taskflow_api.py
[2023-12-05T18:07:12.144+0000] {processor.py:829} INFO - Processing file /usr/local/lib/python3.10/dist-packages/airflow/example_dags/tutorial_taskflow_api.py for tasks to queue
[2023-12-05T18:07:12.145+0000] {logging_mixin.py:154} INFO - [2023-12-05T18:07:12.145+0000] {dagbag.py:536} INFO - Filling up the DagBag from /usr/local/lib/python3.10/dist-packages/airflow/example_dags/tutorial_taskflow_api.py
[2023-12-05T18:07:12.152+0000] {processor.py:839} INFO - DAG(s) dict_keys(['tutorial_taskflow_api']) retrieved from /usr/local/lib/python3.10/dist-packages/airflow/example_dags/tutorial_taskflow_api.py
[2023-12-05T18:07:12.172+0000] {logging_mixin.py:154} INFO - [2023-12-05T18:07:12.169+0000] {dag.py:2941} INFO - Sync 1 DAGs
[2023-12-05T18:07:12.188+0000] {logging_mixin.py:154} INFO - [2023-12-05T18:07:12.188+0000] {dag.py:3722} INFO - Setting next_dagrun for tutorial_taskflow_api to None, run_after=None
[2023-12-05T18:07:12.213+0000] {processor.py:179} INFO - Processing /usr/local/lib/python3.10/dist-packages/airflow/example_dags/tutorial_taskflow_api.py took 0.075 seconds
[2023-12-05T18:07:48.888+0000] {processor.py:157} INFO - Started process (PID=13096) to work on /usr/local/lib/python3.10/dist-packages/airflow/example_dags/tutorial_taskflow_api.py
[2023-12-05T18:07:48.890+0000] {processor.py:829} INFO - Processing file /usr/local/lib/python3.10/dist-packages/airflow/example_dags/tutorial_taskflow_api.py for tasks to queue
[2023-12-05T18:07:48.891+0000] {logging_mixin.py:154} INFO - [2023-12-05T18:07:48.891+0000] {dagbag.py:536} INFO - Filling up the DagBag from /usr/local/lib/python3.10/dist-packages/airflow/example_dags/tutorial_taskflow_api.py
[2023-12-05T18:07:48.900+0000] {processor.py:839} INFO - DAG(s) dict_keys(['tutorial_taskflow_api']) retrieved from /usr/local/lib/python3.10/dist-packages/airflow/example_dags/tutorial_taskflow_api.py
[2023-12-05T18:07:48.919+0000] {logging_mixin.py:154} INFO - [2023-12-05T18:07:48.918+0000] {dag.py:2941} INFO - Sync 1 DAGs
[2023-12-05T18:07:48.930+0000] {logging_mixin.py:154} INFO - [2023-12-05T18:07:48.930+0000] {dag.py:3722} INFO - Setting next_dagrun for tutorial_taskflow_api to None, run_after=None
[2023-12-05T18:07:48.955+0000] {processor.py:179} INFO - Processing /usr/local/lib/python3.10/dist-packages/airflow/example_dags/tutorial_taskflow_api.py took 0.071 seconds
[2023-12-05T18:08:32.311+0000] {processor.py:157} INFO - Started process (PID=13203) to work on /usr/local/lib/python3.10/dist-packages/airflow/example_dags/tutorial_taskflow_api.py
[2023-12-05T18:08:32.313+0000] {processor.py:829} INFO - Processing file /usr/local/lib/python3.10/dist-packages/airflow/example_dags/tutorial_taskflow_api.py for tasks to queue
[2023-12-05T18:08:32.314+0000] {logging_mixin.py:154} INFO - [2023-12-05T18:08:32.313+0000] {dagbag.py:536} INFO - Filling up the DagBag from /usr/local/lib/python3.10/dist-packages/airflow/example_dags/tutorial_taskflow_api.py
[2023-12-05T18:08:32.321+0000] {processor.py:839} INFO - DAG(s) dict_keys(['tutorial_taskflow_api']) retrieved from /usr/local/lib/python3.10/dist-packages/airflow/example_dags/tutorial_taskflow_api.py
[2023-12-05T18:08:32.341+0000] {logging_mixin.py:154} INFO - [2023-12-05T18:08:32.341+0000] {dag.py:2941} INFO - Sync 1 DAGs
[2023-12-05T18:08:32.354+0000] {logging_mixin.py:154} INFO - [2023-12-05T18:08:32.354+0000] {dag.py:3722} INFO - Setting next_dagrun for tutorial_taskflow_api to None, run_after=None
[2023-12-05T18:08:32.385+0000] {processor.py:179} INFO - Processing /usr/local/lib/python3.10/dist-packages/airflow/example_dags/tutorial_taskflow_api.py took 0.079 seconds
[2023-12-05T18:09:05.288+0000] {processor.py:157} INFO - Started process (PID=13573) to work on /usr/local/lib/python3.10/dist-packages/airflow/example_dags/tutorial_taskflow_api.py
[2023-12-05T18:09:05.290+0000] {processor.py:829} INFO - Processing file /usr/local/lib/python3.10/dist-packages/airflow/example_dags/tutorial_taskflow_api.py for tasks to queue
[2023-12-05T18:09:05.292+0000] {logging_mixin.py:154} INFO - [2023-12-05T18:09:05.291+0000] {dagbag.py:536} INFO - Filling up the DagBag from /usr/local/lib/python3.10/dist-packages/airflow/example_dags/tutorial_taskflow_api.py
[2023-12-05T18:09:05.299+0000] {processor.py:839} INFO - DAG(s) dict_keys(['tutorial_taskflow_api']) retrieved from /usr/local/lib/python3.10/dist-packages/airflow/example_dags/tutorial_taskflow_api.py
[2023-12-05T18:09:05.325+0000] {logging_mixin.py:154} INFO - [2023-12-05T18:09:05.325+0000] {dag.py:2941} INFO - Sync 1 DAGs
[2023-12-05T18:09:05.340+0000] {logging_mixin.py:154} INFO - [2023-12-05T18:09:05.340+0000] {dag.py:3722} INFO - Setting next_dagrun for tutorial_taskflow_api to None, run_after=None
[2023-12-05T18:09:05.381+0000] {processor.py:179} INFO - Processing /usr/local/lib/python3.10/dist-packages/airflow/example_dags/tutorial_taskflow_api.py took 0.097 seconds
[2023-12-05T18:09:39.913+0000] {processor.py:157} INFO - Started process (PID=13646) to work on /usr/local/lib/python3.10/dist-packages/airflow/example_dags/tutorial_taskflow_api.py
[2023-12-05T18:09:39.914+0000] {processor.py:829} INFO - Processing file /usr/local/lib/python3.10/dist-packages/airflow/example_dags/tutorial_taskflow_api.py for tasks to queue
[2023-12-05T18:09:39.914+0000] {logging_mixin.py:154} INFO - [2023-12-05T18:09:39.914+0000] {dagbag.py:536} INFO - Filling up the DagBag from /usr/local/lib/python3.10/dist-packages/airflow/example_dags/tutorial_taskflow_api.py
[2023-12-05T18:09:39.923+0000] {processor.py:839} INFO - DAG(s) dict_keys(['tutorial_taskflow_api']) retrieved from /usr/local/lib/python3.10/dist-packages/airflow/example_dags/tutorial_taskflow_api.py
[2023-12-05T18:09:39.946+0000] {logging_mixin.py:154} INFO - [2023-12-05T18:09:39.946+0000] {dag.py:2941} INFO - Sync 1 DAGs
[2023-12-05T18:09:39.958+0000] {logging_mixin.py:154} INFO - [2023-12-05T18:09:39.958+0000] {dag.py:3722} INFO - Setting next_dagrun for tutorial_taskflow_api to None, run_after=None
[2023-12-05T18:09:39.982+0000] {processor.py:179} INFO - Processing /usr/local/lib/python3.10/dist-packages/airflow/example_dags/tutorial_taskflow_api.py took 0.072 seconds
[2023-12-05T18:10:29.170+0000] {processor.py:157} INFO - Started process (PID=13764) to work on /usr/local/lib/python3.10/dist-packages/airflow/example_dags/tutorial_taskflow_api.py
[2023-12-05T18:10:29.171+0000] {processor.py:829} INFO - Processing file /usr/local/lib/python3.10/dist-packages/airflow/example_dags/tutorial_taskflow_api.py for tasks to queue
[2023-12-05T18:10:29.172+0000] {logging_mixin.py:154} INFO - [2023-12-05T18:10:29.171+0000] {dagbag.py:536} INFO - Filling up the DagBag from /usr/local/lib/python3.10/dist-packages/airflow/example_dags/tutorial_taskflow_api.py
[2023-12-05T18:10:29.179+0000] {processor.py:839} INFO - DAG(s) dict_keys(['tutorial_taskflow_api']) retrieved from /usr/local/lib/python3.10/dist-packages/airflow/example_dags/tutorial_taskflow_api.py
[2023-12-05T18:10:29.203+0000] {logging_mixin.py:154} INFO - [2023-12-05T18:10:29.202+0000] {dag.py:2941} INFO - Sync 1 DAGs
[2023-12-05T18:10:29.233+0000] {logging_mixin.py:154} INFO - [2023-12-05T18:10:29.233+0000] {dag.py:3722} INFO - Setting next_dagrun for tutorial_taskflow_api to None, run_after=None
[2023-12-05T18:10:29.265+0000] {processor.py:179} INFO - Processing /usr/local/lib/python3.10/dist-packages/airflow/example_dags/tutorial_taskflow_api.py took 0.099 seconds
