[2023-12-05T17:45:01.694+0000] {processor.py:157} INFO - Started process (PID=8911) to work on /usr/local/lib/python3.10/dist-packages/airflow/example_dags/tutorial.py
[2023-12-05T17:45:01.699+0000] {processor.py:829} INFO - Processing file /usr/local/lib/python3.10/dist-packages/airflow/example_dags/tutorial.py for tasks to queue
[2023-12-05T17:45:01.700+0000] {logging_mixin.py:154} INFO - [2023-12-05T17:45:01.700+0000] {dagbag.py:536} INFO - Filling up the DagBag from /usr/local/lib/python3.10/dist-packages/airflow/example_dags/tutorial.py
[2023-12-05T17:45:01.717+0000] {processor.py:839} INFO - DAG(s) dict_keys(['tutorial']) retrieved from /usr/local/lib/python3.10/dist-packages/airflow/example_dags/tutorial.py
[2023-12-05T17:45:01.882+0000] {logging_mixin.py:154} INFO - [2023-12-05T17:45:01.882+0000] {manager.py:499} INFO - Created Permission View: %s
[2023-12-05T17:45:01.906+0000] {logging_mixin.py:154} INFO - [2023-12-05T17:45:01.905+0000] {manager.py:499} INFO - Created Permission View: %s
[2023-12-05T17:45:01.921+0000] {logging_mixin.py:154} INFO - [2023-12-05T17:45:01.921+0000] {manager.py:499} INFO - Created Permission View: %s
[2023-12-05T17:45:01.922+0000] {logging_mixin.py:154} INFO - [2023-12-05T17:45:01.921+0000] {dag.py:2941} INFO - Sync 1 DAGs
[2023-12-05T17:45:01.956+0000] {logging_mixin.py:154} INFO - [2023-12-05T17:45:01.956+0000] {dag.py:2963} INFO - Creating ORM DAG for tutorial
[2023-12-05T17:45:01.970+0000] {logging_mixin.py:154} INFO - [2023-12-05T17:45:01.969+0000] {dag.py:3722} INFO - Setting next_dagrun for tutorial to 2023-12-04T17:45:01.969626+00:00, run_after=2023-12-05T17:45:01.969626+00:00
[2023-12-05T17:45:02.006+0000] {processor.py:179} INFO - Processing /usr/local/lib/python3.10/dist-packages/airflow/example_dags/tutorial.py took 0.329 seconds
[2023-12-05T17:46:15.000+0000] {processor.py:157} INFO - Started process (PID=9248) to work on /usr/local/lib/python3.10/dist-packages/airflow/example_dags/tutorial.py
[2023-12-05T17:46:15.001+0000] {processor.py:829} INFO - Processing file /usr/local/lib/python3.10/dist-packages/airflow/example_dags/tutorial.py for tasks to queue
[2023-12-05T17:46:15.003+0000] {logging_mixin.py:154} INFO - [2023-12-05T17:46:15.002+0000] {dagbag.py:536} INFO - Filling up the DagBag from /usr/local/lib/python3.10/dist-packages/airflow/example_dags/tutorial.py
[2023-12-05T17:46:15.012+0000] {processor.py:839} INFO - DAG(s) dict_keys(['tutorial']) retrieved from /usr/local/lib/python3.10/dist-packages/airflow/example_dags/tutorial.py
[2023-12-05T17:46:15.023+0000] {logging_mixin.py:154} INFO - [2023-12-05T17:46:15.022+0000] {dag.py:2941} INFO - Sync 1 DAGs
[2023-12-05T17:46:15.049+0000] {logging_mixin.py:154} INFO - [2023-12-05T17:46:15.048+0000] {dag.py:3722} INFO - Setting next_dagrun for tutorial to 2023-12-04T17:46:15.048462+00:00, run_after=2023-12-05T17:46:15.048462+00:00
[2023-12-05T17:46:15.081+0000] {processor.py:179} INFO - Processing /usr/local/lib/python3.10/dist-packages/airflow/example_dags/tutorial.py took 0.085 seconds
[2023-12-05T17:47:04.477+0000] {processor.py:157} INFO - Started process (PID=9324) to work on /usr/local/lib/python3.10/dist-packages/airflow/example_dags/tutorial.py
[2023-12-05T17:47:04.479+0000] {processor.py:829} INFO - Processing file /usr/local/lib/python3.10/dist-packages/airflow/example_dags/tutorial.py for tasks to queue
[2023-12-05T17:47:04.480+0000] {logging_mixin.py:154} INFO - [2023-12-05T17:47:04.480+0000] {dagbag.py:536} INFO - Filling up the DagBag from /usr/local/lib/python3.10/dist-packages/airflow/example_dags/tutorial.py
[2023-12-05T17:47:04.492+0000] {processor.py:839} INFO - DAG(s) dict_keys(['tutorial']) retrieved from /usr/local/lib/python3.10/dist-packages/airflow/example_dags/tutorial.py
[2023-12-05T17:47:04.518+0000] {logging_mixin.py:154} INFO - [2023-12-05T17:47:04.517+0000] {dag.py:2941} INFO - Sync 1 DAGs
[2023-12-05T17:47:04.538+0000] {logging_mixin.py:154} INFO - [2023-12-05T17:47:04.538+0000] {dag.py:3722} INFO - Setting next_dagrun for tutorial to 2023-12-04T17:47:04.537922+00:00, run_after=2023-12-05T17:47:04.537922+00:00
[2023-12-05T17:47:04.570+0000] {processor.py:179} INFO - Processing /usr/local/lib/python3.10/dist-packages/airflow/example_dags/tutorial.py took 0.107 seconds
[2023-12-05T17:47:52.525+0000] {processor.py:157} INFO - Started process (PID=9410) to work on /usr/local/lib/python3.10/dist-packages/airflow/example_dags/tutorial.py
[2023-12-05T17:47:52.526+0000] {processor.py:829} INFO - Processing file /usr/local/lib/python3.10/dist-packages/airflow/example_dags/tutorial.py for tasks to queue
[2023-12-05T17:47:52.527+0000] {logging_mixin.py:154} INFO - [2023-12-05T17:47:52.526+0000] {dagbag.py:536} INFO - Filling up the DagBag from /usr/local/lib/python3.10/dist-packages/airflow/example_dags/tutorial.py
[2023-12-05T17:47:52.534+0000] {processor.py:839} INFO - DAG(s) dict_keys(['tutorial']) retrieved from /usr/local/lib/python3.10/dist-packages/airflow/example_dags/tutorial.py
[2023-12-05T17:47:52.550+0000] {logging_mixin.py:154} INFO - [2023-12-05T17:47:52.550+0000] {dag.py:2941} INFO - Sync 1 DAGs
[2023-12-05T17:47:52.569+0000] {logging_mixin.py:154} INFO - [2023-12-05T17:47:52.569+0000] {dag.py:3722} INFO - Setting next_dagrun for tutorial to 2023-12-04T17:47:52.569308+00:00, run_after=2023-12-05T17:47:52.569308+00:00
[2023-12-05T17:47:52.591+0000] {processor.py:179} INFO - Processing /usr/local/lib/python3.10/dist-packages/airflow/example_dags/tutorial.py took 0.070 seconds
[2023-12-05T17:48:30.133+0000] {processor.py:157} INFO - Started process (PID=9571) to work on /usr/local/lib/python3.10/dist-packages/airflow/example_dags/tutorial.py
[2023-12-05T17:48:30.136+0000] {processor.py:829} INFO - Processing file /usr/local/lib/python3.10/dist-packages/airflow/example_dags/tutorial.py for tasks to queue
[2023-12-05T17:48:30.137+0000] {logging_mixin.py:154} INFO - [2023-12-05T17:48:30.136+0000] {dagbag.py:536} INFO - Filling up the DagBag from /usr/local/lib/python3.10/dist-packages/airflow/example_dags/tutorial.py
[2023-12-05T17:48:30.147+0000] {processor.py:839} INFO - DAG(s) dict_keys(['tutorial']) retrieved from /usr/local/lib/python3.10/dist-packages/airflow/example_dags/tutorial.py
[2023-12-05T17:48:30.178+0000] {logging_mixin.py:154} INFO - [2023-12-05T17:48:30.177+0000] {dag.py:2941} INFO - Sync 1 DAGs
[2023-12-05T17:48:30.202+0000] {logging_mixin.py:154} INFO - [2023-12-05T17:48:30.201+0000] {dag.py:3722} INFO - Setting next_dagrun for tutorial to 2023-12-04T17:48:30.201487+00:00, run_after=2023-12-05T17:48:30.201487+00:00
[2023-12-05T17:48:30.248+0000] {processor.py:179} INFO - Processing /usr/local/lib/python3.10/dist-packages/airflow/example_dags/tutorial.py took 0.120 seconds
[2023-12-05T17:49:07.500+0000] {processor.py:157} INFO - Started process (PID=9671) to work on /usr/local/lib/python3.10/dist-packages/airflow/example_dags/tutorial.py
[2023-12-05T17:49:07.501+0000] {processor.py:829} INFO - Processing file /usr/local/lib/python3.10/dist-packages/airflow/example_dags/tutorial.py for tasks to queue
[2023-12-05T17:49:07.502+0000] {logging_mixin.py:154} INFO - [2023-12-05T17:49:07.502+0000] {dagbag.py:536} INFO - Filling up the DagBag from /usr/local/lib/python3.10/dist-packages/airflow/example_dags/tutorial.py
[2023-12-05T17:49:07.509+0000] {processor.py:839} INFO - DAG(s) dict_keys(['tutorial']) retrieved from /usr/local/lib/python3.10/dist-packages/airflow/example_dags/tutorial.py
[2023-12-05T17:49:07.528+0000] {logging_mixin.py:154} INFO - [2023-12-05T17:49:07.528+0000] {dag.py:2941} INFO - Sync 1 DAGs
[2023-12-05T17:49:07.556+0000] {logging_mixin.py:154} INFO - [2023-12-05T17:49:07.555+0000] {dag.py:3722} INFO - Setting next_dagrun for tutorial to 2023-12-04T17:49:07.555533+00:00, run_after=2023-12-05T17:49:07.555533+00:00
[2023-12-05T17:49:07.582+0000] {processor.py:179} INFO - Processing /usr/local/lib/python3.10/dist-packages/airflow/example_dags/tutorial.py took 0.085 seconds
[2023-12-05T17:49:41.708+0000] {processor.py:157} INFO - Started process (PID=9708) to work on /usr/local/lib/python3.10/dist-packages/airflow/example_dags/tutorial.py
[2023-12-05T17:49:41.709+0000] {processor.py:829} INFO - Processing file /usr/local/lib/python3.10/dist-packages/airflow/example_dags/tutorial.py for tasks to queue
[2023-12-05T17:49:41.710+0000] {logging_mixin.py:154} INFO - [2023-12-05T17:49:41.710+0000] {dagbag.py:536} INFO - Filling up the DagBag from /usr/local/lib/python3.10/dist-packages/airflow/example_dags/tutorial.py
[2023-12-05T17:49:41.718+0000] {processor.py:839} INFO - DAG(s) dict_keys(['tutorial']) retrieved from /usr/local/lib/python3.10/dist-packages/airflow/example_dags/tutorial.py
[2023-12-05T17:49:41.738+0000] {logging_mixin.py:154} INFO - [2023-12-05T17:49:41.737+0000] {dag.py:2941} INFO - Sync 1 DAGs
[2023-12-05T17:49:41.761+0000] {logging_mixin.py:154} INFO - [2023-12-05T17:49:41.760+0000] {dag.py:3722} INFO - Setting next_dagrun for tutorial to 2023-12-04T17:49:41.760647+00:00, run_after=2023-12-05T17:49:41.760647+00:00
[2023-12-05T17:49:41.786+0000] {processor.py:179} INFO - Processing /usr/local/lib/python3.10/dist-packages/airflow/example_dags/tutorial.py took 0.081 seconds
[2023-12-05T17:50:18.266+0000] {processor.py:157} INFO - Started process (PID=9812) to work on /usr/local/lib/python3.10/dist-packages/airflow/example_dags/tutorial.py
[2023-12-05T17:50:18.268+0000] {processor.py:829} INFO - Processing file /usr/local/lib/python3.10/dist-packages/airflow/example_dags/tutorial.py for tasks to queue
[2023-12-05T17:50:18.269+0000] {logging_mixin.py:154} INFO - [2023-12-05T17:50:18.269+0000] {dagbag.py:536} INFO - Filling up the DagBag from /usr/local/lib/python3.10/dist-packages/airflow/example_dags/tutorial.py
[2023-12-05T17:50:18.278+0000] {processor.py:839} INFO - DAG(s) dict_keys(['tutorial']) retrieved from /usr/local/lib/python3.10/dist-packages/airflow/example_dags/tutorial.py
[2023-12-05T17:50:18.301+0000] {logging_mixin.py:154} INFO - [2023-12-05T17:50:18.300+0000] {dag.py:2941} INFO - Sync 1 DAGs
[2023-12-05T17:50:18.342+0000] {logging_mixin.py:154} INFO - [2023-12-05T17:50:18.341+0000] {dag.py:3722} INFO - Setting next_dagrun for tutorial to 2023-12-04T17:50:18.341586+00:00, run_after=2023-12-05T17:50:18.341586+00:00
[2023-12-05T17:50:18.379+0000] {processor.py:179} INFO - Processing /usr/local/lib/python3.10/dist-packages/airflow/example_dags/tutorial.py took 0.117 seconds
[2023-12-05T17:50:53.427+0000] {processor.py:157} INFO - Started process (PID=9850) to work on /usr/local/lib/python3.10/dist-packages/airflow/example_dags/tutorial.py
[2023-12-05T17:50:53.430+0000] {processor.py:829} INFO - Processing file /usr/local/lib/python3.10/dist-packages/airflow/example_dags/tutorial.py for tasks to queue
[2023-12-05T17:50:53.433+0000] {logging_mixin.py:154} INFO - [2023-12-05T17:50:53.433+0000] {dagbag.py:536} INFO - Filling up the DagBag from /usr/local/lib/python3.10/dist-packages/airflow/example_dags/tutorial.py
[2023-12-05T17:50:53.443+0000] {processor.py:839} INFO - DAG(s) dict_keys(['tutorial']) retrieved from /usr/local/lib/python3.10/dist-packages/airflow/example_dags/tutorial.py
[2023-12-05T17:50:53.480+0000] {logging_mixin.py:154} INFO - [2023-12-05T17:50:53.480+0000] {dag.py:2941} INFO - Sync 1 DAGs
[2023-12-05T17:50:53.511+0000] {logging_mixin.py:154} INFO - [2023-12-05T17:50:53.510+0000] {dag.py:3722} INFO - Setting next_dagrun for tutorial to 2023-12-04T17:50:53.510686+00:00, run_after=2023-12-05T17:50:53.510686+00:00
[2023-12-05T17:50:53.534+0000] {processor.py:179} INFO - Processing /usr/local/lib/python3.10/dist-packages/airflow/example_dags/tutorial.py took 0.111 seconds
[2023-12-05T17:51:30.705+0000] {processor.py:157} INFO - Started process (PID=10009) to work on /usr/local/lib/python3.10/dist-packages/airflow/example_dags/tutorial.py
[2023-12-05T17:51:30.708+0000] {processor.py:829} INFO - Processing file /usr/local/lib/python3.10/dist-packages/airflow/example_dags/tutorial.py for tasks to queue
[2023-12-05T17:51:30.710+0000] {logging_mixin.py:154} INFO - [2023-12-05T17:51:30.710+0000] {dagbag.py:536} INFO - Filling up the DagBag from /usr/local/lib/python3.10/dist-packages/airflow/example_dags/tutorial.py
[2023-12-05T17:51:30.724+0000] {processor.py:839} INFO - DAG(s) dict_keys(['tutorial']) retrieved from /usr/local/lib/python3.10/dist-packages/airflow/example_dags/tutorial.py
[2023-12-05T17:51:30.761+0000] {logging_mixin.py:154} INFO - [2023-12-05T17:51:30.761+0000] {dag.py:2941} INFO - Sync 1 DAGs
[2023-12-05T17:51:30.800+0000] {logging_mixin.py:154} INFO - [2023-12-05T17:51:30.800+0000] {dag.py:3722} INFO - Setting next_dagrun for tutorial to 2023-12-04T17:51:30.800378+00:00, run_after=2023-12-05T17:51:30.800378+00:00
[2023-12-05T17:51:30.851+0000] {processor.py:179} INFO - Processing /usr/local/lib/python3.10/dist-packages/airflow/example_dags/tutorial.py took 0.156 seconds
[2023-12-05T17:52:20.165+0000] {processor.py:157} INFO - Started process (PID=10128) to work on /usr/local/lib/python3.10/dist-packages/airflow/example_dags/tutorial.py
[2023-12-05T17:52:20.167+0000] {processor.py:829} INFO - Processing file /usr/local/lib/python3.10/dist-packages/airflow/example_dags/tutorial.py for tasks to queue
[2023-12-05T17:52:20.169+0000] {logging_mixin.py:154} INFO - [2023-12-05T17:52:20.168+0000] {dagbag.py:536} INFO - Filling up the DagBag from /usr/local/lib/python3.10/dist-packages/airflow/example_dags/tutorial.py
[2023-12-05T17:52:20.179+0000] {processor.py:839} INFO - DAG(s) dict_keys(['tutorial']) retrieved from /usr/local/lib/python3.10/dist-packages/airflow/example_dags/tutorial.py
[2023-12-05T17:52:20.204+0000] {logging_mixin.py:154} INFO - [2023-12-05T17:52:20.203+0000] {dag.py:2941} INFO - Sync 1 DAGs
[2023-12-05T17:52:20.231+0000] {logging_mixin.py:154} INFO - [2023-12-05T17:52:20.231+0000] {dag.py:3722} INFO - Setting next_dagrun for tutorial to 2023-12-04T17:52:20.231481+00:00, run_after=2023-12-05T17:52:20.231481+00:00
[2023-12-05T17:52:20.258+0000] {processor.py:179} INFO - Processing /usr/local/lib/python3.10/dist-packages/airflow/example_dags/tutorial.py took 0.097 seconds
[2023-12-05T17:53:09.340+0000] {processor.py:157} INFO - Started process (PID=10271) to work on /usr/local/lib/python3.10/dist-packages/airflow/example_dags/tutorial.py
[2023-12-05T17:53:09.342+0000] {processor.py:829} INFO - Processing file /usr/local/lib/python3.10/dist-packages/airflow/example_dags/tutorial.py for tasks to queue
[2023-12-05T17:53:09.343+0000] {logging_mixin.py:154} INFO - [2023-12-05T17:53:09.342+0000] {dagbag.py:536} INFO - Filling up the DagBag from /usr/local/lib/python3.10/dist-packages/airflow/example_dags/tutorial.py
[2023-12-05T17:53:09.351+0000] {processor.py:839} INFO - DAG(s) dict_keys(['tutorial']) retrieved from /usr/local/lib/python3.10/dist-packages/airflow/example_dags/tutorial.py
[2023-12-05T17:53:09.368+0000] {logging_mixin.py:154} INFO - [2023-12-05T17:53:09.368+0000] {dag.py:2941} INFO - Sync 1 DAGs
[2023-12-05T17:53:09.389+0000] {logging_mixin.py:154} INFO - [2023-12-05T17:53:09.389+0000] {dag.py:3722} INFO - Setting next_dagrun for tutorial to 2023-12-04T17:53:09.389024+00:00, run_after=2023-12-05T17:53:09.389024+00:00
[2023-12-05T17:53:09.414+0000] {processor.py:179} INFO - Processing /usr/local/lib/python3.10/dist-packages/airflow/example_dags/tutorial.py took 0.077 seconds
[2023-12-05T17:53:46.932+0000] {processor.py:157} INFO - Started process (PID=10347) to work on /usr/local/lib/python3.10/dist-packages/airflow/example_dags/tutorial.py
[2023-12-05T17:53:46.934+0000] {processor.py:829} INFO - Processing file /usr/local/lib/python3.10/dist-packages/airflow/example_dags/tutorial.py for tasks to queue
[2023-12-05T17:53:46.935+0000] {logging_mixin.py:154} INFO - [2023-12-05T17:53:46.935+0000] {dagbag.py:536} INFO - Filling up the DagBag from /usr/local/lib/python3.10/dist-packages/airflow/example_dags/tutorial.py
[2023-12-05T17:53:46.942+0000] {processor.py:839} INFO - DAG(s) dict_keys(['tutorial']) retrieved from /usr/local/lib/python3.10/dist-packages/airflow/example_dags/tutorial.py
[2023-12-05T17:53:46.958+0000] {logging_mixin.py:154} INFO - [2023-12-05T17:53:46.958+0000] {dag.py:2941} INFO - Sync 1 DAGs
[2023-12-05T17:53:46.982+0000] {logging_mixin.py:154} INFO - [2023-12-05T17:53:46.982+0000] {dag.py:3722} INFO - Setting next_dagrun for tutorial to 2023-12-04T17:53:46.981793+00:00, run_after=2023-12-05T17:53:46.981793+00:00
[2023-12-05T17:53:47.006+0000] {processor.py:179} INFO - Processing /usr/local/lib/python3.10/dist-packages/airflow/example_dags/tutorial.py took 0.076 seconds
[2023-12-05T17:54:34.422+0000] {processor.py:157} INFO - Started process (PID=10463) to work on /usr/local/lib/python3.10/dist-packages/airflow/example_dags/tutorial.py
[2023-12-05T17:54:34.424+0000] {processor.py:829} INFO - Processing file /usr/local/lib/python3.10/dist-packages/airflow/example_dags/tutorial.py for tasks to queue
[2023-12-05T17:54:34.425+0000] {logging_mixin.py:154} INFO - [2023-12-05T17:54:34.424+0000] {dagbag.py:536} INFO - Filling up the DagBag from /usr/local/lib/python3.10/dist-packages/airflow/example_dags/tutorial.py
[2023-12-05T17:54:34.434+0000] {processor.py:839} INFO - DAG(s) dict_keys(['tutorial']) retrieved from /usr/local/lib/python3.10/dist-packages/airflow/example_dags/tutorial.py
[2023-12-05T17:54:34.465+0000] {logging_mixin.py:154} INFO - [2023-12-05T17:54:34.465+0000] {dag.py:2941} INFO - Sync 1 DAGs
[2023-12-05T17:54:34.499+0000] {logging_mixin.py:154} INFO - [2023-12-05T17:54:34.499+0000] {dag.py:3722} INFO - Setting next_dagrun for tutorial to 2023-12-04T17:54:34.499137+00:00, run_after=2023-12-05T17:54:34.499137+00:00
[2023-12-05T17:54:34.536+0000] {processor.py:179} INFO - Processing /usr/local/lib/python3.10/dist-packages/airflow/example_dags/tutorial.py took 0.117 seconds
[2023-12-05T17:55:10.457+0000] {processor.py:157} INFO - Started process (PID=10560) to work on /usr/local/lib/python3.10/dist-packages/airflow/example_dags/tutorial.py
[2023-12-05T17:55:10.459+0000] {processor.py:829} INFO - Processing file /usr/local/lib/python3.10/dist-packages/airflow/example_dags/tutorial.py for tasks to queue
[2023-12-05T17:55:10.460+0000] {logging_mixin.py:154} INFO - [2023-12-05T17:55:10.460+0000] {dagbag.py:536} INFO - Filling up the DagBag from /usr/local/lib/python3.10/dist-packages/airflow/example_dags/tutorial.py
[2023-12-05T17:55:10.472+0000] {processor.py:839} INFO - DAG(s) dict_keys(['tutorial']) retrieved from /usr/local/lib/python3.10/dist-packages/airflow/example_dags/tutorial.py
[2023-12-05T17:55:10.494+0000] {logging_mixin.py:154} INFO - [2023-12-05T17:55:10.494+0000] {dag.py:2941} INFO - Sync 1 DAGs
[2023-12-05T17:55:10.524+0000] {logging_mixin.py:154} INFO - [2023-12-05T17:55:10.524+0000] {dag.py:3722} INFO - Setting next_dagrun for tutorial to 2023-12-04T17:55:10.524013+00:00, run_after=2023-12-05T17:55:10.524013+00:00
[2023-12-05T17:55:10.581+0000] {processor.py:179} INFO - Processing /usr/local/lib/python3.10/dist-packages/airflow/example_dags/tutorial.py took 0.129 seconds
[2023-12-05T17:55:44.965+0000] {processor.py:157} INFO - Started process (PID=10603) to work on /usr/local/lib/python3.10/dist-packages/airflow/example_dags/tutorial.py
[2023-12-05T17:55:44.967+0000] {processor.py:829} INFO - Processing file /usr/local/lib/python3.10/dist-packages/airflow/example_dags/tutorial.py for tasks to queue
[2023-12-05T17:55:44.968+0000] {logging_mixin.py:154} INFO - [2023-12-05T17:55:44.968+0000] {dagbag.py:536} INFO - Filling up the DagBag from /usr/local/lib/python3.10/dist-packages/airflow/example_dags/tutorial.py
[2023-12-05T17:55:44.981+0000] {processor.py:839} INFO - DAG(s) dict_keys(['tutorial']) retrieved from /usr/local/lib/python3.10/dist-packages/airflow/example_dags/tutorial.py
[2023-12-05T17:55:45.004+0000] {logging_mixin.py:154} INFO - [2023-12-05T17:55:45.003+0000] {dag.py:2941} INFO - Sync 1 DAGs
[2023-12-05T17:55:45.032+0000] {logging_mixin.py:154} INFO - [2023-12-05T17:55:45.031+0000] {dag.py:3722} INFO - Setting next_dagrun for tutorial to 2023-12-04T17:55:45.031650+00:00, run_after=2023-12-05T17:55:45.031650+00:00
[2023-12-05T17:55:45.069+0000] {processor.py:179} INFO - Processing /usr/local/lib/python3.10/dist-packages/airflow/example_dags/tutorial.py took 0.109 seconds
[2023-12-05T17:56:35.386+0000] {processor.py:157} INFO - Started process (PID=10780) to work on /usr/local/lib/python3.10/dist-packages/airflow/example_dags/tutorial.py
[2023-12-05T17:56:35.387+0000] {processor.py:829} INFO - Processing file /usr/local/lib/python3.10/dist-packages/airflow/example_dags/tutorial.py for tasks to queue
[2023-12-05T17:56:35.388+0000] {logging_mixin.py:154} INFO - [2023-12-05T17:56:35.388+0000] {dagbag.py:536} INFO - Filling up the DagBag from /usr/local/lib/python3.10/dist-packages/airflow/example_dags/tutorial.py
[2023-12-05T17:56:35.395+0000] {processor.py:839} INFO - DAG(s) dict_keys(['tutorial']) retrieved from /usr/local/lib/python3.10/dist-packages/airflow/example_dags/tutorial.py
[2023-12-05T17:56:35.412+0000] {logging_mixin.py:154} INFO - [2023-12-05T17:56:35.411+0000] {dag.py:2941} INFO - Sync 1 DAGs
[2023-12-05T17:56:35.435+0000] {logging_mixin.py:154} INFO - [2023-12-05T17:56:35.435+0000] {dag.py:3722} INFO - Setting next_dagrun for tutorial to 2023-12-04T17:56:35.435351+00:00, run_after=2023-12-05T17:56:35.435351+00:00
[2023-12-05T17:56:35.461+0000] {processor.py:179} INFO - Processing /usr/local/lib/python3.10/dist-packages/airflow/example_dags/tutorial.py took 0.078 seconds
[2023-12-05T17:57:12.030+0000] {processor.py:157} INFO - Started process (PID=10883) to work on /usr/local/lib/python3.10/dist-packages/airflow/example_dags/tutorial.py
[2023-12-05T17:57:12.033+0000] {processor.py:829} INFO - Processing file /usr/local/lib/python3.10/dist-packages/airflow/example_dags/tutorial.py for tasks to queue
[2023-12-05T17:57:12.038+0000] {logging_mixin.py:154} INFO - [2023-12-05T17:57:12.037+0000] {dagbag.py:536} INFO - Filling up the DagBag from /usr/local/lib/python3.10/dist-packages/airflow/example_dags/tutorial.py
[2023-12-05T17:57:12.055+0000] {processor.py:839} INFO - DAG(s) dict_keys(['tutorial']) retrieved from /usr/local/lib/python3.10/dist-packages/airflow/example_dags/tutorial.py
[2023-12-05T17:57:12.076+0000] {logging_mixin.py:154} INFO - [2023-12-05T17:57:12.076+0000] {dag.py:2941} INFO - Sync 1 DAGs
[2023-12-05T17:57:12.100+0000] {logging_mixin.py:154} INFO - [2023-12-05T17:57:12.100+0000] {dag.py:3722} INFO - Setting next_dagrun for tutorial to 2023-12-04T17:57:12.100049+00:00, run_after=2023-12-05T17:57:12.100049+00:00
[2023-12-05T17:57:12.126+0000] {processor.py:179} INFO - Processing /usr/local/lib/python3.10/dist-packages/airflow/example_dags/tutorial.py took 0.099 seconds
[2023-12-05T17:57:49.915+0000] {processor.py:157} INFO - Started process (PID=10921) to work on /usr/local/lib/python3.10/dist-packages/airflow/example_dags/tutorial.py
[2023-12-05T17:57:49.917+0000] {processor.py:829} INFO - Processing file /usr/local/lib/python3.10/dist-packages/airflow/example_dags/tutorial.py for tasks to queue
[2023-12-05T17:57:49.917+0000] {logging_mixin.py:154} INFO - [2023-12-05T17:57:49.917+0000] {dagbag.py:536} INFO - Filling up the DagBag from /usr/local/lib/python3.10/dist-packages/airflow/example_dags/tutorial.py
[2023-12-05T17:57:49.925+0000] {processor.py:839} INFO - DAG(s) dict_keys(['tutorial']) retrieved from /usr/local/lib/python3.10/dist-packages/airflow/example_dags/tutorial.py
[2023-12-05T17:57:49.943+0000] {logging_mixin.py:154} INFO - [2023-12-05T17:57:49.943+0000] {dag.py:2941} INFO - Sync 1 DAGs
[2023-12-05T17:57:49.971+0000] {logging_mixin.py:154} INFO - [2023-12-05T17:57:49.971+0000] {dag.py:3722} INFO - Setting next_dagrun for tutorial to 2023-12-04T17:57:49.971239+00:00, run_after=2023-12-05T17:57:49.971239+00:00
[2023-12-05T17:57:50.019+0000] {processor.py:179} INFO - Processing /usr/local/lib/python3.10/dist-packages/airflow/example_dags/tutorial.py took 0.109 seconds
[2023-12-05T17:58:27.571+0000] {processor.py:157} INFO - Started process (PID=11028) to work on /usr/local/lib/python3.10/dist-packages/airflow/example_dags/tutorial.py
[2023-12-05T17:58:27.572+0000] {processor.py:829} INFO - Processing file /usr/local/lib/python3.10/dist-packages/airflow/example_dags/tutorial.py for tasks to queue
[2023-12-05T17:58:27.573+0000] {logging_mixin.py:154} INFO - [2023-12-05T17:58:27.573+0000] {dagbag.py:536} INFO - Filling up the DagBag from /usr/local/lib/python3.10/dist-packages/airflow/example_dags/tutorial.py
[2023-12-05T17:58:27.583+0000] {processor.py:839} INFO - DAG(s) dict_keys(['tutorial']) retrieved from /usr/local/lib/python3.10/dist-packages/airflow/example_dags/tutorial.py
[2023-12-05T17:58:27.612+0000] {logging_mixin.py:154} INFO - [2023-12-05T17:58:27.612+0000] {dag.py:2941} INFO - Sync 1 DAGs
[2023-12-05T17:58:27.635+0000] {logging_mixin.py:154} INFO - [2023-12-05T17:58:27.635+0000] {dag.py:3722} INFO - Setting next_dagrun for tutorial to 2023-12-04T17:58:27.634847+00:00, run_after=2023-12-05T17:58:27.634847+00:00
[2023-12-05T17:58:27.659+0000] {processor.py:179} INFO - Processing /usr/local/lib/python3.10/dist-packages/airflow/example_dags/tutorial.py took 0.093 seconds
[2023-12-05T17:59:16.293+0000] {processor.py:157} INFO - Started process (PID=11150) to work on /usr/local/lib/python3.10/dist-packages/airflow/example_dags/tutorial.py
[2023-12-05T17:59:16.294+0000] {processor.py:829} INFO - Processing file /usr/local/lib/python3.10/dist-packages/airflow/example_dags/tutorial.py for tasks to queue
[2023-12-05T17:59:16.295+0000] {logging_mixin.py:154} INFO - [2023-12-05T17:59:16.295+0000] {dagbag.py:536} INFO - Filling up the DagBag from /usr/local/lib/python3.10/dist-packages/airflow/example_dags/tutorial.py
[2023-12-05T17:59:16.302+0000] {processor.py:839} INFO - DAG(s) dict_keys(['tutorial']) retrieved from /usr/local/lib/python3.10/dist-packages/airflow/example_dags/tutorial.py
[2023-12-05T17:59:16.323+0000] {logging_mixin.py:154} INFO - [2023-12-05T17:59:16.323+0000] {dag.py:2941} INFO - Sync 1 DAGs
[2023-12-05T17:59:16.344+0000] {logging_mixin.py:154} INFO - [2023-12-05T17:59:16.344+0000] {dag.py:3722} INFO - Setting next_dagrun for tutorial to 2023-12-04T17:59:16.343687+00:00, run_after=2023-12-05T17:59:16.343687+00:00
[2023-12-05T17:59:16.369+0000] {processor.py:179} INFO - Processing /usr/local/lib/python3.10/dist-packages/airflow/example_dags/tutorial.py took 0.079 seconds
[2023-12-05T17:59:51.869+0000] {processor.py:157} INFO - Started process (PID=11187) to work on /usr/local/lib/python3.10/dist-packages/airflow/example_dags/tutorial.py
[2023-12-05T17:59:51.871+0000] {processor.py:829} INFO - Processing file /usr/local/lib/python3.10/dist-packages/airflow/example_dags/tutorial.py for tasks to queue
[2023-12-05T17:59:51.872+0000] {logging_mixin.py:154} INFO - [2023-12-05T17:59:51.872+0000] {dagbag.py:536} INFO - Filling up the DagBag from /usr/local/lib/python3.10/dist-packages/airflow/example_dags/tutorial.py
[2023-12-05T17:59:51.884+0000] {processor.py:839} INFO - DAG(s) dict_keys(['tutorial']) retrieved from /usr/local/lib/python3.10/dist-packages/airflow/example_dags/tutorial.py
[2023-12-05T17:59:51.914+0000] {logging_mixin.py:154} INFO - [2023-12-05T17:59:51.914+0000] {dag.py:2941} INFO - Sync 1 DAGs
[2023-12-05T17:59:51.955+0000] {logging_mixin.py:154} INFO - [2023-12-05T17:59:51.955+0000] {dag.py:3722} INFO - Setting next_dagrun for tutorial to 2023-12-04T17:59:51.954771+00:00, run_after=2023-12-05T17:59:51.954771+00:00
[2023-12-05T17:59:52.002+0000] {processor.py:179} INFO - Processing /usr/local/lib/python3.10/dist-packages/airflow/example_dags/tutorial.py took 0.145 seconds
[2023-12-05T18:00:28.289+0000] {processor.py:157} INFO - Started process (PID=11289) to work on /usr/local/lib/python3.10/dist-packages/airflow/example_dags/tutorial.py
[2023-12-05T18:00:28.290+0000] {processor.py:829} INFO - Processing file /usr/local/lib/python3.10/dist-packages/airflow/example_dags/tutorial.py for tasks to queue
[2023-12-05T18:00:28.291+0000] {logging_mixin.py:154} INFO - [2023-12-05T18:00:28.291+0000] {dagbag.py:536} INFO - Filling up the DagBag from /usr/local/lib/python3.10/dist-packages/airflow/example_dags/tutorial.py
[2023-12-05T18:00:28.298+0000] {processor.py:839} INFO - DAG(s) dict_keys(['tutorial']) retrieved from /usr/local/lib/python3.10/dist-packages/airflow/example_dags/tutorial.py
[2023-12-05T18:00:28.313+0000] {logging_mixin.py:154} INFO - [2023-12-05T18:00:28.313+0000] {dag.py:2941} INFO - Sync 1 DAGs
[2023-12-05T18:00:28.335+0000] {logging_mixin.py:154} INFO - [2023-12-05T18:00:28.335+0000] {dag.py:3722} INFO - Setting next_dagrun for tutorial to 2023-12-04T18:00:28.335436+00:00, run_after=2023-12-05T18:00:28.335436+00:00
[2023-12-05T18:00:28.366+0000] {processor.py:179} INFO - Processing /usr/local/lib/python3.10/dist-packages/airflow/example_dags/tutorial.py took 0.080 seconds
[2023-12-05T18:01:15.181+0000] {processor.py:157} INFO - Started process (PID=11463) to work on /usr/local/lib/python3.10/dist-packages/airflow/example_dags/tutorial.py
[2023-12-05T18:01:15.182+0000] {processor.py:829} INFO - Processing file /usr/local/lib/python3.10/dist-packages/airflow/example_dags/tutorial.py for tasks to queue
[2023-12-05T18:01:15.183+0000] {logging_mixin.py:154} INFO - [2023-12-05T18:01:15.183+0000] {dagbag.py:536} INFO - Filling up the DagBag from /usr/local/lib/python3.10/dist-packages/airflow/example_dags/tutorial.py
[2023-12-05T18:01:15.191+0000] {processor.py:839} INFO - DAG(s) dict_keys(['tutorial']) retrieved from /usr/local/lib/python3.10/dist-packages/airflow/example_dags/tutorial.py
[2023-12-05T18:01:15.215+0000] {logging_mixin.py:154} INFO - [2023-12-05T18:01:15.214+0000] {dag.py:2941} INFO - Sync 1 DAGs
[2023-12-05T18:01:15.237+0000] {logging_mixin.py:154} INFO - [2023-12-05T18:01:15.237+0000] {dag.py:3722} INFO - Setting next_dagrun for tutorial to 2023-12-04T18:01:15.237401+00:00, run_after=2023-12-05T18:01:15.237401+00:00
[2023-12-05T18:01:15.262+0000] {processor.py:179} INFO - Processing /usr/local/lib/python3.10/dist-packages/airflow/example_dags/tutorial.py took 0.085 seconds
[2023-12-05T18:02:03.096+0000] {processor.py:157} INFO - Started process (PID=11521) to work on /usr/local/lib/python3.10/dist-packages/airflow/example_dags/tutorial.py
[2023-12-05T18:02:03.097+0000] {processor.py:829} INFO - Processing file /usr/local/lib/python3.10/dist-packages/airflow/example_dags/tutorial.py for tasks to queue
[2023-12-05T18:02:03.098+0000] {logging_mixin.py:154} INFO - [2023-12-05T18:02:03.098+0000] {dagbag.py:536} INFO - Filling up the DagBag from /usr/local/lib/python3.10/dist-packages/airflow/example_dags/tutorial.py
[2023-12-05T18:02:03.106+0000] {processor.py:839} INFO - DAG(s) dict_keys(['tutorial']) retrieved from /usr/local/lib/python3.10/dist-packages/airflow/example_dags/tutorial.py
[2023-12-05T18:02:03.122+0000] {logging_mixin.py:154} INFO - [2023-12-05T18:02:03.122+0000] {dag.py:2941} INFO - Sync 1 DAGs
[2023-12-05T18:02:03.142+0000] {logging_mixin.py:154} INFO - [2023-12-05T18:02:03.142+0000] {dag.py:3722} INFO - Setting next_dagrun for tutorial to 2023-12-04T18:02:03.141784+00:00, run_after=2023-12-05T18:02:03.141784+00:00
[2023-12-05T18:02:03.164+0000] {processor.py:179} INFO - Processing /usr/local/lib/python3.10/dist-packages/airflow/example_dags/tutorial.py took 0.071 seconds
[2023-12-05T18:02:41.299+0000] {processor.py:157} INFO - Started process (PID=11624) to work on /usr/local/lib/python3.10/dist-packages/airflow/example_dags/tutorial.py
[2023-12-05T18:02:41.301+0000] {processor.py:829} INFO - Processing file /usr/local/lib/python3.10/dist-packages/airflow/example_dags/tutorial.py for tasks to queue
[2023-12-05T18:02:41.302+0000] {logging_mixin.py:154} INFO - [2023-12-05T18:02:41.302+0000] {dagbag.py:536} INFO - Filling up the DagBag from /usr/local/lib/python3.10/dist-packages/airflow/example_dags/tutorial.py
[2023-12-05T18:02:41.310+0000] {processor.py:839} INFO - DAG(s) dict_keys(['tutorial']) retrieved from /usr/local/lib/python3.10/dist-packages/airflow/example_dags/tutorial.py
[2023-12-05T18:02:41.327+0000] {logging_mixin.py:154} INFO - [2023-12-05T18:02:41.327+0000] {dag.py:2941} INFO - Sync 1 DAGs
[2023-12-05T18:02:41.350+0000] {logging_mixin.py:154} INFO - [2023-12-05T18:02:41.349+0000] {dag.py:3722} INFO - Setting next_dagrun for tutorial to 2023-12-04T18:02:41.349518+00:00, run_after=2023-12-05T18:02:41.349518+00:00
[2023-12-05T18:02:41.378+0000] {processor.py:179} INFO - Processing /usr/local/lib/python3.10/dist-packages/airflow/example_dags/tutorial.py took 0.083 seconds
[2023-12-05T18:03:30.605+0000] {processor.py:157} INFO - Started process (PID=11740) to work on /usr/local/lib/python3.10/dist-packages/airflow/example_dags/tutorial.py
[2023-12-05T18:03:30.606+0000] {processor.py:829} INFO - Processing file /usr/local/lib/python3.10/dist-packages/airflow/example_dags/tutorial.py for tasks to queue
[2023-12-05T18:03:30.607+0000] {logging_mixin.py:154} INFO - [2023-12-05T18:03:30.607+0000] {dagbag.py:536} INFO - Filling up the DagBag from /usr/local/lib/python3.10/dist-packages/airflow/example_dags/tutorial.py
[2023-12-05T18:03:30.614+0000] {processor.py:839} INFO - DAG(s) dict_keys(['tutorial']) retrieved from /usr/local/lib/python3.10/dist-packages/airflow/example_dags/tutorial.py
[2023-12-05T18:03:30.629+0000] {logging_mixin.py:154} INFO - [2023-12-05T18:03:30.629+0000] {dag.py:2941} INFO - Sync 1 DAGs
[2023-12-05T18:03:30.651+0000] {logging_mixin.py:154} INFO - [2023-12-05T18:03:30.651+0000] {dag.py:3722} INFO - Setting next_dagrun for tutorial to 2023-12-04T18:03:30.651192+00:00, run_after=2023-12-05T18:03:30.651192+00:00
[2023-12-05T18:03:30.688+0000] {processor.py:179} INFO - Processing /usr/local/lib/python3.10/dist-packages/airflow/example_dags/tutorial.py took 0.086 seconds
[2023-12-05T18:04:18.463+0000] {processor.py:157} INFO - Started process (PID=11857) to work on /usr/local/lib/python3.10/dist-packages/airflow/example_dags/tutorial.py
[2023-12-05T18:04:18.464+0000] {processor.py:829} INFO - Processing file /usr/local/lib/python3.10/dist-packages/airflow/example_dags/tutorial.py for tasks to queue
[2023-12-05T18:04:18.466+0000] {logging_mixin.py:154} INFO - [2023-12-05T18:04:18.465+0000] {dagbag.py:536} INFO - Filling up the DagBag from /usr/local/lib/python3.10/dist-packages/airflow/example_dags/tutorial.py
[2023-12-05T18:04:18.472+0000] {processor.py:839} INFO - DAG(s) dict_keys(['tutorial']) retrieved from /usr/local/lib/python3.10/dist-packages/airflow/example_dags/tutorial.py
[2023-12-05T18:04:18.488+0000] {logging_mixin.py:154} INFO - [2023-12-05T18:04:18.487+0000] {dag.py:2941} INFO - Sync 1 DAGs
[2023-12-05T18:04:18.510+0000] {logging_mixin.py:154} INFO - [2023-12-05T18:04:18.510+0000] {dag.py:3722} INFO - Setting next_dagrun for tutorial to 2023-12-04T18:04:18.510387+00:00, run_after=2023-12-05T18:04:18.510387+00:00
[2023-12-05T18:04:18.533+0000] {processor.py:179} INFO - Processing /usr/local/lib/python3.10/dist-packages/airflow/example_dags/tutorial.py took 0.074 seconds
[2023-12-05T18:04:54.857+0000] {processor.py:157} INFO - Started process (PID=12229) to work on /usr/local/lib/python3.10/dist-packages/airflow/example_dags/tutorial.py
[2023-12-05T18:04:54.858+0000] {processor.py:829} INFO - Processing file /usr/local/lib/python3.10/dist-packages/airflow/example_dags/tutorial.py for tasks to queue
[2023-12-05T18:04:54.859+0000] {logging_mixin.py:154} INFO - [2023-12-05T18:04:54.858+0000] {dagbag.py:536} INFO - Filling up the DagBag from /usr/local/lib/python3.10/dist-packages/airflow/example_dags/tutorial.py
[2023-12-05T18:04:54.866+0000] {processor.py:839} INFO - DAG(s) dict_keys(['tutorial']) retrieved from /usr/local/lib/python3.10/dist-packages/airflow/example_dags/tutorial.py
[2023-12-05T18:04:54.893+0000] {logging_mixin.py:154} INFO - [2023-12-05T18:04:54.892+0000] {dag.py:2941} INFO - Sync 1 DAGs
[2023-12-05T18:04:54.914+0000] {logging_mixin.py:154} INFO - [2023-12-05T18:04:54.914+0000] {dag.py:3722} INFO - Setting next_dagrun for tutorial to 2023-12-04T18:04:54.914294+00:00, run_after=2023-12-05T18:04:54.914294+00:00
[2023-12-05T18:04:54.940+0000] {processor.py:179} INFO - Processing /usr/local/lib/python3.10/dist-packages/airflow/example_dags/tutorial.py took 0.086 seconds
[2023-12-05T18:05:45.726+0000] {processor.py:157} INFO - Started process (PID=12529) to work on /usr/local/lib/python3.10/dist-packages/airflow/example_dags/tutorial.py
[2023-12-05T18:05:45.728+0000] {processor.py:829} INFO - Processing file /usr/local/lib/python3.10/dist-packages/airflow/example_dags/tutorial.py for tasks to queue
[2023-12-05T18:05:45.729+0000] {logging_mixin.py:154} INFO - [2023-12-05T18:05:45.729+0000] {dagbag.py:536} INFO - Filling up the DagBag from /usr/local/lib/python3.10/dist-packages/airflow/example_dags/tutorial.py
[2023-12-05T18:05:45.738+0000] {processor.py:839} INFO - DAG(s) dict_keys(['tutorial']) retrieved from /usr/local/lib/python3.10/dist-packages/airflow/example_dags/tutorial.py
[2023-12-05T18:05:45.756+0000] {logging_mixin.py:154} INFO - [2023-12-05T18:05:45.756+0000] {dag.py:2941} INFO - Sync 1 DAGs
[2023-12-05T18:05:45.778+0000] {logging_mixin.py:154} INFO - [2023-12-05T18:05:45.777+0000] {dag.py:3722} INFO - Setting next_dagrun for tutorial to 2023-12-04T18:05:45.777549+00:00, run_after=2023-12-05T18:05:45.777549+00:00
[2023-12-05T18:05:45.803+0000] {processor.py:179} INFO - Processing /usr/local/lib/python3.10/dist-packages/airflow/example_dags/tutorial.py took 0.080 seconds
[2023-12-05T18:06:37.697+0000] {processor.py:157} INFO - Started process (PID=12772) to work on /usr/local/lib/python3.10/dist-packages/airflow/example_dags/tutorial.py
[2023-12-05T18:06:37.699+0000] {processor.py:829} INFO - Processing file /usr/local/lib/python3.10/dist-packages/airflow/example_dags/tutorial.py for tasks to queue
[2023-12-05T18:06:37.700+0000] {logging_mixin.py:154} INFO - [2023-12-05T18:06:37.700+0000] {dagbag.py:536} INFO - Filling up the DagBag from /usr/local/lib/python3.10/dist-packages/airflow/example_dags/tutorial.py
[2023-12-05T18:06:37.709+0000] {processor.py:839} INFO - DAG(s) dict_keys(['tutorial']) retrieved from /usr/local/lib/python3.10/dist-packages/airflow/example_dags/tutorial.py
[2023-12-05T18:06:37.730+0000] {logging_mixin.py:154} INFO - [2023-12-05T18:06:37.730+0000] {dag.py:2941} INFO - Sync 1 DAGs
[2023-12-05T18:06:37.756+0000] {logging_mixin.py:154} INFO - [2023-12-05T18:06:37.756+0000] {dag.py:3722} INFO - Setting next_dagrun for tutorial to 2023-12-04T18:06:37.755977+00:00, run_after=2023-12-05T18:06:37.755977+00:00
[2023-12-05T18:06:37.789+0000] {processor.py:179} INFO - Processing /usr/local/lib/python3.10/dist-packages/airflow/example_dags/tutorial.py took 0.096 seconds
[2023-12-05T18:07:14.437+0000] {processor.py:157} INFO - Started process (PID=13050) to work on /usr/local/lib/python3.10/dist-packages/airflow/example_dags/tutorial.py
[2023-12-05T18:07:14.439+0000] {processor.py:829} INFO - Processing file /usr/local/lib/python3.10/dist-packages/airflow/example_dags/tutorial.py for tasks to queue
[2023-12-05T18:07:14.439+0000] {logging_mixin.py:154} INFO - [2023-12-05T18:07:14.439+0000] {dagbag.py:536} INFO - Filling up the DagBag from /usr/local/lib/python3.10/dist-packages/airflow/example_dags/tutorial.py
[2023-12-05T18:07:14.451+0000] {processor.py:839} INFO - DAG(s) dict_keys(['tutorial']) retrieved from /usr/local/lib/python3.10/dist-packages/airflow/example_dags/tutorial.py
[2023-12-05T18:07:14.470+0000] {logging_mixin.py:154} INFO - [2023-12-05T18:07:14.470+0000] {dag.py:2941} INFO - Sync 1 DAGs
[2023-12-05T18:07:14.496+0000] {logging_mixin.py:154} INFO - [2023-12-05T18:07:14.496+0000] {dag.py:3722} INFO - Setting next_dagrun for tutorial to 2023-12-04T18:07:14.496095+00:00, run_after=2023-12-05T18:07:14.496095+00:00
[2023-12-05T18:07:14.518+0000] {processor.py:179} INFO - Processing /usr/local/lib/python3.10/dist-packages/airflow/example_dags/tutorial.py took 0.085 seconds
[2023-12-05T18:07:50.641+0000] {processor.py:157} INFO - Started process (PID=13098) to work on /usr/local/lib/python3.10/dist-packages/airflow/example_dags/tutorial.py
[2023-12-05T18:07:50.642+0000] {processor.py:829} INFO - Processing file /usr/local/lib/python3.10/dist-packages/airflow/example_dags/tutorial.py for tasks to queue
[2023-12-05T18:07:50.643+0000] {logging_mixin.py:154} INFO - [2023-12-05T18:07:50.643+0000] {dagbag.py:536} INFO - Filling up the DagBag from /usr/local/lib/python3.10/dist-packages/airflow/example_dags/tutorial.py
[2023-12-05T18:07:50.654+0000] {processor.py:839} INFO - DAG(s) dict_keys(['tutorial']) retrieved from /usr/local/lib/python3.10/dist-packages/airflow/example_dags/tutorial.py
[2023-12-05T18:07:50.673+0000] {logging_mixin.py:154} INFO - [2023-12-05T18:07:50.673+0000] {dag.py:2941} INFO - Sync 1 DAGs
[2023-12-05T18:07:50.693+0000] {logging_mixin.py:154} INFO - [2023-12-05T18:07:50.693+0000] {dag.py:3722} INFO - Setting next_dagrun for tutorial to 2023-12-04T18:07:50.693317+00:00, run_after=2023-12-05T18:07:50.693317+00:00
[2023-12-05T18:07:50.718+0000] {processor.py:179} INFO - Processing /usr/local/lib/python3.10/dist-packages/airflow/example_dags/tutorial.py took 0.080 seconds
[2023-12-05T18:08:34.014+0000] {processor.py:157} INFO - Started process (PID=13230) to work on /usr/local/lib/python3.10/dist-packages/airflow/example_dags/tutorial.py
[2023-12-05T18:08:34.015+0000] {processor.py:829} INFO - Processing file /usr/local/lib/python3.10/dist-packages/airflow/example_dags/tutorial.py for tasks to queue
[2023-12-05T18:08:34.016+0000] {logging_mixin.py:154} INFO - [2023-12-05T18:08:34.015+0000] {dagbag.py:536} INFO - Filling up the DagBag from /usr/local/lib/python3.10/dist-packages/airflow/example_dags/tutorial.py
[2023-12-05T18:08:34.024+0000] {processor.py:839} INFO - DAG(s) dict_keys(['tutorial']) retrieved from /usr/local/lib/python3.10/dist-packages/airflow/example_dags/tutorial.py
[2023-12-05T18:08:34.043+0000] {logging_mixin.py:154} INFO - [2023-12-05T18:08:34.043+0000] {dag.py:2941} INFO - Sync 1 DAGs
[2023-12-05T18:08:34.065+0000] {logging_mixin.py:154} INFO - [2023-12-05T18:08:34.064+0000] {dag.py:3722} INFO - Setting next_dagrun for tutorial to 2023-12-04T18:08:34.064588+00:00, run_after=2023-12-05T18:08:34.064588+00:00
[2023-12-05T18:08:34.090+0000] {processor.py:179} INFO - Processing /usr/local/lib/python3.10/dist-packages/airflow/example_dags/tutorial.py took 0.079 seconds
[2023-12-05T18:09:26.159+0000] {processor.py:157} INFO - Started process (PID=13630) to work on /usr/local/lib/python3.10/dist-packages/airflow/example_dags/tutorial.py
[2023-12-05T18:09:26.162+0000] {processor.py:829} INFO - Processing file /usr/local/lib/python3.10/dist-packages/airflow/example_dags/tutorial.py for tasks to queue
[2023-12-05T18:09:26.163+0000] {logging_mixin.py:154} INFO - [2023-12-05T18:09:26.162+0000] {dagbag.py:536} INFO - Filling up the DagBag from /usr/local/lib/python3.10/dist-packages/airflow/example_dags/tutorial.py
[2023-12-05T18:09:26.171+0000] {processor.py:839} INFO - DAG(s) dict_keys(['tutorial']) retrieved from /usr/local/lib/python3.10/dist-packages/airflow/example_dags/tutorial.py
[2023-12-05T18:09:26.187+0000] {logging_mixin.py:154} INFO - [2023-12-05T18:09:26.187+0000] {dag.py:2941} INFO - Sync 1 DAGs
[2023-12-05T18:09:26.218+0000] {logging_mixin.py:154} INFO - [2023-12-05T18:09:26.218+0000] {dag.py:3722} INFO - Setting next_dagrun for tutorial to 2023-12-04T18:09:26.218410+00:00, run_after=2023-12-05T18:09:26.218410+00:00
[2023-12-05T18:09:26.244+0000] {processor.py:179} INFO - Processing /usr/local/lib/python3.10/dist-packages/airflow/example_dags/tutorial.py took 0.088 seconds
[2023-12-05T18:10:12.839+0000] {processor.py:157} INFO - Started process (PID=13746) to work on /usr/local/lib/python3.10/dist-packages/airflow/example_dags/tutorial.py
[2023-12-05T18:10:12.840+0000] {processor.py:829} INFO - Processing file /usr/local/lib/python3.10/dist-packages/airflow/example_dags/tutorial.py for tasks to queue
[2023-12-05T18:10:12.842+0000] {logging_mixin.py:154} INFO - [2023-12-05T18:10:12.841+0000] {dagbag.py:536} INFO - Filling up the DagBag from /usr/local/lib/python3.10/dist-packages/airflow/example_dags/tutorial.py
[2023-12-05T18:10:12.854+0000] {processor.py:839} INFO - DAG(s) dict_keys(['tutorial']) retrieved from /usr/local/lib/python3.10/dist-packages/airflow/example_dags/tutorial.py
[2023-12-05T18:10:12.875+0000] {logging_mixin.py:154} INFO - [2023-12-05T18:10:12.874+0000] {dag.py:2941} INFO - Sync 1 DAGs
[2023-12-05T18:10:12.900+0000] {logging_mixin.py:154} INFO - [2023-12-05T18:10:12.900+0000] {dag.py:3722} INFO - Setting next_dagrun for tutorial to 2023-12-04T18:10:12.900180+00:00, run_after=2023-12-05T18:10:12.900180+00:00
[2023-12-05T18:10:12.933+0000] {processor.py:179} INFO - Processing /usr/local/lib/python3.10/dist-packages/airflow/example_dags/tutorial.py took 0.099 seconds
