2023-12-05 17:13:48.418 [info] Extension host with pid 2443 started
2023-12-05 17:13:48.418 [error] Error: EEXIST: file already exists, open '/home/ubuntu/.vscode-server/data/User/workspaceStorage/96b2c373e443b76f3034831270b8c72c/vscode.lock'
2023-12-05 17:13:48.427 [info] Lock '/home/ubuntu/.vscode-server/data/User/workspaceStorage/96b2c373e443b76f3034831270b8c72c/vscode.lock': Could not acquire lock, checking if the file is stale.
2023-12-05 17:13:48.446 [info] Lock '/home/ubuntu/.vscode-server/data/User/workspaceStorage/96b2c373e443b76f3034831270b8c72c/vscode.lock': The lock does not look stale, elapsed: 608 ms, giving up.
2023-12-05 17:13:48.453 [info] Lock '/home/ubuntu/.vscode-server/data/User/workspaceStorage/96b2c373e443b76f3034831270b8c72c-1/vscode.lock': Lock acquired.
2023-12-05 17:13:50.136 [info] ExtensionService#_doActivateExtension vscode.emmet, startup: false, activationEvent: 'onLanguage'
2023-12-05 17:13:50.137 [info] ExtensionService#_doActivateExtension vscode.tunnel-forwarding, startup: false, activationEvent: 'onTunnel'
2023-12-05 17:13:51.139 [info] ExtensionService#_doActivateExtension vscode.git-base, startup: true, activationEvent: '*', root cause: vscode.git
2023-12-05 17:13:51.889 [info] ExtensionService#_doActivateExtension vscode.git, startup: true, activationEvent: '*'
2023-12-05 17:13:51.890 [info] ExtensionService#_doActivateExtension vscode.github, startup: true, activationEvent: '*'
2023-12-05 17:13:53.566 [info] Eager extensions activated
2023-12-05 17:13:53.566 [info] ExtensionService#_doActivateExtension vscode.debug-auto-launch, startup: false, activationEvent: 'onStartupFinished'
2023-12-05 17:13:53.567 [info] ExtensionService#_doActivateExtension vscode.merge-conflict, startup: false, activationEvent: 'onStartupFinished'
2023-12-05 17:29:09.496 [info] ExtensionService#_doActivateExtension vscode.npm, startup: false, activationEvent: 'onTerminalQuickFixRequest:ms-vscode.npm-command'
2023-12-05 18:21:07.517 [warning] [Decorations] CAPPING events from decorations provider vscode.git 2551
2023-12-05 18:21:08.319 [warning] [Decorations] CAPPING events from decorations provider vscode.git 2551
2023-12-05 18:21:10.436 [warning] [Decorations] CAPPING events from decorations provider vscode.git 2551
2023-12-05 18:21:18.346 [warning] [Decorations] CAPPING events from decorations provider vscode.git 2551
2023-12-05 18:21:23.435 [warning] [Decorations] CAPPING events from decorations provider vscode.git 2551
2023-12-05 18:21:28.568 [warning] [Decorations] CAPPING events from decorations provider vscode.git 2551
2023-12-05 18:21:35.790 [warning] [Decorations] CAPPING events from decorations provider vscode.git 2551
2023-12-05 18:21:40.895 [warning] [Decorations] CAPPING events from decorations provider vscode.git 2551
2023-12-05 18:21:45.997 [warning] [Decorations] CAPPING events from decorations provider vscode.git 2551
2023-12-05 18:21:51.093 [warning] [Decorations] CAPPING events from decorations provider vscode.git 2551
2023-12-05 18:21:57.918 [warning] [Decorations] CAPPING events from decorations provider vscode.git 2551
2023-12-05 18:22:03.078 [warning] [Decorations] CAPPING events from decorations provider vscode.git 2551
2023-12-05 18:22:08.193 [warning] [Decorations] CAPPING events from decorations provider vscode.git 2551
2023-12-05 18:22:13.346 [warning] [Decorations] CAPPING events from decorations provider vscode.git 2551
2023-12-05 18:22:18.441 [warning] [Decorations] CAPPING events from decorations provider vscode.git 2551
2023-12-05 18:22:23.537 [warning] [Decorations] CAPPING events from decorations provider vscode.git 2551
2023-12-05 18:22:28.641 [warning] [Decorations] CAPPING events from decorations provider vscode.git 2551
2023-12-05 18:22:33.735 [warning] [Decorations] CAPPING events from decorations provider vscode.git 2551
2023-12-05 18:22:38.823 [warning] [Decorations] CAPPING events from decorations provider vscode.git 2551
2023-12-05 18:22:43.940 [warning] [Decorations] CAPPING events from decorations provider vscode.git 2551
2023-12-05 18:22:49.049 [warning] [Decorations] CAPPING events from decorations provider vscode.git 2551
2023-12-05 18:22:54.184 [warning] [Decorations] CAPPING events from decorations provider vscode.git 2551
2023-12-05 18:22:59.321 [warning] [Decorations] CAPPING events from decorations provider vscode.git 2551
2023-12-05 18:23:04.443 [warning] [Decorations] CAPPING events from decorations provider vscode.git 2551
2023-12-05 18:23:12.392 [warning] [Decorations] CAPPING events from decorations provider vscode.git 2551
2023-12-05 18:23:17.508 [warning] [Decorations] CAPPING events from decorations provider vscode.git 2551
2023-12-05 18:23:27.371 [warning] [Decorations] CAPPING events from decorations provider vscode.git 2551
2023-12-05 18:23:32.509 [warning] [Decorations] CAPPING events from decorations provider vscode.git 2551
2023-12-05 18:23:40.375 [warning] [Decorations] CAPPING events from decorations provider vscode.git 2551
2023-12-05 18:23:48.369 [warning] [Decorations] CAPPING events from decorations provider vscode.git 2551
2023-12-05 18:23:53.457 [warning] [Decorations] CAPPING events from decorations provider vscode.git 2551
2023-12-05 18:23:58.589 [warning] [Decorations] CAPPING events from decorations provider vscode.git 2551
2023-12-05 18:24:03.682 [warning] [Decorations] CAPPING events from decorations provider vscode.git 2551
2023-12-05 18:24:16.577 [warning] [Decorations] CAPPING events from decorations provider vscode.git 2551
2023-12-05 18:24:21.677 [warning] [Decorations] CAPPING events from decorations provider vscode.git 2551
2023-12-05 18:24:26.781 [warning] [Decorations] CAPPING events from decorations provider vscode.git 2551
2023-12-05 18:24:31.920 [warning] [Decorations] CAPPING events from decorations provider vscode.git 2551
2023-12-05 18:24:37.012 [warning] [Decorations] CAPPING events from decorations provider vscode.git 2551
2023-12-05 18:24:42.135 [warning] [Decorations] CAPPING events from decorations provider vscode.git 2499
2023-12-05 18:24:47.223 [warning] [Decorations] CAPPING events from decorations provider vscode.git 2499
2023-12-05 18:24:52.329 [warning] [Decorations] CAPPING events from decorations provider vscode.git 2499
2023-12-05 18:24:57.457 [warning] [Decorations] CAPPING events from decorations provider vscode.git 2499
2023-12-05 18:25:04.274 [warning] [Decorations] CAPPING events from decorations provider vscode.git 2499
2023-12-05 18:25:09.387 [warning] [Decorations] CAPPING events from decorations provider vscode.git 2499
2023-12-05 18:25:14.498 [warning] [Decorations] CAPPING events from decorations provider vscode.git 2499
2023-12-05 18:25:19.618 [warning] [Decorations] CAPPING events from decorations provider vscode.git 2499
2023-12-05 18:25:24.723 [warning] [Decorations] CAPPING events from decorations provider vscode.git 2499
2023-12-05 18:25:29.906 [warning] [Decorations] CAPPING events from decorations provider vscode.git 2499
2023-12-05 18:26:03.788 [warning] [Decorations] CAPPING events from decorations provider vscode.git 2499
2023-12-05 18:26:08.886 [warning] [Decorations] CAPPING events from decorations provider vscode.git 2499
2023-12-05 18:26:15.840 [warning] [Decorations] CAPPING events from decorations provider vscode.git 2499
2023-12-05 18:26:20.973 [warning] [Decorations] CAPPING events from decorations provider vscode.git 2499
2023-12-05 18:26:26.057 [warning] [Decorations] CAPPING events from decorations provider vscode.git 2499
2023-12-05 18:26:31.149 [warning] [Decorations] CAPPING events from decorations provider vscode.git 2499
2023-12-05 18:26:36.250 [warning] [Decorations] CAPPING events from decorations provider vscode.git 2499
2023-12-05 18:26:41.367 [warning] [Decorations] CAPPING events from decorations provider vscode.git 2499
2023-12-05 18:26:46.483 [warning] [Decorations] CAPPING events from decorations provider vscode.git 2499
2023-12-05 18:27:26.609 [warning] [Decorations] CAPPING events from decorations provider vscode.git 2499
2023-12-05 18:27:31.741 [warning] [Decorations] CAPPING events from decorations provider vscode.git 2499
2023-12-05 18:27:36.845 [warning] [Decorations] CAPPING events from decorations provider vscode.git 2499
2023-12-05 18:27:44.297 [warning] [Decorations] CAPPING events from decorations provider vscode.git 2499
2023-12-05 18:27:49.401 [warning] [Decorations] CAPPING events from decorations provider vscode.git 2499
2023-12-05 18:27:54.542 [warning] [Decorations] CAPPING events from decorations provider vscode.git 2499
2023-12-05 18:27:59.676 [warning] [Decorations] CAPPING events from decorations provider vscode.git 2499
2023-12-05 18:28:04.803 [warning] [Decorations] CAPPING events from decorations provider vscode.git 2499
2023-12-05 18:28:09.929 [warning] [Decorations] CAPPING events from decorations provider vscode.git 2499
2023-12-05 18:28:15.081 [warning] [Decorations] CAPPING events from decorations provider vscode.git 2499
2023-12-05 18:28:20.194 [warning] [Decorations] CAPPING events from decorations provider vscode.git 2499
2023-12-05 18:28:25.277 [warning] [Decorations] CAPPING events from decorations provider vscode.git 2499
2023-12-05 18:28:30.378 [warning] [Decorations] CAPPING events from decorations provider vscode.git 2499
2023-12-05 18:28:35.544 [warning] [Decorations] CAPPING events from decorations provider vscode.git 2499
2023-12-05 18:28:40.662 [warning] [Decorations] CAPPING events from decorations provider vscode.git 2499
2023-12-05 18:28:45.759 [warning] [Decorations] CAPPING events from decorations provider vscode.git 2499
2023-12-05 18:29:05.046 [warning] [Decorations] CAPPING events from decorations provider vscode.git 2499
2023-12-05 18:29:10.168 [warning] [Decorations] CAPPING events from decorations provider vscode.git 2499
2023-12-05 18:29:15.266 [warning] [Decorations] CAPPING events from decorations provider vscode.git 2499
2023-12-05 18:29:20.436 [warning] [Decorations] CAPPING events from decorations provider vscode.git 2499
2023-12-05 18:29:25.565 [warning] [Decorations] CAPPING events from decorations provider vscode.git 2499
2023-12-05 18:29:30.663 [warning] [Decorations] CAPPING events from decorations provider vscode.git 2499
2023-12-05 18:29:36.465 [warning] [Decorations] CAPPING events from decorations provider vscode.git 2499
2023-12-05 18:29:46.504 [warning] [Decorations] CAPPING events from decorations provider vscode.git 2499
2023-12-05 18:29:51.604 [warning] [Decorations] CAPPING events from decorations provider vscode.git 2499
2023-12-05 18:29:56.731 [warning] [Decorations] CAPPING events from decorations provider vscode.git 2499
2023-12-05 18:30:01.888 [warning] [Decorations] CAPPING events from decorations provider vscode.git 2499
2023-12-05 18:30:07.014 [warning] [Decorations] CAPPING events from decorations provider vscode.git 2499
2023-12-05 18:30:12.145 [warning] [Decorations] CAPPING events from decorations provider vscode.git 2499
2023-12-05 18:30:18.065 [warning] [Decorations] CAPPING events from decorations provider vscode.git 2499
2023-12-05 18:30:23.153 [warning] [Decorations] CAPPING events from decorations provider vscode.git 2499
2023-12-05 18:30:28.259 [warning] [Decorations] CAPPING events from decorations provider vscode.git 2499
2023-12-05 18:30:33.378 [warning] [Decorations] CAPPING events from decorations provider vscode.git 2499
2023-12-05 18:30:38.541 [warning] [Decorations] CAPPING events from decorations provider vscode.git 2497
2023-12-05 18:30:43.652 [warning] [Decorations] CAPPING events from decorations provider vscode.git 2499
2023-12-05 18:30:48.786 [warning] [Decorations] CAPPING events from decorations provider vscode.git 2499
2023-12-05 18:30:53.923 [warning] [Decorations] CAPPING events from decorations provider vscode.git 2499
2023-12-05 18:30:59.081 [warning] [Decorations] CAPPING events from decorations provider vscode.git 2500
2023-12-05 18:31:27.295 [warning] [Decorations] CAPPING events from decorations provider vscode.git 2500
2023-12-05 18:31:32.402 [warning] [Decorations] CAPPING events from decorations provider vscode.git 2501
2023-12-05 18:31:37.493 [warning] [Decorations] CAPPING events from decorations provider vscode.git 2501
2023-12-05 18:31:42.586 [warning] [Decorations] CAPPING events from decorations provider vscode.git 2501
2023-12-05 18:31:48.348 [warning] [Decorations] CAPPING events from decorations provider vscode.git 2501
2023-12-05 18:31:53.450 [warning] [Decorations] CAPPING events from decorations provider vscode.git 2501
2023-12-05 18:31:58.563 [warning] [Decorations] CAPPING events from decorations provider vscode.git 2501
2023-12-05 18:32:03.701 [warning] [Decorations] CAPPING events from decorations provider vscode.git 2501
2023-12-05 18:32:08.796 [warning] [Decorations] CAPPING events from decorations provider vscode.git 2501
2023-12-05 18:32:13.916 [warning] [Decorations] CAPPING events from decorations provider vscode.git 2501
2023-12-05 18:32:19.029 [warning] [Decorations] CAPPING events from decorations provider vscode.git 2501
2023-12-05 18:32:24.849 [warning] [Decorations] CAPPING events from decorations provider vscode.git 2501
2023-12-05 18:32:29.942 [warning] [Decorations] CAPPING events from decorations provider vscode.git 2501
2023-12-05 18:32:35.066 [warning] [Decorations] CAPPING events from decorations provider vscode.git 2501
2023-12-05 18:32:40.170 [warning] [Decorations] CAPPING events from decorations provider vscode.git 2501
2023-12-05 18:32:45.299 [warning] [Decorations] CAPPING events from decorations provider vscode.git 2501
2023-12-05 18:32:50.407 [warning] [Decorations] CAPPING events from decorations provider vscode.git 2501
2023-12-05 18:32:55.515 [warning] [Decorations] CAPPING events from decorations provider vscode.git 2501
2023-12-05 18:33:00.634 [warning] [Decorations] CAPPING events from decorations provider vscode.git 2502
2023-12-05 18:33:05.732 [warning] [Decorations] CAPPING events from decorations provider vscode.git 2502
2023-12-05 18:33:10.835 [warning] [Decorations] CAPPING events from decorations provider vscode.git 2502
2023-12-05 18:33:15.941 [warning] [Decorations] CAPPING events from decorations provider vscode.git 2502
2023-12-05 18:33:21.028 [warning] [Decorations] CAPPING events from decorations provider vscode.git 2502
2023-12-05 18:33:26.127 [warning] [Decorations] CAPPING events from decorations provider vscode.git 2502
2023-12-05 18:33:31.216 [warning] [Decorations] CAPPING events from decorations provider vscode.git 2502
2023-12-05 18:33:36.379 [warning] [Decorations] CAPPING events from decorations provider vscode.git 2502
2023-12-05 18:33:41.480 [warning] [Decorations] CAPPING events from decorations provider vscode.git 2502
2023-12-05 18:33:49.269 [warning] [Decorations] CAPPING events from decorations provider vscode.git 2502
2023-12-05 18:33:54.354 [warning] [Decorations] CAPPING events from decorations provider vscode.git 2502
2023-12-05 18:33:59.452 [warning] [Decorations] CAPPING events from decorations provider vscode.git 2502
2023-12-05 18:34:04.586 [warning] [Decorations] CAPPING events from decorations provider vscode.git 2502
2023-12-05 18:34:34.480 [warning] [Decorations] CAPPING events from decorations provider vscode.git 2502
2023-12-05 18:34:39.602 [warning] [Decorations] CAPPING events from decorations provider vscode.git 2502
2023-12-05 18:34:44.730 [warning] [Decorations] CAPPING events from decorations provider vscode.git 2502
2023-12-05 18:34:49.832 [warning] [Decorations] CAPPING events from decorations provider vscode.git 2502
2023-12-05 18:34:54.940 [warning] [Decorations] CAPPING events from decorations provider vscode.git 2502
2023-12-05 18:35:00.031 [warning] [Decorations] CAPPING events from decorations provider vscode.git 2502
2023-12-05 18:35:05.154 [warning] [Decorations] CAPPING events from decorations provider vscode.git 2502
2023-12-05 18:35:10.241 [warning] [Decorations] CAPPING events from decorations provider vscode.git 2503
2023-12-05 18:35:15.336 [warning] [Decorations] CAPPING events from decorations provider vscode.git 2503
2023-12-05 18:35:20.450 [warning] [Decorations] CAPPING events from decorations provider vscode.git 2503
2023-12-05 18:35:37.353 [warning] [Decorations] CAPPING events from decorations provider vscode.git 2503
2023-12-05 18:45:37.998 [warning] [Decorations] CAPPING events from decorations provider vscode.git 2503
2023-12-05 18:45:43.150 [warning] [Decorations] CAPPING events from decorations provider vscode.git 2503
2023-12-05 18:45:51.069 [warning] [Decorations] CAPPING events from decorations provider vscode.git 2503
2023-12-05 18:45:56.226 [warning] [Decorations] CAPPING events from decorations provider vscode.git 2503
2023-12-05 18:46:01.321 [warning] [Decorations] CAPPING events from decorations provider vscode.git 2503
2023-12-05 18:46:06.549 [warning] [Decorations] CAPPING events from decorations provider vscode.git 2503
2023-12-05 18:46:11.637 [warning] [Decorations] CAPPING events from decorations provider vscode.git 2504
2023-12-05 18:46:16.733 [warning] [Decorations] CAPPING events from decorations provider vscode.git 2504
2023-12-05 18:46:21.828 [warning] [Decorations] CAPPING events from decorations provider vscode.git 2504
2023-12-05 18:46:26.932 [warning] [Decorations] CAPPING events from decorations provider vscode.git 2506
2023-12-05 18:46:32.061 [warning] [Decorations] CAPPING events from decorations provider vscode.git 2506
2023-12-05 18:46:37.989 [warning] [Decorations] CAPPING events from decorations provider vscode.git 2506
2023-12-05 18:46:43.078 [warning] [Decorations] CAPPING events from decorations provider vscode.git 2506
2023-12-05 18:46:48.273 [warning] [Decorations] CAPPING events from decorations provider vscode.git 2506
2023-12-05 18:46:53.373 [warning] [Decorations] CAPPING events from decorations provider vscode.git 2506
2023-12-05 18:46:58.507 [warning] [Decorations] CAPPING events from decorations provider vscode.git 2506
2023-12-05 18:47:03.641 [warning] [Decorations] CAPPING events from decorations provider vscode.git 2506
2023-12-05 18:47:08.772 [warning] [Decorations] CAPPING events from decorations provider vscode.git 2506
2023-12-05 18:47:13.869 [warning] [Decorations] CAPPING events from decorations provider vscode.git 2506
2023-12-05 18:48:55.030 [warning] [Decorations] CAPPING events from decorations provider vscode.git 2506
2023-12-05 18:51:23.608 [warning] [Decorations] CAPPING events from decorations provider vscode.git 2506
2023-12-05 18:51:28.731 [warning] [Decorations] CAPPING events from decorations provider vscode.git 2506
2023-12-05 18:51:33.856 [warning] [Decorations] CAPPING events from decorations provider vscode.git 2506
2023-12-05 18:51:38.965 [warning] [Decorations] CAPPING events from decorations provider vscode.git 2506
2023-12-05 18:51:44.093 [warning] [Decorations] CAPPING events from decorations provider vscode.git 2506
2023-12-05 18:52:00.005 [warning] [Decorations] CAPPING events from decorations provider vscode.git 2506
2023-12-05 18:52:05.097 [warning] [Decorations] CAPPING events from decorations provider vscode.git 2506
2023-12-05 18:52:10.256 [warning] [Decorations] CAPPING events from decorations provider vscode.git 2506
2023-12-05 18:52:15.379 [warning] [Decorations] CAPPING events from decorations provider vscode.git 2507
2023-12-05 18:52:20.489 [warning] [Decorations] CAPPING events from decorations provider vscode.git 2507
2023-12-05 18:52:25.610 [warning] [Decorations] CAPPING events from decorations provider vscode.git 2507
2023-12-05 18:52:58.382 [warning] [Decorations] CAPPING events from decorations provider vscode.git 2507
2023-12-05 18:53:03.494 [warning] [Decorations] CAPPING events from decorations provider vscode.git 2507
2023-12-05 18:53:10.490 [warning] [Decorations] CAPPING events from decorations provider vscode.git 2507
2023-12-05 18:53:15.597 [warning] [Decorations] CAPPING events from decorations provider vscode.git 2507
2023-12-05 18:53:20.714 [warning] [Decorations] CAPPING events from decorations provider vscode.git 2507
2023-12-05 18:53:53.323 [warning] [Decorations] CAPPING events from decorations provider vscode.git 2507
2023-12-05 18:53:58.502 [warning] [Decorations] CAPPING events from decorations provider vscode.git 2507
2023-12-05 18:54:03.608 [warning] [Decorations] CAPPING events from decorations provider vscode.git 2507
2023-12-05 18:54:08.707 [warning] [Decorations] CAPPING events from decorations provider vscode.git 2507
2023-12-05 18:54:14.682 [warning] [Decorations] CAPPING events from decorations provider vscode.git 2507
2023-12-05 18:54:19.834 [warning] [Decorations] CAPPING events from decorations provider vscode.git 2507
2023-12-05 18:54:24.957 [warning] [Decorations] CAPPING events from decorations provider vscode.git 2507
2023-12-05 18:54:32.822 [warning] [Decorations] CAPPING events from decorations provider vscode.git 2507
2023-12-05 18:54:37.924 [warning] [Decorations] CAPPING events from decorations provider vscode.git 2507
2023-12-05 18:54:43.015 [warning] [Decorations] CAPPING events from decorations provider vscode.git 2507
2023-12-05 18:54:59.301 [warning] [Decorations] CAPPING events from decorations provider vscode.git 2508
2023-12-05 18:55:47.143 [warning] [Decorations] CAPPING events from decorations provider vscode.git 2508
2023-12-05 18:55:52.272 [warning] [Decorations] CAPPING events from decorations provider vscode.git 2508
2023-12-05 18:55:57.382 [warning] [Decorations] CAPPING events from decorations provider vscode.git 2510
2023-12-05 18:56:02.543 [warning] [Decorations] CAPPING events from decorations provider vscode.git 2510
2023-12-05 18:56:08.457 [warning] [Decorations] CAPPING events from decorations provider vscode.git 2510
2023-12-05 18:56:13.597 [warning] [Decorations] CAPPING events from decorations provider vscode.git 2510
2023-12-05 18:56:18.722 [warning] [Decorations] CAPPING events from decorations provider vscode.git 2510
2023-12-05 18:56:23.826 [warning] [Decorations] CAPPING events from decorations provider vscode.git 2510
2023-12-05 18:56:28.943 [warning] [Decorations] CAPPING events from decorations provider vscode.git 2510
2023-12-05 18:56:34.038 [warning] [Decorations] CAPPING events from decorations provider vscode.git 2510
2023-12-05 18:56:39.190 [warning] [Decorations] CAPPING events from decorations provider vscode.git 2510
2023-12-05 18:56:45.031 [warning] [Decorations] CAPPING events from decorations provider vscode.git 2510
2023-12-05 18:56:50.161 [warning] [Decorations] CAPPING events from decorations provider vscode.git 2510
2023-12-05 18:56:55.265 [warning] [Decorations] CAPPING events from decorations provider vscode.git 2510
2023-12-05 18:57:00.375 [warning] [Decorations] CAPPING events from decorations provider vscode.git 2510
2023-12-05 18:57:05.541 [warning] [Decorations] CAPPING events from decorations provider vscode.git 2510
2023-12-05 18:57:10.655 [warning] [Decorations] CAPPING events from decorations provider vscode.git 2510
2023-12-05 18:57:15.751 [warning] [Decorations] CAPPING events from decorations provider vscode.git 2510
2023-12-05 18:57:20.844 [warning] [Decorations] CAPPING events from decorations provider vscode.git 2510
2023-12-05 18:57:25.953 [warning] [Decorations] CAPPING events from decorations provider vscode.git 2510
2023-12-05 18:57:31.049 [warning] [Decorations] CAPPING events from decorations provider vscode.git 2510
2023-12-05 18:57:36.147 [warning] [Decorations] CAPPING events from decorations provider vscode.git 2510
2023-12-05 18:57:41.253 [warning] [Decorations] CAPPING events from decorations provider vscode.git 2510
2023-12-05 18:57:46.343 [warning] [Decorations] CAPPING events from decorations provider vscode.git 2510
2023-12-05 18:57:51.426 [warning] [Decorations] CAPPING events from decorations provider vscode.git 2510
2023-12-05 18:57:56.522 [warning] [Decorations] CAPPING events from decorations provider vscode.git 2510
2023-12-05 18:58:01.617 [warning] [Decorations] CAPPING events from decorations provider vscode.git 2510
2023-12-05 18:58:06.760 [warning] [Decorations] CAPPING events from decorations provider vscode.git 2510
2023-12-05 18:58:11.852 [warning] [Decorations] CAPPING events from decorations provider vscode.git 2510
2023-12-05 18:58:16.948 [warning] [Decorations] CAPPING events from decorations provider vscode.git 2510
2023-12-05 18:58:22.077 [warning] [Decorations] CAPPING events from decorations provider vscode.git 2510
2023-12-05 18:58:27.214 [warning] [Decorations] CAPPING events from decorations provider vscode.git 2510
2023-12-05 18:58:32.327 [warning] [Decorations] CAPPING events from decorations provider vscode.git 2510
2023-12-05 18:58:37.433 [warning] [Decorations] CAPPING events from decorations provider vscode.git 2510
2023-12-05 18:58:42.540 [warning] [Decorations] CAPPING events from decorations provider vscode.git 2510
2023-12-05 18:58:47.637 [warning] [Decorations] CAPPING events from decorations provider vscode.git 2510
2023-12-05 18:58:52.740 [warning] [Decorations] CAPPING events from decorations provider vscode.git 2510
2023-12-05 18:58:57.849 [warning] [Decorations] CAPPING events from decorations provider vscode.git 2510
2023-12-05 18:59:03.016 [warning] [Decorations] CAPPING events from decorations provider vscode.git 2510
2023-12-05 18:59:08.169 [warning] [Decorations] CAPPING events from decorations provider vscode.git 2510
2023-12-05 18:59:13.301 [warning] [Decorations] CAPPING events from decorations provider vscode.git 2510
2023-12-05 18:59:18.398 [warning] [Decorations] CAPPING events from decorations provider vscode.git 2510
2023-12-05 18:59:23.500 [warning] [Decorations] CAPPING events from decorations provider vscode.git 2510
2023-12-05 18:59:28.615 [warning] [Decorations] CAPPING events from decorations provider vscode.git 2510
2023-12-05 18:59:33.752 [warning] [Decorations] CAPPING events from decorations provider vscode.git 2510
2023-12-05 18:59:38.884 [warning] [Decorations] CAPPING events from decorations provider vscode.git 2510
2023-12-05 18:59:44.001 [warning] [Decorations] CAPPING events from decorations provider vscode.git 2510
2023-12-05 18:59:49.133 [warning] [Decorations] CAPPING events from decorations provider vscode.git 2510
2023-12-05 18:59:54.238 [warning] [Decorations] CAPPING events from decorations provider vscode.git 2510
2023-12-05 18:59:59.342 [warning] [Decorations] CAPPING events from decorations provider vscode.git 2510
2023-12-05 19:00:04.463 [warning] [Decorations] CAPPING events from decorations provider vscode.git 2510
2023-12-05 19:00:09.598 [warning] [Decorations] CAPPING events from decorations provider vscode.git 2510
2023-12-05 19:00:14.716 [warning] [Decorations] CAPPING events from decorations provider vscode.git 2510
2023-12-05 19:00:19.836 [warning] [Decorations] CAPPING events from decorations provider vscode.git 2510
2023-12-05 19:00:24.949 [warning] [Decorations] CAPPING events from decorations provider vscode.git 2510
2023-12-05 19:00:30.082 [warning] [Decorations] CAPPING events from decorations provider vscode.git 2510
2023-12-05 19:00:35.172 [warning] [Decorations] CAPPING events from decorations provider vscode.git 2510
2023-12-05 19:00:40.324 [warning] [Decorations] CAPPING events from decorations provider vscode.git 2510
2023-12-05 19:00:46.121 [warning] [Decorations] CAPPING events from decorations provider vscode.git 2510
2023-12-05 19:00:51.219 [warning] [Decorations] CAPPING events from decorations provider vscode.git 2510
2023-12-05 19:00:56.326 [warning] [Decorations] CAPPING events from decorations provider vscode.git 2510
2023-12-05 19:01:01.522 [warning] [Decorations] CAPPING events from decorations provider vscode.git 2510
2023-12-05 19:01:08.633 [warning] [Decorations] CAPPING events from decorations provider vscode.git 2510
2023-12-05 19:01:13.746 [warning] [Decorations] CAPPING events from decorations provider vscode.git 2510
2023-12-05 19:01:18.832 [warning] [Decorations] CAPPING events from decorations provider vscode.git 2510
2023-12-05 19:01:23.934 [warning] [Decorations] CAPPING events from decorations provider vscode.git 2510
2023-12-05 19:01:34.816 [warning] [Decorations] CAPPING events from decorations provider vscode.git 2510
2023-12-05 19:01:39.909 [warning] [Decorations] CAPPING events from decorations provider vscode.git 2510
2023-12-05 19:01:45.013 [warning] [Decorations] CAPPING events from decorations provider vscode.git 2510
2023-12-05 19:01:50.128 [warning] [Decorations] CAPPING events from decorations provider vscode.git 2510
2023-12-05 19:01:55.240 [warning] [Decorations] CAPPING events from decorations provider vscode.git 2510
2023-12-05 19:02:00.393 [warning] [Decorations] CAPPING events from decorations provider vscode.git 2510
2023-12-05 19:02:05.499 [warning] [Decorations] CAPPING events from decorations provider vscode.git 2510
2023-12-05 19:02:10.634 [warning] [Decorations] CAPPING events from decorations provider vscode.git 2510
2023-12-05 19:02:15.734 [warning] [Decorations] CAPPING events from decorations provider vscode.git 2510
2023-12-05 19:02:31.544 [warning] [Decorations] CAPPING events from decorations provider vscode.git 2510
2023-12-05 19:02:36.644 [warning] [Decorations] CAPPING events from decorations provider vscode.git 2510
2023-12-05 19:02:41.745 [warning] [Decorations] CAPPING events from decorations provider vscode.git 2510
2023-12-05 19:02:46.841 [warning] [Decorations] CAPPING events from decorations provider vscode.git 2510
2023-12-05 19:02:51.931 [warning] [Decorations] CAPPING events from decorations provider vscode.git 2510
2023-12-05 19:02:57.027 [warning] [Decorations] CAPPING events from decorations provider vscode.git 2510
2023-12-05 19:03:02.190 [warning] [Decorations] CAPPING events from decorations provider vscode.git 2510
2023-12-05 19:03:08.031 [warning] [Decorations] CAPPING events from decorations provider vscode.git 2510
2023-12-05 19:03:13.144 [warning] [Decorations] CAPPING events from decorations provider vscode.git 2510
2023-12-05 19:03:18.257 [warning] [Decorations] CAPPING events from decorations provider vscode.git 2510
2023-12-05 19:03:23.385 [warning] [Decorations] CAPPING events from decorations provider vscode.git 2510
2023-12-05 19:03:28.492 [warning] [Decorations] CAPPING events from decorations provider vscode.git 2510
2023-12-05 19:03:33.602 [warning] [Decorations] CAPPING events from decorations provider vscode.git 2510
2023-12-05 19:03:38.705 [warning] [Decorations] CAPPING events from decorations provider vscode.git 2510
2023-12-05 19:03:48.543 [warning] [Decorations] CAPPING events from decorations provider vscode.git 2510
2023-12-05 19:03:54.534 [warning] [Decorations] CAPPING events from decorations provider vscode.git 2510
2023-12-05 19:03:59.715 [warning] [Decorations] CAPPING events from decorations provider vscode.git 2510
2023-12-05 19:04:04.835 [warning] [Decorations] CAPPING events from decorations provider vscode.git 2510
2023-12-05 19:04:09.955 [warning] [Decorations] CAPPING events from decorations provider vscode.git 2511
2023-12-05 19:04:15.059 [warning] [Decorations] CAPPING events from decorations provider vscode.git 2511
2023-12-05 19:04:20.159 [warning] [Decorations] CAPPING events from decorations provider vscode.git 2511
2023-12-05 19:04:25.293 [warning] [Decorations] CAPPING events from decorations provider vscode.git 2511
2023-12-05 19:04:30.421 [warning] [Decorations] CAPPING events from decorations provider vscode.git 2510
2023-12-05 19:04:35.524 [warning] [Decorations] CAPPING events from decorations provider vscode.git 2510
2023-12-05 19:04:40.653 [warning] [Decorations] CAPPING events from decorations provider vscode.git 2510
2023-12-05 19:04:45.767 [warning] [Decorations] CAPPING events from decorations provider vscode.git 2510
2023-12-05 19:04:50.860 [warning] [Decorations] CAPPING events from decorations provider vscode.git 2510
2023-12-05 19:04:55.976 [warning] [Decorations] CAPPING events from decorations provider vscode.git 2510
2023-12-05 19:05:01.094 [warning] [Decorations] CAPPING events from decorations provider vscode.git 2510
2023-12-05 19:05:06.209 [warning] [Decorations] CAPPING events from decorations provider vscode.git 2510
2023-12-05 19:05:11.333 [warning] [Decorations] CAPPING events from decorations provider vscode.git 2510
2023-12-05 19:05:16.426 [warning] [Decorations] CAPPING events from decorations provider vscode.git 2510
2023-12-05 19:05:21.526 [warning] [Decorations] CAPPING events from decorations provider vscode.git 2510
2023-12-05 19:05:26.604 [warning] [Decorations] CAPPING events from decorations provider vscode.git 2510
2023-12-05 19:05:31.701 [warning] [Decorations] CAPPING events from decorations provider vscode.git 2510
2023-12-05 19:05:36.892 [warning] [Decorations] CAPPING events from decorations provider vscode.git 2510
2023-12-05 19:05:45.743 [warning] [Decorations] CAPPING events from decorations provider vscode.git 2510
2023-12-05 19:05:50.857 [warning] [Decorations] CAPPING events from decorations provider vscode.git 2510
2023-12-05 19:05:56.741 [warning] [Decorations] CAPPING events from decorations provider vscode.git 2510
2023-12-05 19:06:01.882 [warning] [Decorations] CAPPING events from decorations provider vscode.git 2510
2023-12-05 19:06:06.994 [warning] [Decorations] CAPPING events from decorations provider vscode.git 2510
2023-12-05 19:06:12.096 [warning] [Decorations] CAPPING events from decorations provider vscode.git 2510
2023-12-05 19:06:17.210 [warning] [Decorations] CAPPING events from decorations provider vscode.git 2510
2023-12-05 19:06:22.308 [warning] [Decorations] CAPPING events from decorations provider vscode.git 2510
2023-12-05 19:06:27.407 [warning] [Decorations] CAPPING events from decorations provider vscode.git 2510
2023-12-05 19:06:32.508 [warning] [Decorations] CAPPING events from decorations provider vscode.git 2510
2023-12-05 19:06:37.618 [warning] [Decorations] CAPPING events from decorations provider vscode.git 2510
2023-12-05 19:06:42.729 [warning] [Decorations] CAPPING events from decorations provider vscode.git 2510
2023-12-05 19:06:47.942 [warning] [Decorations] CAPPING events from decorations provider vscode.git 2510
2023-12-05 19:06:53.077 [warning] [Decorations] CAPPING events from decorations provider vscode.git 2510
2023-12-05 19:06:58.209 [warning] [Decorations] CAPPING events from decorations provider vscode.git 2510
2023-12-05 19:07:03.339 [warning] [Decorations] CAPPING events from decorations provider vscode.git 2510
2023-12-05 19:07:08.434 [warning] [Decorations] CAPPING events from decorations provider vscode.git 2510
2023-12-05 19:07:13.549 [warning] [Decorations] CAPPING events from decorations provider vscode.git 2510
2023-12-05 19:07:18.658 [warning] [Decorations] CAPPING events from decorations provider vscode.git 2510
2023-12-05 19:07:23.768 [warning] [Decorations] CAPPING events from decorations provider vscode.git 2510
2023-12-05 19:07:28.870 [warning] [Decorations] CAPPING events from decorations provider vscode.git 2510
2023-12-05 19:07:33.973 [warning] [Decorations] CAPPING events from decorations provider vscode.git 2510
2023-12-05 19:07:39.068 [warning] [Decorations] CAPPING events from decorations provider vscode.git 2510
2023-12-05 19:07:44.203 [warning] [Decorations] CAPPING events from decorations provider vscode.git 2510
2023-12-05 19:07:49.329 [warning] [Decorations] CAPPING events from decorations provider vscode.git 2510
2023-12-05 19:07:54.420 [warning] [Decorations] CAPPING events from decorations provider vscode.git 2510
2023-12-05 19:07:59.568 [warning] [Decorations] CAPPING events from decorations provider vscode.git 2510
2023-12-05 19:08:04.766 [warning] [Decorations] CAPPING events from decorations provider vscode.git 2510
2023-12-05 19:08:09.865 [warning] [Decorations] CAPPING events from decorations provider vscode.git 2510
2023-12-05 19:08:15.000 [warning] [Decorations] CAPPING events from decorations provider vscode.git 2510
2023-12-05 19:08:20.100 [warning] [Decorations] CAPPING events from decorations provider vscode.git 2510
2023-12-05 19:08:25.200 [warning] [Decorations] CAPPING events from decorations provider vscode.git 2510
2023-12-05 19:08:30.316 [warning] [Decorations] CAPPING events from decorations provider vscode.git 2510
2023-12-05 19:08:37.194 [warning] [Decorations] CAPPING events from decorations provider vscode.git 2510
2023-12-05 19:08:42.337 [warning] [Decorations] CAPPING events from decorations provider vscode.git 2510
2023-12-05 19:08:47.459 [warning] [Decorations] CAPPING events from decorations provider vscode.git 2510
2023-12-05 19:08:52.550 [warning] [Decorations] CAPPING events from decorations provider vscode.git 2510
2023-12-05 19:08:57.694 [warning] [Decorations] CAPPING events from decorations provider vscode.git 2510
2023-12-05 19:09:02.867 [warning] [Decorations] CAPPING events from decorations provider vscode.git 2510
2023-12-05 19:09:08.714 [warning] [Decorations] CAPPING events from decorations provider vscode.git 2510
2023-12-05 19:09:13.802 [warning] [Decorations] CAPPING events from decorations provider vscode.git 2510
2023-12-05 19:09:18.894 [warning] [Decorations] CAPPING events from decorations provider vscode.git 2510
2023-12-05 19:09:24.006 [warning] [Decorations] CAPPING events from decorations provider vscode.git 2510
2023-12-05 19:09:29.099 [warning] [Decorations] CAPPING events from decorations provider vscode.git 2510
2023-12-05 19:09:34.225 [warning] [Decorations] CAPPING events from decorations provider vscode.git 2510
2023-12-05 19:09:39.344 [warning] [Decorations] CAPPING events from decorations provider vscode.git 2510
2023-12-05 19:09:44.442 [warning] [Decorations] CAPPING events from decorations provider vscode.git 2510
2023-12-05 19:09:49.525 [warning] [Decorations] CAPPING events from decorations provider vscode.git 2510
2023-12-05 19:09:54.646 [warning] [Decorations] CAPPING events from decorations provider vscode.git 2510
2023-12-05 19:09:59.742 [warning] [Decorations] CAPPING events from decorations provider vscode.git 2510
2023-12-05 19:10:04.845 [warning] [Decorations] CAPPING events from decorations provider vscode.git 2510
2023-12-05 19:10:10.007 [warning] [Decorations] CAPPING events from decorations provider vscode.git 2510
2023-12-05 19:10:15.126 [warning] [Decorations] CAPPING events from decorations provider vscode.git 2510
2023-12-05 19:10:20.223 [warning] [Decorations] CAPPING events from decorations provider vscode.git 2510
2023-12-05 19:10:30.157 [warning] [Decorations] CAPPING events from decorations provider vscode.git 2510
2023-12-05 19:10:36.136 [warning] [Decorations] CAPPING events from decorations provider vscode.git 2510
2023-12-05 19:10:41.285 [warning] [Decorations] CAPPING events from decorations provider vscode.git 2510
2023-12-05 19:10:46.404 [warning] [Decorations] CAPPING events from decorations provider vscode.git 2510
2023-12-05 19:10:51.567 [warning] [Decorations] CAPPING events from decorations provider vscode.git 2510
2023-12-05 19:10:56.670 [warning] [Decorations] CAPPING events from decorations provider vscode.git 2510
2023-12-05 19:11:01.868 [warning] [Decorations] CAPPING events from decorations provider vscode.git 2510
2023-12-05 19:11:07.070 [warning] [Decorations] CAPPING events from decorations provider vscode.git 2510
2023-12-05 19:11:12.188 [warning] [Decorations] CAPPING events from decorations provider vscode.git 2510
2023-12-05 19:11:17.304 [warning] [Decorations] CAPPING events from decorations provider vscode.git 2510
2023-12-05 19:11:22.414 [warning] [Decorations] CAPPING events from decorations provider vscode.git 2510
2023-12-05 19:11:27.554 [warning] [Decorations] CAPPING events from decorations provider vscode.git 2510
2023-12-05 19:11:32.707 [warning] [Decorations] CAPPING events from decorations provider vscode.git 2510
2023-12-05 19:11:37.922 [warning] [Decorations] CAPPING events from decorations provider vscode.git 2510
2023-12-05 19:11:43.018 [warning] [Decorations] CAPPING events from decorations provider vscode.git 2510
2023-12-05 19:11:48.112 [warning] [Decorations] CAPPING events from decorations provider vscode.git 2510
2023-12-05 19:11:53.247 [warning] [Decorations] CAPPING events from decorations provider vscode.git 2510
2023-12-05 19:11:58.366 [warning] [Decorations] CAPPING events from decorations provider vscode.git 2510
2023-12-05 19:12:03.487 [warning] [Decorations] CAPPING events from decorations provider vscode.git 2510
2023-12-05 19:12:08.626 [warning] [Decorations] CAPPING events from decorations provider vscode.git 2510
2023-12-05 19:12:13.740 [warning] [Decorations] CAPPING events from decorations provider vscode.git 2510
2023-12-05 19:12:18.865 [warning] [Decorations] CAPPING events from decorations provider vscode.git 2510
2023-12-05 19:12:23.979 [warning] [Decorations] CAPPING events from decorations provider vscode.git 2510
2023-12-05 19:12:29.200 [warning] [Decorations] CAPPING events from decorations provider vscode.git 2510
2023-12-05 19:12:34.325 [warning] [Decorations] CAPPING events from decorations provider vscode.git 2510
2023-12-05 19:12:39.433 [warning] [Decorations] CAPPING events from decorations provider vscode.git 2510
2023-12-05 19:12:44.552 [warning] [Decorations] CAPPING events from decorations provider vscode.git 2510
2023-12-05 19:12:49.681 [warning] [Decorations] CAPPING events from decorations provider vscode.git 2510
2023-12-05 19:12:54.781 [warning] [Decorations] CAPPING events from decorations provider vscode.git 2510
2023-12-05 19:12:59.882 [warning] [Decorations] CAPPING events from decorations provider vscode.git 2510
2023-12-05 19:13:05.070 [warning] [Decorations] CAPPING events from decorations provider vscode.git 2510
2023-12-05 19:14:17.999 [warning] [Decorations] CAPPING events from decorations provider vscode.git 2510
2023-12-05 19:15:27.390 [warning] [Decorations] CAPPING events from decorations provider vscode.git 2510
2023-12-05 19:15:32.510 [warning] [Decorations] CAPPING events from decorations provider vscode.git 2510
2023-12-05 19:15:37.601 [warning] [Decorations] CAPPING events from decorations provider vscode.git 2510
2023-12-05 19:15:42.716 [warning] [Decorations] CAPPING events from decorations provider vscode.git 2510
2023-12-05 19:15:47.823 [warning] [Decorations] CAPPING events from decorations provider vscode.git 2510
2023-12-05 19:16:31.208 [warning] [Decorations] CAPPING events from decorations provider vscode.git 2510
2023-12-05 19:16:36.373 [warning] [Decorations] CAPPING events from decorations provider vscode.git 2510
2023-12-05 19:17:33.946 [warning] [Decorations] CAPPING events from decorations provider vscode.git 2510
2023-12-05 19:17:39.066 [warning] [Decorations] CAPPING events from decorations provider vscode.git 2510
2023-12-05 19:17:44.170 [warning] [Decorations] CAPPING events from decorations provider vscode.git 2510
2023-12-05 19:17:49.280 [warning] [Decorations] CAPPING events from decorations provider vscode.git 2510
2023-12-05 19:17:54.370 [warning] [Decorations] CAPPING events from decorations provider vscode.git 2510
2023-12-05 19:17:59.468 [warning] [Decorations] CAPPING events from decorations provider vscode.git 2511
