2023-12-08 20:47:07.571 [info] Log level: Info
2023-12-08 20:47:07.571 [info] Validating found git in: "git"
2023-12-08 20:47:07.571 [info] Using git "2.34.1" from "git"
2023-12-08 20:47:07.571 [info] > git rev-parse --show-toplevel [6ms]
2023-12-08 20:47:07.571 [info] > git rev-parse --git-dir --git-common-dir [1ms]
2023-12-08 20:47:07.571 [info] Open repository: /home/ubuntu
2023-12-08 20:47:07.571 [info] > git config --get commit.template [11ms]
2023-12-08 20:47:07.571 [info] > git rev-parse --show-toplevel [6ms]
2023-12-08 20:47:07.571 [info] > git rev-parse --show-toplevel [2ms]
2023-12-08 20:47:07.571 [info] > git for-each-ref --format=%(refname)%00%(upstream:short)%00%(objectname)%00%(upstream:track)%00%(upstream:remotename)%00%(upstream:remoteref) refs/heads/Main refs/remotes/Main [14ms]
2023-12-08 20:47:07.571 [info] > git rev-parse --show-toplevel [10ms]
2023-12-08 20:47:07.571 [info] > git rev-parse --show-toplevel [2ms]
2023-12-08 20:47:07.571 [info] > git rev-parse --show-toplevel [4ms]
2023-12-08 20:47:07.571 [info] > git rev-parse --show-toplevel [2ms]
2023-12-08 20:47:07.571 [info] > git status -z -uall [117ms]
2023-12-08 20:47:07.571 [info] > git config --get commit.template [9ms]
2023-12-08 20:47:07.571 [info] > git for-each-ref --format=%(refname)%00%(upstream:short)%00%(objectname)%00%(upstream:track)%00%(upstream:remotename)%00%(upstream:remoteref) refs/heads/Main refs/remotes/Main [2ms]
2023-12-08 20:47:07.571 [info] > git status -z -uall [501ms]
2023-12-08 20:47:08.081 [info] > git check-ignore -v -z --stdin [1ms]
2023-12-08 20:47:29.357 [info] > git config --get commit.template [25ms]
2023-12-08 20:47:29.358 [info] > git for-each-ref --format=%(refname)%00%(upstream:short)%00%(objectname)%00%(upstream:track)%00%(upstream:remotename)%00%(upstream:remoteref) refs/heads/Main refs/remotes/Main [3ms]
2023-12-08 20:47:29.488 [info] > git status -z -uall [110ms]
2023-12-08 20:47:32.252 [info] > git check-ignore -v -z --stdin [3ms]
2023-12-08 20:47:32.967 [info] > git show --textconv :airflow/dags/etl.py [11ms]
2023-12-08 20:47:32.969 [info] > git ls-files --stage -- /home/ubuntu/airflow/dags/etl.py [2ms]
2023-12-08 20:47:32.978 [info] > git cat-file -s 1f027dd85aca1e4bc35c7ce0c05a3cff8558f315 [2ms]
2023-12-08 20:47:34.081 [info] > git check-ignore -v -z --stdin [2ms]
2023-12-08 20:47:34.602 [info] > git config --get commit.template [10ms]
2023-12-08 20:47:34.603 [info] > git for-each-ref --format=%(refname)%00%(upstream:short)%00%(objectname)%00%(upstream:track)%00%(upstream:remotename)%00%(upstream:remoteref) refs/heads/Main refs/remotes/Main [2ms]
2023-12-08 20:47:34.635 [info] > git status -z -uall [24ms]
2023-12-08 20:47:39.717 [info] > git config --get commit.template [1ms]
2023-12-08 20:47:39.729 [info] > git for-each-ref --format=%(refname)%00%(upstream:short)%00%(objectname)%00%(upstream:track)%00%(upstream:remotename)%00%(upstream:remoteref) refs/heads/Main refs/remotes/Main [2ms]
2023-12-08 20:47:39.762 [info] > git status -z -uall [25ms]
2023-12-08 20:48:01.605 [info] > git config --get commit.template [11ms]
2023-12-08 20:48:01.606 [info] > git for-each-ref --format=%(refname)%00%(upstream:short)%00%(objectname)%00%(upstream:track)%00%(upstream:remotename)%00%(upstream:remoteref) refs/heads/Main refs/remotes/Main [3ms]
2023-12-08 20:48:01.649 [info] > git status -z -uall [34ms]
2023-12-08 20:48:06.743 [info] > git config --get commit.template [9ms]
2023-12-08 20:48:06.743 [info] > git for-each-ref --format=%(refname)%00%(upstream:short)%00%(objectname)%00%(upstream:track)%00%(upstream:remotename)%00%(upstream:remoteref) refs/heads/Main refs/remotes/Main [2ms]
2023-12-08 20:48:06.778 [info] > git status -z -uall [27ms]
2023-12-08 20:48:11.854 [info] > git config --get commit.template [16ms]
2023-12-08 20:48:11.857 [info] > git for-each-ref --format=%(refname)%00%(upstream:short)%00%(objectname)%00%(upstream:track)%00%(upstream:remotename)%00%(upstream:remoteref) refs/heads/Main refs/remotes/Main [7ms]
2023-12-08 20:48:11.917 [info] > git status -z -uall [46ms]
2023-12-08 20:48:17.038 [info] > git config --get commit.template [34ms]
2023-12-08 20:48:17.043 [info] > git for-each-ref --format=%(refname)%00%(upstream:short)%00%(objectname)%00%(upstream:track)%00%(upstream:remotename)%00%(upstream:remoteref) refs/heads/Main refs/remotes/Main [6ms]
2023-12-08 20:48:17.129 [info] > git status -z -uall [68ms]
2023-12-08 20:48:22.311 [info] > git config --get commit.template [13ms]
2023-12-08 20:48:22.314 [info] > git for-each-ref --format=%(refname)%00%(upstream:short)%00%(objectname)%00%(upstream:track)%00%(upstream:remotename)%00%(upstream:remoteref) refs/heads/Main refs/remotes/Main [5ms]
2023-12-08 20:48:22.365 [info] > git status -z -uall [40ms]
2023-12-08 20:48:26.639 [info] > git check-ignore -v -z --stdin [2ms]
2023-12-08 20:48:27.475 [info] > git config --get commit.template [11ms]
2023-12-08 20:48:27.476 [info] > git for-each-ref --format=%(refname)%00%(upstream:short)%00%(objectname)%00%(upstream:track)%00%(upstream:remotename)%00%(upstream:remoteref) refs/heads/Main refs/remotes/Main [3ms]
2023-12-08 20:48:27.511 [info] > git status -z -uall [26ms]
2023-12-08 20:50:00.095 [info] > git config --get commit.template [13ms]
2023-12-08 20:50:00.096 [info] > git for-each-ref --format=%(refname)%00%(upstream:short)%00%(objectname)%00%(upstream:track)%00%(upstream:remotename)%00%(upstream:remoteref) refs/heads/Main refs/remotes/Main [3ms]
2023-12-08 20:50:00.143 [info] > git status -z -uall [39ms]
2023-12-08 20:50:05.221 [info] > git config --get commit.template [2ms]
2023-12-08 20:50:05.232 [info] > git for-each-ref --format=%(refname)%00%(upstream:short)%00%(objectname)%00%(upstream:track)%00%(upstream:remotename)%00%(upstream:remoteref) refs/heads/Main refs/remotes/Main [3ms]
2023-12-08 20:50:05.269 [info] > git status -z -uall [27ms]
2023-12-08 20:50:10.361 [info] > git config --get commit.template [20ms]
2023-12-08 20:50:10.365 [info] > git for-each-ref --format=%(refname)%00%(upstream:short)%00%(objectname)%00%(upstream:track)%00%(upstream:remotename)%00%(upstream:remoteref) refs/heads/Main refs/remotes/Main [6ms]
2023-12-08 20:50:10.401 [info] > git status -z -uall [24ms]
2023-12-08 20:50:17.955 [info] > git config --get commit.template [2ms]
2023-12-08 20:50:17.970 [info] > git for-each-ref --format=%(refname)%00%(upstream:short)%00%(objectname)%00%(upstream:track)%00%(upstream:remotename)%00%(upstream:remoteref) refs/heads/Main refs/remotes/Main [4ms]
2023-12-08 20:50:18.003 [info] > git status -z -uall [25ms]
2023-12-08 20:50:19.081 [info] > git check-ignore -v -z --stdin [2ms]
2023-12-08 20:50:23.076 [info] > git config --get commit.template [13ms]
2023-12-08 20:50:23.077 [info] > git for-each-ref --format=%(refname)%00%(upstream:short)%00%(objectname)%00%(upstream:track)%00%(upstream:remotename)%00%(upstream:remoteref) refs/heads/Main refs/remotes/Main [2ms]
2023-12-08 20:50:23.120 [info] > git status -z -uall [33ms]
2023-12-08 20:50:28.211 [info] > git config --get commit.template [11ms]
2023-12-08 20:50:28.211 [info] > git for-each-ref --format=%(refname)%00%(upstream:short)%00%(objectname)%00%(upstream:track)%00%(upstream:remotename)%00%(upstream:remoteref) refs/heads/Main refs/remotes/Main [2ms]
2023-12-08 20:50:28.245 [info] > git status -z -uall [26ms]
2023-12-08 20:50:33.302 [info] > git config --get commit.template [9ms]
2023-12-08 20:50:33.303 [info] > git for-each-ref --format=%(refname)%00%(upstream:short)%00%(objectname)%00%(upstream:track)%00%(upstream:remotename)%00%(upstream:remoteref) refs/heads/Main refs/remotes/Main [2ms]
2023-12-08 20:50:33.332 [info] > git status -z -uall [22ms]
2023-12-08 20:50:39.233 [info] > git config --get commit.template [9ms]
2023-12-08 20:50:39.234 [info] > git for-each-ref --format=%(refname)%00%(upstream:short)%00%(objectname)%00%(upstream:track)%00%(upstream:remotename)%00%(upstream:remoteref) refs/heads/Main refs/remotes/Main [2ms]
2023-12-08 20:50:39.263 [info] > git status -z -uall [21ms]
2023-12-08 20:50:44.365 [info] > git config --get commit.template [12ms]
2023-12-08 20:50:44.366 [info] > git for-each-ref --format=%(refname)%00%(upstream:short)%00%(objectname)%00%(upstream:track)%00%(upstream:remotename)%00%(upstream:remoteref) refs/heads/Main refs/remotes/Main [2ms]
2023-12-08 20:50:44.414 [info] > git status -z -uall [35ms]
2023-12-08 20:51:29.507 [info] > git config --get commit.template [9ms]
2023-12-08 20:51:29.508 [info] > git for-each-ref --format=%(refname)%00%(upstream:short)%00%(objectname)%00%(upstream:track)%00%(upstream:remotename)%00%(upstream:remoteref) refs/heads/Main refs/remotes/Main [1ms]
2023-12-08 20:51:29.540 [info] > git status -z -uall [25ms]
2023-12-08 20:51:34.628 [info] > git config --get commit.template [16ms]
2023-12-08 20:51:34.632 [info] > git for-each-ref --format=%(refname)%00%(upstream:short)%00%(objectname)%00%(upstream:track)%00%(upstream:remotename)%00%(upstream:remoteref) refs/heads/Main refs/remotes/Main [5ms]
2023-12-08 20:51:34.674 [info] > git status -z -uall [25ms]
2023-12-08 20:51:37.408 [info] > git show --textconv :functions/functions.py [12ms]
2023-12-08 20:51:37.410 [info] > git ls-files --stage -- /home/ubuntu/functions/functions.py [3ms]
2023-12-08 20:51:39.740 [info] > git config --get commit.template [12ms]
2023-12-08 20:51:39.741 [info] > git for-each-ref --format=%(refname)%00%(upstream:short)%00%(objectname)%00%(upstream:track)%00%(upstream:remotename)%00%(upstream:remoteref) refs/heads/Main refs/remotes/Main [2ms]
2023-12-08 20:51:39.770 [info] > git status -z -uall [20ms]
2023-12-08 20:51:44.831 [info] > git config --get commit.template [10ms]
2023-12-08 20:51:44.831 [info] > git for-each-ref --format=%(refname)%00%(upstream:short)%00%(objectname)%00%(upstream:track)%00%(upstream:remotename)%00%(upstream:remoteref) refs/heads/Main refs/remotes/Main [2ms]
2023-12-08 20:51:44.860 [info] > git status -z -uall [20ms]
2023-12-08 20:51:49.925 [info] > git config --get commit.template [11ms]
2023-12-08 20:51:49.926 [info] > git for-each-ref --format=%(refname)%00%(upstream:short)%00%(objectname)%00%(upstream:track)%00%(upstream:remotename)%00%(upstream:remoteref) refs/heads/Main refs/remotes/Main [2ms]
2023-12-08 20:51:49.967 [info] > git status -z -uall [30ms]
2023-12-08 20:51:52.407 [info] > git show --textconv :airflow/dags/etl.py [11ms]
2023-12-08 20:51:52.408 [info] > git ls-files --stage -- /home/ubuntu/airflow/dags/etl.py [4ms]
2023-12-08 20:51:52.418 [info] > git cat-file -s 1f027dd85aca1e4bc35c7ce0c05a3cff8558f315 [2ms]
2023-12-08 20:51:55.038 [info] > git config --get commit.template [10ms]
2023-12-08 20:51:55.038 [info] > git for-each-ref --format=%(refname)%00%(upstream:short)%00%(objectname)%00%(upstream:track)%00%(upstream:remotename)%00%(upstream:remoteref) refs/heads/Main refs/remotes/Main [2ms]
2023-12-08 20:51:55.069 [info] > git status -z -uall [21ms]
2023-12-08 20:52:14.358 [info] > git check-ignore -v -z --stdin [1ms]
2023-12-08 20:52:28.346 [info] > git config --get commit.template [9ms]
2023-12-08 20:52:28.347 [info] > git for-each-ref --format=%(refname)%00%(upstream:short)%00%(objectname)%00%(upstream:track)%00%(upstream:remotename)%00%(upstream:remoteref) refs/heads/Main refs/remotes/Main [2ms]
2023-12-08 20:52:28.376 [info] > git status -z -uall [22ms]
2023-12-08 20:53:41.159 [info] > git config --get commit.template [4ms]
2023-12-08 20:53:41.183 [info] > git for-each-ref --format=%(refname)%00%(upstream:short)%00%(objectname)%00%(upstream:track)%00%(upstream:remotename)%00%(upstream:remoteref) refs/heads/Main refs/remotes/Main [7ms]
2023-12-08 20:53:41.239 [info] > git status -z -uall [43ms]
2023-12-08 20:53:46.339 [info] > git config --get commit.template [14ms]
2023-12-08 20:53:46.340 [info] > git for-each-ref --format=%(refname)%00%(upstream:short)%00%(objectname)%00%(upstream:track)%00%(upstream:remotename)%00%(upstream:remoteref) refs/heads/Main refs/remotes/Main [2ms]
2023-12-08 20:53:46.375 [info] > git status -z -uall [21ms]
2023-12-08 20:54:21.504 [info] > git config --get commit.template [8ms]
2023-12-08 20:54:21.505 [info] > git for-each-ref --format=%(refname)%00%(upstream:short)%00%(objectname)%00%(upstream:track)%00%(upstream:remotename)%00%(upstream:remoteref) refs/heads/Main refs/remotes/Main [2ms]
2023-12-08 20:54:21.561 [info] > git status -z -uall [43ms]
2023-12-08 20:54:26.633 [info] > git config --get commit.template [10ms]
2023-12-08 20:54:26.633 [info] > git for-each-ref --format=%(refname)%00%(upstream:short)%00%(objectname)%00%(upstream:track)%00%(upstream:remotename)%00%(upstream:remoteref) refs/heads/Main refs/remotes/Main [1ms]
2023-12-08 20:54:26.662 [info] > git status -z -uall [21ms]
2023-12-08 20:54:31.749 [info] > git config --get commit.template [14ms]
2023-12-08 20:54:31.750 [info] > git for-each-ref --format=%(refname)%00%(upstream:short)%00%(objectname)%00%(upstream:track)%00%(upstream:remotename)%00%(upstream:remoteref) refs/heads/Main refs/remotes/Main [4ms]
2023-12-08 20:54:31.787 [info] > git status -z -uall [25ms]
2023-12-08 20:55:11.570 [info] > git config --get commit.template [11ms]
2023-12-08 20:55:11.570 [info] > git for-each-ref --format=%(refname)%00%(upstream:short)%00%(objectname)%00%(upstream:track)%00%(upstream:remotename)%00%(upstream:remoteref) refs/heads/Main refs/remotes/Main [2ms]
2023-12-08 20:55:11.600 [info] > git status -z -uall [22ms]
2023-12-08 20:55:16.681 [info] > git config --get commit.template [17ms]
2023-12-08 20:55:16.681 [info] > git for-each-ref --format=%(refname)%00%(upstream:short)%00%(objectname)%00%(upstream:track)%00%(upstream:remotename)%00%(upstream:remoteref) refs/heads/Main refs/remotes/Main [2ms]
2023-12-08 20:55:16.715 [info] > git status -z -uall [24ms]
2023-12-08 20:55:21.791 [info] > git config --get commit.template [11ms]
2023-12-08 20:55:21.792 [info] > git for-each-ref --format=%(refname)%00%(upstream:short)%00%(objectname)%00%(upstream:track)%00%(upstream:remotename)%00%(upstream:remoteref) refs/heads/Main refs/remotes/Main [3ms]
2023-12-08 20:55:21.823 [info] > git status -z -uall [22ms]
2023-12-08 20:55:44.858 [info] > git config --get commit.template [10ms]
2023-12-08 20:55:44.858 [info] > git for-each-ref --format=%(refname)%00%(upstream:short)%00%(objectname)%00%(upstream:track)%00%(upstream:remotename)%00%(upstream:remoteref) refs/heads/Main refs/remotes/Main [2ms]
2023-12-08 20:55:44.898 [info] > git status -z -uall [30ms]
2023-12-08 20:55:49.980 [info] > git config --get commit.template [1ms]
2023-12-08 20:55:49.993 [info] > git for-each-ref --format=%(refname)%00%(upstream:short)%00%(objectname)%00%(upstream:track)%00%(upstream:remotename)%00%(upstream:remoteref) refs/heads/Main refs/remotes/Main [2ms]
2023-12-08 20:55:50.076 [info] > git status -z -uall [48ms]
2023-12-08 20:56:03.184 [info] > git config --get commit.template [17ms]
2023-12-08 20:56:03.185 [info] > git for-each-ref --format=%(refname)%00%(upstream:short)%00%(objectname)%00%(upstream:track)%00%(upstream:remotename)%00%(upstream:remoteref) refs/heads/Main refs/remotes/Main [3ms]
2023-12-08 20:56:03.245 [info] > git status -z -uall [30ms]
2023-12-08 20:56:08.341 [info] > git config --get commit.template [15ms]
2023-12-08 20:56:08.341 [info] > git for-each-ref --format=%(refname)%00%(upstream:short)%00%(objectname)%00%(upstream:track)%00%(upstream:remotename)%00%(upstream:remoteref) refs/heads/Main refs/remotes/Main [4ms]
2023-12-08 20:56:08.387 [info] > git status -z -uall [34ms]
2023-12-08 20:58:36.126 [info] > git config --get commit.template [9ms]
2023-12-08 20:58:36.127 [info] > git for-each-ref --format=%(refname)%00%(upstream:short)%00%(objectname)%00%(upstream:track)%00%(upstream:remotename)%00%(upstream:remoteref) refs/heads/Main refs/remotes/Main [3ms]
2023-12-08 20:58:36.157 [info] > git status -z -uall [23ms]
2023-12-08 20:58:41.246 [info] > git config --get commit.template [10ms]
2023-12-08 20:58:41.246 [info] > git for-each-ref --format=%(refname)%00%(upstream:short)%00%(objectname)%00%(upstream:track)%00%(upstream:remotename)%00%(upstream:remoteref) refs/heads/Main refs/remotes/Main [2ms]
2023-12-08 20:58:41.281 [info] > git status -z -uall [14ms]
2023-12-08 20:58:46.368 [info] > git config --get commit.template [11ms]
2023-12-08 20:58:46.368 [info] > git for-each-ref --format=%(refname)%00%(upstream:short)%00%(objectname)%00%(upstream:track)%00%(upstream:remotename)%00%(upstream:remoteref) refs/heads/Main refs/remotes/Main [1ms]
2023-12-08 20:58:46.401 [info] > git status -z -uall [24ms]
2023-12-08 20:58:51.504 [info] > git config --get commit.template [6ms]
2023-12-08 20:58:51.517 [info] > git for-each-ref --format=%(refname)%00%(upstream:short)%00%(objectname)%00%(upstream:track)%00%(upstream:remotename)%00%(upstream:remoteref) refs/heads/Main refs/remotes/Main [2ms]
2023-12-08 20:58:51.546 [info] > git status -z -uall [20ms]
2023-12-08 20:59:31.550 [info] > git config --get commit.template [11ms]
2023-12-08 20:59:31.551 [info] > git for-each-ref --format=%(refname)%00%(upstream:short)%00%(objectname)%00%(upstream:track)%00%(upstream:remotename)%00%(upstream:remoteref) refs/heads/Main refs/remotes/Main [2ms]
2023-12-08 20:59:31.584 [info] > git status -z -uall [26ms]
2023-12-08 20:59:54.293 [info] > git config --get commit.template [12ms]
2023-12-08 20:59:54.293 [info] > git for-each-ref --format=%(refname)%00%(upstream:short)%00%(objectname)%00%(upstream:track)%00%(upstream:remotename)%00%(upstream:remoteref) refs/heads/Main refs/remotes/Main [2ms]
2023-12-08 20:59:54.323 [info] > git status -z -uall [23ms]
2023-12-08 20:59:59.396 [info] > git config --get commit.template [13ms]
2023-12-08 20:59:59.397 [info] > git for-each-ref --format=%(refname)%00%(upstream:short)%00%(objectname)%00%(upstream:track)%00%(upstream:remotename)%00%(upstream:remoteref) refs/heads/Main refs/remotes/Main [2ms]
2023-12-08 20:59:59.440 [info] > git status -z -uall [33ms]
2023-12-08 21:00:11.169 [info] > git check-ignore -v -z --stdin [1ms]
2023-12-08 21:00:49.796 [info] > git check-ignore -v -z --stdin [2ms]
2023-12-08 21:01:13.512 [info] > git check-ignore -v -z --stdin [7ms]
2023-12-08 21:01:19.211 [info] > git config --get commit.template [2ms]
2023-12-08 21:01:19.223 [info] > git for-each-ref --format=%(refname)%00%(upstream:short)%00%(objectname)%00%(upstream:track)%00%(upstream:remotename)%00%(upstream:remoteref) refs/heads/Main refs/remotes/Main [2ms]
2023-12-08 21:01:19.266 [info] > git status -z -uall [33ms]
2023-12-08 21:01:24.342 [info] > git config --get commit.template [1ms]
2023-12-08 21:01:24.353 [info] > git for-each-ref --format=%(refname)%00%(upstream:short)%00%(objectname)%00%(upstream:track)%00%(upstream:remotename)%00%(upstream:remoteref) refs/heads/Main refs/remotes/Main [2ms]
2023-12-08 21:01:24.381 [info] > git status -z -uall [21ms]
2023-12-08 21:02:08.648 [info] > git config --get commit.template [18ms]
2023-12-08 21:02:08.649 [info] > git for-each-ref --format=%(refname)%00%(upstream:short)%00%(objectname)%00%(upstream:track)%00%(upstream:remotename)%00%(upstream:remoteref) refs/heads/Main refs/remotes/Main [4ms]
2023-12-08 21:02:08.690 [info] > git status -z -uall [32ms]
2023-12-08 21:02:13.770 [info] > git config --get commit.template [12ms]
2023-12-08 21:02:13.770 [info] > git for-each-ref --format=%(refname)%00%(upstream:short)%00%(objectname)%00%(upstream:track)%00%(upstream:remotename)%00%(upstream:remoteref) refs/heads/Main refs/remotes/Main [2ms]
2023-12-08 21:02:13.799 [info] > git status -z -uall [21ms]
2023-12-08 21:02:18.867 [info] > git config --get commit.template [9ms]
2023-12-08 21:02:18.868 [info] > git for-each-ref --format=%(refname)%00%(upstream:short)%00%(objectname)%00%(upstream:track)%00%(upstream:remotename)%00%(upstream:remoteref) refs/heads/Main refs/remotes/Main [2ms]
2023-12-08 21:02:18.897 [info] > git status -z -uall [21ms]
2023-12-08 21:02:37.215 [info] > git check-ignore -v -z --stdin [6ms]
2023-12-08 21:02:52.786 [info] > git check-ignore -v -z --stdin [2ms]
2023-12-08 21:03:09.894 [info] > git config --get commit.template [8ms]
2023-12-08 21:03:09.895 [info] > git for-each-ref --format=%(refname)%00%(upstream:short)%00%(objectname)%00%(upstream:track)%00%(upstream:remotename)%00%(upstream:remoteref) refs/heads/Main refs/remotes/Main [2ms]
2023-12-08 21:03:09.935 [info] > git status -z -uall [25ms]
2023-12-08 21:03:15.018 [info] > git config --get commit.template [13ms]
2023-12-08 21:03:15.022 [info] > git for-each-ref --format=%(refname)%00%(upstream:short)%00%(objectname)%00%(upstream:track)%00%(upstream:remotename)%00%(upstream:remoteref) refs/heads/Main refs/remotes/Main [5ms]
2023-12-08 21:03:15.090 [info] > git status -z -uall [51ms]
2023-12-08 21:03:20.178 [info] > git config --get commit.template [11ms]
2023-12-08 21:03:20.179 [info] > git for-each-ref --format=%(refname)%00%(upstream:short)%00%(objectname)%00%(upstream:track)%00%(upstream:remotename)%00%(upstream:remoteref) refs/heads/Main refs/remotes/Main [1ms]
2023-12-08 21:03:20.212 [info] > git status -z -uall [24ms]
2023-12-08 21:03:20.824 [info] > git check-ignore -v -z --stdin [5ms]
2023-12-08 21:03:37.594 [info] > git check-ignore -v -z --stdin [2ms]
2023-12-08 21:04:41.507 [info] > git check-ignore -v -z --stdin [1ms]
2023-12-08 21:04:56.697 [info] > git check-ignore -v -z --stdin [2ms]
2023-12-08 21:05:12.991 [info] > git config --get commit.template [9ms]
2023-12-08 21:05:12.992 [info] > git for-each-ref --format=%(refname)%00%(upstream:short)%00%(objectname)%00%(upstream:track)%00%(upstream:remotename)%00%(upstream:remoteref) refs/heads/Main refs/remotes/Main [4ms]
2023-12-08 21:05:13.024 [info] > git status -z -uall [25ms]
2023-12-08 21:05:14.903 [info] > git show --textconv :response_data_08122023210006.json [21ms]
2023-12-08 21:05:14.914 [info] > git ls-files --stage -- /home/ubuntu/response_data_08122023210006.json [13ms]
2023-12-08 21:05:15.408 [info] > git show --textconv :response_data_08122023210109.json [16ms]
2023-12-08 21:05:15.409 [info] > git ls-files --stage -- /home/ubuntu/response_data_08122023210109.json [4ms]
2023-12-08 21:05:16.656 [info] > git show --textconv :response_data_08122023210248.json [10ms]
2023-12-08 21:05:16.658 [info] > git ls-files --stage -- /home/ubuntu/response_data_08122023210248.json [3ms]
2023-12-08 21:05:17.872 [info] > git show --textconv :response_data_08122023210333.json [14ms]
2023-12-08 21:05:17.874 [info] > git ls-files --stage -- /home/ubuntu/response_data_08122023210333.json [4ms]
2023-12-08 21:05:18.114 [info] > git config --get commit.template [12ms]
2023-12-08 21:05:18.115 [info] > git for-each-ref --format=%(refname)%00%(upstream:short)%00%(objectname)%00%(upstream:track)%00%(upstream:remotename)%00%(upstream:remoteref) refs/heads/Main refs/remotes/Main [2ms]
2023-12-08 21:05:18.149 [info] > git status -z -uall [24ms]
2023-12-08 21:05:19.455 [info] > git show --textconv :response_data_08122023210436.json [15ms]
2023-12-08 21:05:19.457 [info] > git ls-files --stage -- /home/ubuntu/response_data_08122023210436.json [3ms]
2023-12-08 21:05:23.238 [info] > git config --get commit.template [19ms]
2023-12-08 21:05:23.243 [info] > git for-each-ref --format=%(refname)%00%(upstream:short)%00%(objectname)%00%(upstream:track)%00%(upstream:remotename)%00%(upstream:remoteref) refs/heads/Main refs/remotes/Main [7ms]
2023-12-08 21:05:23.295 [info] > git status -z -uall [33ms]
2023-12-08 21:05:25.250 [info] > git show --textconv :airflow/dags/etl.py [16ms]
2023-12-08 21:05:25.254 [info] > git ls-files --stage -- /home/ubuntu/airflow/dags/etl.py [5ms]
2023-12-08 21:05:25.276 [info] > git cat-file -s 1f027dd85aca1e4bc35c7ce0c05a3cff8558f315 [3ms]
2023-12-08 21:06:44.949 [info] > git config --get commit.template [22ms]
2023-12-08 21:06:44.957 [info] > git for-each-ref --format=%(refname)%00%(upstream:short)%00%(objectname)%00%(upstream:track)%00%(upstream:remotename)%00%(upstream:remoteref) refs/heads/Main refs/remotes/Main [10ms]
2023-12-08 21:06:45.028 [info] > git status -z -uall [48ms]
2023-12-08 21:06:50.122 [info] > git config --get commit.template [15ms]
2023-12-08 21:06:50.123 [info] > git for-each-ref --format=%(refname)%00%(upstream:short)%00%(objectname)%00%(upstream:track)%00%(upstream:remotename)%00%(upstream:remoteref) refs/heads/Main refs/remotes/Main [2ms]
2023-12-08 21:06:50.157 [info] > git status -z -uall [25ms]
2023-12-08 21:06:55.238 [info] > git config --get commit.template [15ms]
2023-12-08 21:06:55.241 [info] > git for-each-ref --format=%(refname)%00%(upstream:short)%00%(objectname)%00%(upstream:track)%00%(upstream:remotename)%00%(upstream:remoteref) refs/heads/Main refs/remotes/Main [5ms]
2023-12-08 21:06:55.289 [info] > git status -z -uall [34ms]
2023-12-08 21:06:57.311 [info] > git ls-files --stage -- /home/ubuntu/airflow/dags/etl.py [2ms]
2023-12-08 21:06:57.323 [info] > git cat-file -s bd05d5ac3e35b566dfc39874c653c5672d88ea61 [2ms]
2023-12-08 21:06:57.848 [info] > git show --textconv :airflow/dags/etl.py [3ms]
2023-12-08 21:07:00.373 [info] > git config --get commit.template [13ms]
2023-12-08 21:07:00.374 [info] > git for-each-ref --format=%(refname)%00%(upstream:short)%00%(objectname)%00%(upstream:track)%00%(upstream:remotename)%00%(upstream:remoteref) refs/heads/Main refs/remotes/Main [2ms]
2023-12-08 21:07:00.410 [info] > git status -z -uall [27ms]
2023-12-08 21:07:05.513 [info] > git config --get commit.template [32ms]
2023-12-08 21:07:05.514 [info] > git for-each-ref --format=%(refname)%00%(upstream:short)%00%(objectname)%00%(upstream:track)%00%(upstream:remotename)%00%(upstream:remoteref) refs/heads/Main refs/remotes/Main [12ms]
2023-12-08 21:07:05.561 [info] > git status -z -uall [28ms]
2023-12-08 21:07:10.632 [info] > git config --get commit.template [9ms]
2023-12-08 21:07:10.633 [info] > git for-each-ref --format=%(refname)%00%(upstream:short)%00%(objectname)%00%(upstream:track)%00%(upstream:remotename)%00%(upstream:remoteref) refs/heads/Main refs/remotes/Main [1ms]
2023-12-08 21:07:10.661 [info] > git status -z -uall [21ms]
2023-12-08 21:07:15.722 [info] > git config --get commit.template [12ms]
2023-12-08 21:07:15.722 [info] > git for-each-ref --format=%(refname)%00%(upstream:short)%00%(objectname)%00%(upstream:track)%00%(upstream:remotename)%00%(upstream:remoteref) refs/heads/Main refs/remotes/Main [2ms]
2023-12-08 21:07:15.756 [info] > git status -z -uall [23ms]
2023-12-08 21:07:20.831 [info] > git config --get commit.template [2ms]
2023-12-08 21:07:20.841 [info] > git for-each-ref --format=%(refname)%00%(upstream:short)%00%(objectname)%00%(upstream:track)%00%(upstream:remotename)%00%(upstream:remoteref) refs/heads/Main refs/remotes/Main [1ms]
2023-12-08 21:07:20.878 [info] > git status -z -uall [27ms]
2023-12-08 21:07:25.953 [info] > git config --get commit.template [10ms]
2023-12-08 21:07:25.953 [info] > git for-each-ref --format=%(refname)%00%(upstream:short)%00%(objectname)%00%(upstream:track)%00%(upstream:remotename)%00%(upstream:remoteref) refs/heads/Main refs/remotes/Main [2ms]
2023-12-08 21:07:25.989 [info] > git status -z -uall [26ms]
2023-12-08 21:07:31.088 [info] > git config --get commit.template [12ms]
2023-12-08 21:07:31.088 [info] > git for-each-ref --format=%(refname)%00%(upstream:short)%00%(objectname)%00%(upstream:track)%00%(upstream:remotename)%00%(upstream:remoteref) refs/heads/Main refs/remotes/Main [2ms]
2023-12-08 21:07:31.129 [info] > git status -z -uall [31ms]
2023-12-08 21:07:36.213 [info] > git config --get commit.template [18ms]
2023-12-08 21:07:36.214 [info] > git for-each-ref --format=%(refname)%00%(upstream:short)%00%(objectname)%00%(upstream:track)%00%(upstream:remotename)%00%(upstream:remoteref) refs/heads/Main refs/remotes/Main [2ms]
2023-12-08 21:07:36.252 [info] > git status -z -uall [28ms]
2023-12-08 21:07:41.333 [info] > git config --get commit.template [15ms]
2023-12-08 21:07:41.334 [info] > git for-each-ref --format=%(refname)%00%(upstream:short)%00%(objectname)%00%(upstream:track)%00%(upstream:remotename)%00%(upstream:remoteref) refs/heads/Main refs/remotes/Main [3ms]
2023-12-08 21:07:41.375 [info] > git status -z -uall [29ms]
2023-12-08 21:07:49.162 [info] > git ls-files --stage -- /home/ubuntu/airflow/dags/etl.py [2ms]
2023-12-08 21:07:49.172 [info] > git cat-file -s bd05d5ac3e35b566dfc39874c653c5672d88ea61 [1ms]
2023-12-08 21:07:49.409 [info] > git show --textconv :airflow/dags/etl.py [2ms]
2023-12-08 21:07:56.212 [info] > git config --get commit.template [12ms]
2023-12-08 21:07:56.215 [info] > git for-each-ref --format=%(refname)%00%(upstream:short)%00%(objectname)%00%(upstream:track)%00%(upstream:remotename)%00%(upstream:remoteref) refs/heads/Main refs/remotes/Main [5ms]
2023-12-08 21:07:56.256 [info] > git status -z -uall [26ms]
2023-12-08 21:08:01.337 [info] > git config --get commit.template [1ms]
2023-12-08 21:08:01.358 [info] > git for-each-ref --format=%(refname)%00%(upstream:short)%00%(objectname)%00%(upstream:track)%00%(upstream:remotename)%00%(upstream:remoteref) refs/heads/Main refs/remotes/Main [2ms]
2023-12-08 21:08:01.423 [info] > git status -z -uall [46ms]
2023-12-08 21:08:06.527 [info] > git config --get commit.template [11ms]
2023-12-08 21:08:06.528 [info] > git for-each-ref --format=%(refname)%00%(upstream:short)%00%(objectname)%00%(upstream:track)%00%(upstream:remotename)%00%(upstream:remoteref) refs/heads/Main refs/remotes/Main [3ms]
2023-12-08 21:08:06.565 [info] > git status -z -uall [26ms]
2023-12-08 21:08:11.638 [info] > git config --get commit.template [11ms]
2023-12-08 21:08:11.639 [info] > git for-each-ref --format=%(refname)%00%(upstream:short)%00%(objectname)%00%(upstream:track)%00%(upstream:remotename)%00%(upstream:remoteref) refs/heads/Main refs/remotes/Main [2ms]
2023-12-08 21:08:11.692 [info] > git status -z -uall [30ms]
2023-12-08 21:08:18.308 [info] > git config --get commit.template [10ms]
2023-12-08 21:08:18.309 [info] > git for-each-ref --format=%(refname)%00%(upstream:short)%00%(objectname)%00%(upstream:track)%00%(upstream:remotename)%00%(upstream:remoteref) refs/heads/Main refs/remotes/Main [2ms]
2023-12-08 21:08:18.340 [info] > git status -z -uall [22ms]
2023-12-08 21:08:23.445 [info] > git config --get commit.template [13ms]
2023-12-08 21:08:23.446 [info] > git for-each-ref --format=%(refname)%00%(upstream:short)%00%(objectname)%00%(upstream:track)%00%(upstream:remotename)%00%(upstream:remoteref) refs/heads/Main refs/remotes/Main [3ms]
2023-12-08 21:08:23.486 [info] > git status -z -uall [22ms]
2023-12-08 21:08:44.668 [info] > git config --get commit.template [16ms]
2023-12-08 21:08:44.670 [info] > git for-each-ref --format=%(refname)%00%(upstream:short)%00%(objectname)%00%(upstream:track)%00%(upstream:remotename)%00%(upstream:remoteref) refs/heads/Main refs/remotes/Main [4ms]
2023-12-08 21:08:44.707 [info] > git status -z -uall [26ms]
2023-12-08 21:08:49.786 [info] > git config --get commit.template [14ms]
2023-12-08 21:08:49.787 [info] > git for-each-ref --format=%(refname)%00%(upstream:short)%00%(objectname)%00%(upstream:track)%00%(upstream:remotename)%00%(upstream:remoteref) refs/heads/Main refs/remotes/Main [3ms]
2023-12-08 21:08:49.846 [info] > git status -z -uall [37ms]
2023-12-08 21:08:54.926 [info] > git config --get commit.template [11ms]
2023-12-08 21:08:54.927 [info] > git for-each-ref --format=%(refname)%00%(upstream:short)%00%(objectname)%00%(upstream:track)%00%(upstream:remotename)%00%(upstream:remoteref) refs/heads/Main refs/remotes/Main [2ms]
2023-12-08 21:08:54.960 [info] > git status -z -uall [21ms]
2023-12-08 21:09:00.046 [info] > git config --get commit.template [20ms]
2023-12-08 21:09:00.047 [info] > git for-each-ref --format=%(refname)%00%(upstream:short)%00%(objectname)%00%(upstream:track)%00%(upstream:remotename)%00%(upstream:remoteref) refs/heads/Main refs/remotes/Main [3ms]
2023-12-08 21:09:00.085 [info] > git status -z -uall [26ms]
2023-12-08 21:09:05.915 [info] > git config --get commit.template [12ms]
2023-12-08 21:09:05.915 [info] > git for-each-ref --format=%(refname)%00%(upstream:short)%00%(objectname)%00%(upstream:track)%00%(upstream:remotename)%00%(upstream:remoteref) refs/heads/Main refs/remotes/Main [2ms]
2023-12-08 21:09:05.947 [info] > git status -z -uall [21ms]
2023-12-08 21:09:12.917 [info] > git config --get commit.template [18ms]
2023-12-08 21:09:12.918 [info] > git for-each-ref --format=%(refname)%00%(upstream:short)%00%(objectname)%00%(upstream:track)%00%(upstream:remotename)%00%(upstream:remoteref) refs/heads/Main refs/remotes/Main [4ms]
2023-12-08 21:09:12.964 [info] > git status -z -uall [35ms]
2023-12-08 21:09:18.033 [info] > git config --get commit.template [13ms]
2023-12-08 21:09:18.034 [info] > git for-each-ref --format=%(refname)%00%(upstream:short)%00%(objectname)%00%(upstream:track)%00%(upstream:remotename)%00%(upstream:remoteref) refs/heads/Main refs/remotes/Main [2ms]
2023-12-08 21:09:18.068 [info] > git status -z -uall [26ms]
2023-12-08 21:09:23.152 [info] > git config --get commit.template [15ms]
2023-12-08 21:09:23.155 [info] > git for-each-ref --format=%(refname)%00%(upstream:short)%00%(objectname)%00%(upstream:track)%00%(upstream:remotename)%00%(upstream:remoteref) refs/heads/Main refs/remotes/Main [4ms]
2023-12-08 21:09:23.210 [info] > git status -z -uall [38ms]
2023-12-08 21:11:13.164 [info] > git config --get commit.template [4ms]
2023-12-08 21:11:13.176 [info] > git for-each-ref --format=%(refname)%00%(upstream:short)%00%(objectname)%00%(upstream:track)%00%(upstream:remotename)%00%(upstream:remoteref) refs/heads/Main refs/remotes/Main [2ms]
2023-12-08 21:11:13.207 [info] > git status -z -uall [22ms]
2023-12-08 21:11:18.313 [info] > git config --get commit.template [33ms]
2023-12-08 21:11:18.315 [info] > git for-each-ref --format=%(refname)%00%(upstream:short)%00%(objectname)%00%(upstream:track)%00%(upstream:remotename)%00%(upstream:remoteref) refs/heads/Main refs/remotes/Main [3ms]
2023-12-08 21:11:18.349 [info] > git status -z -uall [22ms]
2023-12-08 21:11:23.432 [info] > git config --get commit.template [17ms]
2023-12-08 21:11:23.433 [info] > git for-each-ref --format=%(refname)%00%(upstream:short)%00%(objectname)%00%(upstream:track)%00%(upstream:remotename)%00%(upstream:remoteref) refs/heads/Main refs/remotes/Main [4ms]
2023-12-08 21:11:23.480 [info] > git status -z -uall [35ms]
2023-12-08 21:11:54.136 [info] > git config --get commit.template [10ms]
2023-12-08 21:11:54.137 [info] > git for-each-ref --format=%(refname)%00%(upstream:short)%00%(objectname)%00%(upstream:track)%00%(upstream:remotename)%00%(upstream:remoteref) refs/heads/Main refs/remotes/Main [2ms]
2023-12-08 21:11:54.171 [info] > git status -z -uall [27ms]
2023-12-08 21:11:59.252 [info] > git config --get commit.template [13ms]
2023-12-08 21:11:59.252 [info] > git for-each-ref --format=%(refname)%00%(upstream:short)%00%(objectname)%00%(upstream:track)%00%(upstream:remotename)%00%(upstream:remoteref) refs/heads/Main refs/remotes/Main [2ms]
2023-12-08 21:11:59.293 [info] > git status -z -uall [30ms]
2023-12-08 21:12:04.368 [info] > git config --get commit.template [11ms]
2023-12-08 21:12:04.369 [info] > git for-each-ref --format=%(refname)%00%(upstream:short)%00%(objectname)%00%(upstream:track)%00%(upstream:remotename)%00%(upstream:remoteref) refs/heads/Main refs/remotes/Main [3ms]
2023-12-08 21:12:04.400 [info] > git status -z -uall [22ms]
2023-12-08 21:12:07.155 [info] > git ls-files --stage -- /home/ubuntu/airflow/dags/etl.py [3ms]
2023-12-08 21:12:07.166 [info] > git cat-file -s bd05d5ac3e35b566dfc39874c653c5672d88ea61 [2ms]
2023-12-08 21:12:07.414 [info] > git show --textconv :airflow/dags/etl.py [3ms]
2023-12-08 21:12:09.460 [info] > git config --get commit.template [10ms]
2023-12-08 21:12:09.461 [info] > git for-each-ref --format=%(refname)%00%(upstream:short)%00%(objectname)%00%(upstream:track)%00%(upstream:remotename)%00%(upstream:remoteref) refs/heads/Main refs/remotes/Main [2ms]
2023-12-08 21:12:09.496 [info] > git status -z -uall [24ms]
2023-12-08 21:12:14.576 [info] > git config --get commit.template [18ms]
2023-12-08 21:12:14.577 [info] > git for-each-ref --format=%(refname)%00%(upstream:short)%00%(objectname)%00%(upstream:track)%00%(upstream:remotename)%00%(upstream:remoteref) refs/heads/Main refs/remotes/Main [2ms]
2023-12-08 21:12:14.617 [info] > git status -z -uall [32ms]
2023-12-08 21:12:24.222 [info] > git config --get commit.template [2ms]
2023-12-08 21:12:24.233 [info] > git for-each-ref --format=%(refname)%00%(upstream:short)%00%(objectname)%00%(upstream:track)%00%(upstream:remotename)%00%(upstream:remoteref) refs/heads/Main refs/remotes/Main [2ms]
2023-12-08 21:12:24.265 [info] > git status -z -uall [23ms]
2023-12-08 21:12:29.331 [info] > git config --get commit.template [11ms]
2023-12-08 21:12:29.332 [info] > git for-each-ref --format=%(refname)%00%(upstream:short)%00%(objectname)%00%(upstream:track)%00%(upstream:remotename)%00%(upstream:remoteref) refs/heads/Main refs/remotes/Main [3ms]
2023-12-08 21:12:29.363 [info] > git status -z -uall [22ms]
2023-12-08 21:12:38.070 [info] > git config --get commit.template [12ms]
2023-12-08 21:12:38.071 [info] > git for-each-ref --format=%(refname)%00%(upstream:short)%00%(objectname)%00%(upstream:track)%00%(upstream:remotename)%00%(upstream:remoteref) refs/heads/Main refs/remotes/Main [2ms]
2023-12-08 21:12:38.101 [info] > git status -z -uall [21ms]
2023-12-08 21:12:43.182 [info] > git config --get commit.template [11ms]
2023-12-08 21:12:43.182 [info] > git for-each-ref --format=%(refname)%00%(upstream:short)%00%(objectname)%00%(upstream:track)%00%(upstream:remotename)%00%(upstream:remoteref) refs/heads/Main refs/remotes/Main [2ms]
2023-12-08 21:12:43.212 [info] > git status -z -uall [21ms]
2023-12-08 21:12:49.537 [info] > git config --get commit.template [19ms]
2023-12-08 21:12:49.539 [info] > git for-each-ref --format=%(refname)%00%(upstream:short)%00%(objectname)%00%(upstream:track)%00%(upstream:remotename)%00%(upstream:remoteref) refs/heads/Main refs/remotes/Main [3ms]
2023-12-08 21:12:49.577 [info] > git status -z -uall [21ms]
2023-12-08 21:12:52.790 [info] > git ls-files --stage -- /home/ubuntu/airflow/dags/etl.py [2ms]
2023-12-08 21:12:52.802 [info] > git cat-file -s bd05d5ac3e35b566dfc39874c653c5672d88ea61 [2ms]
2023-12-08 21:12:53.035 [info] > git show --textconv :airflow/dags/etl.py [9ms]
2023-12-08 21:12:57.504 [info] > git config --get commit.template [19ms]
2023-12-08 21:12:57.505 [info] > git for-each-ref --format=%(refname)%00%(upstream:short)%00%(objectname)%00%(upstream:track)%00%(upstream:remotename)%00%(upstream:remoteref) refs/heads/Main refs/remotes/Main [2ms]
2023-12-08 21:12:57.549 [info] > git status -z -uall [23ms]
2023-12-08 21:13:02.660 [info] > git config --get commit.template [17ms]
2023-12-08 21:13:02.660 [info] > git for-each-ref --format=%(refname)%00%(upstream:short)%00%(objectname)%00%(upstream:track)%00%(upstream:remotename)%00%(upstream:remoteref) refs/heads/Main refs/remotes/Main [2ms]
2023-12-08 21:13:02.710 [info] > git status -z -uall [38ms]
2023-12-08 21:13:17.694 [info] > git config --get commit.template [11ms]
2023-12-08 21:13:17.695 [info] > git for-each-ref --format=%(refname)%00%(upstream:short)%00%(objectname)%00%(upstream:track)%00%(upstream:remotename)%00%(upstream:remoteref) refs/heads/Main refs/remotes/Main [3ms]
2023-12-08 21:13:17.733 [info] > git status -z -uall [28ms]
2023-12-08 21:13:38.187 [info] > git config --get commit.template [8ms]
2023-12-08 21:13:38.210 [info] > git for-each-ref --format=%(refname)%00%(upstream:short)%00%(objectname)%00%(upstream:track)%00%(upstream:remotename)%00%(upstream:remoteref) refs/heads/Main refs/remotes/Main [7ms]
2023-12-08 21:13:38.270 [info] > git status -z -uall [39ms]
2023-12-08 21:13:43.381 [info] > git config --get commit.template [10ms]
2023-12-08 21:13:43.381 [info] > git for-each-ref --format=%(refname)%00%(upstream:short)%00%(objectname)%00%(upstream:track)%00%(upstream:remotename)%00%(upstream:remoteref) refs/heads/Main refs/remotes/Main [2ms]
2023-12-08 21:13:43.413 [info] > git status -z -uall [22ms]
2023-12-08 21:13:48.490 [info] > git config --get commit.template [11ms]
2023-12-08 21:13:48.491 [info] > git for-each-ref --format=%(refname)%00%(upstream:short)%00%(objectname)%00%(upstream:track)%00%(upstream:remotename)%00%(upstream:remoteref) refs/heads/Main refs/remotes/Main [2ms]
2023-12-08 21:13:48.522 [info] > git status -z -uall [22ms]
2023-12-08 21:15:12.903 [info] > git config --get commit.template [12ms]
2023-12-08 21:15:12.904 [info] > git for-each-ref --format=%(refname)%00%(upstream:short)%00%(objectname)%00%(upstream:track)%00%(upstream:remotename)%00%(upstream:remoteref) refs/heads/Main refs/remotes/Main [3ms]
2023-12-08 21:15:12.961 [info] > git status -z -uall [50ms]
2023-12-08 21:15:12.961 [info] > git for-each-ref --sort -committerdate --format %(refname) %(objectname) %(*objectname) [6ms]
2023-12-08 21:15:18.091 [info] > git config --get commit.template [20ms]
2023-12-08 21:15:18.093 [info] > git for-each-ref --format=%(refname)%00%(upstream:short)%00%(objectname)%00%(upstream:track)%00%(upstream:remotename)%00%(upstream:remoteref) refs/heads/Main refs/remotes/Main [8ms]
2023-12-08 21:15:18.145 [info] > git status -z -uall [34ms]
2023-12-08 21:15:29.013 [info] > git config --get commit.template [14ms]
2023-12-08 21:15:29.014 [info] > git for-each-ref --format=%(refname)%00%(upstream:short)%00%(objectname)%00%(upstream:track)%00%(upstream:remotename)%00%(upstream:remoteref) refs/heads/Main refs/remotes/Main [3ms]
2023-12-08 21:15:29.053 [info] > git status -z -uall [28ms]
2023-12-08 21:15:58.829 [info] > git config --get commit.template [11ms]
2023-12-08 21:15:58.830 [info] > git for-each-ref --format=%(refname)%00%(upstream:short)%00%(objectname)%00%(upstream:track)%00%(upstream:remotename)%00%(upstream:remoteref) refs/heads/Main refs/remotes/Main [2ms]
2023-12-08 21:15:58.862 [info] > git status -z -uall [24ms]
2023-12-08 21:16:03.947 [info] > git config --get commit.template [11ms]
2023-12-08 21:16:03.947 [info] > git for-each-ref --format=%(refname)%00%(upstream:short)%00%(objectname)%00%(upstream:track)%00%(upstream:remotename)%00%(upstream:remoteref) refs/heads/Main refs/remotes/Main [2ms]
2023-12-08 21:16:03.978 [info] > git status -z -uall [23ms]
2023-12-08 21:16:09.817 [info] > git config --get commit.template [10ms]
2023-12-08 21:16:09.818 [info] > git for-each-ref --format=%(refname)%00%(upstream:short)%00%(objectname)%00%(upstream:track)%00%(upstream:remotename)%00%(upstream:remoteref) refs/heads/Main refs/remotes/Main [2ms]
2023-12-08 21:16:09.852 [info] > git status -z -uall [27ms]
2023-12-08 21:16:14.928 [info] > git config --get commit.template [10ms]
2023-12-08 21:16:14.929 [info] > git for-each-ref --format=%(refname)%00%(upstream:short)%00%(objectname)%00%(upstream:track)%00%(upstream:remotename)%00%(upstream:remoteref) refs/heads/Main refs/remotes/Main [2ms]
2023-12-08 21:16:14.960 [info] > git status -z -uall [23ms]
2023-12-08 21:16:21.039 [info] > git config --get commit.template [9ms]
2023-12-08 21:16:21.039 [info] > git for-each-ref --format=%(refname)%00%(upstream:short)%00%(objectname)%00%(upstream:track)%00%(upstream:remotename)%00%(upstream:remoteref) refs/heads/Main refs/remotes/Main [2ms]
2023-12-08 21:16:21.069 [info] > git status -z -uall [21ms]
2023-12-08 21:16:31.057 [info] > git config --get commit.template [12ms]
2023-12-08 21:16:31.058 [info] > git for-each-ref --format=%(refname)%00%(upstream:short)%00%(objectname)%00%(upstream:track)%00%(upstream:remotename)%00%(upstream:remoteref) refs/heads/Main refs/remotes/Main [2ms]
2023-12-08 21:16:31.088 [info] > git status -z -uall [21ms]
2023-12-08 21:16:36.156 [info] > git config --get commit.template [12ms]
2023-12-08 21:16:36.156 [info] > git for-each-ref --format=%(refname)%00%(upstream:short)%00%(objectname)%00%(upstream:track)%00%(upstream:remotename)%00%(upstream:remoteref) refs/heads/Main refs/remotes/Main [2ms]
2023-12-08 21:16:36.189 [info] > git status -z -uall [23ms]
2023-12-08 21:16:50.306 [info] > git config --get commit.template [21ms]
2023-12-08 21:16:50.309 [info] > git for-each-ref --format=%(refname)%00%(upstream:short)%00%(objectname)%00%(upstream:track)%00%(upstream:remotename)%00%(upstream:remoteref) refs/heads/Main refs/remotes/Main [4ms]
2023-12-08 21:16:50.362 [info] > git status -z -uall [34ms]
2023-12-08 21:16:55.463 [info] > git config --get commit.template [9ms]
2023-12-08 21:16:55.463 [info] > git for-each-ref --format=%(refname)%00%(upstream:short)%00%(objectname)%00%(upstream:track)%00%(upstream:remotename)%00%(upstream:remoteref) refs/heads/Main refs/remotes/Main [2ms]
2023-12-08 21:16:55.491 [info] > git status -z -uall [21ms]
2023-12-08 21:17:09.844 [info] > git config --get commit.template [14ms]
2023-12-08 21:17:09.845 [info] > git for-each-ref --format=%(refname)%00%(upstream:short)%00%(objectname)%00%(upstream:track)%00%(upstream:remotename)%00%(upstream:remoteref) refs/heads/Main refs/remotes/Main [3ms]
2023-12-08 21:17:09.878 [info] > git status -z -uall [23ms]
2023-12-08 21:17:14.959 [info] > git config --get commit.template [20ms]
2023-12-08 21:17:14.961 [info] > git for-each-ref --format=%(refname)%00%(upstream:short)%00%(objectname)%00%(upstream:track)%00%(upstream:remotename)%00%(upstream:remoteref) refs/heads/Main refs/remotes/Main [3ms]
2023-12-08 21:17:15.018 [info] > git status -z -uall [47ms]
2023-12-08 21:17:20.127 [info] > git config --get commit.template [25ms]
2023-12-08 21:17:20.132 [info] > git for-each-ref --format=%(refname)%00%(upstream:short)%00%(objectname)%00%(upstream:track)%00%(upstream:remotename)%00%(upstream:remoteref) refs/heads/Main refs/remotes/Main [7ms]
2023-12-08 21:17:20.190 [info] > git status -z -uall [44ms]
2023-12-08 21:17:25.274 [info] > git ls-files --stage -- /home/ubuntu/airflow/dags/etl.py [14ms]
2023-12-08 21:17:25.286 [info] > git config --get commit.template [13ms]
2023-12-08 21:17:25.296 [info] > git cat-file -s bd05d5ac3e35b566dfc39874c653c5672d88ea61 [12ms]
2023-12-08 21:17:25.298 [info] > git for-each-ref --format=%(refname)%00%(upstream:short)%00%(objectname)%00%(upstream:track)%00%(upstream:remotename)%00%(upstream:remoteref) refs/heads/Main refs/remotes/Main [3ms]
2023-12-08 21:17:25.336 [info] > git status -z -uall [30ms]
2023-12-08 21:17:25.814 [info] > git show --textconv :airflow/dags/etl.py [23ms]
2023-12-08 21:17:31.187 [info] > git config --get commit.template [22ms]
2023-12-08 21:17:31.191 [info] > git for-each-ref --format=%(refname)%00%(upstream:short)%00%(objectname)%00%(upstream:track)%00%(upstream:remotename)%00%(upstream:remoteref) refs/heads/Main refs/remotes/Main [9ms]
2023-12-08 21:17:31.252 [info] > git status -z -uall [45ms]
2023-12-08 21:17:36.384 [info] > git config --get commit.template [37ms]
2023-12-08 21:17:36.388 [info] > git for-each-ref --format=%(refname)%00%(upstream:short)%00%(objectname)%00%(upstream:track)%00%(upstream:remotename)%00%(upstream:remoteref) refs/heads/Main refs/remotes/Main [6ms]
2023-12-08 21:17:36.445 [info] > git status -z -uall [41ms]
2023-12-08 21:17:38.193 [info] > git ls-files --stage -- /home/ubuntu/airflow/dags/etl.py [6ms]
2023-12-08 21:17:38.205 [info] > git cat-file -s bd05d5ac3e35b566dfc39874c653c5672d88ea61 [2ms]
2023-12-08 21:17:38.452 [info] > git show --textconv :airflow/dags/etl.py [3ms]
2023-12-08 21:17:41.491 [info] > git config --get commit.template [11ms]
2023-12-08 21:17:41.491 [info] > git for-each-ref --format=%(refname)%00%(upstream:short)%00%(objectname)%00%(upstream:track)%00%(upstream:remotename)%00%(upstream:remoteref) refs/heads/Main refs/remotes/Main [2ms]
2023-12-08 21:17:41.529 [info] > git status -z -uall [25ms]
2023-12-08 21:17:46.569 [info] > git config --get commit.template [19ms]
2023-12-08 21:17:46.572 [info] > git for-each-ref --format=%(refname)%00%(upstream:short)%00%(objectname)%00%(upstream:track)%00%(upstream:remotename)%00%(upstream:remoteref) refs/heads/Main refs/remotes/Main [5ms]
2023-12-08 21:17:46.613 [info] > git status -z -uall [25ms]
2023-12-08 21:17:51.638 [info] > git config --get commit.template [12ms]
2023-12-08 21:17:51.640 [info] > git for-each-ref --format=%(refname)%00%(upstream:short)%00%(objectname)%00%(upstream:track)%00%(upstream:remotename)%00%(upstream:remoteref) refs/heads/Main refs/remotes/Main [3ms]
2023-12-08 21:17:51.683 [info] > git status -z -uall [34ms]
2023-12-08 21:17:56.709 [info] > git config --get commit.template [13ms]
2023-12-08 21:17:56.709 [info] > git for-each-ref --format=%(refname)%00%(upstream:short)%00%(objectname)%00%(upstream:track)%00%(upstream:remotename)%00%(upstream:remoteref) refs/heads/Main refs/remotes/Main [2ms]
2023-12-08 21:17:56.741 [info] > git status -z -uall [22ms]
2023-12-08 21:18:03.512 [info] > git config --get commit.template [11ms]
2023-12-08 21:18:03.513 [info] > git for-each-ref --format=%(refname)%00%(upstream:short)%00%(objectname)%00%(upstream:track)%00%(upstream:remotename)%00%(upstream:remoteref) refs/heads/Main refs/remotes/Main [3ms]
2023-12-08 21:18:03.549 [info] > git status -z -uall [27ms]
2023-12-08 21:18:08.586 [info] > git config --get commit.template [16ms]
2023-12-08 21:18:08.589 [info] > git for-each-ref --format=%(refname)%00%(upstream:short)%00%(objectname)%00%(upstream:track)%00%(upstream:remotename)%00%(upstream:remoteref) refs/heads/Main refs/remotes/Main [4ms]
2023-12-08 21:18:08.635 [info] > git status -z -uall [34ms]
2023-12-08 21:18:13.662 [info] > git config --get commit.template [11ms]
2023-12-08 21:18:13.663 [info] > git for-each-ref --format=%(refname)%00%(upstream:short)%00%(objectname)%00%(upstream:track)%00%(upstream:remotename)%00%(upstream:remoteref) refs/heads/Main refs/remotes/Main [2ms]
2023-12-08 21:18:13.693 [info] > git status -z -uall [22ms]
2023-12-08 21:18:48.124 [info] > git config --get commit.template [8ms]
2023-12-08 21:18:48.125 [info] > git for-each-ref --format=%(refname)%00%(upstream:short)%00%(objectname)%00%(upstream:track)%00%(upstream:remotename)%00%(upstream:remoteref) refs/heads/Main refs/remotes/Main [2ms]
2023-12-08 21:18:48.161 [info] > git status -z -uall [30ms]
2023-12-08 21:18:53.187 [info] > git for-each-ref --format=%(refname)%00%(upstream:short)%00%(objectname)%00%(upstream:track)%00%(upstream:remotename)%00%(upstream:remoteref) refs/heads/Main refs/remotes/Main [2ms]
2023-12-08 21:18:53.187 [info] > git config --get commit.template [14ms]
2023-12-08 21:18:53.223 [info] > git status -z -uall [25ms]
2023-12-08 21:19:02.250 [info] > git config --get commit.template [23ms]
2023-12-08 21:19:02.251 [info] > git for-each-ref --format=%(refname)%00%(upstream:short)%00%(objectname)%00%(upstream:track)%00%(upstream:remotename)%00%(upstream:remoteref) refs/heads/Main refs/remotes/Main [3ms]
2023-12-08 21:19:02.311 [info] > git status -z -uall [35ms]
2023-12-08 21:19:08.237 [info] > git config --get commit.template [16ms]
2023-12-08 21:19:08.247 [info] > git for-each-ref --format=%(refname)%00%(upstream:short)%00%(objectname)%00%(upstream:track)%00%(upstream:remotename)%00%(upstream:remoteref) refs/heads/Main refs/remotes/Main [11ms]
2023-12-08 21:19:08.289 [info] > git status -z -uall [32ms]
2023-12-08 21:19:13.316 [info] > git config --get commit.template [13ms]
2023-12-08 21:19:13.320 [info] > git for-each-ref --format=%(refname)%00%(upstream:short)%00%(objectname)%00%(upstream:track)%00%(upstream:remotename)%00%(upstream:remoteref) refs/heads/Main refs/remotes/Main [5ms]
2023-12-08 21:19:13.368 [info] > git status -z -uall [36ms]
2023-12-08 21:19:18.401 [info] > git config --get commit.template [12ms]
2023-12-08 21:19:18.404 [info] > git for-each-ref --format=%(refname)%00%(upstream:short)%00%(objectname)%00%(upstream:track)%00%(upstream:remotename)%00%(upstream:remoteref) refs/heads/Main refs/remotes/Main [4ms]
2023-12-08 21:19:18.448 [info] > git status -z -uall [34ms]
2023-12-08 21:20:45.877 [info] > git config --get commit.template [12ms]
2023-12-08 21:20:45.879 [info] > git for-each-ref --format=%(refname)%00%(upstream:short)%00%(objectname)%00%(upstream:track)%00%(upstream:remotename)%00%(upstream:remoteref) refs/heads/Main refs/remotes/Main [3ms]
2023-12-08 21:20:45.927 [info] > git status -z -uall [35ms]
2023-12-08 21:20:46.130 [info] > git ls-files --stage -- /home/ubuntu/airflow/dags/etl.py [9ms]
2023-12-08 21:20:46.140 [info] > git cat-file -s bd05d5ac3e35b566dfc39874c653c5672d88ea61 [1ms]
2023-12-08 21:20:46.365 [info] > git show --textconv :airflow/dags/etl.py [5ms]
2023-12-08 21:21:47.336 [info] > git config --get commit.template [9ms]
2023-12-08 21:21:47.337 [info] > git for-each-ref --format=%(refname)%00%(upstream:short)%00%(objectname)%00%(upstream:track)%00%(upstream:remotename)%00%(upstream:remoteref) refs/heads/Main refs/remotes/Main [2ms]
2023-12-08 21:21:47.365 [info] > git status -z -uall [21ms]
2023-12-08 21:21:52.389 [info] > git config --get commit.template [11ms]
2023-12-08 21:21:52.390 [info] > git for-each-ref --format=%(refname)%00%(upstream:short)%00%(objectname)%00%(upstream:track)%00%(upstream:remotename)%00%(upstream:remoteref) refs/heads/Main refs/remotes/Main [1ms]
2023-12-08 21:21:52.418 [info] > git status -z -uall [22ms]
2023-12-08 21:21:57.439 [info] > git config --get commit.template [9ms]
2023-12-08 21:21:57.439 [info] > git for-each-ref --format=%(refname)%00%(upstream:short)%00%(objectname)%00%(upstream:track)%00%(upstream:remotename)%00%(upstream:remoteref) refs/heads/Main refs/remotes/Main [2ms]
2023-12-08 21:21:57.475 [info] > git status -z -uall [24ms]
2023-12-08 21:22:02.495 [info] > git config --get commit.template [9ms]
2023-12-08 21:22:02.496 [info] > git for-each-ref --format=%(refname)%00%(upstream:short)%00%(objectname)%00%(upstream:track)%00%(upstream:remotename)%00%(upstream:remoteref) refs/heads/Main refs/remotes/Main [2ms]
2023-12-08 21:22:02.525 [info] > git status -z -uall [20ms]
2023-12-08 21:22:07.548 [info] > git config --get commit.template [11ms]
2023-12-08 21:22:07.549 [info] > git for-each-ref --format=%(refname)%00%(upstream:short)%00%(objectname)%00%(upstream:track)%00%(upstream:remotename)%00%(upstream:remoteref) refs/heads/Main refs/remotes/Main [1ms]
2023-12-08 21:22:07.584 [info] > git status -z -uall [25ms]
2023-12-08 21:22:13.485 [info] > git config --get commit.template [9ms]
2023-12-08 21:22:13.486 [info] > git for-each-ref --format=%(refname)%00%(upstream:short)%00%(objectname)%00%(upstream:track)%00%(upstream:remotename)%00%(upstream:remoteref) refs/heads/Main refs/remotes/Main [3ms]
2023-12-08 21:22:13.519 [info] > git status -z -uall [23ms]
2023-12-08 21:22:18.539 [info] > git config --get commit.template [10ms]
2023-12-08 21:22:18.541 [info] > git for-each-ref --format=%(refname)%00%(upstream:short)%00%(objectname)%00%(upstream:track)%00%(upstream:remotename)%00%(upstream:remoteref) refs/heads/Main refs/remotes/Main [3ms]
2023-12-08 21:22:18.575 [info] > git status -z -uall [26ms]
2023-12-08 21:22:23.598 [info] > git config --get commit.template [12ms]
2023-12-08 21:22:23.600 [info] > git for-each-ref --format=%(refname)%00%(upstream:short)%00%(objectname)%00%(upstream:track)%00%(upstream:remotename)%00%(upstream:remoteref) refs/heads/Main refs/remotes/Main [2ms]
2023-12-08 21:22:23.642 [info] > git status -z -uall [34ms]
2023-12-08 21:22:28.664 [info] > git config --get commit.template [9ms]
2023-12-08 21:22:28.664 [info] > git for-each-ref --format=%(refname)%00%(upstream:short)%00%(objectname)%00%(upstream:track)%00%(upstream:remotename)%00%(upstream:remoteref) refs/heads/Main refs/remotes/Main [2ms]
2023-12-08 21:22:28.694 [info] > git status -z -uall [22ms]
2023-12-08 21:22:33.715 [info] > git config --get commit.template [8ms]
2023-12-08 21:22:33.716 [info] > git for-each-ref --format=%(refname)%00%(upstream:short)%00%(objectname)%00%(upstream:track)%00%(upstream:remotename)%00%(upstream:remoteref) refs/heads/Main refs/remotes/Main [1ms]
2023-12-08 21:22:33.747 [info] > git status -z -uall [24ms]
2023-12-08 21:22:38.772 [info] > git config --get commit.template [10ms]
2023-12-08 21:22:38.773 [info] > git for-each-ref --format=%(refname)%00%(upstream:short)%00%(objectname)%00%(upstream:track)%00%(upstream:remotename)%00%(upstream:remoteref) refs/heads/Main refs/remotes/Main [2ms]
2023-12-08 21:22:38.809 [info] > git status -z -uall [27ms]
2023-12-08 21:22:43.833 [info] > git config --get commit.template [11ms]
2023-12-08 21:22:43.835 [info] > git for-each-ref --format=%(refname)%00%(upstream:short)%00%(objectname)%00%(upstream:track)%00%(upstream:remotename)%00%(upstream:remoteref) refs/heads/Main refs/remotes/Main [3ms]
2023-12-08 21:22:43.870 [info] > git status -z -uall [25ms]
2023-12-08 21:22:48.886 [info] > git config --get commit.template [0ms]
2023-12-08 21:22:48.896 [info] > git for-each-ref --format=%(refname)%00%(upstream:short)%00%(objectname)%00%(upstream:track)%00%(upstream:remotename)%00%(upstream:remoteref) refs/heads/Main refs/remotes/Main [1ms]
2023-12-08 21:22:48.927 [info] > git status -z -uall [24ms]
2023-12-08 21:22:53.956 [info] > git config --get commit.template [13ms]
2023-12-08 21:22:53.957 [info] > git for-each-ref --format=%(refname)%00%(upstream:short)%00%(objectname)%00%(upstream:track)%00%(upstream:remotename)%00%(upstream:remoteref) refs/heads/Main refs/remotes/Main [2ms]
2023-12-08 21:22:54.000 [info] > git status -z -uall [35ms]
2023-12-08 21:23:41.588 [info] > git config --get commit.template [8ms]
2023-12-08 21:23:41.588 [info] > git for-each-ref --format=%(refname)%00%(upstream:short)%00%(objectname)%00%(upstream:track)%00%(upstream:remotename)%00%(upstream:remoteref) refs/heads/Main refs/remotes/Main [1ms]
2023-12-08 21:23:41.618 [info] > git status -z -uall [21ms]
2023-12-08 21:23:43.830 [info] > git check-ignore -v -z --stdin [3ms]
2023-12-08 21:23:45.515 [info] > git show --textconv :.ssh/authorized_keys [17ms]
2023-12-08 21:23:45.517 [info] > git ls-files --stage -- /home/ubuntu/.ssh/authorized_keys [4ms]
2023-12-08 21:23:45.527 [info] > git cat-file -s 38f4bee52ad852b0e8bd9a07a14e120837a1be98 [1ms]
2023-12-08 21:23:46.640 [info] > git config --get commit.template [10ms]
2023-12-08 21:23:46.641 [info] > git for-each-ref --format=%(refname)%00%(upstream:short)%00%(objectname)%00%(upstream:track)%00%(upstream:remotename)%00%(upstream:remoteref) refs/heads/Main refs/remotes/Main [2ms]
2023-12-08 21:23:46.673 [info] > git status -z -uall [23ms]
2023-12-08 21:23:51.697 [info] > git config --get commit.template [11ms]
2023-12-08 21:23:51.697 [info] > git for-each-ref --format=%(refname)%00%(upstream:short)%00%(objectname)%00%(upstream:track)%00%(upstream:remotename)%00%(upstream:remoteref) refs/heads/Main refs/remotes/Main [2ms]
2023-12-08 21:23:51.733 [info] > git status -z -uall [28ms]
2023-12-08 21:23:56.768 [info] > git config --get commit.template [12ms]
2023-12-08 21:23:56.769 [info] > git for-each-ref --format=%(refname)%00%(upstream:short)%00%(objectname)%00%(upstream:track)%00%(upstream:remotename)%00%(upstream:remoteref) refs/heads/Main refs/remotes/Main [3ms]
2023-12-08 21:23:56.802 [info] > git status -z -uall [24ms]
2023-12-08 21:24:01.831 [info] > git config --get commit.template [12ms]
2023-12-08 21:24:01.832 [info] > git for-each-ref --format=%(refname)%00%(upstream:short)%00%(objectname)%00%(upstream:track)%00%(upstream:remotename)%00%(upstream:remoteref) refs/heads/Main refs/remotes/Main [2ms]
2023-12-08 21:24:01.865 [info] > git status -z -uall [24ms]
2023-12-08 21:24:06.884 [info] > git config --get commit.template [9ms]
2023-12-08 21:24:06.885 [info] > git for-each-ref --format=%(refname)%00%(upstream:short)%00%(objectname)%00%(upstream:track)%00%(upstream:remotename)%00%(upstream:remoteref) refs/heads/Main refs/remotes/Main [2ms]
2023-12-08 21:24:06.933 [info] > git status -z -uall [41ms]
2023-12-08 21:24:11.963 [info] > git config --get commit.template [10ms]
2023-12-08 21:24:11.964 [info] > git for-each-ref --format=%(refname)%00%(upstream:short)%00%(objectname)%00%(upstream:track)%00%(upstream:remotename)%00%(upstream:remoteref) refs/heads/Main refs/remotes/Main [2ms]
2023-12-08 21:24:12.001 [info] > git status -z -uall [27ms]
2023-12-08 21:24:12.875 [info] > git ls-files --stage -- /home/ubuntu/.ssh/authorized_keys [2ms]
2023-12-08 21:24:12.884 [info] > git cat-file -s 38f4bee52ad852b0e8bd9a07a14e120837a1be98 [1ms]
2023-12-08 21:24:13.106 [info] > git show --textconv :.ssh/authorized_keys [3ms]
2023-12-08 21:24:17.026 [info] > git config --get commit.template [11ms]
2023-12-08 21:24:17.027 [info] > git for-each-ref --format=%(refname)%00%(upstream:short)%00%(objectname)%00%(upstream:track)%00%(upstream:remotename)%00%(upstream:remoteref) refs/heads/Main refs/remotes/Main [2ms]
2023-12-08 21:24:17.069 [info] > git status -z -uall [32ms]
2023-12-08 21:24:37.710 [info] > git config --get commit.template [16ms]
2023-12-08 21:24:37.711 [info] > git for-each-ref --format=%(refname)%00%(upstream:short)%00%(objectname)%00%(upstream:track)%00%(upstream:remotename)%00%(upstream:remoteref) refs/heads/Main refs/remotes/Main [2ms]
2023-12-08 21:24:37.745 [info] > git status -z -uall [26ms]
2023-12-08 21:24:42.781 [info] > git config --get commit.template [13ms]
2023-12-08 21:24:42.782 [info] > git for-each-ref --format=%(refname)%00%(upstream:short)%00%(objectname)%00%(upstream:track)%00%(upstream:remotename)%00%(upstream:remoteref) refs/heads/Main refs/remotes/Main [2ms]
2023-12-08 21:24:42.819 [info] > git status -z -uall [29ms]
2023-12-08 21:24:49.357 [info] > git config --get commit.template [10ms]
2023-12-08 21:24:49.358 [info] > git for-each-ref --format=%(refname)%00%(upstream:short)%00%(objectname)%00%(upstream:track)%00%(upstream:remotename)%00%(upstream:remoteref) refs/heads/Main refs/remotes/Main [2ms]
2023-12-08 21:24:49.391 [info] > git status -z -uall [25ms]
2023-12-08 21:24:55.355 [info] > git config --get commit.template [15ms]
2023-12-08 21:24:55.356 [info] > git for-each-ref --format=%(refname)%00%(upstream:short)%00%(objectname)%00%(upstream:track)%00%(upstream:remotename)%00%(upstream:remoteref) refs/heads/Main refs/remotes/Main [2ms]
2023-12-08 21:24:55.389 [info] > git status -z -uall [25ms]
2023-12-08 21:25:00.406 [info] > git config --get commit.template [2ms]
2023-12-08 21:25:00.421 [info] > git for-each-ref --format=%(refname)%00%(upstream:short)%00%(objectname)%00%(upstream:track)%00%(upstream:remotename)%00%(upstream:remoteref) refs/heads/Main refs/remotes/Main [3ms]
2023-12-08 21:25:00.456 [info] > git status -z -uall [25ms]
2023-12-08 21:25:05.511 [info] > git config --get commit.template [12ms]
2023-12-08 21:25:05.511 [info] > git for-each-ref --format=%(refname)%00%(upstream:short)%00%(objectname)%00%(upstream:track)%00%(upstream:remotename)%00%(upstream:remoteref) refs/heads/Main refs/remotes/Main [2ms]
2023-12-08 21:25:05.568 [info] > git status -z -uall [43ms]
2023-12-08 21:25:08.886 [info] > git ls-files --stage -- /home/ubuntu/.ssh/authorized_keys [6ms]
2023-12-08 21:25:08.908 [info] > git cat-file -s 38f4bee52ad852b0e8bd9a07a14e120837a1be98 [3ms]
2023-12-08 21:25:09.138 [info] > git show --textconv :.ssh/authorized_keys [8ms]
2023-12-08 21:25:10.594 [info] > git config --get commit.template [9ms]
2023-12-08 21:25:10.595 [info] > git for-each-ref --format=%(refname)%00%(upstream:short)%00%(objectname)%00%(upstream:track)%00%(upstream:remotename)%00%(upstream:remoteref) refs/heads/Main refs/remotes/Main [2ms]
2023-12-08 21:25:10.631 [info] > git status -z -uall [20ms]
2023-12-08 21:25:15.671 [info] > git config --get commit.template [14ms]
2023-12-08 21:25:15.674 [info] > git for-each-ref --format=%(refname)%00%(upstream:short)%00%(objectname)%00%(upstream:track)%00%(upstream:remotename)%00%(upstream:remoteref) refs/heads/Main refs/remotes/Main [5ms]
2023-12-08 21:25:15.709 [info] > git status -z -uall [25ms]
2023-12-08 21:25:20.736 [info] > git config --get commit.template [9ms]
2023-12-08 21:25:20.737 [info] > git for-each-ref --format=%(refname)%00%(upstream:short)%00%(objectname)%00%(upstream:track)%00%(upstream:remotename)%00%(upstream:remoteref) refs/heads/Main refs/remotes/Main [2ms]
2023-12-08 21:25:20.770 [info] > git status -z -uall [25ms]
2023-12-08 21:25:30.380 [info] > git config --get commit.template [13ms]
2023-12-08 21:25:30.382 [info] > git for-each-ref --format=%(refname)%00%(upstream:short)%00%(objectname)%00%(upstream:track)%00%(upstream:remotename)%00%(upstream:remoteref) refs/heads/Main refs/remotes/Main [3ms]
2023-12-08 21:25:30.421 [info] > git status -z -uall [27ms]
2023-12-08 21:25:40.369 [info] > git config --get commit.template [10ms]
2023-12-08 21:25:40.370 [info] > git for-each-ref --format=%(refname)%00%(upstream:short)%00%(objectname)%00%(upstream:track)%00%(upstream:remotename)%00%(upstream:remoteref) refs/heads/Main refs/remotes/Main [2ms]
2023-12-08 21:25:40.400 [info] > git status -z -uall [22ms]
2023-12-08 21:25:45.415 [info] > git config --get commit.template [2ms]
2023-12-08 21:25:45.427 [info] > git for-each-ref --format=%(refname)%00%(upstream:short)%00%(objectname)%00%(upstream:track)%00%(upstream:remotename)%00%(upstream:remoteref) refs/heads/Main refs/remotes/Main [2ms]
2023-12-08 21:25:45.461 [info] > git status -z -uall [25ms]
2023-12-08 21:25:50.482 [info] > git config --get commit.template [8ms]
2023-12-08 21:25:50.482 [info] > git for-each-ref --format=%(refname)%00%(upstream:short)%00%(objectname)%00%(upstream:track)%00%(upstream:remotename)%00%(upstream:remoteref) refs/heads/Main refs/remotes/Main [1ms]
2023-12-08 21:25:50.521 [info] > git status -z -uall [31ms]
2023-12-08 21:25:55.535 [info] > git config --get commit.template [1ms]
2023-12-08 21:25:55.548 [info] > git for-each-ref --format=%(refname)%00%(upstream:short)%00%(objectname)%00%(upstream:track)%00%(upstream:remotename)%00%(upstream:remoteref) refs/heads/Main refs/remotes/Main [4ms]
2023-12-08 21:25:55.579 [info] > git status -z -uall [23ms]
2023-12-08 21:26:00.599 [info] > git config --get commit.template [9ms]
2023-12-08 21:26:00.600 [info] > git for-each-ref --format=%(refname)%00%(upstream:short)%00%(objectname)%00%(upstream:track)%00%(upstream:remotename)%00%(upstream:remoteref) refs/heads/Main refs/remotes/Main [2ms]
2023-12-08 21:26:00.632 [info] > git status -z -uall [24ms]
2023-12-08 21:26:00.738 [info] > git ls-files --stage -- /home/ubuntu/.ssh/authorized_keys [4ms]
2023-12-08 21:26:00.758 [info] > git cat-file -s 38f4bee52ad852b0e8bd9a07a14e120837a1be98 [4ms]
2023-12-08 21:26:00.987 [info] > git show --textconv :.ssh/authorized_keys [7ms]
2023-12-08 21:26:05.648 [info] > git config --get commit.template [2ms]
2023-12-08 21:26:05.660 [info] > git for-each-ref --format=%(refname)%00%(upstream:short)%00%(objectname)%00%(upstream:track)%00%(upstream:remotename)%00%(upstream:remoteref) refs/heads/Main refs/remotes/Main [2ms]
2023-12-08 21:26:05.696 [info] > git status -z -uall [26ms]
2023-12-08 21:27:43.028 [info] > git config --get commit.template [11ms]
2023-12-08 21:27:43.029 [info] > git for-each-ref --format=%(refname)%00%(upstream:short)%00%(objectname)%00%(upstream:track)%00%(upstream:remotename)%00%(upstream:remoteref) refs/heads/Main refs/remotes/Main [2ms]
2023-12-08 21:27:43.063 [info] > git status -z -uall [25ms]
2023-12-08 21:27:48.099 [info] > git config --get commit.template [10ms]
2023-12-08 21:27:48.100 [info] > git for-each-ref --format=%(refname)%00%(upstream:short)%00%(objectname)%00%(upstream:track)%00%(upstream:remotename)%00%(upstream:remoteref) refs/heads/Main refs/remotes/Main [2ms]
2023-12-08 21:27:48.134 [info] > git status -z -uall [25ms]
2023-12-08 21:27:53.158 [info] > git config --get commit.template [10ms]
2023-12-08 21:27:53.159 [info] > git for-each-ref --format=%(refname)%00%(upstream:short)%00%(objectname)%00%(upstream:track)%00%(upstream:remotename)%00%(upstream:remoteref) refs/heads/Main refs/remotes/Main [3ms]
2023-12-08 21:27:53.212 [info] > git status -z -uall [43ms]
2023-12-08 21:27:54.359 [info] > git ls-files --stage -- /home/ubuntu/.ssh/authorized_keys [3ms]
2023-12-08 21:27:54.371 [info] > git cat-file -s 38f4bee52ad852b0e8bd9a07a14e120837a1be98 [2ms]
2023-12-08 21:27:54.620 [info] > git show --textconv :.ssh/authorized_keys [4ms]
2023-12-08 21:27:58.233 [info] > git config --get commit.template [9ms]
2023-12-08 21:27:58.234 [info] > git for-each-ref --format=%(refname)%00%(upstream:short)%00%(objectname)%00%(upstream:track)%00%(upstream:remotename)%00%(upstream:remoteref) refs/heads/Main refs/remotes/Main [2ms]
2023-12-08 21:27:58.261 [info] > git status -z -uall [20ms]
2023-12-08 21:28:03.282 [info] > git config --get commit.template [9ms]
2023-12-08 21:28:03.283 [info] > git for-each-ref --format=%(refname)%00%(upstream:short)%00%(objectname)%00%(upstream:track)%00%(upstream:remotename)%00%(upstream:remoteref) refs/heads/Main refs/remotes/Main [2ms]
2023-12-08 21:28:03.311 [info] > git status -z -uall [21ms]
2023-12-08 21:28:23.432 [info] > git config --get commit.template [10ms]
2023-12-08 21:28:23.432 [info] > git for-each-ref --format=%(refname)%00%(upstream:short)%00%(objectname)%00%(upstream:track)%00%(upstream:remotename)%00%(upstream:remoteref) refs/heads/Main refs/remotes/Main [2ms]
2023-12-08 21:28:23.481 [info] > git status -z -uall [30ms]
2023-12-08 21:28:28.501 [info] > git config --get commit.template [9ms]
2023-12-08 21:28:28.502 [info] > git for-each-ref --format=%(refname)%00%(upstream:short)%00%(objectname)%00%(upstream:track)%00%(upstream:remotename)%00%(upstream:remoteref) refs/heads/Main refs/remotes/Main [2ms]
2023-12-08 21:28:28.533 [info] > git status -z -uall [24ms]
2023-12-08 21:28:29.653 [info] > git ls-files --stage -- /home/ubuntu/.ssh/authorized_keys [2ms]
2023-12-08 21:28:29.666 [info] > git cat-file -s 38f4bee52ad852b0e8bd9a07a14e120837a1be98 [5ms]
2023-12-08 21:28:29.919 [info] > git show --textconv :.ssh/authorized_keys [8ms]
2023-12-08 21:28:33.553 [info] > git config --get commit.template [8ms]
2023-12-08 21:28:33.554 [info] > git for-each-ref --format=%(refname)%00%(upstream:short)%00%(objectname)%00%(upstream:track)%00%(upstream:remotename)%00%(upstream:remoteref) refs/heads/Main refs/remotes/Main [2ms]
2023-12-08 21:28:33.585 [info] > git status -z -uall [23ms]
2023-12-08 21:28:38.247 [info] > git ls-files --stage -- /home/ubuntu/.ssh/authorized_keys [3ms]
2023-12-08 21:28:38.261 [info] > git cat-file -s 38f4bee52ad852b0e8bd9a07a14e120837a1be98 [4ms]
2023-12-08 21:28:38.475 [info] > git show --textconv :.ssh/authorized_keys [6ms]
2023-12-08 21:28:38.612 [info] > git config --get commit.template [9ms]
2023-12-08 21:28:38.614 [info] > git for-each-ref --format=%(refname)%00%(upstream:short)%00%(objectname)%00%(upstream:track)%00%(upstream:remotename)%00%(upstream:remoteref) refs/heads/Main refs/remotes/Main [2ms]
2023-12-08 21:28:38.648 [info] > git status -z -uall [25ms]
2023-12-08 21:28:43.672 [info] > git for-each-ref --format=%(refname)%00%(upstream:short)%00%(objectname)%00%(upstream:track)%00%(upstream:remotename)%00%(upstream:remoteref) refs/heads/Main refs/remotes/Main [3ms]
2023-12-08 21:28:43.672 [info] > git config --get commit.template [13ms]
2023-12-08 21:28:43.706 [info] > git status -z -uall [24ms]
2023-12-08 21:28:45.897 [info] > git ls-files --stage -- /home/ubuntu/.ssh/authorized_keys [5ms]
2023-12-08 21:28:45.907 [info] > git cat-file -s 38f4bee52ad852b0e8bd9a07a14e120837a1be98 [2ms]
2023-12-08 21:28:46.138 [info] > git show --textconv :.ssh/authorized_keys [3ms]
2023-12-08 21:28:48.726 [info] > git config --get commit.template [10ms]
2023-12-08 21:28:48.727 [info] > git for-each-ref --format=%(refname)%00%(upstream:short)%00%(objectname)%00%(upstream:track)%00%(upstream:remotename)%00%(upstream:remoteref) refs/heads/Main refs/remotes/Main [2ms]
2023-12-08 21:28:48.758 [info] > git status -z -uall [23ms]
2023-12-08 21:28:51.238 [info] > git ls-files --stage -- /home/ubuntu/.ssh/authorized_keys [3ms]
2023-12-08 21:28:51.248 [info] > git cat-file -s 38f4bee52ad852b0e8bd9a07a14e120837a1be98 [1ms]
2023-12-08 21:28:51.468 [info] > git show --textconv :.ssh/authorized_keys [3ms]
2023-12-08 21:28:53.793 [info] > git config --get commit.template [19ms]
2023-12-08 21:28:53.795 [info] > git for-each-ref --format=%(refname)%00%(upstream:short)%00%(objectname)%00%(upstream:track)%00%(upstream:remotename)%00%(upstream:remoteref) refs/heads/Main refs/remotes/Main [4ms]
2023-12-08 21:28:53.839 [info] > git status -z -uall [31ms]
2023-12-08 21:29:10.947 [info] > git config --get commit.template [10ms]
2023-12-08 21:29:10.947 [info] > git for-each-ref --format=%(refname)%00%(upstream:short)%00%(objectname)%00%(upstream:track)%00%(upstream:remotename)%00%(upstream:remoteref) refs/heads/Main refs/remotes/Main [2ms]
2023-12-08 21:29:10.985 [info] > git status -z -uall [22ms]
2023-12-08 21:29:16.023 [info] > git config --get commit.template [11ms]
2023-12-08 21:29:16.023 [info] > git for-each-ref --format=%(refname)%00%(upstream:short)%00%(objectname)%00%(upstream:track)%00%(upstream:remotename)%00%(upstream:remoteref) refs/heads/Main refs/remotes/Main [2ms]
2023-12-08 21:29:16.056 [info] > git status -z -uall [25ms]
2023-12-08 21:30:11.860 [info] > git config --get commit.template [13ms]
2023-12-08 21:30:11.861 [info] > git for-each-ref --format=%(refname)%00%(upstream:short)%00%(objectname)%00%(upstream:track)%00%(upstream:remotename)%00%(upstream:remoteref) refs/heads/Main refs/remotes/Main [2ms]
2023-12-08 21:30:11.893 [info] > git status -z -uall [24ms]
2023-12-08 21:30:15.800 [info] > git ls-files --stage -- /home/ubuntu/.ssh/authorized_keys [3ms]
2023-12-08 21:30:15.813 [info] > git cat-file -s 38f4bee52ad852b0e8bd9a07a14e120837a1be98 [2ms]
2023-12-08 21:30:16.036 [info] > git show --textconv :.ssh/authorized_keys [8ms]
2023-12-08 21:30:16.916 [info] > git config --get commit.template [11ms]
2023-12-08 21:30:16.917 [info] > git for-each-ref --format=%(refname)%00%(upstream:short)%00%(objectname)%00%(upstream:track)%00%(upstream:remotename)%00%(upstream:remoteref) refs/heads/Main refs/remotes/Main [2ms]
2023-12-08 21:30:16.947 [info] > git status -z -uall [22ms]
2023-12-08 21:30:19.838 [info] > git ls-files --stage -- /home/ubuntu/.ssh/authorized_keys [3ms]
2023-12-08 21:30:19.848 [info] > git cat-file -s 38f4bee52ad852b0e8bd9a07a14e120837a1be98 [2ms]
2023-12-08 21:30:20.069 [info] > git show --textconv :.ssh/authorized_keys [2ms]
2023-12-08 21:30:21.970 [info] > git config --get commit.template [9ms]
2023-12-08 21:30:21.972 [info] > git for-each-ref --format=%(refname)%00%(upstream:short)%00%(objectname)%00%(upstream:track)%00%(upstream:remotename)%00%(upstream:remoteref) refs/heads/Main refs/remotes/Main [2ms]
2023-12-08 21:30:22.005 [info] > git status -z -uall [25ms]
2023-12-08 21:30:27.034 [info] > git config --get commit.template [12ms]
2023-12-08 21:30:27.037 [info] > git for-each-ref --format=%(refname)%00%(upstream:short)%00%(objectname)%00%(upstream:track)%00%(upstream:remotename)%00%(upstream:remoteref) refs/heads/Main refs/remotes/Main [5ms]
2023-12-08 21:30:27.076 [info] > git status -z -uall [31ms]
2023-12-08 21:30:32.091 [info] > git config --get commit.template [2ms]
2023-12-08 21:30:32.101 [info] > git for-each-ref --format=%(refname)%00%(upstream:short)%00%(objectname)%00%(upstream:track)%00%(upstream:remotename)%00%(upstream:remoteref) refs/heads/Main refs/remotes/Main [1ms]
2023-12-08 21:30:32.135 [info] > git status -z -uall [25ms]
2023-12-08 21:30:37.158 [info] > git config --get commit.template [13ms]
2023-12-08 21:30:37.161 [info] > git for-each-ref --format=%(refname)%00%(upstream:short)%00%(objectname)%00%(upstream:track)%00%(upstream:remotename)%00%(upstream:remoteref) refs/heads/Main refs/remotes/Main [4ms]
2023-12-08 21:30:37.200 [info] > git status -z -uall [29ms]
2023-12-08 21:30:42.228 [info] > git config --get commit.template [15ms]
2023-12-08 21:30:42.229 [info] > git for-each-ref --format=%(refname)%00%(upstream:short)%00%(objectname)%00%(upstream:track)%00%(upstream:remotename)%00%(upstream:remoteref) refs/heads/Main refs/remotes/Main [7ms]
2023-12-08 21:30:42.267 [info] > git status -z -uall [22ms]
2023-12-08 21:30:42.707 [info] > git ls-files --stage -- /home/ubuntu/.ssh/authorized_keys [3ms]
2023-12-08 21:30:42.716 [info] > git cat-file -s 38f4bee52ad852b0e8bd9a07a14e120837a1be98 [1ms]
2023-12-08 21:30:42.939 [info] > git show --textconv :.ssh/authorized_keys [3ms]
2023-12-08 21:30:47.294 [info] > git config --get commit.template [1ms]
2023-12-08 21:30:47.308 [info] > git for-each-ref --format=%(refname)%00%(upstream:short)%00%(objectname)%00%(upstream:track)%00%(upstream:remotename)%00%(upstream:remoteref) refs/heads/Main refs/remotes/Main [3ms]
2023-12-08 21:30:47.343 [info] > git status -z -uall [25ms]
2023-12-08 21:30:52.374 [info] > git config --get commit.template [9ms]
2023-12-08 21:30:52.375 [info] > git for-each-ref --format=%(refname)%00%(upstream:short)%00%(objectname)%00%(upstream:track)%00%(upstream:remotename)%00%(upstream:remoteref) refs/heads/Main refs/remotes/Main [2ms]
2023-12-08 21:30:52.407 [info] > git status -z -uall [23ms]
2023-12-08 21:32:28.380 [info] > git config --get commit.template [11ms]
2023-12-08 21:32:28.381 [info] > git for-each-ref --format=%(refname)%00%(upstream:short)%00%(objectname)%00%(upstream:track)%00%(upstream:remotename)%00%(upstream:remoteref) refs/heads/Main refs/remotes/Main [3ms]
2023-12-08 21:32:28.415 [info] > git status -z -uall [25ms]
2023-12-08 21:32:31.547 [info] > git ls-files --stage -- /home/ubuntu/.ssh/authorized_keys [2ms]
2023-12-08 21:32:31.556 [info] > git cat-file -s 38f4bee52ad852b0e8bd9a07a14e120837a1be98 [2ms]
2023-12-08 21:32:31.820 [info] > git show --textconv :.ssh/authorized_keys [3ms]
2023-12-08 21:32:33.443 [info] > git config --get commit.template [12ms]
2023-12-08 21:32:33.444 [info] > git for-each-ref --format=%(refname)%00%(upstream:short)%00%(objectname)%00%(upstream:track)%00%(upstream:remotename)%00%(upstream:remoteref) refs/heads/Main refs/remotes/Main [3ms]
2023-12-08 21:32:33.491 [info] > git status -z -uall [34ms]
2023-12-08 21:32:41.529 [info] > git config --get commit.template [2ms]
2023-12-08 21:32:41.539 [info] > git for-each-ref --format=%(refname)%00%(upstream:short)%00%(objectname)%00%(upstream:track)%00%(upstream:remotename)%00%(upstream:remoteref) refs/heads/Main refs/remotes/Main [2ms]
2023-12-08 21:32:41.575 [info] > git status -z -uall [20ms]
2023-12-08 21:32:45.059 [info] > git ls-files --stage -- /home/ubuntu/.ssh/authorized_keys [2ms]
2023-12-08 21:32:45.069 [info] > git cat-file -s 38f4bee52ad852b0e8bd9a07a14e120837a1be98 [2ms]
2023-12-08 21:32:45.316 [info] > git show --textconv :.ssh/authorized_keys [6ms]
2023-12-08 21:32:46.597 [info] > git config --get commit.template [9ms]
2023-12-08 21:32:46.599 [info] > git for-each-ref --format=%(refname)%00%(upstream:short)%00%(objectname)%00%(upstream:track)%00%(upstream:remotename)%00%(upstream:remoteref) refs/heads/Main refs/remotes/Main [3ms]
2023-12-08 21:32:46.634 [info] > git status -z -uall [24ms]
2023-12-08 21:32:51.665 [info] > git config --get commit.template [13ms]
2023-12-08 21:32:51.666 [info] > git for-each-ref --format=%(refname)%00%(upstream:short)%00%(objectname)%00%(upstream:track)%00%(upstream:remotename)%00%(upstream:remoteref) refs/heads/Main refs/remotes/Main [2ms]
2023-12-08 21:32:51.706 [info] > git status -z -uall [29ms]
2023-12-08 21:33:02.660 [info] > git ls-files --stage -- /home/ubuntu/.ssh/authorized_keys [2ms]
2023-12-08 21:33:02.670 [info] > git cat-file -s 38f4bee52ad852b0e8bd9a07a14e120837a1be98 [1ms]
2023-12-08 21:33:02.883 [info] > git show --textconv :.ssh/authorized_keys [3ms]
2023-12-08 21:33:16.978 [info] > git config --get commit.template [12ms]
2023-12-08 21:33:16.982 [info] > git for-each-ref --format=%(refname)%00%(upstream:short)%00%(objectname)%00%(upstream:track)%00%(upstream:remotename)%00%(upstream:remoteref) refs/heads/Main refs/remotes/Main [5ms]
2023-12-08 21:33:17.023 [info] > git status -z -uall [30ms]
2023-12-08 21:33:21.230 [info] > git ls-files --stage -- /home/ubuntu/.ssh/authorized_keys [2ms]
2023-12-08 21:33:21.244 [info] > git cat-file -s 38f4bee52ad852b0e8bd9a07a14e120837a1be98 [3ms]
2023-12-08 21:33:21.488 [info] > git show --textconv :.ssh/authorized_keys [3ms]
2023-12-08 21:33:22.053 [info] > git config --get commit.template [14ms]
2023-12-08 21:33:22.056 [info] > git for-each-ref --format=%(refname)%00%(upstream:short)%00%(objectname)%00%(upstream:track)%00%(upstream:remotename)%00%(upstream:remoteref) refs/heads/Main refs/remotes/Main [4ms]
2023-12-08 21:33:22.092 [info] > git status -z -uall [27ms]
2023-12-08 21:33:27.131 [info] > git config --get commit.template [18ms]
2023-12-08 21:33:27.136 [info] > git for-each-ref --format=%(refname)%00%(upstream:short)%00%(objectname)%00%(upstream:track)%00%(upstream:remotename)%00%(upstream:remoteref) refs/heads/Main refs/remotes/Main [6ms]
2023-12-08 21:33:27.210 [info] > git status -z -uall [39ms]
2023-12-08 21:33:58.198 [info] > git for-each-ref --format=%(refname)%00%(upstream:short)%00%(objectname)%00%(upstream:track)%00%(upstream:remotename)%00%(upstream:remoteref) refs/heads/Main refs/remotes/Main [2ms]
2023-12-08 21:33:58.198 [info] > git config --get commit.template [19ms]
2023-12-08 21:33:58.232 [info] > git status -z -uall [25ms]
2023-12-08 21:34:03.253 [info] > git config --get commit.template [1ms]
2023-12-08 21:34:03.275 [info] > git for-each-ref --format=%(refname)%00%(upstream:short)%00%(objectname)%00%(upstream:track)%00%(upstream:remotename)%00%(upstream:remoteref) refs/heads/Main refs/remotes/Main [5ms]
2023-12-08 21:34:03.336 [info] > git status -z -uall [37ms]
2023-12-08 21:34:12.236 [info] > git config --get commit.template [9ms]
2023-12-08 21:34:12.238 [info] > git for-each-ref --format=%(refname)%00%(upstream:short)%00%(objectname)%00%(upstream:track)%00%(upstream:remotename)%00%(upstream:remoteref) refs/heads/Main refs/remotes/Main [3ms]
2023-12-08 21:34:12.268 [info] > git status -z -uall [23ms]
2023-12-08 21:34:17.290 [info] > git for-each-ref --format=%(refname)%00%(upstream:short)%00%(objectname)%00%(upstream:track)%00%(upstream:remotename)%00%(upstream:remoteref) refs/heads/Main refs/remotes/Main [1ms]
2023-12-08 21:34:17.290 [info] > git config --get commit.template [10ms]
2023-12-08 21:34:17.336 [info] > git status -z -uall [35ms]
2023-12-08 21:34:22.360 [info] > git config --get commit.template [9ms]
2023-12-08 21:34:22.361 [info] > git for-each-ref --format=%(refname)%00%(upstream:short)%00%(objectname)%00%(upstream:track)%00%(upstream:remotename)%00%(upstream:remoteref) refs/heads/Main refs/remotes/Main [2ms]
2023-12-08 21:34:22.400 [info] > git status -z -uall [31ms]
2023-12-08 21:34:27.420 [info] > git config --get commit.template [8ms]
2023-12-08 21:34:27.422 [info] > git for-each-ref --format=%(refname)%00%(upstream:short)%00%(objectname)%00%(upstream:track)%00%(upstream:remotename)%00%(upstream:remoteref) refs/heads/Main refs/remotes/Main [1ms]
2023-12-08 21:34:27.456 [info] > git status -z -uall [27ms]
2023-12-08 21:34:32.573 [info] > git config --get commit.template [15ms]
2023-12-08 21:34:32.575 [info] > git for-each-ref --format=%(refname)%00%(upstream:short)%00%(objectname)%00%(upstream:track)%00%(upstream:remotename)%00%(upstream:remoteref) refs/heads/Main refs/remotes/Main [5ms]
2023-12-08 21:34:32.606 [info] > git status -z -uall [23ms]
2023-12-08 21:34:37.641 [info] > git config --get commit.template [19ms]
2023-12-08 21:34:37.643 [info] > git for-each-ref --format=%(refname)%00%(upstream:short)%00%(objectname)%00%(upstream:track)%00%(upstream:remotename)%00%(upstream:remoteref) refs/heads/Main refs/remotes/Main [10ms]
2023-12-08 21:34:37.711 [info] > git status -z -uall [44ms]
2023-12-08 21:34:52.151 [info] > git config --get commit.template [14ms]
2023-12-08 21:34:52.153 [info] > git for-each-ref --format=%(refname)%00%(upstream:short)%00%(objectname)%00%(upstream:track)%00%(upstream:remotename)%00%(upstream:remoteref) refs/heads/Main refs/remotes/Main [9ms]
2023-12-08 21:34:52.186 [info] > git status -z -uall [22ms]
2023-12-08 21:34:57.209 [info] > git config --get commit.template [11ms]
2023-12-08 21:34:57.210 [info] > git for-each-ref --format=%(refname)%00%(upstream:short)%00%(objectname)%00%(upstream:track)%00%(upstream:remotename)%00%(upstream:remoteref) refs/heads/Main refs/remotes/Main [3ms]
2023-12-08 21:34:57.243 [info] > git status -z -uall [23ms]
2023-12-08 21:34:58.760 [info] > git ls-files --stage -- /home/ubuntu/.ssh/authorized_keys [1ms]
2023-12-08 21:34:58.771 [info] > git cat-file -s 38f4bee52ad852b0e8bd9a07a14e120837a1be98 [1ms]
2023-12-08 21:34:58.998 [info] > git show --textconv :.ssh/authorized_keys [2ms]
2023-12-08 21:35:02.266 [info] > git config --get commit.template [10ms]
2023-12-08 21:35:02.270 [info] > git for-each-ref --format=%(refname)%00%(upstream:short)%00%(objectname)%00%(upstream:track)%00%(upstream:remotename)%00%(upstream:remoteref) refs/heads/Main refs/remotes/Main [5ms]
2023-12-08 21:35:02.335 [info] > git status -z -uall [36ms]
2023-12-08 21:35:04.871 [info] > git ls-files --stage -- /home/ubuntu/.ssh/authorized_keys [3ms]
2023-12-08 21:35:04.883 [info] > git cat-file -s 38f4bee52ad852b0e8bd9a07a14e120837a1be98 [3ms]
2023-12-08 21:35:05.095 [info] > git show --textconv :.ssh/authorized_keys [7ms]
2023-12-08 21:35:07.373 [info] > git config --get commit.template [20ms]
2023-12-08 21:35:07.373 [info] > git for-each-ref --format=%(refname)%00%(upstream:short)%00%(objectname)%00%(upstream:track)%00%(upstream:remotename)%00%(upstream:remoteref) refs/heads/Main refs/remotes/Main [3ms]
2023-12-08 21:35:07.445 [info] > git status -z -uall [39ms]
2023-12-08 21:35:11.048 [info] > git ls-files --stage -- /home/ubuntu/.ssh/authorized_keys [2ms]
2023-12-08 21:35:11.060 [info] > git cat-file -s 38f4bee52ad852b0e8bd9a07a14e120837a1be98 [2ms]
2023-12-08 21:35:11.282 [info] > git show --textconv :.ssh/authorized_keys [7ms]
2023-12-08 21:35:14.524 [info] > git ls-files --stage -- /home/ubuntu/.ssh/authorized_keys [2ms]
2023-12-08 21:35:14.534 [info] > git cat-file -s 38f4bee52ad852b0e8bd9a07a14e120837a1be98 [2ms]
2023-12-08 21:35:14.668 [info] > git config --get commit.template [12ms]
2023-12-08 21:35:14.669 [info] > git for-each-ref --format=%(refname)%00%(upstream:short)%00%(objectname)%00%(upstream:track)%00%(upstream:remotename)%00%(upstream:remoteref) refs/heads/Main refs/remotes/Main [3ms]
2023-12-08 21:35:14.704 [info] > git status -z -uall [25ms]
2023-12-08 21:35:14.749 [info] > git show --textconv :.ssh/authorized_keys [2ms]
2023-12-08 21:35:19.730 [info] > git config --get commit.template [13ms]
2023-12-08 21:35:19.731 [info] > git for-each-ref --format=%(refname)%00%(upstream:short)%00%(objectname)%00%(upstream:track)%00%(upstream:remotename)%00%(upstream:remoteref) refs/heads/Main refs/remotes/Main [2ms]
2023-12-08 21:35:19.767 [info] > git status -z -uall [27ms]
2023-12-08 21:35:24.800 [info] > git config --get commit.template [10ms]
2023-12-08 21:35:24.801 [info] > git for-each-ref --format=%(refname)%00%(upstream:short)%00%(objectname)%00%(upstream:track)%00%(upstream:remotename)%00%(upstream:remoteref) refs/heads/Main refs/remotes/Main [2ms]
2023-12-08 21:35:24.846 [info] > git status -z -uall [35ms]
2023-12-08 21:35:45.912 [info] > git config --get commit.template [11ms]
2023-12-08 21:35:45.913 [info] > git for-each-ref --format=%(refname)%00%(upstream:short)%00%(objectname)%00%(upstream:track)%00%(upstream:remotename)%00%(upstream:remoteref) refs/heads/Main refs/remotes/Main [2ms]
2023-12-08 21:35:45.944 [info] > git status -z -uall [23ms]
2023-12-08 21:35:50.970 [info] > git config --get commit.template [12ms]
2023-12-08 21:35:50.972 [info] > git for-each-ref --format=%(refname)%00%(upstream:short)%00%(objectname)%00%(upstream:track)%00%(upstream:remotename)%00%(upstream:remoteref) refs/heads/Main refs/remotes/Main [3ms]
2023-12-08 21:35:51.007 [info] > git status -z -uall [26ms]
