2023-12-08 20:47:03.016 [info] Extension host with pid 1421 started
2023-12-08 20:47:03.016 [error] Error: EEXIST: file already exists, open '/home/ubuntu/.vscode-server/data/User/workspaceStorage/96b2c373e443b76f3034831270b8c72c/vscode.lock'
2023-12-08 20:47:03.021 [info] Lock '/home/ubuntu/.vscode-server/data/User/workspaceStorage/96b2c373e443b76f3034831270b8c72c/vscode.lock': Could not acquire lock, checking if the file is stale.
2023-12-08 20:47:03.028 [info] Lock '/home/ubuntu/.vscode-server/data/User/workspaceStorage/96b2c373e443b76f3034831270b8c72c/vscode.lock': The pid 1264 appears to be gone.
2023-12-08 20:47:03.028 [info] Lock '/home/ubuntu/.vscode-server/data/User/workspaceStorage/96b2c373e443b76f3034831270b8c72c/vscode.lock': Deleting a stale lock.
2023-12-08 20:47:03.047 [info] Lock '/home/ubuntu/.vscode-server/data/User/workspaceStorage/96b2c373e443b76f3034831270b8c72c/vscode.lock': Lock acquired.
2023-12-08 20:47:03.645 [info] ExtensionService#_doActivateExtension vscode.emmet, startup: false, activationEvent: 'onLanguage'
2023-12-08 20:47:03.647 [info] ExtensionService#_doActivateExtension vscode.tunnel-forwarding, startup: false, activationEvent: 'onTunnel'
2023-12-08 20:47:04.380 [info] ExtensionService#_doActivateExtension vscode.git-base, startup: true, activationEvent: '*', root cause: vscode.git
2023-12-08 20:47:05.258 [info] ExtensionService#_doActivateExtension vscode.git, startup: true, activationEvent: '*'
2023-12-08 20:47:05.258 [info] ExtensionService#_doActivateExtension vscode.github, startup: true, activationEvent: '*'
2023-12-08 20:47:05.871 [info] Eager extensions activated
2023-12-08 20:47:05.871 [info] ExtensionService#_doActivateExtension vscode.debug-auto-launch, startup: false, activationEvent: 'onStartupFinished'
2023-12-08 20:47:05.872 [info] ExtensionService#_doActivateExtension vscode.merge-conflict, startup: false, activationEvent: 'onStartupFinished'
2023-12-08 20:47:06.237 [warning] [Decorations] CAPPING events from decorations provider vscode.git 2563
2023-12-08 20:47:06.817 [warning] [Decorations] CAPPING events from decorations provider vscode.git 2563
2023-12-08 20:47:29.559 [warning] [Decorations] CAPPING events from decorations provider vscode.git 2565
2023-12-08 20:47:34.693 [warning] [Decorations] CAPPING events from decorations provider vscode.git 2565
2023-12-08 20:47:39.794 [warning] [Decorations] CAPPING events from decorations provider vscode.git 2565
2023-12-08 20:48:01.709 [warning] [Decorations] CAPPING events from decorations provider vscode.git 2565
2023-12-08 20:48:06.816 [warning] [Decorations] CAPPING events from decorations provider vscode.git 2565
2023-12-08 20:48:11.976 [warning] [Decorations] CAPPING events from decorations provider vscode.git 2565
2023-12-08 20:48:17.238 [warning] [Decorations] CAPPING events from decorations provider vscode.git 2565
2023-12-08 20:48:22.439 [warning] [Decorations] CAPPING events from decorations provider vscode.git 2566
2023-12-08 20:48:27.573 [warning] [Decorations] CAPPING events from decorations provider vscode.git 2566
2023-12-08 20:50:00.193 [warning] [Decorations] CAPPING events from decorations provider vscode.git 2565
2023-12-08 20:50:05.304 [warning] [Decorations] CAPPING events from decorations provider vscode.git 2564
2023-12-08 20:50:10.437 [warning] [Decorations] CAPPING events from decorations provider vscode.git 2564
2023-12-08 20:50:18.042 [warning] [Decorations] CAPPING events from decorations provider vscode.git 2564
2023-12-08 20:50:23.169 [warning] [Decorations] CAPPING events from decorations provider vscode.git 2564
2023-12-08 20:50:28.278 [warning] [Decorations] CAPPING events from decorations provider vscode.git 2564
2023-12-08 20:50:33.371 [warning] [Decorations] CAPPING events from decorations provider vscode.git 2564
2023-12-08 20:50:39.325 [warning] [Decorations] CAPPING events from decorations provider vscode.git 2564
2023-12-08 20:50:44.455 [warning] [Decorations] CAPPING events from decorations provider vscode.git 2565
2023-12-08 20:51:29.590 [warning] [Decorations] CAPPING events from decorations provider vscode.git 2565
2023-12-08 20:51:34.713 [warning] [Decorations] CAPPING events from decorations provider vscode.git 2566
2023-12-08 20:51:39.803 [warning] [Decorations] CAPPING events from decorations provider vscode.git 2566
2023-12-08 20:51:44.898 [warning] [Decorations] CAPPING events from decorations provider vscode.git 2566
2023-12-08 20:51:50.008 [warning] [Decorations] CAPPING events from decorations provider vscode.git 2566
2023-12-08 20:51:55.107 [warning] [Decorations] CAPPING events from decorations provider vscode.git 2566
2023-12-08 20:52:28.415 [warning] [Decorations] CAPPING events from decorations provider vscode.git 2567
2023-12-08 20:53:41.302 [warning] [Decorations] CAPPING events from decorations provider vscode.git 2567
2023-12-08 20:53:46.409 [warning] [Decorations] CAPPING events from decorations provider vscode.git 2568
2023-12-08 20:54:21.606 [warning] [Decorations] CAPPING events from decorations provider vscode.git 2568
2023-12-08 20:54:26.716 [warning] [Decorations] CAPPING events from decorations provider vscode.git 2568
2023-12-08 20:54:31.832 [warning] [Decorations] CAPPING events from decorations provider vscode.git 2568
2023-12-08 20:55:11.645 [warning] [Decorations] CAPPING events from decorations provider vscode.git 2569
2023-12-08 20:55:16.758 [warning] [Decorations] CAPPING events from decorations provider vscode.git 2569
2023-12-08 20:55:21.855 [warning] [Decorations] CAPPING events from decorations provider vscode.git 2569
2023-12-08 20:55:44.950 [warning] [Decorations] CAPPING events from decorations provider vscode.git 2570
2023-12-08 20:55:50.135 [warning] [Decorations] CAPPING events from decorations provider vscode.git 2570
2023-12-08 20:56:03.301 [warning] [Decorations] CAPPING events from decorations provider vscode.git 2573
2023-12-08 20:56:08.421 [warning] [Decorations] CAPPING events from decorations provider vscode.git 2573
2023-12-08 20:58:36.213 [warning] [Decorations] CAPPING events from decorations provider vscode.git 2574
2023-12-08 20:58:41.338 [warning] [Decorations] CAPPING events from decorations provider vscode.git 2574
2023-12-08 20:58:46.462 [warning] [Decorations] CAPPING events from decorations provider vscode.git 2574
2023-12-08 20:58:51.599 [warning] [Decorations] CAPPING events from decorations provider vscode.git 2574
2023-12-08 20:59:31.636 [warning] [Decorations] CAPPING events from decorations provider vscode.git 2577
2023-12-08 20:59:54.363 [warning] [Decorations] CAPPING events from decorations provider vscode.git 2577
2023-12-08 20:59:59.483 [warning] [Decorations] CAPPING events from decorations provider vscode.git 2577
2023-12-08 21:01:19.318 [warning] [Decorations] CAPPING events from decorations provider vscode.git 2585
2023-12-08 21:01:24.428 [warning] [Decorations] CAPPING events from decorations provider vscode.git 2585
2023-12-08 21:02:08.735 [warning] [Decorations] CAPPING events from decorations provider vscode.git 2585
2023-12-08 21:02:13.841 [warning] [Decorations] CAPPING events from decorations provider vscode.git 2585
2023-12-08 21:02:18.930 [warning] [Decorations] CAPPING events from decorations provider vscode.git 2585
2023-12-08 21:03:09.977 [warning] [Decorations] CAPPING events from decorations provider vscode.git 2590
2023-12-08 21:03:15.134 [warning] [Decorations] CAPPING events from decorations provider vscode.git 2592
2023-12-08 21:03:20.255 [warning] [Decorations] CAPPING events from decorations provider vscode.git 2593
2023-12-08 21:05:13.079 [warning] [Decorations] CAPPING events from decorations provider vscode.git 2600
2023-12-08 21:05:13.720 [info] ExtensionService#_doActivateExtension vscode.extension-editing, startup: false, activationEvent: 'onLanguage:json'
2023-12-08 21:05:13.721 [info] ExtensionService#_doActivateExtension vscode.json-language-features, startup: false, activationEvent: 'onLanguage:json'
2023-12-08 21:05:13.721 [info] ExtensionService#_doActivateExtension vscode.npm, startup: false, activationEvent: 'onLanguage:json'
2023-12-08 21:05:18.194 [warning] [Decorations] CAPPING events from decorations provider vscode.git 2601
2023-12-08 21:05:23.359 [warning] [Decorations] CAPPING events from decorations provider vscode.git 2601
2023-12-08 21:06:45.083 [warning] [Decorations] CAPPING events from decorations provider vscode.git 2601
2023-12-08 21:06:50.196 [warning] [Decorations] CAPPING events from decorations provider vscode.git 2601
2023-12-08 21:06:55.336 [warning] [Decorations] CAPPING events from decorations provider vscode.git 2601
2023-12-08 21:07:00.458 [warning] [Decorations] CAPPING events from decorations provider vscode.git 2601
2023-12-08 21:07:05.606 [warning] [Decorations] CAPPING events from decorations provider vscode.git 2601
2023-12-08 21:07:10.693 [warning] [Decorations] CAPPING events from decorations provider vscode.git 2601
2023-12-08 21:07:15.811 [warning] [Decorations] CAPPING events from decorations provider vscode.git 2601
2023-12-08 21:07:20.925 [warning] [Decorations] CAPPING events from decorations provider vscode.git 2601
2023-12-08 21:07:26.054 [warning] [Decorations] CAPPING events from decorations provider vscode.git 2601
2023-12-08 21:07:31.171 [warning] [Decorations] CAPPING events from decorations provider vscode.git 2601
2023-12-08 21:07:36.299 [warning] [Decorations] CAPPING events from decorations provider vscode.git 2601
2023-12-08 21:07:41.411 [warning] [Decorations] CAPPING events from decorations provider vscode.git 2601
2023-12-08 21:07:56.311 [warning] [Decorations] CAPPING events from decorations provider vscode.git 2601
2023-12-08 21:08:01.495 [warning] [Decorations] CAPPING events from decorations provider vscode.git 2575
2023-12-08 21:08:06.608 [warning] [Decorations] CAPPING events from decorations provider vscode.git 2575
2023-12-08 21:08:11.729 [warning] [Decorations] CAPPING events from decorations provider vscode.git 2575
2023-12-08 21:08:18.409 [warning] [Decorations] CAPPING events from decorations provider vscode.git 2575
2023-12-08 21:08:23.525 [warning] [Decorations] CAPPING events from decorations provider vscode.git 2575
2023-12-08 21:08:44.750 [warning] [Decorations] CAPPING events from decorations provider vscode.git 2575
2023-12-08 21:08:49.890 [warning] [Decorations] CAPPING events from decorations provider vscode.git 2575
2023-12-08 21:08:55.002 [warning] [Decorations] CAPPING events from decorations provider vscode.git 2575
2023-12-08 21:09:00.156 [warning] [Decorations] CAPPING events from decorations provider vscode.git 2575
2023-12-08 21:09:05.989 [warning] [Decorations] CAPPING events from decorations provider vscode.git 2575
2023-12-08 21:09:13.002 [warning] [Decorations] CAPPING events from decorations provider vscode.git 2575
2023-12-08 21:09:18.110 [warning] [Decorations] CAPPING events from decorations provider vscode.git 2575
2023-12-08 21:09:23.266 [warning] [Decorations] CAPPING events from decorations provider vscode.git 2575
2023-12-08 21:11:13.257 [warning] [Decorations] CAPPING events from decorations provider vscode.git 2575
2023-12-08 21:11:18.393 [warning] [Decorations] CAPPING events from decorations provider vscode.git 2575
2023-12-08 21:11:23.547 [warning] [Decorations] CAPPING events from decorations provider vscode.git 2575
2023-12-08 21:11:54.214 [warning] [Decorations] CAPPING events from decorations provider vscode.git 2575
2023-12-08 21:11:59.337 [warning] [Decorations] CAPPING events from decorations provider vscode.git 2575
2023-12-08 21:12:04.434 [warning] [Decorations] CAPPING events from decorations provider vscode.git 2575
2023-12-08 21:12:09.534 [warning] [Decorations] CAPPING events from decorations provider vscode.git 2575
2023-12-08 21:12:14.664 [warning] [Decorations] CAPPING events from decorations provider vscode.git 2575
2023-12-08 21:12:24.303 [warning] [Decorations] CAPPING events from decorations provider vscode.git 2575
2023-12-08 21:12:29.401 [warning] [Decorations] CAPPING events from decorations provider vscode.git 2575
2023-12-08 21:12:38.154 [warning] [Decorations] CAPPING events from decorations provider vscode.git 2575
2023-12-08 21:12:43.246 [warning] [Decorations] CAPPING events from decorations provider vscode.git 2575
2023-12-08 21:12:49.616 [warning] [Decorations] CAPPING events from decorations provider vscode.git 2575
2023-12-08 21:12:57.616 [warning] [Decorations] CAPPING events from decorations provider vscode.git 2575
2023-12-08 21:13:02.763 [warning] [Decorations] CAPPING events from decorations provider vscode.git 2575
2023-12-08 21:13:17.789 [warning] [Decorations] CAPPING events from decorations provider vscode.git 2575
2023-12-08 21:13:38.347 [warning] [Decorations] CAPPING events from decorations provider vscode.git 2575
2023-12-08 21:13:43.454 [warning] [Decorations] CAPPING events from decorations provider vscode.git 2575
2023-12-08 21:13:48.562 [warning] [Decorations] CAPPING events from decorations provider vscode.git 2575
2023-12-08 21:15:13.044 [warning] [Decorations] CAPPING events from decorations provider vscode.git 2575
2023-12-08 21:15:18.190 [warning] [Decorations] CAPPING events from decorations provider vscode.git 2575
2023-12-08 21:15:29.100 [warning] [Decorations] CAPPING events from decorations provider vscode.git 2575
2023-12-08 21:15:58.915 [warning] [Decorations] CAPPING events from decorations provider vscode.git 2575
2023-12-08 21:16:04.014 [warning] [Decorations] CAPPING events from decorations provider vscode.git 2575
2023-12-08 21:16:09.897 [warning] [Decorations] CAPPING events from decorations provider vscode.git 2575
2023-12-08 21:16:15.007 [warning] [Decorations] CAPPING events from decorations provider vscode.git 2575
2023-12-08 21:16:21.107 [warning] [Decorations] CAPPING events from decorations provider vscode.git 2575
2023-12-08 21:16:31.126 [warning] [Decorations] CAPPING events from decorations provider vscode.git 2575
2023-12-08 21:16:36.234 [warning] [Decorations] CAPPING events from decorations provider vscode.git 2575
2023-12-08 21:16:50.423 [warning] [Decorations] CAPPING events from decorations provider vscode.git 2575
2023-12-08 21:16:55.531 [warning] [Decorations] CAPPING events from decorations provider vscode.git 2575
2023-12-08 21:17:09.916 [warning] [Decorations] CAPPING events from decorations provider vscode.git 2575
2023-12-08 21:17:15.077 [warning] [Decorations] CAPPING events from decorations provider vscode.git 2575
2023-12-08 21:17:20.246 [warning] [Decorations] CAPPING events from decorations provider vscode.git 2575
2023-12-08 21:17:25.377 [warning] [Decorations] CAPPING events from decorations provider vscode.git 2575
2023-12-08 21:17:31.308 [warning] [Decorations] CAPPING events from decorations provider vscode.git 2575
2023-12-08 21:17:36.456 [warning] [Decorations] CAPPING events from decorations provider vscode.git 2575
