2023-12-06 10:43:30.143 [info] Extension host with pid 1264 started
2023-12-06 10:43:30.159 [info] Lock '/home/ubuntu/.vscode-server/data/User/workspaceStorage/96b2c373e443b76f3034831270b8c72c/vscode.lock': Lock acquired.
2023-12-06 10:43:31.167 [info] ExtensionService#_doActivateExtension vscode.emmet, startup: false, activationEvent: 'onLanguage'
2023-12-06 10:43:32.172 [info] ExtensionService#_doActivateExtension vscode.git-base, startup: true, activationEvent: '*', root cause: vscode.git
2023-12-06 10:43:34.695 [info] ExtensionService#_doActivateExtension vscode.git, startup: true, activationEvent: '*'
2023-12-06 10:43:34.695 [info] ExtensionService#_doActivateExtension vscode.github, startup: true, activationEvent: '*'
2023-12-06 10:43:35.865 [info] Eager extensions activated
2023-12-06 10:43:35.865 [info] ExtensionService#_doActivateExtension vscode.debug-auto-launch, startup: false, activationEvent: 'onStartupFinished'
2023-12-06 10:43:35.866 [info] ExtensionService#_doActivateExtension vscode.merge-conflict, startup: false, activationEvent: 'onStartupFinished'
2023-12-06 10:43:36.394 [warning] [Decorations] CAPPING events from decorations provider vscode.git 2522
2023-12-06 10:43:37.161 [warning] [Decorations] CAPPING events from decorations provider vscode.git 2522
2023-12-06 10:43:38.705 [error] Error: read ECONNRESET
	at TLSWrap.onStreamRead (node:internal/stream_base_commons:217:20)
2023-12-06 10:43:41.467 [info] ExtensionService#_doActivateExtension vscode.tunnel-forwarding, startup: false, activationEvent: 'onTunnel'
2023-12-06 10:47:34.832 [warning] [Decorations] CAPPING events from decorations provider vscode.git 2524
2023-12-06 10:47:39.984 [warning] [Decorations] CAPPING events from decorations provider vscode.git 2523
2023-12-06 10:47:45.159 [warning] [Decorations] CAPPING events from decorations provider vscode.git 2524
2023-12-06 10:47:50.412 [warning] [Decorations] CAPPING events from decorations provider vscode.git 2524
2023-12-06 10:48:00.469 [warning] [Decorations] CAPPING events from decorations provider vscode.git 2524
2023-12-06 10:59:12.327 [warning] [Decorations] CAPPING events from decorations provider vscode.git 2523
2023-12-06 10:59:17.435 [warning] [Decorations] CAPPING events from decorations provider vscode.git 2523
2023-12-06 10:59:25.310 [warning] [Decorations] CAPPING events from decorations provider vscode.git 2523
2023-12-06 10:59:30.422 [warning] [Decorations] CAPPING events from decorations provider vscode.git 2524
2023-12-06 11:00:53.894 [warning] [Decorations] CAPPING events from decorations provider vscode.git 2524
2023-12-06 11:00:58.999 [warning] [Decorations] CAPPING events from decorations provider vscode.git 2524
2023-12-06 11:01:04.098 [warning] [Decorations] CAPPING events from decorations provider vscode.git 2524
2023-12-06 11:01:09.215 [warning] [Decorations] CAPPING events from decorations provider vscode.git 2524
2023-12-06 11:07:43.141 [warning] [Decorations] CAPPING events from decorations provider vscode.git 2524
2023-12-06 11:09:02.477 [warning] [Decorations] CAPPING events from decorations provider vscode.git 2524
2023-12-06 11:09:10.199 [warning] [Decorations] CAPPING events from decorations provider vscode.git 2524
2023-12-06 11:09:42.282 [warning] [Decorations] CAPPING events from decorations provider vscode.git 2524
2023-12-06 11:09:47.377 [warning] [Decorations] CAPPING events from decorations provider vscode.git 2524
2023-12-06 11:09:52.491 [warning] [Decorations] CAPPING events from decorations provider vscode.git 2524
2023-12-06 11:09:57.610 [warning] [Decorations] CAPPING events from decorations provider vscode.git 2524
2023-12-06 11:10:02.744 [warning] [Decorations] CAPPING events from decorations provider vscode.git 2524
2023-12-06 11:10:17.099 [warning] [Decorations] CAPPING events from decorations provider vscode.git 2524
2023-12-06 11:10:22.202 [warning] [Decorations] CAPPING events from decorations provider vscode.git 2524
2023-12-06 11:10:27.330 [warning] [Decorations] CAPPING events from decorations provider vscode.git 2524
2023-12-06 11:10:32.497 [warning] [Decorations] CAPPING events from decorations provider vscode.git 2524
2023-12-06 11:10:37.628 [warning] [Decorations] CAPPING events from decorations provider vscode.git 2524
2023-12-06 11:10:42.733 [warning] [Decorations] CAPPING events from decorations provider vscode.git 2524
2023-12-06 11:10:47.866 [warning] [Decorations] CAPPING events from decorations provider vscode.git 2524
2023-12-06 11:11:19.693 [warning] [Decorations] CAPPING events from decorations provider vscode.git 2525
2023-12-06 11:11:33.364 [warning] [Decorations] CAPPING events from decorations provider vscode.git 2525
2023-12-06 11:11:38.509 [warning] [Decorations] CAPPING events from decorations provider vscode.git 2525
2023-12-06 11:11:43.628 [warning] [Decorations] CAPPING events from decorations provider vscode.git 2525
2023-12-06 11:11:50.206 [warning] [Decorations] CAPPING events from decorations provider vscode.git 2525
2023-12-06 11:11:57.676 [warning] [Decorations] CAPPING events from decorations provider vscode.git 2525
2023-12-06 11:12:02.807 [warning] [Decorations] CAPPING events from decorations provider vscode.git 2526
2023-12-06 11:12:07.914 [warning] [Decorations] CAPPING events from decorations provider vscode.git 2526
2023-12-06 11:12:13.031 [warning] [Decorations] CAPPING events from decorations provider vscode.git 2526
2023-12-06 11:12:21.819 [warning] [Decorations] CAPPING events from decorations provider vscode.git 2526
2023-12-06 11:12:26.921 [warning] [Decorations] CAPPING events from decorations provider vscode.git 2526
2023-12-06 11:12:32.026 [warning] [Decorations] CAPPING events from decorations provider vscode.git 2526
2023-12-06 11:12:38.006 [warning] [Decorations] CAPPING events from decorations provider vscode.git 2526
2023-12-06 11:12:43.115 [warning] [Decorations] CAPPING events from decorations provider vscode.git 2526
2023-12-06 11:12:48.235 [warning] [Decorations] CAPPING events from decorations provider vscode.git 2526
2023-12-06 11:12:57.424 [warning] [Decorations] CAPPING events from decorations provider vscode.git 2526
2023-12-06 11:13:02.603 [warning] [Decorations] CAPPING events from decorations provider vscode.git 2527
2023-12-06 11:13:12.458 [warning] [Decorations] CAPPING events from decorations provider vscode.git 2527
2023-12-06 11:15:20.343 [warning] [Decorations] CAPPING events from decorations provider vscode.git 2527
2023-12-06 11:15:25.435 [warning] [Decorations] CAPPING events from decorations provider vscode.git 2527
2023-12-06 11:15:33.582 [warning] [Decorations] CAPPING events from decorations provider vscode.git 2527
2023-12-06 11:15:38.713 [warning] [Decorations] CAPPING events from decorations provider vscode.git 2527
2023-12-06 11:15:50.199 [warning] [Decorations] CAPPING events from decorations provider vscode.git 2527
2023-12-06 11:15:59.427 [warning] [Decorations] CAPPING events from decorations provider vscode.git 2527
2023-12-06 11:16:04.574 [warning] [Decorations] CAPPING events from decorations provider vscode.git 2528
2023-12-06 11:16:09.701 [warning] [Decorations] CAPPING events from decorations provider vscode.git 2528
2023-12-06 11:16:14.836 [warning] [Decorations] CAPPING events from decorations provider vscode.git 2528
2023-12-06 11:16:19.937 [warning] [Decorations] CAPPING events from decorations provider vscode.git 2528
2023-12-06 11:16:26.888 [warning] [Decorations] CAPPING events from decorations provider vscode.git 2528
2023-12-06 11:16:32.016 [warning] [Decorations] CAPPING events from decorations provider vscode.git 2528
2023-12-06 11:16:37.131 [warning] [Decorations] CAPPING events from decorations provider vscode.git 2528
2023-12-06 11:16:42.902 [warning] [Decorations] CAPPING events from decorations provider vscode.git 2528
2023-12-06 11:16:48.085 [warning] [Decorations] CAPPING events from decorations provider vscode.git 2529
2023-12-06 11:20:44.491 [warning] [Decorations] CAPPING events from decorations provider vscode.git 2531
2023-12-06 11:20:49.594 [warning] [Decorations] CAPPING events from decorations provider vscode.git 2531
2023-12-06 11:20:54.708 [warning] [Decorations] CAPPING events from decorations provider vscode.git 2531
2023-12-06 11:20:59.835 [warning] [Decorations] CAPPING events from decorations provider vscode.git 2531
2023-12-06 11:21:04.931 [warning] [Decorations] CAPPING events from decorations provider vscode.git 2531
2023-12-06 11:21:10.079 [warning] [Decorations] CAPPING events from decorations provider vscode.git 2531
2023-12-06 11:21:15.202 [warning] [Decorations] CAPPING events from decorations provider vscode.git 2531
2023-12-06 11:21:20.343 [warning] [Decorations] CAPPING events from decorations provider vscode.git 2531
2023-12-06 11:21:25.461 [warning] [Decorations] CAPPING events from decorations provider vscode.git 2531
2023-12-06 11:21:30.610 [warning] [Decorations] CAPPING events from decorations provider vscode.git 2531
2023-12-06 11:21:37.455 [warning] [Decorations] CAPPING events from decorations provider vscode.git 2531
2023-12-06 11:21:42.575 [warning] [Decorations] CAPPING events from decorations provider vscode.git 2531
2023-12-06 11:21:47.683 [warning] [Decorations] CAPPING events from decorations provider vscode.git 2531
2023-12-06 11:21:52.787 [warning] [Decorations] CAPPING events from decorations provider vscode.git 2531
2023-12-06 11:22:01.766 [warning] [Decorations] CAPPING events from decorations provider vscode.git 2531
2023-12-06 11:22:06.884 [warning] [Decorations] CAPPING events from decorations provider vscode.git 2531
2023-12-06 11:22:12.023 [warning] [Decorations] CAPPING events from decorations provider vscode.git 2531
2023-12-06 11:22:17.186 [warning] [Decorations] CAPPING events from decorations provider vscode.git 2531
2023-12-06 11:22:22.984 [warning] [Decorations] CAPPING events from decorations provider vscode.git 2531
2023-12-06 11:41:25.363 [warning] [Decorations] CAPPING events from decorations provider vscode.git 2531
2023-12-06 11:43:51.353 [warning] [Decorations] CAPPING events from decorations provider vscode.git 2531
2023-12-06 11:43:56.452 [warning] [Decorations] CAPPING events from decorations provider vscode.git 2531
2023-12-06 11:44:01.635 [warning] [Decorations] CAPPING events from decorations provider vscode.git 2531
2023-12-06 11:44:06.762 [warning] [Decorations] CAPPING events from decorations provider vscode.git 2531
2023-12-06 11:44:11.877 [warning] [Decorations] CAPPING events from decorations provider vscode.git 2531
2023-12-06 11:44:17.851 [warning] [Decorations] CAPPING events from decorations provider vscode.git 2531
2023-12-06 11:44:22.954 [warning] [Decorations] CAPPING events from decorations provider vscode.git 2531
2023-12-06 11:44:28.078 [warning] [Decorations] CAPPING events from decorations provider vscode.git 2531
2023-12-06 11:44:29.548 [info] ExtensionService#_doActivateExtension vscode.extension-editing, startup: false, activationEvent: 'onLanguage:json'
2023-12-06 11:44:29.549 [info] ExtensionService#_doActivateExtension vscode.json-language-features, startup: false, activationEvent: 'onLanguage:json'
2023-12-06 11:44:29.549 [info] ExtensionService#_doActivateExtension vscode.npm, startup: false, activationEvent: 'onLanguage:json'
2023-12-06 11:44:43.490 [warning] [Decorations] CAPPING events from decorations provider vscode.git 2535
2023-12-06 11:44:48.665 [warning] [Decorations] CAPPING events from decorations provider vscode.git 2535
2023-12-06 11:44:53.782 [warning] [Decorations] CAPPING events from decorations provider vscode.git 2536
2023-12-06 11:44:58.945 [warning] [Decorations] CAPPING events from decorations provider vscode.git 2536
2023-12-06 11:45:04.046 [warning] [Decorations] CAPPING events from decorations provider vscode.git 2535
2023-12-06 11:45:16.986 [warning] [Decorations] CAPPING events from decorations provider vscode.git 2536
2023-12-06 11:45:40.685 [warning] [Decorations] CAPPING events from decorations provider vscode.git 2535
2023-12-06 11:45:50.562 [warning] [Decorations] CAPPING events from decorations provider vscode.git 2535
2023-12-06 11:45:55.656 [warning] [Decorations] CAPPING events from decorations provider vscode.git 2535
2023-12-06 11:46:00.807 [warning] [Decorations] CAPPING events from decorations provider vscode.git 2535
2023-12-06 11:46:05.931 [warning] [Decorations] CAPPING events from decorations provider vscode.git 2535
2023-12-06 11:46:11.042 [warning] [Decorations] CAPPING events from decorations provider vscode.git 2535
2023-12-06 11:46:16.165 [warning] [Decorations] CAPPING events from decorations provider vscode.git 2535
2023-12-06 11:46:21.267 [warning] [Decorations] CAPPING events from decorations provider vscode.git 2535
2023-12-06 11:46:26.376 [warning] [Decorations] CAPPING events from decorations provider vscode.git 2535
2023-12-06 11:46:32.961 [warning] [Decorations] CAPPING events from decorations provider vscode.git 2535
2023-12-06 11:46:38.107 [warning] [Decorations] CAPPING events from decorations provider vscode.git 2535
2023-12-06 11:46:43.216 [warning] [Decorations] CAPPING events from decorations provider vscode.git 2535
2023-12-06 11:46:48.314 [warning] [Decorations] CAPPING events from decorations provider vscode.git 2535
2023-12-06 11:46:55.266 [warning] [Decorations] CAPPING events from decorations provider vscode.git 2535
2023-12-06 11:50:57.708 [warning] [Decorations] CAPPING events from decorations provider vscode.git 2535
2023-12-06 11:51:02.834 [warning] [Decorations] CAPPING events from decorations provider vscode.git 2535
2023-12-06 11:51:09.719 [warning] [Decorations] CAPPING events from decorations provider vscode.git 2535
2023-12-06 11:51:14.867 [warning] [Decorations] CAPPING events from decorations provider vscode.git 2535
2023-12-06 11:51:26.522 [warning] [Decorations] CAPPING events from decorations provider vscode.git 2535
2023-12-06 11:51:31.612 [warning] [Decorations] CAPPING events from decorations provider vscode.git 2535
2023-12-06 11:51:36.733 [warning] [Decorations] CAPPING events from decorations provider vscode.git 2535
2023-12-06 11:51:41.829 [warning] [Decorations] CAPPING events from decorations provider vscode.git 2535
2023-12-06 11:51:46.928 [warning] [Decorations] CAPPING events from decorations provider vscode.git 2535
2023-12-06 11:51:52.050 [warning] [Decorations] CAPPING events from decorations provider vscode.git 2535
2023-12-06 11:51:57.170 [warning] [Decorations] CAPPING events from decorations provider vscode.git 2535
2023-12-06 11:52:02.765 [warning] [Decorations] CAPPING events from decorations provider vscode.git 2535
2023-12-06 11:52:21.829 [warning] [Decorations] CAPPING events from decorations provider vscode.git 2539
2023-12-06 11:52:26.952 [warning] [Decorations] CAPPING events from decorations provider vscode.git 2536
2023-12-06 11:52:32.081 [warning] [Decorations] CAPPING events from decorations provider vscode.git 2536
2023-12-06 11:52:37.191 [warning] [Decorations] CAPPING events from decorations provider vscode.git 2536
2023-12-06 11:52:43.171 [warning] [Decorations] CAPPING events from decorations provider vscode.git 2536
2023-12-06 11:52:48.296 [warning] [Decorations] CAPPING events from decorations provider vscode.git 2537
2023-12-06 11:52:53.439 [warning] [Decorations] CAPPING events from decorations provider vscode.git 2537
2023-12-06 11:53:10.195 [warning] [Decorations] CAPPING events from decorations provider vscode.git 2538
2023-12-06 11:53:15.312 [warning] [Decorations] CAPPING events from decorations provider vscode.git 2538
2023-12-06 11:53:20.442 [warning] [Decorations] CAPPING events from decorations provider vscode.git 2538
2023-12-06 11:54:07.203 [warning] [Decorations] CAPPING events from decorations provider vscode.git 2538
2023-12-06 11:54:12.304 [warning] [Decorations] CAPPING events from decorations provider vscode.git 2538
2023-12-06 11:54:17.410 [warning] [Decorations] CAPPING events from decorations provider vscode.git 2538
2023-12-06 11:54:22.512 [warning] [Decorations] CAPPING events from decorations provider vscode.git 2538
2023-12-06 11:54:30.704 [warning] [Decorations] CAPPING events from decorations provider vscode.git 2538
2023-12-06 11:54:35.853 [warning] [Decorations] CAPPING events from decorations provider vscode.git 2538
2023-12-06 11:54:41.081 [warning] [Decorations] CAPPING events from decorations provider vscode.git 2538
2023-12-06 11:54:46.181 [warning] [Decorations] CAPPING events from decorations provider vscode.git 2538
2023-12-06 11:54:51.291 [warning] [Decorations] CAPPING events from decorations provider vscode.git 2539
2023-12-06 11:54:56.415 [warning] [Decorations] CAPPING events from decorations provider vscode.git 2539
2023-12-06 11:55:01.580 [warning] [Decorations] CAPPING events from decorations provider vscode.git 2539
2023-12-06 11:55:06.741 [warning] [Decorations] CAPPING events from decorations provider vscode.git 2539
2023-12-06 11:55:11.870 [warning] [Decorations] CAPPING events from decorations provider vscode.git 2539
2023-12-06 11:55:18.887 [warning] [Decorations] CAPPING events from decorations provider vscode.git 2539
2023-12-06 11:55:24.017 [warning] [Decorations] CAPPING events from decorations provider vscode.git 2539
2023-12-06 11:55:29.127 [warning] [Decorations] CAPPING events from decorations provider vscode.git 2539
2023-12-06 11:55:34.248 [warning] [Decorations] CAPPING events from decorations provider vscode.git 2539
2023-12-06 11:55:39.345 [warning] [Decorations] CAPPING events from decorations provider vscode.git 2539
2023-12-06 11:55:44.455 [warning] [Decorations] CAPPING events from decorations provider vscode.git 2539
2023-12-06 11:55:49.604 [warning] [Decorations] CAPPING events from decorations provider vscode.git 2539
2023-12-06 11:55:54.727 [warning] [Decorations] CAPPING events from decorations provider vscode.git 2539
2023-12-06 11:56:00.590 [warning] [Decorations] CAPPING events from decorations provider vscode.git 2539
2023-12-06 11:56:05.747 [warning] [Decorations] CAPPING events from decorations provider vscode.git 2539
2023-12-06 11:56:10.866 [warning] [Decorations] CAPPING events from decorations provider vscode.git 2539
2023-12-06 11:56:15.987 [warning] [Decorations] CAPPING events from decorations provider vscode.git 2540
2023-12-06 11:56:21.134 [warning] [Decorations] CAPPING events from decorations provider vscode.git 2540
2023-12-06 11:56:26.253 [warning] [Decorations] CAPPING events from decorations provider vscode.git 2539
2023-12-06 11:56:31.404 [warning] [Decorations] CAPPING events from decorations provider vscode.git 2539
2023-12-06 11:56:36.519 [warning] [Decorations] CAPPING events from decorations provider vscode.git 2539
2023-12-06 11:56:41.608 [warning] [Decorations] CAPPING events from decorations provider vscode.git 2539
2023-12-06 11:57:10.664 [warning] [Decorations] CAPPING events from decorations provider vscode.git 2539
2023-12-06 11:57:15.778 [warning] [Decorations] CAPPING events from decorations provider vscode.git 2539
2023-12-06 11:57:20.931 [warning] [Decorations] CAPPING events from decorations provider vscode.git 2539
2023-12-06 11:57:26.031 [warning] [Decorations] CAPPING events from decorations provider vscode.git 2540
2023-12-06 11:57:31.174 [warning] [Decorations] CAPPING events from decorations provider vscode.git 2540
2023-12-06 11:57:36.278 [warning] [Decorations] CAPPING events from decorations provider vscode.git 2540
2023-12-06 11:58:19.148 [warning] [Decorations] CAPPING events from decorations provider vscode.git 2540
2023-12-06 11:58:24.303 [warning] [Decorations] CAPPING events from decorations provider vscode.git 2540
2023-12-06 11:58:29.427 [warning] [Decorations] CAPPING events from decorations provider vscode.git 2540
2023-12-06 11:58:34.557 [warning] [Decorations] CAPPING events from decorations provider vscode.git 2540
2023-12-06 11:58:39.687 [warning] [Decorations] CAPPING events from decorations provider vscode.git 2540
2023-12-06 11:58:44.802 [warning] [Decorations] CAPPING events from decorations provider vscode.git 2540
2023-12-06 11:58:50.017 [warning] [Decorations] CAPPING events from decorations provider vscode.git 2540
2023-12-06 11:58:55.149 [warning] [Decorations] CAPPING events from decorations provider vscode.git 2540
2023-12-06 11:59:00.313 [warning] [Decorations] CAPPING events from decorations provider vscode.git 2540
2023-12-06 11:59:05.509 [warning] [Decorations] CAPPING events from decorations provider vscode.git 2540
2023-12-06 11:59:12.101 [warning] [Decorations] CAPPING events from decorations provider vscode.git 2540
2023-12-06 11:59:44.488 [warning] [Decorations] CAPPING events from decorations provider vscode.git 2540
2023-12-06 11:59:49.640 [warning] [Decorations] CAPPING events from decorations provider vscode.git 2540
2023-12-06 12:00:01.604 [warning] [Decorations] CAPPING events from decorations provider vscode.git 2541
2023-12-06 12:00:06.776 [warning] [Decorations] CAPPING events from decorations provider vscode.git 2541
2023-12-06 13:09:21.388 [warning] [Decorations] CAPPING events from decorations provider vscode.git 2542
2023-12-06 13:09:26.486 [warning] [Decorations] CAPPING events from decorations provider vscode.git 2542
2023-12-06 13:10:38.560 [warning] [Decorations] CAPPING events from decorations provider vscode.git 2542
2023-12-06 13:10:43.659 [warning] [Decorations] CAPPING events from decorations provider vscode.git 2542
2023-12-06 13:10:48.887 [warning] [Decorations] CAPPING events from decorations provider vscode.git 2542
2023-12-06 13:10:54.074 [warning] [Decorations] CAPPING events from decorations provider vscode.git 2543
2023-12-06 13:10:59.245 [warning] [Decorations] CAPPING events from decorations provider vscode.git 2543
2023-12-06 13:11:04.382 [warning] [Decorations] CAPPING events from decorations provider vscode.git 2543
2023-12-06 13:11:09.504 [warning] [Decorations] CAPPING events from decorations provider vscode.git 2543
2023-12-06 13:11:14.675 [warning] [Decorations] CAPPING events from decorations provider vscode.git 2543
2023-12-06 13:11:19.789 [warning] [Decorations] CAPPING events from decorations provider vscode.git 2544
2023-12-06 13:11:24.958 [warning] [Decorations] CAPPING events from decorations provider vscode.git 2544
2023-12-06 13:11:30.079 [warning] [Decorations] CAPPING events from decorations provider vscode.git 2544
2023-12-06 13:11:35.201 [warning] [Decorations] CAPPING events from decorations provider vscode.git 2544
2023-12-06 13:11:42.426 [warning] [Decorations] CAPPING events from decorations provider vscode.git 2544
2023-12-06 13:11:47.532 [warning] [Decorations] CAPPING events from decorations provider vscode.git 2544
2023-12-06 13:11:52.647 [warning] [Decorations] CAPPING events from decorations provider vscode.git 2544
2023-12-06 13:11:59.499 [warning] [Decorations] CAPPING events from decorations provider vscode.git 2544
2023-12-06 13:12:04.628 [warning] [Decorations] CAPPING events from decorations provider vscode.git 2544
2023-12-06 13:12:09.760 [warning] [Decorations] CAPPING events from decorations provider vscode.git 2544
2023-12-06 13:12:14.900 [warning] [Decorations] CAPPING events from decorations provider vscode.git 2544
2023-12-06 13:25:52.997 [warning] [Decorations] CAPPING events from decorations provider vscode.git 2544
2023-12-06 13:25:58.143 [warning] [Decorations] CAPPING events from decorations provider vscode.git 2544
2023-12-06 13:26:03.384 [warning] [Decorations] CAPPING events from decorations provider vscode.git 2544
2023-12-06 13:26:08.510 [warning] [Decorations] CAPPING events from decorations provider vscode.git 2544
2023-12-06 13:26:13.678 [warning] [Decorations] CAPPING events from decorations provider vscode.git 2544
2023-12-06 13:26:18.801 [warning] [Decorations] CAPPING events from decorations provider vscode.git 2544
2023-12-06 13:26:23.936 [warning] [Decorations] CAPPING events from decorations provider vscode.git 2544
2023-12-06 13:26:32.787 [warning] [Decorations] CAPPING events from decorations provider vscode.git 2544
2023-12-06 13:26:37.915 [warning] [Decorations] CAPPING events from decorations provider vscode.git 2544
2023-12-06 13:26:43.036 [warning] [Decorations] CAPPING events from decorations provider vscode.git 2544
2023-12-06 13:26:48.193 [warning] [Decorations] CAPPING events from decorations provider vscode.git 2544
2023-12-06 13:26:53.306 [warning] [Decorations] CAPPING events from decorations provider vscode.git 2544
2023-12-06 13:26:58.433 [warning] [Decorations] CAPPING events from decorations provider vscode.git 2544
2023-12-06 13:27:03.538 [warning] [Decorations] CAPPING events from decorations provider vscode.git 2544
2023-12-06 13:27:08.673 [warning] [Decorations] CAPPING events from decorations provider vscode.git 2544
2023-12-06 13:27:13.836 [warning] [Decorations] CAPPING events from decorations provider vscode.git 2544
2023-12-06 13:27:18.953 [warning] [Decorations] CAPPING events from decorations provider vscode.git 2544
2023-12-06 13:27:24.109 [warning] [Decorations] CAPPING events from decorations provider vscode.git 2544
2023-12-06 13:27:29.256 [warning] [Decorations] CAPPING events from decorations provider vscode.git 2544
2023-12-06 13:27:34.379 [warning] [Decorations] CAPPING events from decorations provider vscode.git 2544
2023-12-06 13:27:39.532 [warning] [Decorations] CAPPING events from decorations provider vscode.git 2544
2023-12-06 13:27:45.608 [warning] [Decorations] CAPPING events from decorations provider vscode.git 2544
2023-12-06 13:27:58.341 [warning] [Decorations] CAPPING events from decorations provider vscode.git 2544
2023-12-06 13:28:08.277 [warning] [Decorations] CAPPING events from decorations provider vscode.git 2544
2023-12-06 13:29:22.458 [warning] [Decorations] CAPPING events from decorations provider vscode.git 2544
2023-12-06 13:29:27.569 [warning] [Decorations] CAPPING events from decorations provider vscode.git 2544
2023-12-06 13:29:32.676 [warning] [Decorations] CAPPING events from decorations provider vscode.git 2544
2023-12-06 13:29:37.794 [warning] [Decorations] CAPPING events from decorations provider vscode.git 2544
2023-12-06 13:29:42.937 [warning] [Decorations] CAPPING events from decorations provider vscode.git 2544
2023-12-06 13:29:48.072 [warning] [Decorations] CAPPING events from decorations provider vscode.git 2544
2023-12-06 13:29:53.226 [warning] [Decorations] CAPPING events from decorations provider vscode.git 2544
2023-12-06 13:29:58.337 [warning] [Decorations] CAPPING events from decorations provider vscode.git 2544
2023-12-06 13:30:03.462 [warning] [Decorations] CAPPING events from decorations provider vscode.git 2544
2023-12-06 13:30:13.913 [warning] [Decorations] CAPPING events from decorations provider vscode.git 2544
2023-12-06 13:30:19.020 [warning] [Decorations] CAPPING events from decorations provider vscode.git 2544
2023-12-06 13:30:26.373 [warning] [Decorations] CAPPING events from decorations provider vscode.git 2544
2023-12-06 13:30:31.507 [warning] [Decorations] CAPPING events from decorations provider vscode.git 2544
2023-12-06 13:30:36.626 [warning] [Decorations] CAPPING events from decorations provider vscode.git 2544
2023-12-06 13:30:41.779 [warning] [Decorations] CAPPING events from decorations provider vscode.git 2544
2023-12-06 13:30:52.840 [warning] [Decorations] CAPPING events from decorations provider vscode.git 2544
2023-12-06 13:30:57.952 [warning] [Decorations] CAPPING events from decorations provider vscode.git 2544
2023-12-06 13:31:07.773 [warning] [Decorations] CAPPING events from decorations provider vscode.git 2544
2023-12-06 13:31:14.758 [warning] [Decorations] CAPPING events from decorations provider vscode.git 2544
2023-12-06 13:31:20.961 [warning] [Decorations] CAPPING events from decorations provider vscode.git 2544
2023-12-06 13:31:26.077 [warning] [Decorations] CAPPING events from decorations provider vscode.git 2545
2023-12-06 13:31:31.228 [warning] [Decorations] CAPPING events from decorations provider vscode.git 2545
2023-12-06 13:31:36.335 [warning] [Decorations] CAPPING events from decorations provider vscode.git 2545
2023-12-06 13:31:41.429 [warning] [Decorations] CAPPING events from decorations provider vscode.git 2545
2023-12-06 13:31:46.525 [warning] [Decorations] CAPPING events from decorations provider vscode.git 2545
2023-12-06 13:31:51.626 [warning] [Decorations] CAPPING events from decorations provider vscode.git 2545
2023-12-06 13:31:56.729 [warning] [Decorations] CAPPING events from decorations provider vscode.git 2545
2023-12-06 13:32:01.916 [warning] [Decorations] CAPPING events from decorations provider vscode.git 2545
2023-12-06 13:32:07.038 [warning] [Decorations] CAPPING events from decorations provider vscode.git 2545
2023-12-06 13:32:15.009 [warning] [Decorations] CAPPING events from decorations provider vscode.git 2545
2023-12-06 13:32:21.924 [warning] [Decorations] CAPPING events from decorations provider vscode.git 2545
2023-12-06 13:33:19.161 [warning] [Decorations] CAPPING events from decorations provider vscode.git 2545
2023-12-06 13:33:27.377 [warning] [Decorations] CAPPING events from decorations provider vscode.git 2545
2023-12-06 13:33:32.489 [warning] [Decorations] CAPPING events from decorations provider vscode.git 2545
2023-12-06 13:33:37.643 [warning] [Decorations] CAPPING events from decorations provider vscode.git 2545
2023-12-06 13:34:22.282 [warning] [Decorations] CAPPING events from decorations provider vscode.git 2545
2023-12-06 13:34:28.687 [warning] [Decorations] CAPPING events from decorations provider vscode.git 2545
2023-12-06 13:34:34.692 [warning] [Decorations] CAPPING events from decorations provider vscode.git 2545
2023-12-06 13:35:29.921 [warning] [Decorations] CAPPING events from decorations provider vscode.git 2545
2023-12-06 13:35:46.626 [warning] [Decorations] CAPPING events from decorations provider vscode.git 2545
2023-12-06 13:35:51.804 [warning] [Decorations] CAPPING events from decorations provider vscode.git 2545
2023-12-06 13:35:56.921 [warning] [Decorations] CAPPING events from decorations provider vscode.git 2545
2023-12-06 13:36:02.053 [warning] [Decorations] CAPPING events from decorations provider vscode.git 2545
2023-12-06 13:36:12.945 [warning] [Decorations] CAPPING events from decorations provider vscode.git 2545
2023-12-06 13:36:18.072 [warning] [Decorations] CAPPING events from decorations provider vscode.git 2545
2023-12-06 13:36:23.244 [warning] [Decorations] CAPPING events from decorations provider vscode.git 2545
2023-12-06 13:36:28.367 [warning] [Decorations] CAPPING events from decorations provider vscode.git 2545
2023-12-06 13:36:33.541 [warning] [Decorations] CAPPING events from decorations provider vscode.git 2545
2023-12-06 13:36:38.666 [warning] [Decorations] CAPPING events from decorations provider vscode.git 2545
2023-12-06 13:36:43.764 [warning] [Decorations] CAPPING events from decorations provider vscode.git 2545
2023-12-06 13:36:48.920 [warning] [Decorations] CAPPING events from decorations provider vscode.git 2545
2023-12-06 13:37:02.165 [warning] [Decorations] CAPPING events from decorations provider vscode.git 2546
2023-12-06 13:38:54.088 [warning] [Decorations] CAPPING events from decorations provider vscode.git 2546
2023-12-06 13:38:59.191 [warning] [Decorations] CAPPING events from decorations provider vscode.git 2546
2023-12-06 13:39:06.207 [warning] [Decorations] CAPPING events from decorations provider vscode.git 2546
2023-12-06 13:39:11.318 [warning] [Decorations] CAPPING events from decorations provider vscode.git 2547
2023-12-06 13:39:16.430 [warning] [Decorations] CAPPING events from decorations provider vscode.git 2547
2023-12-06 13:39:21.536 [warning] [Decorations] CAPPING events from decorations provider vscode.git 2547
2023-12-06 13:39:29.023 [warning] [Decorations] CAPPING events from decorations provider vscode.git 2547
2023-12-06 13:39:37.350 [warning] [Decorations] CAPPING events from decorations provider vscode.git 2547
2023-12-06 13:39:42.484 [warning] [Decorations] CAPPING events from decorations provider vscode.git 2547
2023-12-06 13:39:49.449 [warning] [Decorations] CAPPING events from decorations provider vscode.git 2547
2023-12-06 13:39:54.599 [warning] [Decorations] CAPPING events from decorations provider vscode.git 2547
2023-12-06 13:39:59.704 [warning] [Decorations] CAPPING events from decorations provider vscode.git 2547
2023-12-06 13:40:13.705 [warning] [Decorations] CAPPING events from decorations provider vscode.git 2547
2023-12-06 13:40:18.874 [warning] [Decorations] CAPPING events from decorations provider vscode.git 2547
2023-12-06 13:40:23.987 [warning] [Decorations] CAPPING events from decorations provider vscode.git 2548
2023-12-06 13:40:29.094 [warning] [Decorations] CAPPING events from decorations provider vscode.git 2548
2023-12-06 13:40:34.235 [warning] [Decorations] CAPPING events from decorations provider vscode.git 2548
2023-12-06 13:40:39.334 [warning] [Decorations] CAPPING events from decorations provider vscode.git 2548
2023-12-06 13:40:45.253 [warning] [Decorations] CAPPING events from decorations provider vscode.git 2548
2023-12-06 13:40:50.383 [warning] [Decorations] CAPPING events from decorations provider vscode.git 2549
2023-12-06 13:41:25.283 [warning] [Decorations] CAPPING events from decorations provider vscode.git 2549
2023-12-06 13:41:30.396 [warning] [Decorations] CAPPING events from decorations provider vscode.git 2549
2023-12-06 13:41:35.506 [warning] [Decorations] CAPPING events from decorations provider vscode.git 2549
2023-12-06 13:41:46.022 [warning] [Decorations] CAPPING events from decorations provider vscode.git 2549
2023-12-06 13:42:50.771 [warning] [Decorations] CAPPING events from decorations provider vscode.git 2550
2023-12-06 13:42:55.911 [warning] [Decorations] CAPPING events from decorations provider vscode.git 2550
2023-12-06 13:43:01.060 [warning] [Decorations] CAPPING events from decorations provider vscode.git 2550
2023-12-06 13:44:10.684 [warning] [Decorations] CAPPING events from decorations provider vscode.git 2551
2023-12-06 13:44:15.866 [warning] [Decorations] CAPPING events from decorations provider vscode.git 2551
2023-12-06 13:44:20.961 [warning] [Decorations] CAPPING events from decorations provider vscode.git 2551
2023-12-06 13:44:26.073 [warning] [Decorations] CAPPING events from decorations provider vscode.git 2552
2023-12-06 13:44:31.213 [warning] [Decorations] CAPPING events from decorations provider vscode.git 2552
2023-12-06 15:18:36.066 [warning] [Decorations] CAPPING events from decorations provider vscode.git 2552
2023-12-06 15:19:06.020 [warning] [Decorations] CAPPING events from decorations provider vscode.git 2551
2023-12-06 15:19:11.160 [warning] [Decorations] CAPPING events from decorations provider vscode.git 2551
2023-12-06 15:19:16.300 [warning] [Decorations] CAPPING events from decorations provider vscode.git 2551
2023-12-06 15:19:21.468 [warning] [Decorations] CAPPING events from decorations provider vscode.git 2551
2023-12-06 15:19:26.569 [warning] [Decorations] CAPPING events from decorations provider vscode.git 2551
2023-12-06 15:19:31.693 [warning] [Decorations] CAPPING events from decorations provider vscode.git 2552
2023-12-06 15:19:54.924 [warning] [Decorations] CAPPING events from decorations provider vscode.git 2552
2023-12-06 15:20:00.043 [warning] [Decorations] CAPPING events from decorations provider vscode.git 2552
2023-12-06 15:20:05.916 [warning] [Decorations] CAPPING events from decorations provider vscode.git 2553
2023-12-06 15:20:11.025 [warning] [Decorations] CAPPING events from decorations provider vscode.git 2553
2023-12-06 15:20:16.205 [warning] [Decorations] CAPPING events from decorations provider vscode.git 2552
2023-12-06 15:20:21.326 [warning] [Decorations] CAPPING events from decorations provider vscode.git 2552
2023-12-06 15:20:26.418 [warning] [Decorations] CAPPING events from decorations provider vscode.git 2552
2023-12-06 15:20:31.537 [warning] [Decorations] CAPPING events from decorations provider vscode.git 2552
2023-12-06 15:20:36.655 [warning] [Decorations] CAPPING events from decorations provider vscode.git 2553
2023-12-06 15:20:41.816 [warning] [Decorations] CAPPING events from decorations provider vscode.git 2553
2023-12-06 15:22:55.303 [warning] [Decorations] CAPPING events from decorations provider vscode.git 2553
2023-12-06 15:23:00.756 [warning] [Decorations] CAPPING events from decorations provider vscode.git 2553
2023-12-06 15:23:05.872 [warning] [Decorations] CAPPING events from decorations provider vscode.git 2554
2023-12-06 15:23:11.012 [warning] [Decorations] CAPPING events from decorations provider vscode.git 2554
2023-12-06 15:23:16.178 [warning] [Decorations] CAPPING events from decorations provider vscode.git 2554
2023-12-06 15:23:21.482 [warning] [Decorations] CAPPING events from decorations provider vscode.git 2554
2023-12-06 15:23:26.657 [warning] [Decorations] CAPPING events from decorations provider vscode.git 2554
2023-12-06 15:23:31.799 [warning] [Decorations] CAPPING events from decorations provider vscode.git 2554
2023-12-06 15:23:42.849 [warning] [Decorations] CAPPING events from decorations provider vscode.git 2553
2023-12-06 15:23:47.966 [warning] [Decorations] CAPPING events from decorations provider vscode.git 2553
2023-12-06 15:23:53.119 [warning] [Decorations] CAPPING events from decorations provider vscode.git 2553
2023-12-06 15:23:59.181 [warning] [Decorations] CAPPING events from decorations provider vscode.git 2554
2023-12-06 15:24:22.934 [warning] [Decorations] CAPPING events from decorations provider vscode.git 2554
2023-12-06 15:24:28.099 [warning] [Decorations] CAPPING events from decorations provider vscode.git 2554
2023-12-06 15:24:33.197 [warning] [Decorations] CAPPING events from decorations provider vscode.git 2554
2023-12-06 15:24:42.754 [warning] [Decorations] CAPPING events from decorations provider vscode.git 2554
2023-12-06 15:24:50.110 [warning] [Decorations] CAPPING events from decorations provider vscode.git 2554
2023-12-06 15:24:55.208 [warning] [Decorations] CAPPING events from decorations provider vscode.git 2554
2023-12-06 15:25:00.354 [warning] [Decorations] CAPPING events from decorations provider vscode.git 2554
2023-12-06 15:25:07.187 [warning] [Decorations] CAPPING events from decorations provider vscode.git 2554
2023-12-06 15:25:12.342 [warning] [Decorations] CAPPING events from decorations provider vscode.git 2554
2023-12-06 15:25:17.480 [warning] [Decorations] CAPPING events from decorations provider vscode.git 2554
2023-12-06 15:25:22.673 [warning] [Decorations] CAPPING events from decorations provider vscode.git 2554
2023-12-06 15:25:27.804 [warning] [Decorations] CAPPING events from decorations provider vscode.git 2554
2023-12-06 15:25:32.928 [warning] [Decorations] CAPPING events from decorations provider vscode.git 2554
2023-12-06 15:25:38.067 [warning] [Decorations] CAPPING events from decorations provider vscode.git 2554
2023-12-06 15:25:43.174 [warning] [Decorations] CAPPING events from decorations provider vscode.git 2554
2023-12-06 15:25:48.276 [warning] [Decorations] CAPPING events from decorations provider vscode.git 2554
2023-12-06 15:25:56.215 [warning] [Decorations] CAPPING events from decorations provider vscode.git 2554
2023-12-06 15:26:01.333 [warning] [Decorations] CAPPING events from decorations provider vscode.git 2554
2023-12-06 15:26:37.047 [warning] [Decorations] CAPPING events from decorations provider vscode.git 2554
2023-12-06 15:26:42.160 [warning] [Decorations] CAPPING events from decorations provider vscode.git 2554
2023-12-06 15:26:47.303 [warning] [Decorations] CAPPING events from decorations provider vscode.git 2554
2023-12-06 15:26:52.412 [warning] [Decorations] CAPPING events from decorations provider vscode.git 2554
2023-12-06 15:26:57.546 [warning] [Decorations] CAPPING events from decorations provider vscode.git 2554
2023-12-06 15:27:08.434 [warning] [Decorations] CAPPING events from decorations provider vscode.git 2554
2023-12-06 15:27:13.538 [warning] [Decorations] CAPPING events from decorations provider vscode.git 2554
2023-12-06 15:27:18.640 [warning] [Decorations] CAPPING events from decorations provider vscode.git 2554
2023-12-06 15:27:23.790 [warning] [Decorations] CAPPING events from decorations provider vscode.git 2554
2023-12-06 15:27:29.010 [warning] [Decorations] CAPPING events from decorations provider vscode.git 2554
2023-12-06 15:27:34.119 [warning] [Decorations] CAPPING events from decorations provider vscode.git 2554
2023-12-06 15:27:39.248 [warning] [Decorations] CAPPING events from decorations provider vscode.git 2554
2023-12-06 15:27:46.161 [warning] [Decorations] CAPPING events from decorations provider vscode.git 2554
2023-12-06 15:27:51.270 [warning] [Decorations] CAPPING events from decorations provider vscode.git 2554
2023-12-06 15:27:56.384 [warning] [Decorations] CAPPING events from decorations provider vscode.git 2554
2023-12-06 15:28:01.519 [warning] [Decorations] CAPPING events from decorations provider vscode.git 2554
2023-12-06 15:28:06.655 [warning] [Decorations] CAPPING events from decorations provider vscode.git 2554
2023-12-06 15:28:12.629 [warning] [Decorations] CAPPING events from decorations provider vscode.git 2554
2023-12-06 15:28:17.733 [warning] [Decorations] CAPPING events from decorations provider vscode.git 2554
2023-12-06 15:28:22.835 [warning] [Decorations] CAPPING events from decorations provider vscode.git 2554
2023-12-06 15:28:27.958 [warning] [Decorations] CAPPING events from decorations provider vscode.git 2554
2023-12-06 15:28:33.080 [warning] [Decorations] CAPPING events from decorations provider vscode.git 2554
2023-12-06 15:28:38.171 [warning] [Decorations] CAPPING events from decorations provider vscode.git 2554
2023-12-06 15:28:43.409 [warning] [Decorations] CAPPING events from decorations provider vscode.git 2554
2023-12-06 15:28:48.550 [warning] [Decorations] CAPPING events from decorations provider vscode.git 2554
2023-12-06 15:28:53.676 [warning] [Decorations] CAPPING events from decorations provider vscode.git 2554
2023-12-06 15:28:58.797 [warning] [Decorations] CAPPING events from decorations provider vscode.git 2554
2023-12-06 15:29:08.820 [warning] [Decorations] CAPPING events from decorations provider vscode.git 2554
2023-12-06 15:29:13.988 [warning] [Decorations] CAPPING events from decorations provider vscode.git 2554
2023-12-06 15:29:19.122 [warning] [Decorations] CAPPING events from decorations provider vscode.git 2554
2023-12-06 15:29:24.263 [warning] [Decorations] CAPPING events from decorations provider vscode.git 2554
2023-12-06 15:29:29.375 [warning] [Decorations] CAPPING events from decorations provider vscode.git 2554
2023-12-06 15:29:34.525 [warning] [Decorations] CAPPING events from decorations provider vscode.git 2554
2023-12-06 15:29:47.011 [warning] [Decorations] CAPPING events from decorations provider vscode.git 2554
2023-12-06 15:29:52.150 [warning] [Decorations] CAPPING events from decorations provider vscode.git 2554
2023-12-06 15:30:08.589 [warning] [Decorations] CAPPING events from decorations provider vscode.git 2554
2023-12-06 15:30:15.859 [warning] [Decorations] CAPPING events from decorations provider vscode.git 2554
2023-12-06 15:30:20.979 [warning] [Decorations] CAPPING events from decorations provider vscode.git 2554
2023-12-06 15:30:26.136 [warning] [Decorations] CAPPING events from decorations provider vscode.git 2554
2023-12-06 15:30:33.966 [warning] [Decorations] CAPPING events from decorations provider vscode.git 2554
2023-12-06 15:30:39.107 [warning] [Decorations] CAPPING events from decorations provider vscode.git 2554
2023-12-06 15:30:44.231 [warning] [Decorations] CAPPING events from decorations provider vscode.git 2554
2023-12-06 15:30:49.355 [warning] [Decorations] CAPPING events from decorations provider vscode.git 2554
2023-12-06 15:30:54.457 [warning] [Decorations] CAPPING events from decorations provider vscode.git 2554
2023-12-06 15:30:59.548 [warning] [Decorations] CAPPING events from decorations provider vscode.git 2554
2023-12-06 15:31:05.386 [warning] [Decorations] CAPPING events from decorations provider vscode.git 2554
2023-12-06 15:31:10.547 [warning] [Decorations] CAPPING events from decorations provider vscode.git 2554
2023-12-06 15:31:15.739 [warning] [Decorations] CAPPING events from decorations provider vscode.git 2554
2023-12-06 15:31:20.857 [warning] [Decorations] CAPPING events from decorations provider vscode.git 2554
2023-12-06 15:31:26.043 [warning] [Decorations] CAPPING events from decorations provider vscode.git 2554
2023-12-06 15:31:31.170 [warning] [Decorations] CAPPING events from decorations provider vscode.git 2554
2023-12-06 15:31:40.030 [warning] [Decorations] CAPPING events from decorations provider vscode.git 2554
2023-12-06 15:31:45.123 [warning] [Decorations] CAPPING events from decorations provider vscode.git 2554
2023-12-06 15:31:51.029 [warning] [Decorations] CAPPING events from decorations provider vscode.git 2554
2023-12-06 15:31:56.157 [warning] [Decorations] CAPPING events from decorations provider vscode.git 2554
2023-12-06 15:32:01.264 [warning] [Decorations] CAPPING events from decorations provider vscode.git 2554
2023-12-06 15:32:06.371 [warning] [Decorations] CAPPING events from decorations provider vscode.git 2554
2023-12-06 15:32:11.484 [warning] [Decorations] CAPPING events from decorations provider vscode.git 2554
2023-12-06 15:32:16.588 [warning] [Decorations] CAPPING events from decorations provider vscode.git 2554
2023-12-06 15:32:21.689 [warning] [Decorations] CAPPING events from decorations provider vscode.git 2554
2023-12-06 15:32:26.887 [warning] [Decorations] CAPPING events from decorations provider vscode.git 2554
2023-12-06 15:32:32.002 [warning] [Decorations] CAPPING events from decorations provider vscode.git 2554
2023-12-06 15:32:37.131 [warning] [Decorations] CAPPING events from decorations provider vscode.git 2554
2023-12-06 15:32:42.234 [warning] [Decorations] CAPPING events from decorations provider vscode.git 2554
2023-12-06 15:32:47.334 [warning] [Decorations] CAPPING events from decorations provider vscode.git 2554
2023-12-06 15:32:52.436 [warning] [Decorations] CAPPING events from decorations provider vscode.git 2554
2023-12-06 15:32:57.552 [warning] [Decorations] CAPPING events from decorations provider vscode.git 2554
2023-12-06 15:33:02.693 [warning] [Decorations] CAPPING events from decorations provider vscode.git 2554
2023-12-06 15:33:07.843 [warning] [Decorations] CAPPING events from decorations provider vscode.git 2554
2023-12-06 15:33:12.979 [warning] [Decorations] CAPPING events from decorations provider vscode.git 2554
2023-12-06 15:33:18.092 [warning] [Decorations] CAPPING events from decorations provider vscode.git 2554
2023-12-06 15:33:23.231 [warning] [Decorations] CAPPING events from decorations provider vscode.git 2554
2023-12-06 15:33:31.047 [warning] [Decorations] CAPPING events from decorations provider vscode.git 2554
2023-12-06 15:33:36.169 [warning] [Decorations] CAPPING events from decorations provider vscode.git 2554
2023-12-06 15:33:41.269 [warning] [Decorations] CAPPING events from decorations provider vscode.git 2554
2023-12-06 15:33:51.222 [warning] [Decorations] CAPPING events from decorations provider vscode.git 2554
2023-12-06 15:33:57.209 [warning] [Decorations] CAPPING events from decorations provider vscode.git 2554
2023-12-06 15:34:02.350 [warning] [Decorations] CAPPING events from decorations provider vscode.git 2554
2023-12-06 15:34:07.485 [warning] [Decorations] CAPPING events from decorations provider vscode.git 2554
2023-12-06 15:34:12.590 [warning] [Decorations] CAPPING events from decorations provider vscode.git 2554
2023-12-06 15:34:17.707 [warning] [Decorations] CAPPING events from decorations provider vscode.git 2554
2023-12-06 15:34:22.830 [warning] [Decorations] CAPPING events from decorations provider vscode.git 2554
2023-12-06 15:34:27.960 [warning] [Decorations] CAPPING events from decorations provider vscode.git 2554
2023-12-06 15:34:33.087 [warning] [Decorations] CAPPING events from decorations provider vscode.git 2554
2023-12-06 15:34:38.211 [warning] [Decorations] CAPPING events from decorations provider vscode.git 2554
2023-12-06 15:34:43.313 [warning] [Decorations] CAPPING events from decorations provider vscode.git 2554
2023-12-06 15:34:48.416 [warning] [Decorations] CAPPING events from decorations provider vscode.git 2554
2023-12-06 15:34:53.520 [warning] [Decorations] CAPPING events from decorations provider vscode.git 2554
2023-12-06 15:34:58.625 [warning] [Decorations] CAPPING events from decorations provider vscode.git 2554
2023-12-06 15:35:03.767 [warning] [Decorations] CAPPING events from decorations provider vscode.git 2554
2023-12-06 15:35:08.891 [warning] [Decorations] CAPPING events from decorations provider vscode.git 2554
2023-12-06 15:35:14.038 [warning] [Decorations] CAPPING events from decorations provider vscode.git 2554
2023-12-06 15:35:19.188 [warning] [Decorations] CAPPING events from decorations provider vscode.git 2554
2023-12-06 15:35:24.310 [warning] [Decorations] CAPPING events from decorations provider vscode.git 2554
2023-12-06 15:35:29.451 [warning] [Decorations] CAPPING events from decorations provider vscode.git 2554
2023-12-06 15:35:34.566 [warning] [Decorations] CAPPING events from decorations provider vscode.git 2554
2023-12-06 15:35:39.673 [warning] [Decorations] CAPPING events from decorations provider vscode.git 2554
2023-12-06 15:35:44.783 [warning] [Decorations] CAPPING events from decorations provider vscode.git 2554
2023-12-06 15:42:36.779 [warning] [Decorations] CAPPING events from decorations provider vscode.git 2554
