[2023-12-08T20:48:19.590+0000] {processor.py:157} INFO - Started process (PID=1718) to work on /home/ubuntu/airflow/dags/etl.py
[2023-12-08T20:48:19.591+0000] {processor.py:829} INFO - Processing file /home/ubuntu/airflow/dags/etl.py for tasks to queue
[2023-12-08T20:48:19.593+0000] {logging_mixin.py:154} INFO - [2023-12-08T20:48:19.592+0000] {dagbag.py:536} INFO - Filling up the DagBag from /home/ubuntu/airflow/dags/etl.py
[2023-12-08T20:48:19.610+0000] {logging_mixin.py:154} INFO - [2023-12-08T20:48:19.608+0000] {dagbag.py:346} ERROR - Failed to import: /home/ubuntu/airflow/dags/etl.py
Traceback (most recent call last):
  File "/usr/local/lib/python3.10/dist-packages/airflow/models/dagbag.py", line 342, in parse
    loader.exec_module(new_module)
  File "<frozen importlib._bootstrap_external>", line 883, in exec_module
  File "<frozen importlib._bootstrap>", line 241, in _call_with_frames_removed
  File "/home/ubuntu/airflow/dags/etl.py", line 6, in <module>
    from functions import extract_data
ModuleNotFoundError: No module named 'functions'
[2023-12-08T20:48:19.611+0000] {processor.py:841} WARNING - No viable dags retrieved from /home/ubuntu/airflow/dags/etl.py
[2023-12-08T20:48:19.667+0000] {processor.py:179} INFO - Processing /home/ubuntu/airflow/dags/etl.py took 0.094 seconds
[2023-12-08T20:48:50.606+0000] {processor.py:157} INFO - Started process (PID=2079) to work on /home/ubuntu/airflow/dags/etl.py
[2023-12-08T20:48:50.608+0000] {processor.py:829} INFO - Processing file /home/ubuntu/airflow/dags/etl.py for tasks to queue
[2023-12-08T20:48:50.609+0000] {logging_mixin.py:154} INFO - [2023-12-08T20:48:50.608+0000] {dagbag.py:536} INFO - Filling up the DagBag from /home/ubuntu/airflow/dags/etl.py
[2023-12-08T20:48:50.613+0000] {logging_mixin.py:154} INFO - [2023-12-08T20:48:50.612+0000] {dagbag.py:346} ERROR - Failed to import: /home/ubuntu/airflow/dags/etl.py
Traceback (most recent call last):
  File "/usr/local/lib/python3.10/dist-packages/airflow/models/dagbag.py", line 342, in parse
    loader.exec_module(new_module)
  File "<frozen importlib._bootstrap_external>", line 883, in exec_module
  File "<frozen importlib._bootstrap>", line 241, in _call_with_frames_removed
  File "/home/ubuntu/airflow/dags/etl.py", line 6, in <module>
    from functions import extract_data
ModuleNotFoundError: No module named 'functions'
[2023-12-08T20:48:50.613+0000] {processor.py:841} WARNING - No viable dags retrieved from /home/ubuntu/airflow/dags/etl.py
[2023-12-08T20:48:50.634+0000] {processor.py:179} INFO - Processing /home/ubuntu/airflow/dags/etl.py took 0.032 seconds
[2023-12-08T20:49:20.855+0000] {processor.py:157} INFO - Started process (PID=2170) to work on /home/ubuntu/airflow/dags/etl.py
[2023-12-08T20:49:20.856+0000] {processor.py:829} INFO - Processing file /home/ubuntu/airflow/dags/etl.py for tasks to queue
[2023-12-08T20:49:20.858+0000] {logging_mixin.py:154} INFO - [2023-12-08T20:49:20.857+0000] {dagbag.py:536} INFO - Filling up the DagBag from /home/ubuntu/airflow/dags/etl.py
[2023-12-08T20:49:20.861+0000] {logging_mixin.py:154} INFO - [2023-12-08T20:49:20.860+0000] {dagbag.py:346} ERROR - Failed to import: /home/ubuntu/airflow/dags/etl.py
Traceback (most recent call last):
  File "/usr/local/lib/python3.10/dist-packages/airflow/models/dagbag.py", line 342, in parse
    loader.exec_module(new_module)
  File "<frozen importlib._bootstrap_external>", line 883, in exec_module
  File "<frozen importlib._bootstrap>", line 241, in _call_with_frames_removed
  File "/home/ubuntu/airflow/dags/etl.py", line 6, in <module>
    from functions import extract_data
ModuleNotFoundError: No module named 'functions'
[2023-12-08T20:49:20.862+0000] {processor.py:841} WARNING - No viable dags retrieved from /home/ubuntu/airflow/dags/etl.py
[2023-12-08T20:49:20.880+0000] {processor.py:179} INFO - Processing /home/ubuntu/airflow/dags/etl.py took 0.027 seconds
[2023-12-08T20:49:51.191+0000] {processor.py:157} INFO - Started process (PID=2206) to work on /home/ubuntu/airflow/dags/etl.py
[2023-12-08T20:49:51.192+0000] {processor.py:829} INFO - Processing file /home/ubuntu/airflow/dags/etl.py for tasks to queue
[2023-12-08T20:49:51.193+0000] {logging_mixin.py:154} INFO - [2023-12-08T20:49:51.192+0000] {dagbag.py:536} INFO - Filling up the DagBag from /home/ubuntu/airflow/dags/etl.py
[2023-12-08T20:49:51.198+0000] {logging_mixin.py:154} INFO - [2023-12-08T20:49:51.196+0000] {dagbag.py:346} ERROR - Failed to import: /home/ubuntu/airflow/dags/etl.py
Traceback (most recent call last):
  File "/usr/local/lib/python3.10/dist-packages/airflow/models/dagbag.py", line 342, in parse
    loader.exec_module(new_module)
  File "<frozen importlib._bootstrap_external>", line 883, in exec_module
  File "<frozen importlib._bootstrap>", line 241, in _call_with_frames_removed
  File "/home/ubuntu/airflow/dags/etl.py", line 6, in <module>
    from functions import extract_data
ModuleNotFoundError: No module named 'functions'
[2023-12-08T20:49:51.198+0000] {processor.py:841} WARNING - No viable dags retrieved from /home/ubuntu/airflow/dags/etl.py
[2023-12-08T20:49:51.219+0000] {processor.py:179} INFO - Processing /home/ubuntu/airflow/dags/etl.py took 0.034 seconds
[2023-12-08T20:50:21.496+0000] {processor.py:157} INFO - Started process (PID=2528) to work on /home/ubuntu/airflow/dags/etl.py
[2023-12-08T20:50:21.497+0000] {processor.py:829} INFO - Processing file /home/ubuntu/airflow/dags/etl.py for tasks to queue
[2023-12-08T20:50:21.500+0000] {logging_mixin.py:154} INFO - [2023-12-08T20:50:21.498+0000] {dagbag.py:536} INFO - Filling up the DagBag from /home/ubuntu/airflow/dags/etl.py
[2023-12-08T20:50:21.508+0000] {logging_mixin.py:154} INFO - [2023-12-08T20:50:21.507+0000] {dagbag.py:346} ERROR - Failed to import: /home/ubuntu/airflow/dags/etl.py
Traceback (most recent call last):
  File "/usr/local/lib/python3.10/dist-packages/airflow/models/dagbag.py", line 342, in parse
    loader.exec_module(new_module)
  File "<frozen importlib._bootstrap_external>", line 883, in exec_module
  File "<frozen importlib._bootstrap>", line 241, in _call_with_frames_removed
  File "/home/ubuntu/airflow/dags/etl.py", line 6, in <module>
    from functions import extract_data
ModuleNotFoundError: No module named 'functions'
[2023-12-08T20:50:21.509+0000] {processor.py:841} WARNING - No viable dags retrieved from /home/ubuntu/airflow/dags/etl.py
[2023-12-08T20:50:21.530+0000] {processor.py:179} INFO - Processing /home/ubuntu/airflow/dags/etl.py took 0.038 seconds
[2023-12-08T20:50:39.740+0000] {processor.py:157} INFO - Started process (PID=2576) to work on /home/ubuntu/airflow/dags/etl.py
[2023-12-08T20:50:39.742+0000] {processor.py:829} INFO - Processing file /home/ubuntu/airflow/dags/etl.py for tasks to queue
[2023-12-08T20:50:39.743+0000] {logging_mixin.py:154} INFO - [2023-12-08T20:50:39.743+0000] {dagbag.py:536} INFO - Filling up the DagBag from /home/ubuntu/airflow/dags/etl.py
[2023-12-08T20:50:39.751+0000] {logging_mixin.py:154} INFO - [2023-12-08T20:50:39.750+0000] {dagbag.py:346} ERROR - Failed to import: /home/ubuntu/airflow/dags/etl.py
Traceback (most recent call last):
  File "/usr/local/lib/python3.10/dist-packages/airflow/models/dagbag.py", line 342, in parse
    loader.exec_module(new_module)
  File "<frozen importlib._bootstrap_external>", line 883, in exec_module
  File "<frozen importlib._bootstrap>", line 241, in _call_with_frames_removed
  File "/home/ubuntu/airflow/dags/etl.py", line 6, in <module>
    from functions.functions import extract_data
ModuleNotFoundError: No module named 'functions'
[2023-12-08T20:50:39.752+0000] {processor.py:841} WARNING - No viable dags retrieved from /home/ubuntu/airflow/dags/etl.py
[2023-12-08T20:50:39.778+0000] {processor.py:179} INFO - Processing /home/ubuntu/airflow/dags/etl.py took 0.043 seconds
[2023-12-08T20:51:09.973+0000] {processor.py:157} INFO - Started process (PID=2820) to work on /home/ubuntu/airflow/dags/etl.py
[2023-12-08T20:51:09.974+0000] {processor.py:829} INFO - Processing file /home/ubuntu/airflow/dags/etl.py for tasks to queue
[2023-12-08T20:51:09.975+0000] {logging_mixin.py:154} INFO - [2023-12-08T20:51:09.975+0000] {dagbag.py:536} INFO - Filling up the DagBag from /home/ubuntu/airflow/dags/etl.py
[2023-12-08T20:51:09.980+0000] {logging_mixin.py:154} INFO - [2023-12-08T20:51:09.978+0000] {dagbag.py:346} ERROR - Failed to import: /home/ubuntu/airflow/dags/etl.py
Traceback (most recent call last):
  File "/usr/local/lib/python3.10/dist-packages/airflow/models/dagbag.py", line 342, in parse
    loader.exec_module(new_module)
  File "<frozen importlib._bootstrap_external>", line 883, in exec_module
  File "<frozen importlib._bootstrap>", line 241, in _call_with_frames_removed
  File "/home/ubuntu/airflow/dags/etl.py", line 6, in <module>
    from functions.functions import extract_data
ModuleNotFoundError: No module named 'functions'
[2023-12-08T20:51:09.980+0000] {processor.py:841} WARNING - No viable dags retrieved from /home/ubuntu/airflow/dags/etl.py
[2023-12-08T20:51:09.999+0000] {processor.py:179} INFO - Processing /home/ubuntu/airflow/dags/etl.py took 0.029 seconds
[2023-12-08T20:51:34.245+0000] {processor.py:157} INFO - Started process (PID=2944) to work on /home/ubuntu/airflow/dags/etl.py
[2023-12-08T20:51:34.246+0000] {processor.py:829} INFO - Processing file /home/ubuntu/airflow/dags/etl.py for tasks to queue
[2023-12-08T20:51:34.247+0000] {logging_mixin.py:154} INFO - [2023-12-08T20:51:34.247+0000] {dagbag.py:536} INFO - Filling up the DagBag from /home/ubuntu/airflow/dags/etl.py
[2023-12-08T20:51:34.264+0000] {logging_mixin.py:154} WARNING - /usr/local/lib/python3.10/dist-packages/airflow/models/baseoperator.py:437 AirflowProviderDeprecationWarning: Class `SimpleHttpOperator` is deprecated and will be removed in a future release. Please use `HttpOperator` instead.
[2023-12-08T20:51:34.274+0000] {logging_mixin.py:154} INFO - [2023-12-08T20:51:34.266+0000] {dagbag.py:346} ERROR - Failed to import: /home/ubuntu/airflow/dags/etl.py
Traceback (most recent call last):
  File "/usr/local/lib/python3.10/dist-packages/airflow/models/dagbag.py", line 342, in parse
    loader.exec_module(new_module)
  File "<frozen importlib._bootstrap_external>", line 883, in exec_module
  File "<frozen importlib._bootstrap>", line 241, in _call_with_frames_removed
  File "/home/ubuntu/airflow/dags/etl.py", line 37, in <module>
    python_callable= extract_data,
NameError: name 'extract_data' is not defined
[2023-12-08T20:51:34.279+0000] {processor.py:841} WARNING - No viable dags retrieved from /home/ubuntu/airflow/dags/etl.py
[2023-12-08T20:51:34.296+0000] {processor.py:179} INFO - Processing /home/ubuntu/airflow/dags/etl.py took 0.054 seconds
[2023-12-08T20:52:00.336+0000] {processor.py:157} INFO - Started process (PID=2966) to work on /home/ubuntu/airflow/dags/etl.py
[2023-12-08T20:52:00.341+0000] {processor.py:829} INFO - Processing file /home/ubuntu/airflow/dags/etl.py for tasks to queue
[2023-12-08T20:52:00.342+0000] {logging_mixin.py:154} INFO - [2023-12-08T20:52:00.342+0000] {dagbag.py:536} INFO - Filling up the DagBag from /home/ubuntu/airflow/dags/etl.py
[2023-12-08T20:52:00.351+0000] {logging_mixin.py:154} INFO - [2023-12-08T20:52:00.348+0000] {dagbag.py:346} ERROR - Failed to import: /home/ubuntu/airflow/dags/etl.py
Traceback (most recent call last):
  File "/usr/local/lib/python3.10/dist-packages/airflow/models/dagbag.py", line 342, in parse
    loader.exec_module(new_module)
  File "<frozen importlib._bootstrap_external>", line 883, in exec_module
  File "<frozen importlib._bootstrap>", line 241, in _call_with_frames_removed
  File "/home/ubuntu/airflow/dags/etl.py", line 14, in <module>
    with open('/home/ubuntu/airflow/config.json', r) as config_file:
NameError: name 'r' is not defined
[2023-12-08T20:52:00.353+0000] {processor.py:841} WARNING - No viable dags retrieved from /home/ubuntu/airflow/dags/etl.py
[2023-12-08T20:52:00.379+0000] {processor.py:179} INFO - Processing /home/ubuntu/airflow/dags/etl.py took 0.054 seconds
[2023-12-08T20:52:30.599+0000] {processor.py:157} INFO - Started process (PID=3211) to work on /home/ubuntu/airflow/dags/etl.py
[2023-12-08T20:52:30.601+0000] {processor.py:829} INFO - Processing file /home/ubuntu/airflow/dags/etl.py for tasks to queue
[2023-12-08T20:52:30.602+0000] {logging_mixin.py:154} INFO - [2023-12-08T20:52:30.601+0000] {dagbag.py:536} INFO - Filling up the DagBag from /home/ubuntu/airflow/dags/etl.py
[2023-12-08T20:52:30.605+0000] {logging_mixin.py:154} INFO - [2023-12-08T20:52:30.604+0000] {dagbag.py:346} ERROR - Failed to import: /home/ubuntu/airflow/dags/etl.py
Traceback (most recent call last):
  File "/usr/local/lib/python3.10/dist-packages/airflow/models/dagbag.py", line 342, in parse
    loader.exec_module(new_module)
  File "<frozen importlib._bootstrap_external>", line 883, in exec_module
  File "<frozen importlib._bootstrap>", line 241, in _call_with_frames_removed
  File "/home/ubuntu/airflow/dags/etl.py", line 14, in <module>
    with open('/home/ubuntu/airflow/config.json', r) as config_file:
NameError: name 'r' is not defined
[2023-12-08T20:52:30.606+0000] {processor.py:841} WARNING - No viable dags retrieved from /home/ubuntu/airflow/dags/etl.py
[2023-12-08T20:52:30.622+0000] {processor.py:179} INFO - Processing /home/ubuntu/airflow/dags/etl.py took 0.026 seconds
[2023-12-08T20:53:00.810+0000] {processor.py:157} INFO - Started process (PID=3213) to work on /home/ubuntu/airflow/dags/etl.py
[2023-12-08T20:53:00.811+0000] {processor.py:829} INFO - Processing file /home/ubuntu/airflow/dags/etl.py for tasks to queue
[2023-12-08T20:53:00.813+0000] {logging_mixin.py:154} INFO - [2023-12-08T20:53:00.812+0000] {dagbag.py:536} INFO - Filling up the DagBag from /home/ubuntu/airflow/dags/etl.py
[2023-12-08T20:53:00.818+0000] {logging_mixin.py:154} INFO - [2023-12-08T20:53:00.816+0000] {dagbag.py:346} ERROR - Failed to import: /home/ubuntu/airflow/dags/etl.py
Traceback (most recent call last):
  File "/usr/local/lib/python3.10/dist-packages/airflow/models/dagbag.py", line 342, in parse
    loader.exec_module(new_module)
  File "<frozen importlib._bootstrap_external>", line 883, in exec_module
  File "<frozen importlib._bootstrap>", line 241, in _call_with_frames_removed
  File "/home/ubuntu/airflow/dags/etl.py", line 14, in <module>
    with open('/home/ubuntu/airflow/config.json', r) as config_file:
NameError: name 'r' is not defined
[2023-12-08T20:53:00.819+0000] {processor.py:841} WARNING - No viable dags retrieved from /home/ubuntu/airflow/dags/etl.py
[2023-12-08T20:53:00.840+0000] {processor.py:179} INFO - Processing /home/ubuntu/airflow/dags/etl.py took 0.033 seconds
[2023-12-08T20:53:31.022+0000] {processor.py:157} INFO - Started process (PID=3335) to work on /home/ubuntu/airflow/dags/etl.py
[2023-12-08T20:53:31.024+0000] {processor.py:829} INFO - Processing file /home/ubuntu/airflow/dags/etl.py for tasks to queue
[2023-12-08T20:53:31.025+0000] {logging_mixin.py:154} INFO - [2023-12-08T20:53:31.024+0000] {dagbag.py:536} INFO - Filling up the DagBag from /home/ubuntu/airflow/dags/etl.py
[2023-12-08T20:53:31.029+0000] {logging_mixin.py:154} INFO - [2023-12-08T20:53:31.027+0000] {dagbag.py:346} ERROR - Failed to import: /home/ubuntu/airflow/dags/etl.py
Traceback (most recent call last):
  File "/usr/local/lib/python3.10/dist-packages/airflow/models/dagbag.py", line 342, in parse
    loader.exec_module(new_module)
  File "<frozen importlib._bootstrap_external>", line 883, in exec_module
  File "<frozen importlib._bootstrap>", line 241, in _call_with_frames_removed
  File "/home/ubuntu/airflow/dags/etl.py", line 14, in <module>
    with open('/home/ubuntu/airflow/config.json', r) as config_file:
NameError: name 'r' is not defined
[2023-12-08T20:53:31.030+0000] {processor.py:841} WARNING - No viable dags retrieved from /home/ubuntu/airflow/dags/etl.py
[2023-12-08T20:53:31.052+0000] {processor.py:179} INFO - Processing /home/ubuntu/airflow/dags/etl.py took 0.033 seconds
[2023-12-08T20:53:45.468+0000] {processor.py:157} INFO - Started process (PID=3339) to work on /home/ubuntu/airflow/dags/etl.py
[2023-12-08T20:53:45.468+0000] {processor.py:829} INFO - Processing file /home/ubuntu/airflow/dags/etl.py for tasks to queue
[2023-12-08T20:53:45.469+0000] {logging_mixin.py:154} INFO - [2023-12-08T20:53:45.469+0000] {dagbag.py:536} INFO - Filling up the DagBag from /home/ubuntu/airflow/dags/etl.py
[2023-12-08T20:53:45.474+0000] {logging_mixin.py:154} INFO - [2023-12-08T20:53:45.473+0000] {dagbag.py:346} ERROR - Failed to import: /home/ubuntu/airflow/dags/etl.py
Traceback (most recent call last):
  File "/usr/local/lib/python3.10/dist-packages/airflow/models/dagbag.py", line 342, in parse
    loader.exec_module(new_module)
  File "<frozen importlib._bootstrap_external>", line 883, in exec_module
  File "<frozen importlib._bootstrap>", line 241, in _call_with_frames_removed
  File "/home/ubuntu/airflow/dags/etl.py", line 15, in <module>
    api_host_key = json.lead(config_file)
NameError: name 'json' is not defined
[2023-12-08T20:53:45.475+0000] {processor.py:841} WARNING - No viable dags retrieved from /home/ubuntu/airflow/dags/etl.py
[2023-12-08T20:53:45.492+0000] {processor.py:179} INFO - Processing /home/ubuntu/airflow/dags/etl.py took 0.028 seconds
[2023-12-08T20:54:15.736+0000] {processor.py:157} INFO - Started process (PID=3523) to work on /home/ubuntu/airflow/dags/etl.py
[2023-12-08T20:54:15.737+0000] {processor.py:829} INFO - Processing file /home/ubuntu/airflow/dags/etl.py for tasks to queue
[2023-12-08T20:54:15.738+0000] {logging_mixin.py:154} INFO - [2023-12-08T20:54:15.738+0000] {dagbag.py:536} INFO - Filling up the DagBag from /home/ubuntu/airflow/dags/etl.py
[2023-12-08T20:54:15.742+0000] {logging_mixin.py:154} INFO - [2023-12-08T20:54:15.740+0000] {dagbag.py:346} ERROR - Failed to import: /home/ubuntu/airflow/dags/etl.py
Traceback (most recent call last):
  File "/usr/local/lib/python3.10/dist-packages/airflow/models/dagbag.py", line 342, in parse
    loader.exec_module(new_module)
  File "<frozen importlib._bootstrap_external>", line 883, in exec_module
  File "<frozen importlib._bootstrap>", line 241, in _call_with_frames_removed
  File "/home/ubuntu/airflow/dags/etl.py", line 15, in <module>
    api_host_key = json.lead(config_file)
NameError: name 'json' is not defined
[2023-12-08T20:54:15.744+0000] {processor.py:841} WARNING - No viable dags retrieved from /home/ubuntu/airflow/dags/etl.py
[2023-12-08T20:54:15.765+0000] {processor.py:179} INFO - Processing /home/ubuntu/airflow/dags/etl.py took 0.033 seconds
[2023-12-08T20:54:33.828+0000] {processor.py:157} INFO - Started process (PID=3653) to work on /home/ubuntu/airflow/dags/etl.py
[2023-12-08T20:54:33.829+0000] {processor.py:829} INFO - Processing file /home/ubuntu/airflow/dags/etl.py for tasks to queue
[2023-12-08T20:54:33.830+0000] {logging_mixin.py:154} INFO - [2023-12-08T20:54:33.830+0000] {dagbag.py:536} INFO - Filling up the DagBag from /home/ubuntu/airflow/dags/etl.py
[2023-12-08T20:54:33.835+0000] {logging_mixin.py:154} INFO - [2023-12-08T20:54:33.833+0000] {dagbag.py:346} ERROR - Failed to import: /home/ubuntu/airflow/dags/etl.py
Traceback (most recent call last):
  File "/usr/local/lib/python3.10/dist-packages/airflow/models/dagbag.py", line 342, in parse
    loader.exec_module(new_module)
  File "<frozen importlib._bootstrap_external>", line 883, in exec_module
  File "<frozen importlib._bootstrap>", line 241, in _call_with_frames_removed
  File "/home/ubuntu/airflow/dags/etl.py", line 16, in <module>
    api_host_key = json.lead(config_file)
AttributeError: module 'json' has no attribute 'lead'. Did you mean: 'load'?
[2023-12-08T20:54:33.835+0000] {processor.py:841} WARNING - No viable dags retrieved from /home/ubuntu/airflow/dags/etl.py
[2023-12-08T20:54:33.853+0000] {processor.py:179} INFO - Processing /home/ubuntu/airflow/dags/etl.py took 0.029 seconds
[2023-12-08T20:55:04.102+0000] {processor.py:157} INFO - Started process (PID=3894) to work on /home/ubuntu/airflow/dags/etl.py
[2023-12-08T20:55:04.104+0000] {processor.py:829} INFO - Processing file /home/ubuntu/airflow/dags/etl.py for tasks to queue
[2023-12-08T20:55:04.106+0000] {logging_mixin.py:154} INFO - [2023-12-08T20:55:04.105+0000] {dagbag.py:536} INFO - Filling up the DagBag from /home/ubuntu/airflow/dags/etl.py
[2023-12-08T20:55:04.115+0000] {logging_mixin.py:154} INFO - [2023-12-08T20:55:04.114+0000] {dagbag.py:346} ERROR - Failed to import: /home/ubuntu/airflow/dags/etl.py
Traceback (most recent call last):
  File "/usr/local/lib/python3.10/dist-packages/airflow/models/dagbag.py", line 342, in parse
    loader.exec_module(new_module)
  File "<frozen importlib._bootstrap_external>", line 883, in exec_module
  File "<frozen importlib._bootstrap>", line 241, in _call_with_frames_removed
  File "/home/ubuntu/airflow/dags/etl.py", line 16, in <module>
    api_host_key = json.lead(config_file)
AttributeError: module 'json' has no attribute 'lead'. Did you mean: 'load'?
[2023-12-08T20:55:04.116+0000] {processor.py:841} WARNING - No viable dags retrieved from /home/ubuntu/airflow/dags/etl.py
[2023-12-08T20:55:04.138+0000] {processor.py:179} INFO - Processing /home/ubuntu/airflow/dags/etl.py took 0.041 seconds
[2023-12-08T20:55:21.586+0000] {processor.py:157} INFO - Started process (PID=3926) to work on /home/ubuntu/airflow/dags/etl.py
[2023-12-08T20:55:21.587+0000] {processor.py:829} INFO - Processing file /home/ubuntu/airflow/dags/etl.py for tasks to queue
[2023-12-08T20:55:21.588+0000] {logging_mixin.py:154} INFO - [2023-12-08T20:55:21.587+0000] {dagbag.py:536} INFO - Filling up the DagBag from /home/ubuntu/airflow/dags/etl.py
[2023-12-08T20:55:21.602+0000] {logging_mixin.py:154} WARNING - /usr/local/lib/python3.10/dist-packages/airflow/models/baseoperator.py:437 AirflowProviderDeprecationWarning: Class `SimpleHttpOperator` is deprecated and will be removed in a future release. Please use `HttpOperator` instead.
[2023-12-08T20:55:21.607+0000] {logging_mixin.py:154} INFO - [2023-12-08T20:55:21.604+0000] {dagbag.py:346} ERROR - Failed to import: /home/ubuntu/airflow/dags/etl.py
Traceback (most recent call last):
  File "/usr/local/lib/python3.10/dist-packages/airflow/models/dagbag.py", line 342, in parse
    loader.exec_module(new_module)
  File "<frozen importlib._bootstrap_external>", line 883, in exec_module
  File "<frozen importlib._bootstrap>", line 241, in _call_with_frames_removed
  File "/home/ubuntu/airflow/dags/etl.py", line 71, in <module>
    is_api_available > extract_data_task
  File "/usr/local/lib/python3.10/dist-packages/airflow/models/baseoperator.py", line 1023, in __gt__
    raise TypeError(f"Left hand side ({obj}) is not an outlet")
TypeError: Left hand side (<Task(PythonOperator): extract_data_task>) is not an outlet
[2023-12-08T20:55:21.607+0000] {processor.py:841} WARNING - No viable dags retrieved from /home/ubuntu/airflow/dags/etl.py
[2023-12-08T20:55:21.626+0000] {processor.py:179} INFO - Processing /home/ubuntu/airflow/dags/etl.py took 0.046 seconds
[2023-12-08T20:55:51.763+0000] {processor.py:157} INFO - Started process (PID=4151) to work on /home/ubuntu/airflow/dags/etl.py
[2023-12-08T20:55:51.764+0000] {processor.py:829} INFO - Processing file /home/ubuntu/airflow/dags/etl.py for tasks to queue
[2023-12-08T20:55:51.765+0000] {logging_mixin.py:154} INFO - [2023-12-08T20:55:51.765+0000] {dagbag.py:536} INFO - Filling up the DagBag from /home/ubuntu/airflow/dags/etl.py
[2023-12-08T20:55:51.779+0000] {logging_mixin.py:154} WARNING - /usr/local/lib/python3.10/dist-packages/airflow/models/baseoperator.py:437 AirflowProviderDeprecationWarning: Class `SimpleHttpOperator` is deprecated and will be removed in a future release. Please use `HttpOperator` instead.
[2023-12-08T20:55:51.782+0000] {logging_mixin.py:154} INFO - [2023-12-08T20:55:51.781+0000] {dagbag.py:346} ERROR - Failed to import: /home/ubuntu/airflow/dags/etl.py
Traceback (most recent call last):
  File "/usr/local/lib/python3.10/dist-packages/airflow/models/dagbag.py", line 342, in parse
    loader.exec_module(new_module)
  File "<frozen importlib._bootstrap_external>", line 883, in exec_module
  File "<frozen importlib._bootstrap>", line 241, in _call_with_frames_removed
  File "/home/ubuntu/airflow/dags/etl.py", line 71, in <module>
    is_api_available > extract_data_task
  File "/usr/local/lib/python3.10/dist-packages/airflow/models/baseoperator.py", line 1023, in __gt__
    raise TypeError(f"Left hand side ({obj}) is not an outlet")
TypeError: Left hand side (<Task(PythonOperator): extract_data_task>) is not an outlet
[2023-12-08T20:55:51.783+0000] {processor.py:841} WARNING - No viable dags retrieved from /home/ubuntu/airflow/dags/etl.py
[2023-12-08T20:55:51.800+0000] {processor.py:179} INFO - Processing /home/ubuntu/airflow/dags/etl.py took 0.040 seconds
[2023-12-08T20:55:56.672+0000] {processor.py:157} INFO - Started process (PID=4153) to work on /home/ubuntu/airflow/dags/etl.py
[2023-12-08T20:55:56.674+0000] {processor.py:829} INFO - Processing file /home/ubuntu/airflow/dags/etl.py for tasks to queue
[2023-12-08T20:55:56.675+0000] {logging_mixin.py:154} INFO - [2023-12-08T20:55:56.675+0000] {dagbag.py:536} INFO - Filling up the DagBag from /home/ubuntu/airflow/dags/etl.py
[2023-12-08T20:55:56.688+0000] {logging_mixin.py:154} WARNING - /usr/local/lib/python3.10/dist-packages/airflow/models/baseoperator.py:437 AirflowProviderDeprecationWarning: Class `SimpleHttpOperator` is deprecated and will be removed in a future release. Please use `HttpOperator` instead.
[2023-12-08T20:55:56.692+0000] {processor.py:839} INFO - DAG(s) dict_keys(['weather_dag']) retrieved from /home/ubuntu/airflow/dags/etl.py
[2023-12-08T20:55:56.792+0000] {logging_mixin.py:154} INFO - [2023-12-08T20:55:56.791+0000] {dag.py:2941} INFO - Sync 1 DAGs
[2023-12-08T20:55:56.811+0000] {logging_mixin.py:154} INFO - [2023-12-08T20:55:56.811+0000] {dag.py:3722} INFO - Setting next_dagrun for weather_dag to 2023-12-07T00:00:00+00:00, run_after=2023-12-08T00:00:00+00:00
[2023-12-08T20:55:56.839+0000] {processor.py:179} INFO - Processing /home/ubuntu/airflow/dags/etl.py took 0.170 seconds
[2023-12-08T20:56:27.163+0000] {processor.py:157} INFO - Started process (PID=4468) to work on /home/ubuntu/airflow/dags/etl.py
[2023-12-08T20:56:27.165+0000] {processor.py:829} INFO - Processing file /home/ubuntu/airflow/dags/etl.py for tasks to queue
[2023-12-08T20:56:27.167+0000] {logging_mixin.py:154} INFO - [2023-12-08T20:56:27.166+0000] {dagbag.py:536} INFO - Filling up the DagBag from /home/ubuntu/airflow/dags/etl.py
[2023-12-08T20:56:27.182+0000] {logging_mixin.py:154} WARNING - /usr/local/lib/python3.10/dist-packages/airflow/models/baseoperator.py:437 AirflowProviderDeprecationWarning: Class `SimpleHttpOperator` is deprecated and will be removed in a future release. Please use `HttpOperator` instead.
[2023-12-08T20:56:27.189+0000] {processor.py:839} INFO - DAG(s) dict_keys(['weather_dag']) retrieved from /home/ubuntu/airflow/dags/etl.py
[2023-12-08T20:56:27.333+0000] {logging_mixin.py:154} INFO - [2023-12-08T20:56:27.333+0000] {dag.py:2941} INFO - Sync 1 DAGs
[2023-12-08T20:56:27.359+0000] {logging_mixin.py:154} INFO - [2023-12-08T20:56:27.359+0000] {dag.py:3722} INFO - Setting next_dagrun for weather_dag to 2023-12-08T00:00:00+00:00, run_after=2023-12-09T00:00:00+00:00
[2023-12-08T20:56:27.384+0000] {processor.py:179} INFO - Processing /home/ubuntu/airflow/dags/etl.py took 0.224 seconds
[2023-12-08T20:56:57.513+0000] {processor.py:157} INFO - Started process (PID=4710) to work on /home/ubuntu/airflow/dags/etl.py
[2023-12-08T20:56:57.515+0000] {processor.py:829} INFO - Processing file /home/ubuntu/airflow/dags/etl.py for tasks to queue
[2023-12-08T20:56:57.516+0000] {logging_mixin.py:154} INFO - [2023-12-08T20:56:57.515+0000] {dagbag.py:536} INFO - Filling up the DagBag from /home/ubuntu/airflow/dags/etl.py
[2023-12-08T20:56:57.528+0000] {logging_mixin.py:154} WARNING - /usr/local/lib/python3.10/dist-packages/airflow/models/baseoperator.py:437 AirflowProviderDeprecationWarning: Class `SimpleHttpOperator` is deprecated and will be removed in a future release. Please use `HttpOperator` instead.
[2023-12-08T20:56:57.533+0000] {processor.py:839} INFO - DAG(s) dict_keys(['weather_dag']) retrieved from /home/ubuntu/airflow/dags/etl.py
[2023-12-08T20:56:57.679+0000] {logging_mixin.py:154} INFO - [2023-12-08T20:56:57.679+0000] {dag.py:2941} INFO - Sync 1 DAGs
[2023-12-08T20:56:57.698+0000] {logging_mixin.py:154} INFO - [2023-12-08T20:56:57.698+0000] {dag.py:3722} INFO - Setting next_dagrun for weather_dag to 2023-12-08T00:00:00+00:00, run_after=2023-12-09T00:00:00+00:00
[2023-12-08T20:56:57.721+0000] {processor.py:179} INFO - Processing /home/ubuntu/airflow/dags/etl.py took 0.211 seconds
[2023-12-08T20:57:27.909+0000] {processor.py:157} INFO - Started process (PID=5071) to work on /home/ubuntu/airflow/dags/etl.py
[2023-12-08T20:57:27.910+0000] {processor.py:829} INFO - Processing file /home/ubuntu/airflow/dags/etl.py for tasks to queue
[2023-12-08T20:57:27.911+0000] {logging_mixin.py:154} INFO - [2023-12-08T20:57:27.910+0000] {dagbag.py:536} INFO - Filling up the DagBag from /home/ubuntu/airflow/dags/etl.py
[2023-12-08T20:57:27.922+0000] {logging_mixin.py:154} WARNING - /usr/local/lib/python3.10/dist-packages/airflow/models/baseoperator.py:437 AirflowProviderDeprecationWarning: Class `SimpleHttpOperator` is deprecated and will be removed in a future release. Please use `HttpOperator` instead.
[2023-12-08T20:57:27.927+0000] {processor.py:839} INFO - DAG(s) dict_keys(['weather_dag']) retrieved from /home/ubuntu/airflow/dags/etl.py
[2023-12-08T20:57:28.012+0000] {logging_mixin.py:154} INFO - [2023-12-08T20:57:28.012+0000] {dag.py:2941} INFO - Sync 1 DAGs
[2023-12-08T20:57:28.029+0000] {logging_mixin.py:154} INFO - [2023-12-08T20:57:28.029+0000] {dag.py:3722} INFO - Setting next_dagrun for weather_dag to 2023-12-08T00:00:00+00:00, run_after=2023-12-09T00:00:00+00:00
[2023-12-08T20:57:28.049+0000] {processor.py:179} INFO - Processing /home/ubuntu/airflow/dags/etl.py took 0.144 seconds
[2023-12-08T20:57:58.393+0000] {processor.py:157} INFO - Started process (PID=5312) to work on /home/ubuntu/airflow/dags/etl.py
[2023-12-08T20:57:58.395+0000] {processor.py:829} INFO - Processing file /home/ubuntu/airflow/dags/etl.py for tasks to queue
[2023-12-08T20:57:58.396+0000] {logging_mixin.py:154} INFO - [2023-12-08T20:57:58.395+0000] {dagbag.py:536} INFO - Filling up the DagBag from /home/ubuntu/airflow/dags/etl.py
[2023-12-08T20:57:58.411+0000] {logging_mixin.py:154} WARNING - /usr/local/lib/python3.10/dist-packages/airflow/models/baseoperator.py:437 AirflowProviderDeprecationWarning: Class `SimpleHttpOperator` is deprecated and will be removed in a future release. Please use `HttpOperator` instead.
[2023-12-08T20:57:58.416+0000] {processor.py:839} INFO - DAG(s) dict_keys(['weather_dag']) retrieved from /home/ubuntu/airflow/dags/etl.py
[2023-12-08T20:57:58.544+0000] {logging_mixin.py:154} INFO - [2023-12-08T20:57:58.544+0000] {dag.py:2941} INFO - Sync 1 DAGs
[2023-12-08T20:57:58.570+0000] {logging_mixin.py:154} INFO - [2023-12-08T20:57:58.570+0000] {dag.py:3722} INFO - Setting next_dagrun for weather_dag to 2023-12-08T00:00:00+00:00, run_after=2023-12-09T00:00:00+00:00
[2023-12-08T20:57:58.599+0000] {processor.py:179} INFO - Processing /home/ubuntu/airflow/dags/etl.py took 0.209 seconds
[2023-12-08T20:58:28.753+0000] {processor.py:157} INFO - Started process (PID=5640) to work on /home/ubuntu/airflow/dags/etl.py
[2023-12-08T20:58:28.759+0000] {processor.py:829} INFO - Processing file /home/ubuntu/airflow/dags/etl.py for tasks to queue
[2023-12-08T20:58:28.760+0000] {logging_mixin.py:154} INFO - [2023-12-08T20:58:28.759+0000] {dagbag.py:536} INFO - Filling up the DagBag from /home/ubuntu/airflow/dags/etl.py
[2023-12-08T20:58:28.776+0000] {logging_mixin.py:154} WARNING - /usr/local/lib/python3.10/dist-packages/airflow/models/baseoperator.py:437 AirflowProviderDeprecationWarning: Class `SimpleHttpOperator` is deprecated and will be removed in a future release. Please use `HttpOperator` instead.
[2023-12-08T20:58:28.781+0000] {processor.py:839} INFO - DAG(s) dict_keys(['weather_dag']) retrieved from /home/ubuntu/airflow/dags/etl.py
[2023-12-08T20:58:28.883+0000] {logging_mixin.py:154} INFO - [2023-12-08T20:58:28.883+0000] {dag.py:2941} INFO - Sync 1 DAGs
[2023-12-08T20:58:28.902+0000] {logging_mixin.py:154} INFO - [2023-12-08T20:58:28.902+0000] {dag.py:3722} INFO - Setting next_dagrun for weather_dag to 2023-12-08T00:00:00+00:00, run_after=2023-12-09T00:00:00+00:00
[2023-12-08T20:58:28.924+0000] {processor.py:179} INFO - Processing /home/ubuntu/airflow/dags/etl.py took 0.175 seconds
[2023-12-08T20:58:52.045+0000] {processor.py:157} INFO - Started process (PID=5880) to work on /home/ubuntu/airflow/dags/etl.py
[2023-12-08T20:58:52.046+0000] {processor.py:829} INFO - Processing file /home/ubuntu/airflow/dags/etl.py for tasks to queue
[2023-12-08T20:58:52.048+0000] {logging_mixin.py:154} INFO - [2023-12-08T20:58:52.047+0000] {dagbag.py:536} INFO - Filling up the DagBag from /home/ubuntu/airflow/dags/etl.py
[2023-12-08T20:58:52.066+0000] {logging_mixin.py:154} WARNING - /usr/local/lib/python3.10/dist-packages/airflow/models/baseoperator.py:437 AirflowProviderDeprecationWarning: Class `SimpleHttpOperator` is deprecated and will be removed in a future release. Please use `HttpOperator` instead.
[2023-12-08T20:58:52.073+0000] {processor.py:839} INFO - DAG(s) dict_keys(['weather_dag']) retrieved from /home/ubuntu/airflow/dags/etl.py
[2023-12-08T20:58:52.082+0000] {logging_mixin.py:154} INFO - [2023-12-08T20:58:52.082+0000] {dag.py:2941} INFO - Sync 1 DAGs
[2023-12-08T20:58:52.113+0000] {logging_mixin.py:154} INFO - [2023-12-08T20:58:52.113+0000] {dag.py:3722} INFO - Setting next_dagrun for weather_dag to 2023-12-08T00:00:00+00:00, run_after=2023-12-09T00:00:00+00:00
[2023-12-08T20:58:52.146+0000] {processor.py:179} INFO - Processing /home/ubuntu/airflow/dags/etl.py took 0.105 seconds
[2023-12-08T20:59:23.016+0000] {processor.py:157} INFO - Started process (PID=6190) to work on /home/ubuntu/airflow/dags/etl.py
[2023-12-08T20:59:23.018+0000] {processor.py:829} INFO - Processing file /home/ubuntu/airflow/dags/etl.py for tasks to queue
[2023-12-08T20:59:23.019+0000] {logging_mixin.py:154} INFO - [2023-12-08T20:59:23.019+0000] {dagbag.py:536} INFO - Filling up the DagBag from /home/ubuntu/airflow/dags/etl.py
[2023-12-08T20:59:23.033+0000] {logging_mixin.py:154} WARNING - /usr/local/lib/python3.10/dist-packages/airflow/models/baseoperator.py:437 AirflowProviderDeprecationWarning: Class `SimpleHttpOperator` is deprecated and will be removed in a future release. Please use `HttpOperator` instead.
[2023-12-08T20:59:23.039+0000] {processor.py:839} INFO - DAG(s) dict_keys(['weather_dag']) retrieved from /home/ubuntu/airflow/dags/etl.py
[2023-12-08T20:59:23.141+0000] {logging_mixin.py:154} INFO - [2023-12-08T20:59:23.141+0000] {dag.py:2941} INFO - Sync 1 DAGs
[2023-12-08T20:59:23.162+0000] {logging_mixin.py:154} INFO - [2023-12-08T20:59:23.161+0000] {dag.py:3722} INFO - Setting next_dagrun for weather_dag to 2023-12-08T00:00:00+00:00, run_after=2023-12-09T00:00:00+00:00
[2023-12-08T20:59:23.189+0000] {processor.py:179} INFO - Processing /home/ubuntu/airflow/dags/etl.py took 0.176 seconds
[2023-12-08T20:59:53.255+0000] {processor.py:157} INFO - Started process (PID=6374) to work on /home/ubuntu/airflow/dags/etl.py
[2023-12-08T20:59:53.256+0000] {processor.py:829} INFO - Processing file /home/ubuntu/airflow/dags/etl.py for tasks to queue
[2023-12-08T20:59:53.257+0000] {logging_mixin.py:154} INFO - [2023-12-08T20:59:53.257+0000] {dagbag.py:536} INFO - Filling up the DagBag from /home/ubuntu/airflow/dags/etl.py
[2023-12-08T20:59:53.269+0000] {logging_mixin.py:154} WARNING - /usr/local/lib/python3.10/dist-packages/airflow/models/baseoperator.py:437 AirflowProviderDeprecationWarning: Class `SimpleHttpOperator` is deprecated and will be removed in a future release. Please use `HttpOperator` instead.
[2023-12-08T20:59:53.275+0000] {processor.py:839} INFO - DAG(s) dict_keys(['weather_dag']) retrieved from /home/ubuntu/airflow/dags/etl.py
[2023-12-08T20:59:53.371+0000] {logging_mixin.py:154} INFO - [2023-12-08T20:59:53.371+0000] {dag.py:2941} INFO - Sync 1 DAGs
[2023-12-08T20:59:53.391+0000] {logging_mixin.py:154} INFO - [2023-12-08T20:59:53.390+0000] {dag.py:3722} INFO - Setting next_dagrun for weather_dag to 2023-12-08T00:00:00+00:00, run_after=2023-12-09T00:00:00+00:00
[2023-12-08T20:59:53.412+0000] {processor.py:179} INFO - Processing /home/ubuntu/airflow/dags/etl.py took 0.160 seconds
[2023-12-08T21:00:01.322+0000] {processor.py:157} INFO - Started process (PID=6381) to work on /home/ubuntu/airflow/dags/etl.py
[2023-12-08T21:00:01.324+0000] {processor.py:829} INFO - Processing file /home/ubuntu/airflow/dags/etl.py for tasks to queue
[2023-12-08T21:00:01.325+0000] {logging_mixin.py:154} INFO - [2023-12-08T21:00:01.324+0000] {dagbag.py:536} INFO - Filling up the DagBag from /home/ubuntu/airflow/dags/etl.py
[2023-12-08T21:00:01.362+0000] {logging_mixin.py:154} WARNING - /usr/local/lib/python3.10/dist-packages/airflow/models/baseoperator.py:437 AirflowProviderDeprecationWarning: Class `SimpleHttpOperator` is deprecated and will be removed in a future release. Please use `HttpOperator` instead.
[2023-12-08T21:00:01.370+0000] {processor.py:839} INFO - DAG(s) dict_keys(['weather_dag']) retrieved from /home/ubuntu/airflow/dags/etl.py
[2023-12-08T21:00:01.383+0000] {logging_mixin.py:154} INFO - [2023-12-08T21:00:01.383+0000] {dag.py:2941} INFO - Sync 1 DAGs
[2023-12-08T21:00:01.416+0000] {logging_mixin.py:154} INFO - [2023-12-08T21:00:01.415+0000] {dag.py:3722} INFO - Setting next_dagrun for weather_dag to 2023-12-08T00:00:00+00:00, run_after=2023-12-09T00:00:00+00:00
[2023-12-08T21:00:01.453+0000] {processor.py:179} INFO - Processing /home/ubuntu/airflow/dags/etl.py took 0.138 seconds
[2023-12-08T21:00:31.739+0000] {processor.py:157} INFO - Started process (PID=6710) to work on /home/ubuntu/airflow/dags/etl.py
[2023-12-08T21:00:31.741+0000] {processor.py:829} INFO - Processing file /home/ubuntu/airflow/dags/etl.py for tasks to queue
[2023-12-08T21:00:31.742+0000] {logging_mixin.py:154} INFO - [2023-12-08T21:00:31.741+0000] {dagbag.py:536} INFO - Filling up the DagBag from /home/ubuntu/airflow/dags/etl.py
[2023-12-08T21:00:31.758+0000] {logging_mixin.py:154} WARNING - /usr/local/lib/python3.10/dist-packages/airflow/models/baseoperator.py:437 AirflowProviderDeprecationWarning: Class `SimpleHttpOperator` is deprecated and will be removed in a future release. Please use `HttpOperator` instead.
[2023-12-08T21:00:31.768+0000] {processor.py:839} INFO - DAG(s) dict_keys(['weather_dag']) retrieved from /home/ubuntu/airflow/dags/etl.py
[2023-12-08T21:00:31.901+0000] {logging_mixin.py:154} INFO - [2023-12-08T21:00:31.901+0000] {dag.py:2941} INFO - Sync 1 DAGs
[2023-12-08T21:00:31.926+0000] {logging_mixin.py:154} INFO - [2023-12-08T21:00:31.926+0000] {dag.py:3722} INFO - Setting next_dagrun for weather_dag to 2023-12-08T00:00:00+00:00, run_after=2023-12-09T00:00:00+00:00
[2023-12-08T21:00:31.954+0000] {processor.py:179} INFO - Processing /home/ubuntu/airflow/dags/etl.py took 0.218 seconds
[2023-12-08T21:01:02.362+0000] {processor.py:157} INFO - Started process (PID=7058) to work on /home/ubuntu/airflow/dags/etl.py
[2023-12-08T21:01:02.366+0000] {processor.py:829} INFO - Processing file /home/ubuntu/airflow/dags/etl.py for tasks to queue
[2023-12-08T21:01:02.367+0000] {logging_mixin.py:154} INFO - [2023-12-08T21:01:02.366+0000] {dagbag.py:536} INFO - Filling up the DagBag from /home/ubuntu/airflow/dags/etl.py
[2023-12-08T21:01:02.389+0000] {logging_mixin.py:154} WARNING - /usr/local/lib/python3.10/dist-packages/airflow/models/baseoperator.py:437 AirflowProviderDeprecationWarning: Class `SimpleHttpOperator` is deprecated and will be removed in a future release. Please use `HttpOperator` instead.
[2023-12-08T21:01:02.403+0000] {processor.py:839} INFO - DAG(s) dict_keys(['weather_dag']) retrieved from /home/ubuntu/airflow/dags/etl.py
[2023-12-08T21:01:02.558+0000] {logging_mixin.py:154} INFO - [2023-12-08T21:01:02.558+0000] {dag.py:2941} INFO - Sync 1 DAGs
[2023-12-08T21:01:02.583+0000] {logging_mixin.py:154} INFO - [2023-12-08T21:01:02.583+0000] {dag.py:3722} INFO - Setting next_dagrun for weather_dag to 2023-12-08T00:00:00+00:00, run_after=2023-12-09T00:00:00+00:00
[2023-12-08T21:01:02.624+0000] {processor.py:179} INFO - Processing /home/ubuntu/airflow/dags/etl.py took 0.270 seconds
[2023-12-08T21:01:32.825+0000] {processor.py:157} INFO - Started process (PID=7435) to work on /home/ubuntu/airflow/dags/etl.py
[2023-12-08T21:01:32.826+0000] {processor.py:829} INFO - Processing file /home/ubuntu/airflow/dags/etl.py for tasks to queue
[2023-12-08T21:01:32.828+0000] {logging_mixin.py:154} INFO - [2023-12-08T21:01:32.827+0000] {dagbag.py:536} INFO - Filling up the DagBag from /home/ubuntu/airflow/dags/etl.py
[2023-12-08T21:01:32.850+0000] {logging_mixin.py:154} WARNING - /usr/local/lib/python3.10/dist-packages/airflow/models/baseoperator.py:437 AirflowProviderDeprecationWarning: Class `SimpleHttpOperator` is deprecated and will be removed in a future release. Please use `HttpOperator` instead.
[2023-12-08T21:01:32.861+0000] {processor.py:839} INFO - DAG(s) dict_keys(['weather_dag']) retrieved from /home/ubuntu/airflow/dags/etl.py
[2023-12-08T21:01:32.966+0000] {logging_mixin.py:154} INFO - [2023-12-08T21:01:32.966+0000] {dag.py:2941} INFO - Sync 1 DAGs
[2023-12-08T21:01:32.985+0000] {logging_mixin.py:154} INFO - [2023-12-08T21:01:32.985+0000] {dag.py:3722} INFO - Setting next_dagrun for weather_dag to 2023-12-08T00:00:00+00:00, run_after=2023-12-09T00:00:00+00:00
[2023-12-08T21:01:33.009+0000] {processor.py:179} INFO - Processing /home/ubuntu/airflow/dags/etl.py took 0.188 seconds
[2023-12-08T21:02:03.240+0000] {processor.py:157} INFO - Started process (PID=7494) to work on /home/ubuntu/airflow/dags/etl.py
[2023-12-08T21:02:03.241+0000] {processor.py:829} INFO - Processing file /home/ubuntu/airflow/dags/etl.py for tasks to queue
[2023-12-08T21:02:03.242+0000] {logging_mixin.py:154} INFO - [2023-12-08T21:02:03.242+0000] {dagbag.py:536} INFO - Filling up the DagBag from /home/ubuntu/airflow/dags/etl.py
[2023-12-08T21:02:03.255+0000] {logging_mixin.py:154} WARNING - /usr/local/lib/python3.10/dist-packages/airflow/models/baseoperator.py:437 AirflowProviderDeprecationWarning: Class `SimpleHttpOperator` is deprecated and will be removed in a future release. Please use `HttpOperator` instead.
[2023-12-08T21:02:03.259+0000] {processor.py:839} INFO - DAG(s) dict_keys(['weather_dag']) retrieved from /home/ubuntu/airflow/dags/etl.py
[2023-12-08T21:02:03.359+0000] {logging_mixin.py:154} INFO - [2023-12-08T21:02:03.358+0000] {dag.py:2941} INFO - Sync 1 DAGs
[2023-12-08T21:02:03.377+0000] {logging_mixin.py:154} INFO - [2023-12-08T21:02:03.377+0000] {dag.py:3722} INFO - Setting next_dagrun for weather_dag to 2023-12-08T00:00:00+00:00, run_after=2023-12-09T00:00:00+00:00
[2023-12-08T21:02:03.401+0000] {processor.py:179} INFO - Processing /home/ubuntu/airflow/dags/etl.py took 0.164 seconds
[2023-12-08T21:02:34.987+0000] {processor.py:157} INFO - Started process (PID=7692) to work on /home/ubuntu/airflow/dags/etl.py
[2023-12-08T21:02:34.988+0000] {processor.py:829} INFO - Processing file /home/ubuntu/airflow/dags/etl.py for tasks to queue
[2023-12-08T21:02:34.989+0000] {logging_mixin.py:154} INFO - [2023-12-08T21:02:34.989+0000] {dagbag.py:536} INFO - Filling up the DagBag from /home/ubuntu/airflow/dags/etl.py
[2023-12-08T21:02:35.020+0000] {logging_mixin.py:154} WARNING - /usr/local/lib/python3.10/dist-packages/airflow/models/baseoperator.py:437 AirflowProviderDeprecationWarning: Class `SimpleHttpOperator` is deprecated and will be removed in a future release. Please use `HttpOperator` instead.
[2023-12-08T21:02:35.027+0000] {processor.py:839} INFO - DAG(s) dict_keys(['weather_dag']) retrieved from /home/ubuntu/airflow/dags/etl.py
[2023-12-08T21:02:35.161+0000] {logging_mixin.py:154} INFO - [2023-12-08T21:02:35.161+0000] {dag.py:2941} INFO - Sync 1 DAGs
[2023-12-08T21:02:35.184+0000] {logging_mixin.py:154} INFO - [2023-12-08T21:02:35.183+0000] {dag.py:3722} INFO - Setting next_dagrun for weather_dag to 2023-12-08T00:00:00+00:00, run_after=2023-12-09T00:00:00+00:00
[2023-12-08T21:02:35.212+0000] {processor.py:179} INFO - Processing /home/ubuntu/airflow/dags/etl.py took 0.231 seconds
[2023-12-08T21:03:05.666+0000] {processor.py:157} INFO - Started process (PID=8057) to work on /home/ubuntu/airflow/dags/etl.py
[2023-12-08T21:03:05.667+0000] {processor.py:829} INFO - Processing file /home/ubuntu/airflow/dags/etl.py for tasks to queue
[2023-12-08T21:03:05.668+0000] {logging_mixin.py:154} INFO - [2023-12-08T21:03:05.668+0000] {dagbag.py:536} INFO - Filling up the DagBag from /home/ubuntu/airflow/dags/etl.py
[2023-12-08T21:03:05.683+0000] {logging_mixin.py:154} WARNING - /usr/local/lib/python3.10/dist-packages/airflow/models/baseoperator.py:437 AirflowProviderDeprecationWarning: Class `SimpleHttpOperator` is deprecated and will be removed in a future release. Please use `HttpOperator` instead.
[2023-12-08T21:03:05.690+0000] {processor.py:839} INFO - DAG(s) dict_keys(['weather_dag']) retrieved from /home/ubuntu/airflow/dags/etl.py
[2023-12-08T21:03:05.786+0000] {logging_mixin.py:154} INFO - [2023-12-08T21:03:05.786+0000] {dag.py:2941} INFO - Sync 1 DAGs
[2023-12-08T21:03:05.807+0000] {logging_mixin.py:154} INFO - [2023-12-08T21:03:05.806+0000] {dag.py:3722} INFO - Setting next_dagrun for weather_dag to 2023-12-08T00:00:00+00:00, run_after=2023-12-09T00:00:00+00:00
[2023-12-08T21:03:05.833+0000] {processor.py:179} INFO - Processing /home/ubuntu/airflow/dags/etl.py took 0.170 seconds
[2023-12-08T21:03:15.162+0000] {processor.py:157} INFO - Started process (PID=8126) to work on /home/ubuntu/airflow/dags/etl.py
[2023-12-08T21:03:15.164+0000] {processor.py:829} INFO - Processing file /home/ubuntu/airflow/dags/etl.py for tasks to queue
[2023-12-08T21:03:15.165+0000] {logging_mixin.py:154} INFO - [2023-12-08T21:03:15.164+0000] {dagbag.py:536} INFO - Filling up the DagBag from /home/ubuntu/airflow/dags/etl.py
[2023-12-08T21:03:15.179+0000] {logging_mixin.py:154} WARNING - /usr/local/lib/python3.10/dist-packages/airflow/models/baseoperator.py:437 AirflowProviderDeprecationWarning: Class `SimpleHttpOperator` is deprecated and will be removed in a future release. Please use `HttpOperator` instead.
[2023-12-08T21:03:15.184+0000] {processor.py:839} INFO - DAG(s) dict_keys(['weather_dag']) retrieved from /home/ubuntu/airflow/dags/etl.py
[2023-12-08T21:03:15.192+0000] {logging_mixin.py:154} INFO - [2023-12-08T21:03:15.191+0000] {dag.py:2941} INFO - Sync 1 DAGs
[2023-12-08T21:03:15.217+0000] {logging_mixin.py:154} INFO - [2023-12-08T21:03:15.217+0000] {dag.py:3722} INFO - Setting next_dagrun for weather_dag to 2023-12-08T00:00:00+00:00, run_after=2023-12-09T00:00:00+00:00
[2023-12-08T21:03:15.253+0000] {processor.py:179} INFO - Processing /home/ubuntu/airflow/dags/etl.py took 0.097 seconds
[2023-12-08T21:03:45.572+0000] {processor.py:157} INFO - Started process (PID=8499) to work on /home/ubuntu/airflow/dags/etl.py
[2023-12-08T21:03:45.573+0000] {processor.py:829} INFO - Processing file /home/ubuntu/airflow/dags/etl.py for tasks to queue
[2023-12-08T21:03:45.574+0000] {logging_mixin.py:154} INFO - [2023-12-08T21:03:45.574+0000] {dagbag.py:536} INFO - Filling up the DagBag from /home/ubuntu/airflow/dags/etl.py
[2023-12-08T21:03:45.587+0000] {logging_mixin.py:154} WARNING - /usr/local/lib/python3.10/dist-packages/airflow/models/baseoperator.py:437 AirflowProviderDeprecationWarning: Class `SimpleHttpOperator` is deprecated and will be removed in a future release. Please use `HttpOperator` instead.
[2023-12-08T21:03:45.592+0000] {processor.py:839} INFO - DAG(s) dict_keys(['weather_dag']) retrieved from /home/ubuntu/airflow/dags/etl.py
[2023-12-08T21:03:45.691+0000] {logging_mixin.py:154} INFO - [2023-12-08T21:03:45.691+0000] {dag.py:2941} INFO - Sync 1 DAGs
[2023-12-08T21:03:45.712+0000] {logging_mixin.py:154} INFO - [2023-12-08T21:03:45.711+0000] {dag.py:3722} INFO - Setting next_dagrun for weather_dag to 2023-12-08T00:00:00+00:00, run_after=2023-12-09T00:00:00+00:00
[2023-12-08T21:03:45.735+0000] {processor.py:179} INFO - Processing /home/ubuntu/airflow/dags/etl.py took 0.166 seconds
[2023-12-08T21:04:15.956+0000] {processor.py:157} INFO - Started process (PID=8860) to work on /home/ubuntu/airflow/dags/etl.py
[2023-12-08T21:04:15.957+0000] {processor.py:829} INFO - Processing file /home/ubuntu/airflow/dags/etl.py for tasks to queue
[2023-12-08T21:04:15.958+0000] {logging_mixin.py:154} INFO - [2023-12-08T21:04:15.958+0000] {dagbag.py:536} INFO - Filling up the DagBag from /home/ubuntu/airflow/dags/etl.py
[2023-12-08T21:04:15.971+0000] {logging_mixin.py:154} WARNING - /usr/local/lib/python3.10/dist-packages/airflow/models/baseoperator.py:437 AirflowProviderDeprecationWarning: Class `SimpleHttpOperator` is deprecated and will be removed in a future release. Please use `HttpOperator` instead.
[2023-12-08T21:04:15.975+0000] {processor.py:839} INFO - DAG(s) dict_keys(['weather_dag']) retrieved from /home/ubuntu/airflow/dags/etl.py
[2023-12-08T21:04:16.066+0000] {logging_mixin.py:154} INFO - [2023-12-08T21:04:16.066+0000] {dag.py:2941} INFO - Sync 1 DAGs
[2023-12-08T21:04:16.086+0000] {logging_mixin.py:154} INFO - [2023-12-08T21:04:16.085+0000] {dag.py:3722} INFO - Setting next_dagrun for weather_dag to 2023-12-08T00:00:00+00:00, run_after=2023-12-09T00:00:00+00:00
[2023-12-08T21:04:16.109+0000] {processor.py:179} INFO - Processing /home/ubuntu/airflow/dags/etl.py took 0.156 seconds
[2023-12-08T21:04:46.887+0000] {processor.py:157} INFO - Started process (PID=9224) to work on /home/ubuntu/airflow/dags/etl.py
[2023-12-08T21:04:46.889+0000] {processor.py:829} INFO - Processing file /home/ubuntu/airflow/dags/etl.py for tasks to queue
[2023-12-08T21:04:46.890+0000] {logging_mixin.py:154} INFO - [2023-12-08T21:04:46.889+0000] {dagbag.py:536} INFO - Filling up the DagBag from /home/ubuntu/airflow/dags/etl.py
[2023-12-08T21:04:46.908+0000] {logging_mixin.py:154} WARNING - /usr/local/lib/python3.10/dist-packages/airflow/models/baseoperator.py:437 AirflowProviderDeprecationWarning: Class `SimpleHttpOperator` is deprecated and will be removed in a future release. Please use `HttpOperator` instead.
[2023-12-08T21:04:46.915+0000] {processor.py:839} INFO - DAG(s) dict_keys(['weather_dag']) retrieved from /home/ubuntu/airflow/dags/etl.py
[2023-12-08T21:04:47.033+0000] {logging_mixin.py:154} INFO - [2023-12-08T21:04:47.033+0000] {dag.py:2941} INFO - Sync 1 DAGs
[2023-12-08T21:04:47.069+0000] {logging_mixin.py:154} INFO - [2023-12-08T21:04:47.069+0000] {dag.py:3722} INFO - Setting next_dagrun for weather_dag to 2023-12-08T00:00:00+00:00, run_after=2023-12-09T00:00:00+00:00
[2023-12-08T21:04:47.096+0000] {processor.py:179} INFO - Processing /home/ubuntu/airflow/dags/etl.py took 0.212 seconds
[2023-12-08T21:05:17.268+0000] {processor.py:157} INFO - Started process (PID=9492) to work on /home/ubuntu/airflow/dags/etl.py
[2023-12-08T21:05:17.269+0000] {processor.py:829} INFO - Processing file /home/ubuntu/airflow/dags/etl.py for tasks to queue
[2023-12-08T21:05:17.270+0000] {logging_mixin.py:154} INFO - [2023-12-08T21:05:17.270+0000] {dagbag.py:536} INFO - Filling up the DagBag from /home/ubuntu/airflow/dags/etl.py
[2023-12-08T21:05:17.282+0000] {logging_mixin.py:154} WARNING - /usr/local/lib/python3.10/dist-packages/airflow/models/baseoperator.py:437 AirflowProviderDeprecationWarning: Class `SimpleHttpOperator` is deprecated and will be removed in a future release. Please use `HttpOperator` instead.
[2023-12-08T21:05:17.287+0000] {processor.py:839} INFO - DAG(s) dict_keys(['weather_dag']) retrieved from /home/ubuntu/airflow/dags/etl.py
[2023-12-08T21:05:17.378+0000] {logging_mixin.py:154} INFO - [2023-12-08T21:05:17.378+0000] {dag.py:2941} INFO - Sync 1 DAGs
[2023-12-08T21:05:17.397+0000] {logging_mixin.py:154} INFO - [2023-12-08T21:05:17.397+0000] {dag.py:3722} INFO - Setting next_dagrun for weather_dag to 2023-12-08T00:00:00+00:00, run_after=2023-12-09T00:00:00+00:00
[2023-12-08T21:05:17.420+0000] {processor.py:179} INFO - Processing /home/ubuntu/airflow/dags/etl.py took 0.154 seconds
[2023-12-08T21:05:47.531+0000] {processor.py:157} INFO - Started process (PID=9566) to work on /home/ubuntu/airflow/dags/etl.py
[2023-12-08T21:05:47.533+0000] {processor.py:829} INFO - Processing file /home/ubuntu/airflow/dags/etl.py for tasks to queue
[2023-12-08T21:05:47.535+0000] {logging_mixin.py:154} INFO - [2023-12-08T21:05:47.534+0000] {dagbag.py:536} INFO - Filling up the DagBag from /home/ubuntu/airflow/dags/etl.py
[2023-12-08T21:05:47.554+0000] {logging_mixin.py:154} WARNING - /usr/local/lib/python3.10/dist-packages/airflow/models/baseoperator.py:437 AirflowProviderDeprecationWarning: Class `SimpleHttpOperator` is deprecated and will be removed in a future release. Please use `HttpOperator` instead.
[2023-12-08T21:05:47.559+0000] {processor.py:839} INFO - DAG(s) dict_keys(['weather_dag']) retrieved from /home/ubuntu/airflow/dags/etl.py
[2023-12-08T21:05:47.673+0000] {logging_mixin.py:154} INFO - [2023-12-08T21:05:47.673+0000] {dag.py:2941} INFO - Sync 1 DAGs
[2023-12-08T21:05:47.694+0000] {logging_mixin.py:154} INFO - [2023-12-08T21:05:47.694+0000] {dag.py:3722} INFO - Setting next_dagrun for weather_dag to 2023-12-08T00:00:00+00:00, run_after=2023-12-09T00:00:00+00:00
[2023-12-08T21:05:47.721+0000] {processor.py:179} INFO - Processing /home/ubuntu/airflow/dags/etl.py took 0.195 seconds
[2023-12-08T21:06:17.827+0000] {processor.py:157} INFO - Started process (PID=9567) to work on /home/ubuntu/airflow/dags/etl.py
[2023-12-08T21:06:17.828+0000] {processor.py:829} INFO - Processing file /home/ubuntu/airflow/dags/etl.py for tasks to queue
[2023-12-08T21:06:17.830+0000] {logging_mixin.py:154} INFO - [2023-12-08T21:06:17.829+0000] {dagbag.py:536} INFO - Filling up the DagBag from /home/ubuntu/airflow/dags/etl.py
[2023-12-08T21:06:17.846+0000] {logging_mixin.py:154} WARNING - /usr/local/lib/python3.10/dist-packages/airflow/models/baseoperator.py:437 AirflowProviderDeprecationWarning: Class `SimpleHttpOperator` is deprecated and will be removed in a future release. Please use `HttpOperator` instead.
[2023-12-08T21:06:17.851+0000] {processor.py:839} INFO - DAG(s) dict_keys(['weather_dag']) retrieved from /home/ubuntu/airflow/dags/etl.py
[2023-12-08T21:06:17.961+0000] {logging_mixin.py:154} INFO - [2023-12-08T21:06:17.960+0000] {dag.py:2941} INFO - Sync 1 DAGs
[2023-12-08T21:06:17.983+0000] {logging_mixin.py:154} INFO - [2023-12-08T21:06:17.983+0000] {dag.py:3722} INFO - Setting next_dagrun for weather_dag to 2023-12-08T00:00:00+00:00, run_after=2023-12-09T00:00:00+00:00
[2023-12-08T21:06:18.014+0000] {processor.py:179} INFO - Processing /home/ubuntu/airflow/dags/etl.py took 0.191 seconds
[2023-12-08T21:06:48.120+0000] {processor.py:157} INFO - Started process (PID=9631) to work on /home/ubuntu/airflow/dags/etl.py
[2023-12-08T21:06:48.121+0000] {processor.py:829} INFO - Processing file /home/ubuntu/airflow/dags/etl.py for tasks to queue
[2023-12-08T21:06:48.122+0000] {logging_mixin.py:154} INFO - [2023-12-08T21:06:48.122+0000] {dagbag.py:536} INFO - Filling up the DagBag from /home/ubuntu/airflow/dags/etl.py
[2023-12-08T21:06:48.144+0000] {logging_mixin.py:154} WARNING - /usr/local/lib/python3.10/dist-packages/airflow/models/baseoperator.py:437 AirflowProviderDeprecationWarning: Class `SimpleHttpOperator` is deprecated and will be removed in a future release. Please use `HttpOperator` instead.
[2023-12-08T21:06:48.157+0000] {processor.py:839} INFO - DAG(s) dict_keys(['weather_dag']) retrieved from /home/ubuntu/airflow/dags/etl.py
[2023-12-08T21:06:48.289+0000] {logging_mixin.py:154} INFO - [2023-12-08T21:06:48.289+0000] {dag.py:2941} INFO - Sync 1 DAGs
[2023-12-08T21:06:48.313+0000] {logging_mixin.py:154} INFO - [2023-12-08T21:06:48.313+0000] {dag.py:3722} INFO - Setting next_dagrun for weather_dag to 2023-12-08T00:00:00+00:00, run_after=2023-12-09T00:00:00+00:00
[2023-12-08T21:06:48.340+0000] {processor.py:179} INFO - Processing /home/ubuntu/airflow/dags/etl.py took 0.225 seconds
[2023-12-08T21:07:18.471+0000] {processor.py:157} INFO - Started process (PID=9704) to work on /home/ubuntu/airflow/dags/etl.py
[2023-12-08T21:07:18.473+0000] {processor.py:829} INFO - Processing file /home/ubuntu/airflow/dags/etl.py for tasks to queue
[2023-12-08T21:07:18.480+0000] {logging_mixin.py:154} INFO - [2023-12-08T21:07:18.475+0000] {dagbag.py:536} INFO - Filling up the DagBag from /home/ubuntu/airflow/dags/etl.py
[2023-12-08T21:07:18.508+0000] {logging_mixin.py:154} WARNING - /usr/local/lib/python3.10/dist-packages/airflow/models/baseoperator.py:437 AirflowProviderDeprecationWarning: Class `SimpleHttpOperator` is deprecated and will be removed in a future release. Please use `HttpOperator` instead.
[2023-12-08T21:07:18.517+0000] {processor.py:839} INFO - DAG(s) dict_keys(['weather_dag']) retrieved from /home/ubuntu/airflow/dags/etl.py
[2023-12-08T21:07:18.682+0000] {logging_mixin.py:154} INFO - [2023-12-08T21:07:18.682+0000] {dag.py:2941} INFO - Sync 1 DAGs
[2023-12-08T21:07:18.709+0000] {logging_mixin.py:154} INFO - [2023-12-08T21:07:18.709+0000] {dag.py:3722} INFO - Setting next_dagrun for weather_dag to 2023-12-08T00:00:00+00:00, run_after=2023-12-09T00:00:00+00:00
[2023-12-08T21:07:18.745+0000] {processor.py:179} INFO - Processing /home/ubuntu/airflow/dags/etl.py took 0.281 seconds
[2023-12-08T21:07:48.836+0000] {processor.py:157} INFO - Started process (PID=9865) to work on /home/ubuntu/airflow/dags/etl.py
[2023-12-08T21:07:48.837+0000] {processor.py:829} INFO - Processing file /home/ubuntu/airflow/dags/etl.py for tasks to queue
[2023-12-08T21:07:48.838+0000] {logging_mixin.py:154} INFO - [2023-12-08T21:07:48.838+0000] {dagbag.py:536} INFO - Filling up the DagBag from /home/ubuntu/airflow/dags/etl.py
[2023-12-08T21:07:48.851+0000] {logging_mixin.py:154} WARNING - /usr/local/lib/python3.10/dist-packages/airflow/models/baseoperator.py:437 AirflowProviderDeprecationWarning: Class `SimpleHttpOperator` is deprecated and will be removed in a future release. Please use `HttpOperator` instead.
[2023-12-08T21:07:48.855+0000] {processor.py:839} INFO - DAG(s) dict_keys(['weather_dag']) retrieved from /home/ubuntu/airflow/dags/etl.py
[2023-12-08T21:07:48.959+0000] {logging_mixin.py:154} INFO - [2023-12-08T21:07:48.959+0000] {dag.py:2941} INFO - Sync 1 DAGs
[2023-12-08T21:07:49.000+0000] {logging_mixin.py:154} INFO - [2023-12-08T21:07:48.999+0000] {dag.py:3722} INFO - Setting next_dagrun for weather_dag to 2023-12-08T00:00:00+00:00, run_after=2023-12-09T00:00:00+00:00
[2023-12-08T21:07:49.025+0000] {processor.py:179} INFO - Processing /home/ubuntu/airflow/dags/etl.py took 0.193 seconds
[2023-12-08T21:08:19.129+0000] {processor.py:157} INFO - Started process (PID=9975) to work on /home/ubuntu/airflow/dags/etl.py
[2023-12-08T21:08:19.130+0000] {processor.py:829} INFO - Processing file /home/ubuntu/airflow/dags/etl.py for tasks to queue
[2023-12-08T21:08:19.131+0000] {logging_mixin.py:154} INFO - [2023-12-08T21:08:19.131+0000] {dagbag.py:536} INFO - Filling up the DagBag from /home/ubuntu/airflow/dags/etl.py
[2023-12-08T21:08:19.144+0000] {logging_mixin.py:154} WARNING - /usr/local/lib/python3.10/dist-packages/airflow/models/baseoperator.py:437 AirflowProviderDeprecationWarning: Class `SimpleHttpOperator` is deprecated and will be removed in a future release. Please use `HttpOperator` instead.
[2023-12-08T21:08:19.148+0000] {processor.py:839} INFO - DAG(s) dict_keys(['weather_dag']) retrieved from /home/ubuntu/airflow/dags/etl.py
[2023-12-08T21:08:19.280+0000] {logging_mixin.py:154} INFO - [2023-12-08T21:08:19.280+0000] {dag.py:2941} INFO - Sync 1 DAGs
[2023-12-08T21:08:19.305+0000] {logging_mixin.py:154} INFO - [2023-12-08T21:08:19.305+0000] {dag.py:3722} INFO - Setting next_dagrun for weather_dag to 2023-12-08T00:00:00+00:00, run_after=2023-12-09T00:00:00+00:00
[2023-12-08T21:08:19.327+0000] {processor.py:179} INFO - Processing /home/ubuntu/airflow/dags/etl.py took 0.202 seconds
[2023-12-08T21:08:49.494+0000] {processor.py:157} INFO - Started process (PID=10117) to work on /home/ubuntu/airflow/dags/etl.py
[2023-12-08T21:08:49.495+0000] {processor.py:829} INFO - Processing file /home/ubuntu/airflow/dags/etl.py for tasks to queue
[2023-12-08T21:08:49.496+0000] {logging_mixin.py:154} INFO - [2023-12-08T21:08:49.495+0000] {dagbag.py:536} INFO - Filling up the DagBag from /home/ubuntu/airflow/dags/etl.py
[2023-12-08T21:08:49.518+0000] {logging_mixin.py:154} WARNING - /usr/local/lib/python3.10/dist-packages/airflow/models/baseoperator.py:437 AirflowProviderDeprecationWarning: Class `SimpleHttpOperator` is deprecated and will be removed in a future release. Please use `HttpOperator` instead.
[2023-12-08T21:08:49.532+0000] {processor.py:839} INFO - DAG(s) dict_keys(['weather_dag']) retrieved from /home/ubuntu/airflow/dags/etl.py
[2023-12-08T21:08:49.698+0000] {logging_mixin.py:154} INFO - [2023-12-08T21:08:49.698+0000] {dag.py:2941} INFO - Sync 1 DAGs
[2023-12-08T21:08:49.718+0000] {logging_mixin.py:154} INFO - [2023-12-08T21:08:49.718+0000] {dag.py:3722} INFO - Setting next_dagrun for weather_dag to 2023-12-08T00:00:00+00:00, run_after=2023-12-09T00:00:00+00:00
[2023-12-08T21:08:49.740+0000] {processor.py:179} INFO - Processing /home/ubuntu/airflow/dags/etl.py took 0.249 seconds
[2023-12-08T21:09:19.891+0000] {processor.py:157} INFO - Started process (PID=10153) to work on /home/ubuntu/airflow/dags/etl.py
[2023-12-08T21:09:19.892+0000] {processor.py:829} INFO - Processing file /home/ubuntu/airflow/dags/etl.py for tasks to queue
[2023-12-08T21:09:19.893+0000] {logging_mixin.py:154} INFO - [2023-12-08T21:09:19.893+0000] {dagbag.py:536} INFO - Filling up the DagBag from /home/ubuntu/airflow/dags/etl.py
[2023-12-08T21:09:19.907+0000] {logging_mixin.py:154} WARNING - /usr/local/lib/python3.10/dist-packages/airflow/models/baseoperator.py:437 AirflowProviderDeprecationWarning: Class `SimpleHttpOperator` is deprecated and will be removed in a future release. Please use `HttpOperator` instead.
[2023-12-08T21:09:19.912+0000] {processor.py:839} INFO - DAG(s) dict_keys(['weather_dag']) retrieved from /home/ubuntu/airflow/dags/etl.py
[2023-12-08T21:09:20.034+0000] {logging_mixin.py:154} INFO - [2023-12-08T21:09:20.034+0000] {dag.py:2941} INFO - Sync 1 DAGs
[2023-12-08T21:09:20.054+0000] {logging_mixin.py:154} INFO - [2023-12-08T21:09:20.054+0000] {dag.py:3722} INFO - Setting next_dagrun for weather_dag to 2023-12-08T00:00:00+00:00, run_after=2023-12-09T00:00:00+00:00
[2023-12-08T21:09:20.075+0000] {processor.py:179} INFO - Processing /home/ubuntu/airflow/dags/etl.py took 0.188 seconds
[2023-12-08T21:09:50.148+0000] {processor.py:157} INFO - Started process (PID=10241) to work on /home/ubuntu/airflow/dags/etl.py
[2023-12-08T21:09:50.149+0000] {processor.py:829} INFO - Processing file /home/ubuntu/airflow/dags/etl.py for tasks to queue
[2023-12-08T21:09:50.150+0000] {logging_mixin.py:154} INFO - [2023-12-08T21:09:50.150+0000] {dagbag.py:536} INFO - Filling up the DagBag from /home/ubuntu/airflow/dags/etl.py
[2023-12-08T21:09:50.167+0000] {logging_mixin.py:154} WARNING - /usr/local/lib/python3.10/dist-packages/airflow/models/baseoperator.py:437 AirflowProviderDeprecationWarning: Class `SimpleHttpOperator` is deprecated and will be removed in a future release. Please use `HttpOperator` instead.
[2023-12-08T21:09:50.173+0000] {processor.py:839} INFO - DAG(s) dict_keys(['weather_dag']) retrieved from /home/ubuntu/airflow/dags/etl.py
[2023-12-08T21:09:50.269+0000] {logging_mixin.py:154} INFO - [2023-12-08T21:09:50.269+0000] {dag.py:2941} INFO - Sync 1 DAGs
[2023-12-08T21:09:50.287+0000] {logging_mixin.py:154} INFO - [2023-12-08T21:09:50.287+0000] {dag.py:3722} INFO - Setting next_dagrun for weather_dag to 2023-12-08T00:00:00+00:00, run_after=2023-12-09T00:00:00+00:00
[2023-12-08T21:09:50.312+0000] {processor.py:179} INFO - Processing /home/ubuntu/airflow/dags/etl.py took 0.167 seconds
[2023-12-08T21:10:20.403+0000] {processor.py:157} INFO - Started process (PID=10242) to work on /home/ubuntu/airflow/dags/etl.py
[2023-12-08T21:10:20.404+0000] {processor.py:829} INFO - Processing file /home/ubuntu/airflow/dags/etl.py for tasks to queue
[2023-12-08T21:10:20.405+0000] {logging_mixin.py:154} INFO - [2023-12-08T21:10:20.404+0000] {dagbag.py:536} INFO - Filling up the DagBag from /home/ubuntu/airflow/dags/etl.py
[2023-12-08T21:10:20.417+0000] {logging_mixin.py:154} WARNING - /usr/local/lib/python3.10/dist-packages/airflow/models/baseoperator.py:437 AirflowProviderDeprecationWarning: Class `SimpleHttpOperator` is deprecated and will be removed in a future release. Please use `HttpOperator` instead.
[2023-12-08T21:10:20.422+0000] {processor.py:839} INFO - DAG(s) dict_keys(['weather_dag']) retrieved from /home/ubuntu/airflow/dags/etl.py
[2023-12-08T21:10:20.525+0000] {logging_mixin.py:154} INFO - [2023-12-08T21:10:20.525+0000] {dag.py:2941} INFO - Sync 1 DAGs
[2023-12-08T21:10:20.545+0000] {logging_mixin.py:154} INFO - [2023-12-08T21:10:20.545+0000] {dag.py:3722} INFO - Setting next_dagrun for weather_dag to 2023-12-08T00:00:00+00:00, run_after=2023-12-09T00:00:00+00:00
[2023-12-08T21:10:20.584+0000] {processor.py:179} INFO - Processing /home/ubuntu/airflow/dags/etl.py took 0.185 seconds
[2023-12-08T21:10:50.702+0000] {processor.py:157} INFO - Started process (PID=10303) to work on /home/ubuntu/airflow/dags/etl.py
[2023-12-08T21:10:50.703+0000] {processor.py:829} INFO - Processing file /home/ubuntu/airflow/dags/etl.py for tasks to queue
[2023-12-08T21:10:50.704+0000] {logging_mixin.py:154} INFO - [2023-12-08T21:10:50.703+0000] {dagbag.py:536} INFO - Filling up the DagBag from /home/ubuntu/airflow/dags/etl.py
[2023-12-08T21:10:50.721+0000] {logging_mixin.py:154} WARNING - /usr/local/lib/python3.10/dist-packages/airflow/models/baseoperator.py:437 AirflowProviderDeprecationWarning: Class `SimpleHttpOperator` is deprecated and will be removed in a future release. Please use `HttpOperator` instead.
[2023-12-08T21:10:50.728+0000] {processor.py:839} INFO - DAG(s) dict_keys(['weather_dag']) retrieved from /home/ubuntu/airflow/dags/etl.py
[2023-12-08T21:10:50.855+0000] {logging_mixin.py:154} INFO - [2023-12-08T21:10:50.855+0000] {dag.py:2941} INFO - Sync 1 DAGs
[2023-12-08T21:10:50.901+0000] {logging_mixin.py:154} INFO - [2023-12-08T21:10:50.901+0000] {dag.py:3722} INFO - Setting next_dagrun for weather_dag to 2023-12-08T00:00:00+00:00, run_after=2023-12-09T00:00:00+00:00
[2023-12-08T21:10:50.940+0000] {processor.py:179} INFO - Processing /home/ubuntu/airflow/dags/etl.py took 0.241 seconds
[2023-12-08T21:11:21.097+0000] {processor.py:157} INFO - Started process (PID=10312) to work on /home/ubuntu/airflow/dags/etl.py
[2023-12-08T21:11:21.098+0000] {processor.py:829} INFO - Processing file /home/ubuntu/airflow/dags/etl.py for tasks to queue
[2023-12-08T21:11:21.099+0000] {logging_mixin.py:154} INFO - [2023-12-08T21:11:21.098+0000] {dagbag.py:536} INFO - Filling up the DagBag from /home/ubuntu/airflow/dags/etl.py
[2023-12-08T21:11:21.111+0000] {logging_mixin.py:154} WARNING - /usr/local/lib/python3.10/dist-packages/airflow/models/baseoperator.py:437 AirflowProviderDeprecationWarning: Class `SimpleHttpOperator` is deprecated and will be removed in a future release. Please use `HttpOperator` instead.
[2023-12-08T21:11:21.115+0000] {processor.py:839} INFO - DAG(s) dict_keys(['weather_dag']) retrieved from /home/ubuntu/airflow/dags/etl.py
[2023-12-08T21:11:21.223+0000] {logging_mixin.py:154} INFO - [2023-12-08T21:11:21.222+0000] {dag.py:2941} INFO - Sync 1 DAGs
[2023-12-08T21:11:21.243+0000] {logging_mixin.py:154} INFO - [2023-12-08T21:11:21.243+0000] {dag.py:3722} INFO - Setting next_dagrun for weather_dag to 2023-12-08T00:00:00+00:00, run_after=2023-12-09T00:00:00+00:00
[2023-12-08T21:11:21.266+0000] {processor.py:179} INFO - Processing /home/ubuntu/airflow/dags/etl.py took 0.173 seconds
[2023-12-08T21:11:51.385+0000] {processor.py:157} INFO - Started process (PID=10422) to work on /home/ubuntu/airflow/dags/etl.py
[2023-12-08T21:11:51.386+0000] {processor.py:829} INFO - Processing file /home/ubuntu/airflow/dags/etl.py for tasks to queue
[2023-12-08T21:11:51.387+0000] {logging_mixin.py:154} INFO - [2023-12-08T21:11:51.387+0000] {dagbag.py:536} INFO - Filling up the DagBag from /home/ubuntu/airflow/dags/etl.py
[2023-12-08T21:11:51.404+0000] {logging_mixin.py:154} WARNING - /usr/local/lib/python3.10/dist-packages/airflow/models/baseoperator.py:437 AirflowProviderDeprecationWarning: Class `SimpleHttpOperator` is deprecated and will be removed in a future release. Please use `HttpOperator` instead.
[2023-12-08T21:11:51.409+0000] {processor.py:839} INFO - DAG(s) dict_keys(['weather_dag']) retrieved from /home/ubuntu/airflow/dags/etl.py
[2023-12-08T21:11:51.519+0000] {logging_mixin.py:154} INFO - [2023-12-08T21:11:51.519+0000] {dag.py:2941} INFO - Sync 1 DAGs
[2023-12-08T21:11:51.540+0000] {logging_mixin.py:154} INFO - [2023-12-08T21:11:51.540+0000] {dag.py:3722} INFO - Setting next_dagrun for weather_dag to 2023-12-08T00:00:00+00:00, run_after=2023-12-09T00:00:00+00:00
[2023-12-08T21:11:51.566+0000] {processor.py:179} INFO - Processing /home/ubuntu/airflow/dags/etl.py took 0.185 seconds
