*
* Visual Studio Code Server
*
* By using the software, you agree to
* the Visual Studio Code Server License Terms (https://aka.ms/vscode-server-license) and
* the Microsoft Privacy Statement (https://privacy.microsoft.com/en-US/privacystatement).
*
Server bound to 127.0.0.1:36665 (IPv4)
Extension host agent listening on 36665

[20:45:55] 




[20:45:55] Extension host agent started.
[20:45:56] [127.0.0.1][301af34c][ManagementConnection] New connection established.
[20:45:56] [127.0.0.1][289da4c8][ExtensionHostConnection] New connection established.
[20:45:57] [127.0.0.1][289da4c8][ExtensionHostConnection] <972> Launched Extension Host Process.
rejected promise not handled within 1 second: CodeExpectedError: Could not find pty on pty host
stack trace: CodeExpectedError: Could not find pty on pty host
    at L.U (/home/ubuntu/.vscode-server/bin/1a5daa3a0231a0fbba4f14db7ec463cf99d7768e/out/vs/platform/terminal/node/ptyHostMain.js:43:32314)
    at L.updateIcon (/home/ubuntu/.vscode-server/bin/1a5daa3a0231a0fbba4f14db7ec463cf99d7768e/out/vs/platform/terminal/node/ptyHostMain.js:43:27526)
    at W.<computed> (/home/ubuntu/.vscode-server/bin/1a5daa3a0231a0fbba4f14db7ec463cf99d7768e/out/vs/platform/terminal/node/ptyHostMain.js:43:22722)
    at Object.call (/home/ubuntu/.vscode-server/bin/1a5daa3a0231a0fbba4f14db7ec463cf99d7768e/out/vs/platform/terminal/node/ptyHostMain.js:34:5005)
    at c.s (/home/ubuntu/.vscode-server/bin/1a5daa3a0231a0fbba4f14db7ec463cf99d7768e/out/vs/platform/terminal/node/ptyHostMain.js:32:5118)
    at c.q (/home/ubuntu/.vscode-server/bin/1a5daa3a0231a0fbba4f14db7ec463cf99d7768e/out/vs/platform/terminal/node/ptyHostMain.js:32:4641)
    at g.value (/home/ubuntu/.vscode-server/bin/1a5daa3a0231a0fbba4f14db7ec463cf99d7768e/out/vs/platform/terminal/node/ptyHostMain.js:32:4052)
    at r.y (/home/ubuntu/.vscode-server/bin/1a5daa3a0231a0fbba4f14db7ec463cf99d7768e/out/vs/platform/terminal/node/ptyHostMain.js:27:1902)
    at r.fire (/home/ubuntu/.vscode-server/bin/1a5daa3a0231a0fbba4f14db7ec463cf99d7768e/out/vs/platform/terminal/node/ptyHostMain.js:27:2119)
    at process.le (/home/ubuntu/.vscode-server/bin/1a5daa3a0231a0fbba4f14db7ec463cf99d7768e/out/vs/platform/terminal/node/ptyHostMain.js:25:9948)
    at process.emit (node:events:513:28)
    at emit (node:internal/child_process:937:14)
    at process.processTicksAndRejections (node:internal/process/task_queues:83:21)
[20:46:08] Error [CodeExpectedError]: Could not find pty on pty host
    at L.U (/home/ubuntu/.vscode-server/bin/1a5daa3a0231a0fbba4f14db7ec463cf99d7768e/out/vs/platform/terminal/node/ptyHostMain.js:43:32314)
    at L.updateIcon (/home/ubuntu/.vscode-server/bin/1a5daa3a0231a0fbba4f14db7ec463cf99d7768e/out/vs/platform/terminal/node/ptyHostMain.js:43:27526)
    at W.<computed> (/home/ubuntu/.vscode-server/bin/1a5daa3a0231a0fbba4f14db7ec463cf99d7768e/out/vs/platform/terminal/node/ptyHostMain.js:43:22722)
    at Object.call (/home/ubuntu/.vscode-server/bin/1a5daa3a0231a0fbba4f14db7ec463cf99d7768e/out/vs/platform/terminal/node/ptyHostMain.js:34:5005)
    at c.s (/home/ubuntu/.vscode-server/bin/1a5daa3a0231a0fbba4f14db7ec463cf99d7768e/out/vs/platform/terminal/node/ptyHostMain.js:32:5118)
    at c.q (/home/ubuntu/.vscode-server/bin/1a5daa3a0231a0fbba4f14db7ec463cf99d7768e/out/vs/platform/terminal/node/ptyHostMain.js:32:4641)
    at g.value (/home/ubuntu/.vscode-server/bin/1a5daa3a0231a0fbba4f14db7ec463cf99d7768e/out/vs/platform/terminal/node/ptyHostMain.js:32:4052)
    at r.y (/home/ubuntu/.vscode-server/bin/1a5daa3a0231a0fbba4f14db7ec463cf99d7768e/out/vs/platform/terminal/node/ptyHostMain.js:27:1902)
    at r.fire (/home/ubuntu/.vscode-server/bin/1a5daa3a0231a0fbba4f14db7ec463cf99d7768e/out/vs/platform/terminal/node/ptyHostMain.js:27:2119)
    at process.le (/home/ubuntu/.vscode-server/bin/1a5daa3a0231a0fbba4f14db7ec463cf99d7768e/out/vs/platform/terminal/node/ptyHostMain.js:25:9948)
    at process.emit (node:events:513:28)
    at emit (node:internal/child_process:937:14)
    at process.processTicksAndRejections (node:internal/process/task_queues:83:21)
rejected promise not handled within 1 second: CodeExpectedError: Could not find pty on pty host
stack trace: CodeExpectedError: Could not find pty on pty host
    at L.U (/home/ubuntu/.vscode-server/bin/1a5daa3a0231a0fbba4f14db7ec463cf99d7768e/out/vs/platform/terminal/node/ptyHostMain.js:43:32314)
    at L.updateTitle (/home/ubuntu/.vscode-server/bin/1a5daa3a0231a0fbba4f14db7ec463cf99d7768e/out/vs/platform/terminal/node/ptyHostMain.js:43:27475)
    at W.<computed> (/home/ubuntu/.vscode-server/bin/1a5daa3a0231a0fbba4f14db7ec463cf99d7768e/out/vs/platform/terminal/node/ptyHostMain.js:43:22722)
    at Object.call (/home/ubuntu/.vscode-server/bin/1a5daa3a0231a0fbba4f14db7ec463cf99d7768e/out/vs/platform/terminal/node/ptyHostMain.js:34:5005)
    at c.s (/home/ubuntu/.vscode-server/bin/1a5daa3a0231a0fbba4f14db7ec463cf99d7768e/out/vs/platform/terminal/node/ptyHostMain.js:32:5118)
    at c.q (/home/ubuntu/.vscode-server/bin/1a5daa3a0231a0fbba4f14db7ec463cf99d7768e/out/vs/platform/terminal/node/ptyHostMain.js:32:4641)
    at g.value (/home/ubuntu/.vscode-server/bin/1a5daa3a0231a0fbba4f14db7ec463cf99d7768e/out/vs/platform/terminal/node/ptyHostMain.js:32:4052)
    at r.y (/home/ubuntu/.vscode-server/bin/1a5daa3a0231a0fbba4f14db7ec463cf99d7768e/out/vs/platform/terminal/node/ptyHostMain.js:27:1902)
    at r.fire (/home/ubuntu/.vscode-server/bin/1a5daa3a0231a0fbba4f14db7ec463cf99d7768e/out/vs/platform/terminal/node/ptyHostMain.js:27:2119)
    at process.le (/home/ubuntu/.vscode-server/bin/1a5daa3a0231a0fbba4f14db7ec463cf99d7768e/out/vs/platform/terminal/node/ptyHostMain.js:25:9948)
    at process.emit (node:events:513:28)
    at emit (node:internal/child_process:937:14)
    at process.processTicksAndRejections (node:internal/process/task_queues:83:21)
[20:46:08] Error [CodeExpectedError]: Could not find pty on pty host
    at L.U (/home/ubuntu/.vscode-server/bin/1a5daa3a0231a0fbba4f14db7ec463cf99d7768e/out/vs/platform/terminal/node/ptyHostMain.js:43:32314)
    at L.updateTitle (/home/ubuntu/.vscode-server/bin/1a5daa3a0231a0fbba4f14db7ec463cf99d7768e/out/vs/platform/terminal/node/ptyHostMain.js:43:27475)
    at W.<computed> (/home/ubuntu/.vscode-server/bin/1a5daa3a0231a0fbba4f14db7ec463cf99d7768e/out/vs/platform/terminal/node/ptyHostMain.js:43:22722)
    at Object.call (/home/ubuntu/.vscode-server/bin/1a5daa3a0231a0fbba4f14db7ec463cf99d7768e/out/vs/platform/terminal/node/ptyHostMain.js:34:5005)
    at c.s (/home/ubuntu/.vscode-server/bin/1a5daa3a0231a0fbba4f14db7ec463cf99d7768e/out/vs/platform/terminal/node/ptyHostMain.js:32:5118)
    at c.q (/home/ubuntu/.vscode-server/bin/1a5daa3a0231a0fbba4f14db7ec463cf99d7768e/out/vs/platform/terminal/node/ptyHostMain.js:32:4641)
    at g.value (/home/ubuntu/.vscode-server/bin/1a5daa3a0231a0fbba4f14db7ec463cf99d7768e/out/vs/platform/terminal/node/ptyHostMain.js:32:4052)
    at r.y (/home/ubuntu/.vscode-server/bin/1a5daa3a0231a0fbba4f14db7ec463cf99d7768e/out/vs/platform/terminal/node/ptyHostMain.js:27:1902)
    at r.fire (/home/ubuntu/.vscode-server/bin/1a5daa3a0231a0fbba4f14db7ec463cf99d7768e/out/vs/platform/terminal/node/ptyHostMain.js:27:2119)
    at process.le (/home/ubuntu/.vscode-server/bin/1a5daa3a0231a0fbba4f14db7ec463cf99d7768e/out/vs/platform/terminal/node/ptyHostMain.js:25:9948)
    at process.emit (node:events:513:28)
    at emit (node:internal/child_process:937:14)
    at process.processTicksAndRejections (node:internal/process/task_queues:83:21)
rejected promise not handled within 1 second: CodeExpectedError: Could not find pty on pty host
stack trace: CodeExpectedError: Could not find pty on pty host
    at L.U (/home/ubuntu/.vscode-server/bin/1a5daa3a0231a0fbba4f14db7ec463cf99d7768e/out/vs/platform/terminal/node/ptyHostMain.js:43:32314)
    at L.updateTitle (/home/ubuntu/.vscode-server/bin/1a5daa3a0231a0fbba4f14db7ec463cf99d7768e/out/vs/platform/terminal/node/ptyHostMain.js:43:27475)
    at W.<computed> (/home/ubuntu/.vscode-server/bin/1a5daa3a0231a0fbba4f14db7ec463cf99d7768e/out/vs/platform/terminal/node/ptyHostMain.js:43:22722)
    at Object.call (/home/ubuntu/.vscode-server/bin/1a5daa3a0231a0fbba4f14db7ec463cf99d7768e/out/vs/platform/terminal/node/ptyHostMain.js:34:5005)
    at c.s (/home/ubuntu/.vscode-server/bin/1a5daa3a0231a0fbba4f14db7ec463cf99d7768e/out/vs/platform/terminal/node/ptyHostMain.js:32:5118)
    at c.q (/home/ubuntu/.vscode-server/bin/1a5daa3a0231a0fbba4f14db7ec463cf99d7768e/out/vs/platform/terminal/node/ptyHostMain.js:32:4641)
    at g.value (/home/ubuntu/.vscode-server/bin/1a5daa3a0231a0fbba4f14db7ec463cf99d7768e/out/vs/platform/terminal/node/ptyHostMain.js:32:4052)
    at r.y (/home/ubuntu/.vscode-server/bin/1a5daa3a0231a0fbba4f14db7ec463cf99d7768e/out/vs/platform/terminal/node/ptyHostMain.js:27:1902)
    at r.fire (/home/ubuntu/.vscode-server/bin/1a5daa3a0231a0fbba4f14db7ec463cf99d7768e/out/vs/platform/terminal/node/ptyHostMain.js:27:2119)
    at process.le (/home/ubuntu/.vscode-server/bin/1a5daa3a0231a0fbba4f14db7ec463cf99d7768e/out/vs/platform/terminal/node/ptyHostMain.js:25:9948)
    at process.emit (node:events:513:28)
    at emit (node:internal/child_process:937:14)
    at process.processTicksAndRejections (node:internal/process/task_queues:83:21)
[20:46:12] Error [CodeExpectedError]: Could not find pty on pty host
    at L.U (/home/ubuntu/.vscode-server/bin/1a5daa3a0231a0fbba4f14db7ec463cf99d7768e/out/vs/platform/terminal/node/ptyHostMain.js:43:32314)
    at L.updateTitle (/home/ubuntu/.vscode-server/bin/1a5daa3a0231a0fbba4f14db7ec463cf99d7768e/out/vs/platform/terminal/node/ptyHostMain.js:43:27475)
    at W.<computed> (/home/ubuntu/.vscode-server/bin/1a5daa3a0231a0fbba4f14db7ec463cf99d7768e/out/vs/platform/terminal/node/ptyHostMain.js:43:22722)
    at Object.call (/home/ubuntu/.vscode-server/bin/1a5daa3a0231a0fbba4f14db7ec463cf99d7768e/out/vs/platform/terminal/node/ptyHostMain.js:34:5005)
    at c.s (/home/ubuntu/.vscode-server/bin/1a5daa3a0231a0fbba4f14db7ec463cf99d7768e/out/vs/platform/terminal/node/ptyHostMain.js:32:5118)
    at c.q (/home/ubuntu/.vscode-server/bin/1a5daa3a0231a0fbba4f14db7ec463cf99d7768e/out/vs/platform/terminal/node/ptyHostMain.js:32:4641)
    at g.value (/home/ubuntu/.vscode-server/bin/1a5daa3a0231a0fbba4f14db7ec463cf99d7768e/out/vs/platform/terminal/node/ptyHostMain.js:32:4052)
    at r.y (/home/ubuntu/.vscode-server/bin/1a5daa3a0231a0fbba4f14db7ec463cf99d7768e/out/vs/platform/terminal/node/ptyHostMain.js:27:1902)
    at r.fire (/home/ubuntu/.vscode-server/bin/1a5daa3a0231a0fbba4f14db7ec463cf99d7768e/out/vs/platform/terminal/node/ptyHostMain.js:27:2119)
    at process.le (/home/ubuntu/.vscode-server/bin/1a5daa3a0231a0fbba4f14db7ec463cf99d7768e/out/vs/platform/terminal/node/ptyHostMain.js:25:9948)
    at process.emit (node:events:513:28)
    at emit (node:internal/child_process:937:14)
    at process.processTicksAndRejections (node:internal/process/task_queues:83:21)
Got delay-shutdown request while in shutdown timeout, delaying
[20:46:54] Got delay-shutdown request while in shutdown timeout, delaying
Cancelling previous shutdown timeout
[20:46:54] Cancelling previous shutdown timeout
[20:46:56] [127.0.0.1][9c304bb8][ManagementConnection] New connection established.
[20:46:56] [127.0.0.1][e31361e2][ExtensionHostConnection] New connection established.
[20:46:56] [127.0.0.1][e31361e2][ExtensionHostConnection] <1421> Launched Extension Host Process.
rejected promise not handled within 1 second: CodeExpectedError: Could not find pty on pty host
stack trace: CodeExpectedError: Could not find pty on pty host
    at L.U (/home/ubuntu/.vscode-server/bin/1a5daa3a0231a0fbba4f14db7ec463cf99d7768e/out/vs/platform/terminal/node/ptyHostMain.js:43:32314)
    at L.updateIcon (/home/ubuntu/.vscode-server/bin/1a5daa3a0231a0fbba4f14db7ec463cf99d7768e/out/vs/platform/terminal/node/ptyHostMain.js:43:27526)
    at W.<computed> (/home/ubuntu/.vscode-server/bin/1a5daa3a0231a0fbba4f14db7ec463cf99d7768e/out/vs/platform/terminal/node/ptyHostMain.js:43:22722)
    at Object.call (/home/ubuntu/.vscode-server/bin/1a5daa3a0231a0fbba4f14db7ec463cf99d7768e/out/vs/platform/terminal/node/ptyHostMain.js:34:5005)
    at c.s (/home/ubuntu/.vscode-server/bin/1a5daa3a0231a0fbba4f14db7ec463cf99d7768e/out/vs/platform/terminal/node/ptyHostMain.js:32:5118)
    at c.q (/home/ubuntu/.vscode-server/bin/1a5daa3a0231a0fbba4f14db7ec463cf99d7768e/out/vs/platform/terminal/node/ptyHostMain.js:32:4641)
    at g.value (/home/ubuntu/.vscode-server/bin/1a5daa3a0231a0fbba4f14db7ec463cf99d7768e/out/vs/platform/terminal/node/ptyHostMain.js:32:4052)
    at r.y (/home/ubuntu/.vscode-server/bin/1a5daa3a0231a0fbba4f14db7ec463cf99d7768e/out/vs/platform/terminal/node/ptyHostMain.js:27:1902)
    at r.fire (/home/ubuntu/.vscode-server/bin/1a5daa3a0231a0fbba4f14db7ec463cf99d7768e/out/vs/platform/terminal/node/ptyHostMain.js:27:2119)
    at process.le (/home/ubuntu/.vscode-server/bin/1a5daa3a0231a0fbba4f14db7ec463cf99d7768e/out/vs/platform/terminal/node/ptyHostMain.js:25:9948)
    at process.emit (node:events:513:28)
    at emit (node:internal/child_process:937:14)
    at process.processTicksAndRejections (node:internal/process/task_queues:83:21)
[20:47:08] Error [CodeExpectedError]: Could not find pty on pty host
    at L.U (/home/ubuntu/.vscode-server/bin/1a5daa3a0231a0fbba4f14db7ec463cf99d7768e/out/vs/platform/terminal/node/ptyHostMain.js:43:32314)
    at L.updateIcon (/home/ubuntu/.vscode-server/bin/1a5daa3a0231a0fbba4f14db7ec463cf99d7768e/out/vs/platform/terminal/node/ptyHostMain.js:43:27526)
    at W.<computed> (/home/ubuntu/.vscode-server/bin/1a5daa3a0231a0fbba4f14db7ec463cf99d7768e/out/vs/platform/terminal/node/ptyHostMain.js:43:22722)
    at Object.call (/home/ubuntu/.vscode-server/bin/1a5daa3a0231a0fbba4f14db7ec463cf99d7768e/out/vs/platform/terminal/node/ptyHostMain.js:34:5005)
    at c.s (/home/ubuntu/.vscode-server/bin/1a5daa3a0231a0fbba4f14db7ec463cf99d7768e/out/vs/platform/terminal/node/ptyHostMain.js:32:5118)
    at c.q (/home/ubuntu/.vscode-server/bin/1a5daa3a0231a0fbba4f14db7ec463cf99d7768e/out/vs/platform/terminal/node/ptyHostMain.js:32:4641)
    at g.value (/home/ubuntu/.vscode-server/bin/1a5daa3a0231a0fbba4f14db7ec463cf99d7768e/out/vs/platform/terminal/node/ptyHostMain.js:32:4052)
    at r.y (/home/ubuntu/.vscode-server/bin/1a5daa3a0231a0fbba4f14db7ec463cf99d7768e/out/vs/platform/terminal/node/ptyHostMain.js:27:1902)
    at r.fire (/home/ubuntu/.vscode-server/bin/1a5daa3a0231a0fbba4f14db7ec463cf99d7768e/out/vs/platform/terminal/node/ptyHostMain.js:27:2119)
    at process.le (/home/ubuntu/.vscode-server/bin/1a5daa3a0231a0fbba4f14db7ec463cf99d7768e/out/vs/platform/terminal/node/ptyHostMain.js:25:9948)
    at process.emit (node:events:513:28)
    at emit (node:internal/child_process:937:14)
    at process.processTicksAndRejections (node:internal/process/task_queues:83:21)
rejected promise not handled within 1 second: CodeExpectedError: Could not find pty on pty host
stack trace: CodeExpectedError: Could not find pty on pty host
    at L.U (/home/ubuntu/.vscode-server/bin/1a5daa3a0231a0fbba4f14db7ec463cf99d7768e/out/vs/platform/terminal/node/ptyHostMain.js:43:32314)
    at L.updateTitle (/home/ubuntu/.vscode-server/bin/1a5daa3a0231a0fbba4f14db7ec463cf99d7768e/out/vs/platform/terminal/node/ptyHostMain.js:43:27475)
    at W.<computed> (/home/ubuntu/.vscode-server/bin/1a5daa3a0231a0fbba4f14db7ec463cf99d7768e/out/vs/platform/terminal/node/ptyHostMain.js:43:22722)
    at Object.call (/home/ubuntu/.vscode-server/bin/1a5daa3a0231a0fbba4f14db7ec463cf99d7768e/out/vs/platform/terminal/node/ptyHostMain.js:34:5005)
    at c.s (/home/ubuntu/.vscode-server/bin/1a5daa3a0231a0fbba4f14db7ec463cf99d7768e/out/vs/platform/terminal/node/ptyHostMain.js:32:5118)
    at c.q (/home/ubuntu/.vscode-server/bin/1a5daa3a0231a0fbba4f14db7ec463cf99d7768e/out/vs/platform/terminal/node/ptyHostMain.js:32:4641)
    at g.value (/home/ubuntu/.vscode-server/bin/1a5daa3a0231a0fbba4f14db7ec463cf99d7768e/out/vs/platform/terminal/node/ptyHostMain.js:32:4052)
    at r.y (/home/ubuntu/.vscode-server/bin/1a5daa3a0231a0fbba4f14db7ec463cf99d7768e/out/vs/platform/terminal/node/ptyHostMain.js:27:1902)
    at r.fire (/home/ubuntu/.vscode-server/bin/1a5daa3a0231a0fbba4f14db7ec463cf99d7768e/out/vs/platform/terminal/node/ptyHostMain.js:27:2119)
    at process.le (/home/ubuntu/.vscode-server/bin/1a5daa3a0231a0fbba4f14db7ec463cf99d7768e/out/vs/platform/terminal/node/ptyHostMain.js:25:9948)
    at process.emit (node:events:513:28)
    at emit (node:internal/child_process:937:14)
    at process.processTicksAndRejections (node:internal/process/task_queues:83:21)
[20:47:08] Error [CodeExpectedError]: Could not find pty on pty host
    at L.U (/home/ubuntu/.vscode-server/bin/1a5daa3a0231a0fbba4f14db7ec463cf99d7768e/out/vs/platform/terminal/node/ptyHostMain.js:43:32314)
    at L.updateTitle (/home/ubuntu/.vscode-server/bin/1a5daa3a0231a0fbba4f14db7ec463cf99d7768e/out/vs/platform/terminal/node/ptyHostMain.js:43:27475)
    at W.<computed> (/home/ubuntu/.vscode-server/bin/1a5daa3a0231a0fbba4f14db7ec463cf99d7768e/out/vs/platform/terminal/node/ptyHostMain.js:43:22722)
    at Object.call (/home/ubuntu/.vscode-server/bin/1a5daa3a0231a0fbba4f14db7ec463cf99d7768e/out/vs/platform/terminal/node/ptyHostMain.js:34:5005)
    at c.s (/home/ubuntu/.vscode-server/bin/1a5daa3a0231a0fbba4f14db7ec463cf99d7768e/out/vs/platform/terminal/node/ptyHostMain.js:32:5118)
    at c.q (/home/ubuntu/.vscode-server/bin/1a5daa3a0231a0fbba4f14db7ec463cf99d7768e/out/vs/platform/terminal/node/ptyHostMain.js:32:4641)
    at g.value (/home/ubuntu/.vscode-server/bin/1a5daa3a0231a0fbba4f14db7ec463cf99d7768e/out/vs/platform/terminal/node/ptyHostMain.js:32:4052)
    at r.y (/home/ubuntu/.vscode-server/bin/1a5daa3a0231a0fbba4f14db7ec463cf99d7768e/out/vs/platform/terminal/node/ptyHostMain.js:27:1902)
    at r.fire (/home/ubuntu/.vscode-server/bin/1a5daa3a0231a0fbba4f14db7ec463cf99d7768e/out/vs/platform/terminal/node/ptyHostMain.js:27:2119)
    at process.le (/home/ubuntu/.vscode-server/bin/1a5daa3a0231a0fbba4f14db7ec463cf99d7768e/out/vs/platform/terminal/node/ptyHostMain.js:25:9948)
    at process.emit (node:events:513:28)
    at emit (node:internal/child_process:937:14)
    at process.processTicksAndRejections (node:internal/process/task_queues:83:21)
rejected promise not handled within 1 second: CodeExpectedError: Could not find pty on pty host
stack trace: CodeExpectedError: Could not find pty on pty host
    at L.U (/home/ubuntu/.vscode-server/bin/1a5daa3a0231a0fbba4f14db7ec463cf99d7768e/out/vs/platform/terminal/node/ptyHostMain.js:43:32314)
    at L.updateTitle (/home/ubuntu/.vscode-server/bin/1a5daa3a0231a0fbba4f14db7ec463cf99d7768e/out/vs/platform/terminal/node/ptyHostMain.js:43:27475)
    at W.<computed> (/home/ubuntu/.vscode-server/bin/1a5daa3a0231a0fbba4f14db7ec463cf99d7768e/out/vs/platform/terminal/node/ptyHostMain.js:43:22722)
    at Object.call (/home/ubuntu/.vscode-server/bin/1a5daa3a0231a0fbba4f14db7ec463cf99d7768e/out/vs/platform/terminal/node/ptyHostMain.js:34:5005)
    at c.s (/home/ubuntu/.vscode-server/bin/1a5daa3a0231a0fbba4f14db7ec463cf99d7768e/out/vs/platform/terminal/node/ptyHostMain.js:32:5118)
    at c.q (/home/ubuntu/.vscode-server/bin/1a5daa3a0231a0fbba4f14db7ec463cf99d7768e/out/vs/platform/terminal/node/ptyHostMain.js:32:4641)
    at g.value (/home/ubuntu/.vscode-server/bin/1a5daa3a0231a0fbba4f14db7ec463cf99d7768e/out/vs/platform/terminal/node/ptyHostMain.js:32:4052)
    at r.y (/home/ubuntu/.vscode-server/bin/1a5daa3a0231a0fbba4f14db7ec463cf99d7768e/out/vs/platform/terminal/node/ptyHostMain.js:27:1902)
    at r.fire (/home/ubuntu/.vscode-server/bin/1a5daa3a0231a0fbba4f14db7ec463cf99d7768e/out/vs/platform/terminal/node/ptyHostMain.js:27:2119)
    at process.le (/home/ubuntu/.vscode-server/bin/1a5daa3a0231a0fbba4f14db7ec463cf99d7768e/out/vs/platform/terminal/node/ptyHostMain.js:25:9948)
    at process.emit (node:events:513:28)
    at emit (node:internal/child_process:937:14)
    at process.processTicksAndRejections (node:internal/process/task_queues:83:21)
[20:47:13] Error [CodeExpectedError]: Could not find pty on pty host
    at L.U (/home/ubuntu/.vscode-server/bin/1a5daa3a0231a0fbba4f14db7ec463cf99d7768e/out/vs/platform/terminal/node/ptyHostMain.js:43:32314)
    at L.updateTitle (/home/ubuntu/.vscode-server/bin/1a5daa3a0231a0fbba4f14db7ec463cf99d7768e/out/vs/platform/terminal/node/ptyHostMain.js:43:27475)
    at W.<computed> (/home/ubuntu/.vscode-server/bin/1a5daa3a0231a0fbba4f14db7ec463cf99d7768e/out/vs/platform/terminal/node/ptyHostMain.js:43:22722)
    at Object.call (/home/ubuntu/.vscode-server/bin/1a5daa3a0231a0fbba4f14db7ec463cf99d7768e/out/vs/platform/terminal/node/ptyHostMain.js:34:5005)
    at c.s (/home/ubuntu/.vscode-server/bin/1a5daa3a0231a0fbba4f14db7ec463cf99d7768e/out/vs/platform/terminal/node/ptyHostMain.js:32:5118)
    at c.q (/home/ubuntu/.vscode-server/bin/1a5daa3a0231a0fbba4f14db7ec463cf99d7768e/out/vs/platform/terminal/node/ptyHostMain.js:32:4641)
    at g.value (/home/ubuntu/.vscode-server/bin/1a5daa3a0231a0fbba4f14db7ec463cf99d7768e/out/vs/platform/terminal/node/ptyHostMain.js:32:4052)
    at r.y (/home/ubuntu/.vscode-server/bin/1a5daa3a0231a0fbba4f14db7ec463cf99d7768e/out/vs/platform/terminal/node/ptyHostMain.js:27:1902)
    at r.fire (/home/ubuntu/.vscode-server/bin/1a5daa3a0231a0fbba4f14db7ec463cf99d7768e/out/vs/platform/terminal/node/ptyHostMain.js:27:2119)
    at process.le (/home/ubuntu/.vscode-server/bin/1a5daa3a0231a0fbba4f14db7ec463cf99d7768e/out/vs/platform/terminal/node/ptyHostMain.js:25:9948)
    at process.emit (node:events:513:28)
    at emit (node:internal/child_process:937:14)
    at process.processTicksAndRejections (node:internal/process/task_queues:83:21)
New EH opened, aborting shutdown
[20:51:54] New EH opened, aborting shutdown
[20:51:56] [127.0.0.1][289da4c8][ExtensionHostConnection] <972> Extension Host Process exited with code: 0, signal: null.
